<?xml version="1.0" encoding="UTF-8"?>
<testsuite name="Results (powered by Planemo)"
           tests="44"
           errors="19"
           failures="5"
           skip="0">
    
    <testcase classname="bcftools_consensus (Test #1)" name="0" time="80.9914162158966">
        
            
            <system-out><![CDATA[
            
            ]]></system-out>
            <system-err><![CDATA[
            Note: the --sample option not given, applying all records regardless of the genotypeThe site 1:5 overlaps with another variant, skipping...Applied 12 variants
            ]]></system-err>
        
    </testcase>
    
    <testcase classname="bcftools_consensus (Test #2)" name="1" time="">
        
            <error type="error" message=""><![CDATA[
                { "status": "skip", "test_index": 1, "tool_id": "bcftools_consensus", "tool_version": "1.15.1+galaxy4"}
            ]]></error>
        
    </testcase>
    
    <testcase classname="bcftools_consensus (Test #3)" name="2" time="29.02020835876465">
        
            
                <error type="error" message="Tool exit code: None"><![CDATA[
                    { "inputs": {  "chain": false,  "input_file": {   "id": "e2a019d80cc0bc19",   "src": "hda"  },  "reference_source|fasta_ref": {   "id": "7e824b567b9e9db7",   "src": "hda"  },  "reference_source|reference_source_selector": "history",  "rename": true,  "sec_default|mask": {   "id": "b514104a6f33eb96",   "src": "hda"  } }, "job": {  "command_line": "export BCFTOOLS_PLUGINS=`which bcftools | sed \u0027s,bin/bcftools,libexec/bcftools,\u0027`;     bgzip -c \u0027/galaxy/server/database/objects/c/8/b/dataset_c8b5a9fc-2b82-465b-b343-de2a52fe0338.dat\u0027 \u003e input.vcf.gz \u0026\u0026 bcftools index input.vcf.gz \u0026\u0026     ln -s \u0027/galaxy/server/database/objects/8/3/9/dataset_8390711d-bb30-4fbd-83dd-3afb0feda886.dat\u0027 ref.fa \u0026\u0026 samtools faidx ref.fa \u0026\u0026    bcftools consensus   --fasta-ref ref.fa      --mask \u0027/galaxy/server/database/objects/c/7/8/dataset_c784c9e2-8769-4709-abdc-9498f64c930e.dat\u0027                input.vcf.gz  | awk \u0027BEGIN {i=1} {if (match($0, /^\u003e/)) {if (i==1) {name=\"consensus.vcf\"} else {name=sprintf(\"%s-%d\",\"consensus.vcf\",i);} print(gensub(/\u003e[^ ]+( ?.*)/, \"\u003e\" name \"\\\\1\", 1)); i=i+1;} else {print}}\u0027 \u003e \u0027/galaxy/server/database/objects/5/1/d/dataset_51ddb555-b737-49c2-b887-13eccd54a3b3.dat\u0027",  "command_version": null,  "copied_from_job_id": null,  "create_time": "2025-12-02T01:00:46.497655",  "dependencies": [],  "exit_code": null,  "external_id": "gxy-ltlq2",  "galaxy_version": "24.1",  "handler": null,  "history_id": "90f6b4d9c1001af1",  "id": "b514104a6f33eb96",  "inputs": {   "input_file": {    "id": "e2a019d80cc0bc19",    "src": "hda",    "uuid": "c8b5a9fc-2b82-465b-b343-de2a52fe0338"   },   "reference_source|fasta_ref": {    "id": "7e824b567b9e9db7",    "src": "hda",    "uuid": "8390711d-bb30-4fbd-83dd-3afb0feda886"   },   "sec_default|mask": {    "id": "b514104a6f33eb96",    "src": "hda",    "uuid": "c784c9e2-8769-4709-abdc-9498f64c930e"   }  },  "job_messages": null,  "job_metrics": [],  "job_runner_name": null,  "job_stderr": null,  "job_stdout": null,  "model_class": "Job",  "output_collections": {},  "outputs": {   "output_file": {    "id": "583cbd04fb3dfbab",    "src": "hda",    "uuid": "51ddb555-b737-49c2-b887-13eccd54a3b3"   }  },  "params": {   "__input_ext": "\"input\"",   "absent": "\"\"",   "chain": "false",   "chromInfo": "\"/cvmfs/data.galaxyproject.org/managed/len/ucsc/?.len\"",   "dbkey": "\"?\"",   "reference_source": "{\"__current_case__\": 1, \"fasta_ref\": {\"values\": [{\"id\": 7, \"src\": \"hda\"}]}, \"reference_source_selector\": \"history\"}",   "rename": "true",   "sec_default": "{\"conditional_mask\": {\"__current_case__\": 0, \"selector\": \"disabled\"}, \"iupac_codes\": false, \"mark_del\": \"\", \"mark_ins\": null, \"mark_snv\": null, \"mask\": {\"values\": [{\"id\": 8, \"src\": \"hda\"}]}, \"sample\": null, \"select_haplotype\": null}",   "sec_restrict": "{\"exclude\": null, \"include\": null}"  },  "state": "error",  "stderr": "Note: the --sample option not given, applying all records regardless of the genotype\nThe site 1:5 overlaps with another variant, skipping...\nApplied 12 variants\n",  "stdout": "",  "tool_id": "toolshed.g2.bx.psu.edu/repos/iuc/bcftools_consensus/bcftools_consensus/1.15.1+galaxy4",  "tool_stderr": "Note: the --sample option not given, applying all records regardless of the genotype\nThe site 1:5 overlaps with another variant, skipping...\nApplied 12 variants\n",  "tool_stdout": "",  "update_time": "2025-12-02T01:00:52.069086",  "user_email": "tests@fake.org" }, "output_problems": [  "Job in error state.. tool_id: toolshed.g2.bx.psu.edu/repos/iuc/bcftools_consensus/bcftools_consensus/1.15.1+galaxy4, exit_code: None, stderr: Note: the --sample option not given, applying all records regardless of the genotype\nThe site 1:5 overlaps with another variant, skipping...\nApplied 12 variants\n.",  "Job in error state.. tool_id: toolshed.g2.bx.psu.edu/repos/iuc/bcftools_consensus/bcftools_consensus/1.15.1+galaxy4, exit_code: None, stderr: Note: the --sample option not given, applying all records regardless of the genotype\nThe site 1:5 overlaps with another variant, skipping...\nApplied 12 variants\n." ], "status": "failure", "test_index": 2, "time_seconds": 29.02020835876465, "tool_id": "bcftools_consensus", "tool_version": "1.15.1+galaxy4"}
                ]]></error>
            
            <system-out><![CDATA[
            
            ]]></system-out>
            <system-err><![CDATA[
            Note: the --sample option not given, applying all records regardless of the genotypeThe site 1:5 overlaps with another variant, skipping...Applied 12 variants
            ]]></system-err>
        
    </testcase>
    
    <testcase classname="bcftools_consensus (Test #4)" name="3" time="31.139776706695557">
        
            
            <system-out><![CDATA[
            
            ]]></system-out>
            <system-err><![CDATA[
            Note: the --sample option not given, applying all records regardless of the genotypeThe site 1:5 overlaps with another variant, skipping...Applied 6 variants
            ]]></system-err>
        
    </testcase>
    
    <testcase classname="bcftools_consensus (Test #5)" name="4" time="30.17957830429077">
        
            
            <system-out><![CDATA[
            
            ]]></system-out>
            <system-err><![CDATA[
            Note: the --sample option not given, applying all records regardless of the genotypeThe site 1:5 overlaps with another variant, skipping...Applied 6 variants
            ]]></system-err>
        
    </testcase>
    
    <testcase classname="bcftools_consensus (Test #6)" name="5" time="24.45542621612549">
        
            
                <error type="error" message="Tool exit code: None"><![CDATA[
                    { "inputs": {  "input_file": {   "id": "4a4d57171fa50547",   "src": "hda"  },  "reference_source|fasta_ref": {   "id": "adf833ded3336415",   "src": "hda"  },  "reference_source|reference_source_selector": "history",  "sec_default|mark_del": "DEL",  "sec_default|mark_ins": "uc",  "sec_default|mark_snv": "uc",  "sec_restrict|include": "TYPE=\"snp\"" }, "job": {  "command_line": "export BCFTOOLS_PLUGINS=`which bcftools | sed \u0027s,bin/bcftools,libexec/bcftools,\u0027`;     bgzip -c \u0027/galaxy/server/database/objects/8/0/9/dataset_80961c58-158b-4ede-a1b9-03dcd84f6603.dat\u0027 \u003e input.vcf.gz \u0026\u0026 bcftools index input.vcf.gz \u0026\u0026     ln -s \u0027/galaxy/server/database/objects/1/8/2/dataset_1829c6ba-0e8b-4a58-912f-c0310e4486cb.dat\u0027 ref.fa \u0026\u0026 samtools faidx ref.fa \u0026\u0026    bcftools consensus   --fasta-ref ref.fa       --mark-del \u0027DEL\u0027  --mark-ins uc  --mark-snv uc      --include \u0027TYPE=\"snp\"\u0027       --output \u0027/galaxy/server/database/objects/7/a/6/dataset_7a6e13fb-71a9-4ce9-8434-4d42bd9146b7.dat\u0027  input.vcf.gz",  "command_version": null,  "copied_from_job_id": null,  "create_time": "2025-12-02T01:02:12.490306",  "dependencies": [],  "exit_code": null,  "external_id": "gxy-cfqpm",  "galaxy_version": "24.1",  "handler": null,  "history_id": "90f6b4d9c1001af1",  "id": "adf833ded3336415",  "inputs": {   "input_file": {    "id": "4a4d57171fa50547",    "src": "hda",    "uuid": "80961c58-158b-4ede-a1b9-03dcd84f6603"   },   "reference_source|fasta_ref": {    "id": "adf833ded3336415",    "src": "hda",    "uuid": "1829c6ba-0e8b-4a58-912f-c0310e4486cb"   }  },  "job_messages": null,  "job_metrics": [],  "job_runner_name": null,  "job_stderr": null,  "job_stdout": null,  "model_class": "Job",  "output_collections": {},  "outputs": {   "output_file": {    "id": "ab06129b2dfc369d",    "src": "hda",    "uuid": "7a6e13fb-71a9-4ce9-8434-4d42bd9146b7"   }  },  "params": {   "__input_ext": "\"input\"",   "absent": "\"\"",   "chain": "false",   "chromInfo": "\"/cvmfs/data.galaxyproject.org/managed/len/ucsc/?.len\"",   "dbkey": "\"?\"",   "reference_source": "{\"__current_case__\": 1, \"fasta_ref\": {\"values\": [{\"id\": 17, \"src\": \"hda\"}]}, \"reference_source_selector\": \"history\"}",   "rename": "false",   "sec_default": "{\"conditional_mask\": {\"__current_case__\": 0, \"selector\": \"disabled\"}, \"iupac_codes\": false, \"mark_del\": \"DEL\", \"mark_ins\": \"uc\", \"mark_snv\": \"uc\", \"mask\": null, \"sample\": null, \"select_haplotype\": null}",   "sec_restrict": "{\"exclude\": null, \"include\": \"TYPE=\\\"snp\\\"\"}"  },  "state": "error",  "stderr": "Note: the --sample option not given, applying all records regardless of the genotype\nThe site 1:5 overlaps with another variant, skipping...\nApplied 6 variants\n",  "stdout": "",  "tool_id": "toolshed.g2.bx.psu.edu/repos/iuc/bcftools_consensus/bcftools_consensus/1.15.1+galaxy4",  "tool_stderr": "Note: the --sample option not given, applying all records regardless of the genotype\nThe site 1:5 overlaps with another variant, skipping...\nApplied 6 variants\n",  "tool_stdout": "",  "update_time": "2025-12-02T01:02:18.115343",  "user_email": "tests@fake.org" }, "output_problems": [  "Job in error state.. tool_id: toolshed.g2.bx.psu.edu/repos/iuc/bcftools_consensus/bcftools_consensus/1.15.1+galaxy4, exit_code: None, stderr: Note: the --sample option not given, applying all records regardless of the genotype\nThe site 1:5 overlaps with another variant, skipping...\nApplied 6 variants\n.",  "Job in error state.. tool_id: toolshed.g2.bx.psu.edu/repos/iuc/bcftools_consensus/bcftools_consensus/1.15.1+galaxy4, exit_code: None, stderr: Note: the --sample option not given, applying all records regardless of the genotype\nThe site 1:5 overlaps with another variant, skipping...\nApplied 6 variants\n." ], "status": "failure", "test_index": 5, "time_seconds": 24.45542621612549, "tool_id": "bcftools_consensus", "tool_version": "1.15.1+galaxy4"}
                ]]></error>
            
            <system-out><![CDATA[
            
            ]]></system-out>
            <system-err><![CDATA[
            Note: the --sample option not given, applying all records regardless of the genotypeThe site 1:5 overlaps with another variant, skipping...Applied 6 variants
            ]]></system-err>
        
    </testcase>
    
    <testcase classname="bcftools_plugin_impute_info (Test #1)" name="0" time="35.8026065826416">
        
            
            <system-out><![CDATA[
            
            ]]></system-out>
            <system-err><![CDATA[
            [impute-info.c] Warning: info tag not added to sites that are not biallelic diploidLines total/info-added/unchanged-no-tag/unchanged-not-biallelic-diploid:33/32/0/1
            ]]></system-err>
        
    </testcase>
    
    <testcase classname="bcftools_query (Test #1)" name="0" time="30.19873595237732">
        
            
            <system-out><![CDATA[
            
            ]]></system-out>
            <system-err><![CDATA[
            
            ]]></system-err>
        
    </testcase>
    
    <testcase classname="bcftools_query (Test #2)" name="1" time="29.1028733253479">
        
            
            <system-out><![CDATA[
            
            ]]></system-out>
            <system-err><![CDATA[
            
            ]]></system-err>
        
    </testcase>
    
    <testcase classname="deeptools_multi_bam_summary (Test #1)" name="0" time="52.480387449264526">
        
            
            <system-out><![CDATA[
            
            ]]></system-out>
            <system-err><![CDATA[
            Number of bins found: 1657
            ]]></system-err>
        
    </testcase>
    
    <testcase classname="deeptools_multi_bam_summary (Test #2)" name="1" time="30.660581827163696">
        
            
            <system-out><![CDATA[
            
            ]]></system-out>
            <system-err><![CDATA[
            Number of bins found: 3
            ]]></system-err>
        
    </testcase>
    
    <testcase classname="fastq_manipulation (Test #1)" name="0" time="0.1304934024810791">
        
            <error type="error" message="Input staging problem: Traceback (most recent call last):
  File "/opt/hostedtoolcache/Python/3.12.12/x64/lib/python3.12/site-packages/galaxy/tool_util/verify/interactor.py", line 1436, in verify_tool
    stage_data_in_history(
  File "/opt/hostedtoolcache/Python/3.12.12/x64/lib/python3.12/site-packages/galaxy/tool_util/verify/interactor.py", line 163, in stage_data_in_history
    test_dict = galaxy_interactor.remote_to_input(
                ^^^^^^^^^^^^^^^^^^^^^^^^^^^^^^^^^^
  File "/opt/hostedtoolcache/Python/3.12.12/x64/lib/python3.12/site-packages/galaxy/tool_util/verify/interactor.py", line 582, in remote_to_input
    path_or_location = self._get_path_or_location(
                       ^^^^^^^^^^^^^^^^^^^^^^^^^^^
  File "/opt/hostedtoolcache/Python/3.12.12/x64/lib/python3.12/site-packages/galaxy/tool_util/verify/interactor.py", line 619, in _get_path_or_location
    path = self.test_data_download(
           ^^^^^^^^^^^^^^^^^^^^^^^^
  File "/opt/hostedtoolcache/Python/3.12.12/x64/lib/python3.12/site-packages/galaxy/tool_util/verify/interactor.py", line 525, in test_data_download
    raise AssertionError(f"Test input file ({filename}) cannot be found.")
AssertionError: Test input file (sanger_full_range_original_sanger.fastqsanger) cannot be found.
"><![CDATA[
                { "execution_problem": "Input staging problem: Traceback (most recent call last):\n  File \"/opt/hostedtoolcache/Python/3.12.12/x64/lib/python3.12/site-packages/galaxy/tool_util/verify/interactor.py\", line 1436, in verify_tool\n    stage_data_in_history(\n  File \"/opt/hostedtoolcache/Python/3.12.12/x64/lib/python3.12/site-packages/galaxy/tool_util/verify/interactor.py\", line 163, in stage_data_in_history\n    test_dict = galaxy_interactor.remote_to_input(\n                ^^^^^^^^^^^^^^^^^^^^^^^^^^^^^^^^^^\n  File \"/opt/hostedtoolcache/Python/3.12.12/x64/lib/python3.12/site-packages/galaxy/tool_util/verify/interactor.py\", line 582, in remote_to_input\n    path_or_location = self._get_path_or_location(\n                       ^^^^^^^^^^^^^^^^^^^^^^^^^^^\n  File \"/opt/hostedtoolcache/Python/3.12.12/x64/lib/python3.12/site-packages/galaxy/tool_util/verify/interactor.py\", line 619, in _get_path_or_location\n    path = self.test_data_download(\n           ^^^^^^^^^^^^^^^^^^^^^^^^\n  File \"/opt/hostedtoolcache/Python/3.12.12/x64/lib/python3.12/site-packages/galaxy/tool_util/verify/interactor.py\", line 525, in test_data_download\n    raise AssertionError(f\"Test input file ({filename}) cannot be found.\")\nAssertionError: Test input file (sanger_full_range_original_sanger.fastqsanger) cannot be found.\n", "status": "error", "test_index": 0, "time_seconds": 0.1304934024810791, "tool_id": "fastq_manipulation", "tool_version": "1.1.5+galaxy2"}
            ]]></error>
        
    </testcase>
    
    <testcase classname="fastq_manipulation (Test #2)" name="1" time="0.07033252716064453">
        
            <error type="error" message="Input staging problem: Traceback (most recent call last):
  File "/opt/hostedtoolcache/Python/3.12.12/x64/lib/python3.12/site-packages/galaxy/tool_util/verify/interactor.py", line 1436, in verify_tool
    stage_data_in_history(
  File "/opt/hostedtoolcache/Python/3.12.12/x64/lib/python3.12/site-packages/galaxy/tool_util/verify/interactor.py", line 163, in stage_data_in_history
    test_dict = galaxy_interactor.remote_to_input(
                ^^^^^^^^^^^^^^^^^^^^^^^^^^^^^^^^^^
  File "/opt/hostedtoolcache/Python/3.12.12/x64/lib/python3.12/site-packages/galaxy/tool_util/verify/interactor.py", line 582, in remote_to_input
    path_or_location = self._get_path_or_location(
                       ^^^^^^^^^^^^^^^^^^^^^^^^^^^
  File "/opt/hostedtoolcache/Python/3.12.12/x64/lib/python3.12/site-packages/galaxy/tool_util/verify/interactor.py", line 619, in _get_path_or_location
    path = self.test_data_download(
           ^^^^^^^^^^^^^^^^^^^^^^^^
  File "/opt/hostedtoolcache/Python/3.12.12/x64/lib/python3.12/site-packages/galaxy/tool_util/verify/interactor.py", line 525, in test_data_download
    raise AssertionError(f"Test input file ({filename}) cannot be found.")
AssertionError: Test input file (sanger_full_range_original_sanger.fastqsanger) cannot be found.
"><![CDATA[
                { "execution_problem": "Input staging problem: Traceback (most recent call last):\n  File \"/opt/hostedtoolcache/Python/3.12.12/x64/lib/python3.12/site-packages/galaxy/tool_util/verify/interactor.py\", line 1436, in verify_tool\n    stage_data_in_history(\n  File \"/opt/hostedtoolcache/Python/3.12.12/x64/lib/python3.12/site-packages/galaxy/tool_util/verify/interactor.py\", line 163, in stage_data_in_history\n    test_dict = galaxy_interactor.remote_to_input(\n                ^^^^^^^^^^^^^^^^^^^^^^^^^^^^^^^^^^\n  File \"/opt/hostedtoolcache/Python/3.12.12/x64/lib/python3.12/site-packages/galaxy/tool_util/verify/interactor.py\", line 582, in remote_to_input\n    path_or_location = self._get_path_or_location(\n                       ^^^^^^^^^^^^^^^^^^^^^^^^^^^\n  File \"/opt/hostedtoolcache/Python/3.12.12/x64/lib/python3.12/site-packages/galaxy/tool_util/verify/interactor.py\", line 619, in _get_path_or_location\n    path = self.test_data_download(\n           ^^^^^^^^^^^^^^^^^^^^^^^^\n  File \"/opt/hostedtoolcache/Python/3.12.12/x64/lib/python3.12/site-packages/galaxy/tool_util/verify/interactor.py\", line 525, in test_data_download\n    raise AssertionError(f\"Test input file ({filename}) cannot be found.\")\nAssertionError: Test input file (sanger_full_range_original_sanger.fastqsanger) cannot be found.\n", "status": "error", "test_index": 1, "time_seconds": 0.07033252716064453, "tool_id": "fastq_manipulation", "tool_version": "1.1.5+galaxy2"}
            ]]></error>
        
    </testcase>
    
    <testcase classname="fastq_manipulation (Test #11)" name="10" time="0.06875038146972656">
        
            <error type="error" message="Input staging problem: Traceback (most recent call last):
  File "/opt/hostedtoolcache/Python/3.12.12/x64/lib/python3.12/site-packages/galaxy/tool_util/verify/interactor.py", line 1436, in verify_tool
    stage_data_in_history(
  File "/opt/hostedtoolcache/Python/3.12.12/x64/lib/python3.12/site-packages/galaxy/tool_util/verify/interactor.py", line 163, in stage_data_in_history
    test_dict = galaxy_interactor.remote_to_input(
                ^^^^^^^^^^^^^^^^^^^^^^^^^^^^^^^^^^
  File "/opt/hostedtoolcache/Python/3.12.12/x64/lib/python3.12/site-packages/galaxy/tool_util/verify/interactor.py", line 582, in remote_to_input
    path_or_location = self._get_path_or_location(
                       ^^^^^^^^^^^^^^^^^^^^^^^^^^^
  File "/opt/hostedtoolcache/Python/3.12.12/x64/lib/python3.12/site-packages/galaxy/tool_util/verify/interactor.py", line 619, in _get_path_or_location
    path = self.test_data_download(
           ^^^^^^^^^^^^^^^^^^^^^^^^
  File "/opt/hostedtoolcache/Python/3.12.12/x64/lib/python3.12/site-packages/galaxy/tool_util/verify/interactor.py", line 525, in test_data_download
    raise AssertionError(f"Test input file ({filename}) cannot be found.")
AssertionError: Test input file (sanger_full_range_rev_comp_1_seq.fastqsanger) cannot be found.
"><![CDATA[
                { "execution_problem": "Input staging problem: Traceback (most recent call last):\n  File \"/opt/hostedtoolcache/Python/3.12.12/x64/lib/python3.12/site-packages/galaxy/tool_util/verify/interactor.py\", line 1436, in verify_tool\n    stage_data_in_history(\n  File \"/opt/hostedtoolcache/Python/3.12.12/x64/lib/python3.12/site-packages/galaxy/tool_util/verify/interactor.py\", line 163, in stage_data_in_history\n    test_dict = galaxy_interactor.remote_to_input(\n                ^^^^^^^^^^^^^^^^^^^^^^^^^^^^^^^^^^\n  File \"/opt/hostedtoolcache/Python/3.12.12/x64/lib/python3.12/site-packages/galaxy/tool_util/verify/interactor.py\", line 582, in remote_to_input\n    path_or_location = self._get_path_or_location(\n                       ^^^^^^^^^^^^^^^^^^^^^^^^^^^\n  File \"/opt/hostedtoolcache/Python/3.12.12/x64/lib/python3.12/site-packages/galaxy/tool_util/verify/interactor.py\", line 619, in _get_path_or_location\n    path = self.test_data_download(\n           ^^^^^^^^^^^^^^^^^^^^^^^^\n  File \"/opt/hostedtoolcache/Python/3.12.12/x64/lib/python3.12/site-packages/galaxy/tool_util/verify/interactor.py\", line 525, in test_data_download\n    raise AssertionError(f\"Test input file ({filename}) cannot be found.\")\nAssertionError: Test input file (sanger_full_range_rev_comp_1_seq.fastqsanger) cannot be found.\n", "status": "error", "test_index": 10, "time_seconds": 0.06875038146972656, "tool_id": "fastq_manipulation", "tool_version": "1.1.5+galaxy2"}
            ]]></error>
        
    </testcase>
    
    <testcase classname="fastq_manipulation (Test #12)" name="11" time="0.06914854049682617">
        
            <error type="error" message="Input staging problem: Traceback (most recent call last):
  File "/opt/hostedtoolcache/Python/3.12.12/x64/lib/python3.12/site-packages/galaxy/tool_util/verify/interactor.py", line 1436, in verify_tool
    stage_data_in_history(
  File "/opt/hostedtoolcache/Python/3.12.12/x64/lib/python3.12/site-packages/galaxy/tool_util/verify/interactor.py", line 163, in stage_data_in_history
    test_dict = galaxy_interactor.remote_to_input(
                ^^^^^^^^^^^^^^^^^^^^^^^^^^^^^^^^^^
  File "/opt/hostedtoolcache/Python/3.12.12/x64/lib/python3.12/site-packages/galaxy/tool_util/verify/interactor.py", line 582, in remote_to_input
    path_or_location = self._get_path_or_location(
                       ^^^^^^^^^^^^^^^^^^^^^^^^^^^
  File "/opt/hostedtoolcache/Python/3.12.12/x64/lib/python3.12/site-packages/galaxy/tool_util/verify/interactor.py", line 619, in _get_path_or_location
    path = self.test_data_download(
           ^^^^^^^^^^^^^^^^^^^^^^^^
  File "/opt/hostedtoolcache/Python/3.12.12/x64/lib/python3.12/site-packages/galaxy/tool_util/verify/interactor.py", line 525, in test_data_download
    raise AssertionError(f"Test input file ({filename}) cannot be found.")
AssertionError: Test input file (sanger_full_range_original_sanger.fastqsanger) cannot be found.
"><![CDATA[
                { "execution_problem": "Input staging problem: Traceback (most recent call last):\n  File \"/opt/hostedtoolcache/Python/3.12.12/x64/lib/python3.12/site-packages/galaxy/tool_util/verify/interactor.py\", line 1436, in verify_tool\n    stage_data_in_history(\n  File \"/opt/hostedtoolcache/Python/3.12.12/x64/lib/python3.12/site-packages/galaxy/tool_util/verify/interactor.py\", line 163, in stage_data_in_history\n    test_dict = galaxy_interactor.remote_to_input(\n                ^^^^^^^^^^^^^^^^^^^^^^^^^^^^^^^^^^\n  File \"/opt/hostedtoolcache/Python/3.12.12/x64/lib/python3.12/site-packages/galaxy/tool_util/verify/interactor.py\", line 582, in remote_to_input\n    path_or_location = self._get_path_or_location(\n                       ^^^^^^^^^^^^^^^^^^^^^^^^^^^\n  File \"/opt/hostedtoolcache/Python/3.12.12/x64/lib/python3.12/site-packages/galaxy/tool_util/verify/interactor.py\", line 619, in _get_path_or_location\n    path = self.test_data_download(\n           ^^^^^^^^^^^^^^^^^^^^^^^^\n  File \"/opt/hostedtoolcache/Python/3.12.12/x64/lib/python3.12/site-packages/galaxy/tool_util/verify/interactor.py\", line 525, in test_data_download\n    raise AssertionError(f\"Test input file ({filename}) cannot be found.\")\nAssertionError: Test input file (sanger_full_range_original_sanger.fastqsanger) cannot be found.\n", "status": "error", "test_index": 11, "time_seconds": 0.06914854049682617, "tool_id": "fastq_manipulation", "tool_version": "1.1.5+galaxy2"}
            ]]></error>
        
    </testcase>
    
    <testcase classname="fastq_manipulation (Test #13)" name="12" time="0.06901955604553223">
        
            <error type="error" message="Input staging problem: Traceback (most recent call last):
  File "/opt/hostedtoolcache/Python/3.12.12/x64/lib/python3.12/site-packages/galaxy/tool_util/verify/interactor.py", line 1436, in verify_tool
    stage_data_in_history(
  File "/opt/hostedtoolcache/Python/3.12.12/x64/lib/python3.12/site-packages/galaxy/tool_util/verify/interactor.py", line 163, in stage_data_in_history
    test_dict = galaxy_interactor.remote_to_input(
                ^^^^^^^^^^^^^^^^^^^^^^^^^^^^^^^^^^
  File "/opt/hostedtoolcache/Python/3.12.12/x64/lib/python3.12/site-packages/galaxy/tool_util/verify/interactor.py", line 582, in remote_to_input
    path_or_location = self._get_path_or_location(
                       ^^^^^^^^^^^^^^^^^^^^^^^^^^^
  File "/opt/hostedtoolcache/Python/3.12.12/x64/lib/python3.12/site-packages/galaxy/tool_util/verify/interactor.py", line 619, in _get_path_or_location
    path = self.test_data_download(
           ^^^^^^^^^^^^^^^^^^^^^^^^
  File "/opt/hostedtoolcache/Python/3.12.12/x64/lib/python3.12/site-packages/galaxy/tool_util/verify/interactor.py", line 525, in test_data_download
    raise AssertionError(f"Test input file ({filename}) cannot be found.")
AssertionError: Test input file (sanger_full_range_as_rna.fastqsanger) cannot be found.
"><![CDATA[
                { "execution_problem": "Input staging problem: Traceback (most recent call last):\n  File \"/opt/hostedtoolcache/Python/3.12.12/x64/lib/python3.12/site-packages/galaxy/tool_util/verify/interactor.py\", line 1436, in verify_tool\n    stage_data_in_history(\n  File \"/opt/hostedtoolcache/Python/3.12.12/x64/lib/python3.12/site-packages/galaxy/tool_util/verify/interactor.py\", line 163, in stage_data_in_history\n    test_dict = galaxy_interactor.remote_to_input(\n                ^^^^^^^^^^^^^^^^^^^^^^^^^^^^^^^^^^\n  File \"/opt/hostedtoolcache/Python/3.12.12/x64/lib/python3.12/site-packages/galaxy/tool_util/verify/interactor.py\", line 582, in remote_to_input\n    path_or_location = self._get_path_or_location(\n                       ^^^^^^^^^^^^^^^^^^^^^^^^^^^\n  File \"/opt/hostedtoolcache/Python/3.12.12/x64/lib/python3.12/site-packages/galaxy/tool_util/verify/interactor.py\", line 619, in _get_path_or_location\n    path = self.test_data_download(\n           ^^^^^^^^^^^^^^^^^^^^^^^^\n  File \"/opt/hostedtoolcache/Python/3.12.12/x64/lib/python3.12/site-packages/galaxy/tool_util/verify/interactor.py\", line 525, in test_data_download\n    raise AssertionError(f\"Test input file ({filename}) cannot be found.\")\nAssertionError: Test input file (sanger_full_range_as_rna.fastqsanger) cannot be found.\n", "status": "error", "test_index": 12, "time_seconds": 0.06901955604553223, "tool_id": "fastq_manipulation", "tool_version": "1.1.5+galaxy2"}
            ]]></error>
        
    </testcase>
    
    <testcase classname="fastq_manipulation (Test #14)" name="13" time="0.06850242614746094">
        
            <error type="error" message="Input staging problem: Traceback (most recent call last):
  File "/opt/hostedtoolcache/Python/3.12.12/x64/lib/python3.12/site-packages/galaxy/tool_util/verify/interactor.py", line 1436, in verify_tool
    stage_data_in_history(
  File "/opt/hostedtoolcache/Python/3.12.12/x64/lib/python3.12/site-packages/galaxy/tool_util/verify/interactor.py", line 163, in stage_data_in_history
    test_dict = galaxy_interactor.remote_to_input(
                ^^^^^^^^^^^^^^^^^^^^^^^^^^^^^^^^^^
  File "/opt/hostedtoolcache/Python/3.12.12/x64/lib/python3.12/site-packages/galaxy/tool_util/verify/interactor.py", line 582, in remote_to_input
    path_or_location = self._get_path_or_location(
                       ^^^^^^^^^^^^^^^^^^^^^^^^^^^
  File "/opt/hostedtoolcache/Python/3.12.12/x64/lib/python3.12/site-packages/galaxy/tool_util/verify/interactor.py", line 619, in _get_path_or_location
    path = self.test_data_download(
           ^^^^^^^^^^^^^^^^^^^^^^^^
  File "/opt/hostedtoolcache/Python/3.12.12/x64/lib/python3.12/site-packages/galaxy/tool_util/verify/interactor.py", line 525, in test_data_download
    raise AssertionError(f"Test input file ({filename}) cannot be found.")
AssertionError: Test input file (sanger_full_range_as_rna.fastqsanger.gz) cannot be found.
"><![CDATA[
                { "execution_problem": "Input staging problem: Traceback (most recent call last):\n  File \"/opt/hostedtoolcache/Python/3.12.12/x64/lib/python3.12/site-packages/galaxy/tool_util/verify/interactor.py\", line 1436, in verify_tool\n    stage_data_in_history(\n  File \"/opt/hostedtoolcache/Python/3.12.12/x64/lib/python3.12/site-packages/galaxy/tool_util/verify/interactor.py\", line 163, in stage_data_in_history\n    test_dict = galaxy_interactor.remote_to_input(\n                ^^^^^^^^^^^^^^^^^^^^^^^^^^^^^^^^^^\n  File \"/opt/hostedtoolcache/Python/3.12.12/x64/lib/python3.12/site-packages/galaxy/tool_util/verify/interactor.py\", line 582, in remote_to_input\n    path_or_location = self._get_path_or_location(\n                       ^^^^^^^^^^^^^^^^^^^^^^^^^^^\n  File \"/opt/hostedtoolcache/Python/3.12.12/x64/lib/python3.12/site-packages/galaxy/tool_util/verify/interactor.py\", line 619, in _get_path_or_location\n    path = self.test_data_download(\n           ^^^^^^^^^^^^^^^^^^^^^^^^\n  File \"/opt/hostedtoolcache/Python/3.12.12/x64/lib/python3.12/site-packages/galaxy/tool_util/verify/interactor.py\", line 525, in test_data_download\n    raise AssertionError(f\"Test input file ({filename}) cannot be found.\")\nAssertionError: Test input file (sanger_full_range_as_rna.fastqsanger.gz) cannot be found.\n", "status": "error", "test_index": 13, "time_seconds": 0.06850242614746094, "tool_id": "fastq_manipulation", "tool_version": "1.1.5+galaxy2"}
            ]]></error>
        
    </testcase>
    
    <testcase classname="fastq_manipulation (Test #15)" name="14" time="0.0679166316986084">
        
            <error type="error" message="Input staging problem: Traceback (most recent call last):
  File "/opt/hostedtoolcache/Python/3.12.12/x64/lib/python3.12/site-packages/galaxy/tool_util/verify/interactor.py", line 1436, in verify_tool
    stage_data_in_history(
  File "/opt/hostedtoolcache/Python/3.12.12/x64/lib/python3.12/site-packages/galaxy/tool_util/verify/interactor.py", line 163, in stage_data_in_history
    test_dict = galaxy_interactor.remote_to_input(
                ^^^^^^^^^^^^^^^^^^^^^^^^^^^^^^^^^^
  File "/opt/hostedtoolcache/Python/3.12.12/x64/lib/python3.12/site-packages/galaxy/tool_util/verify/interactor.py", line 582, in remote_to_input
    path_or_location = self._get_path_or_location(
                       ^^^^^^^^^^^^^^^^^^^^^^^^^^^
  File "/opt/hostedtoolcache/Python/3.12.12/x64/lib/python3.12/site-packages/galaxy/tool_util/verify/interactor.py", line 619, in _get_path_or_location
    path = self.test_data_download(
           ^^^^^^^^^^^^^^^^^^^^^^^^
  File "/opt/hostedtoolcache/Python/3.12.12/x64/lib/python3.12/site-packages/galaxy/tool_util/verify/interactor.py", line 525, in test_data_download
    raise AssertionError(f"Test input file ({filename}) cannot be found.")
AssertionError: Test input file (sanger_full_range_as_rna.fastqsanger.bz2) cannot be found.
"><![CDATA[
                { "execution_problem": "Input staging problem: Traceback (most recent call last):\n  File \"/opt/hostedtoolcache/Python/3.12.12/x64/lib/python3.12/site-packages/galaxy/tool_util/verify/interactor.py\", line 1436, in verify_tool\n    stage_data_in_history(\n  File \"/opt/hostedtoolcache/Python/3.12.12/x64/lib/python3.12/site-packages/galaxy/tool_util/verify/interactor.py\", line 163, in stage_data_in_history\n    test_dict = galaxy_interactor.remote_to_input(\n                ^^^^^^^^^^^^^^^^^^^^^^^^^^^^^^^^^^\n  File \"/opt/hostedtoolcache/Python/3.12.12/x64/lib/python3.12/site-packages/galaxy/tool_util/verify/interactor.py\", line 582, in remote_to_input\n    path_or_location = self._get_path_or_location(\n                       ^^^^^^^^^^^^^^^^^^^^^^^^^^^\n  File \"/opt/hostedtoolcache/Python/3.12.12/x64/lib/python3.12/site-packages/galaxy/tool_util/verify/interactor.py\", line 619, in _get_path_or_location\n    path = self.test_data_download(\n           ^^^^^^^^^^^^^^^^^^^^^^^^\n  File \"/opt/hostedtoolcache/Python/3.12.12/x64/lib/python3.12/site-packages/galaxy/tool_util/verify/interactor.py\", line 525, in test_data_download\n    raise AssertionError(f\"Test input file ({filename}) cannot be found.\")\nAssertionError: Test input file (sanger_full_range_as_rna.fastqsanger.bz2) cannot be found.\n", "status": "error", "test_index": 14, "time_seconds": 0.0679166316986084, "tool_id": "fastq_manipulation", "tool_version": "1.1.5+galaxy2"}
            ]]></error>
        
    </testcase>
    
    <testcase classname="fastq_manipulation (Test #3)" name="2" time="0.06807899475097656">
        
            <error type="error" message="Input staging problem: Traceback (most recent call last):
  File "/opt/hostedtoolcache/Python/3.12.12/x64/lib/python3.12/site-packages/galaxy/tool_util/verify/interactor.py", line 1436, in verify_tool
    stage_data_in_history(
  File "/opt/hostedtoolcache/Python/3.12.12/x64/lib/python3.12/site-packages/galaxy/tool_util/verify/interactor.py", line 163, in stage_data_in_history
    test_dict = galaxy_interactor.remote_to_input(
                ^^^^^^^^^^^^^^^^^^^^^^^^^^^^^^^^^^
  File "/opt/hostedtoolcache/Python/3.12.12/x64/lib/python3.12/site-packages/galaxy/tool_util/verify/interactor.py", line 582, in remote_to_input
    path_or_location = self._get_path_or_location(
                       ^^^^^^^^^^^^^^^^^^^^^^^^^^^
  File "/opt/hostedtoolcache/Python/3.12.12/x64/lib/python3.12/site-packages/galaxy/tool_util/verify/interactor.py", line 619, in _get_path_or_location
    path = self.test_data_download(
           ^^^^^^^^^^^^^^^^^^^^^^^^
  File "/opt/hostedtoolcache/Python/3.12.12/x64/lib/python3.12/site-packages/galaxy/tool_util/verify/interactor.py", line 525, in test_data_download
    raise AssertionError(f"Test input file ({filename}) cannot be found.")
AssertionError: Test input file (sanger_full_range_original_sanger.fastqsanger) cannot be found.
"><![CDATA[
                { "execution_problem": "Input staging problem: Traceback (most recent call last):\n  File \"/opt/hostedtoolcache/Python/3.12.12/x64/lib/python3.12/site-packages/galaxy/tool_util/verify/interactor.py\", line 1436, in verify_tool\n    stage_data_in_history(\n  File \"/opt/hostedtoolcache/Python/3.12.12/x64/lib/python3.12/site-packages/galaxy/tool_util/verify/interactor.py\", line 163, in stage_data_in_history\n    test_dict = galaxy_interactor.remote_to_input(\n                ^^^^^^^^^^^^^^^^^^^^^^^^^^^^^^^^^^\n  File \"/opt/hostedtoolcache/Python/3.12.12/x64/lib/python3.12/site-packages/galaxy/tool_util/verify/interactor.py\", line 582, in remote_to_input\n    path_or_location = self._get_path_or_location(\n                       ^^^^^^^^^^^^^^^^^^^^^^^^^^^\n  File \"/opt/hostedtoolcache/Python/3.12.12/x64/lib/python3.12/site-packages/galaxy/tool_util/verify/interactor.py\", line 619, in _get_path_or_location\n    path = self.test_data_download(\n           ^^^^^^^^^^^^^^^^^^^^^^^^\n  File \"/opt/hostedtoolcache/Python/3.12.12/x64/lib/python3.12/site-packages/galaxy/tool_util/verify/interactor.py\", line 525, in test_data_download\n    raise AssertionError(f\"Test input file ({filename}) cannot be found.\")\nAssertionError: Test input file (sanger_full_range_original_sanger.fastqsanger) cannot be found.\n", "status": "error", "test_index": 2, "time_seconds": 0.06807899475097656, "tool_id": "fastq_manipulation", "tool_version": "1.1.5+galaxy2"}
            ]]></error>
        
    </testcase>
    
    <testcase classname="fastq_manipulation (Test #4)" name="3" time="0.06993365287780762">
        
            <error type="error" message="Input staging problem: Traceback (most recent call last):
  File "/opt/hostedtoolcache/Python/3.12.12/x64/lib/python3.12/site-packages/galaxy/tool_util/verify/interactor.py", line 1436, in verify_tool
    stage_data_in_history(
  File "/opt/hostedtoolcache/Python/3.12.12/x64/lib/python3.12/site-packages/galaxy/tool_util/verify/interactor.py", line 163, in stage_data_in_history
    test_dict = galaxy_interactor.remote_to_input(
                ^^^^^^^^^^^^^^^^^^^^^^^^^^^^^^^^^^
  File "/opt/hostedtoolcache/Python/3.12.12/x64/lib/python3.12/site-packages/galaxy/tool_util/verify/interactor.py", line 582, in remote_to_input
    path_or_location = self._get_path_or_location(
                       ^^^^^^^^^^^^^^^^^^^^^^^^^^^
  File "/opt/hostedtoolcache/Python/3.12.12/x64/lib/python3.12/site-packages/galaxy/tool_util/verify/interactor.py", line 619, in _get_path_or_location
    path = self.test_data_download(
           ^^^^^^^^^^^^^^^^^^^^^^^^
  File "/opt/hostedtoolcache/Python/3.12.12/x64/lib/python3.12/site-packages/galaxy/tool_util/verify/interactor.py", line 525, in test_data_download
    raise AssertionError(f"Test input file ({filename}) cannot be found.")
AssertionError: Test input file (sanger_full_range_original_sanger.fastqsanger) cannot be found.
"><![CDATA[
                { "execution_problem": "Input staging problem: Traceback (most recent call last):\n  File \"/opt/hostedtoolcache/Python/3.12.12/x64/lib/python3.12/site-packages/galaxy/tool_util/verify/interactor.py\", line 1436, in verify_tool\n    stage_data_in_history(\n  File \"/opt/hostedtoolcache/Python/3.12.12/x64/lib/python3.12/site-packages/galaxy/tool_util/verify/interactor.py\", line 163, in stage_data_in_history\n    test_dict = galaxy_interactor.remote_to_input(\n                ^^^^^^^^^^^^^^^^^^^^^^^^^^^^^^^^^^\n  File \"/opt/hostedtoolcache/Python/3.12.12/x64/lib/python3.12/site-packages/galaxy/tool_util/verify/interactor.py\", line 582, in remote_to_input\n    path_or_location = self._get_path_or_location(\n                       ^^^^^^^^^^^^^^^^^^^^^^^^^^^\n  File \"/opt/hostedtoolcache/Python/3.12.12/x64/lib/python3.12/site-packages/galaxy/tool_util/verify/interactor.py\", line 619, in _get_path_or_location\n    path = self.test_data_download(\n           ^^^^^^^^^^^^^^^^^^^^^^^^\n  File \"/opt/hostedtoolcache/Python/3.12.12/x64/lib/python3.12/site-packages/galaxy/tool_util/verify/interactor.py\", line 525, in test_data_download\n    raise AssertionError(f\"Test input file ({filename}) cannot be found.\")\nAssertionError: Test input file (sanger_full_range_original_sanger.fastqsanger) cannot be found.\n", "status": "error", "test_index": 3, "time_seconds": 0.06993365287780762, "tool_id": "fastq_manipulation", "tool_version": "1.1.5+galaxy2"}
            ]]></error>
        
    </testcase>
    
    <testcase classname="fastq_manipulation (Test #5)" name="4" time="0.0678093433380127">
        
            <error type="error" message="Input staging problem: Traceback (most recent call last):
  File "/opt/hostedtoolcache/Python/3.12.12/x64/lib/python3.12/site-packages/galaxy/tool_util/verify/interactor.py", line 1436, in verify_tool
    stage_data_in_history(
  File "/opt/hostedtoolcache/Python/3.12.12/x64/lib/python3.12/site-packages/galaxy/tool_util/verify/interactor.py", line 163, in stage_data_in_history
    test_dict = galaxy_interactor.remote_to_input(
                ^^^^^^^^^^^^^^^^^^^^^^^^^^^^^^^^^^
  File "/opt/hostedtoolcache/Python/3.12.12/x64/lib/python3.12/site-packages/galaxy/tool_util/verify/interactor.py", line 582, in remote_to_input
    path_or_location = self._get_path_or_location(
                       ^^^^^^^^^^^^^^^^^^^^^^^^^^^
  File "/opt/hostedtoolcache/Python/3.12.12/x64/lib/python3.12/site-packages/galaxy/tool_util/verify/interactor.py", line 619, in _get_path_or_location
    path = self.test_data_download(
           ^^^^^^^^^^^^^^^^^^^^^^^^
  File "/opt/hostedtoolcache/Python/3.12.12/x64/lib/python3.12/site-packages/galaxy/tool_util/verify/interactor.py", line 525, in test_data_download
    raise AssertionError(f"Test input file ({filename}) cannot be found.")
AssertionError: Test input file (sanger_full_range_original_sanger.fastqsanger) cannot be found.
"><![CDATA[
                { "execution_problem": "Input staging problem: Traceback (most recent call last):\n  File \"/opt/hostedtoolcache/Python/3.12.12/x64/lib/python3.12/site-packages/galaxy/tool_util/verify/interactor.py\", line 1436, in verify_tool\n    stage_data_in_history(\n  File \"/opt/hostedtoolcache/Python/3.12.12/x64/lib/python3.12/site-packages/galaxy/tool_util/verify/interactor.py\", line 163, in stage_data_in_history\n    test_dict = galaxy_interactor.remote_to_input(\n                ^^^^^^^^^^^^^^^^^^^^^^^^^^^^^^^^^^\n  File \"/opt/hostedtoolcache/Python/3.12.12/x64/lib/python3.12/site-packages/galaxy/tool_util/verify/interactor.py\", line 582, in remote_to_input\n    path_or_location = self._get_path_or_location(\n                       ^^^^^^^^^^^^^^^^^^^^^^^^^^^\n  File \"/opt/hostedtoolcache/Python/3.12.12/x64/lib/python3.12/site-packages/galaxy/tool_util/verify/interactor.py\", line 619, in _get_path_or_location\n    path = self.test_data_download(\n           ^^^^^^^^^^^^^^^^^^^^^^^^\n  File \"/opt/hostedtoolcache/Python/3.12.12/x64/lib/python3.12/site-packages/galaxy/tool_util/verify/interactor.py\", line 525, in test_data_download\n    raise AssertionError(f\"Test input file ({filename}) cannot be found.\")\nAssertionError: Test input file (sanger_full_range_original_sanger.fastqsanger) cannot be found.\n", "status": "error", "test_index": 4, "time_seconds": 0.0678093433380127, "tool_id": "fastq_manipulation", "tool_version": "1.1.5+galaxy2"}
            ]]></error>
        
    </testcase>
    
    <testcase classname="fastq_manipulation (Test #6)" name="5" time="0.06755471229553223">
        
            <error type="error" message="Input staging problem: Traceback (most recent call last):
  File "/opt/hostedtoolcache/Python/3.12.12/x64/lib/python3.12/site-packages/galaxy/tool_util/verify/interactor.py", line 1436, in verify_tool
    stage_data_in_history(
  File "/opt/hostedtoolcache/Python/3.12.12/x64/lib/python3.12/site-packages/galaxy/tool_util/verify/interactor.py", line 163, in stage_data_in_history
    test_dict = galaxy_interactor.remote_to_input(
                ^^^^^^^^^^^^^^^^^^^^^^^^^^^^^^^^^^
  File "/opt/hostedtoolcache/Python/3.12.12/x64/lib/python3.12/site-packages/galaxy/tool_util/verify/interactor.py", line 582, in remote_to_input
    path_or_location = self._get_path_or_location(
                       ^^^^^^^^^^^^^^^^^^^^^^^^^^^
  File "/opt/hostedtoolcache/Python/3.12.12/x64/lib/python3.12/site-packages/galaxy/tool_util/verify/interactor.py", line 619, in _get_path_or_location
    path = self.test_data_download(
           ^^^^^^^^^^^^^^^^^^^^^^^^
  File "/opt/hostedtoolcache/Python/3.12.12/x64/lib/python3.12/site-packages/galaxy/tool_util/verify/interactor.py", line 525, in test_data_download
    raise AssertionError(f"Test input file ({filename}) cannot be found.")
AssertionError: Test input file (sanger_full_range_original_sanger.fastqsanger) cannot be found.
"><![CDATA[
                { "execution_problem": "Input staging problem: Traceback (most recent call last):\n  File \"/opt/hostedtoolcache/Python/3.12.12/x64/lib/python3.12/site-packages/galaxy/tool_util/verify/interactor.py\", line 1436, in verify_tool\n    stage_data_in_history(\n  File \"/opt/hostedtoolcache/Python/3.12.12/x64/lib/python3.12/site-packages/galaxy/tool_util/verify/interactor.py\", line 163, in stage_data_in_history\n    test_dict = galaxy_interactor.remote_to_input(\n                ^^^^^^^^^^^^^^^^^^^^^^^^^^^^^^^^^^\n  File \"/opt/hostedtoolcache/Python/3.12.12/x64/lib/python3.12/site-packages/galaxy/tool_util/verify/interactor.py\", line 582, in remote_to_input\n    path_or_location = self._get_path_or_location(\n                       ^^^^^^^^^^^^^^^^^^^^^^^^^^^\n  File \"/opt/hostedtoolcache/Python/3.12.12/x64/lib/python3.12/site-packages/galaxy/tool_util/verify/interactor.py\", line 619, in _get_path_or_location\n    path = self.test_data_download(\n           ^^^^^^^^^^^^^^^^^^^^^^^^\n  File \"/opt/hostedtoolcache/Python/3.12.12/x64/lib/python3.12/site-packages/galaxy/tool_util/verify/interactor.py\", line 525, in test_data_download\n    raise AssertionError(f\"Test input file ({filename}) cannot be found.\")\nAssertionError: Test input file (sanger_full_range_original_sanger.fastqsanger) cannot be found.\n", "status": "error", "test_index": 5, "time_seconds": 0.06755471229553223, "tool_id": "fastq_manipulation", "tool_version": "1.1.5+galaxy2"}
            ]]></error>
        
    </testcase>
    
    <testcase classname="fastq_manipulation (Test #7)" name="6" time="0.06802487373352051">
        
            <error type="error" message="Input staging problem: Traceback (most recent call last):
  File "/opt/hostedtoolcache/Python/3.12.12/x64/lib/python3.12/site-packages/galaxy/tool_util/verify/interactor.py", line 1436, in verify_tool
    stage_data_in_history(
  File "/opt/hostedtoolcache/Python/3.12.12/x64/lib/python3.12/site-packages/galaxy/tool_util/verify/interactor.py", line 163, in stage_data_in_history
    test_dict = galaxy_interactor.remote_to_input(
                ^^^^^^^^^^^^^^^^^^^^^^^^^^^^^^^^^^
  File "/opt/hostedtoolcache/Python/3.12.12/x64/lib/python3.12/site-packages/galaxy/tool_util/verify/interactor.py", line 582, in remote_to_input
    path_or_location = self._get_path_or_location(
                       ^^^^^^^^^^^^^^^^^^^^^^^^^^^
  File "/opt/hostedtoolcache/Python/3.12.12/x64/lib/python3.12/site-packages/galaxy/tool_util/verify/interactor.py", line 619, in _get_path_or_location
    path = self.test_data_download(
           ^^^^^^^^^^^^^^^^^^^^^^^^
  File "/opt/hostedtoolcache/Python/3.12.12/x64/lib/python3.12/site-packages/galaxy/tool_util/verify/interactor.py", line 525, in test_data_download
    raise AssertionError(f"Test input file ({filename}) cannot be found.")
AssertionError: Test input file (sanger_full_range_original_sanger.fastqsanger) cannot be found.
"><![CDATA[
                { "execution_problem": "Input staging problem: Traceback (most recent call last):\n  File \"/opt/hostedtoolcache/Python/3.12.12/x64/lib/python3.12/site-packages/galaxy/tool_util/verify/interactor.py\", line 1436, in verify_tool\n    stage_data_in_history(\n  File \"/opt/hostedtoolcache/Python/3.12.12/x64/lib/python3.12/site-packages/galaxy/tool_util/verify/interactor.py\", line 163, in stage_data_in_history\n    test_dict = galaxy_interactor.remote_to_input(\n                ^^^^^^^^^^^^^^^^^^^^^^^^^^^^^^^^^^\n  File \"/opt/hostedtoolcache/Python/3.12.12/x64/lib/python3.12/site-packages/galaxy/tool_util/verify/interactor.py\", line 582, in remote_to_input\n    path_or_location = self._get_path_or_location(\n                       ^^^^^^^^^^^^^^^^^^^^^^^^^^^\n  File \"/opt/hostedtoolcache/Python/3.12.12/x64/lib/python3.12/site-packages/galaxy/tool_util/verify/interactor.py\", line 619, in _get_path_or_location\n    path = self.test_data_download(\n           ^^^^^^^^^^^^^^^^^^^^^^^^\n  File \"/opt/hostedtoolcache/Python/3.12.12/x64/lib/python3.12/site-packages/galaxy/tool_util/verify/interactor.py\", line 525, in test_data_download\n    raise AssertionError(f\"Test input file ({filename}) cannot be found.\")\nAssertionError: Test input file (sanger_full_range_original_sanger.fastqsanger) cannot be found.\n", "status": "error", "test_index": 6, "time_seconds": 0.06802487373352051, "tool_id": "fastq_manipulation", "tool_version": "1.1.5+galaxy2"}
            ]]></error>
        
    </testcase>
    
    <testcase classname="fastq_manipulation (Test #8)" name="7" time="0.06799721717834473">
        
            <error type="error" message="Input staging problem: Traceback (most recent call last):
  File "/opt/hostedtoolcache/Python/3.12.12/x64/lib/python3.12/site-packages/galaxy/tool_util/verify/interactor.py", line 1436, in verify_tool
    stage_data_in_history(
  File "/opt/hostedtoolcache/Python/3.12.12/x64/lib/python3.12/site-packages/galaxy/tool_util/verify/interactor.py", line 163, in stage_data_in_history
    test_dict = galaxy_interactor.remote_to_input(
                ^^^^^^^^^^^^^^^^^^^^^^^^^^^^^^^^^^
  File "/opt/hostedtoolcache/Python/3.12.12/x64/lib/python3.12/site-packages/galaxy/tool_util/verify/interactor.py", line 582, in remote_to_input
    path_or_location = self._get_path_or_location(
                       ^^^^^^^^^^^^^^^^^^^^^^^^^^^
  File "/opt/hostedtoolcache/Python/3.12.12/x64/lib/python3.12/site-packages/galaxy/tool_util/verify/interactor.py", line 619, in _get_path_or_location
    path = self.test_data_download(
           ^^^^^^^^^^^^^^^^^^^^^^^^
  File "/opt/hostedtoolcache/Python/3.12.12/x64/lib/python3.12/site-packages/galaxy/tool_util/verify/interactor.py", line 525, in test_data_download
    raise AssertionError(f"Test input file ({filename}) cannot be found.")
AssertionError: Test input file (misc_dna_original_sanger.fastqsanger) cannot be found.
"><![CDATA[
                { "execution_problem": "Input staging problem: Traceback (most recent call last):\n  File \"/opt/hostedtoolcache/Python/3.12.12/x64/lib/python3.12/site-packages/galaxy/tool_util/verify/interactor.py\", line 1436, in verify_tool\n    stage_data_in_history(\n  File \"/opt/hostedtoolcache/Python/3.12.12/x64/lib/python3.12/site-packages/galaxy/tool_util/verify/interactor.py\", line 163, in stage_data_in_history\n    test_dict = galaxy_interactor.remote_to_input(\n                ^^^^^^^^^^^^^^^^^^^^^^^^^^^^^^^^^^\n  File \"/opt/hostedtoolcache/Python/3.12.12/x64/lib/python3.12/site-packages/galaxy/tool_util/verify/interactor.py\", line 582, in remote_to_input\n    path_or_location = self._get_path_or_location(\n                       ^^^^^^^^^^^^^^^^^^^^^^^^^^^\n  File \"/opt/hostedtoolcache/Python/3.12.12/x64/lib/python3.12/site-packages/galaxy/tool_util/verify/interactor.py\", line 619, in _get_path_or_location\n    path = self.test_data_download(\n           ^^^^^^^^^^^^^^^^^^^^^^^^\n  File \"/opt/hostedtoolcache/Python/3.12.12/x64/lib/python3.12/site-packages/galaxy/tool_util/verify/interactor.py\", line 525, in test_data_download\n    raise AssertionError(f\"Test input file ({filename}) cannot be found.\")\nAssertionError: Test input file (misc_dna_original_sanger.fastqsanger) cannot be found.\n", "status": "error", "test_index": 7, "time_seconds": 0.06799721717834473, "tool_id": "fastq_manipulation", "tool_version": "1.1.5+galaxy2"}
            ]]></error>
        
    </testcase>
    
    <testcase classname="fastq_manipulation (Test #9)" name="8" time="0.06843018531799316">
        
            <error type="error" message="Input staging problem: Traceback (most recent call last):
  File "/opt/hostedtoolcache/Python/3.12.12/x64/lib/python3.12/site-packages/galaxy/tool_util/verify/interactor.py", line 1436, in verify_tool
    stage_data_in_history(
  File "/opt/hostedtoolcache/Python/3.12.12/x64/lib/python3.12/site-packages/galaxy/tool_util/verify/interactor.py", line 163, in stage_data_in_history
    test_dict = galaxy_interactor.remote_to_input(
                ^^^^^^^^^^^^^^^^^^^^^^^^^^^^^^^^^^
  File "/opt/hostedtoolcache/Python/3.12.12/x64/lib/python3.12/site-packages/galaxy/tool_util/verify/interactor.py", line 582, in remote_to_input
    path_or_location = self._get_path_or_location(
                       ^^^^^^^^^^^^^^^^^^^^^^^^^^^
  File "/opt/hostedtoolcache/Python/3.12.12/x64/lib/python3.12/site-packages/galaxy/tool_util/verify/interactor.py", line 619, in _get_path_or_location
    path = self.test_data_download(
           ^^^^^^^^^^^^^^^^^^^^^^^^
  File "/opt/hostedtoolcache/Python/3.12.12/x64/lib/python3.12/site-packages/galaxy/tool_util/verify/interactor.py", line 525, in test_data_download
    raise AssertionError(f"Test input file ({filename}) cannot be found.")
AssertionError: Test input file (misc_rna_original_sanger.fastqsanger) cannot be found.
"><![CDATA[
                { "execution_problem": "Input staging problem: Traceback (most recent call last):\n  File \"/opt/hostedtoolcache/Python/3.12.12/x64/lib/python3.12/site-packages/galaxy/tool_util/verify/interactor.py\", line 1436, in verify_tool\n    stage_data_in_history(\n  File \"/opt/hostedtoolcache/Python/3.12.12/x64/lib/python3.12/site-packages/galaxy/tool_util/verify/interactor.py\", line 163, in stage_data_in_history\n    test_dict = galaxy_interactor.remote_to_input(\n                ^^^^^^^^^^^^^^^^^^^^^^^^^^^^^^^^^^\n  File \"/opt/hostedtoolcache/Python/3.12.12/x64/lib/python3.12/site-packages/galaxy/tool_util/verify/interactor.py\", line 582, in remote_to_input\n    path_or_location = self._get_path_or_location(\n                       ^^^^^^^^^^^^^^^^^^^^^^^^^^^\n  File \"/opt/hostedtoolcache/Python/3.12.12/x64/lib/python3.12/site-packages/galaxy/tool_util/verify/interactor.py\", line 619, in _get_path_or_location\n    path = self.test_data_download(\n           ^^^^^^^^^^^^^^^^^^^^^^^^\n  File \"/opt/hostedtoolcache/Python/3.12.12/x64/lib/python3.12/site-packages/galaxy/tool_util/verify/interactor.py\", line 525, in test_data_download\n    raise AssertionError(f\"Test input file ({filename}) cannot be found.\")\nAssertionError: Test input file (misc_rna_original_sanger.fastqsanger) cannot be found.\n", "status": "error", "test_index": 8, "time_seconds": 0.06843018531799316, "tool_id": "fastq_manipulation", "tool_version": "1.1.5+galaxy2"}
            ]]></error>
        
    </testcase>
    
    <testcase classname="fastq_manipulation (Test #10)" name="9" time="0.06910872459411621">
        
            <error type="error" message="Input staging problem: Traceback (most recent call last):
  File "/opt/hostedtoolcache/Python/3.12.12/x64/lib/python3.12/site-packages/galaxy/tool_util/verify/interactor.py", line 1436, in verify_tool
    stage_data_in_history(
  File "/opt/hostedtoolcache/Python/3.12.12/x64/lib/python3.12/site-packages/galaxy/tool_util/verify/interactor.py", line 163, in stage_data_in_history
    test_dict = galaxy_interactor.remote_to_input(
                ^^^^^^^^^^^^^^^^^^^^^^^^^^^^^^^^^^
  File "/opt/hostedtoolcache/Python/3.12.12/x64/lib/python3.12/site-packages/galaxy/tool_util/verify/interactor.py", line 582, in remote_to_input
    path_or_location = self._get_path_or_location(
                       ^^^^^^^^^^^^^^^^^^^^^^^^^^^
  File "/opt/hostedtoolcache/Python/3.12.12/x64/lib/python3.12/site-packages/galaxy/tool_util/verify/interactor.py", line 619, in _get_path_or_location
    path = self.test_data_download(
           ^^^^^^^^^^^^^^^^^^^^^^^^
  File "/opt/hostedtoolcache/Python/3.12.12/x64/lib/python3.12/site-packages/galaxy/tool_util/verify/interactor.py", line 525, in test_data_download
    raise AssertionError(f"Test input file ({filename}) cannot be found.")
AssertionError: Test input file (sanger_full_range_original_sanger.fastqsanger) cannot be found.
"><![CDATA[
                { "execution_problem": "Input staging problem: Traceback (most recent call last):\n  File \"/opt/hostedtoolcache/Python/3.12.12/x64/lib/python3.12/site-packages/galaxy/tool_util/verify/interactor.py\", line 1436, in verify_tool\n    stage_data_in_history(\n  File \"/opt/hostedtoolcache/Python/3.12.12/x64/lib/python3.12/site-packages/galaxy/tool_util/verify/interactor.py\", line 163, in stage_data_in_history\n    test_dict = galaxy_interactor.remote_to_input(\n                ^^^^^^^^^^^^^^^^^^^^^^^^^^^^^^^^^^\n  File \"/opt/hostedtoolcache/Python/3.12.12/x64/lib/python3.12/site-packages/galaxy/tool_util/verify/interactor.py\", line 582, in remote_to_input\n    path_or_location = self._get_path_or_location(\n                       ^^^^^^^^^^^^^^^^^^^^^^^^^^^\n  File \"/opt/hostedtoolcache/Python/3.12.12/x64/lib/python3.12/site-packages/galaxy/tool_util/verify/interactor.py\", line 619, in _get_path_or_location\n    path = self.test_data_download(\n           ^^^^^^^^^^^^^^^^^^^^^^^^\n  File \"/opt/hostedtoolcache/Python/3.12.12/x64/lib/python3.12/site-packages/galaxy/tool_util/verify/interactor.py\", line 525, in test_data_download\n    raise AssertionError(f\"Test input file ({filename}) cannot be found.\")\nAssertionError: Test input file (sanger_full_range_original_sanger.fastqsanger) cannot be found.\n", "status": "error", "test_index": 9, "time_seconds": 0.06910872459411621, "tool_id": "fastq_manipulation", "tool_version": "1.1.5+galaxy2"}
            ]]></error>
        
    </testcase>
    
    <testcase classname="ivar_trim (Test #1)" name="0" time="44.91789221763611">
        
            
            <system-out><![CDATA[
            
            ]]></system-out>
            <system-err><![CDATA[
            Found 196 primers in BED fileReading from sorted.bam-------Results: Primer NameRead CountnCoV-2019_1_LEFT25nCoV-2019_2_LEFT10nCoV-2019_1_RIGHT9nCoV-2019_3_LEFT22nCoV-2019_2_RIGHT17nCoV-2019_4_LEFT20nCoV-2019_3_RIGHT29nCoV-2019_5_LEFT4nCoV-2019_4_RIGHT5nCoV-2019_6_LEFT17nCoV-2019_5_RIGHT16nCoV-2019_7_LEFT21nCoV-2019_6_RIGHT10nCoV-2019_8_LEFT5nCoV-2019_7_RIGHT14nCoV-2019_9_LEFT18nCoV-2019_8_RIGHT10nCoV-2019_10_LEFT20nCoV-2019_9_RIGHT11nCoV-2019_11_LEFT15nCoV-2019_10_RIGHT11nCoV-2019_12_LEFT48nCoV-2019_11_RIGHT31nCoV-2019_13_LEFT31nCoV-2019_12_RIGHT11nCoV-2019_14_LEFT53nCoV-2019_13_RIGHT64nCoV-2019_15_LEFT64nCoV-2019_14_RIGHT89nCoV-2019_16_LEFT168nCoV-2019_15_RIGHT57nCoV-2019_17_LEFT100nCoV-2019_16_RIGHT112nCoV-2019_18_LEFT19nCoV-2019_17_RIGHT23nCoV-2019_19_LEFT72nCoV-2019_18_RIGHT42nCoV-2019_20_LEFT31nCoV-2019_19_RIGHT43nCoV-2019_21_LEFT126nCoV-2019_20_RIGHT63nCoV-2019_22_LEFT55nCoV-2019_21_RIGHT23nCoV-2019_23_LEFT46nCoV-2019_22_RIGHT58nCoV-2019_24_LEFT22nCoV-2019_23_RIGHT2nCoV-2019_25_LEFT7nCoV-2019_24_RIGHT6nCoV-2019_26_LEFT13nCoV-2019_25_RIGHT11nCoV-2019_27_LEFT70nCoV-2019_26_RIGHT14nCoV-2019_28_LEFT15nCoV-2019_27_RIGHT31nCoV-2019_29_LEFT4nCoV-2019_28_RIGHT6nCoV-2019_30_LEFT10nCoV-2019_29_RIGHT70nCoV-2019_31_LEFT33nCoV-2019_30_RIGHT26nCoV-2019_32_LEFT119nCoV-2019_31_RIGHT75nCoV-2019_33_LEFT23nCoV-2019_32_RIGHT52nCoV-2019_34_LEFT51nCoV-2019_33_RIGHT43nCoV-2019_35_LEFT44nCoV-2019_34_RIGHT40nCoV-2019_36_LEFT113nCoV-2019_35_RIGHT86nCoV-2019_37_LEFT74nCoV-2019_36_RIGHT131nCoV-2019_38_LEFT185nCoV-2019_37_RIGHT163nCoV-2019_39_LEFT97nCoV-2019_38_RIGHT113nCoV-2019_40_LEFT67nCoV-2019_39_RIGHT39nCoV-2019_41_LEFT31nCoV-2019_40_RIGHT17nCoV-2019_42_LEFT39nCoV-2019_41_RIGHT5nCoV-2019_43_LEFT47nCoV-2019_42_RIGHT89nCoV-2019_44_LEFT51nCoV-2019_43_RIGHT23nCoV-2019_45_LEFT43nCoV-2019_44_RIGHT70nCoV-2019_46_LEFT11nCoV-2019_45_RIGHT16nCoV-2019_47_LEFT27nCoV-2019_46_RIGHT35nCoV-2019_48_LEFT74nCoV-2019_47_RIGHT25nCoV-2019_49_LEFT40nCoV-2019_48_RIGHT41nCoV-2019_50_LEFT26nCoV-2019_49_RIGHT54nCoV-2019_51_LEFT81nCoV-2019_50_RIGHT19nCoV-2019_52_LEFT33nCoV-2019_51_RIGHT47nCoV-2019_53_LEFT75nCoV-2019_52_RIGHT28nCoV-2019_54_LEFT44nCoV-2019_53_RIGHT35nCoV-2019_55_LEFT66nCoV-2019_54_RIGHT13nCoV-2019_56_LEFT35nCoV-2019_55_RIGHT96nCoV-2019_57_LEFT112nCoV-2019_56_RIGHT69nCoV-2019_58_LEFT15nCoV-2019_57_RIGHT78nCoV-2019_59_LEFT35nCoV-2019_58_RIGHT6nCoV-2019_60_LEFT22nCoV-2019_59_RIGHT23nCoV-2019_61_LEFT33nCoV-2019_60_RIGHT19nCoV-2019_62_LEFT16nCoV-2019_61_RIGHT33nCoV-2019_63_LEFT47nCoV-2019_62_RIGHT17nCoV-2019_64_LEFT6nCoV-2019_63_RIGHT31nCoV-2019_65_LEFT6nCoV-2019_64_RIGHT8nCoV-2019_66_LEFT29nCoV-2019_65_RIGHT59nCoV-2019_67_LEFT6nCoV-2019_66_RIGHT2nCoV-2019_68_LEFT8nCoV-2019_67_RIGHT0nCoV-2019_69_LEFT17nCoV-2019_68_RIGHT9nCoV-2019_70_LEFT0nCoV-2019_69_RIGHT5nCoV-2019_71_LEFT1nCoV-2019_70_RIGHT1nCoV-2019_72_LEFT7nCoV-2019_71_RIGHT5nCoV-2019_73_LEFT0nCoV-2019_72_RIGHT4nCoV-2019_74_LEFT0nCoV-2019_73_RIGHT4nCoV-2019_75_LEFT2nCoV-2019_74_RIGHT0nCoV-2019_76_LEFT2nCoV-2019_75_RIGHT1nCoV-2019_77_LEFT27nCoV-2019_76_RIGHT13nCoV-2019_78_LEFT63nCoV-2019_77_RIGHT87nCoV-2019_79_LEFT5nCoV-2019_78_RIGHT23nCoV-2019_80_LEFT92nCoV-2019_79_RIGHT17nCoV-2019_81_LEFT28nCoV-2019_80_RIGHT33nCoV-2019_82_LEFT150nCoV-2019_81_RIGHT79nCoV-2019_83_LEFT22nCoV-2019_82_RIGHT50nCoV-2019_84_LEFT32nCoV-2019_83_RIGHT41nCoV-2019_85_LEFT77nCoV-2019_84_RIGHT50nCoV-2019_86_LEFT54nCoV-2019_85_RIGHT37nCoV-2019_87_LEFT48nCoV-2019_86_RIGHT30nCoV-2019_88_LEFT58nCoV-2019_87_RIGHT3nCoV-2019_89_LEFT37nCoV-2019_88_RIGHT91nCoV-2019_90_LEFT28nCoV-2019_89_RIGHT30nCoV-2019_91_LEFT27nCoV-2019_90_RIGHT21nCoV-2019_92_LEFT9nCoV-2019_91_RIGHT2nCoV-2019_93_LEFT38nCoV-2019_92_RIGHT14nCoV-2019_94_LEFT116nCoV-2019_93_RIGHT23nCoV-2019_95_LEFT39nCoV-2019_94_RIGHT55nCoV-2019_96_LEFT24nCoV-2019_95_RIGHT8nCoV-2019_97_LEFT0nCoV-2019_96_RIGHT17nCoV-2019_98_LEFT2nCoV-2019_97_RIGHT1nCoV-2019_98_RIGHT2Trimmed primers from 13.29% (6871) of reads.3.5% (1811) of reads were quality trimmed below the minimum length of 30 bp and were not written to file.84.15% (43493) of reads started outside of primer regions. Since the -e flag was given, these reads were written to file.58.16% (30061) of reads had their insert size smaller than their read length[bam_sort_core] merging from 0 files and 8 in-memory blocks...
            ]]></system-err>
        
    </testcase>
    
    <testcase classname="ivar_trim (Test #2)" name="1" time="33.175195932388306">
        
            
            <system-out><![CDATA[
            
            ]]></system-out>
            <system-err><![CDATA[
            Found 196 primers in BED fileReading from sorted.bam-------Results: Primer NameRead CountnCoV-2019_1_LEFT25nCoV-2019_2_LEFT10nCoV-2019_1_RIGHT9nCoV-2019_3_LEFT22nCoV-2019_2_RIGHT17nCoV-2019_4_LEFT20nCoV-2019_3_RIGHT29nCoV-2019_5_LEFT4nCoV-2019_4_RIGHT5nCoV-2019_6_LEFT17nCoV-2019_5_RIGHT16nCoV-2019_7_LEFT21nCoV-2019_6_RIGHT10nCoV-2019_8_LEFT5nCoV-2019_7_RIGHT14nCoV-2019_9_LEFT18nCoV-2019_8_RIGHT10nCoV-2019_10_LEFT20nCoV-2019_9_RIGHT11nCoV-2019_11_LEFT15nCoV-2019_10_RIGHT11nCoV-2019_12_LEFT48nCoV-2019_11_RIGHT31nCoV-2019_13_LEFT31nCoV-2019_12_RIGHT11nCoV-2019_14_LEFT53nCoV-2019_13_RIGHT64nCoV-2019_15_LEFT64nCoV-2019_14_RIGHT89nCoV-2019_16_LEFT168nCoV-2019_15_RIGHT57nCoV-2019_17_LEFT100nCoV-2019_16_RIGHT112nCoV-2019_18_LEFT19nCoV-2019_17_RIGHT23nCoV-2019_19_LEFT72nCoV-2019_18_RIGHT42nCoV-2019_20_LEFT31nCoV-2019_19_RIGHT43nCoV-2019_21_LEFT126nCoV-2019_20_RIGHT63nCoV-2019_22_LEFT55nCoV-2019_21_RIGHT23nCoV-2019_23_LEFT46nCoV-2019_22_RIGHT58nCoV-2019_24_LEFT22nCoV-2019_23_RIGHT2nCoV-2019_25_LEFT7nCoV-2019_24_RIGHT6nCoV-2019_26_LEFT13nCoV-2019_25_RIGHT11nCoV-2019_27_LEFT70nCoV-2019_26_RIGHT14nCoV-2019_28_LEFT15nCoV-2019_27_RIGHT31nCoV-2019_29_LEFT4nCoV-2019_28_RIGHT6nCoV-2019_30_LEFT10nCoV-2019_29_RIGHT70nCoV-2019_31_LEFT33nCoV-2019_30_RIGHT26nCoV-2019_32_LEFT119nCoV-2019_31_RIGHT75nCoV-2019_33_LEFT23nCoV-2019_32_RIGHT52nCoV-2019_34_LEFT51nCoV-2019_33_RIGHT43nCoV-2019_35_LEFT44nCoV-2019_34_RIGHT40nCoV-2019_36_LEFT113nCoV-2019_35_RIGHT86nCoV-2019_37_LEFT74nCoV-2019_36_RIGHT131nCoV-2019_38_LEFT185nCoV-2019_37_RIGHT163nCoV-2019_39_LEFT97nCoV-2019_38_RIGHT113nCoV-2019_40_LEFT67nCoV-2019_39_RIGHT39nCoV-2019_41_LEFT31nCoV-2019_40_RIGHT17nCoV-2019_42_LEFT39nCoV-2019_41_RIGHT5nCoV-2019_43_LEFT47nCoV-2019_42_RIGHT89nCoV-2019_44_LEFT51nCoV-2019_43_RIGHT23nCoV-2019_45_LEFT43nCoV-2019_44_RIGHT70nCoV-2019_46_LEFT11nCoV-2019_45_RIGHT16nCoV-2019_47_LEFT27nCoV-2019_46_RIGHT35nCoV-2019_48_LEFT74nCoV-2019_47_RIGHT25nCoV-2019_49_LEFT40nCoV-2019_48_RIGHT41nCoV-2019_50_LEFT26nCoV-2019_49_RIGHT54nCoV-2019_51_LEFT81nCoV-2019_50_RIGHT19nCoV-2019_52_LEFT33nCoV-2019_51_RIGHT47nCoV-2019_53_LEFT75nCoV-2019_52_RIGHT28nCoV-2019_54_LEFT44nCoV-2019_53_RIGHT35nCoV-2019_55_LEFT66nCoV-2019_54_RIGHT13nCoV-2019_56_LEFT35nCoV-2019_55_RIGHT96nCoV-2019_57_LEFT112nCoV-2019_56_RIGHT69nCoV-2019_58_LEFT15nCoV-2019_57_RIGHT78nCoV-2019_59_LEFT35nCoV-2019_58_RIGHT6nCoV-2019_60_LEFT22nCoV-2019_59_RIGHT23nCoV-2019_61_LEFT33nCoV-2019_60_RIGHT19nCoV-2019_62_LEFT16nCoV-2019_61_RIGHT33nCoV-2019_63_LEFT47nCoV-2019_62_RIGHT17nCoV-2019_64_LEFT6nCoV-2019_63_RIGHT31nCoV-2019_65_LEFT6nCoV-2019_64_RIGHT8nCoV-2019_66_LEFT29nCoV-2019_65_RIGHT59nCoV-2019_67_LEFT6nCoV-2019_66_RIGHT2nCoV-2019_68_LEFT8nCoV-2019_67_RIGHT0nCoV-2019_69_LEFT17nCoV-2019_68_RIGHT9nCoV-2019_70_LEFT0nCoV-2019_69_RIGHT5nCoV-2019_71_LEFT1nCoV-2019_70_RIGHT1nCoV-2019_72_LEFT7nCoV-2019_71_RIGHT5nCoV-2019_73_LEFT0nCoV-2019_72_RIGHT4nCoV-2019_74_LEFT0nCoV-2019_73_RIGHT4nCoV-2019_75_LEFT2nCoV-2019_74_RIGHT0nCoV-2019_76_LEFT2nCoV-2019_75_RIGHT1nCoV-2019_77_LEFT27nCoV-2019_76_RIGHT13nCoV-2019_78_LEFT63nCoV-2019_77_RIGHT87nCoV-2019_79_LEFT5nCoV-2019_78_RIGHT23nCoV-2019_80_LEFT92nCoV-2019_79_RIGHT17nCoV-2019_81_LEFT28nCoV-2019_80_RIGHT33nCoV-2019_82_LEFT150nCoV-2019_81_RIGHT79nCoV-2019_83_LEFT22nCoV-2019_82_RIGHT50nCoV-2019_84_LEFT32nCoV-2019_83_RIGHT41nCoV-2019_85_LEFT77nCoV-2019_84_RIGHT50nCoV-2019_86_LEFT54nCoV-2019_85_RIGHT37nCoV-2019_87_LEFT48nCoV-2019_86_RIGHT30nCoV-2019_88_LEFT58nCoV-2019_87_RIGHT3nCoV-2019_89_LEFT37nCoV-2019_88_RIGHT91nCoV-2019_90_LEFT28nCoV-2019_89_RIGHT30nCoV-2019_91_LEFT27nCoV-2019_90_RIGHT21nCoV-2019_92_LEFT9nCoV-2019_91_RIGHT2nCoV-2019_93_LEFT38nCoV-2019_92_RIGHT14nCoV-2019_94_LEFT116nCoV-2019_93_RIGHT23nCoV-2019_95_LEFT39nCoV-2019_94_RIGHT55nCoV-2019_96_LEFT24nCoV-2019_95_RIGHT8nCoV-2019_97_LEFT0nCoV-2019_96_RIGHT17nCoV-2019_98_LEFT2nCoV-2019_97_RIGHT1nCoV-2019_98_RIGHT2Trimmed primers from 13.29% (6871) of reads.3.5% (1811) of reads were quality trimmed below the minimum length of 30 bp and were not written to file.84.15% (43493) of reads started outside of primer regions. Since the -e flag was given, these reads were written to file.58.16% (30061) of reads had their insert size smaller than their read length[bam_sort_core] merging from 0 files and 8 in-memory blocks...
            ]]></system-err>
        
    </testcase>
    
    <testcase classname="ivar_trim (Test #3)" name="2" time="32.18754291534424">
        
            
            <system-out><![CDATA[
            
            ]]></system-out>
            <system-err><![CDATA[
            Found 68 primers in BED fileReading from sorted.bam-------Results: Primer NameRead Count400_2_out_L265400_1_out_R116400_3_out_L*47400_2_out_R269400_4_out_L123400_3_out_R*55400_5_out_L1083400_4_out_R123400_6_out_L139400_5_out_R1044400_7_out_L246400_6_out_R140400_8_out_L*164400_7_out_R251400_9_out_L*105400_8_out_R*164400_10_out_L358400_9_out_R*104400_11_out_L1538400_10_out_R358400_12_out_L297400_11_out_R1541400_13_out_L209400_12_out_R293400_14_out_L*736400_13_out_R229400_15_out_L87400_14_out_R*735400_16_out_L*498400_15_out_R82400_17_out_L**1420400_16_out_R*493400_18_out_L**9400_17_out_R**1415400_19_out_L43400_18_out_R**9400_20_out_L*2128400_19_out_R50400_21_out_L*18400_20_out_R*2158400_22_out_L**33400_21_out_R*10400_23_out_L179400_22_out_R**5400_24_out_L**80400_23_out_R169400_25_out_L**3035400_24_out_R**80400_26_out_L423400_25_out_R**3073400_27_out_L104400_26_out_R428400_28_out_L41400_27_out_R6400_29_out_L113400_28_out_R43400_30_out_L1057400_29_out_R118400_31_out_L166400_30_out_R1054400_32_out_L280400_31_out_R170400_33_out_L*436400_32_out_R283400_34_out_L*688400_33_out_R*433400_35_out_L0400_34_out_R*688Trimmed primers from 99.24% (32302) of reads.10.73% (3493) of reads were quality trimmed below the minimum length of 30 bp and were not written to file.0.65% (212) of reads that started outside of primer regions were not written to file0.91% (296) of reads had their insert size smaller than their read length[bam_sort_core] merging from 0 files and 8 in-memory blocks...
            ]]></system-err>
        
    </testcase>
    
    <testcase classname="ivar_trim (Test #4)" name="3" time="33.33719611167908">
        
            
            <system-out><![CDATA[
            
            ]]></system-out>
            <system-err><![CDATA[
            Found 68 primers in BED fileReading from sorted.bamMinimum Read Length based on 1000 reads: 125-------Results: Primer NameRead Count400_2_out_L227400_1_out_R156400_3_out_L*76400_2_out_R238400_4_out_L91400_3_out_R*76400_5_out_L1548400_4_out_R98400_6_out_L37400_5_out_R1541400_7_out_L540400_6_out_R38400_8_out_L*143400_7_out_R538400_9_out_L*90400_8_out_R*143400_10_out_L400400_9_out_R*93400_11_out_L2536400_10_out_R402400_12_out_L146400_11_out_R2534400_13_out_L299400_12_out_R141400_14_out_L*676400_13_out_R307400_15_out_L183400_14_out_R*671400_16_out_L*419400_15_out_R180400_17_out_L**2322400_16_out_R*417400_18_out_L**32400_17_out_R**2315400_19_out_L67400_18_out_R**6400_20_out_L*1653400_19_out_R69400_21_out_L*18400_20_out_R*1681400_22_out_L**18400_21_out_R*13400_23_out_L297400_22_out_R**2400_24_out_L**61400_23_out_R292400_25_out_L**4363400_24_out_R**68400_26_out_L310400_25_out_R**4382400_27_out_L95400_26_out_R305400_28_out_L17400_27_out_R21400_29_out_L185400_28_out_R17400_30_out_L1512400_29_out_R187400_31_out_L266400_30_out_R1510400_32_out_L413400_31_out_R273400_33_out_L*546400_32_out_R411400_34_out_L*699400_33_out_R*536400_35_out_L0400_34_out_R*699Trimmed primers from 99.17% (40620) of reads.18.42% (7545) of reads were quality trimmed below the minimum length of 125 bp and were not written to file.0.67% (274) of reads that started outside of primer regions were not written to file0.57% (232) of reads had their insert size smaller than their read length[bam_sort_core] merging from 0 files and 8 in-memory blocks...
            ]]></system-err>
        
    </testcase>
    
    <testcase classname="ivar_trim (Test #5)" name="4" time="">
        
            <error type="error" message=""><![CDATA[
                { "status": "skip", "test_index": 4, "tool_id": "ivar_trim", "tool_version": "1.4.4+galaxy1"}
            ]]></error>
        
    </testcase>
    
    <testcase classname="ivar_trim (Test #6)" name="5" time="">
        
            <error type="error" message=""><![CDATA[
                { "status": "skip", "test_index": 5, "tool_id": "ivar_trim", "tool_version": "1.4.4+galaxy1"}
            ]]></error>
        
    </testcase>
    
    <testcase classname="medaka_variant (Test #1)" name="0" time="35.070759773254395">
        
            
                <error type="error" message="Tool exit code: 127"><![CDATA[
                    { "inputs": {  "ambig_ref": true,  "output_annotated|in_bam": {   "id": "06cb326a6bad3bd6",   "src": "hda"  },  "output_annotated|output_annotated_select": "true",  "output_log_bool": true,  "pool|inputs": [   {    "id": "d651b06cff79e4ca",    "src": "hda"   },   {    "id": "d651b06cff79e4ca",    "src": "hda"   }  ],  "pool|pool_mode": "Yes",  "reference_source|ref_file": {   "id": "42c9b2d5d757d87a",   "src": "hda"  },  "reference_source|reference_source_selector": "history" }, "job": {  "command_line": "cp \u0027/galaxy/server/database/objects/3/d/c/dataset_3dc9ea1d-9f41-4ae8-9da1-f7ee6a64ddf5.dat\u0027 reference.fa \u0026\u0026    medaka vcf --debug  --ambig_ref  \u0027/galaxy/server/database/objects/c/e/b/dataset_cebc8c76-13af-4178-aafd-1a908f4f670c.dat\u0027 \u0027/galaxy/server/database/objects/c/e/b/dataset_cebc8c76-13af-4178-aafd-1a908f4f670c.dat\u0027 reference.fa raw.vcf 2\u003e\u00261 | tee log.txt \u0026\u0026 ln -s \u0027/galaxy/server/database/objects/7/9/e/dataset_79e4ef4f-0c9b-4bf6-8c79-b78dd8af4a5d.dat\u0027 in.bam \u0026\u0026 ln -s \u0027/galaxy/server/database/objects/_metadata_files/c/8/5/metadata_c85da77d-3ff9-4aa8-a607-4b319370055b.dat\u0027 in.bai \u0026\u0026 medaka tools annotate --dpsp --pad 25 raw.vcf reference.fa in.bam tmp.vcf \u0026\u0026 python \u0027/cvmfs/cloud.galaxyproject.org/tools/toolshed.g2.bx.psu.edu/repos/iuc/medaka_variant/16fc9856b20a/medaka_variant/convert_VCF_info_fields.py\u0027 tmp.vcf \u0027/galaxy/server/database/objects/d/5/c/dataset_d5ceb26c-4864-4faf-9003-664ceda4a3a7.dat\u0027",  "command_version": "/galaxy/server/database/jobs_directory/000/30/tool_script.sh: line 10: medaka: command not found",  "copied_from_job_id": null,  "create_time": "2025-12-02T01:05:04.191809",  "dependencies": [],  "exit_code": 127,  "external_id": "gxy-zbqbw",  "galaxy_version": "24.1",  "handler": null,  "history_id": "90f6b4d9c1001af1",  "id": "06cb326a6bad3bd6",  "inputs": {   "output_annotated|in_bam": {    "id": "06cb326a6bad3bd6",    "src": "hda",    "uuid": "79e4ef4f-0c9b-4bf6-8c79-b78dd8af4a5d"   },   "pool|inputs": {    "id": "d651b06cff79e4ca",    "src": "hda",    "uuid": "cebc8c76-13af-4178-aafd-1a908f4f670c"   },   "pool|inputs1": {    "id": "d651b06cff79e4ca",    "src": "hda",    "uuid": "cebc8c76-13af-4178-aafd-1a908f4f670c"   },   "pool|inputs2": {    "id": "d651b06cff79e4ca",    "src": "hda",    "uuid": "cebc8c76-13af-4178-aafd-1a908f4f670c"   },   "reference_source|ref_file": {    "id": "42c9b2d5d757d87a",    "src": "hda",    "uuid": "3dc9ea1d-9f41-4ae8-9da1-f7ee6a64ddf5"   }  },  "job_messages": [   {    "code_desc": "",    "desc": "Fatal error: Exit code 127 ()",    "error_level": 3,    "exit_code": 127,    "type": "exit_code"   }  ],  "job_metrics": [   {    "name": "galaxy_slots",    "plugin": "core",    "raw_value": "1.0000000",    "title": "Cores Allocated",    "value": "1"   },   {    "name": "galaxy_memory_mb",    "plugin": "core",    "raw_value": "51539.0000000",    "title": "Memory Allocated (MB)",    "value": "51539"   },   {    "name": "start_epoch",    "plugin": "core",    "raw_value": "1764637505.0000000",    "title": "Job Start Time",    "value": "2025-12-02 01:05:05"   },   {    "name": "end_epoch",    "plugin": "core",    "raw_value": "1764637505.0000000",    "title": "Job End Time",    "value": "2025-12-02 01:05:05"   },   {    "name": "runtime_seconds",    "plugin": "core",    "raw_value": "0E-7",    "title": "Job Runtime (Wall Clock)",    "value": "0 seconds"   }  ],  "job_runner_name": null,  "job_stderr": "",  "job_stdout": "",  "model_class": "Job",  "output_collections": {},  "outputs": {   "out_log": {    "id": "5980721f7ec4fc3d",    "src": "hda",    "uuid": "7902aca5-c3c1-475d-bda5-fe3fc603c2c5"   },   "out_variants": {    "id": "9a6eb0a3c0dc47d3",    "src": "hda",    "uuid": "d5ceb26c-4864-4faf-9003-664ceda4a3a7"   }  },  "params": {   "__input_ext": "\"input\"",   "ambig_ref": "true",   "chromInfo": "\"/cvmfs/data.galaxyproject.org/managed/len/ucsc/?.len\"",   "dbkey": "\"?\"",   "gvcf": "false",   "output_annotated": "{\"__current_case__\": 0, \"in_bam\": {\"values\": [{\"id\": 30, \"src\": \"hda\"}]}, \"output_annotated_select\": \"true\", \"pad\": \"25\"}",   "output_log_bool": "true",   "pool": "{\"__current_case__\": 0, \"inputs\": {\"values\": [{\"id\": 28, \"src\": \"hda\"}, {\"id\": 28, \"src\": \"hda\"}]}, \"pool_mode\": \"Yes\"}",   "reference_source": "{\"__current_case__\": 1, \"ref_file\": {\"values\": [{\"id\": 29, \"src\": \"hda\"}]}, \"reference_source_selector\": \"history\"}",   "regions": "\"\"",   "verbose": "false"  },  "state": "error",  "stderr": "",  "stdout": "",  "tool_id": "toolshed.g2.bx.psu.edu/repos/iuc/medaka_variant/medaka_variant/2.1.1+galaxy0",  "tool_stderr": "",  "tool_stdout": "",  "update_time": "2025-12-02T01:05:16.488237",  "user_email": "tests@fake.org" }, "output_problems": [  "Job in error state.. tool_id: toolshed.g2.bx.psu.edu/repos/iuc/medaka_variant/medaka_variant/2.1.1+galaxy0, exit_code: 127, stderr: .",  "Job in error state.. tool_id: toolshed.g2.bx.psu.edu/repos/iuc/medaka_variant/medaka_variant/2.1.1+galaxy0, exit_code: 127, stderr: .",  "Job in error state.. tool_id: toolshed.g2.bx.psu.edu/repos/iuc/medaka_variant/medaka_variant/2.1.1+galaxy0, exit_code: 127, stderr: ." ], "status": "failure", "test_index": 0, "time_seconds": 35.070759773254395, "tool_id": "medaka_variant", "tool_version": "2.1.1+galaxy0"}
                ]]></error>
            
            <system-out><![CDATA[
            
            ]]></system-out>
            <system-err><![CDATA[
            
            ]]></system-err>
        
    </testcase>
    
    <testcase classname="medaka_variant (Test #2)" name="1" time="34.08676767349243">
        
            
                <error type="error" message="Tool exit code: 127"><![CDATA[
                    { "inputs": {  "ambig_ref": true,  "output_annotated|in_bam": {   "id": "871270ca06ea0d3a",   "src": "hda"  },  "output_annotated|output_annotated_select": "true",  "output_log_bool": true,  "pool|input": {   "id": "b76acf2fdc4910f8",   "src": "hda"  },  "pool|pool_mode": "No",  "reference_source|ref_file": {   "id": "9b57b3dd38021db8",   "src": "hda"  },  "reference_source|reference_source_selector": "history" }, "job": {  "command_line": "gunzip -c \u0027/galaxy/server/database/objects/c/3/3/dataset_c33defd8-8219-490e-a3ee-23a578a4317a.dat\u0027 \u003e reference.fa \u0026\u0026    medaka vcf --debug  --ambig_ref  \u0027/galaxy/server/database/objects/2/1/a/dataset_21a91f5f-d4a8-49bf-bd70-12aff3533a52.dat\u0027 reference.fa raw.vcf 2\u003e\u00261 | tee log.txt \u0026\u0026 ln -s \u0027/galaxy/server/database/objects/e/c/c/dataset_eccb07b6-f90a-4e22-996f-9b894c85be1f.dat\u0027 in.bam \u0026\u0026 ln -s \u0027/galaxy/server/database/objects/_metadata_files/6/c/3/metadata_6c325eec-adec-4066-96ff-639f6dc7d234.dat\u0027 in.bai \u0026\u0026 medaka tools annotate --dpsp --pad 25 raw.vcf reference.fa in.bam tmp.vcf \u0026\u0026 python \u0027/cvmfs/cloud.galaxyproject.org/tools/toolshed.g2.bx.psu.edu/repos/iuc/medaka_variant/16fc9856b20a/medaka_variant/convert_VCF_info_fields.py\u0027 tmp.vcf \u0027/galaxy/server/database/objects/6/4/a/dataset_64ab8d7c-c494-4430-9a3b-4ef41d0d32ef.dat\u0027",  "command_version": "/galaxy/server/database/jobs_directory/000/34/tool_script.sh: line 10: medaka: command not found",  "copied_from_job_id": null,  "create_time": "2025-12-02T01:05:39.307677",  "dependencies": [],  "exit_code": 127,  "external_id": "gxy-zh22v",  "galaxy_version": "24.1",  "handler": null,  "history_id": "90f6b4d9c1001af1",  "id": "9b57b3dd38021db8",  "inputs": {   "output_annotated|in_bam": {    "id": "871270ca06ea0d3a",    "src": "hda",    "uuid": "eccb07b6-f90a-4e22-996f-9b894c85be1f"   },   "pool|input": {    "id": "b76acf2fdc4910f8",    "src": "hda",    "uuid": "21a91f5f-d4a8-49bf-bd70-12aff3533a52"   },   "reference_source|ref_file": {    "id": "9b57b3dd38021db8",    "src": "hda",    "uuid": "c33defd8-8219-490e-a3ee-23a578a4317a"   }  },  "job_messages": [   {    "code_desc": "",    "desc": "Fatal error: Exit code 127 ()",    "error_level": 3,    "exit_code": 127,    "type": "exit_code"   }  ],  "job_metrics": [   {    "name": "runtime_seconds",    "plugin": "core",    "raw_value": "0E-7",    "title": "Job Runtime (Wall Clock)",    "value": "0 seconds"   },   {    "name": "end_epoch",    "plugin": "core",    "raw_value": "1764637540.0000000",    "title": "Job End Time",    "value": "2025-12-02 01:05:40"   },   {    "name": "start_epoch",    "plugin": "core",    "raw_value": "1764637540.0000000",    "title": "Job Start Time",    "value": "2025-12-02 01:05:40"   },   {    "name": "galaxy_memory_mb",    "plugin": "core",    "raw_value": "51539.0000000",    "title": "Memory Allocated (MB)",    "value": "51539"   },   {    "name": "galaxy_slots",    "plugin": "core",    "raw_value": "1.0000000",    "title": "Cores Allocated",    "value": "1"   }  ],  "job_runner_name": null,  "job_stderr": "",  "job_stdout": "",  "model_class": "Job",  "output_collections": {},  "outputs": {   "out_log": {    "id": "31ce11a5af74aba7",    "src": "hda",    "uuid": "789a50d2-8307-40f4-87b4-c4d5bb8b09f5"   },   "out_variants": {    "id": "99b557b12e650310",    "src": "hda",    "uuid": "64ab8d7c-c494-4430-9a3b-4ef41d0d32ef"   }  },  "params": {   "__input_ext": "\"input\"",   "ambig_ref": "true",   "chromInfo": "\"/cvmfs/data.galaxyproject.org/managed/len/ucsc/?.len\"",   "dbkey": "\"?\"",   "gvcf": "false",   "output_annotated": "{\"__current_case__\": 0, \"in_bam\": {\"values\": [{\"id\": 35, \"src\": \"hda\"}]}, \"output_annotated_select\": \"true\", \"pad\": \"25\"}",   "output_log_bool": "true",   "pool": "{\"__current_case__\": 1, \"input\": {\"values\": [{\"id\": 33, \"src\": \"hda\"}]}, \"pool_mode\": \"No\"}",   "reference_source": "{\"__current_case__\": 1, \"ref_file\": {\"values\": [{\"id\": 34, \"src\": \"hda\"}]}, \"reference_source_selector\": \"history\"}",   "regions": "\"\"",   "verbose": "false"  },  "state": "error",  "stderr": "",  "stdout": "",  "tool_id": "toolshed.g2.bx.psu.edu/repos/iuc/medaka_variant/medaka_variant/2.1.1+galaxy0",  "tool_stderr": "",  "tool_stdout": "",  "update_time": "2025-12-02T01:05:50.856928",  "user_email": "tests@fake.org" }, "output_problems": [  "Job in error state.. tool_id: toolshed.g2.bx.psu.edu/repos/iuc/medaka_variant/medaka_variant/2.1.1+galaxy0, exit_code: 127, stderr: .",  "Job in error state.. tool_id: toolshed.g2.bx.psu.edu/repos/iuc/medaka_variant/medaka_variant/2.1.1+galaxy0, exit_code: 127, stderr: .",  "Job in error state.. tool_id: toolshed.g2.bx.psu.edu/repos/iuc/medaka_variant/medaka_variant/2.1.1+galaxy0, exit_code: 127, stderr: ." ], "status": "failure", "test_index": 1, "time_seconds": 34.08676767349243, "tool_id": "medaka_variant", "tool_version": "2.1.1+galaxy0"}
                ]]></error>
            
            <system-out><![CDATA[
            
            ]]></system-out>
            <system-err><![CDATA[
            
            ]]></system-err>
        
    </testcase>
    
    <testcase classname="medaka_variant (Test #3)" name="2" time="31.173306465148926">
        
            
                <error type="error" message="Tool exit code: 127"><![CDATA[
                    { "inputs": {  "output_annotated|output_annotated_select": "false",  "output_log_bool": false,  "pool|input": {   "id": "bc679957adcc92e7",   "src": "hda"  },  "pool|pool_mode": "No",  "reference_source|ref_file": {   "id": "8d323d337e6346cc",   "src": "hda"  },  "reference_source|reference_source_selector": "history" }, "job": {  "command_line": "cp \u0027/galaxy/server/database/objects/a/3/6/dataset_a3613c6f-d56b-44ba-98b7-014af3622797.dat\u0027 reference.fa \u0026\u0026    medaka vcf --debug    \u0027/galaxy/server/database/objects/b/7/a/dataset_b7a9eec7-512a-4ed6-aed8-2977c2219443.dat\u0027 reference.fa \u0027/galaxy/server/database/objects/6/c/4/dataset_6c4de12a-aba2-4154-88b6-4370869ad956.dat\u0027 2\u003e\u00261 | tee log.txt",  "command_version": "/galaxy/server/database/jobs_directory/000/37/tool_script.sh: line 10: medaka: command not found",  "copied_from_job_id": null,  "create_time": "2025-12-02T01:06:10.752263",  "dependencies": [],  "exit_code": 127,  "external_id": "gxy-gbtnj",  "galaxy_version": "24.1",  "handler": null,  "history_id": "90f6b4d9c1001af1",  "id": "31ce11a5af74aba7",  "inputs": {   "pool|input": {    "id": "bc679957adcc92e7",    "src": "hda",    "uuid": "b7a9eec7-512a-4ed6-aed8-2977c2219443"   },   "reference_source|ref_file": {    "id": "8d323d337e6346cc",    "src": "hda",    "uuid": "a3613c6f-d56b-44ba-98b7-014af3622797"   }  },  "job_messages": [   {    "code_desc": "",    "desc": "Fatal error: Exit code 127 ()",    "error_level": 3,    "exit_code": 127,    "type": "exit_code"   }  ],  "job_metrics": [   {    "name": "runtime_seconds",    "plugin": "core",    "raw_value": "0E-7",    "title": "Job Runtime (Wall Clock)",    "value": "0 seconds"   },   {    "name": "end_epoch",    "plugin": "core",    "raw_value": "1764637572.0000000",    "title": "Job End Time",    "value": "2025-12-02 01:06:12"   },   {    "name": "start_epoch",    "plugin": "core",    "raw_value": "1764637572.0000000",    "title": "Job Start Time",    "value": "2025-12-02 01:06:12"   },   {    "name": "galaxy_memory_mb",    "plugin": "core",    "raw_value": "51539.0000000",    "title": "Memory Allocated (MB)",    "value": "51539"   },   {    "name": "galaxy_slots",    "plugin": "core",    "raw_value": "1.0000000",    "title": "Cores Allocated",    "value": "1"   }  ],  "job_runner_name": null,  "job_stderr": "",  "job_stdout": "",  "model_class": "Job",  "output_collections": {},  "outputs": {   "out_variants": {    "id": "21f78a1157ab109f",    "src": "hda",    "uuid": "6c4de12a-aba2-4154-88b6-4370869ad956"   }  },  "params": {   "__input_ext": "\"input\"",   "ambig_ref": "false",   "chromInfo": "\"/cvmfs/data.galaxyproject.org/managed/len/ucsc/?.len\"",   "dbkey": "\"?\"",   "gvcf": "false",   "output_annotated": "{\"__current_case__\": 1, \"output_annotated_select\": \"false\"}",   "output_log_bool": "false",   "pool": "{\"__current_case__\": 1, \"input\": {\"values\": [{\"id\": 38, \"src\": \"hda\"}]}, \"pool_mode\": \"No\"}",   "reference_source": "{\"__current_case__\": 1, \"ref_file\": {\"values\": [{\"id\": 39, \"src\": \"hda\"}]}, \"reference_source_selector\": \"history\"}",   "regions": "\"\"",   "verbose": "false"  },  "state": "error",  "stderr": "",  "stdout": "",  "tool_id": "toolshed.g2.bx.psu.edu/repos/iuc/medaka_variant/medaka_variant/2.1.1+galaxy0",  "tool_stderr": "",  "tool_stdout": "",  "update_time": "2025-12-02T01:06:22.331776",  "user_email": "tests@fake.org" }, "output_problems": [  "Job in error state.. tool_id: toolshed.g2.bx.psu.edu/repos/iuc/medaka_variant/medaka_variant/2.1.1+galaxy0, exit_code: 127, stderr: .",  "Job in error state.. tool_id: toolshed.g2.bx.psu.edu/repos/iuc/medaka_variant/medaka_variant/2.1.1+galaxy0, exit_code: 127, stderr: ." ], "status": "failure", "test_index": 2, "time_seconds": 31.173306465148926, "tool_id": "medaka_variant", "tool_version": "2.1.1+galaxy0"}
                ]]></error>
            
            <system-out><![CDATA[
            
            ]]></system-out>
            <system-err><![CDATA[
            
            ]]></system-err>
        
    </testcase>
    
    <testcase classname="poretools_times (Test #1)" name="0" time="11.287628650665283">
        
            <error type="error" message="Input staging problem: Traceback (most recent call last):
  File "/opt/hostedtoolcache/Python/3.12.12/x64/lib/python3.12/site-packages/galaxy/tool_util/verify/interactor.py", line 1436, in verify_tool
    stage_data_in_history(
  File "/opt/hostedtoolcache/Python/3.12.12/x64/lib/python3.12/site-packages/galaxy/tool_util/verify/interactor.py", line 175, in stage_data_in_history
    staging_interface.handle_jobs()
  File "/opt/hostedtoolcache/Python/3.12.12/x64/lib/python3.12/site-packages/galaxy/tool_util/verify/interactor.py", line 212, in handle_jobs
    self.galaxy_interactor.wait_for_job(job_response["id"], job_response["history_id"], self.maxseconds)
  File "/opt/hostedtoolcache/Python/3.12.12/x64/lib/python3.12/site-packages/galaxy/tool_util/verify/interactor.py", line 399, in wait_for_job
    self.wait_for(lambda: self.__job_ready(job_id, history_id), maxseconds=maxseconds)
  File "/opt/hostedtoolcache/Python/3.12.12/x64/lib/python3.12/site-packages/galaxy/tool_util/verify/interactor.py", line 403, in wait_for
    wait_on(func, what, walltime_exceeded)
  File "/opt/hostedtoolcache/Python/3.12.12/x64/lib/python3.12/site-packages/galaxy/tool_util/verify/wait.py", line 38, in wait_on
    value = function()
            ^^^^^^^^^^
  File "/opt/hostedtoolcache/Python/3.12.12/x64/lib/python3.12/site-packages/galaxy/tool_util/verify/interactor.py", line 399, in <lambda>
    self.wait_for(lambda: self.__job_ready(job_id, history_id), maxseconds=maxseconds)
                          ^^^^^^^^^^^^^^^^^^^^^^^^^^^^^^^^^^^^
  File "/opt/hostedtoolcache/Python/3.12.12/x64/lib/python3.12/site-packages/galaxy/tool_util/verify/interactor.py", line 749, in __job_ready
    return self._state_ready(job_id, error_msg="Job in error state.")
           ^^^^^^^^^^^^^^^^^^^^^^^^^^^^^^^^^^^^^^^^^^^^^^^^^^^^^^^^^^
  File "/opt/hostedtoolcache/Python/3.12.12/x64/lib/python3.12/site-packages/galaxy/tool_util/verify/interactor.py", line 841, in _state_ready
    raise Exception(
Exception: Job in error state.. tool_id: __DATA_FETCH__, exit_code: None, stderr: .
"><![CDATA[
                { "execution_problem": "Input staging problem: Traceback (most recent call last):\n  File \"/opt/hostedtoolcache/Python/3.12.12/x64/lib/python3.12/site-packages/galaxy/tool_util/verify/interactor.py\", line 1436, in verify_tool\n    stage_data_in_history(\n  File \"/opt/hostedtoolcache/Python/3.12.12/x64/lib/python3.12/site-packages/galaxy/tool_util/verify/interactor.py\", line 175, in stage_data_in_history\n    staging_interface.handle_jobs()\n  File \"/opt/hostedtoolcache/Python/3.12.12/x64/lib/python3.12/site-packages/galaxy/tool_util/verify/interactor.py\", line 212, in handle_jobs\n    self.galaxy_interactor.wait_for_job(job_response[\"id\"], job_response[\"history_id\"], self.maxseconds)\n  File \"/opt/hostedtoolcache/Python/3.12.12/x64/lib/python3.12/site-packages/galaxy/tool_util/verify/interactor.py\", line 399, in wait_for_job\n    self.wait_for(lambda: self.__job_ready(job_id, history_id), maxseconds=maxseconds)\n  File \"/opt/hostedtoolcache/Python/3.12.12/x64/lib/python3.12/site-packages/galaxy/tool_util/verify/interactor.py\", line 403, in wait_for\n    wait_on(func, what, walltime_exceeded)\n  File \"/opt/hostedtoolcache/Python/3.12.12/x64/lib/python3.12/site-packages/galaxy/tool_util/verify/wait.py\", line 38, in wait_on\n    value = function()\n            ^^^^^^^^^^\n  File \"/opt/hostedtoolcache/Python/3.12.12/x64/lib/python3.12/site-packages/galaxy/tool_util/verify/interactor.py\", line 399, in \u003clambda\u003e\n    self.wait_for(lambda: self.__job_ready(job_id, history_id), maxseconds=maxseconds)\n                          ^^^^^^^^^^^^^^^^^^^^^^^^^^^^^^^^^^^^\n  File \"/opt/hostedtoolcache/Python/3.12.12/x64/lib/python3.12/site-packages/galaxy/tool_util/verify/interactor.py\", line 749, in __job_ready\n    return self._state_ready(job_id, error_msg=\"Job in error state.\")\n           ^^^^^^^^^^^^^^^^^^^^^^^^^^^^^^^^^^^^^^^^^^^^^^^^^^^^^^^^^^\n  File \"/opt/hostedtoolcache/Python/3.12.12/x64/lib/python3.12/site-packages/galaxy/tool_util/verify/interactor.py\", line 841, in _state_ready\n    raise Exception(\nException: Job in error state.. tool_id: __DATA_FETCH__, exit_code: None, stderr: .\n", "status": "error", "test_index": 0, "time_seconds": 11.287628650665283, "tool_id": "poretools_times", "tool_version": "0.6.1a1.0"}
            ]]></error>
        
    </testcase>
    
    <testcase classname="sailfish (Test #1)" name="0" time="48.49567174911499">
        
            
            <system-out><![CDATA[
            
            ]]></system-out>
            <system-err><![CDATA[
            Version Info: Could not resolve upgrade information in the alotted time.Check for upgrades manually at www.cs.cmu.edu/~ckingsf/sailfish.writing log to ./index_dir/logs/sailfish_index.logRapMap Indexer[Step 1 of 4] : counting k-mersElapsed time: 0.000974391sReplaced 0 non-ATCG nucleotidesClipped poly-A tails from 0 transcriptsBuilding rank-select dictionary and saving to disk doneElapsed time: 1.529e-05sWriting sequence data to file . . . doneElapsed time: 8.1579e-05s[info] Building 32-bit suffix array (length of generalized text is 28577)Building suffix array . . . successsaving to disk . . . doneElapsed time: 9.02e-05sdoneElapsed time: 0.00264613sprocessed 0 positionskhash had 18955 keyssaving hash to disk . . . doneElapsed time: 0.00158954sVersion Info: Could not resolve upgrade information in the alotted time.Check for upgrades manually at www.cs.cmu.edu/~ckingsf/sailfish.# sailfish (quasi-mapping-based) v0.9.2# [ program ] => sailfish # [ command ] => quant # [ index ] => { ./index_dir }# [ mates1 ] => { ./mate1.fastq }# [ mates2 ] => { ./mate2.fastq }# [ libType ] => { IU }# [ output ] => { ./results }# [ threads ] => { 8 }# [ gcSizeSamp ] => { 1 }# [ gcSpeedSamp ] => { 1 }# [ fldMean ] => { 200 }# [ fldSD ] => { 80 }# [ maxReadOcc ] => { 200 }# [ maxFragLen ] => { 1000 }# [ txpAggregationKey ] => { gene_id }# [ numBiasSamples ] => { 1000000 }# [ numFragSamples ] => { 10000 }# [ numGibbsSamples ] => { 0 }# [ numBootstraps ] => { 0 }Logs will be written to ./results/logs[2025-12-02 01:11:03.922] [jointLog] [info] parsing read library formatthere is 1 libLoading 32-bit quasi indexIndex contained 15 targetsLoaded targets[2025-12-02 01:11:03.979] [jointLog] [info] Loading Quasi index[2025-12-02 01:11:03.982] [jointLog] [info] done[2025-12-02 01:11:03.999] [jointLog] [info] Gathered fragment lengths from all threads[2025-12-02 01:11:03.999] [jointLog] [warning] Sailfish saw fewer then 10000 uniquely mapped reads so 200 will be used as the mean fragment length and 80 as the standard deviation for effective length correction[2025-12-02 01:11:04.000] [jointLog] [info] Estimating effective lengthsDone Quasi-Mapping [2025-12-02 01:11:04.008] [jointLog] [info] Computed 21 rich equivalence classes for further processing[2025-12-02 01:11:04.008] [jointLog] [info] Counted 10000 total reads in the equivalence classes [2025-12-02 01:11:04.008] [jointLog] [info] Starting optimizer:[2025-12-02 01:11:04.008] [jointLog] [info] Optimizing over 21 equivalence classes[2025-12-02 01:11:04.008] [jointLog] [info] iteration = 0 | max rel diff. = 14.873[2025-12-02 01:11:04.009] [jointLog] [info] iteration = 64 | max rel diff. = 0.00117687[2025-12-02 01:11:04.009] [jointLog] [info] Finished optimizer[2025-12-02 01:11:04.009] [jointLog] [info] writing output [2025-12-02 01:11:03.980] [stderrLog] [info] Loading Suffix Array [2025-12-02 01:11:03.980] [stderrLog] [info] Loading Position Hash[2025-12-02 01:11:03.981] [stderrLog] [info] Loading Transcript Info [2025-12-02 01:11:03.981] [stderrLog] [info] Loading Rank-Select Bit Array[2025-12-02 01:11:03.982] [stderrLog] [info] There were 15 set bits in the bit array[2025-12-02 01:11:03.982] [stderrLog] [info] Computing transcript lengths[2025-12-02 01:11:03.982] [stderrLog] [info] Waiting to finish loading hash[2025-12-02 01:11:03.982] [stderrLog] [info] Done loading index
            ]]></system-err>
        
    </testcase>
    
    <testcase classname="sailfish (Test #2)" name="1" time="35.986950635910034">
        
            
            <system-out><![CDATA[
            
            ]]></system-out>
            <system-err><![CDATA[
            Version Info: Could not resolve upgrade information in the alotted time.Check for upgrades manually at www.cs.cmu.edu/~ckingsf/sailfish.writing log to ./index_dir/logs/sailfish_index.logRapMap Indexer[Step 1 of 4] : counting k-mersElapsed time: 0.00093972sReplaced 0 non-ATCG nucleotidesClipped poly-A tails from 0 transcriptsBuilding rank-select dictionary and saving to disk doneElapsed time: 1.557e-05sWriting sequence data to file . . . doneElapsed time: 7.673e-05s[info] Building 32-bit suffix array (length of generalized text is 28577)Building suffix array . . . successsaving to disk . . . doneElapsed time: 0.00014063sdoneElapsed time: 0.007788sprocessed 0 positionskhash had 18955 keyssaving hash to disk . . . doneElapsed time: 0.00109593sVersion Info: Could not resolve upgrade information in the alotted time.Check for upgrades manually at www.cs.cmu.edu/~ckingsf/sailfish.# sailfish (quasi-mapping-based) v0.9.2# [ program ] => sailfish # [ command ] => quant # [ index ] => { ./index_dir }# [ mates1 ] => { /dev/fd/63 }# [ mates2 ] => { /dev/fd/62 }# [ libType ] => { IU }# [ output ] => { ./results }# [ threads ] => { 8 }# [ gcSizeSamp ] => { 1 }# [ gcSpeedSamp ] => { 1 }# [ fldMean ] => { 200 }# [ fldSD ] => { 80 }# [ maxReadOcc ] => { 200 }# [ maxFragLen ] => { 1000 }# [ txpAggregationKey ] => { gene_id }# [ numBiasSamples ] => { 1000000 }# [ numFragSamples ] => { 10000 }# [ numGibbsSamples ] => { 0 }# [ numBootstraps ] => { 0 }Logs will be written to ./results/logs[2025-12-02 01:11:43.024] [jointLog] [info] parsing read library formatthere is 1 libLoading 32-bit quasi indexIndex contained 15 targetsLoaded targets[2025-12-02 01:11:43.079] [jointLog] [info] Loading Quasi index[2025-12-02 01:11:43.082] [jointLog] [info] done[2025-12-02 01:11:43.102] [jointLog] [info] Gathered fragment lengths from all threads[2025-12-02 01:11:43.102] [jointLog] [warning] Sailfish saw fewer then 10000 uniquely mapped reads so 200 will be used as the mean fragment length and 80 as the standard deviation for effective length correction[2025-12-02 01:11:43.102] [jointLog] [info] Estimating effective lengthsDone Quasi-Mapping [2025-12-02 01:11:43.110] [jointLog] [info] Computed 21 rich equivalence classes for further processing[2025-12-02 01:11:43.110] [jointLog] [info] Counted 10000 total reads in the equivalence classes [2025-12-02 01:11:43.111] [jointLog] [info] Starting optimizer:[2025-12-02 01:11:43.111] [jointLog] [info] Optimizing over 21 equivalence classes[2025-12-02 01:11:43.111] [jointLog] [info] iteration = 0 | max rel diff. = 14.873[2025-12-02 01:11:43.111] [jointLog] [info] iteration = 64 | max rel diff. = 0.00117687[2025-12-02 01:11:43.111] [jointLog] [info] Finished optimizer[2025-12-02 01:11:43.111] [jointLog] [info] writing output [2025-12-02 01:11:43.081] [stderrLog] [info] Loading Position Hash[2025-12-02 01:11:43.081] [stderrLog] [info] Loading Suffix Array [2025-12-02 01:11:43.081] [stderrLog] [info] Loading Transcript Info [2025-12-02 01:11:43.082] [stderrLog] [info] Loading Rank-Select Bit Array[2025-12-02 01:11:43.082] [stderrLog] [info] There were 15 set bits in the bit array[2025-12-02 01:11:43.082] [stderrLog] [info] Computing transcript lengths[2025-12-02 01:11:43.082] [stderrLog] [info] Waiting to finish loading hash[2025-12-02 01:11:43.082] [stderrLog] [info] Done loading index
            ]]></system-err>
        
    </testcase>
    
    <testcase classname="sailfish (Test #3)" name="2" time="37.54535365104675">
        
            
            <system-out><![CDATA[
            
            ]]></system-out>
            <system-err><![CDATA[
            Version Info: Could not resolve upgrade information in the alotted time.Check for upgrades manually at www.cs.cmu.edu/~ckingsf/sailfish.writing log to ./index_dir/logs/sailfish_index.logRapMap Indexer[Step 1 of 4] : counting k-mersElapsed time: 0.00081984sReplaced 0 non-ATCG nucleotidesClipped poly-A tails from 0 transcriptsBuilding rank-select dictionary and saving to disk doneElapsed time: 1.539e-05sWriting sequence data to file . . . doneElapsed time: 4.646e-05s[info] Building 32-bit suffix array (length of generalized text is 28577)Building suffix array . . . successsaving to disk . . . doneElapsed time: 9.854e-05sdoneElapsed time: 0.00767532sprocessed 0 positionskhash had 18955 keyssaving hash to disk . . . doneElapsed time: 0.0009819sVersion Info: Could not resolve upgrade information in the alotted time.Check for upgrades manually at www.cs.cmu.edu/~ckingsf/sailfish.# sailfish (quasi-mapping-based) v0.9.2# [ program ] => sailfish # [ command ] => quant # [ index ] => { ./index_dir }# [ mates1 ] => { ./mate1.fastq }# [ mates2 ] => { ./mate2.fastq }# [ libType ] => { IU }# [ output ] => { ./results }# [ biasCorrect ] => { }# [ threads ] => { 8 }# [ gcSizeSamp ] => { 1 }# [ gcSpeedSamp ] => { 1 }# [ fldMean ] => { 200 }# [ fldSD ] => { 80 }# [ maxReadOcc ] => { 200 }# [ maxFragLen ] => { 1000 }# [ txpAggregationKey ] => { gene_id }# [ numBiasSamples ] => { 1000000 }# [ numFragSamples ] => { 10000 }# [ numGibbsSamples ] => { 0 }# [ numBootstraps ] => { 0 }Logs will be written to ./results/logs[2025-12-02 01:12:19.946] [jointLog] [info] parsing read library formatthere is 1 libLoading 32-bit quasi indexIndex contained 15 targetsLoaded targets[2025-12-02 01:12:20.001] [jointLog] [info] Loading Quasi index[2025-12-02 01:12:20.004] [jointLog] [info] done[2025-12-02 01:12:20.022] [jointLog] [info] Gathered fragment lengths from all threads[2025-12-02 01:12:20.022] [jointLog] [warning] Sailfish saw fewer then 10000 uniquely mapped reads so 200 will be used as the mean fragment length and 80 as the standard deviation for effective length correction[2025-12-02 01:12:20.023] [jointLog] [info] Estimating effective lengthsDone Quasi-Mapping [2025-12-02 01:12:20.031] [jointLog] [info] Computed 21 rich equivalence classes for further processing[2025-12-02 01:12:20.031] [jointLog] [info] Counted 10000 total reads in the equivalence classes [2025-12-02 01:12:20.031] [jointLog] [info] Starting optimizer:[2025-12-02 01:12:20.031] [jointLog] [info] Optimizing over 21 equivalence classes[2025-12-02 01:12:20.031] [jointLog] [info] iteration = 0 | max rel diff. = 14.873[2025-12-02 01:12:20.031] [jointLog] [info] iteration 50, recomputing effective lengths[2025-12-02 01:12:20.033] [jointLog] [info] iteration = 63 | max rel diff. = 0.00199953[2025-12-02 01:12:20.033] [jointLog] [info] Finished optimizer[2025-12-02 01:12:20.033] [jointLog] [info] writing output [2025-12-02 01:12:20.003] [stderrLog] [info] Loading Position Hash[2025-12-02 01:12:20.003] [stderrLog] [info] Loading Suffix Array [2025-12-02 01:12:20.004] [stderrLog] [info] Loading Transcript Info [2025-12-02 01:12:20.004] [stderrLog] [info] Loading Rank-Select Bit Array[2025-12-02 01:12:20.004] [stderrLog] [info] There were 15 set bits in the bit array[2025-12-02 01:12:20.004] [stderrLog] [info] Computing transcript lengths[2025-12-02 01:12:20.004] [stderrLog] [info] Waiting to finish loading hash[2025-12-02 01:12:20.004] [stderrLog] [info] Done loading index
            ]]></system-err>
        
    </testcase>
    
    <testcase classname="sailfish (Test #4)" name="3" time="40.265857219696045">
        
            
            <system-out><![CDATA[
            
            ]]></system-out>
            <system-err><![CDATA[
            Version Info: Could not resolve upgrade information in the alotted time.Check for upgrades manually at www.cs.cmu.edu/~ckingsf/sailfish.writing log to ./index_dir/logs/sailfish_index.logRapMap Indexer[Step 1 of 4] : counting k-mersElapsed time: 0.000805179sReplaced 0 non-ATCG nucleotidesClipped poly-A tails from 0 transcriptsBuilding rank-select dictionary and saving to disk doneElapsed time: 1.4271e-05sWriting sequence data to file . . . doneElapsed time: 6.333e-05s[info] Building 32-bit suffix array (length of generalized text is 28577)Building suffix array . . . successsaving to disk . . . doneElapsed time: 9.165e-05sdoneElapsed time: 0.00378873sprocessed 0 positionskhash had 18955 keyssaving hash to disk . . . doneElapsed time: 0.000965629sVersion Info: Could not resolve upgrade information in the alotted time.Check for upgrades manually at www.cs.cmu.edu/~ckingsf/sailfish.# sailfish (quasi-mapping-based) v0.9.2# [ program ] => sailfish # [ command ] => quant # [ index ] => { ./index_dir }# [ mates1 ] => { ./mate1.fastq }# [ mates2 ] => { ./mate2.fastq }# [ libType ] => { IU }# [ output ] => { ./results }# [ biasCorrect ] => { }# [ threads ] => { 8 }# [ gcSizeSamp ] => { 1 }# [ gcSpeedSamp ] => { 1 }# [ fldMean ] => { 200 }# [ fldSD ] => { 80 }# [ maxReadOcc ] => { 200 }# [ geneMap ] => { ./geneMap.tabular }# [ maxFragLen ] => { 1000 }# [ txpAggregationKey ] => { gene_id }# [ numBiasSamples ] => { 1000000 }# [ numFragSamples ] => { 10000 }# [ numGibbsSamples ] => { 0 }# [ numBootstraps ] => { 0 }Logs will be written to ./results/logs[2025-12-02 01:13:00.180] [jointLog] [info] parsing read library formatthere is 1 libLoading 32-bit quasi indexIndex contained 15 targetsLoaded targets[2025-12-02 01:13:00.236] [jointLog] [info] Loading Quasi index[2025-12-02 01:13:00.239] [jointLog] [info] done[2025-12-02 01:13:00.257] [jointLog] [info] Gathered fragment lengths from all threads[2025-12-02 01:13:00.257] [jointLog] [warning] Sailfish saw fewer then 10000 uniquely mapped reads so 200 will be used as the mean fragment length and 80 as the standard deviation for effective length correction[2025-12-02 01:13:00.258] [jointLog] [info] Estimating effective lengthsDone Quasi-Mapping [2025-12-02 01:13:00.266] [jointLog] [info] Computed 21 rich equivalence classes for further processing[2025-12-02 01:13:00.266] [jointLog] [info] Counted 10000 total reads in the equivalence classes [2025-12-02 01:13:00.266] [jointLog] [info] Starting optimizer:[2025-12-02 01:13:00.267] [jointLog] [info] Optimizing over 21 equivalence classes[2025-12-02 01:13:00.267] [jointLog] [info] iteration = 0 | max rel diff. = 14.873[2025-12-02 01:13:00.267] [jointLog] [info] iteration 50, recomputing effective lengths[2025-12-02 01:13:00.269] [jointLog] [info] iteration = 63 | max rel diff. = 0.00199953[2025-12-02 01:13:00.269] [jointLog] [info] Finished optimizer[2025-12-02 01:13:00.269] [jointLog] [info] writing output [2025-12-02 01:13:00.237] [stderrLog] [info] Loading Suffix Array [2025-12-02 01:13:00.237] [stderrLog] [info] Loading Position Hash[2025-12-02 01:13:00.238] [stderrLog] [info] Loading Transcript Info [2025-12-02 01:13:00.238] [stderrLog] [info] Loading Rank-Select Bit Array[2025-12-02 01:13:00.238] [stderrLog] [info] There were 15 set bits in the bit array[2025-12-02 01:13:00.238] [stderrLog] [info] Computing transcript lengths[2025-12-02 01:13:00.238] [stderrLog] [info] Waiting to finish loading hash[2025-12-02 01:13:00.239] [stderrLog] [info] Done loading indexComputing gene-level abundance estimatesThere were 3 transcripts mapping to 3 genesWARNING: couldn't find transcript named [NR_031764]; returning transcript  as it's own genedoneAggregating expressions to gene level . . . done
            ]]></system-err>
        
    </testcase>
    
    <testcase classname="sam_pileup (Test #1)" name="0" time="0.13171601295471191">
        
            <error type="error" message="Input staging problem: Traceback (most recent call last):
  File "/opt/hostedtoolcache/Python/3.12.12/x64/lib/python3.12/site-packages/galaxy/tool_util/verify/interactor.py", line 1436, in verify_tool
    stage_data_in_history(
  File "/opt/hostedtoolcache/Python/3.12.12/x64/lib/python3.12/site-packages/galaxy/tool_util/verify/interactor.py", line 163, in stage_data_in_history
    test_dict = galaxy_interactor.remote_to_input(
                ^^^^^^^^^^^^^^^^^^^^^^^^^^^^^^^^^^
  File "/opt/hostedtoolcache/Python/3.12.12/x64/lib/python3.12/site-packages/galaxy/tool_util/verify/interactor.py", line 582, in remote_to_input
    path_or_location = self._get_path_or_location(
                       ^^^^^^^^^^^^^^^^^^^^^^^^^^^
  File "/opt/hostedtoolcache/Python/3.12.12/x64/lib/python3.12/site-packages/galaxy/tool_util/verify/interactor.py", line 619, in _get_path_or_location
    path = self.test_data_download(
           ^^^^^^^^^^^^^^^^^^^^^^^^
  File "/opt/hostedtoolcache/Python/3.12.12/x64/lib/python3.12/site-packages/galaxy/tool_util/verify/interactor.py", line 525, in test_data_download
    raise AssertionError(f"Test input file ({filename}) cannot be found.")
AssertionError: Test input file (sam_pileup_in1.bam) cannot be found.
"><![CDATA[
                { "execution_problem": "Input staging problem: Traceback (most recent call last):\n  File \"/opt/hostedtoolcache/Python/3.12.12/x64/lib/python3.12/site-packages/galaxy/tool_util/verify/interactor.py\", line 1436, in verify_tool\n    stage_data_in_history(\n  File \"/opt/hostedtoolcache/Python/3.12.12/x64/lib/python3.12/site-packages/galaxy/tool_util/verify/interactor.py\", line 163, in stage_data_in_history\n    test_dict = galaxy_interactor.remote_to_input(\n                ^^^^^^^^^^^^^^^^^^^^^^^^^^^^^^^^^^\n  File \"/opt/hostedtoolcache/Python/3.12.12/x64/lib/python3.12/site-packages/galaxy/tool_util/verify/interactor.py\", line 582, in remote_to_input\n    path_or_location = self._get_path_or_location(\n                       ^^^^^^^^^^^^^^^^^^^^^^^^^^^\n  File \"/opt/hostedtoolcache/Python/3.12.12/x64/lib/python3.12/site-packages/galaxy/tool_util/verify/interactor.py\", line 619, in _get_path_or_location\n    path = self.test_data_download(\n           ^^^^^^^^^^^^^^^^^^^^^^^^\n  File \"/opt/hostedtoolcache/Python/3.12.12/x64/lib/python3.12/site-packages/galaxy/tool_util/verify/interactor.py\", line 525, in test_data_download\n    raise AssertionError(f\"Test input file ({filename}) cannot be found.\")\nAssertionError: Test input file (sam_pileup_in1.bam) cannot be found.\n", "status": "error", "test_index": 0, "time_seconds": 0.13171601295471191, "tool_id": "sam_pileup", "tool_version": "1.1.3"}
            ]]></error>
        
    </testcase>
    
    <testcase classname="samtools_calmd (Test #1)" name="0" time="0.13219118118286133">
        
            <error type="error" message="Input staging problem: Traceback (most recent call last):
  File "/opt/hostedtoolcache/Python/3.12.12/x64/lib/python3.12/site-packages/galaxy/tool_util/verify/interactor.py", line 1436, in verify_tool
    stage_data_in_history(
  File "/opt/hostedtoolcache/Python/3.12.12/x64/lib/python3.12/site-packages/galaxy/tool_util/verify/interactor.py", line 163, in stage_data_in_history
    test_dict = galaxy_interactor.remote_to_input(
                ^^^^^^^^^^^^^^^^^^^^^^^^^^^^^^^^^^
  File "/opt/hostedtoolcache/Python/3.12.12/x64/lib/python3.12/site-packages/galaxy/tool_util/verify/interactor.py", line 582, in remote_to_input
    path_or_location = self._get_path_or_location(
                       ^^^^^^^^^^^^^^^^^^^^^^^^^^^
  File "/opt/hostedtoolcache/Python/3.12.12/x64/lib/python3.12/site-packages/galaxy/tool_util/verify/interactor.py", line 619, in _get_path_or_location
    path = self.test_data_download(
           ^^^^^^^^^^^^^^^^^^^^^^^^
  File "/opt/hostedtoolcache/Python/3.12.12/x64/lib/python3.12/site-packages/galaxy/tool_util/verify/interactor.py", line 525, in test_data_download
    raise AssertionError(f"Test input file ({filename}) cannot be found.")
AssertionError: Test input file (phiX.bam) cannot be found.
"><![CDATA[
                { "execution_problem": "Input staging problem: Traceback (most recent call last):\n  File \"/opt/hostedtoolcache/Python/3.12.12/x64/lib/python3.12/site-packages/galaxy/tool_util/verify/interactor.py\", line 1436, in verify_tool\n    stage_data_in_history(\n  File \"/opt/hostedtoolcache/Python/3.12.12/x64/lib/python3.12/site-packages/galaxy/tool_util/verify/interactor.py\", line 163, in stage_data_in_history\n    test_dict = galaxy_interactor.remote_to_input(\n                ^^^^^^^^^^^^^^^^^^^^^^^^^^^^^^^^^^\n  File \"/opt/hostedtoolcache/Python/3.12.12/x64/lib/python3.12/site-packages/galaxy/tool_util/verify/interactor.py\", line 582, in remote_to_input\n    path_or_location = self._get_path_or_location(\n                       ^^^^^^^^^^^^^^^^^^^^^^^^^^^\n  File \"/opt/hostedtoolcache/Python/3.12.12/x64/lib/python3.12/site-packages/galaxy/tool_util/verify/interactor.py\", line 619, in _get_path_or_location\n    path = self.test_data_download(\n           ^^^^^^^^^^^^^^^^^^^^^^^^\n  File \"/opt/hostedtoolcache/Python/3.12.12/x64/lib/python3.12/site-packages/galaxy/tool_util/verify/interactor.py\", line 525, in test_data_download\n    raise AssertionError(f\"Test input file ({filename}) cannot be found.\")\nAssertionError: Test input file (phiX.bam) cannot be found.\n", "status": "error", "test_index": 0, "time_seconds": 0.13219118118286133, "tool_id": "samtools_calmd", "tool_version": "2.0.7"}
            ]]></error>
        
    </testcase>
    
    <testcase classname="samtools_calmd (Test #2)" name="1" time="0.07005620002746582">
        
            <error type="error" message="Input staging problem: Traceback (most recent call last):
  File "/opt/hostedtoolcache/Python/3.12.12/x64/lib/python3.12/site-packages/galaxy/tool_util/verify/interactor.py", line 1436, in verify_tool
    stage_data_in_history(
  File "/opt/hostedtoolcache/Python/3.12.12/x64/lib/python3.12/site-packages/galaxy/tool_util/verify/interactor.py", line 163, in stage_data_in_history
    test_dict = galaxy_interactor.remote_to_input(
                ^^^^^^^^^^^^^^^^^^^^^^^^^^^^^^^^^^
  File "/opt/hostedtoolcache/Python/3.12.12/x64/lib/python3.12/site-packages/galaxy/tool_util/verify/interactor.py", line 582, in remote_to_input
    path_or_location = self._get_path_or_location(
                       ^^^^^^^^^^^^^^^^^^^^^^^^^^^
  File "/opt/hostedtoolcache/Python/3.12.12/x64/lib/python3.12/site-packages/galaxy/tool_util/verify/interactor.py", line 619, in _get_path_or_location
    path = self.test_data_download(
           ^^^^^^^^^^^^^^^^^^^^^^^^
  File "/opt/hostedtoolcache/Python/3.12.12/x64/lib/python3.12/site-packages/galaxy/tool_util/verify/interactor.py", line 525, in test_data_download
    raise AssertionError(f"Test input file ({filename}) cannot be found.")
AssertionError: Test input file (phiX.bam) cannot be found.
"><![CDATA[
                { "execution_problem": "Input staging problem: Traceback (most recent call last):\n  File \"/opt/hostedtoolcache/Python/3.12.12/x64/lib/python3.12/site-packages/galaxy/tool_util/verify/interactor.py\", line 1436, in verify_tool\n    stage_data_in_history(\n  File \"/opt/hostedtoolcache/Python/3.12.12/x64/lib/python3.12/site-packages/galaxy/tool_util/verify/interactor.py\", line 163, in stage_data_in_history\n    test_dict = galaxy_interactor.remote_to_input(\n                ^^^^^^^^^^^^^^^^^^^^^^^^^^^^^^^^^^\n  File \"/opt/hostedtoolcache/Python/3.12.12/x64/lib/python3.12/site-packages/galaxy/tool_util/verify/interactor.py\", line 582, in remote_to_input\n    path_or_location = self._get_path_or_location(\n                       ^^^^^^^^^^^^^^^^^^^^^^^^^^^\n  File \"/opt/hostedtoolcache/Python/3.12.12/x64/lib/python3.12/site-packages/galaxy/tool_util/verify/interactor.py\", line 619, in _get_path_or_location\n    path = self.test_data_download(\n           ^^^^^^^^^^^^^^^^^^^^^^^^\n  File \"/opt/hostedtoolcache/Python/3.12.12/x64/lib/python3.12/site-packages/galaxy/tool_util/verify/interactor.py\", line 525, in test_data_download\n    raise AssertionError(f\"Test input file ({filename}) cannot be found.\")\nAssertionError: Test input file (phiX.bam) cannot be found.\n", "status": "error", "test_index": 1, "time_seconds": 0.07005620002746582, "tool_id": "samtools_calmd", "tool_version": "2.0.7"}
            ]]></error>
        
    </testcase>
    
    <testcase classname="vcfgeno2haplo (Test #1)" name="0" time="42.3485541343689">
        
            
            <system-out><![CDATA[
            
            ]]></system-out>
            <system-err><![CDATA[
            index file localref.fa.fai not found, generating...no alternate alleles remain at phiX174:1015 after haplotype validation
            ]]></system-err>
        
    </testcase>
    
</testsuite>