<?xml version="1.0" encoding="UTF-8"?>
<testsuite name="Results (powered by Planemo)"
           tests="35"
           errors="17"
           failures="2"
           skip="0">
    
    <testcase classname="bcftools_convert_to_vcf (Test #1)" name="0" time="43.544344425201416">
        
            
            <system-out><![CDATA[
            
            ]]></system-out>
            <system-err><![CDATA[
            Number of processed rows: 32
            ]]></system-err>
        
    </testcase>
    
    <testcase classname="bcftools_convert_to_vcf (Test #2)" name="1" time="12.579317808151245">
        
            <error type="error" message="Input staging problem: Traceback (most recent call last):
  File "/opt/hostedtoolcache/Python/3.12.12/x64/lib/python3.12/site-packages/galaxy/tool_util/verify/interactor.py", line 1466, in verify_tool
    stage_data_in_history(
  File "/opt/hostedtoolcache/Python/3.12.12/x64/lib/python3.12/site-packages/galaxy/tool_util/verify/interactor.py", line 175, in stage_data_in_history
    staging_interface.handle_jobs()
  File "/opt/hostedtoolcache/Python/3.12.12/x64/lib/python3.12/site-packages/galaxy/tool_util/verify/interactor.py", line 212, in handle_jobs
    self.galaxy_interactor.wait_for_job(job_response["id"], job_response["history_id"], self.maxseconds)
  File "/opt/hostedtoolcache/Python/3.12.12/x64/lib/python3.12/site-packages/galaxy/tool_util/verify/interactor.py", line 398, in wait_for_job
    self.wait_for(lambda: self.__job_ready(job_id, history_id), maxseconds=maxseconds)
  File "/opt/hostedtoolcache/Python/3.12.12/x64/lib/python3.12/site-packages/galaxy/tool_util/verify/interactor.py", line 402, in wait_for
    wait_on(func, what, walltime_exceeded)
  File "/opt/hostedtoolcache/Python/3.12.12/x64/lib/python3.12/site-packages/galaxy/tool_util/verify/wait.py", line 38, in wait_on
    value = function()
            ^^^^^^^^^^
  File "/opt/hostedtoolcache/Python/3.12.12/x64/lib/python3.12/site-packages/galaxy/tool_util/verify/interactor.py", line 398, in <lambda>
    self.wait_for(lambda: self.__job_ready(job_id, history_id), maxseconds=maxseconds)
                          ^^^^^^^^^^^^^^^^^^^^^^^^^^^^^^^^^^^^
  File "/opt/hostedtoolcache/Python/3.12.12/x64/lib/python3.12/site-packages/galaxy/tool_util/verify/interactor.py", line 751, in __job_ready
    return self._state_ready(job_id, error_msg="Job in error state.")
           ^^^^^^^^^^^^^^^^^^^^^^^^^^^^^^^^^^^^^^^^^^^^^^^^^^^^^^^^^^
  File "/opt/hostedtoolcache/Python/3.12.12/x64/lib/python3.12/site-packages/galaxy/tool_util/verify/interactor.py", line 847, in _state_ready
    raise Exception(
Exception: Job in error state.. tool_id: __DATA_FETCH__, exit_code: None, stderr: .
"><![CDATA[
                { "execution_problem": "Input staging problem: Traceback (most recent call last):\n  File \"/opt/hostedtoolcache/Python/3.12.12/x64/lib/python3.12/site-packages/galaxy/tool_util/verify/interactor.py\", line 1466, in verify_tool\n    stage_data_in_history(\n  File \"/opt/hostedtoolcache/Python/3.12.12/x64/lib/python3.12/site-packages/galaxy/tool_util/verify/interactor.py\", line 175, in stage_data_in_history\n    staging_interface.handle_jobs()\n  File \"/opt/hostedtoolcache/Python/3.12.12/x64/lib/python3.12/site-packages/galaxy/tool_util/verify/interactor.py\", line 212, in handle_jobs\n    self.galaxy_interactor.wait_for_job(job_response[\"id\"], job_response[\"history_id\"], self.maxseconds)\n  File \"/opt/hostedtoolcache/Python/3.12.12/x64/lib/python3.12/site-packages/galaxy/tool_util/verify/interactor.py\", line 398, in wait_for_job\n    self.wait_for(lambda: self.__job_ready(job_id, history_id), maxseconds=maxseconds)\n  File \"/opt/hostedtoolcache/Python/3.12.12/x64/lib/python3.12/site-packages/galaxy/tool_util/verify/interactor.py\", line 402, in wait_for\n    wait_on(func, what, walltime_exceeded)\n  File \"/opt/hostedtoolcache/Python/3.12.12/x64/lib/python3.12/site-packages/galaxy/tool_util/verify/wait.py\", line 38, in wait_on\n    value = function()\n            ^^^^^^^^^^\n  File \"/opt/hostedtoolcache/Python/3.12.12/x64/lib/python3.12/site-packages/galaxy/tool_util/verify/interactor.py\", line 398, in \u003clambda\u003e\n    self.wait_for(lambda: self.__job_ready(job_id, history_id), maxseconds=maxseconds)\n                          ^^^^^^^^^^^^^^^^^^^^^^^^^^^^^^^^^^^^\n  File \"/opt/hostedtoolcache/Python/3.12.12/x64/lib/python3.12/site-packages/galaxy/tool_util/verify/interactor.py\", line 751, in __job_ready\n    return self._state_ready(job_id, error_msg=\"Job in error state.\")\n           ^^^^^^^^^^^^^^^^^^^^^^^^^^^^^^^^^^^^^^^^^^^^^^^^^^^^^^^^^^\n  File \"/opt/hostedtoolcache/Python/3.12.12/x64/lib/python3.12/site-packages/galaxy/tool_util/verify/interactor.py\", line 847, in _state_ready\n    raise Exception(\nException: Job in error state.. tool_id: __DATA_FETCH__, exit_code: None, stderr: .\n", "status": "error", "test_index": 1, "time_seconds": 12.579317808151245, "tool_id": "bcftools_convert_to_vcf", "tool_version": "1.22+galaxy0"}
            ]]></error>
        
    </testcase>
    
    <testcase classname="bcftools_convert_to_vcf (Test #3)" name="2" time="12.117470264434814">
        
            <error type="error" message="Input staging problem: Traceback (most recent call last):
  File "/opt/hostedtoolcache/Python/3.12.12/x64/lib/python3.12/site-packages/galaxy/tool_util/verify/interactor.py", line 1466, in verify_tool
    stage_data_in_history(
  File "/opt/hostedtoolcache/Python/3.12.12/x64/lib/python3.12/site-packages/galaxy/tool_util/verify/interactor.py", line 175, in stage_data_in_history
    staging_interface.handle_jobs()
  File "/opt/hostedtoolcache/Python/3.12.12/x64/lib/python3.12/site-packages/galaxy/tool_util/verify/interactor.py", line 212, in handle_jobs
    self.galaxy_interactor.wait_for_job(job_response["id"], job_response["history_id"], self.maxseconds)
  File "/opt/hostedtoolcache/Python/3.12.12/x64/lib/python3.12/site-packages/galaxy/tool_util/verify/interactor.py", line 398, in wait_for_job
    self.wait_for(lambda: self.__job_ready(job_id, history_id), maxseconds=maxseconds)
  File "/opt/hostedtoolcache/Python/3.12.12/x64/lib/python3.12/site-packages/galaxy/tool_util/verify/interactor.py", line 402, in wait_for
    wait_on(func, what, walltime_exceeded)
  File "/opt/hostedtoolcache/Python/3.12.12/x64/lib/python3.12/site-packages/galaxy/tool_util/verify/wait.py", line 38, in wait_on
    value = function()
            ^^^^^^^^^^
  File "/opt/hostedtoolcache/Python/3.12.12/x64/lib/python3.12/site-packages/galaxy/tool_util/verify/interactor.py", line 398, in <lambda>
    self.wait_for(lambda: self.__job_ready(job_id, history_id), maxseconds=maxseconds)
                          ^^^^^^^^^^^^^^^^^^^^^^^^^^^^^^^^^^^^
  File "/opt/hostedtoolcache/Python/3.12.12/x64/lib/python3.12/site-packages/galaxy/tool_util/verify/interactor.py", line 751, in __job_ready
    return self._state_ready(job_id, error_msg="Job in error state.")
           ^^^^^^^^^^^^^^^^^^^^^^^^^^^^^^^^^^^^^^^^^^^^^^^^^^^^^^^^^^
  File "/opt/hostedtoolcache/Python/3.12.12/x64/lib/python3.12/site-packages/galaxy/tool_util/verify/interactor.py", line 847, in _state_ready
    raise Exception(
Exception: Job in error state.. tool_id: __DATA_FETCH__, exit_code: None, stderr: .
"><![CDATA[
                { "execution_problem": "Input staging problem: Traceback (most recent call last):\n  File \"/opt/hostedtoolcache/Python/3.12.12/x64/lib/python3.12/site-packages/galaxy/tool_util/verify/interactor.py\", line 1466, in verify_tool\n    stage_data_in_history(\n  File \"/opt/hostedtoolcache/Python/3.12.12/x64/lib/python3.12/site-packages/galaxy/tool_util/verify/interactor.py\", line 175, in stage_data_in_history\n    staging_interface.handle_jobs()\n  File \"/opt/hostedtoolcache/Python/3.12.12/x64/lib/python3.12/site-packages/galaxy/tool_util/verify/interactor.py\", line 212, in handle_jobs\n    self.galaxy_interactor.wait_for_job(job_response[\"id\"], job_response[\"history_id\"], self.maxseconds)\n  File \"/opt/hostedtoolcache/Python/3.12.12/x64/lib/python3.12/site-packages/galaxy/tool_util/verify/interactor.py\", line 398, in wait_for_job\n    self.wait_for(lambda: self.__job_ready(job_id, history_id), maxseconds=maxseconds)\n  File \"/opt/hostedtoolcache/Python/3.12.12/x64/lib/python3.12/site-packages/galaxy/tool_util/verify/interactor.py\", line 402, in wait_for\n    wait_on(func, what, walltime_exceeded)\n  File \"/opt/hostedtoolcache/Python/3.12.12/x64/lib/python3.12/site-packages/galaxy/tool_util/verify/wait.py\", line 38, in wait_on\n    value = function()\n            ^^^^^^^^^^\n  File \"/opt/hostedtoolcache/Python/3.12.12/x64/lib/python3.12/site-packages/galaxy/tool_util/verify/interactor.py\", line 398, in \u003clambda\u003e\n    self.wait_for(lambda: self.__job_ready(job_id, history_id), maxseconds=maxseconds)\n                          ^^^^^^^^^^^^^^^^^^^^^^^^^^^^^^^^^^^^\n  File \"/opt/hostedtoolcache/Python/3.12.12/x64/lib/python3.12/site-packages/galaxy/tool_util/verify/interactor.py\", line 751, in __job_ready\n    return self._state_ready(job_id, error_msg=\"Job in error state.\")\n           ^^^^^^^^^^^^^^^^^^^^^^^^^^^^^^^^^^^^^^^^^^^^^^^^^^^^^^^^^^\n  File \"/opt/hostedtoolcache/Python/3.12.12/x64/lib/python3.12/site-packages/galaxy/tool_util/verify/interactor.py\", line 847, in _state_ready\n    raise Exception(\nException: Job in error state.. tool_id: __DATA_FETCH__, exit_code: None, stderr: .\n", "status": "error", "test_index": 2, "time_seconds": 12.117470264434814, "tool_id": "bcftools_convert_to_vcf", "tool_version": "1.22+galaxy0"}
            ]]></error>
        
    </testcase>
    
    <testcase classname="bcftools_convert_to_vcf (Test #4)" name="3" time="38.15883827209473">
        
            
            <system-out><![CDATA[
            
            ]]></system-out>
            <system-err><![CDATA[
            
            ]]></system-err>
        
    </testcase>
    
    <testcase classname="bcftools_convert_to_vcf (Test #5)" name="4" time="">
        
            <error type="error" message=""><![CDATA[
                { "status": "skip", "test_index": 4, "tool_id": "bcftools_convert_to_vcf", "tool_version": "1.22+galaxy0"}
            ]]></error>
        
    </testcase>
    
    <testcase classname="bcftools_convert_to_vcf (Test #6)" name="5" time="35.48672318458557">
        
            
            <system-out><![CDATA[
            
            ]]></system-out>
            <system-err><![CDATA[
            Rows total: 27Rows skipped: 0Sites written: 27Missing GTs: 1Hom RR: 14Het RA: 7Hom AA: 5Het AA: 0
            ]]></system-err>
        
    </testcase>
    
    <testcase classname="bcftools_convert_to_vcf (Test #7)" name="6" time="">
        
            <error type="error" message=""><![CDATA[
                { "status": "skip", "test_index": 6, "tool_id": "bcftools_convert_to_vcf", "tool_version": "1.22+galaxy0"}
            ]]></error>
        
    </testcase>
    
    <testcase classname="bcftools_plugin_fill_an_ac (Test #1)" name="0" time="41.88331627845764">
        
            
            <system-out><![CDATA[
            
            ]]></system-out>
            <system-err><![CDATA[
            
            ]]></system-err>
        
    </testcase>
    
    <testcase classname="collection_column_join (Test #1)" name="0" time="0.13742566108703613">
        
            <error type="error" message="Input staging problem: Traceback (most recent call last):
  File "/opt/hostedtoolcache/Python/3.12.12/x64/lib/python3.12/site-packages/galaxy/tool_util/verify/interactor.py", line 1466, in verify_tool
    stage_data_in_history(
  File "/opt/hostedtoolcache/Python/3.12.12/x64/lib/python3.12/site-packages/galaxy/tool_util/verify/interactor.py", line 163, in stage_data_in_history
    test_dict = galaxy_interactor.remote_to_input(
                ^^^^^^^^^^^^^^^^^^^^^^^^^^^^^^^^^^
  File "/opt/hostedtoolcache/Python/3.12.12/x64/lib/python3.12/site-packages/galaxy/tool_util/verify/interactor.py", line 581, in remote_to_input
    path_or_location = self._get_path_or_location(
                       ^^^^^^^^^^^^^^^^^^^^^^^^^^^
  File "/opt/hostedtoolcache/Python/3.12.12/x64/lib/python3.12/site-packages/galaxy/tool_util/verify/interactor.py", line 618, in _get_path_or_location
    path = self.test_data_download(
           ^^^^^^^^^^^^^^^^^^^^^^^^
  File "/opt/hostedtoolcache/Python/3.12.12/x64/lib/python3.12/site-packages/galaxy/tool_util/verify/interactor.py", line 524, in test_data_download
    raise AssertionError(f"Test input file ({filename}) cannot be found.")
AssertionError: Test input file (in_1.tabular) cannot be found.
"><![CDATA[
                { "execution_problem": "Input staging problem: Traceback (most recent call last):\n  File \"/opt/hostedtoolcache/Python/3.12.12/x64/lib/python3.12/site-packages/galaxy/tool_util/verify/interactor.py\", line 1466, in verify_tool\n    stage_data_in_history(\n  File \"/opt/hostedtoolcache/Python/3.12.12/x64/lib/python3.12/site-packages/galaxy/tool_util/verify/interactor.py\", line 163, in stage_data_in_history\n    test_dict = galaxy_interactor.remote_to_input(\n                ^^^^^^^^^^^^^^^^^^^^^^^^^^^^^^^^^^\n  File \"/opt/hostedtoolcache/Python/3.12.12/x64/lib/python3.12/site-packages/galaxy/tool_util/verify/interactor.py\", line 581, in remote_to_input\n    path_or_location = self._get_path_or_location(\n                       ^^^^^^^^^^^^^^^^^^^^^^^^^^^\n  File \"/opt/hostedtoolcache/Python/3.12.12/x64/lib/python3.12/site-packages/galaxy/tool_util/verify/interactor.py\", line 618, in _get_path_or_location\n    path = self.test_data_download(\n           ^^^^^^^^^^^^^^^^^^^^^^^^\n  File \"/opt/hostedtoolcache/Python/3.12.12/x64/lib/python3.12/site-packages/galaxy/tool_util/verify/interactor.py\", line 524, in test_data_download\n    raise AssertionError(f\"Test input file ({filename}) cannot be found.\")\nAssertionError: Test input file (in_1.tabular) cannot be found.\n", "status": "error", "test_index": 0, "time_seconds": 0.13742566108703613, "tool_id": "collection_column_join", "tool_version": "0.0.3"}
            ]]></error>
        
    </testcase>
    
    <testcase classname="collection_column_join (Test #2)" name="1" time="0.07138919830322266">
        
            <error type="error" message="Input staging problem: Traceback (most recent call last):
  File "/opt/hostedtoolcache/Python/3.12.12/x64/lib/python3.12/site-packages/galaxy/tool_util/verify/interactor.py", line 1466, in verify_tool
    stage_data_in_history(
  File "/opt/hostedtoolcache/Python/3.12.12/x64/lib/python3.12/site-packages/galaxy/tool_util/verify/interactor.py", line 163, in stage_data_in_history
    test_dict = galaxy_interactor.remote_to_input(
                ^^^^^^^^^^^^^^^^^^^^^^^^^^^^^^^^^^
  File "/opt/hostedtoolcache/Python/3.12.12/x64/lib/python3.12/site-packages/galaxy/tool_util/verify/interactor.py", line 581, in remote_to_input
    path_or_location = self._get_path_or_location(
                       ^^^^^^^^^^^^^^^^^^^^^^^^^^^
  File "/opt/hostedtoolcache/Python/3.12.12/x64/lib/python3.12/site-packages/galaxy/tool_util/verify/interactor.py", line 618, in _get_path_or_location
    path = self.test_data_download(
           ^^^^^^^^^^^^^^^^^^^^^^^^
  File "/opt/hostedtoolcache/Python/3.12.12/x64/lib/python3.12/site-packages/galaxy/tool_util/verify/interactor.py", line 524, in test_data_download
    raise AssertionError(f"Test input file ({filename}) cannot be found.")
AssertionError: Test input file (in_1_headerless.tabular) cannot be found.
"><![CDATA[
                { "execution_problem": "Input staging problem: Traceback (most recent call last):\n  File \"/opt/hostedtoolcache/Python/3.12.12/x64/lib/python3.12/site-packages/galaxy/tool_util/verify/interactor.py\", line 1466, in verify_tool\n    stage_data_in_history(\n  File \"/opt/hostedtoolcache/Python/3.12.12/x64/lib/python3.12/site-packages/galaxy/tool_util/verify/interactor.py\", line 163, in stage_data_in_history\n    test_dict = galaxy_interactor.remote_to_input(\n                ^^^^^^^^^^^^^^^^^^^^^^^^^^^^^^^^^^\n  File \"/opt/hostedtoolcache/Python/3.12.12/x64/lib/python3.12/site-packages/galaxy/tool_util/verify/interactor.py\", line 581, in remote_to_input\n    path_or_location = self._get_path_or_location(\n                       ^^^^^^^^^^^^^^^^^^^^^^^^^^^\n  File \"/opt/hostedtoolcache/Python/3.12.12/x64/lib/python3.12/site-packages/galaxy/tool_util/verify/interactor.py\", line 618, in _get_path_or_location\n    path = self.test_data_download(\n           ^^^^^^^^^^^^^^^^^^^^^^^^\n  File \"/opt/hostedtoolcache/Python/3.12.12/x64/lib/python3.12/site-packages/galaxy/tool_util/verify/interactor.py\", line 524, in test_data_download\n    raise AssertionError(f\"Test input file ({filename}) cannot be found.\")\nAssertionError: Test input file (in_1_headerless.tabular) cannot be found.\n", "status": "error", "test_index": 1, "time_seconds": 0.07138919830322266, "tool_id": "collection_column_join", "tool_version": "0.0.3"}
            ]]></error>
        
    </testcase>
    
    <testcase classname="collection_column_join (Test #3)" name="2" time="0.07016849517822266">
        
            <error type="error" message="Input staging problem: Traceback (most recent call last):
  File "/opt/hostedtoolcache/Python/3.12.12/x64/lib/python3.12/site-packages/galaxy/tool_util/verify/interactor.py", line 1466, in verify_tool
    stage_data_in_history(
  File "/opt/hostedtoolcache/Python/3.12.12/x64/lib/python3.12/site-packages/galaxy/tool_util/verify/interactor.py", line 163, in stage_data_in_history
    test_dict = galaxy_interactor.remote_to_input(
                ^^^^^^^^^^^^^^^^^^^^^^^^^^^^^^^^^^
  File "/opt/hostedtoolcache/Python/3.12.12/x64/lib/python3.12/site-packages/galaxy/tool_util/verify/interactor.py", line 581, in remote_to_input
    path_or_location = self._get_path_or_location(
                       ^^^^^^^^^^^^^^^^^^^^^^^^^^^
  File "/opt/hostedtoolcache/Python/3.12.12/x64/lib/python3.12/site-packages/galaxy/tool_util/verify/interactor.py", line 618, in _get_path_or_location
    path = self.test_data_download(
           ^^^^^^^^^^^^^^^^^^^^^^^^
  File "/opt/hostedtoolcache/Python/3.12.12/x64/lib/python3.12/site-packages/galaxy/tool_util/verify/interactor.py", line 524, in test_data_download
    raise AssertionError(f"Test input file ({filename}) cannot be found.")
AssertionError: Test input file (in_1.tabular) cannot be found.
"><![CDATA[
                { "execution_problem": "Input staging problem: Traceback (most recent call last):\n  File \"/opt/hostedtoolcache/Python/3.12.12/x64/lib/python3.12/site-packages/galaxy/tool_util/verify/interactor.py\", line 1466, in verify_tool\n    stage_data_in_history(\n  File \"/opt/hostedtoolcache/Python/3.12.12/x64/lib/python3.12/site-packages/galaxy/tool_util/verify/interactor.py\", line 163, in stage_data_in_history\n    test_dict = galaxy_interactor.remote_to_input(\n                ^^^^^^^^^^^^^^^^^^^^^^^^^^^^^^^^^^\n  File \"/opt/hostedtoolcache/Python/3.12.12/x64/lib/python3.12/site-packages/galaxy/tool_util/verify/interactor.py\", line 581, in remote_to_input\n    path_or_location = self._get_path_or_location(\n                       ^^^^^^^^^^^^^^^^^^^^^^^^^^^\n  File \"/opt/hostedtoolcache/Python/3.12.12/x64/lib/python3.12/site-packages/galaxy/tool_util/verify/interactor.py\", line 618, in _get_path_or_location\n    path = self.test_data_download(\n           ^^^^^^^^^^^^^^^^^^^^^^^^\n  File \"/opt/hostedtoolcache/Python/3.12.12/x64/lib/python3.12/site-packages/galaxy/tool_util/verify/interactor.py\", line 524, in test_data_download\n    raise AssertionError(f\"Test input file ({filename}) cannot be found.\")\nAssertionError: Test input file (in_1.tabular) cannot be found.\n", "status": "error", "test_index": 2, "time_seconds": 0.07016849517822266, "tool_id": "collection_column_join", "tool_version": "0.0.3"}
            ]]></error>
        
    </testcase>
    
    <testcase classname="collection_column_join (Test #4)" name="3" time="0.07129311561584473">
        
            <error type="error" message="Input staging problem: Traceback (most recent call last):
  File "/opt/hostedtoolcache/Python/3.12.12/x64/lib/python3.12/site-packages/galaxy/tool_util/verify/interactor.py", line 1466, in verify_tool
    stage_data_in_history(
  File "/opt/hostedtoolcache/Python/3.12.12/x64/lib/python3.12/site-packages/galaxy/tool_util/verify/interactor.py", line 163, in stage_data_in_history
    test_dict = galaxy_interactor.remote_to_input(
                ^^^^^^^^^^^^^^^^^^^^^^^^^^^^^^^^^^
  File "/opt/hostedtoolcache/Python/3.12.12/x64/lib/python3.12/site-packages/galaxy/tool_util/verify/interactor.py", line 581, in remote_to_input
    path_or_location = self._get_path_or_location(
                       ^^^^^^^^^^^^^^^^^^^^^^^^^^^
  File "/opt/hostedtoolcache/Python/3.12.12/x64/lib/python3.12/site-packages/galaxy/tool_util/verify/interactor.py", line 618, in _get_path_or_location
    path = self.test_data_download(
           ^^^^^^^^^^^^^^^^^^^^^^^^
  File "/opt/hostedtoolcache/Python/3.12.12/x64/lib/python3.12/site-packages/galaxy/tool_util/verify/interactor.py", line 524, in test_data_download
    raise AssertionError(f"Test input file ({filename}) cannot be found.")
AssertionError: Test input file (in_1_headerless.tabular) cannot be found.
"><![CDATA[
                { "execution_problem": "Input staging problem: Traceback (most recent call last):\n  File \"/opt/hostedtoolcache/Python/3.12.12/x64/lib/python3.12/site-packages/galaxy/tool_util/verify/interactor.py\", line 1466, in verify_tool\n    stage_data_in_history(\n  File \"/opt/hostedtoolcache/Python/3.12.12/x64/lib/python3.12/site-packages/galaxy/tool_util/verify/interactor.py\", line 163, in stage_data_in_history\n    test_dict = galaxy_interactor.remote_to_input(\n                ^^^^^^^^^^^^^^^^^^^^^^^^^^^^^^^^^^\n  File \"/opt/hostedtoolcache/Python/3.12.12/x64/lib/python3.12/site-packages/galaxy/tool_util/verify/interactor.py\", line 581, in remote_to_input\n    path_or_location = self._get_path_or_location(\n                       ^^^^^^^^^^^^^^^^^^^^^^^^^^^\n  File \"/opt/hostedtoolcache/Python/3.12.12/x64/lib/python3.12/site-packages/galaxy/tool_util/verify/interactor.py\", line 618, in _get_path_or_location\n    path = self.test_data_download(\n           ^^^^^^^^^^^^^^^^^^^^^^^^\n  File \"/opt/hostedtoolcache/Python/3.12.12/x64/lib/python3.12/site-packages/galaxy/tool_util/verify/interactor.py\", line 524, in test_data_download\n    raise AssertionError(f\"Test input file ({filename}) cannot be found.\")\nAssertionError: Test input file (in_1_headerless.tabular) cannot be found.\n", "status": "error", "test_index": 3, "time_seconds": 0.07129311561584473, "tool_id": "collection_column_join", "tool_version": "0.0.3"}
            ]]></error>
        
    </testcase>
    
    <testcase classname="deeptools_plot_coverage (Test #1)" name="0" time="64.70553183555603">
        
            
            <system-out><![CDATA[
            samplemeanstdmin25%50%75%maxbowtie2 test1.bam0.504.1000.00.00.035bowtie2 test1.bam0.504.1000.00.00.035
            ]]></system-out>
            <system-err><![CDATA[
            
            ]]></system-err>
        
    </testcase>
    
    <testcase classname="deeptools_plot_coverage (Test #2)" name="1" time="39.13887119293213">
        
            
            <system-out><![CDATA[
            samplemeanstdmin25%50%75%maxbowtie2 test1.bam0.504.1000.00.00.035bowtie2 test1.bam0.504.1000.00.00.035
            ]]></system-out>
            <system-err><![CDATA[
            
            ]]></system-err>
        
    </testcase>
    
    <testcase classname="fastq_paired_end_interlacer (Test #1)" name="0" time="0.13168692588806152">
        
            <error type="error" message="Input staging problem: Traceback (most recent call last):
  File "/opt/hostedtoolcache/Python/3.12.12/x64/lib/python3.12/site-packages/galaxy/tool_util/verify/interactor.py", line 1466, in verify_tool
    stage_data_in_history(
  File "/opt/hostedtoolcache/Python/3.12.12/x64/lib/python3.12/site-packages/galaxy/tool_util/verify/interactor.py", line 163, in stage_data_in_history
    test_dict = galaxy_interactor.remote_to_input(
                ^^^^^^^^^^^^^^^^^^^^^^^^^^^^^^^^^^
  File "/opt/hostedtoolcache/Python/3.12.12/x64/lib/python3.12/site-packages/galaxy/tool_util/verify/interactor.py", line 581, in remote_to_input
    path_or_location = self._get_path_or_location(
                       ^^^^^^^^^^^^^^^^^^^^^^^^^^^
  File "/opt/hostedtoolcache/Python/3.12.12/x64/lib/python3.12/site-packages/galaxy/tool_util/verify/interactor.py", line 618, in _get_path_or_location
    path = self.test_data_download(
           ^^^^^^^^^^^^^^^^^^^^^^^^
  File "/opt/hostedtoolcache/Python/3.12.12/x64/lib/python3.12/site-packages/galaxy/tool_util/verify/interactor.py", line 524, in test_data_download
    raise AssertionError(f"Test input file ({filename}) cannot be found.")
AssertionError: Test input file (paired_end_1.fastqsanger) cannot be found.
"><![CDATA[
                { "execution_problem": "Input staging problem: Traceback (most recent call last):\n  File \"/opt/hostedtoolcache/Python/3.12.12/x64/lib/python3.12/site-packages/galaxy/tool_util/verify/interactor.py\", line 1466, in verify_tool\n    stage_data_in_history(\n  File \"/opt/hostedtoolcache/Python/3.12.12/x64/lib/python3.12/site-packages/galaxy/tool_util/verify/interactor.py\", line 163, in stage_data_in_history\n    test_dict = galaxy_interactor.remote_to_input(\n                ^^^^^^^^^^^^^^^^^^^^^^^^^^^^^^^^^^\n  File \"/opt/hostedtoolcache/Python/3.12.12/x64/lib/python3.12/site-packages/galaxy/tool_util/verify/interactor.py\", line 581, in remote_to_input\n    path_or_location = self._get_path_or_location(\n                       ^^^^^^^^^^^^^^^^^^^^^^^^^^^\n  File \"/opt/hostedtoolcache/Python/3.12.12/x64/lib/python3.12/site-packages/galaxy/tool_util/verify/interactor.py\", line 618, in _get_path_or_location\n    path = self.test_data_download(\n           ^^^^^^^^^^^^^^^^^^^^^^^^\n  File \"/opt/hostedtoolcache/Python/3.12.12/x64/lib/python3.12/site-packages/galaxy/tool_util/verify/interactor.py\", line 524, in test_data_download\n    raise AssertionError(f\"Test input file ({filename}) cannot be found.\")\nAssertionError: Test input file (paired_end_1.fastqsanger) cannot be found.\n", "status": "error", "test_index": 0, "time_seconds": 0.13168692588806152, "tool_id": "fastq_paired_end_interlacer", "tool_version": "1.2.0.1+galaxy0"}
            ]]></error>
        
    </testcase>
    
    <testcase classname="fastq_paired_end_interlacer (Test #2)" name="1" time="0.06984114646911621">
        
            <error type="error" message="Input staging problem: Traceback (most recent call last):
  File "/opt/hostedtoolcache/Python/3.12.12/x64/lib/python3.12/site-packages/galaxy/tool_util/verify/interactor.py", line 1466, in verify_tool
    stage_data_in_history(
  File "/opt/hostedtoolcache/Python/3.12.12/x64/lib/python3.12/site-packages/galaxy/tool_util/verify/interactor.py", line 163, in stage_data_in_history
    test_dict = galaxy_interactor.remote_to_input(
                ^^^^^^^^^^^^^^^^^^^^^^^^^^^^^^^^^^
  File "/opt/hostedtoolcache/Python/3.12.12/x64/lib/python3.12/site-packages/galaxy/tool_util/verify/interactor.py", line 581, in remote_to_input
    path_or_location = self._get_path_or_location(
                       ^^^^^^^^^^^^^^^^^^^^^^^^^^^
  File "/opt/hostedtoolcache/Python/3.12.12/x64/lib/python3.12/site-packages/galaxy/tool_util/verify/interactor.py", line 618, in _get_path_or_location
    path = self.test_data_download(
           ^^^^^^^^^^^^^^^^^^^^^^^^
  File "/opt/hostedtoolcache/Python/3.12.12/x64/lib/python3.12/site-packages/galaxy/tool_util/verify/interactor.py", line 524, in test_data_download
    raise AssertionError(f"Test input file ({filename}) cannot be found.")
AssertionError: Test input file (paired_end_1_errors.fastqsanger) cannot be found.
"><![CDATA[
                { "execution_problem": "Input staging problem: Traceback (most recent call last):\n  File \"/opt/hostedtoolcache/Python/3.12.12/x64/lib/python3.12/site-packages/galaxy/tool_util/verify/interactor.py\", line 1466, in verify_tool\n    stage_data_in_history(\n  File \"/opt/hostedtoolcache/Python/3.12.12/x64/lib/python3.12/site-packages/galaxy/tool_util/verify/interactor.py\", line 163, in stage_data_in_history\n    test_dict = galaxy_interactor.remote_to_input(\n                ^^^^^^^^^^^^^^^^^^^^^^^^^^^^^^^^^^\n  File \"/opt/hostedtoolcache/Python/3.12.12/x64/lib/python3.12/site-packages/galaxy/tool_util/verify/interactor.py\", line 581, in remote_to_input\n    path_or_location = self._get_path_or_location(\n                       ^^^^^^^^^^^^^^^^^^^^^^^^^^^\n  File \"/opt/hostedtoolcache/Python/3.12.12/x64/lib/python3.12/site-packages/galaxy/tool_util/verify/interactor.py\", line 618, in _get_path_or_location\n    path = self.test_data_download(\n           ^^^^^^^^^^^^^^^^^^^^^^^^\n  File \"/opt/hostedtoolcache/Python/3.12.12/x64/lib/python3.12/site-packages/galaxy/tool_util/verify/interactor.py\", line 524, in test_data_download\n    raise AssertionError(f\"Test input file ({filename}) cannot be found.\")\nAssertionError: Test input file (paired_end_1_errors.fastqsanger) cannot be found.\n", "status": "error", "test_index": 1, "time_seconds": 0.06984114646911621, "tool_id": "fastq_paired_end_interlacer", "tool_version": "1.2.0.1+galaxy0"}
            ]]></error>
        
    </testcase>
    
    <testcase classname="fastq_paired_end_interlacer (Test #3)" name="2" time="0.0713951587677002">
        
            <error type="error" message="Input staging problem: Traceback (most recent call last):
  File "/opt/hostedtoolcache/Python/3.12.12/x64/lib/python3.12/site-packages/galaxy/tool_util/verify/interactor.py", line 1466, in verify_tool
    stage_data_in_history(
  File "/opt/hostedtoolcache/Python/3.12.12/x64/lib/python3.12/site-packages/galaxy/tool_util/verify/interactor.py", line 163, in stage_data_in_history
    test_dict = galaxy_interactor.remote_to_input(
                ^^^^^^^^^^^^^^^^^^^^^^^^^^^^^^^^^^
  File "/opt/hostedtoolcache/Python/3.12.12/x64/lib/python3.12/site-packages/galaxy/tool_util/verify/interactor.py", line 581, in remote_to_input
    path_or_location = self._get_path_or_location(
                       ^^^^^^^^^^^^^^^^^^^^^^^^^^^
  File "/opt/hostedtoolcache/Python/3.12.12/x64/lib/python3.12/site-packages/galaxy/tool_util/verify/interactor.py", line 618, in _get_path_or_location
    path = self.test_data_download(
           ^^^^^^^^^^^^^^^^^^^^^^^^
  File "/opt/hostedtoolcache/Python/3.12.12/x64/lib/python3.12/site-packages/galaxy/tool_util/verify/interactor.py", line 524, in test_data_download
    raise AssertionError(f"Test input file ({filename}) cannot be found.")
AssertionError: Test input file (paired_end_1_errors.fastqsanger.gz) cannot be found.
"><![CDATA[
                { "execution_problem": "Input staging problem: Traceback (most recent call last):\n  File \"/opt/hostedtoolcache/Python/3.12.12/x64/lib/python3.12/site-packages/galaxy/tool_util/verify/interactor.py\", line 1466, in verify_tool\n    stage_data_in_history(\n  File \"/opt/hostedtoolcache/Python/3.12.12/x64/lib/python3.12/site-packages/galaxy/tool_util/verify/interactor.py\", line 163, in stage_data_in_history\n    test_dict = galaxy_interactor.remote_to_input(\n                ^^^^^^^^^^^^^^^^^^^^^^^^^^^^^^^^^^\n  File \"/opt/hostedtoolcache/Python/3.12.12/x64/lib/python3.12/site-packages/galaxy/tool_util/verify/interactor.py\", line 581, in remote_to_input\n    path_or_location = self._get_path_or_location(\n                       ^^^^^^^^^^^^^^^^^^^^^^^^^^^\n  File \"/opt/hostedtoolcache/Python/3.12.12/x64/lib/python3.12/site-packages/galaxy/tool_util/verify/interactor.py\", line 618, in _get_path_or_location\n    path = self.test_data_download(\n           ^^^^^^^^^^^^^^^^^^^^^^^^\n  File \"/opt/hostedtoolcache/Python/3.12.12/x64/lib/python3.12/site-packages/galaxy/tool_util/verify/interactor.py\", line 524, in test_data_download\n    raise AssertionError(f\"Test input file ({filename}) cannot be found.\")\nAssertionError: Test input file (paired_end_1_errors.fastqsanger.gz) cannot be found.\n", "status": "error", "test_index": 2, "time_seconds": 0.0713951587677002, "tool_id": "fastq_paired_end_interlacer", "tool_version": "1.2.0.1+galaxy0"}
            ]]></error>
        
    </testcase>
    
    <testcase classname="fastq_paired_end_interlacer (Test #4)" name="3" time="0.07141971588134766">
        
            <error type="error" message="Input staging problem: Traceback (most recent call last):
  File "/opt/hostedtoolcache/Python/3.12.12/x64/lib/python3.12/site-packages/galaxy/tool_util/verify/interactor.py", line 1466, in verify_tool
    stage_data_in_history(
  File "/opt/hostedtoolcache/Python/3.12.12/x64/lib/python3.12/site-packages/galaxy/tool_util/verify/interactor.py", line 163, in stage_data_in_history
    test_dict = galaxy_interactor.remote_to_input(
                ^^^^^^^^^^^^^^^^^^^^^^^^^^^^^^^^^^
  File "/opt/hostedtoolcache/Python/3.12.12/x64/lib/python3.12/site-packages/galaxy/tool_util/verify/interactor.py", line 581, in remote_to_input
    path_or_location = self._get_path_or_location(
                       ^^^^^^^^^^^^^^^^^^^^^^^^^^^
  File "/opt/hostedtoolcache/Python/3.12.12/x64/lib/python3.12/site-packages/galaxy/tool_util/verify/interactor.py", line 618, in _get_path_or_location
    path = self.test_data_download(
           ^^^^^^^^^^^^^^^^^^^^^^^^
  File "/opt/hostedtoolcache/Python/3.12.12/x64/lib/python3.12/site-packages/galaxy/tool_util/verify/interactor.py", line 524, in test_data_download
    raise AssertionError(f"Test input file ({filename}) cannot be found.")
AssertionError: Test input file (paired_end_1_errors.fastqsanger.bz2) cannot be found.
"><![CDATA[
                { "execution_problem": "Input staging problem: Traceback (most recent call last):\n  File \"/opt/hostedtoolcache/Python/3.12.12/x64/lib/python3.12/site-packages/galaxy/tool_util/verify/interactor.py\", line 1466, in verify_tool\n    stage_data_in_history(\n  File \"/opt/hostedtoolcache/Python/3.12.12/x64/lib/python3.12/site-packages/galaxy/tool_util/verify/interactor.py\", line 163, in stage_data_in_history\n    test_dict = galaxy_interactor.remote_to_input(\n                ^^^^^^^^^^^^^^^^^^^^^^^^^^^^^^^^^^\n  File \"/opt/hostedtoolcache/Python/3.12.12/x64/lib/python3.12/site-packages/galaxy/tool_util/verify/interactor.py\", line 581, in remote_to_input\n    path_or_location = self._get_path_or_location(\n                       ^^^^^^^^^^^^^^^^^^^^^^^^^^^\n  File \"/opt/hostedtoolcache/Python/3.12.12/x64/lib/python3.12/site-packages/galaxy/tool_util/verify/interactor.py\", line 618, in _get_path_or_location\n    path = self.test_data_download(\n           ^^^^^^^^^^^^^^^^^^^^^^^^\n  File \"/opt/hostedtoolcache/Python/3.12.12/x64/lib/python3.12/site-packages/galaxy/tool_util/verify/interactor.py\", line 524, in test_data_download\n    raise AssertionError(f\"Test input file ({filename}) cannot be found.\")\nAssertionError: Test input file (paired_end_1_errors.fastqsanger.bz2) cannot be found.\n", "status": "error", "test_index": 3, "time_seconds": 0.07141971588134766, "tool_id": "fastq_paired_end_interlacer", "tool_version": "1.2.0.1+galaxy0"}
            ]]></error>
        
    </testcase>
    
    <testcase classname="fastq_paired_end_interlacer (Test #5)" name="4" time="0.07227706909179688">
        
            <error type="error" message="Input staging problem: Traceback (most recent call last):
  File "/opt/hostedtoolcache/Python/3.12.12/x64/lib/python3.12/site-packages/galaxy/tool_util/verify/interactor.py", line 1466, in verify_tool
    stage_data_in_history(
  File "/opt/hostedtoolcache/Python/3.12.12/x64/lib/python3.12/site-packages/galaxy/tool_util/verify/interactor.py", line 163, in stage_data_in_history
    test_dict = galaxy_interactor.remote_to_input(
                ^^^^^^^^^^^^^^^^^^^^^^^^^^^^^^^^^^
  File "/opt/hostedtoolcache/Python/3.12.12/x64/lib/python3.12/site-packages/galaxy/tool_util/verify/interactor.py", line 581, in remote_to_input
    path_or_location = self._get_path_or_location(
                       ^^^^^^^^^^^^^^^^^^^^^^^^^^^
  File "/opt/hostedtoolcache/Python/3.12.12/x64/lib/python3.12/site-packages/galaxy/tool_util/verify/interactor.py", line 618, in _get_path_or_location
    path = self.test_data_download(
           ^^^^^^^^^^^^^^^^^^^^^^^^
  File "/opt/hostedtoolcache/Python/3.12.12/x64/lib/python3.12/site-packages/galaxy/tool_util/verify/interactor.py", line 524, in test_data_download
    raise AssertionError(f"Test input file ({filename}) cannot be found.")
AssertionError: Test input file (paired_end_1.fastqsanger) cannot be found.
"><![CDATA[
                { "execution_problem": "Input staging problem: Traceback (most recent call last):\n  File \"/opt/hostedtoolcache/Python/3.12.12/x64/lib/python3.12/site-packages/galaxy/tool_util/verify/interactor.py\", line 1466, in verify_tool\n    stage_data_in_history(\n  File \"/opt/hostedtoolcache/Python/3.12.12/x64/lib/python3.12/site-packages/galaxy/tool_util/verify/interactor.py\", line 163, in stage_data_in_history\n    test_dict = galaxy_interactor.remote_to_input(\n                ^^^^^^^^^^^^^^^^^^^^^^^^^^^^^^^^^^\n  File \"/opt/hostedtoolcache/Python/3.12.12/x64/lib/python3.12/site-packages/galaxy/tool_util/verify/interactor.py\", line 581, in remote_to_input\n    path_or_location = self._get_path_or_location(\n                       ^^^^^^^^^^^^^^^^^^^^^^^^^^^\n  File \"/opt/hostedtoolcache/Python/3.12.12/x64/lib/python3.12/site-packages/galaxy/tool_util/verify/interactor.py\", line 618, in _get_path_or_location\n    path = self.test_data_download(\n           ^^^^^^^^^^^^^^^^^^^^^^^^\n  File \"/opt/hostedtoolcache/Python/3.12.12/x64/lib/python3.12/site-packages/galaxy/tool_util/verify/interactor.py\", line 524, in test_data_download\n    raise AssertionError(f\"Test input file ({filename}) cannot be found.\")\nAssertionError: Test input file (paired_end_1.fastqsanger) cannot be found.\n", "status": "error", "test_index": 4, "time_seconds": 0.07227706909179688, "tool_id": "fastq_paired_end_interlacer", "tool_version": "1.2.0.1+galaxy0"}
            ]]></error>
        
    </testcase>
    
    <testcase classname="ivar_consensus (Test #1)" name="0" time="37.65098762512207">
        
            
                <error type="error" message="Tool exit code: None"><![CDATA[
                    { "inputs": {  "input_bam": {   "id": "5776047bf183ce37",   "src": "hda"  } }, "job": {  "command_line": "ln -s \u0027/galaxy/server/database/objects/7/f/8/dataset_7f888b70-b1c1-4640-b83e-d035b4e3ba75.dat\u0027 sorted.bam \u0026\u0026 samtools mpileup -A -a -d 0 -Q 0 sorted.bam | ivar consensus -p consensus -q 20 -t 0.0 -c 0.8 -m 10 -n N \u0026\u0026 sed -i \"s|consensus|PC00101P_sub_trimmed_sorted_bam|\" consensus.fa",  "command_version": null,  "copied_from_job_id": null,  "create_time": "2026-01-21T13:28:04.887829",  "dependencies": [],  "exit_code": null,  "external_id": "gxy-kzxsn",  "galaxy_version": "24.1",  "handler": null,  "history_id": "af94b5164089d993",  "id": "8312c79e42b580e9",  "inputs": {   "input_bam": {    "id": "5776047bf183ce37",    "src": "hda",    "uuid": "7f888b70-b1c1-4640-b83e-d035b4e3ba75"   }  },  "job_messages": null,  "job_metrics": [],  "job_runner_name": null,  "job_stderr": null,  "job_stdout": null,  "model_class": "Job",  "output_collections": {},  "outputs": {   "consensus": {    "id": "1b953197e0a0cbc3",    "src": "hda",    "uuid": "58703579-8e4b-401b-ac9e-8904cfa1d6c3"   }  },  "params": {   "__input_ext": "\"input\"",   "chromInfo": "\"/cvmfs/data.galaxyproject.org/managed/len/ucsc/?.len\"",   "dbkey": "\"?\"",   "depth_action": "\"-n N\"",   "min_depth": "\"10\"",   "min_freq": "\"0.0\"",   "min_indel_freq": "\"0.8\"",   "min_qual": "\"20\""  },  "state": "error",  "stderr": "[mpileup] 1 samples in 1 input files\n[mpileup] Max depth set to maximum value (2147483647)\n",  "stdout": "Minimum Quality: 20\nThreshold: 0\nMinimum depth: 10\nMinimum Insert Threshold: 0.8\nRegions with depth less than minimum depth covered by: N\nReference length: 29903\nPositions with 0 depth: 113\nPositions with depth below 10: 1034\n",  "tool_id": "toolshed.g2.bx.psu.edu/repos/iuc/ivar_consensus/ivar_consensus/1.4.4+galaxy0",  "tool_stderr": "[mpileup] 1 samples in 1 input files\n[mpileup] Max depth set to maximum value (2147483647)\n",  "tool_stdout": "Minimum Quality: 20\nThreshold: 0\nMinimum depth: 10\nMinimum Insert Threshold: 0.8\nRegions with depth less than minimum depth covered by: N\nReference length: 29903\nPositions with 0 depth: 113\nPositions with depth below 10: 1034\n",  "update_time": "2026-01-21T13:28:19.481905",  "user_email": "tests@fake.org" }, "output_problems": [  "Job in error state.. tool_id: toolshed.g2.bx.psu.edu/repos/iuc/ivar_consensus/ivar_consensus/1.4.4+galaxy0, exit_code: None, stderr: [mpileup] 1 samples in 1 input files\n[mpileup] Max depth set to maximum value (2147483647)\n." ], "status": "failure", "test_index": 0, "time_seconds": 37.65098762512207, "tool_id": "ivar_consensus", "tool_version": "1.4.4+galaxy0"}
                ]]></error>
            
            <system-out><![CDATA[
            Minimum Quality: 20Threshold: 0Minimum depth: 10Minimum Insert Threshold: 0.8Regions with depth less than minimum depth covered by: NReference length: 29903Positions with 0 depth: 113Positions with depth below 10: 1034
            ]]></system-out>
            <system-err><![CDATA[
            [mpileup] 1 samples in 1 input files[mpileup] Max depth set to maximum value (2147483647)
            ]]></system-err>
        
    </testcase>
    
    <testcase classname="jq (Test #1)" name="0" time="91.5465304851532">
        
            
            <system-out><![CDATA[
            
            ]]></system-out>
            <system-err><![CDATA[
            
            ]]></system-err>
        
    </testcase>
    
    <testcase classname="jq (Test #2)" name="1" time="34.847902059555054">
        
            
            <system-out><![CDATA[
            
            ]]></system-out>
            <system-err><![CDATA[
            
            ]]></system-err>
        
    </testcase>
    
    <testcase classname="medaka_variant_pipeline (Test #1)" name="0" time="">
        
            <error type="error" message=""><![CDATA[
                { "status": "skip", "test_index": 0, "tool_id": "medaka_variant_pipeline", "tool_version": "1.4.4+galaxy1"}
            ]]></error>
        
    </testcase>
    
    <testcase classname="miniasm (Test #1)" name="0" time="45.26362466812134">
        
            
                <error type="error" message="Tool exit code: None"><![CDATA[
                    { "inputs": {  "paf": {   "id": "97ca8194cc46197a",   "src": "hda"  },  "readFile": {   "id": "d2030c0467fd0d95",   "src": "hda"  } }, "job": {  "command_line": "miniasm -f \u0027/galaxy/server/database/objects/5/2/0/dataset_520d5a57-154f-4316-9a44-bf677e0a6692.dat\u0027 -m \u0027100\u0027 -i \u00270.05\u0027 -s \u00271000\u0027 -c \u00273\u0027 -o \u00271000\u0027 -h \u00271000\u0027 -I \u00270.08\u0027 -g \u00271000\u0027 -d \u002750000\u0027 -e \u00274\u0027 -n \u00273\u0027 -F \u00270.8\u0027 \u0027/galaxy/server/database/objects/7/f/b/dataset_7fb8fc2e-f2ae-4544-b476-3d2d36685ff1.dat\u0027 \u003e \u0027/galaxy/server/database/objects/6/8/e/dataset_68e6276c-83f6-4027-b68b-7a44c20dfc06.dat\u0027",  "command_version": null,  "copied_from_job_id": null,  "create_time": "2026-01-21T13:26:29.336475",  "dependencies": [],  "exit_code": null,  "external_id": "gxy-22nvx",  "galaxy_version": "24.1",  "handler": null,  "history_id": "af94b5164089d993",  "id": "d2030c0467fd0d95",  "inputs": {   "paf": {    "id": "33256a059e3c2e93",    "src": "hda",    "uuid": "7fb8fc2e-f2ae-4544-b476-3d2d36685ff1"   },   "readFile": {    "id": "d2030c0467fd0d95",    "src": "hda",    "uuid": "520d5a57-154f-4316-9a44-bf677e0a6692"   }  },  "job_messages": null,  "job_metrics": [],  "job_runner_name": null,  "job_stderr": null,  "job_stdout": null,  "model_class": "Job",  "output_collections": {},  "outputs": {   "gfa": {    "id": "1cbe8ca4bdd193d2",    "src": "hda",    "uuid": "68e6276c-83f6-4027-b68b-7a44c20dfc06"   }  },  "params": {   "__input_ext": "\"input\"",   "chromInfo": "\"/cvmfs/data.galaxyproject.org/managed/len/ucsc/?.len\"",   "dbkey": "\"?\"",   "graph": "{\"finalDropRatio\": \"0.8\", \"maxBubDist\": \"50000\", \"maxGapDiff\": \"1000\", \"minUtgSize\": \"4\", \"nRounds\": \"3\"}",   "overlapping": "{\"intThres\": \"0.08\", \"maxHang\": \"1000\", \"minOvlp\": \"1000\"}",   "preselection": "{\"minCov\": \"3\", \"minIden\": \"0.05\", \"minMatch\": \"100\", \"minSpan\": \"1000\"}"  },  "state": "error",  "stderr": "[M::main] ===\u003e Step 1: reading read mappings \u003c===\n[M::ma_hit_read::0.146*1.00] read 100000 hits; stored 187742 hits and 12067 sequences (111354001 bp)\n[M::main] ===\u003e Step 2: 1-pass (crude) read selection \u003c===\n[M::ma_hit_sub::0.167*1.00] 9155 query sequences remain after sub\n[M::ma_hit_cut::0.170*1.00] 161122 hits remain after cut\n[M::ma_hit_flt::0.173*1.00] 156936 hits remain after filtering; crude coverage after filtering: 11.85\n[M::main] ===\u003e Step 3: 2-pass (fine) read selection \u003c===\n[M::ma_hit_sub::0.181*1.00] 9023 query sequences remain after sub\n[M::ma_hit_cut::0.183*1.00] 152071 hits remain after cut\n[M::ma_hit_contained::0.188*1.00] 1536 sequences and 8359 hits remain after containment removal\n[M::main] ===\u003e Step 4: graph cleaning \u003c===\n[M::ma_sg_gen] read 8236 arcs\n[M::main] ===\u003e Step 4.1: transitive reduction \u003c===\n[M::asg_arc_del_trans] transitively reduced 4182 arcs\n[M::asg_arc_del_multi] removed 0 multi-arcs\n[M::asg_arc_del_asymm] removed 362 asymmetric arcs\n[M::main] ===\u003e Step 4.2: initial tip cutting and bubble popping \u003c===\n[M::asg_cut_tip] cut 260 tips\n[M::asg_pop_bubble] popped 105 bubbles and trimmed 4 tips\n[M::main] ===\u003e Step 4.3: cutting short overlaps (3 rounds in total) \u003c===\n[M::asg_arc_del_multi] removed 0 multi-arcs\n[M::asg_arc_del_asymm] removed 29 asymmetric arcs\n[M::asg_arc_del_short] removed 37 short overlaps\n[M::asg_cut_tip] cut 104 tips\n[M::asg_pop_bubble] popped 1 bubbles and trimmed 0 tips\n[M::asg_arc_del_multi] removed 0 multi-arcs\n[M::asg_arc_del_asymm] removed 1 asymmetric arcs\n[M::asg_arc_del_short] removed 1 short overlaps\n[M::asg_cut_tip] cut 3 tips\n[M::asg_pop_bubble] popped 0 bubbles and trimmed 0 tips\n[M::asg_arc_del_short] removed 0 short overlaps\n[M::main] ===\u003e Step 4.4: removing short internal sequences and bi-loops \u003c===\n[M::asg_cut_internal] cut 0 internal sequences\n[M::asg_cut_biloop] cut 0 small bi-loops\n[M::asg_cut_tip] cut 0 tips\n[M::asg_pop_bubble] popped 0 bubbles and trimmed 0 tips\n[M::main] ===\u003e Step 4.5: aggressively cutting short overlaps \u003c===\n[M::asg_arc_del_short] removed 0 short overlaps\n[M::main] ===\u003e Step 5: generating unitigs \u003c===\n[M::main] Version: 0.3-r179\n[M::main] CMD: miniasm -f /galaxy/server/database/objects/5/2/0/dataset_520d5a57-154f-4316-9a44-bf677e0a6692.dat -m 100 -i 0.05 -s 1000 -c 3 -o 1000 -h 1000 -I 0.08 -g 1000 -d 50000 -e 4 -n 3 -F 0.8 /galaxy/server/database/objects/7/f/b/dataset_7fb8fc2e-f2ae-4544-b476-3d2d36685ff1.dat\n[M::main] Real time: 0.198 sec; CPU: 0.197 sec\n",  "stdout": "",  "tool_id": "toolshed.g2.bx.psu.edu/repos/iuc/miniasm/miniasm/0.3_r179+galaxy1",  "tool_stderr": "[M::main] ===\u003e Step 1: reading read mappings \u003c===\n[M::ma_hit_read::0.146*1.00] read 100000 hits; stored 187742 hits and 12067 sequences (111354001 bp)\n[M::main] ===\u003e Step 2: 1-pass (crude) read selection \u003c===\n[M::ma_hit_sub::0.167*1.00] 9155 query sequences remain after sub\n[M::ma_hit_cut::0.170*1.00] 161122 hits remain after cut\n[M::ma_hit_flt::0.173*1.00] 156936 hits remain after filtering; crude coverage after filtering: 11.85\n[M::main] ===\u003e Step 3: 2-pass (fine) read selection \u003c===\n[M::ma_hit_sub::0.181*1.00] 9023 query sequences remain after sub\n[M::ma_hit_cut::0.183*1.00] 152071 hits remain after cut\n[M::ma_hit_contained::0.188*1.00] 1536 sequences and 8359 hits remain after containment removal\n[M::main] ===\u003e Step 4: graph cleaning \u003c===\n[M::ma_sg_gen] read 8236 arcs\n[M::main] ===\u003e Step 4.1: transitive reduction \u003c===\n[M::asg_arc_del_trans] transitively reduced 4182 arcs\n[M::asg_arc_del_multi] removed 0 multi-arcs\n[M::asg_arc_del_asymm] removed 362 asymmetric arcs\n[M::main] ===\u003e Step 4.2: initial tip cutting and bubble popping \u003c===\n[M::asg_cut_tip] cut 260 tips\n[M::asg_pop_bubble] popped 105 bubbles and trimmed 4 tips\n[M::main] ===\u003e Step 4.3: cutting short overlaps (3 rounds in total) \u003c===\n[M::asg_arc_del_multi] removed 0 multi-arcs\n[M::asg_arc_del_asymm] removed 29 asymmetric arcs\n[M::asg_arc_del_short] removed 37 short overlaps\n[M::asg_cut_tip] cut 104 tips\n[M::asg_pop_bubble] popped 1 bubbles and trimmed 0 tips\n[M::asg_arc_del_multi] removed 0 multi-arcs\n[M::asg_arc_del_asymm] removed 1 asymmetric arcs\n[M::asg_arc_del_short] removed 1 short overlaps\n[M::asg_cut_tip] cut 3 tips\n[M::asg_pop_bubble] popped 0 bubbles and trimmed 0 tips\n[M::asg_arc_del_short] removed 0 short overlaps\n[M::main] ===\u003e Step 4.4: removing short internal sequences and bi-loops \u003c===\n[M::asg_cut_internal] cut 0 internal sequences\n[M::asg_cut_biloop] cut 0 small bi-loops\n[M::asg_cut_tip] cut 0 tips\n[M::asg_pop_bubble] popped 0 bubbles and trimmed 0 tips\n[M::main] ===\u003e Step 4.5: aggressively cutting short overlaps \u003c===\n[M::asg_arc_del_short] removed 0 short overlaps\n[M::main] ===\u003e Step 5: generating unitigs \u003c===\n[M::main] Version: 0.3-r179\n[M::main] CMD: miniasm -f /galaxy/server/database/objects/5/2/0/dataset_520d5a57-154f-4316-9a44-bf677e0a6692.dat -m 100 -i 0.05 -s 1000 -c 3 -o 1000 -h 1000 -I 0.08 -g 1000 -d 50000 -e 4 -n 3 -F 0.8 /galaxy/server/database/objects/7/f/b/dataset_7fb8fc2e-f2ae-4544-b476-3d2d36685ff1.dat\n[M::main] Real time: 0.198 sec; CPU: 0.197 sec\n",  "tool_stdout": "",  "update_time": "2026-01-21T13:26:50.140584",  "user_email": "tests@fake.org" }, "output_problems": [  "Job in error state.. tool_id: toolshed.g2.bx.psu.edu/repos/iuc/miniasm/miniasm/0.3_r179+galaxy1, exit_code: None, stderr: [M::main] ===\u003e Step 1: reading read mappings \u003c===\n[M::ma_hit_read::0.146*1.00] read 100000 hits; stored 187742 hits and 12067 sequences (111354001 bp)\n[M::main] ===\u003e Step 2: 1-pass (crude) read selection \u003c===\n[M::ma_hit_sub::0.167*1.00] 9155 query sequences remain after sub\n[M::ma_hit_cut::0.170*1.00] 161122 hits remain after cut\n[M::ma_hit_flt::0.173*1.00] 156936 hits remain after filtering; crude coverage after filtering: 11.85\n[M::main] ===\u003e Step 3: 2-pass (fine) read selection \u003c===\n[M::ma_hit_sub::0.181*1.00] 9023 query sequences remain after sub\n[M::ma_hit_cut::0.183*1.00] 152071 hits remain after cut\n[M::ma_hit_contained::0.188*1.00] 1536 sequences and 8359 hits remain after containment removal\n[M::main] ===\u003e Step 4: graph cleaning \u003c===\n[M::ma_sg_gen] read 8236 arcs\n[M::main] ===\u003e Step 4.1: transitive reduction \u003c===\n[M::asg_arc_del_trans] transitively reduced 4182 arcs\n[M::asg_arc_del_multi] removed 0 multi-arcs\n[M::asg_arc_del_asymm] removed 362 asymmetric arcs\n[M::main] ===\u003e Step 4.2: initial tip cutting and bubble popping \u003c===\n[M::asg_cut_tip] cut 260 tips\n[M::asg_pop_bubble] popped 105 bubbles and trimmed 4 tips\n[M::main] ===\u003e Step 4.3: cutting short overlaps (3 rounds in total) \u003c===\n[M::asg_arc_del_multi] removed 0 multi-arcs\n[M::asg_arc_del_asymm] removed 29 asymmetric arcs\n[M::asg_arc_del_short] removed 37 short overlaps\n[M::asg_cut_tip] cut 104 tips\n[M::asg_pop_bubble] popped 1 bubbles and trimmed 0 tips\n[M::asg_arc_del_multi] removed 0 multi-arcs\n[M::asg_arc_del_asymm] removed 1 asymmetric arcs\n[M::asg_arc_del_short] removed 1 short overlaps\n[M::asg_cut_tip] cut 3 tips\n[M::asg_pop_bubble] popped 0 bubbles and trimmed 0 tips\n[M::asg_arc_del_short] removed 0 short overlaps\n[M::main] ===\u003e Step 4.4: removing short internal sequences and bi-loops \u003c===\n[M::asg_cut_internal] cut 0 internal sequences\n[M::asg_cut_biloop] cut 0 small bi-loops\n[M::asg_cut_tip] cut 0 tips\n[M::asg_pop_bubble] popped 0 bubbles and trimmed 0 tips\n[M::main] ===\u003e Step 4.5: aggressively cutting short overlaps \u003c===\n[M::asg_arc_del_short] removed 0 short overlaps\n[M::main] ===\u003e Step 5: generating unitigs \u003c===\n[M::main] Version: 0.3-r179\n[M::main] CMD: miniasm -f /galaxy/server/database/objects/5/2/0/dataset_520d5a57-154f-4316-9a44-bf677e0a6692.dat -m 100 -i 0.05 -s 1000 -c 3 -o 1000 -h 1000 -I 0.08 -g 1000 -d 50000 -e 4 -n 3 -F 0.8 /galaxy/server/database/objects/7/f/b/dataset_7fb8fc2e-f2ae-4544-b476-3d2d36685ff1.dat\n[M::main] Real time: 0.198 sec; CPU: 0.197 sec\n." ], "status": "failure", "test_index": 0, "time_seconds": 45.26362466812134, "tool_id": "miniasm", "tool_version": "0.3_r179+galaxy1"}
                ]]></error>
            
            <system-out><![CDATA[
            
            ]]></system-out>
            <system-err><![CDATA[
            [M::main] ===> Step 1: reading read mappings <===[M::ma_hit_read::0.146*1.00] read 100000 hits; stored 187742 hits and 12067 sequences (111354001 bp)[M::main] ===> Step 2: 1-pass (crude) read selection <===[M::ma_hit_sub::0.167*1.00] 9155 query sequences remain after sub[M::ma_hit_cut::0.170*1.00] 161122 hits remain after cut[M::ma_hit_flt::0.173*1.00] 156936 hits remain after filtering; crude coverage after filtering: 11.85[M::main] ===> Step 3: 2-pass (fine) read selection <===[M::ma_hit_sub::0.181*1.00] 9023 query sequences remain after sub[M::ma_hit_cut::0.183*1.00] 152071 hits remain after cut[M::ma_hit_contained::0.188*1.00] 1536 sequences and 8359 hits remain after containment removal[M::main] ===> Step 4: graph cleaning <===[M::ma_sg_gen] read 8236 arcs[M::main] ===> Step 4.1: transitive reduction <===[M::asg_arc_del_trans] transitively reduced 4182 arcs[M::asg_arc_del_multi] removed 0 multi-arcs[M::asg_arc_del_asymm] removed 362 asymmetric arcs[M::main] ===> Step 4.2: initial tip cutting and bubble popping <===[M::asg_cut_tip] cut 260 tips[M::asg_pop_bubble] popped 105 bubbles and trimmed 4 tips[M::main] ===> Step 4.3: cutting short overlaps (3 rounds in total) <===[M::asg_arc_del_multi] removed 0 multi-arcs[M::asg_arc_del_asymm] removed 29 asymmetric arcs[M::asg_arc_del_short] removed 37 short overlaps[M::asg_cut_tip] cut 104 tips[M::asg_pop_bubble] popped 1 bubbles and trimmed 0 tips[M::asg_arc_del_multi] removed 0 multi-arcs[M::asg_arc_del_asymm] removed 1 asymmetric arcs[M::asg_arc_del_short] removed 1 short overlaps[M::asg_cut_tip] cut 3 tips[M::asg_pop_bubble] popped 0 bubbles and trimmed 0 tips[M::asg_arc_del_short] removed 0 short overlaps[M::main] ===> Step 4.4: removing short internal sequences and bi-loops <===[M::asg_cut_internal] cut 0 internal sequences[M::asg_cut_biloop] cut 0 small bi-loops[M::asg_cut_tip] cut 0 tips[M::asg_pop_bubble] popped 0 bubbles and trimmed 0 tips[M::main] ===> Step 4.5: aggressively cutting short overlaps <===[M::asg_arc_del_short] removed 0 short overlaps[M::main] ===> Step 5: generating unitigs <===[M::main] Version: 0.3-r179[M::main] CMD: miniasm -f /galaxy/server/database/objects/5/2/0/dataset_520d5a57-154f-4316-9a44-bf677e0a6692.dat -m 100 -i 0.05 -s 1000 -c 3 -o 1000 -h 1000 -I 0.08 -g 1000 -d 50000 -e 4 -n 3 -F 0.8 /galaxy/server/database/objects/7/f/b/dataset_7fb8fc2e-f2ae-4544-b476-3d2d36685ff1.dat[M::main] Real time: 0.198 sec; CPU: 0.197 sec
            ]]></system-err>
        
    </testcase>
    
    <testcase classname="miniasm (Test #2)" name="1" time="49.975472927093506">
        
            
            <system-out><![CDATA[
            
            ]]></system-out>
            <system-err><![CDATA[
            [M::main] ===> Step 1: reading read mappings <===[M::ma_hit_read::0.141*1.00] read 100000 hits; stored 187766 hits and 12068 sequences (111355211 bp)[M::main] ===> Step 2: 1-pass (crude) read selection <===[M::ma_hit_sub::0.161*1.00] 10122 query sequences remain after sub[M::ma_hit_cut::0.163*1.00] 171862 hits remain after cut[M::ma_hit_flt::0.166*1.00] 165533 hits remain after filtering; crude coverage after filtering: 11.51[M::main] ===> Step 3: 2-pass (fine) read selection <===[M::ma_hit_sub::0.175*1.00] 9994 query sequences remain after sub[M::ma_hit_cut::0.177*1.00] 163595 hits remain after cut[M::ma_hit_contained::0.181*1.00] 1772 sequences and 10061 hits remain after containment removal[M::main] ===> Step 4: graph cleaning <===[M::ma_sg_gen] read 9758 arcs[M::main] ===> Step 4.1: transitive reduction <===[M::asg_arc_del_trans] transitively reduced 4694 arcs[M::asg_arc_del_multi] removed 0 multi-arcs[M::asg_arc_del_asymm] removed 484 asymmetric arcs[M::main] ===> Step 4.2: initial tip cutting and bubble popping <===[M::asg_cut_tip] cut 282 tips[M::asg_pop_bubble] popped 173 bubbles and trimmed 6 tips[M::main] ===> Step 4.3: cutting short overlaps (2 rounds in total) <===[M::asg_arc_del_multi] removed 0 multi-arcs[M::asg_arc_del_asymm] removed 26 asymmetric arcs[M::asg_arc_del_short] removed 38 short overlaps[M::asg_cut_tip] cut 53 tips[M::asg_pop_bubble] popped 8 bubbles and trimmed 0 tips[M::asg_arc_del_multi] removed 0 multi-arcs[M::asg_arc_del_asymm] removed 2 asymmetric arcs[M::asg_arc_del_short] removed 2 short overlaps[M::asg_cut_tip] cut 2 tips[M::asg_pop_bubble] popped 0 bubbles and trimmed 0 tips[M::main] ===> Step 4.4: removing short internal sequences and bi-loops <===[M::asg_cut_internal] cut 0 internal sequences[M::asg_cut_biloop] cut 0 small bi-loops[M::asg_cut_tip] cut 0 tips[M::asg_pop_bubble] popped 0 bubbles and trimmed 0 tips[M::main] ===> Step 4.5: aggressively cutting short overlaps <===[M::asg_arc_del_short] removed 0 short overlaps[M::main] ===> Step 5: generating unitigs <===[M::main] Version: 0.3-r179[M::main] CMD: miniasm -f /galaxy/server/database/objects/5/6/9/dataset_569ef0c7-500e-4acf-b681-f29d12aea079.dat -m 99 -i 0.04 -s 999 -c 2 -o 999 -h 999 -I 0.7 -g 999 -d 45000 -e 3 -n 2 -F 0.7 /galaxy/server/database/objects/e/7/5/dataset_e75481cb-a45d-4947-8b58-8a5220114cab.dat[M::main] Real time: 0.195 sec; CPU: 0.194 sec
            ]]></system-err>
        
    </testcase>
    
    <testcase classname="poretools_qualdist (Test #1)" name="0" time="72.38730072975159">
        
            
            <system-out><![CDATA[
            
            ]]></system-out>
            <system-err><![CDATA[
            
            ]]></system-err>
        
    </testcase>
    
    <testcase classname="poretools_qualdist (Test #2)" name="1" time="36.37079358100891">
        
            
            <system-out><![CDATA[
            
            ]]></system-out>
            <system-err><![CDATA[
            
            ]]></system-err>
        
    </testcase>
    
    <testcase classname="sam2interval (Test #1)" name="0" time="0.1331794261932373">
        
            <error type="error" message="Input staging problem: Traceback (most recent call last):
  File "/opt/hostedtoolcache/Python/3.12.12/x64/lib/python3.12/site-packages/galaxy/tool_util/verify/interactor.py", line 1466, in verify_tool
    stage_data_in_history(
  File "/opt/hostedtoolcache/Python/3.12.12/x64/lib/python3.12/site-packages/galaxy/tool_util/verify/interactor.py", line 163, in stage_data_in_history
    test_dict = galaxy_interactor.remote_to_input(
                ^^^^^^^^^^^^^^^^^^^^^^^^^^^^^^^^^^
  File "/opt/hostedtoolcache/Python/3.12.12/x64/lib/python3.12/site-packages/galaxy/tool_util/verify/interactor.py", line 581, in remote_to_input
    path_or_location = self._get_path_or_location(
                       ^^^^^^^^^^^^^^^^^^^^^^^^^^^
  File "/opt/hostedtoolcache/Python/3.12.12/x64/lib/python3.12/site-packages/galaxy/tool_util/verify/interactor.py", line 618, in _get_path_or_location
    path = self.test_data_download(
           ^^^^^^^^^^^^^^^^^^^^^^^^
  File "/opt/hostedtoolcache/Python/3.12.12/x64/lib/python3.12/site-packages/galaxy/tool_util/verify/interactor.py", line 524, in test_data_download
    raise AssertionError(f"Test input file ({filename}) cannot be found.")
AssertionError: Test input file (sam_bioinf_example.sam) cannot be found.
"><![CDATA[
                { "execution_problem": "Input staging problem: Traceback (most recent call last):\n  File \"/opt/hostedtoolcache/Python/3.12.12/x64/lib/python3.12/site-packages/galaxy/tool_util/verify/interactor.py\", line 1466, in verify_tool\n    stage_data_in_history(\n  File \"/opt/hostedtoolcache/Python/3.12.12/x64/lib/python3.12/site-packages/galaxy/tool_util/verify/interactor.py\", line 163, in stage_data_in_history\n    test_dict = galaxy_interactor.remote_to_input(\n                ^^^^^^^^^^^^^^^^^^^^^^^^^^^^^^^^^^\n  File \"/opt/hostedtoolcache/Python/3.12.12/x64/lib/python3.12/site-packages/galaxy/tool_util/verify/interactor.py\", line 581, in remote_to_input\n    path_or_location = self._get_path_or_location(\n                       ^^^^^^^^^^^^^^^^^^^^^^^^^^^\n  File \"/opt/hostedtoolcache/Python/3.12.12/x64/lib/python3.12/site-packages/galaxy/tool_util/verify/interactor.py\", line 618, in _get_path_or_location\n    path = self.test_data_download(\n           ^^^^^^^^^^^^^^^^^^^^^^^^\n  File \"/opt/hostedtoolcache/Python/3.12.12/x64/lib/python3.12/site-packages/galaxy/tool_util/verify/interactor.py\", line 524, in test_data_download\n    raise AssertionError(f\"Test input file ({filename}) cannot be found.\")\nAssertionError: Test input file (sam_bioinf_example.sam) cannot be found.\n", "status": "error", "test_index": 0, "time_seconds": 0.1331794261932373, "tool_id": "sam2interval", "tool_version": "1.0.2"}
            ]]></error>
        
    </testcase>
    
    <testcase classname="sam2interval (Test #2)" name="1" time="0.07186603546142578">
        
            <error type="error" message="Input staging problem: Traceback (most recent call last):
  File "/opt/hostedtoolcache/Python/3.12.12/x64/lib/python3.12/site-packages/galaxy/tool_util/verify/interactor.py", line 1466, in verify_tool
    stage_data_in_history(
  File "/opt/hostedtoolcache/Python/3.12.12/x64/lib/python3.12/site-packages/galaxy/tool_util/verify/interactor.py", line 163, in stage_data_in_history
    test_dict = galaxy_interactor.remote_to_input(
                ^^^^^^^^^^^^^^^^^^^^^^^^^^^^^^^^^^
  File "/opt/hostedtoolcache/Python/3.12.12/x64/lib/python3.12/site-packages/galaxy/tool_util/verify/interactor.py", line 581, in remote_to_input
    path_or_location = self._get_path_or_location(
                       ^^^^^^^^^^^^^^^^^^^^^^^^^^^
  File "/opt/hostedtoolcache/Python/3.12.12/x64/lib/python3.12/site-packages/galaxy/tool_util/verify/interactor.py", line 618, in _get_path_or_location
    path = self.test_data_download(
           ^^^^^^^^^^^^^^^^^^^^^^^^
  File "/opt/hostedtoolcache/Python/3.12.12/x64/lib/python3.12/site-packages/galaxy/tool_util/verify/interactor.py", line 524, in test_data_download
    raise AssertionError(f"Test input file ({filename}) cannot be found.")
AssertionError: Test input file (sam_bioinf_example.sam) cannot be found.
"><![CDATA[
                { "execution_problem": "Input staging problem: Traceback (most recent call last):\n  File \"/opt/hostedtoolcache/Python/3.12.12/x64/lib/python3.12/site-packages/galaxy/tool_util/verify/interactor.py\", line 1466, in verify_tool\n    stage_data_in_history(\n  File \"/opt/hostedtoolcache/Python/3.12.12/x64/lib/python3.12/site-packages/galaxy/tool_util/verify/interactor.py\", line 163, in stage_data_in_history\n    test_dict = galaxy_interactor.remote_to_input(\n                ^^^^^^^^^^^^^^^^^^^^^^^^^^^^^^^^^^\n  File \"/opt/hostedtoolcache/Python/3.12.12/x64/lib/python3.12/site-packages/galaxy/tool_util/verify/interactor.py\", line 581, in remote_to_input\n    path_or_location = self._get_path_or_location(\n                       ^^^^^^^^^^^^^^^^^^^^^^^^^^^\n  File \"/opt/hostedtoolcache/Python/3.12.12/x64/lib/python3.12/site-packages/galaxy/tool_util/verify/interactor.py\", line 618, in _get_path_or_location\n    path = self.test_data_download(\n           ^^^^^^^^^^^^^^^^^^^^^^^^\n  File \"/opt/hostedtoolcache/Python/3.12.12/x64/lib/python3.12/site-packages/galaxy/tool_util/verify/interactor.py\", line 524, in test_data_download\n    raise AssertionError(f\"Test input file ({filename}) cannot be found.\")\nAssertionError: Test input file (sam_bioinf_example.sam) cannot be found.\n", "status": "error", "test_index": 1, "time_seconds": 0.07186603546142578, "tool_id": "sam2interval", "tool_version": "1.0.2"}
            ]]></error>
        
    </testcase>
    
    <testcase classname="sam2interval (Test #3)" name="2" time="0.07114601135253906">
        
            <error type="error" message="Input staging problem: Traceback (most recent call last):
  File "/opt/hostedtoolcache/Python/3.12.12/x64/lib/python3.12/site-packages/galaxy/tool_util/verify/interactor.py", line 1466, in verify_tool
    stage_data_in_history(
  File "/opt/hostedtoolcache/Python/3.12.12/x64/lib/python3.12/site-packages/galaxy/tool_util/verify/interactor.py", line 163, in stage_data_in_history
    test_dict = galaxy_interactor.remote_to_input(
                ^^^^^^^^^^^^^^^^^^^^^^^^^^^^^^^^^^
  File "/opt/hostedtoolcache/Python/3.12.12/x64/lib/python3.12/site-packages/galaxy/tool_util/verify/interactor.py", line 581, in remote_to_input
    path_or_location = self._get_path_or_location(
                       ^^^^^^^^^^^^^^^^^^^^^^^^^^^
  File "/opt/hostedtoolcache/Python/3.12.12/x64/lib/python3.12/site-packages/galaxy/tool_util/verify/interactor.py", line 618, in _get_path_or_location
    path = self.test_data_download(
           ^^^^^^^^^^^^^^^^^^^^^^^^
  File "/opt/hostedtoolcache/Python/3.12.12/x64/lib/python3.12/site-packages/galaxy/tool_util/verify/interactor.py", line 524, in test_data_download
    raise AssertionError(f"Test input file ({filename}) cannot be found.")
AssertionError: Test input file (sam2interval-test3.sam) cannot be found.
"><![CDATA[
                { "execution_problem": "Input staging problem: Traceback (most recent call last):\n  File \"/opt/hostedtoolcache/Python/3.12.12/x64/lib/python3.12/site-packages/galaxy/tool_util/verify/interactor.py\", line 1466, in verify_tool\n    stage_data_in_history(\n  File \"/opt/hostedtoolcache/Python/3.12.12/x64/lib/python3.12/site-packages/galaxy/tool_util/verify/interactor.py\", line 163, in stage_data_in_history\n    test_dict = galaxy_interactor.remote_to_input(\n                ^^^^^^^^^^^^^^^^^^^^^^^^^^^^^^^^^^\n  File \"/opt/hostedtoolcache/Python/3.12.12/x64/lib/python3.12/site-packages/galaxy/tool_util/verify/interactor.py\", line 581, in remote_to_input\n    path_or_location = self._get_path_or_location(\n                       ^^^^^^^^^^^^^^^^^^^^^^^^^^^\n  File \"/opt/hostedtoolcache/Python/3.12.12/x64/lib/python3.12/site-packages/galaxy/tool_util/verify/interactor.py\", line 618, in _get_path_or_location\n    path = self.test_data_download(\n           ^^^^^^^^^^^^^^^^^^^^^^^^\n  File \"/opt/hostedtoolcache/Python/3.12.12/x64/lib/python3.12/site-packages/galaxy/tool_util/verify/interactor.py\", line 524, in test_data_download\n    raise AssertionError(f\"Test input file ({filename}) cannot be found.\")\nAssertionError: Test input file (sam2interval-test3.sam) cannot be found.\n", "status": "error", "test_index": 2, "time_seconds": 0.07114601135253906, "tool_id": "sam2interval", "tool_version": "1.0.2"}
            ]]></error>
        
    </testcase>
    
    <testcase classname="samtools_flagstat (Test #1)" name="0" time="0.13132405281066895">
        
            <error type="error" message="Input staging problem: Traceback (most recent call last):
  File "/opt/hostedtoolcache/Python/3.12.12/x64/lib/python3.12/site-packages/galaxy/tool_util/verify/interactor.py", line 1466, in verify_tool
    stage_data_in_history(
  File "/opt/hostedtoolcache/Python/3.12.12/x64/lib/python3.12/site-packages/galaxy/tool_util/verify/interactor.py", line 163, in stage_data_in_history
    test_dict = galaxy_interactor.remote_to_input(
                ^^^^^^^^^^^^^^^^^^^^^^^^^^^^^^^^^^
  File "/opt/hostedtoolcache/Python/3.12.12/x64/lib/python3.12/site-packages/galaxy/tool_util/verify/interactor.py", line 581, in remote_to_input
    path_or_location = self._get_path_or_location(
                       ^^^^^^^^^^^^^^^^^^^^^^^^^^^
  File "/opt/hostedtoolcache/Python/3.12.12/x64/lib/python3.12/site-packages/galaxy/tool_util/verify/interactor.py", line 618, in _get_path_or_location
    path = self.test_data_download(
           ^^^^^^^^^^^^^^^^^^^^^^^^
  File "/opt/hostedtoolcache/Python/3.12.12/x64/lib/python3.12/site-packages/galaxy/tool_util/verify/interactor.py", line 524, in test_data_download
    raise AssertionError(f"Test input file ({filename}) cannot be found.")
AssertionError: Test input file (samtools_flagstat_input1.bam) cannot be found.
"><![CDATA[
                { "execution_problem": "Input staging problem: Traceback (most recent call last):\n  File \"/opt/hostedtoolcache/Python/3.12.12/x64/lib/python3.12/site-packages/galaxy/tool_util/verify/interactor.py\", line 1466, in verify_tool\n    stage_data_in_history(\n  File \"/opt/hostedtoolcache/Python/3.12.12/x64/lib/python3.12/site-packages/galaxy/tool_util/verify/interactor.py\", line 163, in stage_data_in_history\n    test_dict = galaxy_interactor.remote_to_input(\n                ^^^^^^^^^^^^^^^^^^^^^^^^^^^^^^^^^^\n  File \"/opt/hostedtoolcache/Python/3.12.12/x64/lib/python3.12/site-packages/galaxy/tool_util/verify/interactor.py\", line 581, in remote_to_input\n    path_or_location = self._get_path_or_location(\n                       ^^^^^^^^^^^^^^^^^^^^^^^^^^^\n  File \"/opt/hostedtoolcache/Python/3.12.12/x64/lib/python3.12/site-packages/galaxy/tool_util/verify/interactor.py\", line 618, in _get_path_or_location\n    path = self.test_data_download(\n           ^^^^^^^^^^^^^^^^^^^^^^^^\n  File \"/opt/hostedtoolcache/Python/3.12.12/x64/lib/python3.12/site-packages/galaxy/tool_util/verify/interactor.py\", line 524, in test_data_download\n    raise AssertionError(f\"Test input file ({filename}) cannot be found.\")\nAssertionError: Test input file (samtools_flagstat_input1.bam) cannot be found.\n", "status": "error", "test_index": 0, "time_seconds": 0.13132405281066895, "tool_id": "samtools_flagstat", "tool_version": "2.0.8"}
            ]]></error>
        
    </testcase>
    
    <testcase classname="samtools_flagstat (Test #2)" name="1" time="0.07048439979553223">
        
            <error type="error" message="Input staging problem: Traceback (most recent call last):
  File "/opt/hostedtoolcache/Python/3.12.12/x64/lib/python3.12/site-packages/galaxy/tool_util/verify/interactor.py", line 1466, in verify_tool
    stage_data_in_history(
  File "/opt/hostedtoolcache/Python/3.12.12/x64/lib/python3.12/site-packages/galaxy/tool_util/verify/interactor.py", line 163, in stage_data_in_history
    test_dict = galaxy_interactor.remote_to_input(
                ^^^^^^^^^^^^^^^^^^^^^^^^^^^^^^^^^^
  File "/opt/hostedtoolcache/Python/3.12.12/x64/lib/python3.12/site-packages/galaxy/tool_util/verify/interactor.py", line 581, in remote_to_input
    path_or_location = self._get_path_or_location(
                       ^^^^^^^^^^^^^^^^^^^^^^^^^^^
  File "/opt/hostedtoolcache/Python/3.12.12/x64/lib/python3.12/site-packages/galaxy/tool_util/verify/interactor.py", line 618, in _get_path_or_location
    path = self.test_data_download(
           ^^^^^^^^^^^^^^^^^^^^^^^^
  File "/opt/hostedtoolcache/Python/3.12.12/x64/lib/python3.12/site-packages/galaxy/tool_util/verify/interactor.py", line 524, in test_data_download
    raise AssertionError(f"Test input file ({filename}) cannot be found.")
AssertionError: Test input file (samtools_flagstat_input1.bam) cannot be found.
"><![CDATA[
                { "execution_problem": "Input staging problem: Traceback (most recent call last):\n  File \"/opt/hostedtoolcache/Python/3.12.12/x64/lib/python3.12/site-packages/galaxy/tool_util/verify/interactor.py\", line 1466, in verify_tool\n    stage_data_in_history(\n  File \"/opt/hostedtoolcache/Python/3.12.12/x64/lib/python3.12/site-packages/galaxy/tool_util/verify/interactor.py\", line 163, in stage_data_in_history\n    test_dict = galaxy_interactor.remote_to_input(\n                ^^^^^^^^^^^^^^^^^^^^^^^^^^^^^^^^^^\n  File \"/opt/hostedtoolcache/Python/3.12.12/x64/lib/python3.12/site-packages/galaxy/tool_util/verify/interactor.py\", line 581, in remote_to_input\n    path_or_location = self._get_path_or_location(\n                       ^^^^^^^^^^^^^^^^^^^^^^^^^^^\n  File \"/opt/hostedtoolcache/Python/3.12.12/x64/lib/python3.12/site-packages/galaxy/tool_util/verify/interactor.py\", line 618, in _get_path_or_location\n    path = self.test_data_download(\n           ^^^^^^^^^^^^^^^^^^^^^^^^\n  File \"/opt/hostedtoolcache/Python/3.12.12/x64/lib/python3.12/site-packages/galaxy/tool_util/verify/interactor.py\", line 524, in test_data_download\n    raise AssertionError(f\"Test input file ({filename}) cannot be found.\")\nAssertionError: Test input file (samtools_flagstat_input1.bam) cannot be found.\n", "status": "error", "test_index": 1, "time_seconds": 0.07048439979553223, "tool_id": "samtools_flagstat", "tool_version": "2.0.8"}
            ]]></error>
        
    </testcase>
    
    <testcase classname="samtools_flagstat (Test #3)" name="2" time="0.0707547664642334">
        
            <error type="error" message="Input staging problem: Traceback (most recent call last):
  File "/opt/hostedtoolcache/Python/3.12.12/x64/lib/python3.12/site-packages/galaxy/tool_util/verify/interactor.py", line 1466, in verify_tool
    stage_data_in_history(
  File "/opt/hostedtoolcache/Python/3.12.12/x64/lib/python3.12/site-packages/galaxy/tool_util/verify/interactor.py", line 163, in stage_data_in_history
    test_dict = galaxy_interactor.remote_to_input(
                ^^^^^^^^^^^^^^^^^^^^^^^^^^^^^^^^^^
  File "/opt/hostedtoolcache/Python/3.12.12/x64/lib/python3.12/site-packages/galaxy/tool_util/verify/interactor.py", line 581, in remote_to_input
    path_or_location = self._get_path_or_location(
                       ^^^^^^^^^^^^^^^^^^^^^^^^^^^
  File "/opt/hostedtoolcache/Python/3.12.12/x64/lib/python3.12/site-packages/galaxy/tool_util/verify/interactor.py", line 618, in _get_path_or_location
    path = self.test_data_download(
           ^^^^^^^^^^^^^^^^^^^^^^^^
  File "/opt/hostedtoolcache/Python/3.12.12/x64/lib/python3.12/site-packages/galaxy/tool_util/verify/interactor.py", line 524, in test_data_download
    raise AssertionError(f"Test input file ({filename}) cannot be found.")
AssertionError: Test input file (samtools_flagstat_input1.bam) cannot be found.
"><![CDATA[
                { "execution_problem": "Input staging problem: Traceback (most recent call last):\n  File \"/opt/hostedtoolcache/Python/3.12.12/x64/lib/python3.12/site-packages/galaxy/tool_util/verify/interactor.py\", line 1466, in verify_tool\n    stage_data_in_history(\n  File \"/opt/hostedtoolcache/Python/3.12.12/x64/lib/python3.12/site-packages/galaxy/tool_util/verify/interactor.py\", line 163, in stage_data_in_history\n    test_dict = galaxy_interactor.remote_to_input(\n                ^^^^^^^^^^^^^^^^^^^^^^^^^^^^^^^^^^\n  File \"/opt/hostedtoolcache/Python/3.12.12/x64/lib/python3.12/site-packages/galaxy/tool_util/verify/interactor.py\", line 581, in remote_to_input\n    path_or_location = self._get_path_or_location(\n                       ^^^^^^^^^^^^^^^^^^^^^^^^^^^\n  File \"/opt/hostedtoolcache/Python/3.12.12/x64/lib/python3.12/site-packages/galaxy/tool_util/verify/interactor.py\", line 618, in _get_path_or_location\n    path = self.test_data_download(\n           ^^^^^^^^^^^^^^^^^^^^^^^^\n  File \"/opt/hostedtoolcache/Python/3.12.12/x64/lib/python3.12/site-packages/galaxy/tool_util/verify/interactor.py\", line 524, in test_data_download\n    raise AssertionError(f\"Test input file ({filename}) cannot be found.\")\nAssertionError: Test input file (samtools_flagstat_input1.bam) cannot be found.\n", "status": "error", "test_index": 2, "time_seconds": 0.0707547664642334, "tool_id": "samtools_flagstat", "tool_version": "2.0.8"}
            ]]></error>
        
    </testcase>
    
    <testcase classname="vcfaddinfo (Test #1)" name="0" time="42.519047260284424">
        
            
            <system-out><![CDATA[
            
            ]]></system-out>
            <system-err><![CDATA[
            
            ]]></system-err>
        
    </testcase>
    
    <testcase classname="vcfleftalign (Test #1)" name="0" time="37.236313343048096">
        
            
            <system-out><![CDATA[
            
            ]]></system-out>
            <system-err><![CDATA[
            index file localref.fa.fai not found, generating...
            ]]></system-err>
        
    </testcase>
    
</testsuite>