<?xml version="1.0" encoding="UTF-8"?>
<testsuite name="Results (powered by Planemo)"
           tests="86"
           errors="12"
           failures="17"
           skip="0">
    
    <testcase classname="bcftools_convert_from_vcf (Test #1)" name="0" time="38.95250105857849">
        
            
            <system-out><![CDATA[
            
            ]]></system-out>
            <system-err><![CDATA[
            Gen file: /galaxy/server/database/objects/6/3/c/dataset_63c991e1-8d0a-4cdc-984a-22afcca9881e.datSample file: /galaxy/server/database/objects/e/3/f/dataset_e3f0643a-6eb4-423c-9d60-b38f7f1f4c02.datWarning: non-biallelic records are skipped. Consider splitting multi-allelic records into biallelic records using 'bcftools norm -m-'.32 records written, 1 skipped: 0/1/0/0 no-ALT/non-biallelic/filtered/duplicated
            ]]></system-err>
        
    </testcase>
    
    <testcase classname="bcftools_convert_from_vcf (Test #2)" name="1" time="31.95359992980957">
        
            
            <system-out><![CDATA[
            
            ]]></system-out>
            <system-err><![CDATA[
            Gen file: /galaxy/server/database/objects/c/1/1/dataset_c110dda9-13fa-4c5b-bdd1-e77c9038994d.datSample file: /galaxy/server/database/objects/f/3/a/dataset_f3ae3539-ca6a-473c-9c46-9045c5c79e4f.datWarning: non-biallelic records are skipped. Consider splitting multi-allelic records into biallelic records using 'bcftools norm -m-'.32 records written, 1 skipped: 0/1/0/0 no-ALT/non-biallelic/filtered/duplicated
            ]]></system-err>
        
    </testcase>
    
    <testcase classname="bcftools_convert_from_vcf (Test #3)" name="2" time="31.841350317001343">
        
            
            <system-out><![CDATA[
            
            ]]></system-out>
            <system-err><![CDATA[
            Gen file: /galaxy/server/database/objects/f/6/b/dataset_f6b72915-211e-496c-902f-1f4928fa7cf8.datSample file: /galaxy/server/database/objects/3/c/8/dataset_3c86c5c5-f3a2-459f-a612-12aee00ec5af.datWarning: non-biallelic records are skipped. Consider splitting multi-allelic records into biallelic records using 'bcftools norm -m-'.10 records written, 8 skipped: 0/6/0/2 no-ALT/non-biallelic/filtered/duplicated
            ]]></system-err>
        
    </testcase>
    
    <testcase classname="bcftools_convert_from_vcf (Test #4)" name="3" time="33.063481092453">
        
            
            <system-out><![CDATA[
            
            ]]></system-out>
            <system-err><![CDATA[
            Hap file: /galaxy/server/database/objects/0/7/a/dataset_07ad2b1f-a33e-48f8-971b-6cca3485a1a3.datSample file: /galaxy/server/database/objects/1/5/d/dataset_15d71f41-6607-481d-9a20-9814672d3829.datWarning: non-biallelic records are skipped. Consider splitting multi-allelic records into biallelic records using 'bcftools norm -m-'.32 records written, 1 skipped: 0/1/0 no-ALT/non-biallelic/filtered
            ]]></system-err>
        
    </testcase>
    
    <testcase classname="bcftools_convert_from_vcf (Test #5)" name="4" time="33.476969957351685">
        
            
            <system-out><![CDATA[
            
            ]]></system-out>
            <system-err><![CDATA[
            Hap file: /galaxy/server/database/objects/0/e/4/dataset_0e4d6862-f926-40ae-8fae-8d4f92ead60f.datLegend file: /galaxy/server/database/objects/b/5/d/dataset_b5dca646-991f-4ea1-a95e-99929a1f61e3.datSample file: /galaxy/server/database/objects/4/2/8/dataset_4287a1e1-01a7-4a64-a91a-4d57d0b5f647.datWarning: non-biallelic records are skipped. Consider splitting multi-allelic records into biallelic records using 'bcftools norm -m-'.32 records written, 1 skipped: 0/1/0 no-ALT/non-biallelic/filtered
            ]]></system-err>
        
    </testcase>
    
    <testcase classname="bcftools_convert_from_vcf (Test #6)" name="5" time="32.08309507369995">
        
            
            <system-out><![CDATA[
            
            ]]></system-out>
            <system-err><![CDATA[
            Hap file: /galaxy/server/database/objects/f/c/f/dataset_fcf1c348-3cbf-4f51-9fad-d6815f395dd4.datLegend file: /galaxy/server/database/objects/8/2/f/dataset_82f6b802-594a-4ef8-98ea-861357d7ad9c.datSample file: /galaxy/server/database/objects/e/f/b/dataset_efbc168b-7868-4c18-a8a3-10f9636092bc.datWarning: non-biallelic records are skipped. Consider splitting multi-allelic records into biallelic records using 'bcftools norm -m-'.32 records written, 1 skipped: 0/1/0 no-ALT/non-biallelic/filtered
            ]]></system-err>
        
    </testcase>
    
    <testcase classname="bcftools_convert_from_vcf (Test #7)" name="6" time="26.111329078674316">
        
            
                <error type="error" message="Tool exit code: None"><![CDATA[
                    { "inputs": {  "convert|convert_to": "gen_sample",  "input_file": {   "id": "d684e38a131260e2",   "src": "hda"  },  "sec_restrict|regions|region_specs_0|chrom": "X",  "sec_restrict|regions|regions_src": "regions" }, "job": {  "command_line": "bgzip -c \u0027/galaxy/server/database/objects/a/c/c/dataset_acc9047e-f718-4aef-b08d-12319063acac.dat\u0027 \u003e input.vcf.gz \u0026\u0026 bcftools index input.vcf.gz \u0026\u0026            bcftools convert  --tag GT --gensample \"/galaxy/server/database/objects/7/2/7/dataset_727c00c4-be2e-462f-994d-caaf8ad687a7.dat,/galaxy/server/database/objects/f/7/1/dataset_f71fc946-a8cb-4fd0-a35a-f604788295ef.dat\"                --regions \u0027X\u0027 --regions-overlap 1            input.vcf.gz .",  "command_version": null,  "copied_from_job_id": null,  "create_time": "2026-01-19T13:50:11.759694",  "dependencies": [],  "exit_code": null,  "external_id": "gxy-mzjwq",  "galaxy_version": "24.1",  "handler": null,  "history_id": "4ec94da7f1737f53",  "id": "88ed84f9cf97de57",  "inputs": {   "input_file": {    "id": "d684e38a131260e2",    "src": "hda",    "uuid": "acc9047e-f718-4aef-b08d-12319063acac"   }  },  "job_messages": null,  "job_metrics": [],  "job_runner_name": null,  "job_stderr": null,  "job_stdout": null,  "model_class": "Job",  "output_collections": {},  "outputs": {   "output_gen": {    "id": "0cd774df83179262",    "src": "hda",    "uuid": "727c00c4-be2e-462f-994d-caaf8ad687a7"   },   "output_samples": {    "id": "d4c7726591c51e6a",    "src": "hda",    "uuid": "f71fc946-a8cb-4fd0-a35a-f604788295ef"   }  },  "params": {   "__input_ext": "\"input\"",   "chromInfo": "\"/cvmfs/data.galaxyproject.org/managed/len/ucsc/?.len\"",   "convert": "{\"__current_case__\": 0, \"convert_3N6\": false, \"convert_to\": \"gen_sample\", \"sex_info\": {\"__current_case__\": 0, \"sex_info_src\": \"none\"}, \"tag\": \"GT\", \"vcf_ids\": false}",   "dbkey": "\"?\"",   "keep_duplicates": "false",   "sec_restrict": "{\"exclude\": null, \"include\": null, \"invert_samples\": false, \"invert_samples_file\": false, \"regions\": {\"__current_case__\": 1, \"region_specs\": [{\"__index__\": 0, \"chrom\": \"X\", \"start\": null, \"stop\": null}], \"regions_overlap\": \"1\", \"regions_src\": \"regions\"}, \"samples\": \"\", \"samples_file\": null, \"targets\": {\"__current_case__\": 0, \"targets_src\": \"__none__\"}}"  },  "state": "error",  "stderr": "Gen file: /galaxy/server/database/objects/7/2/7/dataset_727c00c4-be2e-462f-994d-caaf8ad687a7.dat\nSample file: /galaxy/server/database/objects/f/7/1/dataset_f71fc946-a8cb-4fd0-a35a-f604788295ef.dat\nWarning: non-biallelic records are skipped. Consider splitting multi-allelic records into biallelic records using \u0027bcftools norm -m-\u0027.\n32 records written, 1 skipped: 0/1/0/0 no-ALT/non-biallelic/filtered/duplicated\n",  "stdout": "",  "tool_id": "toolshed.g2.bx.psu.edu/repos/iuc/bcftools_convert_from_vcf/bcftools_convert_from_vcf/1.22+galaxy0",  "tool_stderr": "Gen file: /galaxy/server/database/objects/7/2/7/dataset_727c00c4-be2e-462f-994d-caaf8ad687a7.dat\nSample file: /galaxy/server/database/objects/f/7/1/dataset_f71fc946-a8cb-4fd0-a35a-f604788295ef.dat\nWarning: non-biallelic records are skipped. Consider splitting multi-allelic records into biallelic records using \u0027bcftools norm -m-\u0027.\n32 records written, 1 skipped: 0/1/0/0 no-ALT/non-biallelic/filtered/duplicated\n",  "tool_stdout": "",  "update_time": "2026-01-19T13:50:17.605118",  "user_email": "tests@fake.org" }, "output_problems": [  "Job in error state.. tool_id: toolshed.g2.bx.psu.edu/repos/iuc/bcftools_convert_from_vcf/bcftools_convert_from_vcf/1.22+galaxy0, exit_code: None, stderr: Gen file: /galaxy/server/database/objects/7/2/7/dataset_727c00c4-be2e-462f-994d-caaf8ad687a7.dat\nSample file: /galaxy/server/database/objects/f/7/1/dataset_f71fc946-a8cb-4fd0-a35a-f604788295ef.dat\nWarning: non-biallelic records are skipped. Consider splitting multi-allelic records into biallelic records using \u0027bcftools norm -m-\u0027.\n32 records written, 1 skipped: 0/1/0/0 no-ALT/non-biallelic/filtered/duplicated\n." ], "status": "failure", "test_index": 6, "time_seconds": 26.111329078674316, "tool_id": "bcftools_convert_from_vcf", "tool_version": "1.22+galaxy0"}
                ]]></error>
            
            <system-out><![CDATA[
            
            ]]></system-out>
            <system-err><![CDATA[
            Gen file: /galaxy/server/database/objects/7/2/7/dataset_727c00c4-be2e-462f-994d-caaf8ad687a7.datSample file: /galaxy/server/database/objects/f/7/1/dataset_f71fc946-a8cb-4fd0-a35a-f604788295ef.datWarning: non-biallelic records are skipped. Consider splitting multi-allelic records into biallelic records using 'bcftools norm -m-'.32 records written, 1 skipped: 0/1/0/0 no-ALT/non-biallelic/filtered/duplicated
            ]]></system-err>
        
    </testcase>
    
    <testcase classname="bcftools_plugin_dosage (Test #1)" name="0" time="24.44152569770813">
        
            
                <error type="error" message="Tool exit code: None"><![CDATA[
                    { "inputs": {  "input_file": {   "id": "1c9d7797430f913c",   "src": "hda"  } }, "job": {  "command_line": "bgzip -c \u0027/galaxy/server/database/objects/2/0/9/dataset_209cd2d7-4b68-40c2-9ff0-5b2cf3c3f147.dat\u0027 \u003e input.vcf.gz \u0026\u0026 bcftools index input.vcf.gz \u0026\u0026            bcftools plugin dosage                input.vcf.gz   \u003e \u0027/galaxy/server/database/objects/8/8/e/dataset_88e0e372-4465-44de-8fd2-b6a5f4758c5d.dat\u0027",  "command_version": null,  "copied_from_job_id": null,  "create_time": "2026-01-19T13:50:38.778408",  "dependencies": [],  "exit_code": null,  "external_id": "gxy-dcffx",  "galaxy_version": "24.1",  "handler": null,  "history_id": "4ec94da7f1737f53",  "id": "b69378ff38ce140d",  "inputs": {   "input_file": {    "id": "1c9d7797430f913c",    "src": "hda",    "uuid": "209cd2d7-4b68-40c2-9ff0-5b2cf3c3f147"   }  },  "job_messages": null,  "job_metrics": [],  "job_runner_name": null,  "job_stderr": null,  "job_stdout": null,  "model_class": "Job",  "output_collections": {},  "outputs": {   "output_file": {    "id": "978671f89db9fb64",    "src": "hda",    "uuid": "88e0e372-4465-44de-8fd2-b6a5f4758c5d"   }  },  "params": {   "__input_ext": "\"input\"",   "chromInfo": "\"/cvmfs/data.galaxyproject.org/managed/len/ucsc/?.len\"",   "dbkey": "\"?\"",   "sec_plugin": "{\"tags\": \"\"}",   "sec_restrict": "{\"exclude\": null, \"include\": null, \"regions\": {\"__current_case__\": 0, \"regions_src\": \"__none__\"}, \"targets\": {\"__current_case__\": 0, \"targets_src\": \"__none__\"}}"  },  "state": "error",  "stderr": "",  "stdout": "",  "tool_id": "toolshed.g2.bx.psu.edu/repos/iuc/bcftools_plugin_dosage/bcftools_plugin_dosage/1.22+galaxy0",  "tool_stderr": "",  "tool_stdout": "",  "update_time": "2026-01-19T13:50:43.693951",  "user_email": "tests@fake.org" }, "output_problems": [  "Job in error state.. tool_id: toolshed.g2.bx.psu.edu/repos/iuc/bcftools_plugin_dosage/bcftools_plugin_dosage/1.22+galaxy0, exit_code: None, stderr: ." ], "status": "failure", "test_index": 0, "time_seconds": 24.44152569770813, "tool_id": "bcftools_plugin_dosage", "tool_version": "1.22+galaxy0"}
                ]]></error>
            
            <system-out><![CDATA[
            
            ]]></system-out>
            <system-err><![CDATA[
            
            ]]></system-err>
        
    </testcase>
    
    <testcase classname="bwameth (Test #1)" name="0" time="54.91626858711243">
        
            
                <error type="error" message="Tool exit code: None"><![CDATA[
                    { "inputs": {  "referenceSource|reference": {   "id": "a834501eec18dc91",   "src": "hda"  },  "referenceSource|source": "history",  "single_or_paired|input_mate1": {   "id": "ad23c6e341976e6e",   "src": "hda"  },  "single_or_paired|input_mate2": {   "id": "7f217b2115a865ca",   "src": "hda"  },  "single_or_paired|single_or_paired_opts": "paired" }, "job": {  "command_line": "mkdir index_dir \u0026\u0026 ln -s \u0027/galaxy/server/database/objects/9/6/6/dataset_966c062e-e718-442b-872d-84645e3b3e94.dat\u0027 index_dir/genome.fa \u0026\u0026 bwameth.py index index_dir/genome.fa \u0026\u0026  ln -f -s \u0027/galaxy/server/database/objects/2/7/4/dataset_274f0b0c-1827-4abe-8b30-dc6cdffd885d.dat\u0027 input_f.fastq.gz \u0026\u0026  ln -f -s \u0027/galaxy/server/database/objects/f/6/f/dataset_f6ff211f-61b6-40a8-b2fa-70556023905d.dat\u0027 input_r.fastq.gz \u0026\u0026  bwameth.py -t \"${GALAXY_SLOTS:-4}\" --reference \u0027index_dir/genome.fa\u0027   input_f.fastq.gz input_r.fastq.gz | samtools sort -l 0 -T \"${TMPDIR:-.}\" -O bam | samtools view -O bam -@ ${GALAXY_SLOTS:-1}  -o output.bam",  "command_version": null,  "copied_from_job_id": null,  "create_time": "2026-01-19T13:55:04.627044",  "dependencies": [],  "exit_code": null,  "external_id": "gxy-qspbf",  "galaxy_version": "24.1",  "handler": null,  "history_id": "4ec94da7f1737f53",  "id": "dc8754901b4acd00",  "inputs": {   "referenceSource|reference": {    "id": "c73055f0d93c972e",    "src": "hda",    "uuid": "966c062e-e718-442b-872d-84645e3b3e94"   },   "single_or_paired|input_mate1": {    "id": "ad23c6e341976e6e",    "src": "hda",    "uuid": "274f0b0c-1827-4abe-8b30-dc6cdffd885d"   },   "single_or_paired|input_mate2": {    "id": "7f217b2115a865ca",    "src": "hda",    "uuid": "f6ff211f-61b6-40a8-b2fa-70556023905d"   }  },  "job_messages": null,  "job_metrics": [],  "job_runner_name": null,  "job_stderr": null,  "job_stdout": null,  "model_class": "Job",  "output_collections": {},  "outputs": {   "output": {    "id": "f7d596f91f9c7e74",    "src": "hda",    "uuid": "d50b879a-74f0-4570-bbe7-7490c7676d29"   }  },  "params": {   "__input_ext": "\"input\"",   "chromInfo": "\"/cvmfs/data.galaxyproject.org/managed/len/ucsc/?.len\"",   "dbkey": "\"?\"",   "readGroup": "\"\"",   "referenceSource": "{\"__current_case__\": 0, \"reference\": {\"values\": [{\"id\": 170, \"src\": \"hda\"}]}, \"source\": \"history\"}",   "single_or_paired": "{\"__current_case__\": 1, \"input_mate1\": {\"values\": [{\"id\": 168, \"src\": \"hda\"}]}, \"input_mate2\": {\"values\": [{\"id\": 169, \"src\": \"hda\"}]}, \"single_or_paired_opts\": \"paired\"}"  },  "state": "error",  "stderr": "converting c2t in index_dir/genome.fa to index_dir/genome.fa.bwameth.c2t\nindexing with bwa-mem: index_dir/genome.fa.bwameth.c2t\n[bwa_index] Pack FASTA... 0.01 sec\n[bwa_index] Construct BWT for the packed sequence...\n[BWTIncCreate] textLength=3600000, availableWord=4573648\n[bwt_gen] Finished constructing BWT in 5 iterations.\n[bwa_index] 0.57 seconds elapse.\n[bwa_index] Update BWT... 0.01 sec\n[bwa_index] Pack forward-only FASTA... 0.01 sec\n[bwa_index] Construct SA from BWT and Occ... 0.11 sec\n[main] Version: 0.7.19-r1273\n[main] CMD: bwa index -a bwtsw index_dir/genome.fa.bwameth.c2t\n[main] Real time: 0.794 sec; CPU: 0.715 sec\n--------------------\nFound BWA MEM index\nrunning: /usr/local/bin/python /usr/local/bin/bwameth.py c2t input_f.fastq.gz input_r.fastq.gz |bwa mem -T 40 -B 2 -L 10 -CM -U 100 -p -R \u0027@RG\\tID:input_\\tSM:input_\u0027 -t 8  index_dir/genome.fa.bwameth.c2t /dev/stdin\n--------------------\n[M::bwa_idx_load_from_disk] read 0 ALT contigs\nconverting reads in input_f.fastq.gz,input_r.fastq.gz\n[M::process] read 200 sequences (20200 bp)...\n[M::process] 0 single-end sequences; 200 paired-end sequences\n[M::mem_pestat] # candidate unique pairs for (FF, FR, RF, RR): (0, 97, 0, 0)\n[M::mem_pestat] skip orientation FF as there are not enough pairs\n[M::mem_pestat] analyzing insert size distribution for orientation FR...\n[M::mem_pestat] (25, 50, 75) percentile: (108, 141, 169)\n[M::mem_pestat] low and high boundaries for computing mean and std.dev: (1, 291)\n[M::mem_pestat] mean and std.dev: (138.16, 39.31)\n[M::mem_pestat] low and high boundaries for proper pairs: (1, 352)\n[M::mem_pestat] skip orientation RF as there are not enough pairs\n[M::mem_pestat] skip orientation RR as there are not enough pairs\n[M::mem_process_seqs] Processed 200 reads in 0.024 CPU sec, 0.006 real sec\n[main] Version: 0.7.19-r1273\n[main] CMD: bwa mem -T 40 -B 2 -L 10 -CM -U 100 -p -R @RG\\tID:input_\\tSM:input_ -t 8 index_dir/genome.fa.bwameth.c2t /dev/stdin\n[main] Real time: 0.098 sec; CPU: 0.030 sec\n",  "stdout": "",  "tool_id": "toolshed.g2.bx.psu.edu/repos/iuc/bwameth/bwameth/0.2.9+galaxy0",  "tool_stderr": "converting c2t in index_dir/genome.fa to index_dir/genome.fa.bwameth.c2t\nindexing with bwa-mem: index_dir/genome.fa.bwameth.c2t\n[bwa_index] Pack FASTA... 0.01 sec\n[bwa_index] Construct BWT for the packed sequence...\n[BWTIncCreate] textLength=3600000, availableWord=4573648\n[bwt_gen] Finished constructing BWT in 5 iterations.\n[bwa_index] 0.57 seconds elapse.\n[bwa_index] Update BWT... 0.01 sec\n[bwa_index] Pack forward-only FASTA... 0.01 sec\n[bwa_index] Construct SA from BWT and Occ... 0.11 sec\n[main] Version: 0.7.19-r1273\n[main] CMD: bwa index -a bwtsw index_dir/genome.fa.bwameth.c2t\n[main] Real time: 0.794 sec; CPU: 0.715 sec\n--------------------\nFound BWA MEM index\nrunning: /usr/local/bin/python /usr/local/bin/bwameth.py c2t input_f.fastq.gz input_r.fastq.gz |bwa mem -T 40 -B 2 -L 10 -CM -U 100 -p -R \u0027@RG\\tID:input_\\tSM:input_\u0027 -t 8  index_dir/genome.fa.bwameth.c2t /dev/stdin\n--------------------\n[M::bwa_idx_load_from_disk] read 0 ALT contigs\nconverting reads in input_f.fastq.gz,input_r.fastq.gz\n[M::process] read 200 sequences (20200 bp)...\n[M::process] 0 single-end sequences; 200 paired-end sequences\n[M::mem_pestat] # candidate unique pairs for (FF, FR, RF, RR): (0, 97, 0, 0)\n[M::mem_pestat] skip orientation FF as there are not enough pairs\n[M::mem_pestat] analyzing insert size distribution for orientation FR...\n[M::mem_pestat] (25, 50, 75) percentile: (108, 141, 169)\n[M::mem_pestat] low and high boundaries for computing mean and std.dev: (1, 291)\n[M::mem_pestat] mean and std.dev: (138.16, 39.31)\n[M::mem_pestat] low and high boundaries for proper pairs: (1, 352)\n[M::mem_pestat] skip orientation RF as there are not enough pairs\n[M::mem_pestat] skip orientation RR as there are not enough pairs\n[M::mem_process_seqs] Processed 200 reads in 0.024 CPU sec, 0.006 real sec\n[main] Version: 0.7.19-r1273\n[main] CMD: bwa mem -T 40 -B 2 -L 10 -CM -U 100 -p -R @RG\\tID:input_\\tSM:input_ -t 8 index_dir/genome.fa.bwameth.c2t /dev/stdin\n[main] Real time: 0.098 sec; CPU: 0.030 sec\n",  "tool_stdout": "",  "update_time": "2026-01-19T13:55:34.711446",  "user_email": "tests@fake.org" }, "output_problems": [  "Job in error state.. tool_id: toolshed.g2.bx.psu.edu/repos/iuc/bwameth/bwameth/0.2.9+galaxy0, exit_code: None, stderr: converting c2t in index_dir/genome.fa to index_dir/genome.fa.bwameth.c2t\nindexing with bwa-mem: index_dir/genome.fa.bwameth.c2t\n[bwa_index] Pack FASTA... 0.01 sec\n[bwa_index] Construct BWT for the packed sequence...\n[BWTIncCreate] textLength=3600000, availableWord=4573648\n[bwt_gen] Finished constructing BWT in 5 iterations.\n[bwa_index] 0.57 seconds elapse.\n[bwa_index] Update BWT... 0.01 sec\n[bwa_index] Pack forward-only FASTA... 0.01 sec\n[bwa_index] Construct SA from BWT and Occ... 0.11 sec\n[main] Version: 0.7.19-r1273\n[main] CMD: bwa index -a bwtsw index_dir/genome.fa.bwameth.c2t\n[main] Real time: 0.794 sec; CPU: 0.715 sec\n--------------------\nFound BWA MEM index\nrunning: /usr/local/bin/python /usr/local/bin/bwameth.py c2t input_f.fastq.gz input_r.fastq.gz |bwa mem -T 40 -B 2 -L 10 -CM -U 100 -p -R \u0027@RG\\tID:input_\\tSM:input_\u0027 -t 8  index_dir/genome.fa.bwameth.c2t /dev/stdin\n--------------------\n[M::bwa_idx_load_from_disk] read 0 ALT contigs\nconverting reads in input_f.fastq.gz,input_r.fastq.gz\n[M::process] read 200 sequences (20200 bp)...\n[M::process] 0 single-end sequences; 200 paired-end sequences\n[M::mem_pestat] # candidate unique pairs for (FF, FR, RF, RR): (0, 97, 0, 0)\n[M::mem_pestat] skip orientation FF as there are not enough pairs\n[M::mem_pestat] analyzing insert size distribution for orientation FR...\n[M::mem_pestat] (25, 50, 75) percentile: (108, 141, 169)\n[M::mem_pestat] low and high boundaries for computing mean and std.dev: (1, 291)\n[M::mem_pestat] mean and std.dev: (138.16, 39.31)\n[M::mem_pestat] low and high boundaries for proper pairs: (1, 352)\n[M::mem_pestat] skip orientation RF as there are not enough pairs\n[M::mem_pestat] skip orientation RR as there are not enough pairs\n[M::mem_process_seqs] Processed 200 reads in 0.024 CPU sec, 0.006 real sec\n[main] Version: 0.7.19-r1273\n[main] CMD: bwa mem -T 40 -B 2 -L 10 -CM -U 100 -p -R @RG\\tID:input_\\tSM:input_ -t 8 index_dir/genome.fa.bwameth.c2t /dev/stdin\n[main] Real time: 0.098 sec; CPU: 0.030 sec\n." ], "status": "failure", "test_index": 0, "time_seconds": 54.91626858711243, "tool_id": "bwameth", "tool_version": "0.2.9+galaxy0"}
                ]]></error>
            
            <system-out><![CDATA[
            
            ]]></system-out>
            <system-err><![CDATA[
            converting c2t in index_dir/genome.fa to index_dir/genome.fa.bwameth.c2tindexing with bwa-mem: index_dir/genome.fa.bwameth.c2t[bwa_index] Pack FASTA... 0.01 sec[bwa_index] Construct BWT for the packed sequence...[BWTIncCreate] textLength=3600000, availableWord=4573648[bwt_gen] Finished constructing BWT in 5 iterations.[bwa_index] 0.57 seconds elapse.[bwa_index] Update BWT... 0.01 sec[bwa_index] Pack forward-only FASTA... 0.01 sec[bwa_index] Construct SA from BWT and Occ... 0.11 sec[main] Version: 0.7.19-r1273[main] CMD: bwa index -a bwtsw index_dir/genome.fa.bwameth.c2t[main] Real time: 0.794 sec; CPU: 0.715 sec--------------------Found BWA MEM indexrunning: /usr/local/bin/python /usr/local/bin/bwameth.py c2t input_f.fastq.gz input_r.fastq.gz |bwa mem -T 40 -B 2 -L 10 -CM -U 100 -p -R '@RG\tID:input_\tSM:input_' -t 8  index_dir/genome.fa.bwameth.c2t /dev/stdin--------------------[M::bwa_idx_load_from_disk] read 0 ALT contigsconverting reads in input_f.fastq.gz,input_r.fastq.gz[M::process] read 200 sequences (20200 bp)...[M::process] 0 single-end sequences; 200 paired-end sequences[M::mem_pestat] # candidate unique pairs for (FF, FR, RF, RR): (0, 97, 0, 0)[M::mem_pestat] skip orientation FF as there are not enough pairs[M::mem_pestat] analyzing insert size distribution for orientation FR...[M::mem_pestat] (25, 50, 75) percentile: (108, 141, 169)[M::mem_pestat] low and high boundaries for computing mean and std.dev: (1, 291)[M::mem_pestat] mean and std.dev: (138.16, 39.31)[M::mem_pestat] low and high boundaries for proper pairs: (1, 352)[M::mem_pestat] skip orientation RF as there are not enough pairs[M::mem_pestat] skip orientation RR as there are not enough pairs[M::mem_process_seqs] Processed 200 reads in 0.024 CPU sec, 0.006 real sec[main] Version: 0.7.19-r1273[main] CMD: bwa mem -T 40 -B 2 -L 10 -CM -U 100 -p -R @RG\tID:input_\tSM:input_ -t 8 index_dir/genome.fa.bwameth.c2t /dev/stdin[main] Real time: 0.098 sec; CPU: 0.030 sec
            ]]></system-err>
        
    </testcase>
    
    <testcase classname="bwameth (Test #2)" name="1" time="45.2512149810791">
        
            
                <error type="error" message="Tool exit code: None"><![CDATA[
                    { "inputs": {  "referenceSource|reference": {   "id": "b4916dde4185a46a",   "src": "hda"  },  "referenceSource|source": "history",  "single_or_paired|input_mate1": {   "id": "ca5ccabe91a222a8",   "src": "hdca"  },  "single_or_paired|single_or_paired_opts": "paired_collection" }, "job": {  "command_line": "mkdir index_dir \u0026\u0026 ln -s \u0027/galaxy/server/database/objects/a/a/6/dataset_aa6d526b-bd0f-45ff-83d2-434f38cde278.dat\u0027 index_dir/genome.fa \u0026\u0026 bwameth.py index index_dir/genome.fa \u0026\u0026  ln -s \u0027/galaxy/server/database/objects/3/0/0/dataset_30069a2a-3a12-40c6-9140-ca7aafa8e1a7.dat\u0027 input_f.fastq.gz \u0026\u0026  ln -s \u0027/galaxy/server/database/objects/1/7/5/dataset_175e5f11-2346-45c6-a65f-84cc69d0497f.dat\u0027 input_r.fastq.gz \u0026\u0026  bwameth.py -t \"${GALAXY_SLOTS:-4}\" --reference \u0027index_dir/genome.fa\u0027   input_f.fastq.gz input_r.fastq.gz | samtools sort -l 0 -T \"${TMPDIR:-.}\" -O bam | samtools view -O bam -@ ${GALAXY_SLOTS:-1}  -o output.bam",  "command_version": null,  "copied_from_job_id": null,  "create_time": "2026-01-19T13:56:00.354786",  "dependencies": [],  "exit_code": null,  "external_id": "gxy-9rnzw",  "galaxy_version": "24.1",  "handler": null,  "history_id": "4ec94da7f1737f53",  "id": "bee014c3f25c67c4",  "inputs": {   "referenceSource|reference": {    "id": "371ddc327b45e88e",    "src": "hda",    "uuid": "aa6d526b-bd0f-45ff-83d2-434f38cde278"   },   "single_or_paired|input_mate11": {    "id": "31da38d0ca04030e",    "src": "hda",    "uuid": "30069a2a-3a12-40c6-9140-ca7aafa8e1a7"   },   "single_or_paired|input_mate12": {    "id": "e7ef18911809568b",    "src": "hda",    "uuid": "175e5f11-2346-45c6-a65f-84cc69d0497f"   }  },  "job_messages": null,  "job_metrics": [],  "job_runner_name": null,  "job_stderr": null,  "job_stdout": null,  "model_class": "Job",  "output_collections": {},  "outputs": {   "output": {    "id": "038b5b8a16efd317",    "src": "hda",    "uuid": "f1c1b9a5-a372-46d3-9b4b-2db56519098f"   }  },  "params": {   "__input_ext": "\"input\"",   "chromInfo": "\"/cvmfs/data.galaxyproject.org/managed/len/ucsc/?.len\"",   "dbkey": "\"?\"",   "readGroup": "\"\"",   "referenceSource": "{\"__current_case__\": 0, \"reference\": {\"values\": [{\"id\": 175, \"src\": \"hda\"}]}, \"source\": \"history\"}",   "single_or_paired": "{\"__current_case__\": 2, \"input_mate1\": {\"values\": [{\"id\": 12, \"src\": \"hdca\"}]}, \"single_or_paired_opts\": \"paired_collection\"}"  },  "state": "error",  "stderr": "converting c2t in index_dir/genome.fa to index_dir/genome.fa.bwameth.c2t\nindexing with bwa-mem: index_dir/genome.fa.bwameth.c2t\n[bwa_index] Pack FASTA... 0.01 sec\n[bwa_index] Construct BWT for the packed sequence...\n[BWTIncCreate] textLength=3600000, availableWord=4573648\n[bwt_gen] Finished constructing BWT in 5 iterations.\n[bwa_index] 0.50 seconds elapse.\n[bwa_index] Update BWT... 0.01 sec\n[bwa_index] Pack forward-only FASTA... 0.01 sec\n[bwa_index] Construct SA from BWT and Occ... 0.11 sec\n[main] Version: 0.7.19-r1273\n[main] CMD: bwa index -a bwtsw index_dir/genome.fa.bwameth.c2t\n[main] Real time: 0.716 sec; CPU: 0.639 sec\n--------------------\nFound BWA MEM index\nrunning: /usr/local/bin/python /usr/local/bin/bwameth.py c2t input_f.fastq.gz input_r.fastq.gz |bwa mem -T 40 -B 2 -L 10 -CM -U 100 -p -R \u0027@RG\\tID:input_\\tSM:input_\u0027 -t 8  index_dir/genome.fa.bwameth.c2t /dev/stdin\n--------------------\n[M::bwa_idx_load_from_disk] read 0 ALT contigs\nconverting reads in input_f.fastq.gz,input_r.fastq.gz\n[M::process] read 200 sequences (20200 bp)...\n[M::process] 0 single-end sequences; 200 paired-end sequences\n[M::mem_pestat] # candidate unique pairs for (FF, FR, RF, RR): (0, 97, 0, 0)\n[M::mem_pestat] skip orientation FF as there are not enough pairs\n[M::mem_pestat] analyzing insert size distribution for orientation FR...\n[M::mem_pestat] (25, 50, 75) percentile: (108, 141, 169)\n[M::mem_pestat] low and high boundaries for computing mean and std.dev: (1, 291)\n[M::mem_pestat] mean and std.dev: (138.16, 39.31)\n[M::mem_pestat] low and high boundaries for proper pairs: (1, 352)\n[M::mem_pestat] skip orientation RF as there are not enough pairs\n[M::mem_pestat] skip orientation RR as there are not enough pairs\n[M::mem_process_seqs] Processed 200 reads in 0.023 CPU sec, 0.006 real sec\n[main] Version: 0.7.19-r1273\n[main] CMD: bwa mem -T 40 -B 2 -L 10 -CM -U 100 -p -R @RG\\tID:input_\\tSM:input_ -t 8 index_dir/genome.fa.bwameth.c2t /dev/stdin\n[main] Real time: 0.090 sec; CPU: 0.029 sec\n",  "stdout": "",  "tool_id": "toolshed.g2.bx.psu.edu/repos/iuc/bwameth/bwameth/0.2.9+galaxy0",  "tool_stderr": "converting c2t in index_dir/genome.fa to index_dir/genome.fa.bwameth.c2t\nindexing with bwa-mem: index_dir/genome.fa.bwameth.c2t\n[bwa_index] Pack FASTA... 0.01 sec\n[bwa_index] Construct BWT for the packed sequence...\n[BWTIncCreate] textLength=3600000, availableWord=4573648\n[bwt_gen] Finished constructing BWT in 5 iterations.\n[bwa_index] 0.50 seconds elapse.\n[bwa_index] Update BWT... 0.01 sec\n[bwa_index] Pack forward-only FASTA... 0.01 sec\n[bwa_index] Construct SA from BWT and Occ... 0.11 sec\n[main] Version: 0.7.19-r1273\n[main] CMD: bwa index -a bwtsw index_dir/genome.fa.bwameth.c2t\n[main] Real time: 0.716 sec; CPU: 0.639 sec\n--------------------\nFound BWA MEM index\nrunning: /usr/local/bin/python /usr/local/bin/bwameth.py c2t input_f.fastq.gz input_r.fastq.gz |bwa mem -T 40 -B 2 -L 10 -CM -U 100 -p -R \u0027@RG\\tID:input_\\tSM:input_\u0027 -t 8  index_dir/genome.fa.bwameth.c2t /dev/stdin\n--------------------\n[M::bwa_idx_load_from_disk] read 0 ALT contigs\nconverting reads in input_f.fastq.gz,input_r.fastq.gz\n[M::process] read 200 sequences (20200 bp)...\n[M::process] 0 single-end sequences; 200 paired-end sequences\n[M::mem_pestat] # candidate unique pairs for (FF, FR, RF, RR): (0, 97, 0, 0)\n[M::mem_pestat] skip orientation FF as there are not enough pairs\n[M::mem_pestat] analyzing insert size distribution for orientation FR...\n[M::mem_pestat] (25, 50, 75) percentile: (108, 141, 169)\n[M::mem_pestat] low and high boundaries for computing mean and std.dev: (1, 291)\n[M::mem_pestat] mean and std.dev: (138.16, 39.31)\n[M::mem_pestat] low and high boundaries for proper pairs: (1, 352)\n[M::mem_pestat] skip orientation RF as there are not enough pairs\n[M::mem_pestat] skip orientation RR as there are not enough pairs\n[M::mem_process_seqs] Processed 200 reads in 0.023 CPU sec, 0.006 real sec\n[main] Version: 0.7.19-r1273\n[main] CMD: bwa mem -T 40 -B 2 -L 10 -CM -U 100 -p -R @RG\\tID:input_\\tSM:input_ -t 8 index_dir/genome.fa.bwameth.c2t /dev/stdin\n[main] Real time: 0.090 sec; CPU: 0.029 sec\n",  "tool_stdout": "",  "update_time": "2026-01-19T13:56:19.980081",  "user_email": "tests@fake.org" }, "output_problems": [  "Job in error state.. tool_id: toolshed.g2.bx.psu.edu/repos/iuc/bwameth/bwameth/0.2.9+galaxy0, exit_code: None, stderr: converting c2t in index_dir/genome.fa to index_dir/genome.fa.bwameth.c2t\nindexing with bwa-mem: index_dir/genome.fa.bwameth.c2t\n[bwa_index] Pack FASTA... 0.01 sec\n[bwa_index] Construct BWT for the packed sequence...\n[BWTIncCreate] textLength=3600000, availableWord=4573648\n[bwt_gen] Finished constructing BWT in 5 iterations.\n[bwa_index] 0.50 seconds elapse.\n[bwa_index] Update BWT... 0.01 sec\n[bwa_index] Pack forward-only FASTA... 0.01 sec\n[bwa_index] Construct SA from BWT and Occ... 0.11 sec\n[main] Version: 0.7.19-r1273\n[main] CMD: bwa index -a bwtsw index_dir/genome.fa.bwameth.c2t\n[main] Real time: 0.716 sec; CPU: 0.639 sec\n--------------------\nFound BWA MEM index\nrunning: /usr/local/bin/python /usr/local/bin/bwameth.py c2t input_f.fastq.gz input_r.fastq.gz |bwa mem -T 40 -B 2 -L 10 -CM -U 100 -p -R \u0027@RG\\tID:input_\\tSM:input_\u0027 -t 8  index_dir/genome.fa.bwameth.c2t /dev/stdin\n--------------------\n[M::bwa_idx_load_from_disk] read 0 ALT contigs\nconverting reads in input_f.fastq.gz,input_r.fastq.gz\n[M::process] read 200 sequences (20200 bp)...\n[M::process] 0 single-end sequences; 200 paired-end sequences\n[M::mem_pestat] # candidate unique pairs for (FF, FR, RF, RR): (0, 97, 0, 0)\n[M::mem_pestat] skip orientation FF as there are not enough pairs\n[M::mem_pestat] analyzing insert size distribution for orientation FR...\n[M::mem_pestat] (25, 50, 75) percentile: (108, 141, 169)\n[M::mem_pestat] low and high boundaries for computing mean and std.dev: (1, 291)\n[M::mem_pestat] mean and std.dev: (138.16, 39.31)\n[M::mem_pestat] low and high boundaries for proper pairs: (1, 352)\n[M::mem_pestat] skip orientation RF as there are not enough pairs\n[M::mem_pestat] skip orientation RR as there are not enough pairs\n[M::mem_process_seqs] Processed 200 reads in 0.023 CPU sec, 0.006 real sec\n[main] Version: 0.7.19-r1273\n[main] CMD: bwa mem -T 40 -B 2 -L 10 -CM -U 100 -p -R @RG\\tID:input_\\tSM:input_ -t 8 index_dir/genome.fa.bwameth.c2t /dev/stdin\n[main] Real time: 0.090 sec; CPU: 0.029 sec\n." ], "status": "failure", "test_index": 1, "time_seconds": 45.2512149810791, "tool_id": "bwameth", "tool_version": "0.2.9+galaxy0"}
                ]]></error>
            
            <system-out><![CDATA[
            
            ]]></system-out>
            <system-err><![CDATA[
            converting c2t in index_dir/genome.fa to index_dir/genome.fa.bwameth.c2tindexing with bwa-mem: index_dir/genome.fa.bwameth.c2t[bwa_index] Pack FASTA... 0.01 sec[bwa_index] Construct BWT for the packed sequence...[BWTIncCreate] textLength=3600000, availableWord=4573648[bwt_gen] Finished constructing BWT in 5 iterations.[bwa_index] 0.50 seconds elapse.[bwa_index] Update BWT... 0.01 sec[bwa_index] Pack forward-only FASTA... 0.01 sec[bwa_index] Construct SA from BWT and Occ... 0.11 sec[main] Version: 0.7.19-r1273[main] CMD: bwa index -a bwtsw index_dir/genome.fa.bwameth.c2t[main] Real time: 0.716 sec; CPU: 0.639 sec--------------------Found BWA MEM indexrunning: /usr/local/bin/python /usr/local/bin/bwameth.py c2t input_f.fastq.gz input_r.fastq.gz |bwa mem -T 40 -B 2 -L 10 -CM -U 100 -p -R '@RG\tID:input_\tSM:input_' -t 8  index_dir/genome.fa.bwameth.c2t /dev/stdin--------------------[M::bwa_idx_load_from_disk] read 0 ALT contigsconverting reads in input_f.fastq.gz,input_r.fastq.gz[M::process] read 200 sequences (20200 bp)...[M::process] 0 single-end sequences; 200 paired-end sequences[M::mem_pestat] # candidate unique pairs for (FF, FR, RF, RR): (0, 97, 0, 0)[M::mem_pestat] skip orientation FF as there are not enough pairs[M::mem_pestat] analyzing insert size distribution for orientation FR...[M::mem_pestat] (25, 50, 75) percentile: (108, 141, 169)[M::mem_pestat] low and high boundaries for computing mean and std.dev: (1, 291)[M::mem_pestat] mean and std.dev: (138.16, 39.31)[M::mem_pestat] low and high boundaries for proper pairs: (1, 352)[M::mem_pestat] skip orientation RF as there are not enough pairs[M::mem_pestat] skip orientation RR as there are not enough pairs[M::mem_process_seqs] Processed 200 reads in 0.023 CPU sec, 0.006 real sec[main] Version: 0.7.19-r1273[main] CMD: bwa mem -T 40 -B 2 -L 10 -CM -U 100 -p -R @RG\tID:input_\tSM:input_ -t 8 index_dir/genome.fa.bwameth.c2t /dev/stdin[main] Real time: 0.090 sec; CPU: 0.029 sec
            ]]></system-err>
        
    </testcase>
    
    <testcase classname="deeptools_correct_gc_bias (Test #1)" name="0" time="59.55045008659363">
        
            
            <system-out><![CDATA[
            applying correctiongenome partition size for multiprocessing: 319326using region None{'chr2L': 'chr2L'} {'chr2L': 'chr2L'}using 8 processors for 73 number of tasksconcatenating (sorted) intermediate BAMsindexing BAMSam for chr2L 3831912 4151238 ForkPoolWorker-5,  processing 0 (0.0 per sec) reads @ chr2L:3831912-4151238duplicated reads removed 0 of 0 (0.00) Sam for chr2L 4151238 4470564 ForkPoolWorker-5,  processing 0 (0.0 per sec) reads @ chr2L:4151238-4470564duplicated reads removed 0 of 0 (0.00) Sam for chr2L 4470564 4789890 ForkPoolWorker-5,  processing 0 (0.0 per sec) reads @ chr2L:4470564-4789890duplicated reads removed 0 of 0 (0.00) Sam for chr2L 13411692 13731018 ForkPoolWorker-5,  processing 0 (0.0 per sec) reads @ chr2L:13411692-13731018duplicated reads removed 0 of 0 (0.00) Sam for chr2L 13731018 14050344 ForkPoolWorker-5,  processing 0 (0.0 per sec) reads @ chr2L:13731018-14050344duplicated reads removed 0 of 0 (0.00) Sam for chr2L 14050344 14369670 ForkPoolWorker-5,  processing 0 (0.0 per sec) reads @ chr2L:14050344-14369670duplicated reads removed 0 of 0 (0.00) Sam for chr2L 18201582 18520908 ForkPoolWorker-5,  processing 0 (0.0 per sec) reads @ chr2L:18201582-18520908duplicated reads removed 0 of 0 (0.00) Sam for chr2L 18520908 18840234 ForkPoolWorker-5,  processing 0 (0.0 per sec) reads @ chr2L:18520908-18840234duplicated reads removed 0 of 0 (0.00) Sam for chr2L 18840234 19159560 ForkPoolWorker-5,  processing 0 (0.0 per sec) reads @ chr2L:18840234-19159560duplicated reads removed 0 of 0 (0.00) Sam for chr2L 4789890 5109216 ForkPoolWorker-6,  processing 0 (0.0 per sec) reads @ chr2L:4789890-5109216duplicated reads removed 0 of 0 (0.00) Sam for chr2L 5109216 5428542 ForkPoolWorker-6,  processing 0 (0.0 per sec) reads @ chr2L:5109216-5428542duplicated reads removed 0 of 0 (0.00) Sam for chr2L 5428542 5747868 ForkPoolWorker-6,  processing 0 (0.0 per sec) reads @ chr2L:5428542-5747868duplicated reads removed 0 of 0 (0.00) Sam for chr2L 9579780 9899106 ForkPoolWorker-6,  processing 0 (0.0 per sec) reads @ chr2L:9579780-9899106duplicated reads removed 0 of 0 (0.00) Sam for chr2L 9899106 10218432 ForkPoolWorker-6,  processing 0 (0.0 per sec) reads @ chr2L:9899106-10218432duplicated reads removed 0 of 0 (0.00) Sam for chr2L 10218432 10537758 ForkPoolWorker-6,  processing 0 (0.0 per sec) reads @ chr2L:10218432-10537758duplicated reads removed 0 of 0 (0.00) Sam for chr2L 17243604 17562930 ForkPoolWorker-6,  processing 0 (0.0 per sec) reads @ chr2L:17243604-17562930duplicated reads removed 0 of 0 (0.00) Sam for chr2L 17562930 17882256 ForkPoolWorker-6,  processing 0 (0.0 per sec) reads @ chr2L:17562930-17882256duplicated reads removed 0 of 0 (0.00) Sam for chr2L 17882256 18201582 ForkPoolWorker-6,  processing 0 (0.0 per sec) reads @ chr2L:17882256-18201582duplicated reads removed 0 of 0 (0.00) Sam for chr2L 2873934 3193260 ForkPoolWorker-4,  processing 0 (0.0 per sec) reads @ chr2L:2873934-3193260duplicated reads removed 0 of 0 (0.00) Sam for chr2L 3193260 3512586 ForkPoolWorker-4,  processing 0 (0.0 per sec) reads @ chr2L:3193260-3512586duplicated reads removed 0 of 0 (0.00) Sam for chr2L 3512586 3831912 ForkPoolWorker-4,  processing 0 (0.0 per sec) reads @ chr2L:3512586-3831912duplicated reads removed 0 of 0 (0.00) Sam for chr2L 12453714 12773040 ForkPoolWorker-4,  processing 0 (0.0 per sec) reads @ chr2L:12453714-12773040duplicated reads removed 0 of 0 (0.00) Sam for chr2L 12773040 13092366 ForkPoolWorker-4,  processing 0 (0.0 per sec) reads @ chr2L:12773040-13092366duplicated reads removed 0 of 0 (0.00) Sam for chr2L 13092366 13411692 ForkPoolWorker-4,  processing 0 (0.0 per sec) reads @ chr2L:13092366-13411692duplicated reads removed 0 of 0 (0.00) Sam for chr2L 19159560 19478886 ForkPoolWorker-4,  processing 0 (0.0 per sec) reads @ chr2L:19159560-19478886duplicated reads removed 0 of 0 (0.00) Sam for chr2L 19478886 19798212 ForkPoolWorker-4,  processing 0 (0.0 per sec) reads @ chr2L:19478886-19798212duplicated reads removed 0 of 0 (0.00) Sam for chr2L 19798212 20117538 ForkPoolWorker-4,  processing 0 (0.0 per sec) reads @ chr2L:19798212-20117538duplicated reads removed 0 of 0 (0.00) Sam for chr2L 6705846 7025172 ForkPoolWorker-8,  processing 0 (0.0 per sec) reads @ chr2L:6705846-7025172duplicated reads removed 0 of 0 (0.00) Sam for chr2L 7025172 7344498 ForkPoolWorker-8,  processing 0 (0.0 per sec) reads @ chr2L:7025172-7344498duplicated reads removed 0 of 0 (0.00) Sam for chr2L 7344498 7663824 ForkPoolWorker-8,  processing 0 (0.0 per sec) reads @ chr2L:7344498-7663824duplicated reads removed 0 of 0 (0.00) Sam for chr2L 11495736 11815062 ForkPoolWorker-8,  processing 0 (0.0 per sec) reads @ chr2L:11495736-11815062duplicated reads removed 0 of 0 (0.00) Sam for chr2L 11815062 12134388 ForkPoolWorker-8,  processing 0 (0.0 per sec) reads @ chr2L:11815062-12134388duplicated reads removed 0 of 0 (0.00) Sam for chr2L 12134388 12453714 ForkPoolWorker-8,  processing 0 (0.0 per sec) reads @ chr2L:12134388-12453714duplicated reads removed 0 of 0 (0.00) Sam for chr2L 20117538 20436864 ForkPoolWorker-8,  processing 0 (0.0 per sec) reads @ chr2L:20117538-20436864duplicated reads removed 0 of 0 (0.00) Sam for chr2L 20436864 20756190 ForkPoolWorker-8,  processing 0 (0.0 per sec) reads @ chr2L:20436864-20756190duplicated reads removed 0 of 0 (0.00) Sam for chr2L 20756190 21075516 ForkPoolWorker-8,  processing 0 (0.0 per sec) reads @ chr2L:20756190-21075516duplicated reads removed 0 of 0 (0.00) Sam for chr2L 5747868 6067194 ForkPoolWorker-7,  processing 0 (0.0 per sec) reads @ chr2L:5747868-6067194duplicated reads removed 0 of 0 (0.00) Sam for chr2L 6067194 6386520 ForkPoolWorker-7,  processing 0 (0.0 per sec) reads @ chr2L:6067194-6386520duplicated reads removed 0 of 0 (0.00) Sam for chr2L 6386520 6705846 ForkPoolWorker-7,  processing 0 (0.0 per sec) reads @ chr2L:6386520-6705846duplicated reads removed 0 of 0 (0.00) Sam for chr2L 10537758 10857084 ForkPoolWorker-7,  processing 0 (0.0 per sec) reads @ chr2L:10537758-10857084duplicated reads removed 0 of 0 (0.00) Sam for chr2L 10857084 11176410 ForkPoolWorker-7,  processing 0 (0.0 per sec) reads @ chr2L:10857084-11176410duplicated reads removed 0 of 0 (0.00) Sam for chr2L 11176410 11495736 ForkPoolWorker-7,  processing 0 (0.0 per sec) reads @ chr2L:11176410-11495736duplicated reads removed 0 of 0 (0.00) Sam for chr2L 16285626 16604952 ForkPoolWorker-7,  processing 0 (0.0 per sec) reads @ chr2L:16285626-16604952duplicated reads removed 0 of 0 (0.00) Sam for chr2L 16604952 16924278 ForkPoolWorker-7,  processing 0 (0.0 per sec) reads @ chr2L:16604952-16924278duplicated reads removed 0 of 0 (0.00) Sam for chr2L 16924278 17243604 ForkPoolWorker-7,  processing 0 (0.0 per sec) reads @ chr2L:16924278-17243604duplicated reads removed 0 of 0 (0.00) Sam for chr2L 22991472 23011544 ForkPoolWorker-7,  processing 0 (0.0 per sec) reads @ chr2L:22991472-23011544duplicated reads removed 0 of 0 (0.00) Sam for chr2L 1915956 2235282 ForkPoolWorker-3,  processing 0 (0.0 per sec) reads @ chr2L:1915956-2235282duplicated reads removed 0 of 0 (0.00) Sam for chr2L 2235282 2554608 ForkPoolWorker-3,  processing 0 (0.0 per sec) reads @ chr2L:2235282-2554608duplicated reads removed 0 of 0 (0.00) Sam for chr2L 2554608 2873934 ForkPoolWorker-3,  processing 0 (0.0 per sec) reads @ chr2L:2554608-2873934duplicated reads removed 0 of 0 (0.00) Sam for chr2L 8621802 8941128 ForkPoolWorker-3,  processing 0 (0.0 per sec) reads @ chr2L:8621802-8941128duplicated reads removed 0 of 0 (0.00) Sam for chr2L 8941128 9260454 ForkPoolWorker-3,  processing 0 (0.0 per sec) reads @ chr2L:8941128-9260454duplicated reads removed 0 of 0 (0.00) Sam for chr2L 9260454 9579780 ForkPoolWorker-3,  processing 0 (0.0 per sec) reads @ chr2L:9260454-9579780duplicated reads removed 0 of 0 (0.00) Sam for chr2L 15327648 15646974 ForkPoolWorker-3,  processing 0 (0.0 per sec) reads @ chr2L:15327648-15646974duplicated reads removed 0 of 0 (0.00) Sam for chr2L 15646974 15966300 ForkPoolWorker-3,  processing 0 (0.0 per sec) reads @ chr2L:15646974-15966300duplicated reads removed 0 of 0 (0.00) Sam for chr2L 15966300 16285626 ForkPoolWorker-3,  processing 0 (0.0 per sec) reads @ chr2L:15966300-16285626duplicated reads removed 0 of 0 (0.00) Sam for chr2L 21075516 21394842 ForkPoolWorker-3,  processing 0 (0.0 per sec) reads @ chr2L:21075516-21394842duplicated reads removed 0 of 0 (0.00) Sam for chr2L 21394842 21714168 ForkPoolWorker-3,  processing 0 (0.0 per sec) reads @ chr2L:21394842-21714168duplicated reads removed 0 of 0 (0.00) Sam for chr2L 21714168 22033494 ForkPoolWorker-3,  processing 0 (0.0 per sec) reads @ chr2L:21714168-22033494duplicated reads removed 0 of 0 (0.00) Sam for chr2L 957978 1277304 ForkPoolWorker-2,  processing 0 (0.0 per sec) reads @ chr2L:957978-1277304duplicated reads removed 0 of 0 (0.00) Sam for chr2L 1277304 1596630 ForkPoolWorker-2,  processing 0 (0.0 per sec) reads @ chr2L:1277304-1596630duplicated reads removed 0 of 0 (0.00) Sam for chr2L 1596630 1915956 ForkPoolWorker-2,  processing 0 (0.0 per sec) reads @ chr2L:1596630-1915956duplicated reads removed 0 of 0 (0.00) Sam for chr2L 7663824 7983150 ForkPoolWorker-2,  processing 0 (0.0 per sec) reads @ chr2L:7663824-7983150duplicated reads removed 0 of 0 (0.00) Sam for chr2L 7983150 8302476 ForkPoolWorker-2,  processing 0 (0.0 per sec) reads @ chr2L:7983150-8302476duplicated reads removed 0 of 0 (0.00) Sam for chr2L 8302476 8621802 ForkPoolWorker-2,  processing 0 (0.0 per sec) reads @ chr2L:8302476-8621802duplicated reads removed 0 of 0 (0.00) Sam for chr2L 14369670 14688996 ForkPoolWorker-2,  processing 0 (0.0 per sec) reads @ chr2L:14369670-14688996duplicated reads removed 0 of 0 (0.00) Sam for chr2L 14688996 15008322 ForkPoolWorker-2,  processing 0 (0.0 per sec) reads @ chr2L:14688996-15008322duplicated reads removed 0 of 0 (0.00) Sam for chr2L 15008322 15327648 ForkPoolWorker-2,  processing 0 (0.0 per sec) reads @ chr2L:15008322-15327648duplicated reads removed 0 of 0 (0.00) Sam for chr2L 22033494 22352820 ForkPoolWorker-2,  processing 0 (0.0 per sec) reads @ chr2L:22033494-22352820duplicated reads removed 0 of 0 (0.00) Sam for chr2L 22352820 22672146 ForkPoolWorker-2,  processing 0 (0.0 per sec) reads @ chr2L:22352820-22672146duplicated reads removed 0 of 0 (0.00) Sam for chr2L 22672146 22991472 ForkPoolWorker-2,  processing 0 (0.0 per sec) reads @ chr2L:22672146-22991472duplicated reads removed 0 of 0 (0.00) Sam for chr2L 0 319326 ForkPoolWorker-1,  processing 12589 (23364.6 per sec) reads @ chr2L:0-319326duplicated reads removed 426 of 12589 (3.38) Sam for chr2L 319326 638652 ForkPoolWorker-1,  processing 0 (0.0 per sec) reads @ chr2L:319326-638652duplicated reads removed 0 of 0 (0.00) Sam for chr2L 638652 957978 ForkPoolWorker-1,  processing 0 (0.0 per sec) reads @ chr2L:638652-957978duplicated reads removed 0 of 0 (0.00) 
            ]]></system-out>
            <system-err><![CDATA[
            [E::idx_find_and_load] Could not retrieve index file for '/galaxy/server/database/jobs_directory/000/135/tmp/_deeptools_mo7s5hoj.bam'[E::idx_find_and_load] Could not retrieve index file for '/galaxy/server/database/jobs_directory/000/135/tmp/_deeptools_mo7s5hoj.bam'[E::idx_find_and_load] Could not retrieve index file for '/galaxy/server/database/jobs_directory/000/135/tmp/_deeptools_e8m56go4.bam'[E::idx_find_and_load] Could not retrieve index file for '/galaxy/server/database/jobs_directory/000/135/tmp/_deeptools_4xiili18.bam'[E::idx_find_and_load] Could not retrieve index file for '/galaxy/server/database/jobs_directory/000/135/tmp/_deeptools_ypczi02j.bam'[E::idx_find_and_load] Could not retrieve index file for '/galaxy/server/database/jobs_directory/000/135/tmp/_deeptools_2lii9097.bam'[E::idx_find_and_load] Could not retrieve index file for '/galaxy/server/database/jobs_directory/000/135/tmp/_deeptools_xowr2idr.bam'[E::idx_find_and_load] Could not retrieve index file for '/galaxy/server/database/jobs_directory/000/135/tmp/_deeptools_tbynlrsk.bam'[E::idx_find_and_load] Could not retrieve index file for '/galaxy/server/database/jobs_directory/000/135/tmp/_deeptools_3sk4ba_n.bam'[E::idx_find_and_load] Could not retrieve index file for '/galaxy/server/database/jobs_directory/000/135/tmp/_deeptools_3a6i53_6.bam'[E::idx_find_and_load] Could not retrieve index file for '/galaxy/server/database/jobs_directory/000/135/tmp/_deeptools_lxy1ukb8.bam'[E::idx_find_and_load] Could not retrieve index file for '/galaxy/server/database/jobs_directory/000/135/tmp/_deeptools_gkf19dru.bam'[E::idx_find_and_load] Could not retrieve index file for '/galaxy/server/database/jobs_directory/000/135/tmp/_deeptools_a3c9e8dm.bam'[E::idx_find_and_load] Could not retrieve index file for '/galaxy/server/database/jobs_directory/000/135/tmp/_deeptools_btty2ehq.bam'[E::idx_find_and_load] Could not retrieve index file for '/galaxy/server/database/jobs_directory/000/135/tmp/_deeptools_vil68snz.bam'[E::idx_find_and_load] Could not retrieve index file for '/galaxy/server/database/jobs_directory/000/135/tmp/_deeptools_t9rj5yj3.bam'[E::idx_find_and_load] Could not retrieve index file for '/galaxy/server/database/jobs_directory/000/135/tmp/_deeptools_mreevjk5.bam'[E::idx_find_and_load] Could not retrieve index file for '/galaxy/server/database/jobs_directory/000/135/tmp/_deeptools_ezvo89er.bam'[E::idx_find_and_load] Could not retrieve index file for '/galaxy/server/database/jobs_directory/000/135/tmp/_deeptools_anryn1ev.bam'[E::idx_find_and_load] Could not retrieve index file for '/galaxy/server/database/jobs_directory/000/135/tmp/_deeptools_54z2rhup.bam'[E::idx_find_and_load] Could not retrieve index file for '/galaxy/server/database/jobs_directory/000/135/tmp/_deeptools__l1wpf6t.bam'[E::idx_find_and_load] Could not retrieve index file for '/galaxy/server/database/jobs_directory/000/135/tmp/_deeptools_76nt_sm7.bam'[E::idx_find_and_load] Could not retrieve index file for '/galaxy/server/database/jobs_directory/000/135/tmp/_deeptools_nt2fmuf0.bam'[E::idx_find_and_load] Could not retrieve index file for '/galaxy/server/database/jobs_directory/000/135/tmp/_deeptools_52fe_92x.bam'[E::idx_find_and_load] Could not retrieve index file for '/galaxy/server/database/jobs_directory/000/135/tmp/_deeptools_915hps0p.bam'[E::idx_find_and_load] Could not retrieve index file for '/galaxy/server/database/jobs_directory/000/135/tmp/_deeptools_qvwj871n.bam'[E::idx_find_and_load] Could not retrieve index file for '/galaxy/server/database/jobs_directory/000/135/tmp/_deeptools_svyxs01h.bam'[E::idx_find_and_load] Could not retrieve index file for '/galaxy/server/database/jobs_directory/000/135/tmp/_deeptools__fwswb20.bam'[E::idx_find_and_load] Could not retrieve index file for '/galaxy/server/database/jobs_directory/000/135/tmp/_deeptools_bgntx8_2.bam'[E::idx_find_and_load] Could not retrieve index file for '/galaxy/server/database/jobs_directory/000/135/tmp/_deeptools_bs0n4vlu.bam'[E::idx_find_and_load] Could not retrieve index file for '/galaxy/server/database/jobs_directory/000/135/tmp/_deeptools_aswlm_zs.bam'[E::idx_find_and_load] Could not retrieve index file for '/galaxy/server/database/jobs_directory/000/135/tmp/_deeptools_spriuv0v.bam'[E::idx_find_and_load] Could not retrieve index file for '/galaxy/server/database/jobs_directory/000/135/tmp/_deeptools_byxxf_no.bam'[E::idx_find_and_load] Could not retrieve index file for '/galaxy/server/database/jobs_directory/000/135/tmp/_deeptools_f234j_76.bam'[E::idx_find_and_load] Could not retrieve index file for '/galaxy/server/database/jobs_directory/000/135/tmp/_deeptools_yleh8adp.bam'[E::idx_find_and_load] Could not retrieve index file for '/galaxy/server/database/jobs_directory/000/135/tmp/_deeptools_wlqjbbez.bam'[E::idx_find_and_load] Could not retrieve index file for '/galaxy/server/database/jobs_directory/000/135/tmp/_deeptools_mojn1hme.bam'[E::idx_find_and_load] Could not retrieve index file for '/galaxy/server/database/jobs_directory/000/135/tmp/_deeptools_2_qdv6vm.bam'[E::idx_find_and_load] Could not retrieve index file for '/galaxy/server/database/jobs_directory/000/135/tmp/_deeptools_zghb6xe7.bam'[E::idx_find_and_load] Could not retrieve index file for '/galaxy/server/database/jobs_directory/000/135/tmp/_deeptools_bgvyye1l.bam'[E::idx_find_and_load] Could not retrieve index file for '/galaxy/server/database/jobs_directory/000/135/tmp/_deeptools_tyf92r4n.bam'[E::idx_find_and_load] Could not retrieve index file for '/galaxy/server/database/jobs_directory/000/135/tmp/_deeptools_x39l7oc1.bam'[E::idx_find_and_load] Could not retrieve index file for '/galaxy/server/database/jobs_directory/000/135/tmp/_deeptools_iyyn0bic.bam'[E::idx_find_and_load] Could not retrieve index file for '/galaxy/server/database/jobs_directory/000/135/tmp/_deeptools_8dpiay_s.bam'[E::idx_find_and_load] Could not retrieve index file for '/galaxy/server/database/jobs_directory/000/135/tmp/_deeptools_qnchljax.bam'[E::idx_find_and_load] Could not retrieve index file for '/galaxy/server/database/jobs_directory/000/135/tmp/_deeptools_zv_af2im.bam'[E::idx_find_and_load] Could not retrieve index file for '/galaxy/server/database/jobs_directory/000/135/tmp/_deeptools_bmogn3jw.bam'[E::idx_find_and_load] Could not retrieve index file for '/galaxy/server/database/jobs_directory/000/135/tmp/_deeptools_c5umc47n.bam'[E::idx_find_and_load] Could not retrieve index file for '/galaxy/server/database/jobs_directory/000/135/tmp/_deeptools_zdmunr6w.bam'[E::idx_find_and_load] Could not retrieve index file for '/galaxy/server/database/jobs_directory/000/135/tmp/_deeptools__l6p4u47.bam'[E::idx_find_and_load] Could not retrieve index file for '/galaxy/server/database/jobs_directory/000/135/tmp/_deeptools_gi8mcj7m.bam'[E::idx_find_and_load] Could not retrieve index file for '/galaxy/server/database/jobs_directory/000/135/tmp/_deeptools_fhvhpy38.bam'[E::idx_find_and_load] Could not retrieve index file for '/galaxy/server/database/jobs_directory/000/135/tmp/_deeptools_9ldiwu58.bam'[E::idx_find_and_load] Could not retrieve index file for '/galaxy/server/database/jobs_directory/000/135/tmp/_deeptools__8uxm5hm.bam'[E::idx_find_and_load] Could not retrieve index file for '/galaxy/server/database/jobs_directory/000/135/tmp/_deeptools_q9vmsaio.bam'[E::idx_find_and_load] Could not retrieve index file for '/galaxy/server/database/jobs_directory/000/135/tmp/_deeptools_rhyb3nvt.bam'[E::idx_find_and_load] Could not retrieve index file for '/galaxy/server/database/jobs_directory/000/135/tmp/_deeptools_ye9f43cb.bam'[E::idx_find_and_load] Could not retrieve index file for '/galaxy/server/database/jobs_directory/000/135/tmp/_deeptools_k2pda120.bam'[E::idx_find_and_load] Could not retrieve index file for '/galaxy/server/database/jobs_directory/000/135/tmp/_deeptools_48ceimvd.bam'[E::idx_find_and_load] Could not retrieve index file for '/galaxy/server/database/jobs_directory/000/135/tmp/_deeptools_pcxf92da.bam'[E::idx_find_and_load] Could not retrieve index file for '/galaxy/server/database/jobs_directory/000/135/tmp/_deeptools_ch4mwwf4.bam'[E::idx_find_and_load] Could not retrieve index file for '/galaxy/server/database/jobs_directory/000/135/tmp/_deeptools_c7dya9jg.bam'[E::idx_find_and_load] Could not retrieve index file for '/galaxy/server/database/jobs_directory/000/135/tmp/_deeptools_eqkc6v3y.bam'[E::idx_find_and_load] Could not retrieve index file for '/galaxy/server/database/jobs_directory/000/135/tmp/_deeptools_oygloxm9.bam'[E::idx_find_and_load] Could not retrieve index file for '/galaxy/server/database/jobs_directory/000/135/tmp/_deeptools_p26vu13u.bam'[E::idx_find_and_load] Could not retrieve index file for '/galaxy/server/database/jobs_directory/000/135/tmp/_deeptools_xy9kchhz.bam'[E::idx_find_and_load] Could not retrieve index file for '/galaxy/server/database/jobs_directory/000/135/tmp/_deeptools_qlx0lsit.bam'[E::idx_find_and_load] Could not retrieve index file for '/galaxy/server/database/jobs_directory/000/135/tmp/_deeptools_qlj8z5c3.bam'[E::idx_find_and_load] Could not retrieve index file for '/galaxy/server/database/jobs_directory/000/135/tmp/_deeptools_ytquo4yr.bam'[E::idx_find_and_load] Could not retrieve index file for '/galaxy/server/database/jobs_directory/000/135/tmp/_deeptools_x0d98e8d.bam'[E::idx_find_and_load] Could not retrieve index file for '/galaxy/server/database/jobs_directory/000/135/tmp/_deeptools_dzaxymrw.bam'[E::idx_find_and_load] Could not retrieve index file for '/galaxy/server/database/jobs_directory/000/135/tmp/_deeptools_6zykeg9b.bam'[E::idx_find_and_load] Could not retrieve index file for '/galaxy/server/database/jobs_directory/000/135/tmp/_deeptools_ftydc_79.bam'[E::idx_find_and_load] Could not retrieve index file for '/galaxy/server/database/jobs_directory/000/135/tmp/_deeptools_b50e76iq.bam'
            ]]></system-err>
        
    </testcase>
    
    <testcase classname="edger (Test #1)" name="0" time="55.79783654212952">
        
            
            <system-out><![CDATA[
            
            ]]></system-out>
            <system-err><![CDATA[
            Warning message:In Sys.setlocale("LC_MESSAGES", "en_US.UTF-8") :  OS reports request to set locale to "en_US.UTF-8" cannot be honoredWarning message:In plot.xy(xy, type, ...) : NAs introduced by coercionWarning message:In plot.xy(xy, type, ...) : NAs introduced by coercion
            ]]></system-err>
        
    </testcase>
    
    <testcase classname="edger (Test #2)" name="1" time="37.633065938949585">
        
            
            <system-out><![CDATA[
            
            ]]></system-out>
            <system-err><![CDATA[
            Warning message:In Sys.setlocale("LC_MESSAGES", "en_US.UTF-8") :  OS reports request to set locale to "en_US.UTF-8" cannot be honoredWarning message:In plot.xy(xy, type, ...) : NAs introduced by coercionWarning message:In plot.xy(xy, type, ...) : NAs introduced by coercion
            ]]></system-err>
        
    </testcase>
    
    <testcase classname="edger (Test #11)" name="10" time="28.15279531478882">
        
            
                <error type="error" message="Tool exit code: None"><![CDATA[
                    { "inputs": {  "adv|normalisationOption": "TMM",  "contrasts|contrastOpt": "manual",  "contrasts|rep_contrast_0|contrast": "Mut-WT",  "f|filt|cformat|cntReq": "10",  "f|filt|cformat|format_select": "counts",  "f|filt|cformat|samples|cntSampleReq": "3",  "f|filt|cformat|samples|count_select": "sample",  "f|filt|filt_select": "yes",  "input|counts": {   "id": "150e7aace8ca057b",   "src": "hda"  },  "input|fact|ffile": "no",  "input|fact|rep_factor_0|factorName": "Genotype",  "input|fact|rep_factor_0|groupNames": "Mut,Mut,Mut,WT,WT,WT",  "input|format": "matrix" }, "job": {  "command_line": "Rscript \u0027/cvmfs/cloud.galaxyproject.org/tools/toolshed.g2.bx.psu.edu/repos/iuc/edger/fd9902d118e5/edger/edger.R\u0027  -R \u0027/galaxy/server/database/objects/b/3/2/dataset_b32cf7a3-ade0-4c6b-885d-7396b7d35991.dat\u0027 -o \u0027/galaxy/server/database/objects/b/3/2/dataset_b32cf7a3-ade0-4c6b-885d-7396b7d35991_files\u0027  -m \u0027/galaxy/server/database/objects/d/d/1/dataset_dd11adbf-4949-486c-abf6-c307d7f0adbd.dat\u0027 -i \u0027Genotype::Mut,Mut,Mut,WT,WT,WT\u0027    -C \u0027Mut-WT\u0027  -z \u002710\u0027 -s \u00273\u0027   -l \u00270.0\u0027 -p \u00270.05\u0027 -d \u0027BH\u0027 -n \u0027TMM\u0027 -b  \u0026\u0026 mkdir ./output_dir  \u0026\u0026 cp \u0027/galaxy/server/database/objects/b/3/2/dataset_b32cf7a3-ade0-4c6b-885d-7396b7d35991_files\u0027/*.tsv output_dir/",  "command_version": null,  "copied_from_job_id": null,  "create_time": "2026-01-19T14:02:16.557701",  "dependencies": [],  "exit_code": null,  "external_id": "gxy-mmwj2",  "galaxy_version": "24.1",  "handler": null,  "history_id": "4ec94da7f1737f53",  "id": "31da38d0ca04030e",  "inputs": {   "input|counts": {    "id": "150e7aace8ca057b",    "src": "hda",    "uuid": "dd11adbf-4949-486c-abf6-c307d7f0adbd"   }  },  "job_messages": null,  "job_metrics": [],  "job_runner_name": null,  "job_stderr": null,  "job_stdout": null,  "model_class": "Job",  "output_collections": {   "outTables": {    "id": "45447e7d865c5e98",    "src": "hdca"   }  },  "outputs": {   "outReport": {    "id": "ecc40d6656851e15",    "src": "hda",    "uuid": "b32cf7a3-ade0-4c6b-885d-7396b7d35991"   }  },  "params": {   "__input_ext": "\"tabular\"",   "adv": "{\"lfc\": \"0.0\", \"lrtOption\": false, \"normalisationOption\": \"TMM\", \"pAdjust\": \"BH\", \"pVal\": \"0.05\", \"robOption\": true}",   "anno": "{\"__current_case__\": 1, \"annoOpt\": \"no\"}",   "chromInfo": "\"/cvmfs/data.galaxyproject.org/managed/len/ucsc/?.len\"",   "contrasts": "{\"__current_case__\": 0, \"contrastOpt\": \"manual\", \"rep_contrast\": [{\"__index__\": 0, \"contrast\": \"Mut-WT\"}]}",   "dbkey": "\"?\"",   "f": "{\"filt\": {\"__current_case__\": 0, \"cformat\": {\"__current_case__\": 1, \"cntReq\": \"10\", \"format_select\": \"counts\", \"samples\": {\"__current_case__\": 1, \"cntSampleReq\": \"3\", \"count_select\": \"sample\"}}, \"filt_select\": \"yes\"}}",   "formula": null,   "input": "{\"__current_case__\": 1, \"counts\": {\"values\": [{\"id\": 212, \"src\": \"hda\"}]}, \"fact\": {\"__current_case__\": 1, \"ffile\": \"no\", \"rep_factor\": [{\"__index__\": 0, \"factorName\": \"Genotype\", \"groupNames\": \"Mut,Mut,Mut,WT,WT,WT\"}]}, \"format\": \"matrix\"}",   "out": "{\"normCounts\": false, \"rdaOption\": false, \"rscript\": false}"  },  "state": "error",  "stderr": "Warning message:\nIn Sys.setlocale(\"LC_MESSAGES\", \"en_US.UTF-8\") :\n  OS reports request to set locale to \"en_US.UTF-8\" cannot be honored\nWarning message:\nIn plot.xy(xy, type, ...) : NAs introduced by coercion\nWarning message:\nIn plot.xy(xy, type, ...) : NAs introduced by coercion\n",  "stdout": "",  "tool_id": "toolshed.g2.bx.psu.edu/repos/iuc/edger/edger/3.36.0+galaxy7",  "tool_stderr": "Warning message:\nIn Sys.setlocale(\"LC_MESSAGES\", \"en_US.UTF-8\") :\n  OS reports request to set locale to \"en_US.UTF-8\" cannot be honored\nWarning message:\nIn plot.xy(xy, type, ...) : NAs introduced by coercion\nWarning message:\nIn plot.xy(xy, type, ...) : NAs introduced by coercion\n",  "tool_stdout": "",  "update_time": "2026-01-19T14:02:24.426630",  "user_email": "tests@fake.org" }, "output_problems": [  "Job in error state.. tool_id: toolshed.g2.bx.psu.edu/repos/iuc/edger/edger/3.36.0+galaxy7, exit_code: None, stderr: Warning message:\nIn Sys.setlocale(\"LC_MESSAGES\", \"en_US.UTF-8\") :\n  OS reports request to set locale to \"en_US.UTF-8\" cannot be honored\nWarning message:\nIn plot.xy(xy, type, ...) : NAs introduced by coercion\nWarning message:\nIn plot.xy(xy, type, ...) : NAs introduced by coercion\n.",  "Output collection \u0027outTables\u0027: expected to have 1 elements, but it had 0." ], "status": "failure", "test_index": 10, "time_seconds": 28.15279531478882, "tool_id": "edger", "tool_version": "3.36.0+galaxy7"}
                ]]></error>
            
            <system-out><![CDATA[
            
            ]]></system-out>
            <system-err><![CDATA[
            Warning message:In Sys.setlocale("LC_MESSAGES", "en_US.UTF-8") :  OS reports request to set locale to "en_US.UTF-8" cannot be honoredWarning message:In plot.xy(xy, type, ...) : NAs introduced by coercionWarning message:In plot.xy(xy, type, ...) : NAs introduced by coercion
            ]]></system-err>
        
    </testcase>
    
    <testcase classname="edger (Test #12)" name="11" time="27.743043184280396">
        
            
                <error type="error" message="Tool exit code: None"><![CDATA[
                    { "inputs": {  "adv|normalisationOption": "TMM",  "contrasts|contrastOpt": "manual",  "contrasts|rep_contrast_0|contrast": "Mut-WT",  "f|filt|cformat|cntReq": "1000",  "f|filt|cformat|format_select": "counts",  "f|filt|cformat|samples|count_select": "total",  "f|filt|filt_select": "yes",  "input|counts": {   "id": "8f47ba924cdae863",   "src": "hda"  },  "input|fact|ffile": "no",  "input|fact|rep_factor_0|factorName": "Genotype",  "input|fact|rep_factor_0|groupNames": "Mut,Mut,Mut,WT,WT,WT",  "input|format": "matrix" }, "job": {  "command_line": "Rscript \u0027/cvmfs/cloud.galaxyproject.org/tools/toolshed.g2.bx.psu.edu/repos/iuc/edger/fd9902d118e5/edger/edger.R\u0027  -R \u0027/galaxy/server/database/objects/3/3/a/dataset_33ae39c6-832b-4935-9de9-b190c8bf69ed.dat\u0027 -o \u0027/galaxy/server/database/objects/3/3/a/dataset_33ae39c6-832b-4935-9de9-b190c8bf69ed_files\u0027  -m \u0027/galaxy/server/database/objects/1/d/d/dataset_1dd0dff2-ce46-4b7a-a994-db13daa7b762.dat\u0027 -i \u0027Genotype::Mut,Mut,Mut,WT,WT,WT\u0027    -C \u0027Mut-WT\u0027  -z \u00271000\u0027 -y   -l \u00270.0\u0027 -p \u00270.05\u0027 -d \u0027BH\u0027 -n \u0027TMM\u0027 -b  \u0026\u0026 mkdir ./output_dir  \u0026\u0026 cp \u0027/galaxy/server/database/objects/3/3/a/dataset_33ae39c6-832b-4935-9de9-b190c8bf69ed_files\u0027/*.tsv output_dir/",  "command_version": null,  "copied_from_job_id": null,  "create_time": "2026-01-19T14:02:43.446640",  "dependencies": [],  "exit_code": null,  "external_id": "gxy-dcm4n",  "galaxy_version": "24.1",  "handler": null,  "history_id": "4ec94da7f1737f53",  "id": "371ddc327b45e88e",  "inputs": {   "input|counts": {    "id": "8f47ba924cdae863",    "src": "hda",    "uuid": "1dd0dff2-ce46-4b7a-a994-db13daa7b762"   }  },  "job_messages": null,  "job_metrics": [],  "job_runner_name": null,  "job_stderr": null,  "job_stdout": null,  "model_class": "Job",  "output_collections": {   "outTables": {    "id": "543fb01a11a2273f",    "src": "hdca"   }  },  "outputs": {   "outReport": {    "id": "7a5eb1611cf8c280",    "src": "hda",    "uuid": "33ae39c6-832b-4935-9de9-b190c8bf69ed"   }  },  "params": {   "__input_ext": "\"tabular\"",   "adv": "{\"lfc\": \"0.0\", \"lrtOption\": false, \"normalisationOption\": \"TMM\", \"pAdjust\": \"BH\", \"pVal\": \"0.05\", \"robOption\": true}",   "anno": "{\"__current_case__\": 1, \"annoOpt\": \"no\"}",   "chromInfo": "\"/cvmfs/data.galaxyproject.org/managed/len/ucsc/?.len\"",   "contrasts": "{\"__current_case__\": 0, \"contrastOpt\": \"manual\", \"rep_contrast\": [{\"__index__\": 0, \"contrast\": \"Mut-WT\"}]}",   "dbkey": "\"?\"",   "f": "{\"filt\": {\"__current_case__\": 0, \"cformat\": {\"__current_case__\": 1, \"cntReq\": \"1000\", \"format_select\": \"counts\", \"samples\": {\"__current_case__\": 0, \"count_select\": \"total\"}}, \"filt_select\": \"yes\"}}",   "formula": null,   "input": "{\"__current_case__\": 1, \"counts\": {\"values\": [{\"id\": 214, \"src\": \"hda\"}]}, \"fact\": {\"__current_case__\": 1, \"ffile\": \"no\", \"rep_factor\": [{\"__index__\": 0, \"factorName\": \"Genotype\", \"groupNames\": \"Mut,Mut,Mut,WT,WT,WT\"}]}, \"format\": \"matrix\"}",   "out": "{\"normCounts\": false, \"rdaOption\": false, \"rscript\": false}"  },  "state": "error",  "stderr": "Warning message:\nIn Sys.setlocale(\"LC_MESSAGES\", \"en_US.UTF-8\") :\n  OS reports request to set locale to \"en_US.UTF-8\" cannot be honored\nWarning message:\nIn plot.xy(xy, type, ...) : NAs introduced by coercion\nWarning message:\nIn plot.xy(xy, type, ...) : NAs introduced by coercion\n",  "stdout": "",  "tool_id": "toolshed.g2.bx.psu.edu/repos/iuc/edger/edger/3.36.0+galaxy7",  "tool_stderr": "Warning message:\nIn Sys.setlocale(\"LC_MESSAGES\", \"en_US.UTF-8\") :\n  OS reports request to set locale to \"en_US.UTF-8\" cannot be honored\nWarning message:\nIn plot.xy(xy, type, ...) : NAs introduced by coercion\nWarning message:\nIn plot.xy(xy, type, ...) : NAs introduced by coercion\n",  "tool_stdout": "",  "update_time": "2026-01-19T14:02:52.244687",  "user_email": "tests@fake.org" }, "output_problems": [  "Job in error state.. tool_id: toolshed.g2.bx.psu.edu/repos/iuc/edger/edger/3.36.0+galaxy7, exit_code: None, stderr: Warning message:\nIn Sys.setlocale(\"LC_MESSAGES\", \"en_US.UTF-8\") :\n  OS reports request to set locale to \"en_US.UTF-8\" cannot be honored\nWarning message:\nIn plot.xy(xy, type, ...) : NAs introduced by coercion\nWarning message:\nIn plot.xy(xy, type, ...) : NAs introduced by coercion\n.",  "Output collection \u0027outTables\u0027: expected to have 1 elements, but it had 0." ], "status": "failure", "test_index": 11, "time_seconds": 27.743043184280396, "tool_id": "edger", "tool_version": "3.36.0+galaxy7"}
                ]]></error>
            
            <system-out><![CDATA[
            
            ]]></system-out>
            <system-err><![CDATA[
            Warning message:In Sys.setlocale("LC_MESSAGES", "en_US.UTF-8") :  OS reports request to set locale to "en_US.UTF-8" cannot be honoredWarning message:In plot.xy(xy, type, ...) : NAs introduced by coercionWarning message:In plot.xy(xy, type, ...) : NAs introduced by coercion
            ]]></system-err>
        
    </testcase>
    
    <testcase classname="edger (Test #13)" name="12" time="38.42693638801575">
        
            
            <system-out><![CDATA[
            
            ]]></system-out>
            <system-err><![CDATA[
            Warning message:In Sys.setlocale("LC_MESSAGES", "en_US.UTF-8") :  OS reports request to set locale to "en_US.UTF-8" cannot be honoredWarning message:In plot.xy(xy, type, ...) : NAs introduced by coercionWarning message:In plot.xy(xy, type, ...) : NAs introduced by coercionWarning messages:1: In plot.xy(xy, type, ...) : NAs introduced by coercion2: In plot.xy(xy, type, ...) : NAs introduced by coercion
            ]]></system-err>
        
    </testcase>
    
    <testcase classname="edger (Test #14)" name="13" time="37.156784534454346">
        
            
            <system-out><![CDATA[
            
            ]]></system-out>
            <system-err><![CDATA[
            Warning message:In Sys.setlocale("LC_MESSAGES", "en_US.UTF-8") :  OS reports request to set locale to "en_US.UTF-8" cannot be honoredWarning message:In plot.xy(xy, type, ...) : NAs introduced by coercionWarning message:In plot.xy(xy, type, ...) : NAs introduced by coercionWarning messages:1: In plot.xy(xy, type, ...) : NAs introduced by coercion2: In plot.xy(xy, type, ...) : NAs introduced by coercion
            ]]></system-err>
        
    </testcase>
    
    <testcase classname="edger (Test #15)" name="14" time="40.000426292419434">
        
            
            <system-out><![CDATA[
            
            ]]></system-out>
            <system-err><![CDATA[
            Warning message:In Sys.setlocale("LC_MESSAGES", "en_US.UTF-8") :  OS reports request to set locale to "en_US.UTF-8" cannot be honoredWarning message:In plot.xy(xy, type, ...) : NAs introduced by coercionWarning message:In plot.xy(xy, type, ...) : NAs introduced by coercionWarning messages:1: In plot.xy(xy, type, ...) : NAs introduced by coercion2: In plot.xy(xy, type, ...) : NAs introduced by coercion
            ]]></system-err>
        
    </testcase>
    
    <testcase classname="edger (Test #3)" name="2" time="11.918193578720093">
        
            <error type="error" message="Input staging problem: Traceback (most recent call last):
  File "/opt/hostedtoolcache/Python/3.12.12/x64/lib/python3.12/site-packages/galaxy/tool_util/verify/interactor.py", line 1466, in verify_tool
    stage_data_in_history(
  File "/opt/hostedtoolcache/Python/3.12.12/x64/lib/python3.12/site-packages/galaxy/tool_util/verify/interactor.py", line 175, in stage_data_in_history
    staging_interface.handle_jobs()
  File "/opt/hostedtoolcache/Python/3.12.12/x64/lib/python3.12/site-packages/galaxy/tool_util/verify/interactor.py", line 212, in handle_jobs
    self.galaxy_interactor.wait_for_job(job_response["id"], job_response["history_id"], self.maxseconds)
  File "/opt/hostedtoolcache/Python/3.12.12/x64/lib/python3.12/site-packages/galaxy/tool_util/verify/interactor.py", line 398, in wait_for_job
    self.wait_for(lambda: self.__job_ready(job_id, history_id), maxseconds=maxseconds)
  File "/opt/hostedtoolcache/Python/3.12.12/x64/lib/python3.12/site-packages/galaxy/tool_util/verify/interactor.py", line 402, in wait_for
    wait_on(func, what, walltime_exceeded)
  File "/opt/hostedtoolcache/Python/3.12.12/x64/lib/python3.12/site-packages/galaxy/tool_util/verify/wait.py", line 38, in wait_on
    value = function()
            ^^^^^^^^^^
  File "/opt/hostedtoolcache/Python/3.12.12/x64/lib/python3.12/site-packages/galaxy/tool_util/verify/interactor.py", line 398, in <lambda>
    self.wait_for(lambda: self.__job_ready(job_id, history_id), maxseconds=maxseconds)
                          ^^^^^^^^^^^^^^^^^^^^^^^^^^^^^^^^^^^^
  File "/opt/hostedtoolcache/Python/3.12.12/x64/lib/python3.12/site-packages/galaxy/tool_util/verify/interactor.py", line 751, in __job_ready
    return self._state_ready(job_id, error_msg="Job in error state.")
           ^^^^^^^^^^^^^^^^^^^^^^^^^^^^^^^^^^^^^^^^^^^^^^^^^^^^^^^^^^
  File "/opt/hostedtoolcache/Python/3.12.12/x64/lib/python3.12/site-packages/galaxy/tool_util/verify/interactor.py", line 847, in _state_ready
    raise Exception(
Exception: Job in error state.. tool_id: __DATA_FETCH__, exit_code: None, stderr: .
"><![CDATA[
                { "execution_problem": "Input staging problem: Traceback (most recent call last):\n  File \"/opt/hostedtoolcache/Python/3.12.12/x64/lib/python3.12/site-packages/galaxy/tool_util/verify/interactor.py\", line 1466, in verify_tool\n    stage_data_in_history(\n  File \"/opt/hostedtoolcache/Python/3.12.12/x64/lib/python3.12/site-packages/galaxy/tool_util/verify/interactor.py\", line 175, in stage_data_in_history\n    staging_interface.handle_jobs()\n  File \"/opt/hostedtoolcache/Python/3.12.12/x64/lib/python3.12/site-packages/galaxy/tool_util/verify/interactor.py\", line 212, in handle_jobs\n    self.galaxy_interactor.wait_for_job(job_response[\"id\"], job_response[\"history_id\"], self.maxseconds)\n  File \"/opt/hostedtoolcache/Python/3.12.12/x64/lib/python3.12/site-packages/galaxy/tool_util/verify/interactor.py\", line 398, in wait_for_job\n    self.wait_for(lambda: self.__job_ready(job_id, history_id), maxseconds=maxseconds)\n  File \"/opt/hostedtoolcache/Python/3.12.12/x64/lib/python3.12/site-packages/galaxy/tool_util/verify/interactor.py\", line 402, in wait_for\n    wait_on(func, what, walltime_exceeded)\n  File \"/opt/hostedtoolcache/Python/3.12.12/x64/lib/python3.12/site-packages/galaxy/tool_util/verify/wait.py\", line 38, in wait_on\n    value = function()\n            ^^^^^^^^^^\n  File \"/opt/hostedtoolcache/Python/3.12.12/x64/lib/python3.12/site-packages/galaxy/tool_util/verify/interactor.py\", line 398, in \u003clambda\u003e\n    self.wait_for(lambda: self.__job_ready(job_id, history_id), maxseconds=maxseconds)\n                          ^^^^^^^^^^^^^^^^^^^^^^^^^^^^^^^^^^^^\n  File \"/opt/hostedtoolcache/Python/3.12.12/x64/lib/python3.12/site-packages/galaxy/tool_util/verify/interactor.py\", line 751, in __job_ready\n    return self._state_ready(job_id, error_msg=\"Job in error state.\")\n           ^^^^^^^^^^^^^^^^^^^^^^^^^^^^^^^^^^^^^^^^^^^^^^^^^^^^^^^^^^\n  File \"/opt/hostedtoolcache/Python/3.12.12/x64/lib/python3.12/site-packages/galaxy/tool_util/verify/interactor.py\", line 847, in _state_ready\n    raise Exception(\nException: Job in error state.. tool_id: __DATA_FETCH__, exit_code: None, stderr: .\n", "status": "error", "test_index": 2, "time_seconds": 11.918193578720093, "tool_id": "edger", "tool_version": "3.36.0+galaxy7"}
            ]]></error>
        
    </testcase>
    
    <testcase classname="edger (Test #4)" name="3" time="30.198317289352417">
        
            
                <error type="error" message="Tool exit code: None"><![CDATA[
                    { "inputs": {  "adv|normalisationOption": "TMM",  "contrasts|contrastOpt": "manual",  "contrasts|rep_contrast_0|contrast": "Mut-WT",  "input|counts": {   "id": "b2974fa8f817fe20",   "src": "hda"  },  "input|fact|ffile": "no",  "input|fact|rep_factor_0|factorName": "Genotype",  "input|fact|rep_factor_0|groupNames": "Mut,Mut,Mut,WT,WT,WT",  "input|format": "matrix",  "out|rdaOption": true,  "out|rscript": true }, "job": {  "command_line": "Rscript \u0027/cvmfs/cloud.galaxyproject.org/tools/toolshed.g2.bx.psu.edu/repos/iuc/edger/fd9902d118e5/edger/edger.R\u0027  -R \u0027/galaxy/server/database/objects/d/1/0/dataset_d102614c-1026-4dba-a9ec-b8b2facc8b1f.dat\u0027 -o \u0027/galaxy/server/database/objects/d/1/0/dataset_d102614c-1026-4dba-a9ec-b8b2facc8b1f_files\u0027  -m \u0027/galaxy/server/database/objects/8/b/d/dataset_8bd08c43-b9c1-4e93-8a2b-aa737b1ae537.dat\u0027 -i \u0027Genotype::Mut,Mut,Mut,WT,WT,WT\u0027    -C \u0027Mut-WT\u0027   -r  -l \u00270.0\u0027 -p \u00270.05\u0027 -d \u0027BH\u0027 -n \u0027TMM\u0027 -b  \u0026\u0026 mkdir ./output_dir  \u0026\u0026 cp \u0027/galaxy/server/database/objects/d/1/0/dataset_d102614c-1026-4dba-a9ec-b8b2facc8b1f_files\u0027/*.tsv output_dir/  \u0026\u0026 cp \u0027/cvmfs/cloud.galaxyproject.org/tools/toolshed.g2.bx.psu.edu/repos/iuc/edger/fd9902d118e5/edger/edger.R\u0027 \u0027/galaxy/server/database/objects/9/c/4/dataset_9c4ed257-2eaa-4268-b91d-0e85ca608cb3.dat\u0027",  "command_version": null,  "copied_from_job_id": null,  "create_time": "2026-01-19T13:58:28.850996",  "dependencies": [],  "exit_code": null,  "external_id": "gxy-v47w4",  "galaxy_version": "24.1",  "handler": null,  "history_id": "4ec94da7f1737f53",  "id": "7c3ca312d65d9f14",  "inputs": {   "input|counts": {    "id": "b2974fa8f817fe20",    "src": "hda",    "uuid": "8bd08c43-b9c1-4e93-8a2b-aa737b1ae537"   }  },  "job_messages": null,  "job_metrics": [],  "job_runner_name": null,  "job_stderr": null,  "job_stdout": null,  "model_class": "Job",  "output_collections": {   "outTables": {    "id": "56a7ed237e5d1017",    "src": "hdca"   }  },  "outputs": {   "outReport": {    "id": "750c1fb98f0ee866",    "src": "hda",    "uuid": "d102614c-1026-4dba-a9ec-b8b2facc8b1f"   },   "rscript": {    "id": "8724d1128cf1b2c7",    "src": "hda",    "uuid": "9c4ed257-2eaa-4268-b91d-0e85ca608cb3"   }  },  "params": {   "__input_ext": "\"tabular\"",   "adv": "{\"lfc\": \"0.0\", \"lrtOption\": false, \"normalisationOption\": \"TMM\", \"pAdjust\": \"BH\", \"pVal\": \"0.05\", \"robOption\": true}",   "anno": "{\"__current_case__\": 1, \"annoOpt\": \"no\"}",   "chromInfo": "\"/cvmfs/data.galaxyproject.org/managed/len/ucsc/?.len\"",   "contrasts": "{\"__current_case__\": 0, \"contrastOpt\": \"manual\", \"rep_contrast\": [{\"__index__\": 0, \"contrast\": \"Mut-WT\"}]}",   "dbkey": "\"?\"",   "f": "{\"filt\": {\"__current_case__\": 1, \"filt_select\": \"no\"}}",   "formula": null,   "input": "{\"__current_case__\": 1, \"counts\": {\"values\": [{\"id\": 186, \"src\": \"hda\"}]}, \"fact\": {\"__current_case__\": 1, \"ffile\": \"no\", \"rep_factor\": [{\"__index__\": 0, \"factorName\": \"Genotype\", \"groupNames\": \"Mut,Mut,Mut,WT,WT,WT\"}]}, \"format\": \"matrix\"}",   "out": "{\"normCounts\": false, \"rdaOption\": true, \"rscript\": true}"  },  "state": "error",  "stderr": "Warning message:\nIn Sys.setlocale(\"LC_MESSAGES\", \"en_US.UTF-8\") :\n  OS reports request to set locale to \"en_US.UTF-8\" cannot be honored\nWarning message:\nIn plot.xy(xy, type, ...) : NAs introduced by coercion\nWarning message:\nIn plot.xy(xy, type, ...) : NAs introduced by coercion\n",  "stdout": "",  "tool_id": "toolshed.g2.bx.psu.edu/repos/iuc/edger/edger/3.36.0+galaxy7",  "tool_stderr": "Warning message:\nIn Sys.setlocale(\"LC_MESSAGES\", \"en_US.UTF-8\") :\n  OS reports request to set locale to \"en_US.UTF-8\" cannot be honored\nWarning message:\nIn plot.xy(xy, type, ...) : NAs introduced by coercion\nWarning message:\nIn plot.xy(xy, type, ...) : NAs introduced by coercion\n",  "tool_stdout": "",  "update_time": "2026-01-19T13:58:38.757822",  "user_email": "tests@fake.org" }, "output_problems": [  "Job in error state.. tool_id: toolshed.g2.bx.psu.edu/repos/iuc/edger/edger/3.36.0+galaxy7, exit_code: None, stderr: Warning message:\nIn Sys.setlocale(\"LC_MESSAGES\", \"en_US.UTF-8\") :\n  OS reports request to set locale to \"en_US.UTF-8\" cannot be honored\nWarning message:\nIn plot.xy(xy, type, ...) : NAs introduced by coercion\nWarning message:\nIn plot.xy(xy, type, ...) : NAs introduced by coercion\n." ], "status": "failure", "test_index": 3, "time_seconds": 30.198317289352417, "tool_id": "edger", "tool_version": "3.36.0+galaxy7"}
                ]]></error>
            
            <system-out><![CDATA[
            
            ]]></system-out>
            <system-err><![CDATA[
            Warning message:In Sys.setlocale("LC_MESSAGES", "en_US.UTF-8") :  OS reports request to set locale to "en_US.UTF-8" cannot be honoredWarning message:In plot.xy(xy, type, ...) : NAs introduced by coercionWarning message:In plot.xy(xy, type, ...) : NAs introduced by coercion
            ]]></system-err>
        
    </testcase>
    
    <testcase classname="edger (Test #5)" name="4" time="36.04864263534546">
        
            
            <system-out><![CDATA[
            
            ]]></system-out>
            <system-err><![CDATA[
            Warning message:In Sys.setlocale("LC_MESSAGES", "en_US.UTF-8") :  OS reports request to set locale to "en_US.UTF-8" cannot be honoredWarning message:In plot.xy(xy, type, ...) : NAs introduced by coercionWarning message:In plot.xy(xy, type, ...) : NAs introduced by coercionWarning messages:1: In plot.xy(xy, type, ...) : NAs introduced by coercion2: In plot.xy(xy, type, ...) : NAs introduced by coercion
            ]]></system-err>
        
    </testcase>
    
    <testcase classname="edger (Test #6)" name="5" time="29.336195945739746">
        
            
                <error type="error" message="Tool exit code: None"><![CDATA[
                    { "inputs": {  "adv|normalisationOption": "TMM",  "contrasts|contrastOpt": "manual",  "contrasts|rep_contrast_0|contrast": "Mut-WT",  "input|counts": {   "id": "d9478a6622c2a3e3",   "src": "hda"  },  "input|fact|ffile": "yes",  "input|fact|finfo": {   "id": "a1fc76ff0761d025",   "src": "hda"  },  "input|format": "matrix" }, "job": {  "command_line": "Rscript \u0027/cvmfs/cloud.galaxyproject.org/tools/toolshed.g2.bx.psu.edu/repos/iuc/edger/fd9902d118e5/edger/edger.R\u0027  -R \u0027/galaxy/server/database/objects/6/4/7/dataset_6478d1a8-fafa-46df-97de-2ac953a180b8.dat\u0027 -o \u0027/galaxy/server/database/objects/6/4/7/dataset_6478d1a8-fafa-46df-97de-2ac953a180b8_files\u0027  -m \u0027/galaxy/server/database/objects/2/f/1/dataset_2f12eb44-d394-4e5f-b403-30f812aa4cb6.dat\u0027 -f \u0027/galaxy/server/database/objects/7/7/3/dataset_77366f56-0f7e-4729-bdba-43a5abd4253f.dat\u0027    -C \u0027Mut-WT\u0027    -l \u00270.0\u0027 -p \u00270.05\u0027 -d \u0027BH\u0027 -n \u0027TMM\u0027 -b  \u0026\u0026 mkdir ./output_dir  \u0026\u0026 cp \u0027/galaxy/server/database/objects/6/4/7/dataset_6478d1a8-fafa-46df-97de-2ac953a180b8_files\u0027/*.tsv output_dir/",  "command_version": null,  "copied_from_job_id": null,  "create_time": "2026-01-19T13:59:35.016198",  "dependencies": [],  "exit_code": null,  "external_id": "gxy-62c29",  "galaxy_version": "24.1",  "handler": null,  "history_id": "4ec94da7f1737f53",  "id": "cf9bdd7d9d1445dc",  "inputs": {   "input|counts": {    "id": "d9478a6622c2a3e3",    "src": "hda",    "uuid": "2f12eb44-d394-4e5f-b403-30f812aa4cb6"   },   "input|fact|finfo": {    "id": "a1fc76ff0761d025",    "src": "hda",    "uuid": "77366f56-0f7e-4729-bdba-43a5abd4253f"   }  },  "job_messages": null,  "job_metrics": [],  "job_runner_name": null,  "job_stderr": null,  "job_stdout": null,  "model_class": "Job",  "output_collections": {   "outTables": {    "id": "9d39e19c278ceccc",    "src": "hdca"   }  },  "outputs": {   "outReport": {    "id": "69fb97058076960e",    "src": "hda",    "uuid": "6478d1a8-fafa-46df-97de-2ac953a180b8"   }  },  "params": {   "__input_ext": "\"tabular\"",   "adv": "{\"lfc\": \"0.0\", \"lrtOption\": false, \"normalisationOption\": \"TMM\", \"pAdjust\": \"BH\", \"pVal\": \"0.05\", \"robOption\": true}",   "anno": "{\"__current_case__\": 1, \"annoOpt\": \"no\"}",   "chromInfo": "\"/cvmfs/data.galaxyproject.org/managed/len/ucsc/?.len\"",   "contrasts": "{\"__current_case__\": 0, \"contrastOpt\": \"manual\", \"rep_contrast\": [{\"__index__\": 0, \"contrast\": \"Mut-WT\"}]}",   "dbkey": "\"?\"",   "f": "{\"filt\": {\"__current_case__\": 1, \"filt_select\": \"no\"}}",   "formula": null,   "input": "{\"__current_case__\": 1, \"counts\": {\"values\": [{\"id\": 192, \"src\": \"hda\"}]}, \"fact\": {\"__current_case__\": 0, \"ffile\": \"yes\", \"finfo\": {\"values\": [{\"id\": 193, \"src\": \"hda\"}]}}, \"format\": \"matrix\"}",   "out": "{\"normCounts\": false, \"rdaOption\": false, \"rscript\": false}"  },  "state": "error",  "stderr": "Warning message:\nIn Sys.setlocale(\"LC_MESSAGES\", \"en_US.UTF-8\") :\n  OS reports request to set locale to \"en_US.UTF-8\" cannot be honored\nWarning message:\nIn plot.xy(xy, type, ...) : NAs introduced by coercion\nWarning message:\nIn plot.xy(xy, type, ...) : NAs introduced by coercion\nWarning messages:\n1: In plot.xy(xy, type, ...) : NAs introduced by coercion\n2: In plot.xy(xy, type, ...) : NAs introduced by coercion\n",  "stdout": "",  "tool_id": "toolshed.g2.bx.psu.edu/repos/iuc/edger/edger/3.36.0+galaxy7",  "tool_stderr": "Warning message:\nIn Sys.setlocale(\"LC_MESSAGES\", \"en_US.UTF-8\") :\n  OS reports request to set locale to \"en_US.UTF-8\" cannot be honored\nWarning message:\nIn plot.xy(xy, type, ...) : NAs introduced by coercion\nWarning message:\nIn plot.xy(xy, type, ...) : NAs introduced by coercion\nWarning messages:\n1: In plot.xy(xy, type, ...) : NAs introduced by coercion\n2: In plot.xy(xy, type, ...) : NAs introduced by coercion\n",  "tool_stdout": "",  "update_time": "2026-01-19T13:59:44.498911",  "user_email": "tests@fake.org" }, "output_problems": [  "Job in error state.. tool_id: toolshed.g2.bx.psu.edu/repos/iuc/edger/edger/3.36.0+galaxy7, exit_code: None, stderr: Warning message:\nIn Sys.setlocale(\"LC_MESSAGES\", \"en_US.UTF-8\") :\n  OS reports request to set locale to \"en_US.UTF-8\" cannot be honored\nWarning message:\nIn plot.xy(xy, type, ...) : NAs introduced by coercion\nWarning message:\nIn plot.xy(xy, type, ...) : NAs introduced by coercion\nWarning messages:\n1: In plot.xy(xy, type, ...) : NAs introduced by coercion\n2: In plot.xy(xy, type, ...) : NAs introduced by coercion\n.",  "Output collection \u0027outTables\u0027: expected to have 1 elements, but it had 0." ], "status": "failure", "test_index": 5, "time_seconds": 29.336195945739746, "tool_id": "edger", "tool_version": "3.36.0+galaxy7"}
                ]]></error>
            
            <system-out><![CDATA[
            
            ]]></system-out>
            <system-err><![CDATA[
            Warning message:In Sys.setlocale("LC_MESSAGES", "en_US.UTF-8") :  OS reports request to set locale to "en_US.UTF-8" cannot be honoredWarning message:In plot.xy(xy, type, ...) : NAs introduced by coercionWarning message:In plot.xy(xy, type, ...) : NAs introduced by coercionWarning messages:1: In plot.xy(xy, type, ...) : NAs introduced by coercion2: In plot.xy(xy, type, ...) : NAs introduced by coercion
            ]]></system-err>
        
    </testcase>
    
    <testcase classname="edger (Test #7)" name="6" time="37.578826904296875">
        
            
            <system-out><![CDATA[
            
            ]]></system-out>
            <system-err><![CDATA[
            Warning message:In Sys.setlocale("LC_MESSAGES", "en_US.UTF-8") :  OS reports request to set locale to "en_US.UTF-8" cannot be honoredWarning message:In plot.xy(xy, type, ...) : NAs introduced by coercionWarning message:In plot.xy(xy, type, ...) : NAs introduced by coercion
            ]]></system-err>
        
    </testcase>
    
    <testcase classname="edger (Test #8)" name="7" time="36.966224908828735">
        
            
            <system-out><![CDATA[
            
            ]]></system-out>
            <system-err><![CDATA[
            Warning message:In Sys.setlocale("LC_MESSAGES", "en_US.UTF-8") :  OS reports request to set locale to "en_US.UTF-8" cannot be honoredWarning message:In plot.xy(xy, type, ...) : NAs introduced by coercionWarning message:In plot.xy(xy, type, ...) : NAs introduced by coercion
            ]]></system-err>
        
    </testcase>
    
    <testcase classname="edger (Test #9)" name="8" time="12.795185327529907">
        
            <error type="error" message="Input staging problem: Traceback (most recent call last):
  File "/opt/hostedtoolcache/Python/3.12.12/x64/lib/python3.12/site-packages/galaxy/tool_util/verify/interactor.py", line 1466, in verify_tool
    stage_data_in_history(
  File "/opt/hostedtoolcache/Python/3.12.12/x64/lib/python3.12/site-packages/galaxy/tool_util/verify/interactor.py", line 175, in stage_data_in_history
    staging_interface.handle_jobs()
  File "/opt/hostedtoolcache/Python/3.12.12/x64/lib/python3.12/site-packages/galaxy/tool_util/verify/interactor.py", line 212, in handle_jobs
    self.galaxy_interactor.wait_for_job(job_response["id"], job_response["history_id"], self.maxseconds)
  File "/opt/hostedtoolcache/Python/3.12.12/x64/lib/python3.12/site-packages/galaxy/tool_util/verify/interactor.py", line 398, in wait_for_job
    self.wait_for(lambda: self.__job_ready(job_id, history_id), maxseconds=maxseconds)
  File "/opt/hostedtoolcache/Python/3.12.12/x64/lib/python3.12/site-packages/galaxy/tool_util/verify/interactor.py", line 402, in wait_for
    wait_on(func, what, walltime_exceeded)
  File "/opt/hostedtoolcache/Python/3.12.12/x64/lib/python3.12/site-packages/galaxy/tool_util/verify/wait.py", line 38, in wait_on
    value = function()
            ^^^^^^^^^^
  File "/opt/hostedtoolcache/Python/3.12.12/x64/lib/python3.12/site-packages/galaxy/tool_util/verify/interactor.py", line 398, in <lambda>
    self.wait_for(lambda: self.__job_ready(job_id, history_id), maxseconds=maxseconds)
                          ^^^^^^^^^^^^^^^^^^^^^^^^^^^^^^^^^^^^
  File "/opt/hostedtoolcache/Python/3.12.12/x64/lib/python3.12/site-packages/galaxy/tool_util/verify/interactor.py", line 751, in __job_ready
    return self._state_ready(job_id, error_msg="Job in error state.")
           ^^^^^^^^^^^^^^^^^^^^^^^^^^^^^^^^^^^^^^^^^^^^^^^^^^^^^^^^^^
  File "/opt/hostedtoolcache/Python/3.12.12/x64/lib/python3.12/site-packages/galaxy/tool_util/verify/interactor.py", line 847, in _state_ready
    raise Exception(
Exception: Job in error state.. tool_id: __DATA_FETCH__, exit_code: None, stderr: .
"><![CDATA[
                { "execution_problem": "Input staging problem: Traceback (most recent call last):\n  File \"/opt/hostedtoolcache/Python/3.12.12/x64/lib/python3.12/site-packages/galaxy/tool_util/verify/interactor.py\", line 1466, in verify_tool\n    stage_data_in_history(\n  File \"/opt/hostedtoolcache/Python/3.12.12/x64/lib/python3.12/site-packages/galaxy/tool_util/verify/interactor.py\", line 175, in stage_data_in_history\n    staging_interface.handle_jobs()\n  File \"/opt/hostedtoolcache/Python/3.12.12/x64/lib/python3.12/site-packages/galaxy/tool_util/verify/interactor.py\", line 212, in handle_jobs\n    self.galaxy_interactor.wait_for_job(job_response[\"id\"], job_response[\"history_id\"], self.maxseconds)\n  File \"/opt/hostedtoolcache/Python/3.12.12/x64/lib/python3.12/site-packages/galaxy/tool_util/verify/interactor.py\", line 398, in wait_for_job\n    self.wait_for(lambda: self.__job_ready(job_id, history_id), maxseconds=maxseconds)\n  File \"/opt/hostedtoolcache/Python/3.12.12/x64/lib/python3.12/site-packages/galaxy/tool_util/verify/interactor.py\", line 402, in wait_for\n    wait_on(func, what, walltime_exceeded)\n  File \"/opt/hostedtoolcache/Python/3.12.12/x64/lib/python3.12/site-packages/galaxy/tool_util/verify/wait.py\", line 38, in wait_on\n    value = function()\n            ^^^^^^^^^^\n  File \"/opt/hostedtoolcache/Python/3.12.12/x64/lib/python3.12/site-packages/galaxy/tool_util/verify/interactor.py\", line 398, in \u003clambda\u003e\n    self.wait_for(lambda: self.__job_ready(job_id, history_id), maxseconds=maxseconds)\n                          ^^^^^^^^^^^^^^^^^^^^^^^^^^^^^^^^^^^^\n  File \"/opt/hostedtoolcache/Python/3.12.12/x64/lib/python3.12/site-packages/galaxy/tool_util/verify/interactor.py\", line 751, in __job_ready\n    return self._state_ready(job_id, error_msg=\"Job in error state.\")\n           ^^^^^^^^^^^^^^^^^^^^^^^^^^^^^^^^^^^^^^^^^^^^^^^^^^^^^^^^^^\n  File \"/opt/hostedtoolcache/Python/3.12.12/x64/lib/python3.12/site-packages/galaxy/tool_util/verify/interactor.py\", line 847, in _state_ready\n    raise Exception(\nException: Job in error state.. tool_id: __DATA_FETCH__, exit_code: None, stderr: .\n", "status": "error", "test_index": 8, "time_seconds": 12.795185327529907, "tool_id": "edger", "tool_version": "3.36.0+galaxy7"}
            ]]></error>
        
    </testcase>
    
    <testcase classname="edger (Test #10)" name="9" time="44.45277667045593">
        
            
            <system-out><![CDATA[
            
            ]]></system-out>
            <system-err><![CDATA[
            Warning message:In Sys.setlocale("LC_MESSAGES", "en_US.UTF-8") :  OS reports request to set locale to "en_US.UTF-8" cannot be honoredWarning message:In plot.xy(xy, type, ...) : NAs introduced by coercionWarning message:In plot.xy(xy, type, ...) : NAs introduced by coercion
            ]]></system-err>
        
    </testcase>
    
    <testcase classname="fastq_groomer (Test #1)" name="0" time="40.125937700271606">
        
            
            <system-out><![CDATA[
            Groomed 2 sanger reads into sanger reads.Based upon quality and sequence, the input data is valid for: sanger, sanger.gz, sanger.bz2Input ASCII range: '!'(33) - '~'(126)Input decimal range: 0 - 93
            ]]></system-out>
            <system-err><![CDATA[
            
            ]]></system-err>
        
    </testcase>
    
    <testcase classname="fastq_groomer (Test #2)" name="1" time="31.584669828414917">
        
            
            <system-out><![CDATA[
            Groomed 2 sanger reads into sanger reads.Based upon quality and sequence, the input data is valid for: sanger, sanger.gz, sanger.bz2Input ASCII range: '!'(33) - '~'(126)Input decimal range: 0 - 93
            ]]></system-out>
            <system-err><![CDATA[
            
            ]]></system-err>
        
    </testcase>
    
    <testcase classname="fastq_groomer (Test #11)" name="10" time="24.80369281768799">
        
            
                <error type="error" message="Tool exit code: None"><![CDATA[
                    { "inputs": {  "input_file": {   "id": "e83b13ed953d507b",   "src": "hda"  },  "input_type": "illumina",  "options_type|force_quality_encoding": "None",  "options_type|options_type_selector": "advanced",  "options_type|output_type": "solexa",  "options_type|summarize_input": "summarize_input" }, "job": {  "command_line": "gx-fastq-groomer \u0027/galaxy/server/database/objects/e/9/8/dataset_e9891a31-0f65-449f-bccc-f22416fa6bfb.dat\u0027 illumina \u0027/galaxy/server/database/objects/5/1/5/dataset_515e710c-ee33-4c2b-933b-49d5622d61bd.dat\u0027 solexa None summarize_input --fix-id",  "command_version": null,  "copied_from_job_id": null,  "create_time": "2026-01-19T13:31:45.887704",  "dependencies": [],  "exit_code": null,  "external_id": "gxy-8rllz",  "galaxy_version": "24.1",  "handler": null,  "history_id": "4ec94da7f1737f53",  "id": "f6483848cbfd9798",  "inputs": {   "input_file": {    "id": "e83b13ed953d507b",    "src": "hda",    "uuid": "e9891a31-0f65-449f-bccc-f22416fa6bfb"   }  },  "job_messages": null,  "job_metrics": [],  "job_runner_name": null,  "job_stderr": null,  "job_stdout": null,  "model_class": "Job",  "output_collections": {},  "outputs": {   "output_file": {    "id": "05011e775b52b5d4",    "src": "hda",    "uuid": "515e710c-ee33-4c2b-933b-49d5622d61bd"   }  },  "params": {   "__input_ext": "\"input\"",   "chromInfo": "\"/cvmfs/data.galaxyproject.org/managed/len/ucsc/?.len\"",   "dbkey": "\"?\"",   "input_type": "\"illumina\"",   "options_type": "{\"__current_case__\": 1, \"fix_id\": true, \"force_quality_encoding\": \"None\", \"options_type_selector\": \"advanced\", \"output_type\": \"solexa\", \"summarize_input\": \"summarize_input\"}"  },  "state": "error",  "stderr": "",  "stdout": "Groomed 2 illumina reads into solexa reads.\nConverted between Solexa and PHRED scores.\nBased upon quality and sequence, the input data is valid for: illumina, illumina.gz, illumina.bz2, solexa, solexa.gz, solexa.bz2, sanger, sanger.gz, sanger.bz2\nInput ASCII range: \u0027@\u0027(64) - \u0027~\u0027(126)\nInput decimal range: 0 - 62\n",  "tool_id": "toolshed.g2.bx.psu.edu/repos/devteam/fastq_groomer/fastq_groomer/1.1.5+galaxy2",  "tool_stderr": "",  "tool_stdout": "Groomed 2 illumina reads into solexa reads.\nConverted between Solexa and PHRED scores.\nBased upon quality and sequence, the input data is valid for: illumina, illumina.gz, illumina.bz2, solexa, solexa.gz, solexa.bz2, sanger, sanger.gz, sanger.bz2\nInput ASCII range: \u0027@\u0027(64) - \u0027~\u0027(126)\nInput decimal range: 0 - 62\n",  "update_time": "2026-01-19T13:31:50.715695",  "user_email": "tests@fake.org" }, "output_problems": [  "Job in error state.. tool_id: toolshed.g2.bx.psu.edu/repos/devteam/fastq_groomer/fastq_groomer/1.1.5+galaxy2, exit_code: None, stderr: ." ], "status": "failure", "test_index": 10, "time_seconds": 24.80369281768799, "tool_id": "fastq_groomer", "tool_version": "1.1.5+galaxy2"}
                ]]></error>
            
            <system-out><![CDATA[
            Groomed 2 illumina reads into solexa reads.Converted between Solexa and PHRED scores.Based upon quality and sequence, the input data is valid for: illumina, illumina.gz, illumina.bz2, solexa, solexa.gz, solexa.bz2, sanger, sanger.gz, sanger.bz2Input ASCII range: '@'(64) - '~'(126)Input decimal range: 0 - 62
            ]]></system-out>
            <system-err><![CDATA[
            
            ]]></system-err>
        
    </testcase>
    
    <testcase classname="fastq_groomer (Test #12)" name="11" time="24.12684202194214">
        
            
                <error type="error" message="Tool exit code: None"><![CDATA[
                    { "inputs": {  "input_file": {   "id": "0dea6c212bd677f0",   "src": "hda"  },  "input_type": "illumina",  "options_type|force_quality_encoding": "None",  "options_type|options_type_selector": "advanced",  "options_type|output_type": "cssanger",  "options_type|summarize_input": "summarize_input" }, "job": {  "command_line": "gx-fastq-groomer \u0027/galaxy/server/database/objects/c/4/1/dataset_c4129736-db44-40f9-bc80-40d788a19cda.dat\u0027 illumina \u0027/galaxy/server/database/objects/7/3/5/dataset_735ad4e2-65f8-4631-aad0-ac28f37bf6a4.dat\u0027 cssanger None summarize_input --fix-id",  "command_version": null,  "copied_from_job_id": null,  "create_time": "2026-01-19T13:32:09.781115",  "dependencies": [],  "exit_code": null,  "external_id": "gxy-g4n6w",  "galaxy_version": "24.1",  "handler": null,  "history_id": "4ec94da7f1737f53",  "id": "8c7e7916c64c17fe",  "inputs": {   "input_file": {    "id": "0dea6c212bd677f0",    "src": "hda",    "uuid": "c4129736-db44-40f9-bc80-40d788a19cda"   }  },  "job_messages": null,  "job_metrics": [],  "job_runner_name": null,  "job_stderr": null,  "job_stdout": null,  "model_class": "Job",  "output_collections": {},  "outputs": {   "output_file": {    "id": "12f80ee5a139f181",    "src": "hda",    "uuid": "735ad4e2-65f8-4631-aad0-ac28f37bf6a4"   }  },  "params": {   "__input_ext": "\"input\"",   "chromInfo": "\"/cvmfs/data.galaxyproject.org/managed/len/ucsc/?.len\"",   "dbkey": "\"?\"",   "input_type": "\"illumina\"",   "options_type": "{\"__current_case__\": 1, \"fix_id\": true, \"force_quality_encoding\": \"None\", \"options_type_selector\": \"advanced\", \"output_type\": \"cssanger\", \"summarize_input\": \"summarize_input\"}"  },  "state": "error",  "stderr": "",  "stdout": "Groomed 2 illumina reads into cssanger reads.\nBased upon quality and sequence, the input data is valid for: illumina, illumina.gz, illumina.bz2, solexa, solexa.gz, solexa.bz2, sanger, sanger.gz, sanger.bz2\nInput ASCII range: \u0027@\u0027(64) - \u0027~\u0027(126)\nInput decimal range: 0 - 62\n",  "tool_id": "toolshed.g2.bx.psu.edu/repos/devteam/fastq_groomer/fastq_groomer/1.1.5+galaxy2",  "tool_stderr": "",  "tool_stdout": "Groomed 2 illumina reads into cssanger reads.\nBased upon quality and sequence, the input data is valid for: illumina, illumina.gz, illumina.bz2, solexa, solexa.gz, solexa.bz2, sanger, sanger.gz, sanger.bz2\nInput ASCII range: \u0027@\u0027(64) - \u0027~\u0027(126)\nInput decimal range: 0 - 62\n",  "update_time": "2026-01-19T13:32:14.842669",  "user_email": "tests@fake.org" }, "output_problems": [  "Job in error state.. tool_id: toolshed.g2.bx.psu.edu/repos/devteam/fastq_groomer/fastq_groomer/1.1.5+galaxy2, exit_code: None, stderr: ." ], "status": "failure", "test_index": 11, "time_seconds": 24.12684202194214, "tool_id": "fastq_groomer", "tool_version": "1.1.5+galaxy2"}
                ]]></error>
            
            <system-out><![CDATA[
            Groomed 2 illumina reads into cssanger reads.Based upon quality and sequence, the input data is valid for: illumina, illumina.gz, illumina.bz2, solexa, solexa.gz, solexa.bz2, sanger, sanger.gz, sanger.bz2Input ASCII range: '@'(64) - '~'(126)Input decimal range: 0 - 62
            ]]></system-out>
            <system-err><![CDATA[
            
            ]]></system-err>
        
    </testcase>
    
    <testcase classname="fastq_groomer (Test #13)" name="12" time="24.75495672225952">
        
            
                <error type="error" message="Tool exit code: None"><![CDATA[
                    { "inputs": {  "input_file": {   "id": "0ab2c543627b0723",   "src": "hda"  },  "input_type": "sanger",  "options_type|force_quality_encoding": "None",  "options_type|options_type_selector": "advanced",  "options_type|output_type": "sanger",  "options_type|summarize_input": "summarize_input" }, "job": {  "command_line": "gx-fastq-groomer \u0027/galaxy/server/database/objects/f/3/d/dataset_f3de2858-53da-49b2-91b7-8857418037d6.dat\u0027 sanger \u0027/galaxy/server/database/objects/0/0/b/dataset_00bdbc47-0020-4688-b321-ba78e173bc54.dat\u0027 sanger None summarize_input --fix-id",  "command_version": null,  "copied_from_job_id": null,  "create_time": "2026-01-19T13:32:33.982693",  "dependencies": [],  "exit_code": null,  "external_id": "gxy-lxdxx",  "galaxy_version": "24.1",  "handler": null,  "history_id": "4ec94da7f1737f53",  "id": "b5d52d0fff2d7375",  "inputs": {   "input_file": {    "id": "0ab2c543627b0723",    "src": "hda",    "uuid": "f3de2858-53da-49b2-91b7-8857418037d6"   }  },  "job_messages": null,  "job_metrics": [],  "job_runner_name": null,  "job_stderr": null,  "job_stdout": null,  "model_class": "Job",  "output_collections": {},  "outputs": {   "output_file": {    "id": "e6a3b5c7add56bbf",    "src": "hda",    "uuid": "00bdbc47-0020-4688-b321-ba78e173bc54"   }  },  "params": {   "__input_ext": "\"input\"",   "chromInfo": "\"/cvmfs/data.galaxyproject.org/managed/len/ucsc/?.len\"",   "dbkey": "\"?\"",   "input_type": "\"sanger\"",   "options_type": "{\"__current_case__\": 1, \"fix_id\": true, \"force_quality_encoding\": \"None\", \"options_type_selector\": \"advanced\", \"output_type\": \"sanger\", \"summarize_input\": \"summarize_input\"}"  },  "state": "error",  "stderr": "",  "stdout": "Groomed 2 sanger reads into sanger reads.\nBased upon quality and sequence, the input data is valid for: sanger, sanger.gz, sanger.bz2\nInput ASCII range: \u0027!\u0027(33) - \u0027~\u0027(126)\nInput decimal range: 0 - 93\n",  "tool_id": "toolshed.g2.bx.psu.edu/repos/devteam/fastq_groomer/fastq_groomer/1.1.5+galaxy2",  "tool_stderr": "",  "tool_stdout": "Groomed 2 sanger reads into sanger reads.\nBased upon quality and sequence, the input data is valid for: sanger, sanger.gz, sanger.bz2\nInput ASCII range: \u0027!\u0027(33) - \u0027~\u0027(126)\nInput decimal range: 0 - 93\n",  "update_time": "2026-01-19T13:32:39.719438",  "user_email": "tests@fake.org" }, "output_problems": [  "Job in error state.. tool_id: toolshed.g2.bx.psu.edu/repos/devteam/fastq_groomer/fastq_groomer/1.1.5+galaxy2, exit_code: None, stderr: ." ], "status": "failure", "test_index": 12, "time_seconds": 24.75495672225952, "tool_id": "fastq_groomer", "tool_version": "1.1.5+galaxy2"}
                ]]></error>
            
            <system-out><![CDATA[
            Groomed 2 sanger reads into sanger reads.Based upon quality and sequence, the input data is valid for: sanger, sanger.gz, sanger.bz2Input ASCII range: '!'(33) - '~'(126)Input decimal range: 0 - 93
            ]]></system-out>
            <system-err><![CDATA[
            
            ]]></system-err>
        
    </testcase>
    
    <testcase classname="fastq_groomer (Test #14)" name="13" time="31.64833950996399">
        
            
            <system-out><![CDATA[
            Groomed 2 sanger reads into illumina reads.Based upon quality and sequence, the input data is valid for: sanger, sanger.gz, sanger.bz2Input ASCII range: '!'(33) - '~'(126)Input decimal range: 0 - 93
            ]]></system-out>
            <system-err><![CDATA[
            
            ]]></system-err>
        
    </testcase>
    
    <testcase classname="fastq_groomer (Test #15)" name="14" time="32.26783895492554">
        
            
            <system-out><![CDATA[
            Groomed 2 sanger reads into solexa reads.Converted between Solexa and PHRED scores.Based upon quality and sequence, the input data is valid for: sanger, sanger.gz, sanger.bz2Input ASCII range: '!'(33) - '~'(126)Input decimal range: 0 - 93
            ]]></system-out>
            <system-err><![CDATA[
            
            ]]></system-err>
        
    </testcase>
    
    <testcase classname="fastq_groomer (Test #16)" name="15" time="10.409605264663696">
        
            <error type="error" message="Input staging problem: Traceback (most recent call last):
  File "/opt/hostedtoolcache/Python/3.12.12/x64/lib/python3.12/site-packages/galaxy/tool_util/verify/interactor.py", line 1466, in verify_tool
    stage_data_in_history(
  File "/opt/hostedtoolcache/Python/3.12.12/x64/lib/python3.12/site-packages/galaxy/tool_util/verify/interactor.py", line 175, in stage_data_in_history
    staging_interface.handle_jobs()
  File "/opt/hostedtoolcache/Python/3.12.12/x64/lib/python3.12/site-packages/galaxy/tool_util/verify/interactor.py", line 212, in handle_jobs
    self.galaxy_interactor.wait_for_job(job_response["id"], job_response["history_id"], self.maxseconds)
  File "/opt/hostedtoolcache/Python/3.12.12/x64/lib/python3.12/site-packages/galaxy/tool_util/verify/interactor.py", line 398, in wait_for_job
    self.wait_for(lambda: self.__job_ready(job_id, history_id), maxseconds=maxseconds)
  File "/opt/hostedtoolcache/Python/3.12.12/x64/lib/python3.12/site-packages/galaxy/tool_util/verify/interactor.py", line 402, in wait_for
    wait_on(func, what, walltime_exceeded)
  File "/opt/hostedtoolcache/Python/3.12.12/x64/lib/python3.12/site-packages/galaxy/tool_util/verify/wait.py", line 38, in wait_on
    value = function()
            ^^^^^^^^^^
  File "/opt/hostedtoolcache/Python/3.12.12/x64/lib/python3.12/site-packages/galaxy/tool_util/verify/interactor.py", line 398, in <lambda>
    self.wait_for(lambda: self.__job_ready(job_id, history_id), maxseconds=maxseconds)
                          ^^^^^^^^^^^^^^^^^^^^^^^^^^^^^^^^^^^^
  File "/opt/hostedtoolcache/Python/3.12.12/x64/lib/python3.12/site-packages/galaxy/tool_util/verify/interactor.py", line 751, in __job_ready
    return self._state_ready(job_id, error_msg="Job in error state.")
           ^^^^^^^^^^^^^^^^^^^^^^^^^^^^^^^^^^^^^^^^^^^^^^^^^^^^^^^^^^
  File "/opt/hostedtoolcache/Python/3.12.12/x64/lib/python3.12/site-packages/galaxy/tool_util/verify/interactor.py", line 847, in _state_ready
    raise Exception(
Exception: Job in error state.. tool_id: __DATA_FETCH__, exit_code: None, stderr: .
"><![CDATA[
                { "execution_problem": "Input staging problem: Traceback (most recent call last):\n  File \"/opt/hostedtoolcache/Python/3.12.12/x64/lib/python3.12/site-packages/galaxy/tool_util/verify/interactor.py\", line 1466, in verify_tool\n    stage_data_in_history(\n  File \"/opt/hostedtoolcache/Python/3.12.12/x64/lib/python3.12/site-packages/galaxy/tool_util/verify/interactor.py\", line 175, in stage_data_in_history\n    staging_interface.handle_jobs()\n  File \"/opt/hostedtoolcache/Python/3.12.12/x64/lib/python3.12/site-packages/galaxy/tool_util/verify/interactor.py\", line 212, in handle_jobs\n    self.galaxy_interactor.wait_for_job(job_response[\"id\"], job_response[\"history_id\"], self.maxseconds)\n  File \"/opt/hostedtoolcache/Python/3.12.12/x64/lib/python3.12/site-packages/galaxy/tool_util/verify/interactor.py\", line 398, in wait_for_job\n    self.wait_for(lambda: self.__job_ready(job_id, history_id), maxseconds=maxseconds)\n  File \"/opt/hostedtoolcache/Python/3.12.12/x64/lib/python3.12/site-packages/galaxy/tool_util/verify/interactor.py\", line 402, in wait_for\n    wait_on(func, what, walltime_exceeded)\n  File \"/opt/hostedtoolcache/Python/3.12.12/x64/lib/python3.12/site-packages/galaxy/tool_util/verify/wait.py\", line 38, in wait_on\n    value = function()\n            ^^^^^^^^^^\n  File \"/opt/hostedtoolcache/Python/3.12.12/x64/lib/python3.12/site-packages/galaxy/tool_util/verify/interactor.py\", line 398, in \u003clambda\u003e\n    self.wait_for(lambda: self.__job_ready(job_id, history_id), maxseconds=maxseconds)\n                          ^^^^^^^^^^^^^^^^^^^^^^^^^^^^^^^^^^^^\n  File \"/opt/hostedtoolcache/Python/3.12.12/x64/lib/python3.12/site-packages/galaxy/tool_util/verify/interactor.py\", line 751, in __job_ready\n    return self._state_ready(job_id, error_msg=\"Job in error state.\")\n           ^^^^^^^^^^^^^^^^^^^^^^^^^^^^^^^^^^^^^^^^^^^^^^^^^^^^^^^^^^\n  File \"/opt/hostedtoolcache/Python/3.12.12/x64/lib/python3.12/site-packages/galaxy/tool_util/verify/interactor.py\", line 847, in _state_ready\n    raise Exception(\nException: Job in error state.. tool_id: __DATA_FETCH__, exit_code: None, stderr: .\n", "status": "error", "test_index": 15, "time_seconds": 10.409605264663696, "tool_id": "fastq_groomer", "tool_version": "1.1.5+galaxy2"}
            ]]></error>
        
    </testcase>
    
    <testcase classname="fastq_groomer (Test #17)" name="16" time="31.834761381149292">
        
            
            <system-out><![CDATA[
            Groomed 2 solexa reads into solexa reads.Based upon quality and sequence, the input data is valid for: solexa, solexa.gz, solexa.bz2, sanger, sanger.gz, sanger.bz2Input ASCII range: ';'(59) - '~'(126)Input decimal range: -5 - 62
            ]]></system-out>
            <system-err><![CDATA[
            
            ]]></system-err>
        
    </testcase>
    
    <testcase classname="fastq_groomer (Test #18)" name="17" time="31.6498281955719">
        
            
            <system-out><![CDATA[
            Groomed 2 solexa reads into illumina reads.Converted between Solexa and PHRED scores.Based upon quality and sequence, the input data is valid for: solexa, solexa.gz, solexa.bz2, sanger, sanger.gz, sanger.bz2Input ASCII range: ';'(59) - '~'(126)Input decimal range: -5 - 62
            ]]></system-out>
            <system-err><![CDATA[
            
            ]]></system-err>
        
    </testcase>
    
    <testcase classname="fastq_groomer (Test #19)" name="18" time="32.570961713790894">
        
            
            <system-out><![CDATA[
            Groomed 2 solexa reads into sanger reads.Converted between Solexa and PHRED scores.Based upon quality and sequence, the input data is valid for: solexa, solexa.gz, solexa.bz2, sanger, sanger.gz, sanger.bz2Input ASCII range: ';'(59) - '~'(126)Input decimal range: -5 - 62
            ]]></system-out>
            <system-err><![CDATA[
            
            ]]></system-err>
        
    </testcase>
    
    <testcase classname="fastq_groomer (Test #20)" name="19" time="31.937246799468994">
        
            
            <system-out><![CDATA[
            Groomed 2 solexa reads into cssanger reads.Converted between Solexa and PHRED scores.Based upon quality and sequence, the input data is valid for: solexa, solexa.gz, solexa.bz2, sanger, sanger.gz, sanger.bz2Input ASCII range: ';'(59) - '~'(126)Input decimal range: -5 - 62
            ]]></system-out>
            <system-err><![CDATA[
            
            ]]></system-err>
        
    </testcase>
    
    <testcase classname="fastq_groomer (Test #3)" name="2" time="33.16240215301514">
        
            
            <system-out><![CDATA[
            There was an error reading your input file. Your input file is likely malformed.It is suggested that you double-check your original input file for errors -- helpful information for this purpose has been provided below.However, if you think that you have encountered an actual error with this tool, please do tell us by using the bug reporting mechanism.The reported error is: 'Invalid FASTQ file: quality score identifier (+invalid line)                         does not match sequence identifier (@FAKE-1).'.The error occurred at the start of your file and no valid FASTQ reads were found.The error in your file occurs between lines '1' and '3', which corresponds to byte-offsets '0' and '33', and contains the text (33 of 33 bytes shown):@FAKE-1ACGTACGTAC+invalid line
            ]]></system-out>
            <system-err><![CDATA[
            Traceback (most recent call last):  File "/usr/local/bin/gx-fastq-groomer", line 10, in <module>    sys.exit(main())             ^^^^^^  File "/usr/local/lib/python3.11/site-packages/galaxy_utils/sequence/scripts/fastq_groomer.py", line 99, in main    Groomer().run()  File "/usr/local/lib/python3.11/site-packages/galaxy_utils/sequence/scripts/fastq_groomer.py", line 48, in run    for read_count, fastq_read in enumerate(reader):  File "/usr/local/lib/python3.11/site-packages/galaxy_utils/sequence/fastq.py", line 683, in __iter__    yield next(self)          ^^^^^^^^^^  File "/usr/local/lib/python3.11/site-packages/galaxy_utils/sequence/fastq.py", line 742, in __next__    raise e  File "/usr/local/lib/python3.11/site-packages/galaxy_utils/sequence/fastq.py", line 724, in __next__    block = super(fastqVerboseErrorReader, self).__next__()            ^^^^^^^^^^^^^^^^^^^^^^^^^^^^^^^^^^^^^^^^^^^^^^^  File "/usr/local/lib/python3.11/site-packages/galaxy_utils/sequence/fastq.py", line 621, in __next__    self._read_fastq_sequence(rval, id_line)  File "/usr/local/lib/python3.11/site-packages/galaxy_utils/sequence/fastq.py", line 666, in _read_fastq_sequence    raise fastqFormatError(galaxy_utils.sequence.fastq.fastqFormatError: Invalid FASTQ file: quality score identifier (+invalid line)                         does not match sequence identifier (@FAKE-1).
            ]]></system-err>
        
    </testcase>
    
    <testcase classname="fastq_groomer (Test #21)" name="20" time="22.222447395324707">
        
            
                <error type="error" message="Tool exit code: None"><![CDATA[
                    { "inputs": {  "input_file": {   "id": "fc0c05fb9c4a4d6e",   "src": "hda"  },  "input_type": "cssanger",  "options_type|force_quality_encoding": "None",  "options_type|options_type_selector": "advanced",  "options_type|output_type": "cssanger",  "options_type|summarize_input": "summarize_input" }, "job": {  "command_line": "gx-fastq-groomer \u0027/galaxy/server/database/objects/6/9/e/dataset_69ef703f-bbbf-4c9b-a1ed-b750855c8a23.dat\u0027 cssanger \u0027/galaxy/server/database/objects/4/8/d/dataset_48d129de-6860-4726-9032-fd7770ae49fc.dat\u0027 cssanger None summarize_input --fix-id",  "command_version": null,  "copied_from_job_id": null,  "create_time": "2026-01-19T13:36:20.847268",  "dependencies": [],  "exit_code": null,  "external_id": "gxy-2v4sf",  "galaxy_version": "24.1",  "handler": null,  "history_id": "4ec94da7f1737f53",  "id": "384c53c13affee58",  "inputs": {   "input_file": {    "id": "fc0c05fb9c4a4d6e",    "src": "hda",    "uuid": "69ef703f-bbbf-4c9b-a1ed-b750855c8a23"   }  },  "job_messages": null,  "job_metrics": [],  "job_runner_name": null,  "job_stderr": null,  "job_stdout": null,  "model_class": "Job",  "output_collections": {},  "outputs": {   "output_file": {    "id": "f5dcec76a9d56ca2",    "src": "hda",    "uuid": "48d129de-6860-4726-9032-fd7770ae49fc"   }  },  "params": {   "__input_ext": "\"input\"",   "chromInfo": "\"/cvmfs/data.galaxyproject.org/managed/len/ucsc/?.len\"",   "dbkey": "\"?\"",   "input_type": "\"cssanger\"",   "options_type": "{\"__current_case__\": 1, \"fix_id\": true, \"force_quality_encoding\": \"None\", \"options_type_selector\": \"advanced\", \"output_type\": \"cssanger\", \"summarize_input\": \"summarize_input\"}"  },  "state": "error",  "stderr": "",  "stdout": "Groomed 2 cssanger reads into cssanger reads.\nBased upon quality and sequence, the input data is valid for: cssanger, cssanger.gz, cssanger.bz2\nInput ASCII range: \u0027!\u0027(33) - \u0027~\u0027(126)\nInput decimal range: 0 - 93\n",  "tool_id": "toolshed.g2.bx.psu.edu/repos/devteam/fastq_groomer/fastq_groomer/1.1.5+galaxy2",  "tool_stderr": "",  "tool_stdout": "Groomed 2 cssanger reads into cssanger reads.\nBased upon quality and sequence, the input data is valid for: cssanger, cssanger.gz, cssanger.bz2\nInput ASCII range: \u0027!\u0027(33) - \u0027~\u0027(126)\nInput decimal range: 0 - 93\n",  "update_time": "2026-01-19T13:36:24.679513",  "user_email": "tests@fake.org" }, "output_problems": [  "Job in error state.. tool_id: toolshed.g2.bx.psu.edu/repos/devteam/fastq_groomer/fastq_groomer/1.1.5+galaxy2, exit_code: None, stderr: ." ], "status": "failure", "test_index": 20, "time_seconds": 22.222447395324707, "tool_id": "fastq_groomer", "tool_version": "1.1.5+galaxy2"}
                ]]></error>
            
            <system-out><![CDATA[
            Groomed 2 cssanger reads into cssanger reads.Based upon quality and sequence, the input data is valid for: cssanger, cssanger.gz, cssanger.bz2Input ASCII range: '!'(33) - '~'(126)Input decimal range: 0 - 93
            ]]></system-out>
            <system-err><![CDATA[
            
            ]]></system-err>
        
    </testcase>
    
    <testcase classname="fastq_groomer (Test #22)" name="21" time="32.569825649261475">
        
            
            <system-out><![CDATA[
            Groomed 2 cssanger reads into sanger reads.Based upon quality and sequence, the input data is valid for: cssanger, cssanger.gz, cssanger.bz2Input ASCII range: '!'(33) - '~'(126)Input decimal range: 0 - 93
            ]]></system-out>
            <system-err><![CDATA[
            
            ]]></system-err>
        
    </testcase>
    
    <testcase classname="fastq_groomer (Test #23)" name="22" time="10.350683450698853">
        
            <error type="error" message="Input staging problem: Traceback (most recent call last):
  File "/opt/hostedtoolcache/Python/3.12.12/x64/lib/python3.12/site-packages/galaxy/tool_util/verify/interactor.py", line 1466, in verify_tool
    stage_data_in_history(
  File "/opt/hostedtoolcache/Python/3.12.12/x64/lib/python3.12/site-packages/galaxy/tool_util/verify/interactor.py", line 175, in stage_data_in_history
    staging_interface.handle_jobs()
  File "/opt/hostedtoolcache/Python/3.12.12/x64/lib/python3.12/site-packages/galaxy/tool_util/verify/interactor.py", line 212, in handle_jobs
    self.galaxy_interactor.wait_for_job(job_response["id"], job_response["history_id"], self.maxseconds)
  File "/opt/hostedtoolcache/Python/3.12.12/x64/lib/python3.12/site-packages/galaxy/tool_util/verify/interactor.py", line 398, in wait_for_job
    self.wait_for(lambda: self.__job_ready(job_id, history_id), maxseconds=maxseconds)
  File "/opt/hostedtoolcache/Python/3.12.12/x64/lib/python3.12/site-packages/galaxy/tool_util/verify/interactor.py", line 402, in wait_for
    wait_on(func, what, walltime_exceeded)
  File "/opt/hostedtoolcache/Python/3.12.12/x64/lib/python3.12/site-packages/galaxy/tool_util/verify/wait.py", line 38, in wait_on
    value = function()
            ^^^^^^^^^^
  File "/opt/hostedtoolcache/Python/3.12.12/x64/lib/python3.12/site-packages/galaxy/tool_util/verify/interactor.py", line 398, in <lambda>
    self.wait_for(lambda: self.__job_ready(job_id, history_id), maxseconds=maxseconds)
                          ^^^^^^^^^^^^^^^^^^^^^^^^^^^^^^^^^^^^
  File "/opt/hostedtoolcache/Python/3.12.12/x64/lib/python3.12/site-packages/galaxy/tool_util/verify/interactor.py", line 751, in __job_ready
    return self._state_ready(job_id, error_msg="Job in error state.")
           ^^^^^^^^^^^^^^^^^^^^^^^^^^^^^^^^^^^^^^^^^^^^^^^^^^^^^^^^^^
  File "/opt/hostedtoolcache/Python/3.12.12/x64/lib/python3.12/site-packages/galaxy/tool_util/verify/interactor.py", line 847, in _state_ready
    raise Exception(
Exception: Job in error state.. tool_id: __DATA_FETCH__, exit_code: None, stderr: .
"><![CDATA[
                { "execution_problem": "Input staging problem: Traceback (most recent call last):\n  File \"/opt/hostedtoolcache/Python/3.12.12/x64/lib/python3.12/site-packages/galaxy/tool_util/verify/interactor.py\", line 1466, in verify_tool\n    stage_data_in_history(\n  File \"/opt/hostedtoolcache/Python/3.12.12/x64/lib/python3.12/site-packages/galaxy/tool_util/verify/interactor.py\", line 175, in stage_data_in_history\n    staging_interface.handle_jobs()\n  File \"/opt/hostedtoolcache/Python/3.12.12/x64/lib/python3.12/site-packages/galaxy/tool_util/verify/interactor.py\", line 212, in handle_jobs\n    self.galaxy_interactor.wait_for_job(job_response[\"id\"], job_response[\"history_id\"], self.maxseconds)\n  File \"/opt/hostedtoolcache/Python/3.12.12/x64/lib/python3.12/site-packages/galaxy/tool_util/verify/interactor.py\", line 398, in wait_for_job\n    self.wait_for(lambda: self.__job_ready(job_id, history_id), maxseconds=maxseconds)\n  File \"/opt/hostedtoolcache/Python/3.12.12/x64/lib/python3.12/site-packages/galaxy/tool_util/verify/interactor.py\", line 402, in wait_for\n    wait_on(func, what, walltime_exceeded)\n  File \"/opt/hostedtoolcache/Python/3.12.12/x64/lib/python3.12/site-packages/galaxy/tool_util/verify/wait.py\", line 38, in wait_on\n    value = function()\n            ^^^^^^^^^^\n  File \"/opt/hostedtoolcache/Python/3.12.12/x64/lib/python3.12/site-packages/galaxy/tool_util/verify/interactor.py\", line 398, in \u003clambda\u003e\n    self.wait_for(lambda: self.__job_ready(job_id, history_id), maxseconds=maxseconds)\n                          ^^^^^^^^^^^^^^^^^^^^^^^^^^^^^^^^^^^^\n  File \"/opt/hostedtoolcache/Python/3.12.12/x64/lib/python3.12/site-packages/galaxy/tool_util/verify/interactor.py\", line 751, in __job_ready\n    return self._state_ready(job_id, error_msg=\"Job in error state.\")\n           ^^^^^^^^^^^^^^^^^^^^^^^^^^^^^^^^^^^^^^^^^^^^^^^^^^^^^^^^^^\n  File \"/opt/hostedtoolcache/Python/3.12.12/x64/lib/python3.12/site-packages/galaxy/tool_util/verify/interactor.py\", line 847, in _state_ready\n    raise Exception(\nException: Job in error state.. tool_id: __DATA_FETCH__, exit_code: None, stderr: .\n", "status": "error", "test_index": 22, "time_seconds": 10.350683450698853, "tool_id": "fastq_groomer", "tool_version": "1.1.5+galaxy2"}
            ]]></error>
        
    </testcase>
    
    <testcase classname="fastq_groomer (Test #24)" name="23" time="32.83527731895447">
        
            
            <system-out><![CDATA[
            Groomed 2 cssanger reads into solexa reads.Converted between Solexa and PHRED scores.Based upon quality and sequence, the input data is valid for: cssanger, cssanger.gz, cssanger.bz2Input ASCII range: '!'(33) - '~'(126)Input decimal range: 0 - 93
            ]]></system-out>
            <system-err><![CDATA[
            
            ]]></system-err>
        
    </testcase>
    
    <testcase classname="fastq_groomer (Test #25)" name="24" time="32.14090037345886">
        
            
            <system-out><![CDATA[
            Groomed 2 cssanger reads into cssanger reads.Based upon quality and sequence, the input data is valid for: cssanger, cssanger.gz, cssanger.bz2Input ASCII range: '!'(33) - '~'(126)Input decimal range: 0 - 93
            ]]></system-out>
            <system-err><![CDATA[
            
            ]]></system-err>
        
    </testcase>
    
    <testcase classname="fastq_groomer (Test #26)" name="25" time="11.019500255584717">
        
            <error type="error" message="Input staging problem: Traceback (most recent call last):
  File "/opt/hostedtoolcache/Python/3.12.12/x64/lib/python3.12/site-packages/galaxy/tool_util/verify/interactor.py", line 1466, in verify_tool
    stage_data_in_history(
  File "/opt/hostedtoolcache/Python/3.12.12/x64/lib/python3.12/site-packages/galaxy/tool_util/verify/interactor.py", line 175, in stage_data_in_history
    staging_interface.handle_jobs()
  File "/opt/hostedtoolcache/Python/3.12.12/x64/lib/python3.12/site-packages/galaxy/tool_util/verify/interactor.py", line 212, in handle_jobs
    self.galaxy_interactor.wait_for_job(job_response["id"], job_response["history_id"], self.maxseconds)
  File "/opt/hostedtoolcache/Python/3.12.12/x64/lib/python3.12/site-packages/galaxy/tool_util/verify/interactor.py", line 398, in wait_for_job
    self.wait_for(lambda: self.__job_ready(job_id, history_id), maxseconds=maxseconds)
  File "/opt/hostedtoolcache/Python/3.12.12/x64/lib/python3.12/site-packages/galaxy/tool_util/verify/interactor.py", line 402, in wait_for
    wait_on(func, what, walltime_exceeded)
  File "/opt/hostedtoolcache/Python/3.12.12/x64/lib/python3.12/site-packages/galaxy/tool_util/verify/wait.py", line 38, in wait_on
    value = function()
            ^^^^^^^^^^
  File "/opt/hostedtoolcache/Python/3.12.12/x64/lib/python3.12/site-packages/galaxy/tool_util/verify/interactor.py", line 398, in <lambda>
    self.wait_for(lambda: self.__job_ready(job_id, history_id), maxseconds=maxseconds)
                          ^^^^^^^^^^^^^^^^^^^^^^^^^^^^^^^^^^^^
  File "/opt/hostedtoolcache/Python/3.12.12/x64/lib/python3.12/site-packages/galaxy/tool_util/verify/interactor.py", line 751, in __job_ready
    return self._state_ready(job_id, error_msg="Job in error state.")
           ^^^^^^^^^^^^^^^^^^^^^^^^^^^^^^^^^^^^^^^^^^^^^^^^^^^^^^^^^^
  File "/opt/hostedtoolcache/Python/3.12.12/x64/lib/python3.12/site-packages/galaxy/tool_util/verify/interactor.py", line 847, in _state_ready
    raise Exception(
Exception: Job in error state.. tool_id: __DATA_FETCH__, exit_code: None, stderr: .
"><![CDATA[
                { "execution_problem": "Input staging problem: Traceback (most recent call last):\n  File \"/opt/hostedtoolcache/Python/3.12.12/x64/lib/python3.12/site-packages/galaxy/tool_util/verify/interactor.py\", line 1466, in verify_tool\n    stage_data_in_history(\n  File \"/opt/hostedtoolcache/Python/3.12.12/x64/lib/python3.12/site-packages/galaxy/tool_util/verify/interactor.py\", line 175, in stage_data_in_history\n    staging_interface.handle_jobs()\n  File \"/opt/hostedtoolcache/Python/3.12.12/x64/lib/python3.12/site-packages/galaxy/tool_util/verify/interactor.py\", line 212, in handle_jobs\n    self.galaxy_interactor.wait_for_job(job_response[\"id\"], job_response[\"history_id\"], self.maxseconds)\n  File \"/opt/hostedtoolcache/Python/3.12.12/x64/lib/python3.12/site-packages/galaxy/tool_util/verify/interactor.py\", line 398, in wait_for_job\n    self.wait_for(lambda: self.__job_ready(job_id, history_id), maxseconds=maxseconds)\n  File \"/opt/hostedtoolcache/Python/3.12.12/x64/lib/python3.12/site-packages/galaxy/tool_util/verify/interactor.py\", line 402, in wait_for\n    wait_on(func, what, walltime_exceeded)\n  File \"/opt/hostedtoolcache/Python/3.12.12/x64/lib/python3.12/site-packages/galaxy/tool_util/verify/wait.py\", line 38, in wait_on\n    value = function()\n            ^^^^^^^^^^\n  File \"/opt/hostedtoolcache/Python/3.12.12/x64/lib/python3.12/site-packages/galaxy/tool_util/verify/interactor.py\", line 398, in \u003clambda\u003e\n    self.wait_for(lambda: self.__job_ready(job_id, history_id), maxseconds=maxseconds)\n                          ^^^^^^^^^^^^^^^^^^^^^^^^^^^^^^^^^^^^\n  File \"/opt/hostedtoolcache/Python/3.12.12/x64/lib/python3.12/site-packages/galaxy/tool_util/verify/interactor.py\", line 751, in __job_ready\n    return self._state_ready(job_id, error_msg=\"Job in error state.\")\n           ^^^^^^^^^^^^^^^^^^^^^^^^^^^^^^^^^^^^^^^^^^^^^^^^^^^^^^^^^^\n  File \"/opt/hostedtoolcache/Python/3.12.12/x64/lib/python3.12/site-packages/galaxy/tool_util/verify/interactor.py\", line 847, in _state_ready\n    raise Exception(\nException: Job in error state.. tool_id: __DATA_FETCH__, exit_code: None, stderr: .\n", "status": "error", "test_index": 25, "time_seconds": 11.019500255584717, "tool_id": "fastq_groomer", "tool_version": "1.1.5+galaxy2"}
            ]]></error>
        
    </testcase>
    
    <testcase classname="fastq_groomer (Test #27)" name="26" time="31.682884216308594">
        
            
            <system-out><![CDATA[
            Groomed 3 sanger reads into illumina reads.Based upon quality and sequence, the input data is valid for: sanger, sanger.gz, sanger.bz2Input ASCII range: '"'(34) - 'F'(70)Input decimal range: 1 - 37
            ]]></system-out>
            <system-err><![CDATA[
            
            ]]></system-err>
        
    </testcase>
    
    <testcase classname="fastq_groomer (Test #28)" name="27" time="31.48961353302002">
        
            
            <system-out><![CDATA[
            Groomed 3 sanger reads into solexa reads.Converted between Solexa and PHRED scores.Based upon quality and sequence, the input data is valid for: sanger, sanger.gz, sanger.bz2Input ASCII range: '"'(34) - 'F'(70)Input decimal range: 1 - 37
            ]]></system-out>
            <system-err><![CDATA[
            
            ]]></system-err>
        
    </testcase>
    
    <testcase classname="fastq_groomer (Test #29)" name="28" time="11.36238980293274">
        
            <error type="error" message="Input staging problem: Traceback (most recent call last):
  File "/opt/hostedtoolcache/Python/3.12.12/x64/lib/python3.12/site-packages/galaxy/tool_util/verify/interactor.py", line 1466, in verify_tool
    stage_data_in_history(
  File "/opt/hostedtoolcache/Python/3.12.12/x64/lib/python3.12/site-packages/galaxy/tool_util/verify/interactor.py", line 175, in stage_data_in_history
    staging_interface.handle_jobs()
  File "/opt/hostedtoolcache/Python/3.12.12/x64/lib/python3.12/site-packages/galaxy/tool_util/verify/interactor.py", line 212, in handle_jobs
    self.galaxy_interactor.wait_for_job(job_response["id"], job_response["history_id"], self.maxseconds)
  File "/opt/hostedtoolcache/Python/3.12.12/x64/lib/python3.12/site-packages/galaxy/tool_util/verify/interactor.py", line 398, in wait_for_job
    self.wait_for(lambda: self.__job_ready(job_id, history_id), maxseconds=maxseconds)
  File "/opt/hostedtoolcache/Python/3.12.12/x64/lib/python3.12/site-packages/galaxy/tool_util/verify/interactor.py", line 402, in wait_for
    wait_on(func, what, walltime_exceeded)
  File "/opt/hostedtoolcache/Python/3.12.12/x64/lib/python3.12/site-packages/galaxy/tool_util/verify/wait.py", line 38, in wait_on
    value = function()
            ^^^^^^^^^^
  File "/opt/hostedtoolcache/Python/3.12.12/x64/lib/python3.12/site-packages/galaxy/tool_util/verify/interactor.py", line 398, in <lambda>
    self.wait_for(lambda: self.__job_ready(job_id, history_id), maxseconds=maxseconds)
                          ^^^^^^^^^^^^^^^^^^^^^^^^^^^^^^^^^^^^
  File "/opt/hostedtoolcache/Python/3.12.12/x64/lib/python3.12/site-packages/galaxy/tool_util/verify/interactor.py", line 751, in __job_ready
    return self._state_ready(job_id, error_msg="Job in error state.")
           ^^^^^^^^^^^^^^^^^^^^^^^^^^^^^^^^^^^^^^^^^^^^^^^^^^^^^^^^^^
  File "/opt/hostedtoolcache/Python/3.12.12/x64/lib/python3.12/site-packages/galaxy/tool_util/verify/interactor.py", line 847, in _state_ready
    raise Exception(
Exception: Job in error state.. tool_id: __DATA_FETCH__, exit_code: None, stderr: .
"><![CDATA[
                { "execution_problem": "Input staging problem: Traceback (most recent call last):\n  File \"/opt/hostedtoolcache/Python/3.12.12/x64/lib/python3.12/site-packages/galaxy/tool_util/verify/interactor.py\", line 1466, in verify_tool\n    stage_data_in_history(\n  File \"/opt/hostedtoolcache/Python/3.12.12/x64/lib/python3.12/site-packages/galaxy/tool_util/verify/interactor.py\", line 175, in stage_data_in_history\n    staging_interface.handle_jobs()\n  File \"/opt/hostedtoolcache/Python/3.12.12/x64/lib/python3.12/site-packages/galaxy/tool_util/verify/interactor.py\", line 212, in handle_jobs\n    self.galaxy_interactor.wait_for_job(job_response[\"id\"], job_response[\"history_id\"], self.maxseconds)\n  File \"/opt/hostedtoolcache/Python/3.12.12/x64/lib/python3.12/site-packages/galaxy/tool_util/verify/interactor.py\", line 398, in wait_for_job\n    self.wait_for(lambda: self.__job_ready(job_id, history_id), maxseconds=maxseconds)\n  File \"/opt/hostedtoolcache/Python/3.12.12/x64/lib/python3.12/site-packages/galaxy/tool_util/verify/interactor.py\", line 402, in wait_for\n    wait_on(func, what, walltime_exceeded)\n  File \"/opt/hostedtoolcache/Python/3.12.12/x64/lib/python3.12/site-packages/galaxy/tool_util/verify/wait.py\", line 38, in wait_on\n    value = function()\n            ^^^^^^^^^^\n  File \"/opt/hostedtoolcache/Python/3.12.12/x64/lib/python3.12/site-packages/galaxy/tool_util/verify/interactor.py\", line 398, in \u003clambda\u003e\n    self.wait_for(lambda: self.__job_ready(job_id, history_id), maxseconds=maxseconds)\n                          ^^^^^^^^^^^^^^^^^^^^^^^^^^^^^^^^^^^^\n  File \"/opt/hostedtoolcache/Python/3.12.12/x64/lib/python3.12/site-packages/galaxy/tool_util/verify/interactor.py\", line 751, in __job_ready\n    return self._state_ready(job_id, error_msg=\"Job in error state.\")\n           ^^^^^^^^^^^^^^^^^^^^^^^^^^^^^^^^^^^^^^^^^^^^^^^^^^^^^^^^^^\n  File \"/opt/hostedtoolcache/Python/3.12.12/x64/lib/python3.12/site-packages/galaxy/tool_util/verify/interactor.py\", line 847, in _state_ready\n    raise Exception(\nException: Job in error state.. tool_id: __DATA_FETCH__, exit_code: None, stderr: .\n", "status": "error", "test_index": 28, "time_seconds": 11.36238980293274, "tool_id": "fastq_groomer", "tool_version": "1.1.5+galaxy2"}
            ]]></error>
        
    </testcase>
    
    <testcase classname="fastq_groomer (Test #30)" name="29" time="32.01420831680298">
        
            
            <system-out><![CDATA[
            Groomed 2 sanger reads into sanger reads.Based upon quality and sequence, the input data is valid for: sanger, sanger.gz, sanger.bz2Input ASCII range: '!'(33) - '~'(126)Input decimal range: 0 - 93
            ]]></system-out>
            <system-err><![CDATA[
            
            ]]></system-err>
        
    </testcase>
    
    <testcase classname="fastq_groomer (Test #4)" name="3" time="13.082876920700073">
        
            <error type="error" message="Input staging problem: Traceback (most recent call last):
  File "/opt/hostedtoolcache/Python/3.12.12/x64/lib/python3.12/site-packages/galaxy/tool_util/verify/interactor.py", line 1466, in verify_tool
    stage_data_in_history(
  File "/opt/hostedtoolcache/Python/3.12.12/x64/lib/python3.12/site-packages/galaxy/tool_util/verify/interactor.py", line 175, in stage_data_in_history
    staging_interface.handle_jobs()
  File "/opt/hostedtoolcache/Python/3.12.12/x64/lib/python3.12/site-packages/galaxy/tool_util/verify/interactor.py", line 212, in handle_jobs
    self.galaxy_interactor.wait_for_job(job_response["id"], job_response["history_id"], self.maxseconds)
  File "/opt/hostedtoolcache/Python/3.12.12/x64/lib/python3.12/site-packages/galaxy/tool_util/verify/interactor.py", line 398, in wait_for_job
    self.wait_for(lambda: self.__job_ready(job_id, history_id), maxseconds=maxseconds)
  File "/opt/hostedtoolcache/Python/3.12.12/x64/lib/python3.12/site-packages/galaxy/tool_util/verify/interactor.py", line 402, in wait_for
    wait_on(func, what, walltime_exceeded)
  File "/opt/hostedtoolcache/Python/3.12.12/x64/lib/python3.12/site-packages/galaxy/tool_util/verify/wait.py", line 38, in wait_on
    value = function()
            ^^^^^^^^^^
  File "/opt/hostedtoolcache/Python/3.12.12/x64/lib/python3.12/site-packages/galaxy/tool_util/verify/interactor.py", line 398, in <lambda>
    self.wait_for(lambda: self.__job_ready(job_id, history_id), maxseconds=maxseconds)
                          ^^^^^^^^^^^^^^^^^^^^^^^^^^^^^^^^^^^^
  File "/opt/hostedtoolcache/Python/3.12.12/x64/lib/python3.12/site-packages/galaxy/tool_util/verify/interactor.py", line 751, in __job_ready
    return self._state_ready(job_id, error_msg="Job in error state.")
           ^^^^^^^^^^^^^^^^^^^^^^^^^^^^^^^^^^^^^^^^^^^^^^^^^^^^^^^^^^
  File "/opt/hostedtoolcache/Python/3.12.12/x64/lib/python3.12/site-packages/galaxy/tool_util/verify/interactor.py", line 847, in _state_ready
    raise Exception(
Exception: Job in error state.. tool_id: __DATA_FETCH__, exit_code: None, stderr: .
"><![CDATA[
                { "execution_problem": "Input staging problem: Traceback (most recent call last):\n  File \"/opt/hostedtoolcache/Python/3.12.12/x64/lib/python3.12/site-packages/galaxy/tool_util/verify/interactor.py\", line 1466, in verify_tool\n    stage_data_in_history(\n  File \"/opt/hostedtoolcache/Python/3.12.12/x64/lib/python3.12/site-packages/galaxy/tool_util/verify/interactor.py\", line 175, in stage_data_in_history\n    staging_interface.handle_jobs()\n  File \"/opt/hostedtoolcache/Python/3.12.12/x64/lib/python3.12/site-packages/galaxy/tool_util/verify/interactor.py\", line 212, in handle_jobs\n    self.galaxy_interactor.wait_for_job(job_response[\"id\"], job_response[\"history_id\"], self.maxseconds)\n  File \"/opt/hostedtoolcache/Python/3.12.12/x64/lib/python3.12/site-packages/galaxy/tool_util/verify/interactor.py\", line 398, in wait_for_job\n    self.wait_for(lambda: self.__job_ready(job_id, history_id), maxseconds=maxseconds)\n  File \"/opt/hostedtoolcache/Python/3.12.12/x64/lib/python3.12/site-packages/galaxy/tool_util/verify/interactor.py\", line 402, in wait_for\n    wait_on(func, what, walltime_exceeded)\n  File \"/opt/hostedtoolcache/Python/3.12.12/x64/lib/python3.12/site-packages/galaxy/tool_util/verify/wait.py\", line 38, in wait_on\n    value = function()\n            ^^^^^^^^^^\n  File \"/opt/hostedtoolcache/Python/3.12.12/x64/lib/python3.12/site-packages/galaxy/tool_util/verify/interactor.py\", line 398, in \u003clambda\u003e\n    self.wait_for(lambda: self.__job_ready(job_id, history_id), maxseconds=maxseconds)\n                          ^^^^^^^^^^^^^^^^^^^^^^^^^^^^^^^^^^^^\n  File \"/opt/hostedtoolcache/Python/3.12.12/x64/lib/python3.12/site-packages/galaxy/tool_util/verify/interactor.py\", line 751, in __job_ready\n    return self._state_ready(job_id, error_msg=\"Job in error state.\")\n           ^^^^^^^^^^^^^^^^^^^^^^^^^^^^^^^^^^^^^^^^^^^^^^^^^^^^^^^^^^\n  File \"/opt/hostedtoolcache/Python/3.12.12/x64/lib/python3.12/site-packages/galaxy/tool_util/verify/interactor.py\", line 847, in _state_ready\n    raise Exception(\nException: Job in error state.. tool_id: __DATA_FETCH__, exit_code: None, stderr: .\n", "status": "error", "test_index": 3, "time_seconds": 13.082876920700073, "tool_id": "fastq_groomer", "tool_version": "1.1.5+galaxy2"}
            ]]></error>
        
    </testcase>
    
    <testcase classname="fastq_groomer (Test #31)" name="30" time="32.320950508117676">
        
            
            <system-out><![CDATA[
            Groomed 2 sanger reads into sanger reads.Based upon quality and sequence, the input data is valid for: sanger, sanger.gz, sanger.bz2Input ASCII range: '!'(33) - '~'(126)Input decimal range: 0 - 93
            ]]></system-out>
            <system-err><![CDATA[
            
            ]]></system-err>
        
    </testcase>
    
    <testcase classname="fastq_groomer (Test #32)" name="31" time="31.823761224746704">
        
            
            <system-out><![CDATA[
            Groomed 2 solexa reads into solexa reads.Based upon quality and sequence, the input data is valid for: solexa, solexa.gz, solexa.bz2, sanger, sanger.gz, sanger.bz2Input ASCII range: ';'(59) - '~'(126)Input decimal range: -5 - 62
            ]]></system-out>
            <system-err><![CDATA[
            
            ]]></system-err>
        
    </testcase>
    
    <testcase classname="fastq_groomer (Test #33)" name="32" time="32.32975792884827">
        
            
            <system-out><![CDATA[
            Groomed 2 solexa reads into solexa reads.Based upon quality and sequence, the input data is valid for: solexa, solexa.gz, solexa.bz2, sanger, sanger.gz, sanger.bz2Input ASCII range: ';'(59) - '~'(126)Input decimal range: -5 - 62
            ]]></system-out>
            <system-err><![CDATA[
            
            ]]></system-err>
        
    </testcase>
    
    <testcase classname="fastq_groomer (Test #34)" name="33" time="23.621311902999878">
        
            
                <error type="error" message="Tool exit code: None"><![CDATA[
                    { "inputs": {  "input_file": {   "id": "3ee24c11afa95b3b",   "src": "hda"  },  "input_type": "sanger",  "options_type|options_type_selector": "basic" }, "job": {  "command_line": "gx-fastq-groomer \u0027/galaxy/server/database/objects/e/6/8/dataset_e6811214-f947-4b06-b189-b47301c82e36.dat\u0027 sanger.gz \u0027/galaxy/server/database/objects/5/2/a/dataset_52ad7cf1-cea6-4818-ab19-d419e81d8348.dat\u0027 sanger ascii summarize_input",  "command_version": null,  "copied_from_job_id": null,  "create_time": "2026-01-19T13:42:06.156838",  "dependencies": [],  "exit_code": null,  "external_id": "gxy-442v4",  "galaxy_version": "24.1",  "handler": null,  "history_id": "4ec94da7f1737f53",  "id": "f5e3c09ce2fcad68",  "inputs": {   "input_file": {    "id": "3ee24c11afa95b3b",    "src": "hda",    "uuid": "e6811214-f947-4b06-b189-b47301c82e36"   }  },  "job_messages": null,  "job_metrics": [],  "job_runner_name": null,  "job_stderr": null,  "job_stdout": null,  "model_class": "Job",  "output_collections": {},  "outputs": {   "output_file": {    "id": "502e314e455ae037",    "src": "hda",    "uuid": "52ad7cf1-cea6-4818-ab19-d419e81d8348"   }  },  "params": {   "__input_ext": "\"input\"",   "chromInfo": "\"/cvmfs/data.galaxyproject.org/managed/len/ucsc/?.len\"",   "dbkey": "\"?\"",   "input_type": "\"sanger\"",   "options_type": "{\"__current_case__\": 0, \"options_type_selector\": \"basic\"}"  },  "state": "error",  "stderr": "",  "stdout": "Groomed 2 sanger.gz reads into sanger reads.\nBased upon quality and sequence, the input data is valid for: sanger, sanger.gz, sanger.bz2\nInput ASCII range: \u0027!\u0027(33) - \u0027~\u0027(126)\nInput decimal range: 0 - 93\n",  "tool_id": "toolshed.g2.bx.psu.edu/repos/devteam/fastq_groomer/fastq_groomer/1.1.5+galaxy2",  "tool_stderr": "",  "tool_stdout": "Groomed 2 sanger.gz reads into sanger reads.\nBased upon quality and sequence, the input data is valid for: sanger, sanger.gz, sanger.bz2\nInput ASCII range: \u0027!\u0027(33) - \u0027~\u0027(126)\nInput decimal range: 0 - 93\n",  "update_time": "2026-01-19T13:42:10.767326",  "user_email": "tests@fake.org" }, "output_problems": [  "Job in error state.. tool_id: toolshed.g2.bx.psu.edu/repos/devteam/fastq_groomer/fastq_groomer/1.1.5+galaxy2, exit_code: None, stderr: ." ], "status": "failure", "test_index": 33, "time_seconds": 23.621311902999878, "tool_id": "fastq_groomer", "tool_version": "1.1.5+galaxy2"}
                ]]></error>
            
            <system-out><![CDATA[
            Groomed 2 sanger.gz reads into sanger reads.Based upon quality and sequence, the input data is valid for: sanger, sanger.gz, sanger.bz2Input ASCII range: '!'(33) - '~'(126)Input decimal range: 0 - 93
            ]]></system-out>
            <system-err><![CDATA[
            
            ]]></system-err>
        
    </testcase>
    
    <testcase classname="fastq_groomer (Test #35)" name="34" time="12.289710760116577">
        
            <error type="error" message="Input staging problem: Traceback (most recent call last):
  File "/opt/hostedtoolcache/Python/3.12.12/x64/lib/python3.12/site-packages/galaxy/tool_util/verify/interactor.py", line 1466, in verify_tool
    stage_data_in_history(
  File "/opt/hostedtoolcache/Python/3.12.12/x64/lib/python3.12/site-packages/galaxy/tool_util/verify/interactor.py", line 175, in stage_data_in_history
    staging_interface.handle_jobs()
  File "/opt/hostedtoolcache/Python/3.12.12/x64/lib/python3.12/site-packages/galaxy/tool_util/verify/interactor.py", line 212, in handle_jobs
    self.galaxy_interactor.wait_for_job(job_response["id"], job_response["history_id"], self.maxseconds)
  File "/opt/hostedtoolcache/Python/3.12.12/x64/lib/python3.12/site-packages/galaxy/tool_util/verify/interactor.py", line 398, in wait_for_job
    self.wait_for(lambda: self.__job_ready(job_id, history_id), maxseconds=maxseconds)
  File "/opt/hostedtoolcache/Python/3.12.12/x64/lib/python3.12/site-packages/galaxy/tool_util/verify/interactor.py", line 402, in wait_for
    wait_on(func, what, walltime_exceeded)
  File "/opt/hostedtoolcache/Python/3.12.12/x64/lib/python3.12/site-packages/galaxy/tool_util/verify/wait.py", line 38, in wait_on
    value = function()
            ^^^^^^^^^^
  File "/opt/hostedtoolcache/Python/3.12.12/x64/lib/python3.12/site-packages/galaxy/tool_util/verify/interactor.py", line 398, in <lambda>
    self.wait_for(lambda: self.__job_ready(job_id, history_id), maxseconds=maxseconds)
                          ^^^^^^^^^^^^^^^^^^^^^^^^^^^^^^^^^^^^
  File "/opt/hostedtoolcache/Python/3.12.12/x64/lib/python3.12/site-packages/galaxy/tool_util/verify/interactor.py", line 751, in __job_ready
    return self._state_ready(job_id, error_msg="Job in error state.")
           ^^^^^^^^^^^^^^^^^^^^^^^^^^^^^^^^^^^^^^^^^^^^^^^^^^^^^^^^^^
  File "/opt/hostedtoolcache/Python/3.12.12/x64/lib/python3.12/site-packages/galaxy/tool_util/verify/interactor.py", line 847, in _state_ready
    raise Exception(
Exception: Job in error state.. tool_id: __DATA_FETCH__, exit_code: None, stderr: .
"><![CDATA[
                { "execution_problem": "Input staging problem: Traceback (most recent call last):\n  File \"/opt/hostedtoolcache/Python/3.12.12/x64/lib/python3.12/site-packages/galaxy/tool_util/verify/interactor.py\", line 1466, in verify_tool\n    stage_data_in_history(\n  File \"/opt/hostedtoolcache/Python/3.12.12/x64/lib/python3.12/site-packages/galaxy/tool_util/verify/interactor.py\", line 175, in stage_data_in_history\n    staging_interface.handle_jobs()\n  File \"/opt/hostedtoolcache/Python/3.12.12/x64/lib/python3.12/site-packages/galaxy/tool_util/verify/interactor.py\", line 212, in handle_jobs\n    self.galaxy_interactor.wait_for_job(job_response[\"id\"], job_response[\"history_id\"], self.maxseconds)\n  File \"/opt/hostedtoolcache/Python/3.12.12/x64/lib/python3.12/site-packages/galaxy/tool_util/verify/interactor.py\", line 398, in wait_for_job\n    self.wait_for(lambda: self.__job_ready(job_id, history_id), maxseconds=maxseconds)\n  File \"/opt/hostedtoolcache/Python/3.12.12/x64/lib/python3.12/site-packages/galaxy/tool_util/verify/interactor.py\", line 402, in wait_for\n    wait_on(func, what, walltime_exceeded)\n  File \"/opt/hostedtoolcache/Python/3.12.12/x64/lib/python3.12/site-packages/galaxy/tool_util/verify/wait.py\", line 38, in wait_on\n    value = function()\n            ^^^^^^^^^^\n  File \"/opt/hostedtoolcache/Python/3.12.12/x64/lib/python3.12/site-packages/galaxy/tool_util/verify/interactor.py\", line 398, in \u003clambda\u003e\n    self.wait_for(lambda: self.__job_ready(job_id, history_id), maxseconds=maxseconds)\n                          ^^^^^^^^^^^^^^^^^^^^^^^^^^^^^^^^^^^^\n  File \"/opt/hostedtoolcache/Python/3.12.12/x64/lib/python3.12/site-packages/galaxy/tool_util/verify/interactor.py\", line 751, in __job_ready\n    return self._state_ready(job_id, error_msg=\"Job in error state.\")\n           ^^^^^^^^^^^^^^^^^^^^^^^^^^^^^^^^^^^^^^^^^^^^^^^^^^^^^^^^^^\n  File \"/opt/hostedtoolcache/Python/3.12.12/x64/lib/python3.12/site-packages/galaxy/tool_util/verify/interactor.py\", line 847, in _state_ready\n    raise Exception(\nException: Job in error state.. tool_id: __DATA_FETCH__, exit_code: None, stderr: .\n", "status": "error", "test_index": 34, "time_seconds": 12.289710760116577, "tool_id": "fastq_groomer", "tool_version": "1.1.5+galaxy2"}
            ]]></error>
        
    </testcase>
    
    <testcase classname="fastq_groomer (Test #5)" name="4" time="30.59301209449768">
        
            
            <system-out><![CDATA[
            Groomed 2 cssanger reads into cssanger reads.Based upon quality and sequence, the input data is valid for: cssanger, cssanger.gz, cssanger.bz2Input ASCII range: '!'(33) - '~'(126)Input decimal range: 0 - 93
            ]]></system-out>
            <system-err><![CDATA[
            
            ]]></system-err>
        
    </testcase>
    
    <testcase classname="fastq_groomer (Test #6)" name="5" time="31.59059500694275">
        
            
            <system-out><![CDATA[
            Groomed 2 illumina reads into sanger reads.Based upon quality and sequence, the input data is valid for: illumina, illumina.gz, illumina.bz2, solexa, solexa.gz, solexa.bz2, sanger, sanger.gz, sanger.bz2Input ASCII range: '@'(64) - '~'(126)Input decimal range: 0 - 62
            ]]></system-out>
            <system-err><![CDATA[
            
            ]]></system-err>
        
    </testcase>
    
    <testcase classname="fastq_groomer (Test #7)" name="6" time="31.30482578277588">
        
            
            <system-out><![CDATA[
            Groomed 2 solexa reads into sanger reads.Converted between Solexa and PHRED scores.Based upon quality and sequence, the input data is valid for: solexa, solexa.gz, solexa.bz2, sanger, sanger.gz, sanger.bz2Input ASCII range: ';'(59) - '~'(126)Input decimal range: -5 - 62
            ]]></system-out>
            <system-err><![CDATA[
            
            ]]></system-err>
        
    </testcase>
    
    <testcase classname="fastq_groomer (Test #8)" name="7" time="31.417103052139282">
        
            
            <system-out><![CDATA[
            Groomed 2 sanger reads into sanger reads.Based upon quality and sequence, the input data is valid for: illumina, illumina.gz, illumina.bz2, solexa, solexa.gz, solexa.bz2, sanger, sanger.gz, sanger.bz2Input ASCII range: '@'(64) - '~'(126)Input decimal range: 31 - 93
            ]]></system-out>
            <system-err><![CDATA[
            
            ]]></system-err>
        
    </testcase>
    
    <testcase classname="fastq_groomer (Test #9)" name="8" time="25.354187488555908">
        
            
                <error type="error" message="Tool exit code: None"><![CDATA[
                    { "inputs": {  "input_file": {   "id": "12a257ef46c7a2a2",   "src": "hda"  },  "input_type": "illumina",  "options_type|force_quality_encoding": "None",  "options_type|options_type_selector": "advanced",  "options_type|output_type": "illumina",  "options_type|summarize_input": "summarize_input" }, "job": {  "command_line": "gx-fastq-groomer \u0027/galaxy/server/database/objects/3/b/2/dataset_3b2492eb-901c-4a48-900c-a8779508fbfc.dat\u0027 illumina \u0027/galaxy/server/database/objects/3/2/0/dataset_320f8548-2977-4cb4-8243-6f24f8b352f4.dat\u0027 illumina None summarize_input --fix-id",  "command_version": null,  "copied_from_job_id": null,  "create_time": "2026-01-19T13:30:47.790915",  "dependencies": [],  "exit_code": null,  "external_id": "gxy-ttvcr",  "galaxy_version": "24.1",  "handler": null,  "history_id": "4ec94da7f1737f53",  "id": "d3f18d6c62085bee",  "inputs": {   "input_file": {    "id": "12a257ef46c7a2a2",    "src": "hda",    "uuid": "3b2492eb-901c-4a48-900c-a8779508fbfc"   }  },  "job_messages": null,  "job_metrics": [],  "job_runner_name": null,  "job_stderr": null,  "job_stdout": null,  "model_class": "Job",  "output_collections": {},  "outputs": {   "output_file": {    "id": "15118d72e3c83680",    "src": "hda",    "uuid": "320f8548-2977-4cb4-8243-6f24f8b352f4"   }  },  "params": {   "__input_ext": "\"input\"",   "chromInfo": "\"/cvmfs/data.galaxyproject.org/managed/len/ucsc/?.len\"",   "dbkey": "\"?\"",   "input_type": "\"illumina\"",   "options_type": "{\"__current_case__\": 1, \"fix_id\": true, \"force_quality_encoding\": \"None\", \"options_type_selector\": \"advanced\", \"output_type\": \"illumina\", \"summarize_input\": \"summarize_input\"}"  },  "state": "error",  "stderr": "",  "stdout": "Groomed 2 illumina reads into illumina reads.\nBased upon quality and sequence, the input data is valid for: illumina, illumina.gz, illumina.bz2, solexa, solexa.gz, solexa.bz2, sanger, sanger.gz, sanger.bz2\nInput ASCII range: \u0027@\u0027(64) - \u0027~\u0027(126)\nInput decimal range: 0 - 62\n",  "tool_id": "toolshed.g2.bx.psu.edu/repos/devteam/fastq_groomer/fastq_groomer/1.1.5+galaxy2",  "tool_stderr": "",  "tool_stdout": "Groomed 2 illumina reads into illumina reads.\nBased upon quality and sequence, the input data is valid for: illumina, illumina.gz, illumina.bz2, solexa, solexa.gz, solexa.bz2, sanger, sanger.gz, sanger.bz2\nInput ASCII range: \u0027@\u0027(64) - \u0027~\u0027(126)\nInput decimal range: 0 - 62\n",  "update_time": "2026-01-19T13:30:54.139994",  "user_email": "tests@fake.org" }, "output_problems": [  "Job in error state.. tool_id: toolshed.g2.bx.psu.edu/repos/devteam/fastq_groomer/fastq_groomer/1.1.5+galaxy2, exit_code: None, stderr: ." ], "status": "failure", "test_index": 8, "time_seconds": 25.354187488555908, "tool_id": "fastq_groomer", "tool_version": "1.1.5+galaxy2"}
                ]]></error>
            
            <system-out><![CDATA[
            Groomed 2 illumina reads into illumina reads.Based upon quality and sequence, the input data is valid for: illumina, illumina.gz, illumina.bz2, solexa, solexa.gz, solexa.bz2, sanger, sanger.gz, sanger.bz2Input ASCII range: '@'(64) - '~'(126)Input decimal range: 0 - 62
            ]]></system-out>
            <system-err><![CDATA[
            
            ]]></system-err>
        
    </testcase>
    
    <testcase classname="fastq_groomer (Test #10)" name="9" time="31.659621953964233">
        
            
            <system-out><![CDATA[
            Groomed 2 illumina reads into sanger reads.Based upon quality and sequence, the input data is valid for: illumina, illumina.gz, illumina.bz2, solexa, solexa.gz, solexa.bz2, sanger, sanger.gz, sanger.bz2Input ASCII range: '@'(64) - '~'(126)Input decimal range: 0 - 62
            ]]></system-out>
            <system-err><![CDATA[
            
            ]]></system-err>
        
    </testcase>
    
    <testcase classname="ncbi_acc_download (Test #1)" name="0" time="149.06962394714355">
        
            
            <system-out><![CDATA[
            
            ]]></system-out>
            <system-err><![CDATA[
            
            ]]></system-err>
        
    </testcase>
    
    <testcase classname="ncbi_acc_download (Test #2)" name="1" time="37.53903269767761">
        
            
            <system-out><![CDATA[
            
            ]]></system-out>
            <system-err><![CDATA[
            
            ]]></system-err>
        
    </testcase>
    
    <testcase classname="ncbi_acc_download (Test #11)" name="10" time="15.00993299484253">
        
            
            <system-out><![CDATA[
            
            ]]></system-out>
            <system-err><![CDATA[
            
            ]]></system-err>
        
    </testcase>
    
    <testcase classname="ncbi_acc_download (Test #3)" name="2" time="38.73237872123718">
        
            
            <system-out><![CDATA[
            
            ]]></system-out>
            <system-err><![CDATA[
            
            ]]></system-err>
        
    </testcase>
    
    <testcase classname="ncbi_acc_download (Test #4)" name="3" time="38.30797028541565">
        
            
            <system-out><![CDATA[
            
            ]]></system-out>
            <system-err><![CDATA[
            
            ]]></system-err>
        
    </testcase>
    
    <testcase classname="ncbi_acc_download (Test #5)" name="4" time="18.98715901374817">
        
            
            <system-out><![CDATA[
            
            ]]></system-out>
            <system-err><![CDATA[
            
            ]]></system-err>
        
    </testcase>
    
    <testcase classname="ncbi_acc_download (Test #6)" name="5" time="21.704450845718384">
        
            
            <system-out><![CDATA[
            
            ]]></system-out>
            <system-err><![CDATA[
            ERROR:root:no seqSequence(s) downloaded for CP0XXXXX failed to load.
            ]]></system-err>
        
    </testcase>
    
    <testcase classname="ncbi_acc_download (Test #7)" name="6" time="16.216245889663696">
        
            
            <system-out><![CDATA[
            
            ]]></system-out>
            <system-err><![CDATA[
            ERROR:root:no seqSequence(s) downloaded for CP0XXXXX failed to load.
            ]]></system-err>
        
    </testcase>
    
    <testcase classname="ncbi_acc_download (Test #8)" name="7" time="17.250202655792236">
        
            
            <system-out><![CDATA[
            
            ]]></system-out>
            <system-err><![CDATA[
            ERROR:root:no seqSequence(s) downloaded for CP0XXXXX failed to load.
            ]]></system-err>
        
    </testcase>
    
    <testcase classname="ncbi_acc_download (Test #9)" name="8" time="19.49353265762329">
        
            
            <system-out><![CDATA[
            
            ]]></system-out>
            <system-err><![CDATA[
            
            ]]></system-err>
        
    </testcase>
    
    <testcase classname="ncbi_acc_download (Test #10)" name="9" time="16.654760122299194">
        
            
            <system-out><![CDATA[
            
            ]]></system-out>
            <system-err><![CDATA[
            
            ]]></system-err>
        
    </testcase>
    
    <testcase classname="poretools_winner (Test #1)" name="0" time="49.800047397613525">
        
            
                <error type="error" message="Tool exit code: None"><![CDATA[
                    { "inputs": {  "input": {   "id": "ca3f1142c601cb48",   "src": "hda"  },  "type": "fwd" }, "job": {  "command_line": "poretools winner --type fwd \u0027/galaxy/server/database/objects/8/f/1/dataset_8f19811d-e18f-4f56-8e2b-9a3d1f15ade9.dat\u0027 \u003e \u0027/galaxy/server/database/objects/7/2/4/dataset_7248ddf7-4aa1-4a88-92c5-4fa8c9e377b2.dat\u0027",  "command_version": null,  "copied_from_job_id": null,  "create_time": "2026-01-19T13:51:46.581247",  "dependencies": [],  "exit_code": null,  "external_id": "gxy-glhv2",  "galaxy_version": "24.1",  "handler": null,  "history_id": "4ec94da7f1737f53",  "id": "010512031475da6a",  "inputs": {   "input": {    "id": "ca3f1142c601cb48",    "src": "hda",    "uuid": "8f19811d-e18f-4f56-8e2b-9a3d1f15ade9"   }  },  "job_messages": null,  "job_metrics": [],  "job_runner_name": null,  "job_stderr": null,  "job_stdout": null,  "model_class": "Job",  "output_collections": {},  "outputs": {   "output": {    "id": "4fab2fe2c42def36",    "src": "hda",    "uuid": "7248ddf7-4aa1-4a88-92c5-4fa8c9e377b2"   }  },  "params": {   "__input_ext": "\"input\"",   "chromInfo": "\"/cvmfs/data.galaxyproject.org/managed/len/ucsc/?.len\"",   "dbkey": "\"?\"",   "type": "\"fwd\""  },  "state": "error",  "stderr": "",  "stdout": "",  "tool_id": "toolshed.g2.bx.psu.edu/repos/iuc/poretools_winner/poretools_winner/0.6.1a1.0",  "tool_stderr": "",  "tool_stdout": "",  "update_time": "2026-01-19T13:52:16.909588",  "user_email": "tests@fake.org" }, "output_problems": [  "Job in error state.. tool_id: toolshed.g2.bx.psu.edu/repos/iuc/poretools_winner/poretools_winner/0.6.1a1.0, exit_code: None, stderr: ." ], "status": "failure", "test_index": 0, "time_seconds": 49.800047397613525, "tool_id": "poretools_winner", "tool_version": "0.6.1a1.0"}
                ]]></error>
            
            <system-out><![CDATA[
            
            ]]></system-out>
            <system-err><![CDATA[
            
            ]]></system-err>
        
    </testcase>
    
    <testcase classname="poretools_winner (Test #2)" name="1" time="33.8610999584198">
        
            
            <system-out><![CDATA[
            
            ]]></system-out>
            <system-err><![CDATA[
            
            ]]></system-err>
        
    </testcase>
    
    <testcase classname="poretools_winner (Test #3)" name="2" time="11.923020362854004">
        
            <error type="error" message="Input staging problem: Traceback (most recent call last):
  File "/opt/hostedtoolcache/Python/3.12.12/x64/lib/python3.12/site-packages/galaxy/tool_util/verify/interactor.py", line 1466, in verify_tool
    stage_data_in_history(
  File "/opt/hostedtoolcache/Python/3.12.12/x64/lib/python3.12/site-packages/galaxy/tool_util/verify/interactor.py", line 175, in stage_data_in_history
    staging_interface.handle_jobs()
  File "/opt/hostedtoolcache/Python/3.12.12/x64/lib/python3.12/site-packages/galaxy/tool_util/verify/interactor.py", line 212, in handle_jobs
    self.galaxy_interactor.wait_for_job(job_response["id"], job_response["history_id"], self.maxseconds)
  File "/opt/hostedtoolcache/Python/3.12.12/x64/lib/python3.12/site-packages/galaxy/tool_util/verify/interactor.py", line 398, in wait_for_job
    self.wait_for(lambda: self.__job_ready(job_id, history_id), maxseconds=maxseconds)
  File "/opt/hostedtoolcache/Python/3.12.12/x64/lib/python3.12/site-packages/galaxy/tool_util/verify/interactor.py", line 402, in wait_for
    wait_on(func, what, walltime_exceeded)
  File "/opt/hostedtoolcache/Python/3.12.12/x64/lib/python3.12/site-packages/galaxy/tool_util/verify/wait.py", line 38, in wait_on
    value = function()
            ^^^^^^^^^^
  File "/opt/hostedtoolcache/Python/3.12.12/x64/lib/python3.12/site-packages/galaxy/tool_util/verify/interactor.py", line 398, in <lambda>
    self.wait_for(lambda: self.__job_ready(job_id, history_id), maxseconds=maxseconds)
                          ^^^^^^^^^^^^^^^^^^^^^^^^^^^^^^^^^^^^
  File "/opt/hostedtoolcache/Python/3.12.12/x64/lib/python3.12/site-packages/galaxy/tool_util/verify/interactor.py", line 751, in __job_ready
    return self._state_ready(job_id, error_msg="Job in error state.")
           ^^^^^^^^^^^^^^^^^^^^^^^^^^^^^^^^^^^^^^^^^^^^^^^^^^^^^^^^^^
  File "/opt/hostedtoolcache/Python/3.12.12/x64/lib/python3.12/site-packages/galaxy/tool_util/verify/interactor.py", line 847, in _state_ready
    raise Exception(
Exception: Job in error state.. tool_id: __DATA_FETCH__, exit_code: None, stderr: .
"><![CDATA[
                { "execution_problem": "Input staging problem: Traceback (most recent call last):\n  File \"/opt/hostedtoolcache/Python/3.12.12/x64/lib/python3.12/site-packages/galaxy/tool_util/verify/interactor.py\", line 1466, in verify_tool\n    stage_data_in_history(\n  File \"/opt/hostedtoolcache/Python/3.12.12/x64/lib/python3.12/site-packages/galaxy/tool_util/verify/interactor.py\", line 175, in stage_data_in_history\n    staging_interface.handle_jobs()\n  File \"/opt/hostedtoolcache/Python/3.12.12/x64/lib/python3.12/site-packages/galaxy/tool_util/verify/interactor.py\", line 212, in handle_jobs\n    self.galaxy_interactor.wait_for_job(job_response[\"id\"], job_response[\"history_id\"], self.maxseconds)\n  File \"/opt/hostedtoolcache/Python/3.12.12/x64/lib/python3.12/site-packages/galaxy/tool_util/verify/interactor.py\", line 398, in wait_for_job\n    self.wait_for(lambda: self.__job_ready(job_id, history_id), maxseconds=maxseconds)\n  File \"/opt/hostedtoolcache/Python/3.12.12/x64/lib/python3.12/site-packages/galaxy/tool_util/verify/interactor.py\", line 402, in wait_for\n    wait_on(func, what, walltime_exceeded)\n  File \"/opt/hostedtoolcache/Python/3.12.12/x64/lib/python3.12/site-packages/galaxy/tool_util/verify/wait.py\", line 38, in wait_on\n    value = function()\n            ^^^^^^^^^^\n  File \"/opt/hostedtoolcache/Python/3.12.12/x64/lib/python3.12/site-packages/galaxy/tool_util/verify/interactor.py\", line 398, in \u003clambda\u003e\n    self.wait_for(lambda: self.__job_ready(job_id, history_id), maxseconds=maxseconds)\n                          ^^^^^^^^^^^^^^^^^^^^^^^^^^^^^^^^^^^^\n  File \"/opt/hostedtoolcache/Python/3.12.12/x64/lib/python3.12/site-packages/galaxy/tool_util/verify/interactor.py\", line 751, in __job_ready\n    return self._state_ready(job_id, error_msg=\"Job in error state.\")\n           ^^^^^^^^^^^^^^^^^^^^^^^^^^^^^^^^^^^^^^^^^^^^^^^^^^^^^^^^^^\n  File \"/opt/hostedtoolcache/Python/3.12.12/x64/lib/python3.12/site-packages/galaxy/tool_util/verify/interactor.py\", line 847, in _state_ready\n    raise Exception(\nException: Job in error state.. tool_id: __DATA_FETCH__, exit_code: None, stderr: .\n", "status": "error", "test_index": 2, "time_seconds": 11.923020362854004, "tool_id": "poretools_winner", "tool_version": "0.6.1a1.0"}
            ]]></error>
        
    </testcase>
    
    <testcase classname="poretools_winner (Test #4)" name="3" time="34.46479845046997">
        
            
            <system-out><![CDATA[
            
            ]]></system-out>
            <system-err><![CDATA[
            
            ]]></system-err>
        
    </testcase>
    
    <testcase classname="samtools_bedcov (Test #1)" name="0" time="31.569449186325073">
        
            
            <system-out><![CDATA[
            
            ]]></system-out>
            <system-err><![CDATA[
            
            ]]></system-err>
        
    </testcase>
    
    <testcase classname="samtools_bedcov (Test #2)" name="1" time="36.545839071273804">
        
            
            <system-out><![CDATA[
            
            ]]></system-out>
            <system-err><![CDATA[
            
            ]]></system-err>
        
    </testcase>
    
    <testcase classname="samtools_bedcov (Test #3)" name="2" time="25.227180004119873">
        
            
                <error type="error" message="Tool exit code: None"><![CDATA[
                    { "inputs": {  "input_bams": {   "id": "8b7d19109b4f68df",   "src": "hda"  },  "input_bed": {   "id": "3f48875f4b7b9406",   "src": "hda"  },  "mapq": "40" }, "job": {  "command_line": "ln -s \u0027/galaxy/server/database/objects/e/6/0/dataset_e60163f3-312c-47f5-a9c0-0c8e5bb2b9a7.dat\u0027 \u00270\u0027 \u0026\u0026 ln -s \u0027/galaxy/server/database/objects/_metadata_files/8/b/f/metadata_8bf762ef-3aad-4321-950f-2b554dc00a10.dat\u0027 \u00270.bai\u0027 \u0026\u0026   samtools bedcov -Q 40    -g 0   -G 1796 \u0027/galaxy/server/database/objects/9/a/2/dataset_9a2e4d67-5bd5-4bad-875b-83c74ebd7ea8.dat\u0027 \u00270\u0027 \u003e \u0027/galaxy/server/database/objects/7/5/9/dataset_7592c261-621c-4e20-8307-a98056398e64.dat\u0027",  "command_version": null,  "copied_from_job_id": null,  "create_time": "2026-01-19T13:44:43.890641",  "dependencies": [],  "exit_code": null,  "external_id": "gxy-xxp8x",  "galaxy_version": "24.1",  "handler": null,  "history_id": "4ec94da7f1737f53",  "id": "c387874e56180bfb",  "inputs": {   "input_bams": {    "id": "8b7d19109b4f68df",    "src": "hda",    "uuid": "e60163f3-312c-47f5-a9c0-0c8e5bb2b9a7"   },   "input_bams1": {    "id": "8b7d19109b4f68df",    "src": "hda",    "uuid": "e60163f3-312c-47f5-a9c0-0c8e5bb2b9a7"   },   "input_bed": {    "id": "3f48875f4b7b9406",    "src": "hda",    "uuid": "9a2e4d67-5bd5-4bad-875b-83c74ebd7ea8"   }  },  "job_messages": null,  "job_metrics": [],  "job_runner_name": null,  "job_stderr": null,  "job_stdout": null,  "model_class": "Job",  "output_collections": {},  "outputs": {   "output": {    "id": "e8b273439a48dec0",    "src": "hda",    "uuid": "7592c261-621c-4e20-8307-a98056398e64"   }  },  "params": {   "__input_ext": "\"input\"",   "additional_options": "{\"required_flags\": null, \"skipped_flags\": [\"4\", \"256\", \"512\", \"1024\"]}",   "chromInfo": "\"/cvmfs/data.galaxyproject.org/managed/len/ucsc/?.len\"",   "countdel": "false",   "dbkey": "\"?\"",   "depth_thresh": "\"\"",   "mapq": "\"40\""  },  "state": "error",  "stderr": "",  "stdout": "",  "tool_id": "toolshed.g2.bx.psu.edu/repos/devteam/samtools_bedcov/samtools_bedcov/2.0.7",  "tool_stderr": "",  "tool_stdout": "",  "update_time": "2026-01-19T13:44:48.400316",  "user_email": "tests@fake.org" }, "output_problems": [  "Job in error state.. tool_id: toolshed.g2.bx.psu.edu/repos/devteam/samtools_bedcov/samtools_bedcov/2.0.7, exit_code: None, stderr: ." ], "status": "failure", "test_index": 2, "time_seconds": 25.227180004119873, "tool_id": "samtools_bedcov", "tool_version": "2.0.7"}
                ]]></error>
            
            <system-out><![CDATA[
            
            ]]></system-out>
            <system-err><![CDATA[
            
            ]]></system-err>
        
    </testcase>
    
    <testcase classname="samtools_bedcov (Test #4)" name="3" time="11.660312175750732">
        
            <error type="error" message="Input staging problem: Traceback (most recent call last):
  File "/opt/hostedtoolcache/Python/3.12.12/x64/lib/python3.12/site-packages/galaxy/tool_util/verify/interactor.py", line 1466, in verify_tool
    stage_data_in_history(
  File "/opt/hostedtoolcache/Python/3.12.12/x64/lib/python3.12/site-packages/galaxy/tool_util/verify/interactor.py", line 175, in stage_data_in_history
    staging_interface.handle_jobs()
  File "/opt/hostedtoolcache/Python/3.12.12/x64/lib/python3.12/site-packages/galaxy/tool_util/verify/interactor.py", line 212, in handle_jobs
    self.galaxy_interactor.wait_for_job(job_response["id"], job_response["history_id"], self.maxseconds)
  File "/opt/hostedtoolcache/Python/3.12.12/x64/lib/python3.12/site-packages/galaxy/tool_util/verify/interactor.py", line 398, in wait_for_job
    self.wait_for(lambda: self.__job_ready(job_id, history_id), maxseconds=maxseconds)
  File "/opt/hostedtoolcache/Python/3.12.12/x64/lib/python3.12/site-packages/galaxy/tool_util/verify/interactor.py", line 402, in wait_for
    wait_on(func, what, walltime_exceeded)
  File "/opt/hostedtoolcache/Python/3.12.12/x64/lib/python3.12/site-packages/galaxy/tool_util/verify/wait.py", line 38, in wait_on
    value = function()
            ^^^^^^^^^^
  File "/opt/hostedtoolcache/Python/3.12.12/x64/lib/python3.12/site-packages/galaxy/tool_util/verify/interactor.py", line 398, in <lambda>
    self.wait_for(lambda: self.__job_ready(job_id, history_id), maxseconds=maxseconds)
                          ^^^^^^^^^^^^^^^^^^^^^^^^^^^^^^^^^^^^
  File "/opt/hostedtoolcache/Python/3.12.12/x64/lib/python3.12/site-packages/galaxy/tool_util/verify/interactor.py", line 751, in __job_ready
    return self._state_ready(job_id, error_msg="Job in error state.")
           ^^^^^^^^^^^^^^^^^^^^^^^^^^^^^^^^^^^^^^^^^^^^^^^^^^^^^^^^^^
  File "/opt/hostedtoolcache/Python/3.12.12/x64/lib/python3.12/site-packages/galaxy/tool_util/verify/interactor.py", line 847, in _state_ready
    raise Exception(
Exception: Job in error state.. tool_id: __DATA_FETCH__, exit_code: None, stderr: .
"><![CDATA[
                { "execution_problem": "Input staging problem: Traceback (most recent call last):\n  File \"/opt/hostedtoolcache/Python/3.12.12/x64/lib/python3.12/site-packages/galaxy/tool_util/verify/interactor.py\", line 1466, in verify_tool\n    stage_data_in_history(\n  File \"/opt/hostedtoolcache/Python/3.12.12/x64/lib/python3.12/site-packages/galaxy/tool_util/verify/interactor.py\", line 175, in stage_data_in_history\n    staging_interface.handle_jobs()\n  File \"/opt/hostedtoolcache/Python/3.12.12/x64/lib/python3.12/site-packages/galaxy/tool_util/verify/interactor.py\", line 212, in handle_jobs\n    self.galaxy_interactor.wait_for_job(job_response[\"id\"], job_response[\"history_id\"], self.maxseconds)\n  File \"/opt/hostedtoolcache/Python/3.12.12/x64/lib/python3.12/site-packages/galaxy/tool_util/verify/interactor.py\", line 398, in wait_for_job\n    self.wait_for(lambda: self.__job_ready(job_id, history_id), maxseconds=maxseconds)\n  File \"/opt/hostedtoolcache/Python/3.12.12/x64/lib/python3.12/site-packages/galaxy/tool_util/verify/interactor.py\", line 402, in wait_for\n    wait_on(func, what, walltime_exceeded)\n  File \"/opt/hostedtoolcache/Python/3.12.12/x64/lib/python3.12/site-packages/galaxy/tool_util/verify/wait.py\", line 38, in wait_on\n    value = function()\n            ^^^^^^^^^^\n  File \"/opt/hostedtoolcache/Python/3.12.12/x64/lib/python3.12/site-packages/galaxy/tool_util/verify/interactor.py\", line 398, in \u003clambda\u003e\n    self.wait_for(lambda: self.__job_ready(job_id, history_id), maxseconds=maxseconds)\n                          ^^^^^^^^^^^^^^^^^^^^^^^^^^^^^^^^^^^^\n  File \"/opt/hostedtoolcache/Python/3.12.12/x64/lib/python3.12/site-packages/galaxy/tool_util/verify/interactor.py\", line 751, in __job_ready\n    return self._state_ready(job_id, error_msg=\"Job in error state.\")\n           ^^^^^^^^^^^^^^^^^^^^^^^^^^^^^^^^^^^^^^^^^^^^^^^^^^^^^^^^^^\n  File \"/opt/hostedtoolcache/Python/3.12.12/x64/lib/python3.12/site-packages/galaxy/tool_util/verify/interactor.py\", line 847, in _state_ready\n    raise Exception(\nException: Job in error state.. tool_id: __DATA_FETCH__, exit_code: None, stderr: .\n", "status": "error", "test_index": 3, "time_seconds": 11.660312175750732, "tool_id": "samtools_bedcov", "tool_version": "2.0.7"}
            ]]></error>
        
    </testcase>
    
    <testcase classname="samtools_bedcov (Test #5)" name="4" time="32.36652946472168">
        
            
            <system-out><![CDATA[
            
            ]]></system-out>
            <system-err><![CDATA[
            
            ]]></system-err>
        
    </testcase>
    
    <testcase classname="samtools_bedcov (Test #6)" name="5" time="33.362167835235596">
        
            
            <system-out><![CDATA[
            
            ]]></system-out>
            <system-err><![CDATA[
            
            ]]></system-err>
        
    </testcase>
    
    <testcase classname="samtools_bedcov (Test #7)" name="6" time="21.28147840499878">
        
            <error type="error" message="Input staging problem: Traceback (most recent call last):
  File "/opt/hostedtoolcache/Python/3.12.12/x64/lib/python3.12/site-packages/galaxy/tool_util/verify/interactor.py", line 1466, in verify_tool
    stage_data_in_history(
  File "/opt/hostedtoolcache/Python/3.12.12/x64/lib/python3.12/site-packages/galaxy/tool_util/verify/interactor.py", line 175, in stage_data_in_history
    staging_interface.handle_jobs()
  File "/opt/hostedtoolcache/Python/3.12.12/x64/lib/python3.12/site-packages/galaxy/tool_util/verify/interactor.py", line 212, in handle_jobs
    self.galaxy_interactor.wait_for_job(job_response["id"], job_response["history_id"], self.maxseconds)
  File "/opt/hostedtoolcache/Python/3.12.12/x64/lib/python3.12/site-packages/galaxy/tool_util/verify/interactor.py", line 398, in wait_for_job
    self.wait_for(lambda: self.__job_ready(job_id, history_id), maxseconds=maxseconds)
  File "/opt/hostedtoolcache/Python/3.12.12/x64/lib/python3.12/site-packages/galaxy/tool_util/verify/interactor.py", line 402, in wait_for
    wait_on(func, what, walltime_exceeded)
  File "/opt/hostedtoolcache/Python/3.12.12/x64/lib/python3.12/site-packages/galaxy/tool_util/verify/wait.py", line 38, in wait_on
    value = function()
            ^^^^^^^^^^
  File "/opt/hostedtoolcache/Python/3.12.12/x64/lib/python3.12/site-packages/galaxy/tool_util/verify/interactor.py", line 398, in <lambda>
    self.wait_for(lambda: self.__job_ready(job_id, history_id), maxseconds=maxseconds)
                          ^^^^^^^^^^^^^^^^^^^^^^^^^^^^^^^^^^^^
  File "/opt/hostedtoolcache/Python/3.12.12/x64/lib/python3.12/site-packages/galaxy/tool_util/verify/interactor.py", line 751, in __job_ready
    return self._state_ready(job_id, error_msg="Job in error state.")
           ^^^^^^^^^^^^^^^^^^^^^^^^^^^^^^^^^^^^^^^^^^^^^^^^^^^^^^^^^^
  File "/opt/hostedtoolcache/Python/3.12.12/x64/lib/python3.12/site-packages/galaxy/tool_util/verify/interactor.py", line 847, in _state_ready
    raise Exception(
Exception: Job in error state.. tool_id: __DATA_FETCH__, exit_code: None, stderr: .
"><![CDATA[
                { "execution_problem": "Input staging problem: Traceback (most recent call last):\n  File \"/opt/hostedtoolcache/Python/3.12.12/x64/lib/python3.12/site-packages/galaxy/tool_util/verify/interactor.py\", line 1466, in verify_tool\n    stage_data_in_history(\n  File \"/opt/hostedtoolcache/Python/3.12.12/x64/lib/python3.12/site-packages/galaxy/tool_util/verify/interactor.py\", line 175, in stage_data_in_history\n    staging_interface.handle_jobs()\n  File \"/opt/hostedtoolcache/Python/3.12.12/x64/lib/python3.12/site-packages/galaxy/tool_util/verify/interactor.py\", line 212, in handle_jobs\n    self.galaxy_interactor.wait_for_job(job_response[\"id\"], job_response[\"history_id\"], self.maxseconds)\n  File \"/opt/hostedtoolcache/Python/3.12.12/x64/lib/python3.12/site-packages/galaxy/tool_util/verify/interactor.py\", line 398, in wait_for_job\n    self.wait_for(lambda: self.__job_ready(job_id, history_id), maxseconds=maxseconds)\n  File \"/opt/hostedtoolcache/Python/3.12.12/x64/lib/python3.12/site-packages/galaxy/tool_util/verify/interactor.py\", line 402, in wait_for\n    wait_on(func, what, walltime_exceeded)\n  File \"/opt/hostedtoolcache/Python/3.12.12/x64/lib/python3.12/site-packages/galaxy/tool_util/verify/wait.py\", line 38, in wait_on\n    value = function()\n            ^^^^^^^^^^\n  File \"/opt/hostedtoolcache/Python/3.12.12/x64/lib/python3.12/site-packages/galaxy/tool_util/verify/interactor.py\", line 398, in \u003clambda\u003e\n    self.wait_for(lambda: self.__job_ready(job_id, history_id), maxseconds=maxseconds)\n                          ^^^^^^^^^^^^^^^^^^^^^^^^^^^^^^^^^^^^\n  File \"/opt/hostedtoolcache/Python/3.12.12/x64/lib/python3.12/site-packages/galaxy/tool_util/verify/interactor.py\", line 751, in __job_ready\n    return self._state_ready(job_id, error_msg=\"Job in error state.\")\n           ^^^^^^^^^^^^^^^^^^^^^^^^^^^^^^^^^^^^^^^^^^^^^^^^^^^^^^^^^^\n  File \"/opt/hostedtoolcache/Python/3.12.12/x64/lib/python3.12/site-packages/galaxy/tool_util/verify/interactor.py\", line 847, in _state_ready\n    raise Exception(\nException: Job in error state.. tool_id: __DATA_FETCH__, exit_code: None, stderr: .\n", "status": "error", "test_index": 6, "time_seconds": 21.28147840499878, "tool_id": "samtools_bedcov", "tool_version": "2.0.7"}
            ]]></error>
        
    </testcase>
    
    <testcase classname="samtools_reheader (Test #1)" name="0" time="10.978239297866821">
        
            <error type="error" message="Input staging problem: Traceback (most recent call last):
  File "/opt/hostedtoolcache/Python/3.12.12/x64/lib/python3.12/site-packages/galaxy/tool_util/verify/interactor.py", line 1466, in verify_tool
    stage_data_in_history(
  File "/opt/hostedtoolcache/Python/3.12.12/x64/lib/python3.12/site-packages/galaxy/tool_util/verify/interactor.py", line 175, in stage_data_in_history
    staging_interface.handle_jobs()
  File "/opt/hostedtoolcache/Python/3.12.12/x64/lib/python3.12/site-packages/galaxy/tool_util/verify/interactor.py", line 212, in handle_jobs
    self.galaxy_interactor.wait_for_job(job_response["id"], job_response["history_id"], self.maxseconds)
  File "/opt/hostedtoolcache/Python/3.12.12/x64/lib/python3.12/site-packages/galaxy/tool_util/verify/interactor.py", line 398, in wait_for_job
    self.wait_for(lambda: self.__job_ready(job_id, history_id), maxseconds=maxseconds)
  File "/opt/hostedtoolcache/Python/3.12.12/x64/lib/python3.12/site-packages/galaxy/tool_util/verify/interactor.py", line 402, in wait_for
    wait_on(func, what, walltime_exceeded)
  File "/opt/hostedtoolcache/Python/3.12.12/x64/lib/python3.12/site-packages/galaxy/tool_util/verify/wait.py", line 38, in wait_on
    value = function()
            ^^^^^^^^^^
  File "/opt/hostedtoolcache/Python/3.12.12/x64/lib/python3.12/site-packages/galaxy/tool_util/verify/interactor.py", line 398, in <lambda>
    self.wait_for(lambda: self.__job_ready(job_id, history_id), maxseconds=maxseconds)
                          ^^^^^^^^^^^^^^^^^^^^^^^^^^^^^^^^^^^^
  File "/opt/hostedtoolcache/Python/3.12.12/x64/lib/python3.12/site-packages/galaxy/tool_util/verify/interactor.py", line 751, in __job_ready
    return self._state_ready(job_id, error_msg="Job in error state.")
           ^^^^^^^^^^^^^^^^^^^^^^^^^^^^^^^^^^^^^^^^^^^^^^^^^^^^^^^^^^
  File "/opt/hostedtoolcache/Python/3.12.12/x64/lib/python3.12/site-packages/galaxy/tool_util/verify/interactor.py", line 847, in _state_ready
    raise Exception(
Exception: Job in error state.. tool_id: __DATA_FETCH__, exit_code: None, stderr: .
"><![CDATA[
                { "execution_problem": "Input staging problem: Traceback (most recent call last):\n  File \"/opt/hostedtoolcache/Python/3.12.12/x64/lib/python3.12/site-packages/galaxy/tool_util/verify/interactor.py\", line 1466, in verify_tool\n    stage_data_in_history(\n  File \"/opt/hostedtoolcache/Python/3.12.12/x64/lib/python3.12/site-packages/galaxy/tool_util/verify/interactor.py\", line 175, in stage_data_in_history\n    staging_interface.handle_jobs()\n  File \"/opt/hostedtoolcache/Python/3.12.12/x64/lib/python3.12/site-packages/galaxy/tool_util/verify/interactor.py\", line 212, in handle_jobs\n    self.galaxy_interactor.wait_for_job(job_response[\"id\"], job_response[\"history_id\"], self.maxseconds)\n  File \"/opt/hostedtoolcache/Python/3.12.12/x64/lib/python3.12/site-packages/galaxy/tool_util/verify/interactor.py\", line 398, in wait_for_job\n    self.wait_for(lambda: self.__job_ready(job_id, history_id), maxseconds=maxseconds)\n  File \"/opt/hostedtoolcache/Python/3.12.12/x64/lib/python3.12/site-packages/galaxy/tool_util/verify/interactor.py\", line 402, in wait_for\n    wait_on(func, what, walltime_exceeded)\n  File \"/opt/hostedtoolcache/Python/3.12.12/x64/lib/python3.12/site-packages/galaxy/tool_util/verify/wait.py\", line 38, in wait_on\n    value = function()\n            ^^^^^^^^^^\n  File \"/opt/hostedtoolcache/Python/3.12.12/x64/lib/python3.12/site-packages/galaxy/tool_util/verify/interactor.py\", line 398, in \u003clambda\u003e\n    self.wait_for(lambda: self.__job_ready(job_id, history_id), maxseconds=maxseconds)\n                          ^^^^^^^^^^^^^^^^^^^^^^^^^^^^^^^^^^^^\n  File \"/opt/hostedtoolcache/Python/3.12.12/x64/lib/python3.12/site-packages/galaxy/tool_util/verify/interactor.py\", line 751, in __job_ready\n    return self._state_ready(job_id, error_msg=\"Job in error state.\")\n           ^^^^^^^^^^^^^^^^^^^^^^^^^^^^^^^^^^^^^^^^^^^^^^^^^^^^^^^^^^\n  File \"/opt/hostedtoolcache/Python/3.12.12/x64/lib/python3.12/site-packages/galaxy/tool_util/verify/interactor.py\", line 847, in _state_ready\n    raise Exception(\nException: Job in error state.. tool_id: __DATA_FETCH__, exit_code: None, stderr: .\n", "status": "error", "test_index": 0, "time_seconds": 10.978239297866821, "tool_id": "samtools_reheader", "tool_version": "2.0.6"}
            ]]></error>
        
    </testcase>
    
    <testcase classname="samtools_reheader (Test #2)" name="1" time="37.72243785858154">
        
            
            <system-out><![CDATA[
            
            ]]></system-out>
            <system-err><![CDATA[
            
            ]]></system-err>
        
    </testcase>
    
    <testcase classname="vcftools_slice (Test #1)" name="0" time="39.115230321884155">
        
            
                <error type="error" message="Tool exit code: 0"><![CDATA[
                    { "inputs": {  "input": {   "id": "7c3ca312d65d9f14",   "src": "hda"  },  "regions": {   "id": "6f30957b422fa24e",   "src": "hda"  } }, "job": {  "command_line": "vcf-sort /galaxy/server/database/objects/c/3/5/dataset_c35bc519-6d55-4738-bfd1-93cd3d755eab.dat \u003e sorted.vcf  ; echo \u0027#dummy header\u0027 | cat - /galaxy/server/database/objects/d/1/7/dataset_d17d2344-d6a2-4646-9de6-9e1cc0c0027e.dat \u003e regions.bed  ; vcftools --vcf sorted.vcf --out output --bed regions.bed --recode",  "command_version": "",  "copied_from_job_id": null,  "create_time": "2026-01-19T13:51:07.183364",  "dependencies": [],  "exit_code": 0,  "external_id": "gxy-qkz86",  "galaxy_version": "24.1",  "handler": null,  "history_id": "4ec94da7f1737f53",  "id": "c9b38a1df7387db5",  "inputs": {   "input": {    "id": "7c3ca312d65d9f14",    "src": "hda",    "uuid": "c35bc519-6d55-4738-bfd1-93cd3d755eab"   },   "regions": {    "id": "6f30957b422fa24e",    "src": "hda",    "uuid": "d17d2344-d6a2-4646-9de6-9e1cc0c0027e"   }  },  "job_messages": [],  "job_metrics": [   {    "name": "runtime_seconds",    "plugin": "core",    "raw_value": "0E-7",    "title": "Job Runtime (Wall Clock)",    "value": "0 seconds"   },   {    "name": "end_epoch",    "plugin": "core",    "raw_value": "1768830673.0000000",    "title": "Job End Time",    "value": "2026-01-19 13:51:13"   },   {    "name": "start_epoch",    "plugin": "core",    "raw_value": "1768830673.0000000",    "title": "Job Start Time",    "value": "2026-01-19 13:51:13"   },   {    "name": "galaxy_memory_mb",    "plugin": "core",    "raw_value": "4080.0000000",    "title": "Memory Allocated (MB)",    "value": "4080"   },   {    "name": "galaxy_slots",    "plugin": "core",    "raw_value": "1.0000000",    "title": "Cores Allocated",    "value": "1"   }  ],  "job_runner_name": null,  "job_stderr": "",  "job_stdout": "",  "model_class": "Job",  "output_collections": {},  "outputs": {   "output": {    "id": "76c2506724430efd",    "src": "hda",    "uuid": "c5637661-b061-4543-a357-af10d75a966c"   }  },  "params": {   "__input_ext": "\"vcf\"",   "chromInfo": "\"/cvmfs/data.galaxyproject.org/managed/len/ucsc/?.len\"",   "dbkey": "\"?\""  },  "state": "error",  "stderr": "/galaxy/server/database/jobs_directory/000/124/tool_script.sh: line 22: vcf-sort: command not found\n",  "stdout": "\nVCFtools - v0.1.11\n(C) Adam Auton 2009\n\nParameters as interpreted:\n\t--vcf sorted.vcf\n\t--out output\n\t--recode\n\t--bed regions.bed\n\nIndex file is older than variant file. Will regenerate.\nBuilding new index file.\nError:No header or meta information. Invalid file: sorted.vcf\n",  "tool_id": "toolshed.g2.bx.psu.edu/repos/devteam/vcftools_slice/vcftools_slice/0.1",  "tool_stderr": "/galaxy/server/database/jobs_directory/000/124/tool_script.sh: line 22: vcf-sort: command not found\n",  "tool_stdout": "\nVCFtools - v0.1.11\n(C) Adam Auton 2009\n\nParameters as interpreted:\n\t--vcf sorted.vcf\n\t--out output\n\t--recode\n\t--bed regions.bed\n\nIndex file is older than variant file. Will regenerate.\nBuilding new index file.\nError:No header or meta information. Invalid file: sorted.vcf\n",  "update_time": "2026-01-19T13:51:25.643301",  "user_email": "tests@fake.org" }, "output_problems": [  "Job in error state.. tool_id: toolshed.g2.bx.psu.edu/repos/devteam/vcftools_slice/vcftools_slice/0.1, exit_code: 0, stderr: /galaxy/server/database/jobs_directory/000/124/tool_script.sh: line 22: vcf-sort: command not found\n.",  "Output output:  different than expected, difference (using diff):\n( /tmp/tmp4vc1mt2xslice_out.vcf v. /tmp/tmpc3nk7d1wslice_out.vcf )\n--- local_file\n+++ history_data\n@@ -1,38 +0,0 @@\n-##fileformat=VCFv4.1\n-#CHROM\tPOS\tID\tREF\tALT\tQUAL\tFILTER\tINFO\tFORMAT\tpanc1_ng\n-chr1\t19071752\t.\tT\tC\t.\tPASS\t.\tGT:GQ:SDP:DP:RD:AD:FREQ:PVAL:RBQ:ABQ:RDF:RDR:ADF:ADR\t0/1:0:770:715:219:495:69.23%:9.8E-1:35:21:86:133:184:311\n-chr1\t19071865\t.\tT\tC\t.\tPASS\t.\tGT:GQ:SDP:DP:RD:AD:FREQ:PVAL:RBQ:ABQ:RDF:RDR:ADF:ADR\t0/1:0:517:479:174:305:63.54%:9.8E-1:35:34:42:132:91:214\n-chr1\t19072808\t.\tG\tA\t.\tPASS\t.\tGT:GQ:SDP:DP:RD:AD:FREQ:PVAL:RBQ:ABQ:RDF:RDR:ADF:ADR\t0/1:0:706:657:228:429:65.3%:9.8E-1:36:19:99:129:197:232\n-chr1\t19072926\t.\tA\tG\t.\tPASS\t.\tGT:GQ:SDP:DP:RD:AD:FREQ:PVAL:RBQ:ABQ:RDF:RDR:ADF:ADR\t0/1:0:673:618:183:435:70.39%:9.8E-1:35:24:96:87:187:248\n-chr1\t19074980\t.\tC\tT\t.\tPASS\t.\tGT:GQ:SDP:DP:RD:AD:FREQ:PVAL:RBQ:ABQ:RDF:RDR:ADF:ADR\t0/1:0:720:676:221:454:67.06%:9.8E-1:35:35:89:132:226:228\n-chr1\t19075225\t.\tA\tG\t.\tPASS\t.\tGT:GQ:SDP:DP:RD:AD:FREQ:PVAL:RBQ:ABQ:RDF:RDR:ADF:ADR\t0/1:0:718:660:190:468:70.91%:9.8E-1:34:34:93:97:231:237\n-chr1\t19075327\t.\tC\tA\t.\tPASS\t.\tGT:GQ:SDP:DP:RD:AD:FREQ:PVAL:RBQ:ABQ:RDF:RDR:ADF:ADR\t0/1:0:623:588:178:410:69.73%:9.8E-1:36:36:63:115:142:268\n-chr1\t36752152\t.\tC\tT\t.\tPASS\t.\tGT:GQ:SDP:DP:RD:AD:FREQ:PVAL:RBQ:ABQ:RDF:RDR:ADF:ADR\t0/1:0:845:780:216:564:72.31%:9.8E-1:36:25:103:113:249:315\n-chr1\t36759426\t.\tA\tG\t.\tPASS\t.\tGT:GQ:SDP:DP:RD:AD:FREQ:PVAL:RBQ:ABQ:RDF:RDR:ADF:ADR\t0/1:0:504:465:152:309:66.45%:9.8E-1:36:36:111:41:250:59\n-chr1\t36762396\t.\tC\tT\t.\tPASS\t.\tGT:GQ:SDP:DP:RD:AD:FREQ:PVAL:RBQ:ABQ:RDF:RDR:ADF:ADR\t1/1:0:468:377:0:377:100%:9.8E-1:0:19:0:0:127:250\n-chr1\t36770605\t.\tCTT\tC\t.\tPASS\t.\tGT:GQ:SDP:DP:RD:AD:FREQ:PVAL:RBQ:ABQ:RDF:RDR:ADF:ADR\t0/1:0:390:310:229:76:23.6%:9.8E-1:29:29:128:101:41:35\n-chr1\t40361783\t.\tG\tC\t.\tPASS\t.\tGT:GQ:SDP:DP:RD:AD:FREQ:PVAL:RBQ:ABQ:RDF:RDR:ADF:ADR\t1/1:0:533:505:33:471:93.27%:9.8E-1:35:24:9:24:206:265\n-chr1\t40363054\t.\tG\tC\t.\tPASS\t.\tGT:GQ:SDP:DP:RD:AD:FREQ:PVAL:RBQ:ABQ:RDF:RDR:ADF:ADR\t0/1:0:677:646:468:178:27.55%:9.8E-1:36:35:193:275:82:96\n-chr1\t43812075\t.\tG\tA\t.\tPASS\t.\tGT:GQ:SDP:DP:RD:AD:FREQ:PVAL:RBQ:ABQ:RDF:RDR:ADF:ADR\t1/1:0:692:639:16:621:97.18%:9.8E-1:33:20:10:6:343:278\n-chr1\t43814864\t.\tT\tC\t.\tPASS\t.\tGT:GQ:SDP:DP:RD:AD:FREQ:PVAL:RBQ:ABQ:RDF:RDR:ADF:ADR\t1/1:0:182:150:8:142:94.67%:9.8E-1:27:32:8:0:141:1\n-chr1\t45796269\t.\tG\tC\t.\tPASS\t.\tGT:GQ:SDP:DP:RD:AD:FREQ:PVAL:RBQ:ABQ:RDF:RDR:ADF:ADR\t1/1:0:571:534:0:534:100%:9.8E-1:0:24:0:0:111:423\n-chr1\t45798555\t.\tT\tC\t.\tPASS\t.\tGT:GQ:SDP:DP:RD:AD:FREQ:PVAL:RBQ:ABQ:RDF:RDR:ADF:ADR\t1/1:0:754:685:0:685:100%:9.8E-1:0:24:0:0:366:319\n-chr1\t45805566\t.\tG\tC\t.\tPASS\t.\tGT:GQ:SDP:DP:RD:AD:FREQ:PVAL:RBQ:ABQ:RDF:RDR:ADF:ADR\t1/1:0:327:276:0:276:100%:9.8E-1:0:20:0:0:127:149\n-chr1\t47682017\t.\tT\tG\t.\tPASS\t.\tGT:GQ:SDP:DP:RD:AD:FREQ:PVAL:RBQ:ABQ:RDF:RDR:ADF:ADR\t1/1:0:555:470:10:460:97.87%:9.8E-1:35:34:7:3:286:174\n-chr1\t47683201\t.\tC\tT\t.\tPASS\t.\tGT:GQ:SDP:DP:RD:AD:FREQ:PVAL:RBQ:ABQ:RDF:RDR:ADF:ADR\t0/1:0:708:660:195:465:70.45%:9.8E-1:35:24:83:112:218:247\n-chr1\t47684677\t.\tT\tG\t.\tPASS\t.\tGT:GQ:SDP:DP:RD:AD:FREQ:PVAL:RBQ:ABQ:RDF:RDR:ADF:ADR\t1/1:0:691:636:27:609:95.75%:9.8E-1:36:20:17:10:319:290\n-chr1\t47685455\t.\tT\tC\t.\tPASS\t.\tGT:GQ:SDP:DP:RD:AD:FREQ:PVAL:RBQ:ABQ:RDF:RDR:ADF:ADR\t1/1:0:407:343:0:343:99.71%:9.8E-1:0:23:0:0:46:297\n-chr1\t47691568\t.\tGCAGA\tG\t.\tPASS\t.\tGT:GQ:SDP:DP:RD:AD:FREQ:PVAL:RBQ:ABQ:RDF:RDR:ADF:ADR\t0/1:0:40:35:15:21:56.76%:9.8E-1:33:29:7:8:7:14\n-chr1\t47717189\t.\tA\tG\t.\tPASS\t.\tGT:GQ:SDP:DP:RD:AD:FREQ:PVAL:RBQ:ABQ:RDF:RDR:ADF:ADR\t0/1:0:714:667:201:464:69.57%:9.8E-1:36:21:115:86:242:222\n-chr1\t47726087\t.\tT\tC\t.\tPASS\t.\tGT:GQ:SDP:DP:RD:AD:FREQ:PVAL:RBQ:ABQ:RDF:RDR:ADF:ADR\t0/1:0:625:603:468:135:22.39%:9.8E-1:36:35:264:204:65:70\n-chr1\t47735280\t.\tT\tC\t.\tPASS\t.\tGT:GQ:SDP:DP:RD:AD:FREQ:PVAL:RBQ:ABQ:RDF:RDR:ADF:ADR\t0/1:0:414:381:98:283:74.28%:9.8E-1:35:36:74:24:225:58\n-chr1\t47767914\t.\tG\tA\t.\tPASS\t.\tGT:GQ:SDP:DP:RD:AD:FREQ:PVAL:RBQ:ABQ:RDF:RDR:ADF:ADR\t0/1:0:560:533:377:156:29.27%:9.8E-1:35:34:222:155:91:65\n-chr1\t65325970\t.\tC\tT\t.\tPASS\t.\tGT:GQ:SDP:DP:RD:AD:FREQ:PVAL:RBQ:ABQ:RDF:RDR:ADF:ADR\t1/1:0:491:457:40:417:91.25%:9.8E-1:35:36:8:32:82:335\n-chr1\t65330682\t.\tG\tA\t.\tPASS\t.\tGT:GQ:SDP:DP:RD:AD:FREQ:PVAL:RBQ:ABQ:RDF:RDR:ADF:ADR\t0/1:0:482:448:141:307:68.53%:9.8E-1:35:21:21:120:41:266\n-chr1\t65335095\t.\tT\tC\t.\tPASS\t.\tGT:GQ:SDP:DP:RD:AD:FREQ:PVAL:RBQ:ABQ:RDF:RDR:ADF:ADR\t0/1:0:1022:957:364:593:61.96%:9.8E-1:35:21:147:217:251:342\n-chr1\t85732065\t.\tA\tG\t.\tPASS\t.\tGT:GQ:SDP:DP:RD:AD:FREQ:PVAL:RBQ:ABQ:RDF:RDR:ADF:ADR\t1/1:0:319:295:6:289:97.97%:9.8E-1:37:36:5:1:206:83\n-chr1\t85732133\t.\tG\tA\t.\tPASS\t.\tGT:GQ:SDP:DP:RD:AD:FREQ:PVAL:RBQ:ABQ:RDF:RDR:ADF:ADR\t0/1:0:434:405:124:281:69.21%:9.8E-1:36:24:82:42:200:81\n-chr1\t85732941\t.\tA\tC\t.\tPASS\t.\tGT:GQ:SDP:DP:RD:AD:FREQ:PVAL:RBQ:ABQ:RDF:RDR:ADF:ADR\t1/1:0:479:423:9:414:97.64%:9.8E-1:37:35:2:7:127:287\n-chr1\t85741921\t.\tG\tC\t.\tPASS\t.\tGT:GQ:SDP:DP:RD:AD:FREQ:PVAL:RBQ:ABQ:RDF:RDR:ADF:ADR\t1/1:0:239:218:10:208:95.41%:9.8E-1:34:25:8:2:172:36\n-chr1\t85742012\t.\tG\tC\t.\tPASS\t.\tGT:GQ:SDP:DP:RD:AD:FREQ:PVAL:RBQ:ABQ:RDF:RDR:ADF:ADR\t0/1:0:484:437:302:135:30.89%:9.8E-1:35:34:175:127:70:65\n" ], "status": "failure", "test_index": 0, "time_seconds": 39.115230321884155, "tool_id": "vcftools_slice", "tool_version": "0.1"}
                ]]></error>
            
            <system-out><![CDATA[
            VCFtools - v0.1.11(C) Adam Auton 2009Parameters as interpreted:--vcf sorted.vcf--out output--recode--bed regions.bedIndex file is older than variant file. Will regenerate.Building new index file.Error:No header or meta information. Invalid file: sorted.vcf
            ]]></system-out>
            <system-err><![CDATA[
            /galaxy/server/database/jobs_directory/000/124/tool_script.sh: line 22: vcf-sort: command not found
            ]]></system-err>
        
    </testcase>
    
</testsuite>