<?xml version="1.0" encoding="UTF-8"?>
<testsuite name="Results (powered by Planemo)"
           tests="35"
           errors="19"
           failures="2"
           skip="0">
    
    <testcase classname="bcftools_convert_to_vcf (Test #1)" name="0" time="41.36372137069702">
        
            
            <system-out><![CDATA[
            
            ]]></system-out>
            <system-err><![CDATA[
            Number of processed rows: 32
            ]]></system-err>
        
    </testcase>
    
    <testcase classname="bcftools_convert_to_vcf (Test #2)" name="1" time="34.53246021270752">
        
            
            <system-out><![CDATA[
            
            ]]></system-out>
            <system-err><![CDATA[
            Number of processed rows: 35
            ]]></system-err>
        
    </testcase>
    
    <testcase classname="bcftools_convert_to_vcf (Test #3)" name="2" time="21.013164043426514">
        
            <error type="error" message="Input staging problem: Traceback (most recent call last):
  File "/opt/hostedtoolcache/Python/3.12.12/x64/lib/python3.12/site-packages/galaxy/tool_util/verify/interactor.py", line 1436, in verify_tool
    stage_data_in_history(
  File "/opt/hostedtoolcache/Python/3.12.12/x64/lib/python3.12/site-packages/galaxy/tool_util/verify/interactor.py", line 175, in stage_data_in_history
    staging_interface.handle_jobs()
  File "/opt/hostedtoolcache/Python/3.12.12/x64/lib/python3.12/site-packages/galaxy/tool_util/verify/interactor.py", line 212, in handle_jobs
    self.galaxy_interactor.wait_for_job(job_response["id"], job_response["history_id"], self.maxseconds)
  File "/opt/hostedtoolcache/Python/3.12.12/x64/lib/python3.12/site-packages/galaxy/tool_util/verify/interactor.py", line 399, in wait_for_job
    self.wait_for(lambda: self.__job_ready(job_id, history_id), maxseconds=maxseconds)
  File "/opt/hostedtoolcache/Python/3.12.12/x64/lib/python3.12/site-packages/galaxy/tool_util/verify/interactor.py", line 403, in wait_for
    wait_on(func, what, walltime_exceeded)
  File "/opt/hostedtoolcache/Python/3.12.12/x64/lib/python3.12/site-packages/galaxy/tool_util/verify/wait.py", line 38, in wait_on
    value = function()
            ^^^^^^^^^^
  File "/opt/hostedtoolcache/Python/3.12.12/x64/lib/python3.12/site-packages/galaxy/tool_util/verify/interactor.py", line 399, in <lambda>
    self.wait_for(lambda: self.__job_ready(job_id, history_id), maxseconds=maxseconds)
                          ^^^^^^^^^^^^^^^^^^^^^^^^^^^^^^^^^^^^
  File "/opt/hostedtoolcache/Python/3.12.12/x64/lib/python3.12/site-packages/galaxy/tool_util/verify/interactor.py", line 749, in __job_ready
    return self._state_ready(job_id, error_msg="Job in error state.")
           ^^^^^^^^^^^^^^^^^^^^^^^^^^^^^^^^^^^^^^^^^^^^^^^^^^^^^^^^^^
  File "/opt/hostedtoolcache/Python/3.12.12/x64/lib/python3.12/site-packages/galaxy/tool_util/verify/interactor.py", line 841, in _state_ready
    raise Exception(
Exception: Job in error state.. tool_id: __DATA_FETCH__, exit_code: None, stderr: .
"><![CDATA[
                { "execution_problem": "Input staging problem: Traceback (most recent call last):\n  File \"/opt/hostedtoolcache/Python/3.12.12/x64/lib/python3.12/site-packages/galaxy/tool_util/verify/interactor.py\", line 1436, in verify_tool\n    stage_data_in_history(\n  File \"/opt/hostedtoolcache/Python/3.12.12/x64/lib/python3.12/site-packages/galaxy/tool_util/verify/interactor.py\", line 175, in stage_data_in_history\n    staging_interface.handle_jobs()\n  File \"/opt/hostedtoolcache/Python/3.12.12/x64/lib/python3.12/site-packages/galaxy/tool_util/verify/interactor.py\", line 212, in handle_jobs\n    self.galaxy_interactor.wait_for_job(job_response[\"id\"], job_response[\"history_id\"], self.maxseconds)\n  File \"/opt/hostedtoolcache/Python/3.12.12/x64/lib/python3.12/site-packages/galaxy/tool_util/verify/interactor.py\", line 399, in wait_for_job\n    self.wait_for(lambda: self.__job_ready(job_id, history_id), maxseconds=maxseconds)\n  File \"/opt/hostedtoolcache/Python/3.12.12/x64/lib/python3.12/site-packages/galaxy/tool_util/verify/interactor.py\", line 403, in wait_for\n    wait_on(func, what, walltime_exceeded)\n  File \"/opt/hostedtoolcache/Python/3.12.12/x64/lib/python3.12/site-packages/galaxy/tool_util/verify/wait.py\", line 38, in wait_on\n    value = function()\n            ^^^^^^^^^^\n  File \"/opt/hostedtoolcache/Python/3.12.12/x64/lib/python3.12/site-packages/galaxy/tool_util/verify/interactor.py\", line 399, in \u003clambda\u003e\n    self.wait_for(lambda: self.__job_ready(job_id, history_id), maxseconds=maxseconds)\n                          ^^^^^^^^^^^^^^^^^^^^^^^^^^^^^^^^^^^^\n  File \"/opt/hostedtoolcache/Python/3.12.12/x64/lib/python3.12/site-packages/galaxy/tool_util/verify/interactor.py\", line 749, in __job_ready\n    return self._state_ready(job_id, error_msg=\"Job in error state.\")\n           ^^^^^^^^^^^^^^^^^^^^^^^^^^^^^^^^^^^^^^^^^^^^^^^^^^^^^^^^^^\n  File \"/opt/hostedtoolcache/Python/3.12.12/x64/lib/python3.12/site-packages/galaxy/tool_util/verify/interactor.py\", line 841, in _state_ready\n    raise Exception(\nException: Job in error state.. tool_id: __DATA_FETCH__, exit_code: None, stderr: .\n", "status": "error", "test_index": 2, "time_seconds": 21.013164043426514, "tool_id": "bcftools_convert_to_vcf", "tool_version": "1.15.1+galaxy4"}
            ]]></error>
        
    </testcase>
    
    <testcase classname="bcftools_convert_to_vcf (Test #4)" name="3" time="35.803438901901245">
        
            
            <system-out><![CDATA[
            
            ]]></system-out>
            <system-err><![CDATA[
            
            ]]></system-err>
        
    </testcase>
    
    <testcase classname="bcftools_convert_to_vcf (Test #5)" name="4" time="">
        
            <error type="error" message=""><![CDATA[
                { "status": "skip", "test_index": 4, "tool_id": "bcftools_convert_to_vcf", "tool_version": "1.15.1+galaxy4"}
            ]]></error>
        
    </testcase>
    
    <testcase classname="bcftools_convert_to_vcf (Test #6)" name="5" time="35.04144310951233">
        
            
            <system-out><![CDATA[
            
            ]]></system-out>
            <system-err><![CDATA[
            Rows total: 27Rows skipped: 0Missing GTs: 1Hom RR: 14Het RA: 7Hom AA: 5Het AA: 0
            ]]></system-err>
        
    </testcase>
    
    <testcase classname="bcftools_convert_to_vcf (Test #7)" name="6" time="">
        
            <error type="error" message=""><![CDATA[
                { "status": "skip", "test_index": 6, "tool_id": "bcftools_convert_to_vcf", "tool_version": "1.15.1+galaxy4"}
            ]]></error>
        
    </testcase>
    
    <testcase classname="bcftools_plugin_fill_an_ac (Test #1)" name="0" time="38.303683042526245">
        
            
            <system-out><![CDATA[
            
            ]]></system-out>
            <system-err><![CDATA[
            
            ]]></system-err>
        
    </testcase>
    
    <testcase classname="collection_column_join (Test #1)" name="0" time="0.30377936363220215">
        
            <error type="error" message="Input staging problem: Traceback (most recent call last):
  File "/opt/hostedtoolcache/Python/3.12.12/x64/lib/python3.12/site-packages/galaxy/tool_util/verify/interactor.py", line 1436, in verify_tool
    stage_data_in_history(
  File "/opt/hostedtoolcache/Python/3.12.12/x64/lib/python3.12/site-packages/galaxy/tool_util/verify/interactor.py", line 163, in stage_data_in_history
    test_dict = galaxy_interactor.remote_to_input(
                ^^^^^^^^^^^^^^^^^^^^^^^^^^^^^^^^^^
  File "/opt/hostedtoolcache/Python/3.12.12/x64/lib/python3.12/site-packages/galaxy/tool_util/verify/interactor.py", line 582, in remote_to_input
    path_or_location = self._get_path_or_location(
                       ^^^^^^^^^^^^^^^^^^^^^^^^^^^
  File "/opt/hostedtoolcache/Python/3.12.12/x64/lib/python3.12/site-packages/galaxy/tool_util/verify/interactor.py", line 619, in _get_path_or_location
    path = self.test_data_download(
           ^^^^^^^^^^^^^^^^^^^^^^^^
  File "/opt/hostedtoolcache/Python/3.12.12/x64/lib/python3.12/site-packages/galaxy/tool_util/verify/interactor.py", line 525, in test_data_download
    raise AssertionError(f"Test input file ({filename}) cannot be found.")
AssertionError: Test input file (in_1.tabular) cannot be found.
"><![CDATA[
                { "execution_problem": "Input staging problem: Traceback (most recent call last):\n  File \"/opt/hostedtoolcache/Python/3.12.12/x64/lib/python3.12/site-packages/galaxy/tool_util/verify/interactor.py\", line 1436, in verify_tool\n    stage_data_in_history(\n  File \"/opt/hostedtoolcache/Python/3.12.12/x64/lib/python3.12/site-packages/galaxy/tool_util/verify/interactor.py\", line 163, in stage_data_in_history\n    test_dict = galaxy_interactor.remote_to_input(\n                ^^^^^^^^^^^^^^^^^^^^^^^^^^^^^^^^^^\n  File \"/opt/hostedtoolcache/Python/3.12.12/x64/lib/python3.12/site-packages/galaxy/tool_util/verify/interactor.py\", line 582, in remote_to_input\n    path_or_location = self._get_path_or_location(\n                       ^^^^^^^^^^^^^^^^^^^^^^^^^^^\n  File \"/opt/hostedtoolcache/Python/3.12.12/x64/lib/python3.12/site-packages/galaxy/tool_util/verify/interactor.py\", line 619, in _get_path_or_location\n    path = self.test_data_download(\n           ^^^^^^^^^^^^^^^^^^^^^^^^\n  File \"/opt/hostedtoolcache/Python/3.12.12/x64/lib/python3.12/site-packages/galaxy/tool_util/verify/interactor.py\", line 525, in test_data_download\n    raise AssertionError(f\"Test input file ({filename}) cannot be found.\")\nAssertionError: Test input file (in_1.tabular) cannot be found.\n", "status": "error", "test_index": 0, "time_seconds": 0.30377936363220215, "tool_id": "collection_column_join", "tool_version": "0.0.3"}
            ]]></error>
        
    </testcase>
    
    <testcase classname="collection_column_join (Test #2)" name="1" time="0.1548302173614502">
        
            <error type="error" message="Input staging problem: Traceback (most recent call last):
  File "/opt/hostedtoolcache/Python/3.12.12/x64/lib/python3.12/site-packages/galaxy/tool_util/verify/interactor.py", line 1436, in verify_tool
    stage_data_in_history(
  File "/opt/hostedtoolcache/Python/3.12.12/x64/lib/python3.12/site-packages/galaxy/tool_util/verify/interactor.py", line 163, in stage_data_in_history
    test_dict = galaxy_interactor.remote_to_input(
                ^^^^^^^^^^^^^^^^^^^^^^^^^^^^^^^^^^
  File "/opt/hostedtoolcache/Python/3.12.12/x64/lib/python3.12/site-packages/galaxy/tool_util/verify/interactor.py", line 582, in remote_to_input
    path_or_location = self._get_path_or_location(
                       ^^^^^^^^^^^^^^^^^^^^^^^^^^^
  File "/opt/hostedtoolcache/Python/3.12.12/x64/lib/python3.12/site-packages/galaxy/tool_util/verify/interactor.py", line 619, in _get_path_or_location
    path = self.test_data_download(
           ^^^^^^^^^^^^^^^^^^^^^^^^
  File "/opt/hostedtoolcache/Python/3.12.12/x64/lib/python3.12/site-packages/galaxy/tool_util/verify/interactor.py", line 525, in test_data_download
    raise AssertionError(f"Test input file ({filename}) cannot be found.")
AssertionError: Test input file (in_1_headerless.tabular) cannot be found.
"><![CDATA[
                { "execution_problem": "Input staging problem: Traceback (most recent call last):\n  File \"/opt/hostedtoolcache/Python/3.12.12/x64/lib/python3.12/site-packages/galaxy/tool_util/verify/interactor.py\", line 1436, in verify_tool\n    stage_data_in_history(\n  File \"/opt/hostedtoolcache/Python/3.12.12/x64/lib/python3.12/site-packages/galaxy/tool_util/verify/interactor.py\", line 163, in stage_data_in_history\n    test_dict = galaxy_interactor.remote_to_input(\n                ^^^^^^^^^^^^^^^^^^^^^^^^^^^^^^^^^^\n  File \"/opt/hostedtoolcache/Python/3.12.12/x64/lib/python3.12/site-packages/galaxy/tool_util/verify/interactor.py\", line 582, in remote_to_input\n    path_or_location = self._get_path_or_location(\n                       ^^^^^^^^^^^^^^^^^^^^^^^^^^^\n  File \"/opt/hostedtoolcache/Python/3.12.12/x64/lib/python3.12/site-packages/galaxy/tool_util/verify/interactor.py\", line 619, in _get_path_or_location\n    path = self.test_data_download(\n           ^^^^^^^^^^^^^^^^^^^^^^^^\n  File \"/opt/hostedtoolcache/Python/3.12.12/x64/lib/python3.12/site-packages/galaxy/tool_util/verify/interactor.py\", line 525, in test_data_download\n    raise AssertionError(f\"Test input file ({filename}) cannot be found.\")\nAssertionError: Test input file (in_1_headerless.tabular) cannot be found.\n", "status": "error", "test_index": 1, "time_seconds": 0.1548302173614502, "tool_id": "collection_column_join", "tool_version": "0.0.3"}
            ]]></error>
        
    </testcase>
    
    <testcase classname="collection_column_join (Test #3)" name="2" time="0.15382099151611328">
        
            <error type="error" message="Input staging problem: Traceback (most recent call last):
  File "/opt/hostedtoolcache/Python/3.12.12/x64/lib/python3.12/site-packages/galaxy/tool_util/verify/interactor.py", line 1436, in verify_tool
    stage_data_in_history(
  File "/opt/hostedtoolcache/Python/3.12.12/x64/lib/python3.12/site-packages/galaxy/tool_util/verify/interactor.py", line 163, in stage_data_in_history
    test_dict = galaxy_interactor.remote_to_input(
                ^^^^^^^^^^^^^^^^^^^^^^^^^^^^^^^^^^
  File "/opt/hostedtoolcache/Python/3.12.12/x64/lib/python3.12/site-packages/galaxy/tool_util/verify/interactor.py", line 582, in remote_to_input
    path_or_location = self._get_path_or_location(
                       ^^^^^^^^^^^^^^^^^^^^^^^^^^^
  File "/opt/hostedtoolcache/Python/3.12.12/x64/lib/python3.12/site-packages/galaxy/tool_util/verify/interactor.py", line 619, in _get_path_or_location
    path = self.test_data_download(
           ^^^^^^^^^^^^^^^^^^^^^^^^
  File "/opt/hostedtoolcache/Python/3.12.12/x64/lib/python3.12/site-packages/galaxy/tool_util/verify/interactor.py", line 525, in test_data_download
    raise AssertionError(f"Test input file ({filename}) cannot be found.")
AssertionError: Test input file (in_1.tabular) cannot be found.
"><![CDATA[
                { "execution_problem": "Input staging problem: Traceback (most recent call last):\n  File \"/opt/hostedtoolcache/Python/3.12.12/x64/lib/python3.12/site-packages/galaxy/tool_util/verify/interactor.py\", line 1436, in verify_tool\n    stage_data_in_history(\n  File \"/opt/hostedtoolcache/Python/3.12.12/x64/lib/python3.12/site-packages/galaxy/tool_util/verify/interactor.py\", line 163, in stage_data_in_history\n    test_dict = galaxy_interactor.remote_to_input(\n                ^^^^^^^^^^^^^^^^^^^^^^^^^^^^^^^^^^\n  File \"/opt/hostedtoolcache/Python/3.12.12/x64/lib/python3.12/site-packages/galaxy/tool_util/verify/interactor.py\", line 582, in remote_to_input\n    path_or_location = self._get_path_or_location(\n                       ^^^^^^^^^^^^^^^^^^^^^^^^^^^\n  File \"/opt/hostedtoolcache/Python/3.12.12/x64/lib/python3.12/site-packages/galaxy/tool_util/verify/interactor.py\", line 619, in _get_path_or_location\n    path = self.test_data_download(\n           ^^^^^^^^^^^^^^^^^^^^^^^^\n  File \"/opt/hostedtoolcache/Python/3.12.12/x64/lib/python3.12/site-packages/galaxy/tool_util/verify/interactor.py\", line 525, in test_data_download\n    raise AssertionError(f\"Test input file ({filename}) cannot be found.\")\nAssertionError: Test input file (in_1.tabular) cannot be found.\n", "status": "error", "test_index": 2, "time_seconds": 0.15382099151611328, "tool_id": "collection_column_join", "tool_version": "0.0.3"}
            ]]></error>
        
    </testcase>
    
    <testcase classname="collection_column_join (Test #4)" name="3" time="0.15644383430480957">
        
            <error type="error" message="Input staging problem: Traceback (most recent call last):
  File "/opt/hostedtoolcache/Python/3.12.12/x64/lib/python3.12/site-packages/galaxy/tool_util/verify/interactor.py", line 1436, in verify_tool
    stage_data_in_history(
  File "/opt/hostedtoolcache/Python/3.12.12/x64/lib/python3.12/site-packages/galaxy/tool_util/verify/interactor.py", line 163, in stage_data_in_history
    test_dict = galaxy_interactor.remote_to_input(
                ^^^^^^^^^^^^^^^^^^^^^^^^^^^^^^^^^^
  File "/opt/hostedtoolcache/Python/3.12.12/x64/lib/python3.12/site-packages/galaxy/tool_util/verify/interactor.py", line 582, in remote_to_input
    path_or_location = self._get_path_or_location(
                       ^^^^^^^^^^^^^^^^^^^^^^^^^^^
  File "/opt/hostedtoolcache/Python/3.12.12/x64/lib/python3.12/site-packages/galaxy/tool_util/verify/interactor.py", line 619, in _get_path_or_location
    path = self.test_data_download(
           ^^^^^^^^^^^^^^^^^^^^^^^^
  File "/opt/hostedtoolcache/Python/3.12.12/x64/lib/python3.12/site-packages/galaxy/tool_util/verify/interactor.py", line 525, in test_data_download
    raise AssertionError(f"Test input file ({filename}) cannot be found.")
AssertionError: Test input file (in_1_headerless.tabular) cannot be found.
"><![CDATA[
                { "execution_problem": "Input staging problem: Traceback (most recent call last):\n  File \"/opt/hostedtoolcache/Python/3.12.12/x64/lib/python3.12/site-packages/galaxy/tool_util/verify/interactor.py\", line 1436, in verify_tool\n    stage_data_in_history(\n  File \"/opt/hostedtoolcache/Python/3.12.12/x64/lib/python3.12/site-packages/galaxy/tool_util/verify/interactor.py\", line 163, in stage_data_in_history\n    test_dict = galaxy_interactor.remote_to_input(\n                ^^^^^^^^^^^^^^^^^^^^^^^^^^^^^^^^^^\n  File \"/opt/hostedtoolcache/Python/3.12.12/x64/lib/python3.12/site-packages/galaxy/tool_util/verify/interactor.py\", line 582, in remote_to_input\n    path_or_location = self._get_path_or_location(\n                       ^^^^^^^^^^^^^^^^^^^^^^^^^^^\n  File \"/opt/hostedtoolcache/Python/3.12.12/x64/lib/python3.12/site-packages/galaxy/tool_util/verify/interactor.py\", line 619, in _get_path_or_location\n    path = self.test_data_download(\n           ^^^^^^^^^^^^^^^^^^^^^^^^\n  File \"/opt/hostedtoolcache/Python/3.12.12/x64/lib/python3.12/site-packages/galaxy/tool_util/verify/interactor.py\", line 525, in test_data_download\n    raise AssertionError(f\"Test input file ({filename}) cannot be found.\")\nAssertionError: Test input file (in_1_headerless.tabular) cannot be found.\n", "status": "error", "test_index": 3, "time_seconds": 0.15644383430480957, "tool_id": "collection_column_join", "tool_version": "0.0.3"}
            ]]></error>
        
    </testcase>
    
    <testcase classname="deeptools_plot_coverage (Test #1)" name="0" time="54.05833148956299">
        
            
            <system-out><![CDATA[
            samplemeanstdmin25%50%75%maxbowtie2 test1.bam0.504.1000.00.00.035bowtie2 test1.bam0.504.1000.00.00.035
            ]]></system-out>
            <system-err><![CDATA[
            
            ]]></system-err>
        
    </testcase>
    
    <testcase classname="deeptools_plot_coverage (Test #2)" name="1" time="37.941321849823">
        
            
            <system-out><![CDATA[
            samplemeanstdmin25%50%75%maxbowtie2 test1.bam0.504.1000.00.00.035bowtie2 test1.bam0.504.1000.00.00.035
            ]]></system-out>
            <system-err><![CDATA[
            
            ]]></system-err>
        
    </testcase>
    
    <testcase classname="fastq_paired_end_interlacer (Test #1)" name="0" time="0.30111098289489746">
        
            <error type="error" message="Input staging problem: Traceback (most recent call last):
  File "/opt/hostedtoolcache/Python/3.12.12/x64/lib/python3.12/site-packages/galaxy/tool_util/verify/interactor.py", line 1436, in verify_tool
    stage_data_in_history(
  File "/opt/hostedtoolcache/Python/3.12.12/x64/lib/python3.12/site-packages/galaxy/tool_util/verify/interactor.py", line 163, in stage_data_in_history
    test_dict = galaxy_interactor.remote_to_input(
                ^^^^^^^^^^^^^^^^^^^^^^^^^^^^^^^^^^
  File "/opt/hostedtoolcache/Python/3.12.12/x64/lib/python3.12/site-packages/galaxy/tool_util/verify/interactor.py", line 582, in remote_to_input
    path_or_location = self._get_path_or_location(
                       ^^^^^^^^^^^^^^^^^^^^^^^^^^^
  File "/opt/hostedtoolcache/Python/3.12.12/x64/lib/python3.12/site-packages/galaxy/tool_util/verify/interactor.py", line 619, in _get_path_or_location
    path = self.test_data_download(
           ^^^^^^^^^^^^^^^^^^^^^^^^
  File "/opt/hostedtoolcache/Python/3.12.12/x64/lib/python3.12/site-packages/galaxy/tool_util/verify/interactor.py", line 525, in test_data_download
    raise AssertionError(f"Test input file ({filename}) cannot be found.")
AssertionError: Test input file (paired_end_1.fastqsanger) cannot be found.
"><![CDATA[
                { "execution_problem": "Input staging problem: Traceback (most recent call last):\n  File \"/opt/hostedtoolcache/Python/3.12.12/x64/lib/python3.12/site-packages/galaxy/tool_util/verify/interactor.py\", line 1436, in verify_tool\n    stage_data_in_history(\n  File \"/opt/hostedtoolcache/Python/3.12.12/x64/lib/python3.12/site-packages/galaxy/tool_util/verify/interactor.py\", line 163, in stage_data_in_history\n    test_dict = galaxy_interactor.remote_to_input(\n                ^^^^^^^^^^^^^^^^^^^^^^^^^^^^^^^^^^\n  File \"/opt/hostedtoolcache/Python/3.12.12/x64/lib/python3.12/site-packages/galaxy/tool_util/verify/interactor.py\", line 582, in remote_to_input\n    path_or_location = self._get_path_or_location(\n                       ^^^^^^^^^^^^^^^^^^^^^^^^^^^\n  File \"/opt/hostedtoolcache/Python/3.12.12/x64/lib/python3.12/site-packages/galaxy/tool_util/verify/interactor.py\", line 619, in _get_path_or_location\n    path = self.test_data_download(\n           ^^^^^^^^^^^^^^^^^^^^^^^^\n  File \"/opt/hostedtoolcache/Python/3.12.12/x64/lib/python3.12/site-packages/galaxy/tool_util/verify/interactor.py\", line 525, in test_data_download\n    raise AssertionError(f\"Test input file ({filename}) cannot be found.\")\nAssertionError: Test input file (paired_end_1.fastqsanger) cannot be found.\n", "status": "error", "test_index": 0, "time_seconds": 0.30111098289489746, "tool_id": "fastq_paired_end_interlacer", "tool_version": "1.2.0.1+galaxy0"}
            ]]></error>
        
    </testcase>
    
    <testcase classname="fastq_paired_end_interlacer (Test #2)" name="1" time="0.15314531326293945">
        
            <error type="error" message="Input staging problem: Traceback (most recent call last):
  File "/opt/hostedtoolcache/Python/3.12.12/x64/lib/python3.12/site-packages/galaxy/tool_util/verify/interactor.py", line 1436, in verify_tool
    stage_data_in_history(
  File "/opt/hostedtoolcache/Python/3.12.12/x64/lib/python3.12/site-packages/galaxy/tool_util/verify/interactor.py", line 163, in stage_data_in_history
    test_dict = galaxy_interactor.remote_to_input(
                ^^^^^^^^^^^^^^^^^^^^^^^^^^^^^^^^^^
  File "/opt/hostedtoolcache/Python/3.12.12/x64/lib/python3.12/site-packages/galaxy/tool_util/verify/interactor.py", line 582, in remote_to_input
    path_or_location = self._get_path_or_location(
                       ^^^^^^^^^^^^^^^^^^^^^^^^^^^
  File "/opt/hostedtoolcache/Python/3.12.12/x64/lib/python3.12/site-packages/galaxy/tool_util/verify/interactor.py", line 619, in _get_path_or_location
    path = self.test_data_download(
           ^^^^^^^^^^^^^^^^^^^^^^^^
  File "/opt/hostedtoolcache/Python/3.12.12/x64/lib/python3.12/site-packages/galaxy/tool_util/verify/interactor.py", line 525, in test_data_download
    raise AssertionError(f"Test input file ({filename}) cannot be found.")
AssertionError: Test input file (paired_end_1_errors.fastqsanger) cannot be found.
"><![CDATA[
                { "execution_problem": "Input staging problem: Traceback (most recent call last):\n  File \"/opt/hostedtoolcache/Python/3.12.12/x64/lib/python3.12/site-packages/galaxy/tool_util/verify/interactor.py\", line 1436, in verify_tool\n    stage_data_in_history(\n  File \"/opt/hostedtoolcache/Python/3.12.12/x64/lib/python3.12/site-packages/galaxy/tool_util/verify/interactor.py\", line 163, in stage_data_in_history\n    test_dict = galaxy_interactor.remote_to_input(\n                ^^^^^^^^^^^^^^^^^^^^^^^^^^^^^^^^^^\n  File \"/opt/hostedtoolcache/Python/3.12.12/x64/lib/python3.12/site-packages/galaxy/tool_util/verify/interactor.py\", line 582, in remote_to_input\n    path_or_location = self._get_path_or_location(\n                       ^^^^^^^^^^^^^^^^^^^^^^^^^^^\n  File \"/opt/hostedtoolcache/Python/3.12.12/x64/lib/python3.12/site-packages/galaxy/tool_util/verify/interactor.py\", line 619, in _get_path_or_location\n    path = self.test_data_download(\n           ^^^^^^^^^^^^^^^^^^^^^^^^\n  File \"/opt/hostedtoolcache/Python/3.12.12/x64/lib/python3.12/site-packages/galaxy/tool_util/verify/interactor.py\", line 525, in test_data_download\n    raise AssertionError(f\"Test input file ({filename}) cannot be found.\")\nAssertionError: Test input file (paired_end_1_errors.fastqsanger) cannot be found.\n", "status": "error", "test_index": 1, "time_seconds": 0.15314531326293945, "tool_id": "fastq_paired_end_interlacer", "tool_version": "1.2.0.1+galaxy0"}
            ]]></error>
        
    </testcase>
    
    <testcase classname="fastq_paired_end_interlacer (Test #3)" name="2" time="0.15413498878479004">
        
            <error type="error" message="Input staging problem: Traceback (most recent call last):
  File "/opt/hostedtoolcache/Python/3.12.12/x64/lib/python3.12/site-packages/galaxy/tool_util/verify/interactor.py", line 1436, in verify_tool
    stage_data_in_history(
  File "/opt/hostedtoolcache/Python/3.12.12/x64/lib/python3.12/site-packages/galaxy/tool_util/verify/interactor.py", line 163, in stage_data_in_history
    test_dict = galaxy_interactor.remote_to_input(
                ^^^^^^^^^^^^^^^^^^^^^^^^^^^^^^^^^^
  File "/opt/hostedtoolcache/Python/3.12.12/x64/lib/python3.12/site-packages/galaxy/tool_util/verify/interactor.py", line 582, in remote_to_input
    path_or_location = self._get_path_or_location(
                       ^^^^^^^^^^^^^^^^^^^^^^^^^^^
  File "/opt/hostedtoolcache/Python/3.12.12/x64/lib/python3.12/site-packages/galaxy/tool_util/verify/interactor.py", line 619, in _get_path_or_location
    path = self.test_data_download(
           ^^^^^^^^^^^^^^^^^^^^^^^^
  File "/opt/hostedtoolcache/Python/3.12.12/x64/lib/python3.12/site-packages/galaxy/tool_util/verify/interactor.py", line 525, in test_data_download
    raise AssertionError(f"Test input file ({filename}) cannot be found.")
AssertionError: Test input file (paired_end_1_errors.fastqsanger.gz) cannot be found.
"><![CDATA[
                { "execution_problem": "Input staging problem: Traceback (most recent call last):\n  File \"/opt/hostedtoolcache/Python/3.12.12/x64/lib/python3.12/site-packages/galaxy/tool_util/verify/interactor.py\", line 1436, in verify_tool\n    stage_data_in_history(\n  File \"/opt/hostedtoolcache/Python/3.12.12/x64/lib/python3.12/site-packages/galaxy/tool_util/verify/interactor.py\", line 163, in stage_data_in_history\n    test_dict = galaxy_interactor.remote_to_input(\n                ^^^^^^^^^^^^^^^^^^^^^^^^^^^^^^^^^^\n  File \"/opt/hostedtoolcache/Python/3.12.12/x64/lib/python3.12/site-packages/galaxy/tool_util/verify/interactor.py\", line 582, in remote_to_input\n    path_or_location = self._get_path_or_location(\n                       ^^^^^^^^^^^^^^^^^^^^^^^^^^^\n  File \"/opt/hostedtoolcache/Python/3.12.12/x64/lib/python3.12/site-packages/galaxy/tool_util/verify/interactor.py\", line 619, in _get_path_or_location\n    path = self.test_data_download(\n           ^^^^^^^^^^^^^^^^^^^^^^^^\n  File \"/opt/hostedtoolcache/Python/3.12.12/x64/lib/python3.12/site-packages/galaxy/tool_util/verify/interactor.py\", line 525, in test_data_download\n    raise AssertionError(f\"Test input file ({filename}) cannot be found.\")\nAssertionError: Test input file (paired_end_1_errors.fastqsanger.gz) cannot be found.\n", "status": "error", "test_index": 2, "time_seconds": 0.15413498878479004, "tool_id": "fastq_paired_end_interlacer", "tool_version": "1.2.0.1+galaxy0"}
            ]]></error>
        
    </testcase>
    
    <testcase classname="fastq_paired_end_interlacer (Test #4)" name="3" time="0.1564950942993164">
        
            <error type="error" message="Input staging problem: Traceback (most recent call last):
  File "/opt/hostedtoolcache/Python/3.12.12/x64/lib/python3.12/site-packages/galaxy/tool_util/verify/interactor.py", line 1436, in verify_tool
    stage_data_in_history(
  File "/opt/hostedtoolcache/Python/3.12.12/x64/lib/python3.12/site-packages/galaxy/tool_util/verify/interactor.py", line 163, in stage_data_in_history
    test_dict = galaxy_interactor.remote_to_input(
                ^^^^^^^^^^^^^^^^^^^^^^^^^^^^^^^^^^
  File "/opt/hostedtoolcache/Python/3.12.12/x64/lib/python3.12/site-packages/galaxy/tool_util/verify/interactor.py", line 582, in remote_to_input
    path_or_location = self._get_path_or_location(
                       ^^^^^^^^^^^^^^^^^^^^^^^^^^^
  File "/opt/hostedtoolcache/Python/3.12.12/x64/lib/python3.12/site-packages/galaxy/tool_util/verify/interactor.py", line 619, in _get_path_or_location
    path = self.test_data_download(
           ^^^^^^^^^^^^^^^^^^^^^^^^
  File "/opt/hostedtoolcache/Python/3.12.12/x64/lib/python3.12/site-packages/galaxy/tool_util/verify/interactor.py", line 525, in test_data_download
    raise AssertionError(f"Test input file ({filename}) cannot be found.")
AssertionError: Test input file (paired_end_1_errors.fastqsanger.bz2) cannot be found.
"><![CDATA[
                { "execution_problem": "Input staging problem: Traceback (most recent call last):\n  File \"/opt/hostedtoolcache/Python/3.12.12/x64/lib/python3.12/site-packages/galaxy/tool_util/verify/interactor.py\", line 1436, in verify_tool\n    stage_data_in_history(\n  File \"/opt/hostedtoolcache/Python/3.12.12/x64/lib/python3.12/site-packages/galaxy/tool_util/verify/interactor.py\", line 163, in stage_data_in_history\n    test_dict = galaxy_interactor.remote_to_input(\n                ^^^^^^^^^^^^^^^^^^^^^^^^^^^^^^^^^^\n  File \"/opt/hostedtoolcache/Python/3.12.12/x64/lib/python3.12/site-packages/galaxy/tool_util/verify/interactor.py\", line 582, in remote_to_input\n    path_or_location = self._get_path_or_location(\n                       ^^^^^^^^^^^^^^^^^^^^^^^^^^^\n  File \"/opt/hostedtoolcache/Python/3.12.12/x64/lib/python3.12/site-packages/galaxy/tool_util/verify/interactor.py\", line 619, in _get_path_or_location\n    path = self.test_data_download(\n           ^^^^^^^^^^^^^^^^^^^^^^^^\n  File \"/opt/hostedtoolcache/Python/3.12.12/x64/lib/python3.12/site-packages/galaxy/tool_util/verify/interactor.py\", line 525, in test_data_download\n    raise AssertionError(f\"Test input file ({filename}) cannot be found.\")\nAssertionError: Test input file (paired_end_1_errors.fastqsanger.bz2) cannot be found.\n", "status": "error", "test_index": 3, "time_seconds": 0.1564950942993164, "tool_id": "fastq_paired_end_interlacer", "tool_version": "1.2.0.1+galaxy0"}
            ]]></error>
        
    </testcase>
    
    <testcase classname="fastq_paired_end_interlacer (Test #5)" name="4" time="0.15980291366577148">
        
            <error type="error" message="Input staging problem: Traceback (most recent call last):
  File "/opt/hostedtoolcache/Python/3.12.12/x64/lib/python3.12/site-packages/galaxy/tool_util/verify/interactor.py", line 1436, in verify_tool
    stage_data_in_history(
  File "/opt/hostedtoolcache/Python/3.12.12/x64/lib/python3.12/site-packages/galaxy/tool_util/verify/interactor.py", line 163, in stage_data_in_history
    test_dict = galaxy_interactor.remote_to_input(
                ^^^^^^^^^^^^^^^^^^^^^^^^^^^^^^^^^^
  File "/opt/hostedtoolcache/Python/3.12.12/x64/lib/python3.12/site-packages/galaxy/tool_util/verify/interactor.py", line 582, in remote_to_input
    path_or_location = self._get_path_or_location(
                       ^^^^^^^^^^^^^^^^^^^^^^^^^^^
  File "/opt/hostedtoolcache/Python/3.12.12/x64/lib/python3.12/site-packages/galaxy/tool_util/verify/interactor.py", line 619, in _get_path_or_location
    path = self.test_data_download(
           ^^^^^^^^^^^^^^^^^^^^^^^^
  File "/opt/hostedtoolcache/Python/3.12.12/x64/lib/python3.12/site-packages/galaxy/tool_util/verify/interactor.py", line 525, in test_data_download
    raise AssertionError(f"Test input file ({filename}) cannot be found.")
AssertionError: Test input file (paired_end_1.fastqsanger) cannot be found.
"><![CDATA[
                { "execution_problem": "Input staging problem: Traceback (most recent call last):\n  File \"/opt/hostedtoolcache/Python/3.12.12/x64/lib/python3.12/site-packages/galaxy/tool_util/verify/interactor.py\", line 1436, in verify_tool\n    stage_data_in_history(\n  File \"/opt/hostedtoolcache/Python/3.12.12/x64/lib/python3.12/site-packages/galaxy/tool_util/verify/interactor.py\", line 163, in stage_data_in_history\n    test_dict = galaxy_interactor.remote_to_input(\n                ^^^^^^^^^^^^^^^^^^^^^^^^^^^^^^^^^^\n  File \"/opt/hostedtoolcache/Python/3.12.12/x64/lib/python3.12/site-packages/galaxy/tool_util/verify/interactor.py\", line 582, in remote_to_input\n    path_or_location = self._get_path_or_location(\n                       ^^^^^^^^^^^^^^^^^^^^^^^^^^^\n  File \"/opt/hostedtoolcache/Python/3.12.12/x64/lib/python3.12/site-packages/galaxy/tool_util/verify/interactor.py\", line 619, in _get_path_or_location\n    path = self.test_data_download(\n           ^^^^^^^^^^^^^^^^^^^^^^^^\n  File \"/opt/hostedtoolcache/Python/3.12.12/x64/lib/python3.12/site-packages/galaxy/tool_util/verify/interactor.py\", line 525, in test_data_download\n    raise AssertionError(f\"Test input file ({filename}) cannot be found.\")\nAssertionError: Test input file (paired_end_1.fastqsanger) cannot be found.\n", "status": "error", "test_index": 4, "time_seconds": 0.15980291366577148, "tool_id": "fastq_paired_end_interlacer", "tool_version": "1.2.0.1+galaxy0"}
            ]]></error>
        
    </testcase>
    
    <testcase classname="ivar_consensus (Test #1)" name="0" time="45.15953207015991">
        
            
            <system-out><![CDATA[
            Minimum Quality: 20Threshold: 0Minimum depth: 10Minimum Insert Threshold: 0.8Regions with depth less than minimum depth covered by: NReference length: 29903Positions with 0 depth: 113Positions with depth below 10: 1034
            ]]></system-out>
            <system-err><![CDATA[
            [mpileup] 1 samples in 1 input files[mpileup] Max depth set to maximum value (2147483647)
            ]]></system-err>
        
    </testcase>
    
    <testcase classname="jq (Test #1)" name="0" time="23.978244066238403">
        
            <error type="error" message="Input staging problem: Traceback (most recent call last):
  File "/opt/hostedtoolcache/Python/3.12.12/x64/lib/python3.12/site-packages/galaxy/tool_util/verify/interactor.py", line 1436, in verify_tool
    stage_data_in_history(
  File "/opt/hostedtoolcache/Python/3.12.12/x64/lib/python3.12/site-packages/galaxy/tool_util/verify/interactor.py", line 175, in stage_data_in_history
    staging_interface.handle_jobs()
  File "/opt/hostedtoolcache/Python/3.12.12/x64/lib/python3.12/site-packages/galaxy/tool_util/verify/interactor.py", line 212, in handle_jobs
    self.galaxy_interactor.wait_for_job(job_response["id"], job_response["history_id"], self.maxseconds)
  File "/opt/hostedtoolcache/Python/3.12.12/x64/lib/python3.12/site-packages/galaxy/tool_util/verify/interactor.py", line 399, in wait_for_job
    self.wait_for(lambda: self.__job_ready(job_id, history_id), maxseconds=maxseconds)
  File "/opt/hostedtoolcache/Python/3.12.12/x64/lib/python3.12/site-packages/galaxy/tool_util/verify/interactor.py", line 403, in wait_for
    wait_on(func, what, walltime_exceeded)
  File "/opt/hostedtoolcache/Python/3.12.12/x64/lib/python3.12/site-packages/galaxy/tool_util/verify/wait.py", line 38, in wait_on
    value = function()
            ^^^^^^^^^^
  File "/opt/hostedtoolcache/Python/3.12.12/x64/lib/python3.12/site-packages/galaxy/tool_util/verify/interactor.py", line 399, in <lambda>
    self.wait_for(lambda: self.__job_ready(job_id, history_id), maxseconds=maxseconds)
                          ^^^^^^^^^^^^^^^^^^^^^^^^^^^^^^^^^^^^
  File "/opt/hostedtoolcache/Python/3.12.12/x64/lib/python3.12/site-packages/galaxy/tool_util/verify/interactor.py", line 749, in __job_ready
    return self._state_ready(job_id, error_msg="Job in error state.")
           ^^^^^^^^^^^^^^^^^^^^^^^^^^^^^^^^^^^^^^^^^^^^^^^^^^^^^^^^^^
  File "/opt/hostedtoolcache/Python/3.12.12/x64/lib/python3.12/site-packages/galaxy/tool_util/verify/interactor.py", line 841, in _state_ready
    raise Exception(
Exception: Job in error state.. tool_id: __DATA_FETCH__, exit_code: None, stderr: .
"><![CDATA[
                { "execution_problem": "Input staging problem: Traceback (most recent call last):\n  File \"/opt/hostedtoolcache/Python/3.12.12/x64/lib/python3.12/site-packages/galaxy/tool_util/verify/interactor.py\", line 1436, in verify_tool\n    stage_data_in_history(\n  File \"/opt/hostedtoolcache/Python/3.12.12/x64/lib/python3.12/site-packages/galaxy/tool_util/verify/interactor.py\", line 175, in stage_data_in_history\n    staging_interface.handle_jobs()\n  File \"/opt/hostedtoolcache/Python/3.12.12/x64/lib/python3.12/site-packages/galaxy/tool_util/verify/interactor.py\", line 212, in handle_jobs\n    self.galaxy_interactor.wait_for_job(job_response[\"id\"], job_response[\"history_id\"], self.maxseconds)\n  File \"/opt/hostedtoolcache/Python/3.12.12/x64/lib/python3.12/site-packages/galaxy/tool_util/verify/interactor.py\", line 399, in wait_for_job\n    self.wait_for(lambda: self.__job_ready(job_id, history_id), maxseconds=maxseconds)\n  File \"/opt/hostedtoolcache/Python/3.12.12/x64/lib/python3.12/site-packages/galaxy/tool_util/verify/interactor.py\", line 403, in wait_for\n    wait_on(func, what, walltime_exceeded)\n  File \"/opt/hostedtoolcache/Python/3.12.12/x64/lib/python3.12/site-packages/galaxy/tool_util/verify/wait.py\", line 38, in wait_on\n    value = function()\n            ^^^^^^^^^^\n  File \"/opt/hostedtoolcache/Python/3.12.12/x64/lib/python3.12/site-packages/galaxy/tool_util/verify/interactor.py\", line 399, in \u003clambda\u003e\n    self.wait_for(lambda: self.__job_ready(job_id, history_id), maxseconds=maxseconds)\n                          ^^^^^^^^^^^^^^^^^^^^^^^^^^^^^^^^^^^^\n  File \"/opt/hostedtoolcache/Python/3.12.12/x64/lib/python3.12/site-packages/galaxy/tool_util/verify/interactor.py\", line 749, in __job_ready\n    return self._state_ready(job_id, error_msg=\"Job in error state.\")\n           ^^^^^^^^^^^^^^^^^^^^^^^^^^^^^^^^^^^^^^^^^^^^^^^^^^^^^^^^^^\n  File \"/opt/hostedtoolcache/Python/3.12.12/x64/lib/python3.12/site-packages/galaxy/tool_util/verify/interactor.py\", line 841, in _state_ready\n    raise Exception(\nException: Job in error state.. tool_id: __DATA_FETCH__, exit_code: None, stderr: .\n", "status": "error", "test_index": 0, "time_seconds": 23.978244066238403, "tool_id": "jq", "tool_version": "1.0"}
            ]]></error>
        
    </testcase>
    
    <testcase classname="jq (Test #2)" name="1" time="71.10451173782349">
        
            
            <system-out><![CDATA[
            
            ]]></system-out>
            <system-err><![CDATA[
            
            ]]></system-err>
        
    </testcase>
    
    <testcase classname="medaka_variant_pipeline (Test #1)" name="0" time="">
        
            <error type="error" message=""><![CDATA[
                { "status": "skip", "test_index": 0, "tool_id": "medaka_variant_pipeline", "tool_version": "1.4.4+galaxy1"}
            ]]></error>
        
    </testcase>
    
    <testcase classname="miniasm (Test #1)" name="0" time="13.462284564971924">
        
            <error type="error" message="Input staging problem: Traceback (most recent call last):
  File "/opt/hostedtoolcache/Python/3.12.12/x64/lib/python3.12/site-packages/galaxy/tool_util/verify/interactor.py", line 1436, in verify_tool
    stage_data_in_history(
  File "/opt/hostedtoolcache/Python/3.12.12/x64/lib/python3.12/site-packages/galaxy/tool_util/verify/interactor.py", line 175, in stage_data_in_history
    staging_interface.handle_jobs()
  File "/opt/hostedtoolcache/Python/3.12.12/x64/lib/python3.12/site-packages/galaxy/tool_util/verify/interactor.py", line 212, in handle_jobs
    self.galaxy_interactor.wait_for_job(job_response["id"], job_response["history_id"], self.maxseconds)
  File "/opt/hostedtoolcache/Python/3.12.12/x64/lib/python3.12/site-packages/galaxy/tool_util/verify/interactor.py", line 399, in wait_for_job
    self.wait_for(lambda: self.__job_ready(job_id, history_id), maxseconds=maxseconds)
  File "/opt/hostedtoolcache/Python/3.12.12/x64/lib/python3.12/site-packages/galaxy/tool_util/verify/interactor.py", line 403, in wait_for
    wait_on(func, what, walltime_exceeded)
  File "/opt/hostedtoolcache/Python/3.12.12/x64/lib/python3.12/site-packages/galaxy/tool_util/verify/wait.py", line 38, in wait_on
    value = function()
            ^^^^^^^^^^
  File "/opt/hostedtoolcache/Python/3.12.12/x64/lib/python3.12/site-packages/galaxy/tool_util/verify/interactor.py", line 399, in <lambda>
    self.wait_for(lambda: self.__job_ready(job_id, history_id), maxseconds=maxseconds)
                          ^^^^^^^^^^^^^^^^^^^^^^^^^^^^^^^^^^^^
  File "/opt/hostedtoolcache/Python/3.12.12/x64/lib/python3.12/site-packages/galaxy/tool_util/verify/interactor.py", line 749, in __job_ready
    return self._state_ready(job_id, error_msg="Job in error state.")
           ^^^^^^^^^^^^^^^^^^^^^^^^^^^^^^^^^^^^^^^^^^^^^^^^^^^^^^^^^^
  File "/opt/hostedtoolcache/Python/3.12.12/x64/lib/python3.12/site-packages/galaxy/tool_util/verify/interactor.py", line 841, in _state_ready
    raise Exception(
Exception: Job in error state.. tool_id: __DATA_FETCH__, exit_code: None, stderr: .
"><![CDATA[
                { "execution_problem": "Input staging problem: Traceback (most recent call last):\n  File \"/opt/hostedtoolcache/Python/3.12.12/x64/lib/python3.12/site-packages/galaxy/tool_util/verify/interactor.py\", line 1436, in verify_tool\n    stage_data_in_history(\n  File \"/opt/hostedtoolcache/Python/3.12.12/x64/lib/python3.12/site-packages/galaxy/tool_util/verify/interactor.py\", line 175, in stage_data_in_history\n    staging_interface.handle_jobs()\n  File \"/opt/hostedtoolcache/Python/3.12.12/x64/lib/python3.12/site-packages/galaxy/tool_util/verify/interactor.py\", line 212, in handle_jobs\n    self.galaxy_interactor.wait_for_job(job_response[\"id\"], job_response[\"history_id\"], self.maxseconds)\n  File \"/opt/hostedtoolcache/Python/3.12.12/x64/lib/python3.12/site-packages/galaxy/tool_util/verify/interactor.py\", line 399, in wait_for_job\n    self.wait_for(lambda: self.__job_ready(job_id, history_id), maxseconds=maxseconds)\n  File \"/opt/hostedtoolcache/Python/3.12.12/x64/lib/python3.12/site-packages/galaxy/tool_util/verify/interactor.py\", line 403, in wait_for\n    wait_on(func, what, walltime_exceeded)\n  File \"/opt/hostedtoolcache/Python/3.12.12/x64/lib/python3.12/site-packages/galaxy/tool_util/verify/wait.py\", line 38, in wait_on\n    value = function()\n            ^^^^^^^^^^\n  File \"/opt/hostedtoolcache/Python/3.12.12/x64/lib/python3.12/site-packages/galaxy/tool_util/verify/interactor.py\", line 399, in \u003clambda\u003e\n    self.wait_for(lambda: self.__job_ready(job_id, history_id), maxseconds=maxseconds)\n                          ^^^^^^^^^^^^^^^^^^^^^^^^^^^^^^^^^^^^\n  File \"/opt/hostedtoolcache/Python/3.12.12/x64/lib/python3.12/site-packages/galaxy/tool_util/verify/interactor.py\", line 749, in __job_ready\n    return self._state_ready(job_id, error_msg=\"Job in error state.\")\n           ^^^^^^^^^^^^^^^^^^^^^^^^^^^^^^^^^^^^^^^^^^^^^^^^^^^^^^^^^^\n  File \"/opt/hostedtoolcache/Python/3.12.12/x64/lib/python3.12/site-packages/galaxy/tool_util/verify/interactor.py\", line 841, in _state_ready\n    raise Exception(\nException: Job in error state.. tool_id: __DATA_FETCH__, exit_code: None, stderr: .\n", "status": "error", "test_index": 0, "time_seconds": 13.462284564971924, "tool_id": "miniasm", "tool_version": "0.3_r179+galaxy1"}
            ]]></error>
        
    </testcase>
    
    <testcase classname="miniasm (Test #2)" name="1" time="41.52129793167114">
        
            
                <error type="error" message="Tool exit code: None"><![CDATA[
                    { "inputs": {  "graph|finalDropRatio": "0.7",  "graph|maxBubDist": "45000",  "graph|maxGapDiff": "999",  "graph|minUtgSize": "3",  "graph|nRounds": "2",  "overlapping|intThres": "0.7",  "overlapping|maxHang": "999",  "overlapping|minOvlp": "999",  "paf": {   "id": "3e87847208293bce",   "src": "hda"  },  "preselection|minCov": "2",  "preselection|minIden": "0.04",  "preselection|minMatch": "99",  "preselection|minSpan": "999",  "readFile": {   "id": "389cfeb71509ad2a",   "src": "hda"  } }, "job": {  "command_line": "miniasm -f \u0027/galaxy/server/database/objects/5/7/3/dataset_57376165-e126-4c74-8968-00c9dffbacb1.dat\u0027 -m \u002799\u0027 -i \u00270.04\u0027 -s \u0027999\u0027 -c \u00272\u0027 -o \u0027999\u0027 -h \u0027999\u0027 -I \u00270.7\u0027 -g \u0027999\u0027 -d \u002745000\u0027 -e \u00273\u0027 -n \u00272\u0027 -F \u00270.7\u0027 \u0027/galaxy/server/database/objects/b/0/3/dataset_b033561b-d177-4255-939e-374601df8112.dat\u0027 \u003e \u0027/galaxy/server/database/objects/b/2/0/dataset_b2045482-8301-495b-b496-05a73ac0b215.dat\u0027",  "command_version": null,  "copied_from_job_id": null,  "create_time": "2025-11-26T13:14:10.174746",  "dependencies": [],  "exit_code": null,  "external_id": "gxy-rhn5z",  "galaxy_version": "24.1",  "handler": null,  "history_id": "a704f6601bc8dd6f",  "id": "389cfeb71509ad2a",  "inputs": {   "paf": {    "id": "873326cb6ba0ce0f",    "src": "hda",    "uuid": "b033561b-d177-4255-939e-374601df8112"   },   "readFile": {    "id": "389cfeb71509ad2a",    "src": "hda",    "uuid": "57376165-e126-4c74-8968-00c9dffbacb1"   }  },  "job_messages": null,  "job_metrics": [],  "job_runner_name": null,  "job_stderr": null,  "job_stdout": null,  "model_class": "Job",  "output_collections": {},  "outputs": {   "gfa": {    "id": "4740aad1d7477de4",    "src": "hda",    "uuid": "b2045482-8301-495b-b496-05a73ac0b215"   }  },  "params": {   "__input_ext": "\"input\"",   "chromInfo": "\"/cvmfs/data.galaxyproject.org/managed/len/ucsc/?.len\"",   "dbkey": "\"?\"",   "graph": "{\"finalDropRatio\": \"0.7\", \"maxBubDist\": \"45000\", \"maxGapDiff\": \"999\", \"minUtgSize\": \"3\", \"nRounds\": \"2\"}",   "overlapping": "{\"intThres\": \"0.7\", \"maxHang\": \"999\", \"minOvlp\": \"999\"}",   "preselection": "{\"minCov\": \"2\", \"minIden\": \"0.04\", \"minMatch\": \"99\", \"minSpan\": \"999\"}"  },  "state": "error",  "stderr": "[M::main] ===\u003e Step 1: reading read mappings \u003c===\n[M::ma_hit_read::0.108*1.00] read 100000 hits; stored 187766 hits and 12068 sequences (111355211 bp)\n[M::main] ===\u003e Step 2: 1-pass (crude) read selection \u003c===\n[M::ma_hit_sub::0.124*1.00] 10122 query sequences remain after sub\n[M::ma_hit_cut::0.127*1.00] 171862 hits remain after cut\n[M::ma_hit_flt::0.129*1.00] 165533 hits remain after filtering; crude coverage after filtering: 11.51\n[M::main] ===\u003e Step 3: 2-pass (fine) read selection \u003c===\n[M::ma_hit_sub::0.134*1.00] 9994 query sequences remain after sub\n[M::ma_hit_cut::0.136*1.00] 163595 hits remain after cut\n[M::ma_hit_contained::0.139*1.00] 1772 sequences and 10061 hits remain after containment removal\n[M::main] ===\u003e Step 4: graph cleaning \u003c===\n[M::ma_sg_gen] read 9758 arcs\n[M::main] ===\u003e Step 4.1: transitive reduction \u003c===\n[M::asg_arc_del_trans] transitively reduced 4694 arcs\n[M::asg_arc_del_multi] removed 0 multi-arcs\n[M::asg_arc_del_asymm] removed 484 asymmetric arcs\n[M::main] ===\u003e Step 4.2: initial tip cutting and bubble popping \u003c===\n[M::asg_cut_tip] cut 282 tips\n[M::asg_pop_bubble] popped 173 bubbles and trimmed 6 tips\n[M::main] ===\u003e Step 4.3: cutting short overlaps (2 rounds in total) \u003c===\n[M::asg_arc_del_multi] removed 0 multi-arcs\n[M::asg_arc_del_asymm] removed 26 asymmetric arcs\n[M::asg_arc_del_short] removed 38 short overlaps\n[M::asg_cut_tip] cut 53 tips\n[M::asg_pop_bubble] popped 8 bubbles and trimmed 0 tips\n[M::asg_arc_del_multi] removed 0 multi-arcs\n[M::asg_arc_del_asymm] removed 2 asymmetric arcs\n[M::asg_arc_del_short] removed 2 short overlaps\n[M::asg_cut_tip] cut 2 tips\n[M::asg_pop_bubble] popped 0 bubbles and trimmed 0 tips\n[M::main] ===\u003e Step 4.4: removing short internal sequences and bi-loops \u003c===\n[M::asg_cut_internal] cut 0 internal sequences\n[M::asg_cut_biloop] cut 0 small bi-loops\n[M::asg_cut_tip] cut 0 tips\n[M::asg_pop_bubble] popped 0 bubbles and trimmed 0 tips\n[M::main] ===\u003e Step 4.5: aggressively cutting short overlaps \u003c===\n[M::asg_arc_del_short] removed 0 short overlaps\n[M::main] ===\u003e Step 5: generating unitigs \u003c===\n[M::main] Version: 0.3-r179\n[M::main] CMD: miniasm -f /galaxy/server/database/objects/5/7/3/dataset_57376165-e126-4c74-8968-00c9dffbacb1.dat -m 99 -i 0.04 -s 999 -c 2 -o 999 -h 999 -I 0.7 -g 999 -d 45000 -e 3 -n 2 -F 0.7 /galaxy/server/database/objects/b/0/3/dataset_b033561b-d177-4255-939e-374601df8112.dat\n[M::main] Real time: 0.154 sec; CPU: 0.152 sec\n",  "stdout": "",  "tool_id": "toolshed.g2.bx.psu.edu/repos/iuc/miniasm/miniasm/0.3_r179+galaxy1",  "tool_stderr": "[M::main] ===\u003e Step 1: reading read mappings \u003c===\n[M::ma_hit_read::0.108*1.00] read 100000 hits; stored 187766 hits and 12068 sequences (111355211 bp)\n[M::main] ===\u003e Step 2: 1-pass (crude) read selection \u003c===\n[M::ma_hit_sub::0.124*1.00] 10122 query sequences remain after sub\n[M::ma_hit_cut::0.127*1.00] 171862 hits remain after cut\n[M::ma_hit_flt::0.129*1.00] 165533 hits remain after filtering; crude coverage after filtering: 11.51\n[M::main] ===\u003e Step 3: 2-pass (fine) read selection \u003c===\n[M::ma_hit_sub::0.134*1.00] 9994 query sequences remain after sub\n[M::ma_hit_cut::0.136*1.00] 163595 hits remain after cut\n[M::ma_hit_contained::0.139*1.00] 1772 sequences and 10061 hits remain after containment removal\n[M::main] ===\u003e Step 4: graph cleaning \u003c===\n[M::ma_sg_gen] read 9758 arcs\n[M::main] ===\u003e Step 4.1: transitive reduction \u003c===\n[M::asg_arc_del_trans] transitively reduced 4694 arcs\n[M::asg_arc_del_multi] removed 0 multi-arcs\n[M::asg_arc_del_asymm] removed 484 asymmetric arcs\n[M::main] ===\u003e Step 4.2: initial tip cutting and bubble popping \u003c===\n[M::asg_cut_tip] cut 282 tips\n[M::asg_pop_bubble] popped 173 bubbles and trimmed 6 tips\n[M::main] ===\u003e Step 4.3: cutting short overlaps (2 rounds in total) \u003c===\n[M::asg_arc_del_multi] removed 0 multi-arcs\n[M::asg_arc_del_asymm] removed 26 asymmetric arcs\n[M::asg_arc_del_short] removed 38 short overlaps\n[M::asg_cut_tip] cut 53 tips\n[M::asg_pop_bubble] popped 8 bubbles and trimmed 0 tips\n[M::asg_arc_del_multi] removed 0 multi-arcs\n[M::asg_arc_del_asymm] removed 2 asymmetric arcs\n[M::asg_arc_del_short] removed 2 short overlaps\n[M::asg_cut_tip] cut 2 tips\n[M::asg_pop_bubble] popped 0 bubbles and trimmed 0 tips\n[M::main] ===\u003e Step 4.4: removing short internal sequences and bi-loops \u003c===\n[M::asg_cut_internal] cut 0 internal sequences\n[M::asg_cut_biloop] cut 0 small bi-loops\n[M::asg_cut_tip] cut 0 tips\n[M::asg_pop_bubble] popped 0 bubbles and trimmed 0 tips\n[M::main] ===\u003e Step 4.5: aggressively cutting short overlaps \u003c===\n[M::asg_arc_del_short] removed 0 short overlaps\n[M::main] ===\u003e Step 5: generating unitigs \u003c===\n[M::main] Version: 0.3-r179\n[M::main] CMD: miniasm -f /galaxy/server/database/objects/5/7/3/dataset_57376165-e126-4c74-8968-00c9dffbacb1.dat -m 99 -i 0.04 -s 999 -c 2 -o 999 -h 999 -I 0.7 -g 999 -d 45000 -e 3 -n 2 -F 0.7 /galaxy/server/database/objects/b/0/3/dataset_b033561b-d177-4255-939e-374601df8112.dat\n[M::main] Real time: 0.154 sec; CPU: 0.152 sec\n",  "tool_stdout": "",  "update_time": "2025-11-26T13:14:29.195553",  "user_email": "tests@fake.org" }, "output_problems": [  "Job in error state.. tool_id: toolshed.g2.bx.psu.edu/repos/iuc/miniasm/miniasm/0.3_r179+galaxy1, exit_code: None, stderr: [M::main] ===\u003e Step 1: reading read mappings \u003c===\n[M::ma_hit_read::0.108*1.00] read 100000 hits; stored 187766 hits and 12068 sequences (111355211 bp)\n[M::main] ===\u003e Step 2: 1-pass (crude) read selection \u003c===\n[M::ma_hit_sub::0.124*1.00] 10122 query sequences remain after sub\n[M::ma_hit_cut::0.127*1.00] 171862 hits remain after cut\n[M::ma_hit_flt::0.129*1.00] 165533 hits remain after filtering; crude coverage after filtering: 11.51\n[M::main] ===\u003e Step 3: 2-pass (fine) read selection \u003c===\n[M::ma_hit_sub::0.134*1.00] 9994 query sequences remain after sub\n[M::ma_hit_cut::0.136*1.00] 163595 hits remain after cut\n[M::ma_hit_contained::0.139*1.00] 1772 sequences and 10061 hits remain after containment removal\n[M::main] ===\u003e Step 4: graph cleaning \u003c===\n[M::ma_sg_gen] read 9758 arcs\n[M::main] ===\u003e Step 4.1: transitive reduction \u003c===\n[M::asg_arc_del_trans] transitively reduced 4694 arcs\n[M::asg_arc_del_multi] removed 0 multi-arcs\n[M::asg_arc_del_asymm] removed 484 asymmetric arcs\n[M::main] ===\u003e Step 4.2: initial tip cutting and bubble popping \u003c===\n[M::asg_cut_tip] cut 282 tips\n[M::asg_pop_bubble] popped 173 bubbles and trimmed 6 tips\n[M::main] ===\u003e Step 4.3: cutting short overlaps (2 rounds in total) \u003c===\n[M::asg_arc_del_multi] removed 0 multi-arcs\n[M::asg_arc_del_asymm] removed 26 asymmetric arcs\n[M::asg_arc_del_short] removed 38 short overlaps\n[M::asg_cut_tip] cut 53 tips\n[M::asg_pop_bubble] popped 8 bubbles and trimmed 0 tips\n[M::asg_arc_del_multi] removed 0 multi-arcs\n[M::asg_arc_del_asymm] removed 2 asymmetric arcs\n[M::asg_arc_del_short] removed 2 short overlaps\n[M::asg_cut_tip] cut 2 tips\n[M::asg_pop_bubble] popped 0 bubbles and trimmed 0 tips\n[M::main] ===\u003e Step 4.4: removing short internal sequences and bi-loops \u003c===\n[M::asg_cut_internal] cut 0 internal sequences\n[M::asg_cut_biloop] cut 0 small bi-loops\n[M::asg_cut_tip] cut 0 tips\n[M::asg_pop_bubble] popped 0 bubbles and trimmed 0 tips\n[M::main] ===\u003e Step 4.5: aggressively cutting short overlaps \u003c===\n[M::asg_arc_del_short] removed 0 short overlaps\n[M::main] ===\u003e Step 5: generating unitigs \u003c===\n[M::main] Version: 0.3-r179\n[M::main] CMD: miniasm -f /galaxy/server/database/objects/5/7/3/dataset_57376165-e126-4c74-8968-00c9dffbacb1.dat -m 99 -i 0.04 -s 999 -c 2 -o 999 -h 999 -I 0.7 -g 999 -d 45000 -e 3 -n 2 -F 0.7 /galaxy/server/database/objects/b/0/3/dataset_b033561b-d177-4255-939e-374601df8112.dat\n[M::main] Real time: 0.154 sec; CPU: 0.152 sec\n.",  "Job in error state.. tool_id: toolshed.g2.bx.psu.edu/repos/iuc/miniasm/miniasm/0.3_r179+galaxy1, exit_code: None, stderr: [M::main] ===\u003e Step 1: reading read mappings \u003c===\n[M::ma_hit_read::0.108*1.00] read 100000 hits; stored 187766 hits and 12068 sequences (111355211 bp)\n[M::main] ===\u003e Step 2: 1-pass (crude) read selection \u003c===\n[M::ma_hit_sub::0.124*1.00] 10122 query sequences remain after sub\n[M::ma_hit_cut::0.127*1.00] 171862 hits remain after cut\n[M::ma_hit_flt::0.129*1.00] 165533 hits remain after filtering; crude coverage after filtering: 11.51\n[M::main] ===\u003e Step 3: 2-pass (fine) read selection \u003c===\n[M::ma_hit_sub::0.134*1.00] 9994 query sequences remain after sub\n[M::ma_hit_cut::0.136*1.00] 163595 hits remain after cut\n[M::ma_hit_contained::0.139*1.00] 1772 sequences and 10061 hits remain after containment removal\n[M::main] ===\u003e Step 4: graph cleaning \u003c===\n[M::ma_sg_gen] read 9758 arcs\n[M::main] ===\u003e Step 4.1: transitive reduction \u003c===\n[M::asg_arc_del_trans] transitively reduced 4694 arcs\n[M::asg_arc_del_multi] removed 0 multi-arcs\n[M::asg_arc_del_asymm] removed 484 asymmetric arcs\n[M::main] ===\u003e Step 4.2: initial tip cutting and bubble popping \u003c===\n[M::asg_cut_tip] cut 282 tips\n[M::asg_pop_bubble] popped 173 bubbles and trimmed 6 tips\n[M::main] ===\u003e Step 4.3: cutting short overlaps (2 rounds in total) \u003c===\n[M::asg_arc_del_multi] removed 0 multi-arcs\n[M::asg_arc_del_asymm] removed 26 asymmetric arcs\n[M::asg_arc_del_short] removed 38 short overlaps\n[M::asg_cut_tip] cut 53 tips\n[M::asg_pop_bubble] popped 8 bubbles and trimmed 0 tips\n[M::asg_arc_del_multi] removed 0 multi-arcs\n[M::asg_arc_del_asymm] removed 2 asymmetric arcs\n[M::asg_arc_del_short] removed 2 short overlaps\n[M::asg_cut_tip] cut 2 tips\n[M::asg_pop_bubble] popped 0 bubbles and trimmed 0 tips\n[M::main] ===\u003e Step 4.4: removing short internal sequences and bi-loops \u003c===\n[M::asg_cut_internal] cut 0 internal sequences\n[M::asg_cut_biloop] cut 0 small bi-loops\n[M::asg_cut_tip] cut 0 tips\n[M::asg_pop_bubble] popped 0 bubbles and trimmed 0 tips\n[M::main] ===\u003e Step 4.5: aggressively cutting short overlaps \u003c===\n[M::asg_arc_del_short] removed 0 short overlaps\n[M::main] ===\u003e Step 5: generating unitigs \u003c===\n[M::main] Version: 0.3-r179\n[M::main] CMD: miniasm -f /galaxy/server/database/objects/5/7/3/dataset_57376165-e126-4c74-8968-00c9dffbacb1.dat -m 99 -i 0.04 -s 999 -c 2 -o 999 -h 999 -I 0.7 -g 999 -d 45000 -e 3 -n 2 -F 0.7 /galaxy/server/database/objects/b/0/3/dataset_b033561b-d177-4255-939e-374601df8112.dat\n[M::main] Real time: 0.154 sec; CPU: 0.152 sec\n." ], "status": "failure", "test_index": 1, "time_seconds": 41.52129793167114, "tool_id": "miniasm", "tool_version": "0.3_r179+galaxy1"}
                ]]></error>
            
            <system-out><![CDATA[
            
            ]]></system-out>
            <system-err><![CDATA[
            [M::main] ===> Step 1: reading read mappings <===[M::ma_hit_read::0.108*1.00] read 100000 hits; stored 187766 hits and 12068 sequences (111355211 bp)[M::main] ===> Step 2: 1-pass (crude) read selection <===[M::ma_hit_sub::0.124*1.00] 10122 query sequences remain after sub[M::ma_hit_cut::0.127*1.00] 171862 hits remain after cut[M::ma_hit_flt::0.129*1.00] 165533 hits remain after filtering; crude coverage after filtering: 11.51[M::main] ===> Step 3: 2-pass (fine) read selection <===[M::ma_hit_sub::0.134*1.00] 9994 query sequences remain after sub[M::ma_hit_cut::0.136*1.00] 163595 hits remain after cut[M::ma_hit_contained::0.139*1.00] 1772 sequences and 10061 hits remain after containment removal[M::main] ===> Step 4: graph cleaning <===[M::ma_sg_gen] read 9758 arcs[M::main] ===> Step 4.1: transitive reduction <===[M::asg_arc_del_trans] transitively reduced 4694 arcs[M::asg_arc_del_multi] removed 0 multi-arcs[M::asg_arc_del_asymm] removed 484 asymmetric arcs[M::main] ===> Step 4.2: initial tip cutting and bubble popping <===[M::asg_cut_tip] cut 282 tips[M::asg_pop_bubble] popped 173 bubbles and trimmed 6 tips[M::main] ===> Step 4.3: cutting short overlaps (2 rounds in total) <===[M::asg_arc_del_multi] removed 0 multi-arcs[M::asg_arc_del_asymm] removed 26 asymmetric arcs[M::asg_arc_del_short] removed 38 short overlaps[M::asg_cut_tip] cut 53 tips[M::asg_pop_bubble] popped 8 bubbles and trimmed 0 tips[M::asg_arc_del_multi] removed 0 multi-arcs[M::asg_arc_del_asymm] removed 2 asymmetric arcs[M::asg_arc_del_short] removed 2 short overlaps[M::asg_cut_tip] cut 2 tips[M::asg_pop_bubble] popped 0 bubbles and trimmed 0 tips[M::main] ===> Step 4.4: removing short internal sequences and bi-loops <===[M::asg_cut_internal] cut 0 internal sequences[M::asg_cut_biloop] cut 0 small bi-loops[M::asg_cut_tip] cut 0 tips[M::asg_pop_bubble] popped 0 bubbles and trimmed 0 tips[M::main] ===> Step 4.5: aggressively cutting short overlaps <===[M::asg_arc_del_short] removed 0 short overlaps[M::main] ===> Step 5: generating unitigs <===[M::main] Version: 0.3-r179[M::main] CMD: miniasm -f /galaxy/server/database/objects/5/7/3/dataset_57376165-e126-4c74-8968-00c9dffbacb1.dat -m 99 -i 0.04 -s 999 -c 2 -o 999 -h 999 -I 0.7 -g 999 -d 45000 -e 3 -n 2 -F 0.7 /galaxy/server/database/objects/b/0/3/dataset_b033561b-d177-4255-939e-374601df8112.dat[M::main] Real time: 0.154 sec; CPU: 0.152 sec
            ]]></system-err>
        
    </testcase>
    
    <testcase classname="poretools_qualdist (Test #1)" name="0" time="62.2450692653656">
        
            
            <system-out><![CDATA[
            
            ]]></system-out>
            <system-err><![CDATA[
            
            ]]></system-err>
        
    </testcase>
    
    <testcase classname="poretools_qualdist (Test #2)" name="1" time="26.701639413833618">
        
            
                <error type="error" message="Tool exit code: None"><![CDATA[
                    { "inputs": {  "input": {   "id": "7af82a6a874fbddf",   "src": "hda"  } }, "job": {  "command_line": "poretools qualdist \u0027/galaxy/server/database/objects/f/c/e/dataset_fce83da5-9b57-4319-bcc3-a3ec04c0032b.dat\u0027 \u003e \u0027/galaxy/server/database/objects/f/9/d/dataset_f9d1a96b-ec7d-473c-9150-ab80df21c8da.dat\u0027",  "command_version": null,  "copied_from_job_id": null,  "create_time": "2025-11-26T13:11:52.815650",  "dependencies": [],  "exit_code": null,  "external_id": "gxy-pbj8q",  "galaxy_version": "24.1",  "handler": null,  "history_id": "a704f6601bc8dd6f",  "id": "ef04f3da2eef7e09",  "inputs": {   "input": {    "id": "7af82a6a874fbddf",    "src": "hda",    "uuid": "fce83da5-9b57-4319-bcc3-a3ec04c0032b"   }  },  "job_messages": null,  "job_metrics": [],  "job_runner_name": null,  "job_stderr": null,  "job_stdout": null,  "model_class": "Job",  "output_collections": {},  "outputs": {   "output": {    "id": "ef04f3da2eef7e09",    "src": "hda",    "uuid": "f9d1a96b-ec7d-473c-9150-ab80df21c8da"   }  },  "params": {   "__input_ext": "\"input\"",   "chromInfo": "\"/cvmfs/data.galaxyproject.org/managed/len/ucsc/?.len\"",   "dbkey": "\"?\""  },  "state": "error",  "stderr": "",  "stdout": "",  "tool_id": "toolshed.g2.bx.psu.edu/repos/iuc/poretools_qualdist/poretools_qualdist/0.6.1a1.0",  "tool_stderr": "",  "tool_stdout": "",  "update_time": "2025-11-26T13:11:58.350650",  "user_email": "tests@fake.org" }, "output_problems": [  "Job in error state.. tool_id: toolshed.g2.bx.psu.edu/repos/iuc/poretools_qualdist/poretools_qualdist/0.6.1a1.0, exit_code: None, stderr: .",  "Job in error state.. tool_id: toolshed.g2.bx.psu.edu/repos/iuc/poretools_qualdist/poretools_qualdist/0.6.1a1.0, exit_code: None, stderr: ." ], "status": "failure", "test_index": 1, "time_seconds": 26.701639413833618, "tool_id": "poretools_qualdist", "tool_version": "0.6.1a1.0"}
                ]]></error>
            
            <system-out><![CDATA[
            
            ]]></system-out>
            <system-err><![CDATA[
            
            ]]></system-err>
        
    </testcase>
    
    <testcase classname="sam2interval (Test #1)" name="0" time="0.30170202255249023">
        
            <error type="error" message="Input staging problem: Traceback (most recent call last):
  File "/opt/hostedtoolcache/Python/3.12.12/x64/lib/python3.12/site-packages/galaxy/tool_util/verify/interactor.py", line 1436, in verify_tool
    stage_data_in_history(
  File "/opt/hostedtoolcache/Python/3.12.12/x64/lib/python3.12/site-packages/galaxy/tool_util/verify/interactor.py", line 163, in stage_data_in_history
    test_dict = galaxy_interactor.remote_to_input(
                ^^^^^^^^^^^^^^^^^^^^^^^^^^^^^^^^^^
  File "/opt/hostedtoolcache/Python/3.12.12/x64/lib/python3.12/site-packages/galaxy/tool_util/verify/interactor.py", line 582, in remote_to_input
    path_or_location = self._get_path_or_location(
                       ^^^^^^^^^^^^^^^^^^^^^^^^^^^
  File "/opt/hostedtoolcache/Python/3.12.12/x64/lib/python3.12/site-packages/galaxy/tool_util/verify/interactor.py", line 619, in _get_path_or_location
    path = self.test_data_download(
           ^^^^^^^^^^^^^^^^^^^^^^^^
  File "/opt/hostedtoolcache/Python/3.12.12/x64/lib/python3.12/site-packages/galaxy/tool_util/verify/interactor.py", line 525, in test_data_download
    raise AssertionError(f"Test input file ({filename}) cannot be found.")
AssertionError: Test input file (sam_bioinf_example.sam) cannot be found.
"><![CDATA[
                { "execution_problem": "Input staging problem: Traceback (most recent call last):\n  File \"/opt/hostedtoolcache/Python/3.12.12/x64/lib/python3.12/site-packages/galaxy/tool_util/verify/interactor.py\", line 1436, in verify_tool\n    stage_data_in_history(\n  File \"/opt/hostedtoolcache/Python/3.12.12/x64/lib/python3.12/site-packages/galaxy/tool_util/verify/interactor.py\", line 163, in stage_data_in_history\n    test_dict = galaxy_interactor.remote_to_input(\n                ^^^^^^^^^^^^^^^^^^^^^^^^^^^^^^^^^^\n  File \"/opt/hostedtoolcache/Python/3.12.12/x64/lib/python3.12/site-packages/galaxy/tool_util/verify/interactor.py\", line 582, in remote_to_input\n    path_or_location = self._get_path_or_location(\n                       ^^^^^^^^^^^^^^^^^^^^^^^^^^^\n  File \"/opt/hostedtoolcache/Python/3.12.12/x64/lib/python3.12/site-packages/galaxy/tool_util/verify/interactor.py\", line 619, in _get_path_or_location\n    path = self.test_data_download(\n           ^^^^^^^^^^^^^^^^^^^^^^^^\n  File \"/opt/hostedtoolcache/Python/3.12.12/x64/lib/python3.12/site-packages/galaxy/tool_util/verify/interactor.py\", line 525, in test_data_download\n    raise AssertionError(f\"Test input file ({filename}) cannot be found.\")\nAssertionError: Test input file (sam_bioinf_example.sam) cannot be found.\n", "status": "error", "test_index": 0, "time_seconds": 0.30170202255249023, "tool_id": "sam2interval", "tool_version": "1.0.2"}
            ]]></error>
        
    </testcase>
    
    <testcase classname="sam2interval (Test #2)" name="1" time="0.15555644035339355">
        
            <error type="error" message="Input staging problem: Traceback (most recent call last):
  File "/opt/hostedtoolcache/Python/3.12.12/x64/lib/python3.12/site-packages/galaxy/tool_util/verify/interactor.py", line 1436, in verify_tool
    stage_data_in_history(
  File "/opt/hostedtoolcache/Python/3.12.12/x64/lib/python3.12/site-packages/galaxy/tool_util/verify/interactor.py", line 163, in stage_data_in_history
    test_dict = galaxy_interactor.remote_to_input(
                ^^^^^^^^^^^^^^^^^^^^^^^^^^^^^^^^^^
  File "/opt/hostedtoolcache/Python/3.12.12/x64/lib/python3.12/site-packages/galaxy/tool_util/verify/interactor.py", line 582, in remote_to_input
    path_or_location = self._get_path_or_location(
                       ^^^^^^^^^^^^^^^^^^^^^^^^^^^
  File "/opt/hostedtoolcache/Python/3.12.12/x64/lib/python3.12/site-packages/galaxy/tool_util/verify/interactor.py", line 619, in _get_path_or_location
    path = self.test_data_download(
           ^^^^^^^^^^^^^^^^^^^^^^^^
  File "/opt/hostedtoolcache/Python/3.12.12/x64/lib/python3.12/site-packages/galaxy/tool_util/verify/interactor.py", line 525, in test_data_download
    raise AssertionError(f"Test input file ({filename}) cannot be found.")
AssertionError: Test input file (sam_bioinf_example.sam) cannot be found.
"><![CDATA[
                { "execution_problem": "Input staging problem: Traceback (most recent call last):\n  File \"/opt/hostedtoolcache/Python/3.12.12/x64/lib/python3.12/site-packages/galaxy/tool_util/verify/interactor.py\", line 1436, in verify_tool\n    stage_data_in_history(\n  File \"/opt/hostedtoolcache/Python/3.12.12/x64/lib/python3.12/site-packages/galaxy/tool_util/verify/interactor.py\", line 163, in stage_data_in_history\n    test_dict = galaxy_interactor.remote_to_input(\n                ^^^^^^^^^^^^^^^^^^^^^^^^^^^^^^^^^^\n  File \"/opt/hostedtoolcache/Python/3.12.12/x64/lib/python3.12/site-packages/galaxy/tool_util/verify/interactor.py\", line 582, in remote_to_input\n    path_or_location = self._get_path_or_location(\n                       ^^^^^^^^^^^^^^^^^^^^^^^^^^^\n  File \"/opt/hostedtoolcache/Python/3.12.12/x64/lib/python3.12/site-packages/galaxy/tool_util/verify/interactor.py\", line 619, in _get_path_or_location\n    path = self.test_data_download(\n           ^^^^^^^^^^^^^^^^^^^^^^^^\n  File \"/opt/hostedtoolcache/Python/3.12.12/x64/lib/python3.12/site-packages/galaxy/tool_util/verify/interactor.py\", line 525, in test_data_download\n    raise AssertionError(f\"Test input file ({filename}) cannot be found.\")\nAssertionError: Test input file (sam_bioinf_example.sam) cannot be found.\n", "status": "error", "test_index": 1, "time_seconds": 0.15555644035339355, "tool_id": "sam2interval", "tool_version": "1.0.2"}
            ]]></error>
        
    </testcase>
    
    <testcase classname="sam2interval (Test #3)" name="2" time="0.15448403358459473">
        
            <error type="error" message="Input staging problem: Traceback (most recent call last):
  File "/opt/hostedtoolcache/Python/3.12.12/x64/lib/python3.12/site-packages/galaxy/tool_util/verify/interactor.py", line 1436, in verify_tool
    stage_data_in_history(
  File "/opt/hostedtoolcache/Python/3.12.12/x64/lib/python3.12/site-packages/galaxy/tool_util/verify/interactor.py", line 163, in stage_data_in_history
    test_dict = galaxy_interactor.remote_to_input(
                ^^^^^^^^^^^^^^^^^^^^^^^^^^^^^^^^^^
  File "/opt/hostedtoolcache/Python/3.12.12/x64/lib/python3.12/site-packages/galaxy/tool_util/verify/interactor.py", line 582, in remote_to_input
    path_or_location = self._get_path_or_location(
                       ^^^^^^^^^^^^^^^^^^^^^^^^^^^
  File "/opt/hostedtoolcache/Python/3.12.12/x64/lib/python3.12/site-packages/galaxy/tool_util/verify/interactor.py", line 619, in _get_path_or_location
    path = self.test_data_download(
           ^^^^^^^^^^^^^^^^^^^^^^^^
  File "/opt/hostedtoolcache/Python/3.12.12/x64/lib/python3.12/site-packages/galaxy/tool_util/verify/interactor.py", line 525, in test_data_download
    raise AssertionError(f"Test input file ({filename}) cannot be found.")
AssertionError: Test input file (sam2interval-test3.sam) cannot be found.
"><![CDATA[
                { "execution_problem": "Input staging problem: Traceback (most recent call last):\n  File \"/opt/hostedtoolcache/Python/3.12.12/x64/lib/python3.12/site-packages/galaxy/tool_util/verify/interactor.py\", line 1436, in verify_tool\n    stage_data_in_history(\n  File \"/opt/hostedtoolcache/Python/3.12.12/x64/lib/python3.12/site-packages/galaxy/tool_util/verify/interactor.py\", line 163, in stage_data_in_history\n    test_dict = galaxy_interactor.remote_to_input(\n                ^^^^^^^^^^^^^^^^^^^^^^^^^^^^^^^^^^\n  File \"/opt/hostedtoolcache/Python/3.12.12/x64/lib/python3.12/site-packages/galaxy/tool_util/verify/interactor.py\", line 582, in remote_to_input\n    path_or_location = self._get_path_or_location(\n                       ^^^^^^^^^^^^^^^^^^^^^^^^^^^\n  File \"/opt/hostedtoolcache/Python/3.12.12/x64/lib/python3.12/site-packages/galaxy/tool_util/verify/interactor.py\", line 619, in _get_path_or_location\n    path = self.test_data_download(\n           ^^^^^^^^^^^^^^^^^^^^^^^^\n  File \"/opt/hostedtoolcache/Python/3.12.12/x64/lib/python3.12/site-packages/galaxy/tool_util/verify/interactor.py\", line 525, in test_data_download\n    raise AssertionError(f\"Test input file ({filename}) cannot be found.\")\nAssertionError: Test input file (sam2interval-test3.sam) cannot be found.\n", "status": "error", "test_index": 2, "time_seconds": 0.15448403358459473, "tool_id": "sam2interval", "tool_version": "1.0.2"}
            ]]></error>
        
    </testcase>
    
    <testcase classname="samtools_flagstat (Test #1)" name="0" time="0.30237412452697754">
        
            <error type="error" message="Input staging problem: Traceback (most recent call last):
  File "/opt/hostedtoolcache/Python/3.12.12/x64/lib/python3.12/site-packages/galaxy/tool_util/verify/interactor.py", line 1436, in verify_tool
    stage_data_in_history(
  File "/opt/hostedtoolcache/Python/3.12.12/x64/lib/python3.12/site-packages/galaxy/tool_util/verify/interactor.py", line 163, in stage_data_in_history
    test_dict = galaxy_interactor.remote_to_input(
                ^^^^^^^^^^^^^^^^^^^^^^^^^^^^^^^^^^
  File "/opt/hostedtoolcache/Python/3.12.12/x64/lib/python3.12/site-packages/galaxy/tool_util/verify/interactor.py", line 582, in remote_to_input
    path_or_location = self._get_path_or_location(
                       ^^^^^^^^^^^^^^^^^^^^^^^^^^^
  File "/opt/hostedtoolcache/Python/3.12.12/x64/lib/python3.12/site-packages/galaxy/tool_util/verify/interactor.py", line 619, in _get_path_or_location
    path = self.test_data_download(
           ^^^^^^^^^^^^^^^^^^^^^^^^
  File "/opt/hostedtoolcache/Python/3.12.12/x64/lib/python3.12/site-packages/galaxy/tool_util/verify/interactor.py", line 525, in test_data_download
    raise AssertionError(f"Test input file ({filename}) cannot be found.")
AssertionError: Test input file (samtools_flagstat_input1.bam) cannot be found.
"><![CDATA[
                { "execution_problem": "Input staging problem: Traceback (most recent call last):\n  File \"/opt/hostedtoolcache/Python/3.12.12/x64/lib/python3.12/site-packages/galaxy/tool_util/verify/interactor.py\", line 1436, in verify_tool\n    stage_data_in_history(\n  File \"/opt/hostedtoolcache/Python/3.12.12/x64/lib/python3.12/site-packages/galaxy/tool_util/verify/interactor.py\", line 163, in stage_data_in_history\n    test_dict = galaxy_interactor.remote_to_input(\n                ^^^^^^^^^^^^^^^^^^^^^^^^^^^^^^^^^^\n  File \"/opt/hostedtoolcache/Python/3.12.12/x64/lib/python3.12/site-packages/galaxy/tool_util/verify/interactor.py\", line 582, in remote_to_input\n    path_or_location = self._get_path_or_location(\n                       ^^^^^^^^^^^^^^^^^^^^^^^^^^^\n  File \"/opt/hostedtoolcache/Python/3.12.12/x64/lib/python3.12/site-packages/galaxy/tool_util/verify/interactor.py\", line 619, in _get_path_or_location\n    path = self.test_data_download(\n           ^^^^^^^^^^^^^^^^^^^^^^^^\n  File \"/opt/hostedtoolcache/Python/3.12.12/x64/lib/python3.12/site-packages/galaxy/tool_util/verify/interactor.py\", line 525, in test_data_download\n    raise AssertionError(f\"Test input file ({filename}) cannot be found.\")\nAssertionError: Test input file (samtools_flagstat_input1.bam) cannot be found.\n", "status": "error", "test_index": 0, "time_seconds": 0.30237412452697754, "tool_id": "samtools_flagstat", "tool_version": "2.0.8"}
            ]]></error>
        
    </testcase>
    
    <testcase classname="samtools_flagstat (Test #2)" name="1" time="0.15336155891418457">
        
            <error type="error" message="Input staging problem: Traceback (most recent call last):
  File "/opt/hostedtoolcache/Python/3.12.12/x64/lib/python3.12/site-packages/galaxy/tool_util/verify/interactor.py", line 1436, in verify_tool
    stage_data_in_history(
  File "/opt/hostedtoolcache/Python/3.12.12/x64/lib/python3.12/site-packages/galaxy/tool_util/verify/interactor.py", line 163, in stage_data_in_history
    test_dict = galaxy_interactor.remote_to_input(
                ^^^^^^^^^^^^^^^^^^^^^^^^^^^^^^^^^^
  File "/opt/hostedtoolcache/Python/3.12.12/x64/lib/python3.12/site-packages/galaxy/tool_util/verify/interactor.py", line 582, in remote_to_input
    path_or_location = self._get_path_or_location(
                       ^^^^^^^^^^^^^^^^^^^^^^^^^^^
  File "/opt/hostedtoolcache/Python/3.12.12/x64/lib/python3.12/site-packages/galaxy/tool_util/verify/interactor.py", line 619, in _get_path_or_location
    path = self.test_data_download(
           ^^^^^^^^^^^^^^^^^^^^^^^^
  File "/opt/hostedtoolcache/Python/3.12.12/x64/lib/python3.12/site-packages/galaxy/tool_util/verify/interactor.py", line 525, in test_data_download
    raise AssertionError(f"Test input file ({filename}) cannot be found.")
AssertionError: Test input file (samtools_flagstat_input1.bam) cannot be found.
"><![CDATA[
                { "execution_problem": "Input staging problem: Traceback (most recent call last):\n  File \"/opt/hostedtoolcache/Python/3.12.12/x64/lib/python3.12/site-packages/galaxy/tool_util/verify/interactor.py\", line 1436, in verify_tool\n    stage_data_in_history(\n  File \"/opt/hostedtoolcache/Python/3.12.12/x64/lib/python3.12/site-packages/galaxy/tool_util/verify/interactor.py\", line 163, in stage_data_in_history\n    test_dict = galaxy_interactor.remote_to_input(\n                ^^^^^^^^^^^^^^^^^^^^^^^^^^^^^^^^^^\n  File \"/opt/hostedtoolcache/Python/3.12.12/x64/lib/python3.12/site-packages/galaxy/tool_util/verify/interactor.py\", line 582, in remote_to_input\n    path_or_location = self._get_path_or_location(\n                       ^^^^^^^^^^^^^^^^^^^^^^^^^^^\n  File \"/opt/hostedtoolcache/Python/3.12.12/x64/lib/python3.12/site-packages/galaxy/tool_util/verify/interactor.py\", line 619, in _get_path_or_location\n    path = self.test_data_download(\n           ^^^^^^^^^^^^^^^^^^^^^^^^\n  File \"/opt/hostedtoolcache/Python/3.12.12/x64/lib/python3.12/site-packages/galaxy/tool_util/verify/interactor.py\", line 525, in test_data_download\n    raise AssertionError(f\"Test input file ({filename}) cannot be found.\")\nAssertionError: Test input file (samtools_flagstat_input1.bam) cannot be found.\n", "status": "error", "test_index": 1, "time_seconds": 0.15336155891418457, "tool_id": "samtools_flagstat", "tool_version": "2.0.8"}
            ]]></error>
        
    </testcase>
    
    <testcase classname="samtools_flagstat (Test #3)" name="2" time="0.15549063682556152">
        
            <error type="error" message="Input staging problem: Traceback (most recent call last):
  File "/opt/hostedtoolcache/Python/3.12.12/x64/lib/python3.12/site-packages/galaxy/tool_util/verify/interactor.py", line 1436, in verify_tool
    stage_data_in_history(
  File "/opt/hostedtoolcache/Python/3.12.12/x64/lib/python3.12/site-packages/galaxy/tool_util/verify/interactor.py", line 163, in stage_data_in_history
    test_dict = galaxy_interactor.remote_to_input(
                ^^^^^^^^^^^^^^^^^^^^^^^^^^^^^^^^^^
  File "/opt/hostedtoolcache/Python/3.12.12/x64/lib/python3.12/site-packages/galaxy/tool_util/verify/interactor.py", line 582, in remote_to_input
    path_or_location = self._get_path_or_location(
                       ^^^^^^^^^^^^^^^^^^^^^^^^^^^
  File "/opt/hostedtoolcache/Python/3.12.12/x64/lib/python3.12/site-packages/galaxy/tool_util/verify/interactor.py", line 619, in _get_path_or_location
    path = self.test_data_download(
           ^^^^^^^^^^^^^^^^^^^^^^^^
  File "/opt/hostedtoolcache/Python/3.12.12/x64/lib/python3.12/site-packages/galaxy/tool_util/verify/interactor.py", line 525, in test_data_download
    raise AssertionError(f"Test input file ({filename}) cannot be found.")
AssertionError: Test input file (samtools_flagstat_input1.bam) cannot be found.
"><![CDATA[
                { "execution_problem": "Input staging problem: Traceback (most recent call last):\n  File \"/opt/hostedtoolcache/Python/3.12.12/x64/lib/python3.12/site-packages/galaxy/tool_util/verify/interactor.py\", line 1436, in verify_tool\n    stage_data_in_history(\n  File \"/opt/hostedtoolcache/Python/3.12.12/x64/lib/python3.12/site-packages/galaxy/tool_util/verify/interactor.py\", line 163, in stage_data_in_history\n    test_dict = galaxy_interactor.remote_to_input(\n                ^^^^^^^^^^^^^^^^^^^^^^^^^^^^^^^^^^\n  File \"/opt/hostedtoolcache/Python/3.12.12/x64/lib/python3.12/site-packages/galaxy/tool_util/verify/interactor.py\", line 582, in remote_to_input\n    path_or_location = self._get_path_or_location(\n                       ^^^^^^^^^^^^^^^^^^^^^^^^^^^\n  File \"/opt/hostedtoolcache/Python/3.12.12/x64/lib/python3.12/site-packages/galaxy/tool_util/verify/interactor.py\", line 619, in _get_path_or_location\n    path = self.test_data_download(\n           ^^^^^^^^^^^^^^^^^^^^^^^^\n  File \"/opt/hostedtoolcache/Python/3.12.12/x64/lib/python3.12/site-packages/galaxy/tool_util/verify/interactor.py\", line 525, in test_data_download\n    raise AssertionError(f\"Test input file ({filename}) cannot be found.\")\nAssertionError: Test input file (samtools_flagstat_input1.bam) cannot be found.\n", "status": "error", "test_index": 2, "time_seconds": 0.15549063682556152, "tool_id": "samtools_flagstat", "tool_version": "2.0.8"}
            ]]></error>
        
    </testcase>
    
    <testcase classname="vcfaddinfo (Test #1)" name="0" time="12.887001276016235">
        
            <error type="error" message="Input staging problem: Traceback (most recent call last):
  File "/opt/hostedtoolcache/Python/3.12.12/x64/lib/python3.12/site-packages/galaxy/tool_util/verify/interactor.py", line 1436, in verify_tool
    stage_data_in_history(
  File "/opt/hostedtoolcache/Python/3.12.12/x64/lib/python3.12/site-packages/galaxy/tool_util/verify/interactor.py", line 175, in stage_data_in_history
    staging_interface.handle_jobs()
  File "/opt/hostedtoolcache/Python/3.12.12/x64/lib/python3.12/site-packages/galaxy/tool_util/verify/interactor.py", line 212, in handle_jobs
    self.galaxy_interactor.wait_for_job(job_response["id"], job_response["history_id"], self.maxseconds)
  File "/opt/hostedtoolcache/Python/3.12.12/x64/lib/python3.12/site-packages/galaxy/tool_util/verify/interactor.py", line 399, in wait_for_job
    self.wait_for(lambda: self.__job_ready(job_id, history_id), maxseconds=maxseconds)
  File "/opt/hostedtoolcache/Python/3.12.12/x64/lib/python3.12/site-packages/galaxy/tool_util/verify/interactor.py", line 403, in wait_for
    wait_on(func, what, walltime_exceeded)
  File "/opt/hostedtoolcache/Python/3.12.12/x64/lib/python3.12/site-packages/galaxy/tool_util/verify/wait.py", line 38, in wait_on
    value = function()
            ^^^^^^^^^^
  File "/opt/hostedtoolcache/Python/3.12.12/x64/lib/python3.12/site-packages/galaxy/tool_util/verify/interactor.py", line 399, in <lambda>
    self.wait_for(lambda: self.__job_ready(job_id, history_id), maxseconds=maxseconds)
                          ^^^^^^^^^^^^^^^^^^^^^^^^^^^^^^^^^^^^
  File "/opt/hostedtoolcache/Python/3.12.12/x64/lib/python3.12/site-packages/galaxy/tool_util/verify/interactor.py", line 749, in __job_ready
    return self._state_ready(job_id, error_msg="Job in error state.")
           ^^^^^^^^^^^^^^^^^^^^^^^^^^^^^^^^^^^^^^^^^^^^^^^^^^^^^^^^^^
  File "/opt/hostedtoolcache/Python/3.12.12/x64/lib/python3.12/site-packages/galaxy/tool_util/verify/interactor.py", line 841, in _state_ready
    raise Exception(
Exception: Job in error state.. tool_id: __DATA_FETCH__, exit_code: None, stderr: .
"><![CDATA[
                { "execution_problem": "Input staging problem: Traceback (most recent call last):\n  File \"/opt/hostedtoolcache/Python/3.12.12/x64/lib/python3.12/site-packages/galaxy/tool_util/verify/interactor.py\", line 1436, in verify_tool\n    stage_data_in_history(\n  File \"/opt/hostedtoolcache/Python/3.12.12/x64/lib/python3.12/site-packages/galaxy/tool_util/verify/interactor.py\", line 175, in stage_data_in_history\n    staging_interface.handle_jobs()\n  File \"/opt/hostedtoolcache/Python/3.12.12/x64/lib/python3.12/site-packages/galaxy/tool_util/verify/interactor.py\", line 212, in handle_jobs\n    self.galaxy_interactor.wait_for_job(job_response[\"id\"], job_response[\"history_id\"], self.maxseconds)\n  File \"/opt/hostedtoolcache/Python/3.12.12/x64/lib/python3.12/site-packages/galaxy/tool_util/verify/interactor.py\", line 399, in wait_for_job\n    self.wait_for(lambda: self.__job_ready(job_id, history_id), maxseconds=maxseconds)\n  File \"/opt/hostedtoolcache/Python/3.12.12/x64/lib/python3.12/site-packages/galaxy/tool_util/verify/interactor.py\", line 403, in wait_for\n    wait_on(func, what, walltime_exceeded)\n  File \"/opt/hostedtoolcache/Python/3.12.12/x64/lib/python3.12/site-packages/galaxy/tool_util/verify/wait.py\", line 38, in wait_on\n    value = function()\n            ^^^^^^^^^^\n  File \"/opt/hostedtoolcache/Python/3.12.12/x64/lib/python3.12/site-packages/galaxy/tool_util/verify/interactor.py\", line 399, in \u003clambda\u003e\n    self.wait_for(lambda: self.__job_ready(job_id, history_id), maxseconds=maxseconds)\n                          ^^^^^^^^^^^^^^^^^^^^^^^^^^^^^^^^^^^^\n  File \"/opt/hostedtoolcache/Python/3.12.12/x64/lib/python3.12/site-packages/galaxy/tool_util/verify/interactor.py\", line 749, in __job_ready\n    return self._state_ready(job_id, error_msg=\"Job in error state.\")\n           ^^^^^^^^^^^^^^^^^^^^^^^^^^^^^^^^^^^^^^^^^^^^^^^^^^^^^^^^^^\n  File \"/opt/hostedtoolcache/Python/3.12.12/x64/lib/python3.12/site-packages/galaxy/tool_util/verify/interactor.py\", line 841, in _state_ready\n    raise Exception(\nException: Job in error state.. tool_id: __DATA_FETCH__, exit_code: None, stderr: .\n", "status": "error", "test_index": 0, "time_seconds": 12.887001276016235, "tool_id": "vcfaddinfo", "tool_version": "1.0.0_rc3+galaxy0"}
            ]]></error>
        
    </testcase>
    
    <testcase classname="vcfleftalign (Test #1)" name="0" time="41.120189905166626">
        
            
            <system-out><![CDATA[
            
            ]]></system-out>
            <system-err><![CDATA[
            index file localref.fa.fai not found, generating...
            ]]></system-err>
        
    </testcase>
    
</testsuite>