<?xml version="1.0" encoding="UTF-8"?>
<testsuite name="Results (powered by Planemo)"
           tests="46"
           errors="30"
           failures="7"
           skip="0">
    
    <testcase classname="bcftools_consensus (Test #1)" name="0" time="0.3045344352722168">
        
            <error type="error" message="Input staging problem: Traceback (most recent call last):
  File "/opt/hostedtoolcache/Python/3.12.12/x64/lib/python3.12/site-packages/galaxy/tool_util/verify/interactor.py", line 1436, in verify_tool
    stage_data_in_history(
  File "/opt/hostedtoolcache/Python/3.12.12/x64/lib/python3.12/site-packages/galaxy/tool_util/verify/interactor.py", line 163, in stage_data_in_history
    test_dict = galaxy_interactor.remote_to_input(
                ^^^^^^^^^^^^^^^^^^^^^^^^^^^^^^^^^^
  File "/opt/hostedtoolcache/Python/3.12.12/x64/lib/python3.12/site-packages/galaxy/tool_util/verify/interactor.py", line 582, in remote_to_input
    path_or_location = self._get_path_or_location(
                       ^^^^^^^^^^^^^^^^^^^^^^^^^^^
  File "/opt/hostedtoolcache/Python/3.12.12/x64/lib/python3.12/site-packages/galaxy/tool_util/verify/interactor.py", line 619, in _get_path_or_location
    path = self.test_data_download(
           ^^^^^^^^^^^^^^^^^^^^^^^^
  File "/opt/hostedtoolcache/Python/3.12.12/x64/lib/python3.12/site-packages/galaxy/tool_util/verify/interactor.py", line 525, in test_data_download
    raise AssertionError(f"Test input file ({filename}) cannot be found.")
AssertionError: Test input file (consensus.vcf) cannot be found.
"><![CDATA[
                { "execution_problem": "Input staging problem: Traceback (most recent call last):\n  File \"/opt/hostedtoolcache/Python/3.12.12/x64/lib/python3.12/site-packages/galaxy/tool_util/verify/interactor.py\", line 1436, in verify_tool\n    stage_data_in_history(\n  File \"/opt/hostedtoolcache/Python/3.12.12/x64/lib/python3.12/site-packages/galaxy/tool_util/verify/interactor.py\", line 163, in stage_data_in_history\n    test_dict = galaxy_interactor.remote_to_input(\n                ^^^^^^^^^^^^^^^^^^^^^^^^^^^^^^^^^^\n  File \"/opt/hostedtoolcache/Python/3.12.12/x64/lib/python3.12/site-packages/galaxy/tool_util/verify/interactor.py\", line 582, in remote_to_input\n    path_or_location = self._get_path_or_location(\n                       ^^^^^^^^^^^^^^^^^^^^^^^^^^^\n  File \"/opt/hostedtoolcache/Python/3.12.12/x64/lib/python3.12/site-packages/galaxy/tool_util/verify/interactor.py\", line 619, in _get_path_or_location\n    path = self.test_data_download(\n           ^^^^^^^^^^^^^^^^^^^^^^^^\n  File \"/opt/hostedtoolcache/Python/3.12.12/x64/lib/python3.12/site-packages/galaxy/tool_util/verify/interactor.py\", line 525, in test_data_download\n    raise AssertionError(f\"Test input file ({filename}) cannot be found.\")\nAssertionError: Test input file (consensus.vcf) cannot be found.\n", "status": "error", "test_index": 0, "time_seconds": 0.3045344352722168, "tool_id": "bcftools_consensus", "tool_version": "1.22+galaxy0"}
            ]]></error>
        
    </testcase>
    
    <testcase classname="bcftools_consensus (Test #2)" name="1" time="">
        
            <error type="error" message=""><![CDATA[
                { "status": "skip", "test_index": 1, "tool_id": "bcftools_consensus", "tool_version": "1.22+galaxy0"}
            ]]></error>
        
    </testcase>
    
    <testcase classname="bcftools_consensus (Test #3)" name="2" time="0.15465378761291504">
        
            <error type="error" message="Input staging problem: Traceback (most recent call last):
  File "/opt/hostedtoolcache/Python/3.12.12/x64/lib/python3.12/site-packages/galaxy/tool_util/verify/interactor.py", line 1436, in verify_tool
    stage_data_in_history(
  File "/opt/hostedtoolcache/Python/3.12.12/x64/lib/python3.12/site-packages/galaxy/tool_util/verify/interactor.py", line 163, in stage_data_in_history
    test_dict = galaxy_interactor.remote_to_input(
                ^^^^^^^^^^^^^^^^^^^^^^^^^^^^^^^^^^
  File "/opt/hostedtoolcache/Python/3.12.12/x64/lib/python3.12/site-packages/galaxy/tool_util/verify/interactor.py", line 582, in remote_to_input
    path_or_location = self._get_path_or_location(
                       ^^^^^^^^^^^^^^^^^^^^^^^^^^^
  File "/opt/hostedtoolcache/Python/3.12.12/x64/lib/python3.12/site-packages/galaxy/tool_util/verify/interactor.py", line 619, in _get_path_or_location
    path = self.test_data_download(
           ^^^^^^^^^^^^^^^^^^^^^^^^
  File "/opt/hostedtoolcache/Python/3.12.12/x64/lib/python3.12/site-packages/galaxy/tool_util/verify/interactor.py", line 525, in test_data_download
    raise AssertionError(f"Test input file ({filename}) cannot be found.")
AssertionError: Test input file (consensus.vcf) cannot be found.
"><![CDATA[
                { "execution_problem": "Input staging problem: Traceback (most recent call last):\n  File \"/opt/hostedtoolcache/Python/3.12.12/x64/lib/python3.12/site-packages/galaxy/tool_util/verify/interactor.py\", line 1436, in verify_tool\n    stage_data_in_history(\n  File \"/opt/hostedtoolcache/Python/3.12.12/x64/lib/python3.12/site-packages/galaxy/tool_util/verify/interactor.py\", line 163, in stage_data_in_history\n    test_dict = galaxy_interactor.remote_to_input(\n                ^^^^^^^^^^^^^^^^^^^^^^^^^^^^^^^^^^\n  File \"/opt/hostedtoolcache/Python/3.12.12/x64/lib/python3.12/site-packages/galaxy/tool_util/verify/interactor.py\", line 582, in remote_to_input\n    path_or_location = self._get_path_or_location(\n                       ^^^^^^^^^^^^^^^^^^^^^^^^^^^\n  File \"/opt/hostedtoolcache/Python/3.12.12/x64/lib/python3.12/site-packages/galaxy/tool_util/verify/interactor.py\", line 619, in _get_path_or_location\n    path = self.test_data_download(\n           ^^^^^^^^^^^^^^^^^^^^^^^^\n  File \"/opt/hostedtoolcache/Python/3.12.12/x64/lib/python3.12/site-packages/galaxy/tool_util/verify/interactor.py\", line 525, in test_data_download\n    raise AssertionError(f\"Test input file ({filename}) cannot be found.\")\nAssertionError: Test input file (consensus.vcf) cannot be found.\n", "status": "error", "test_index": 2, "time_seconds": 0.15465378761291504, "tool_id": "bcftools_consensus", "tool_version": "1.22+galaxy0"}
            ]]></error>
        
    </testcase>
    
    <testcase classname="bcftools_consensus (Test #4)" name="3" time="0.15385007858276367">
        
            <error type="error" message="Input staging problem: Traceback (most recent call last):
  File "/opt/hostedtoolcache/Python/3.12.12/x64/lib/python3.12/site-packages/galaxy/tool_util/verify/interactor.py", line 1436, in verify_tool
    stage_data_in_history(
  File "/opt/hostedtoolcache/Python/3.12.12/x64/lib/python3.12/site-packages/galaxy/tool_util/verify/interactor.py", line 163, in stage_data_in_history
    test_dict = galaxy_interactor.remote_to_input(
                ^^^^^^^^^^^^^^^^^^^^^^^^^^^^^^^^^^
  File "/opt/hostedtoolcache/Python/3.12.12/x64/lib/python3.12/site-packages/galaxy/tool_util/verify/interactor.py", line 582, in remote_to_input
    path_or_location = self._get_path_or_location(
                       ^^^^^^^^^^^^^^^^^^^^^^^^^^^
  File "/opt/hostedtoolcache/Python/3.12.12/x64/lib/python3.12/site-packages/galaxy/tool_util/verify/interactor.py", line 619, in _get_path_or_location
    path = self.test_data_download(
           ^^^^^^^^^^^^^^^^^^^^^^^^
  File "/opt/hostedtoolcache/Python/3.12.12/x64/lib/python3.12/site-packages/galaxy/tool_util/verify/interactor.py", line 525, in test_data_download
    raise AssertionError(f"Test input file ({filename}) cannot be found.")
AssertionError: Test input file (consensus.vcf) cannot be found.
"><![CDATA[
                { "execution_problem": "Input staging problem: Traceback (most recent call last):\n  File \"/opt/hostedtoolcache/Python/3.12.12/x64/lib/python3.12/site-packages/galaxy/tool_util/verify/interactor.py\", line 1436, in verify_tool\n    stage_data_in_history(\n  File \"/opt/hostedtoolcache/Python/3.12.12/x64/lib/python3.12/site-packages/galaxy/tool_util/verify/interactor.py\", line 163, in stage_data_in_history\n    test_dict = galaxy_interactor.remote_to_input(\n                ^^^^^^^^^^^^^^^^^^^^^^^^^^^^^^^^^^\n  File \"/opt/hostedtoolcache/Python/3.12.12/x64/lib/python3.12/site-packages/galaxy/tool_util/verify/interactor.py\", line 582, in remote_to_input\n    path_or_location = self._get_path_or_location(\n                       ^^^^^^^^^^^^^^^^^^^^^^^^^^^\n  File \"/opt/hostedtoolcache/Python/3.12.12/x64/lib/python3.12/site-packages/galaxy/tool_util/verify/interactor.py\", line 619, in _get_path_or_location\n    path = self.test_data_download(\n           ^^^^^^^^^^^^^^^^^^^^^^^^\n  File \"/opt/hostedtoolcache/Python/3.12.12/x64/lib/python3.12/site-packages/galaxy/tool_util/verify/interactor.py\", line 525, in test_data_download\n    raise AssertionError(f\"Test input file ({filename}) cannot be found.\")\nAssertionError: Test input file (consensus.vcf) cannot be found.\n", "status": "error", "test_index": 3, "time_seconds": 0.15385007858276367, "tool_id": "bcftools_consensus", "tool_version": "1.22+galaxy0"}
            ]]></error>
        
    </testcase>
    
    <testcase classname="bcftools_consensus (Test #5)" name="4" time="0.15500712394714355">
        
            <error type="error" message="Input staging problem: Traceback (most recent call last):
  File "/opt/hostedtoolcache/Python/3.12.12/x64/lib/python3.12/site-packages/galaxy/tool_util/verify/interactor.py", line 1436, in verify_tool
    stage_data_in_history(
  File "/opt/hostedtoolcache/Python/3.12.12/x64/lib/python3.12/site-packages/galaxy/tool_util/verify/interactor.py", line 163, in stage_data_in_history
    test_dict = galaxy_interactor.remote_to_input(
                ^^^^^^^^^^^^^^^^^^^^^^^^^^^^^^^^^^
  File "/opt/hostedtoolcache/Python/3.12.12/x64/lib/python3.12/site-packages/galaxy/tool_util/verify/interactor.py", line 582, in remote_to_input
    path_or_location = self._get_path_or_location(
                       ^^^^^^^^^^^^^^^^^^^^^^^^^^^
  File "/opt/hostedtoolcache/Python/3.12.12/x64/lib/python3.12/site-packages/galaxy/tool_util/verify/interactor.py", line 619, in _get_path_or_location
    path = self.test_data_download(
           ^^^^^^^^^^^^^^^^^^^^^^^^
  File "/opt/hostedtoolcache/Python/3.12.12/x64/lib/python3.12/site-packages/galaxy/tool_util/verify/interactor.py", line 525, in test_data_download
    raise AssertionError(f"Test input file ({filename}) cannot be found.")
AssertionError: Test input file (consensus.vcf) cannot be found.
"><![CDATA[
                { "execution_problem": "Input staging problem: Traceback (most recent call last):\n  File \"/opt/hostedtoolcache/Python/3.12.12/x64/lib/python3.12/site-packages/galaxy/tool_util/verify/interactor.py\", line 1436, in verify_tool\n    stage_data_in_history(\n  File \"/opt/hostedtoolcache/Python/3.12.12/x64/lib/python3.12/site-packages/galaxy/tool_util/verify/interactor.py\", line 163, in stage_data_in_history\n    test_dict = galaxy_interactor.remote_to_input(\n                ^^^^^^^^^^^^^^^^^^^^^^^^^^^^^^^^^^\n  File \"/opt/hostedtoolcache/Python/3.12.12/x64/lib/python3.12/site-packages/galaxy/tool_util/verify/interactor.py\", line 582, in remote_to_input\n    path_or_location = self._get_path_or_location(\n                       ^^^^^^^^^^^^^^^^^^^^^^^^^^^\n  File \"/opt/hostedtoolcache/Python/3.12.12/x64/lib/python3.12/site-packages/galaxy/tool_util/verify/interactor.py\", line 619, in _get_path_or_location\n    path = self.test_data_download(\n           ^^^^^^^^^^^^^^^^^^^^^^^^\n  File \"/opt/hostedtoolcache/Python/3.12.12/x64/lib/python3.12/site-packages/galaxy/tool_util/verify/interactor.py\", line 525, in test_data_download\n    raise AssertionError(f\"Test input file ({filename}) cannot be found.\")\nAssertionError: Test input file (consensus.vcf) cannot be found.\n", "status": "error", "test_index": 4, "time_seconds": 0.15500712394714355, "tool_id": "bcftools_consensus", "tool_version": "1.22+galaxy0"}
            ]]></error>
        
    </testcase>
    
    <testcase classname="bcftools_consensus (Test #6)" name="5" time="0.15752077102661133">
        
            <error type="error" message="Input staging problem: Traceback (most recent call last):
  File "/opt/hostedtoolcache/Python/3.12.12/x64/lib/python3.12/site-packages/galaxy/tool_util/verify/interactor.py", line 1436, in verify_tool
    stage_data_in_history(
  File "/opt/hostedtoolcache/Python/3.12.12/x64/lib/python3.12/site-packages/galaxy/tool_util/verify/interactor.py", line 163, in stage_data_in_history
    test_dict = galaxy_interactor.remote_to_input(
                ^^^^^^^^^^^^^^^^^^^^^^^^^^^^^^^^^^
  File "/opt/hostedtoolcache/Python/3.12.12/x64/lib/python3.12/site-packages/galaxy/tool_util/verify/interactor.py", line 582, in remote_to_input
    path_or_location = self._get_path_or_location(
                       ^^^^^^^^^^^^^^^^^^^^^^^^^^^
  File "/opt/hostedtoolcache/Python/3.12.12/x64/lib/python3.12/site-packages/galaxy/tool_util/verify/interactor.py", line 619, in _get_path_or_location
    path = self.test_data_download(
           ^^^^^^^^^^^^^^^^^^^^^^^^
  File "/opt/hostedtoolcache/Python/3.12.12/x64/lib/python3.12/site-packages/galaxy/tool_util/verify/interactor.py", line 525, in test_data_download
    raise AssertionError(f"Test input file ({filename}) cannot be found.")
AssertionError: Test input file (consensus.vcf) cannot be found.
"><![CDATA[
                { "execution_problem": "Input staging problem: Traceback (most recent call last):\n  File \"/opt/hostedtoolcache/Python/3.12.12/x64/lib/python3.12/site-packages/galaxy/tool_util/verify/interactor.py\", line 1436, in verify_tool\n    stage_data_in_history(\n  File \"/opt/hostedtoolcache/Python/3.12.12/x64/lib/python3.12/site-packages/galaxy/tool_util/verify/interactor.py\", line 163, in stage_data_in_history\n    test_dict = galaxy_interactor.remote_to_input(\n                ^^^^^^^^^^^^^^^^^^^^^^^^^^^^^^^^^^\n  File \"/opt/hostedtoolcache/Python/3.12.12/x64/lib/python3.12/site-packages/galaxy/tool_util/verify/interactor.py\", line 582, in remote_to_input\n    path_or_location = self._get_path_or_location(\n                       ^^^^^^^^^^^^^^^^^^^^^^^^^^^\n  File \"/opt/hostedtoolcache/Python/3.12.12/x64/lib/python3.12/site-packages/galaxy/tool_util/verify/interactor.py\", line 619, in _get_path_or_location\n    path = self.test_data_download(\n           ^^^^^^^^^^^^^^^^^^^^^^^^\n  File \"/opt/hostedtoolcache/Python/3.12.12/x64/lib/python3.12/site-packages/galaxy/tool_util/verify/interactor.py\", line 525, in test_data_download\n    raise AssertionError(f\"Test input file ({filename}) cannot be found.\")\nAssertionError: Test input file (consensus.vcf) cannot be found.\n", "status": "error", "test_index": 5, "time_seconds": 0.15752077102661133, "tool_id": "bcftools_consensus", "tool_version": "1.22+galaxy0"}
            ]]></error>
        
    </testcase>
    
    <testcase classname="bcftools_consensus (Test #7)" name="6" time="0.15539336204528809">
        
            <error type="error" message="Input staging problem: Traceback (most recent call last):
  File "/opt/hostedtoolcache/Python/3.12.12/x64/lib/python3.12/site-packages/galaxy/tool_util/verify/interactor.py", line 1436, in verify_tool
    stage_data_in_history(
  File "/opt/hostedtoolcache/Python/3.12.12/x64/lib/python3.12/site-packages/galaxy/tool_util/verify/interactor.py", line 163, in stage_data_in_history
    test_dict = galaxy_interactor.remote_to_input(
                ^^^^^^^^^^^^^^^^^^^^^^^^^^^^^^^^^^
  File "/opt/hostedtoolcache/Python/3.12.12/x64/lib/python3.12/site-packages/galaxy/tool_util/verify/interactor.py", line 582, in remote_to_input
    path_or_location = self._get_path_or_location(
                       ^^^^^^^^^^^^^^^^^^^^^^^^^^^
  File "/opt/hostedtoolcache/Python/3.12.12/x64/lib/python3.12/site-packages/galaxy/tool_util/verify/interactor.py", line 619, in _get_path_or_location
    path = self.test_data_download(
           ^^^^^^^^^^^^^^^^^^^^^^^^
  File "/opt/hostedtoolcache/Python/3.12.12/x64/lib/python3.12/site-packages/galaxy/tool_util/verify/interactor.py", line 525, in test_data_download
    raise AssertionError(f"Test input file ({filename}) cannot be found.")
AssertionError: Test input file (csq.vcf) cannot be found.
"><![CDATA[
                { "execution_problem": "Input staging problem: Traceback (most recent call last):\n  File \"/opt/hostedtoolcache/Python/3.12.12/x64/lib/python3.12/site-packages/galaxy/tool_util/verify/interactor.py\", line 1436, in verify_tool\n    stage_data_in_history(\n  File \"/opt/hostedtoolcache/Python/3.12.12/x64/lib/python3.12/site-packages/galaxy/tool_util/verify/interactor.py\", line 163, in stage_data_in_history\n    test_dict = galaxy_interactor.remote_to_input(\n                ^^^^^^^^^^^^^^^^^^^^^^^^^^^^^^^^^^\n  File \"/opt/hostedtoolcache/Python/3.12.12/x64/lib/python3.12/site-packages/galaxy/tool_util/verify/interactor.py\", line 582, in remote_to_input\n    path_or_location = self._get_path_or_location(\n                       ^^^^^^^^^^^^^^^^^^^^^^^^^^^\n  File \"/opt/hostedtoolcache/Python/3.12.12/x64/lib/python3.12/site-packages/galaxy/tool_util/verify/interactor.py\", line 619, in _get_path_or_location\n    path = self.test_data_download(\n           ^^^^^^^^^^^^^^^^^^^^^^^^\n  File \"/opt/hostedtoolcache/Python/3.12.12/x64/lib/python3.12/site-packages/galaxy/tool_util/verify/interactor.py\", line 525, in test_data_download\n    raise AssertionError(f\"Test input file ({filename}) cannot be found.\")\nAssertionError: Test input file (csq.vcf) cannot be found.\n", "status": "error", "test_index": 6, "time_seconds": 0.15539336204528809, "tool_id": "bcftools_consensus", "tool_version": "1.22+galaxy0"}
            ]]></error>
        
    </testcase>
    
    <testcase classname="bcftools_consensus (Test #8)" name="7" time="98.18063259124756">
        
            
                <error type="error" message="Tool exit code: None"><![CDATA[
                    { "inputs": {  "input_file": {   "id": "424863521efa866a",   "src": "hda"  },  "masking_options|absent": ".",  "masking_options|mark_del": "-",  "reference_source|fasta_ref": {   "id": "8aae7dad812881ad",   "src": "hda"  },  "reference_source|reference_source_selector": "history",  "sec_restrict|regions|region_specs_0|chrom": "1",  "sec_restrict|regions|region_specs_0|start": "161",  "sec_restrict|regions|region_specs_0|stop": "190",  "sec_restrict|regions|regions_overlap": "0",  "sec_restrict|regions|regions_src": "regions" }, "job": {  "command_line": "bgzip -c \u0027/galaxy/server/database/objects/d/e/2/dataset_de254049-6331-4005-9cab-c1f720335804.dat\u0027 \u003e input.vcf.gz \u0026\u0026 bcftools index input.vcf.gz \u0026\u0026     ln -s \u0027/galaxy/server/database/objects/8/3/2/dataset_8322b5b5-a53d-48f7-bd0d-084786d6ec24.dat\u0027 ref.fa \u0026\u0026 samtools faidx ref.fa \u0026\u0026    samtools faidx      \u0027ref.fa\u0027 \u00271:161-190\u0027 |  bcftools consensus  --regions-overlap 0   --fasta-ref -        --absent \u0027.\u0027  --mark-del \u0027-\u0027            --output \u0027/galaxy/server/database/objects/0/6/2/dataset_0624973b-fec6-4be4-8852-7a6d2f1a8f74.dat\u0027  input.vcf.gz",  "command_version": null,  "copied_from_job_id": null,  "create_time": "2026-01-06T01:06:28.340020",  "dependencies": [],  "exit_code": null,  "external_id": "gxy-bgx4k",  "galaxy_version": "24.1",  "handler": null,  "history_id": "424863521efa866a",  "id": "6c22e1e877adeef9",  "inputs": {   "input_file": {    "id": "424863521efa866a",    "src": "hda",    "uuid": "de254049-6331-4005-9cab-c1f720335804"   },   "reference_source|fasta_ref": {    "id": "8aae7dad812881ad",    "src": "hda",    "uuid": "8322b5b5-a53d-48f7-bd0d-084786d6ec24"   }  },  "job_messages": null,  "job_metrics": [],  "job_runner_name": null,  "job_stderr": null,  "job_stdout": null,  "model_class": "Job",  "output_collections": {},  "outputs": {   "output_file": {    "id": "6c22e1e877adeef9",    "src": "hda",    "uuid": "0624973b-fec6-4be4-8852-7a6d2f1a8f74"   }  },  "params": {   "__input_ext": "\"input\"",   "chain": "false",   "chromInfo": "\"/cvmfs/data.galaxyproject.org/managed/len/ucsc/?.len\"",   "dbkey": "\"?\"",   "masking_options": "{\"absent\": \".\", \"insertions\": {\"__current_case__\": 0, \"mark_ins\": \"\"}, \"mark_del\": \"-\", \"mask\": null, \"mask_with\": \"\", \"snvs\": {\"__current_case__\": 0, \"mark_snv\": \"\"}}",   "mode": "{\"__current_case__\": 2, \"select\": \"\", \"specify_samples\": {\"__current_case__\": 2, \"how\": \"\"}}",   "reference_source": "{\"__current_case__\": 1, \"fasta_ref\": {\"values\": [{\"id\": 2, \"src\": \"hda\"}]}, \"reference_source_selector\": \"history\"}",   "rename": "false",   "sec_restrict": "{\"exclude\": null, \"include\": null, \"regions\": {\"__current_case__\": 1, \"region_specs\": [{\"__index__\": 0, \"chrom\": \"1\", \"start\": \"161\", \"stop\": \"190\"}], \"regions_overlap\": \"0\", \"regions_src\": \"regions\"}}"  },  "state": "error",  "stderr": "Note: applying IUPAC codes based on FORMAT/GT in 2 samples\nApplied 1 variants\n",  "stdout": "",  "tool_id": "toolshed.g2.bx.psu.edu/repos/iuc/bcftools_consensus/bcftools_consensus/1.22+galaxy0",  "tool_stderr": "Note: applying IUPAC codes based on FORMAT/GT in 2 samples\nApplied 1 variants\n",  "tool_stdout": "",  "update_time": "2026-01-06T01:07:09.688766",  "user_email": "tests@fake.org" }, "output_problems": [  "Job in error state.. tool_id: toolshed.g2.bx.psu.edu/repos/iuc/bcftools_consensus/bcftools_consensus/1.22+galaxy0, exit_code: None, stderr: Note: applying IUPAC codes based on FORMAT/GT in 2 samples\nApplied 1 variants\n.",  "Job in error state.. tool_id: toolshed.g2.bx.psu.edu/repos/iuc/bcftools_consensus/bcftools_consensus/1.22+galaxy0, exit_code: None, stderr: Note: applying IUPAC codes based on FORMAT/GT in 2 samples\nApplied 1 variants\n." ], "status": "failure", "test_index": 7, "time_seconds": 98.18063259124756, "tool_id": "bcftools_consensus", "tool_version": "1.22+galaxy0"}
                ]]></error>
            
            <system-out><![CDATA[
            
            ]]></system-out>
            <system-err><![CDATA[
            Note: applying IUPAC codes based on FORMAT/GT in 2 samplesApplied 1 variants
            ]]></system-err>
        
    </testcase>
    
    <testcase classname="bcftools_plugin_impute_info (Test #1)" name="0" time="36.301666498184204">
        
            
                <error type="error" message="Tool exit code: None"><![CDATA[
                    { "inputs": {  "input_file": {   "id": "5085532c1416d588",   "src": "hda"  },  "output_type": "v" }, "job": {  "command_line": "bgzip -c \u0027/galaxy/server/database/objects/b/d/f/dataset_bdfa0d68-3e35-4139-b9aa-e67ed57a4529.dat\u0027 \u003e input.vcf.gz \u0026\u0026 bcftools index input.vcf.gz \u0026\u0026            bcftools plugin impute-info                --output-type \u0027v\u0027   --threads ${GALAXY_SLOTS:-4}    input.vcf.gz  \u003e \u0027/galaxy/server/database/objects/7/8/b/dataset_78b3893b-9145-41c6-829d-e4fe406efc77.dat\u0027",  "command_version": null,  "copied_from_job_id": null,  "create_time": "2026-01-06T01:07:35.488870",  "dependencies": [],  "exit_code": null,  "external_id": "gxy-6rt7d",  "galaxy_version": "24.1",  "handler": null,  "history_id": "424863521efa866a",  "id": "091acaccacfcdc7b",  "inputs": {   "input_file": {    "id": "5085532c1416d588",    "src": "hda",    "uuid": "bdfa0d68-3e35-4139-b9aa-e67ed57a4529"   }  },  "job_messages": null,  "job_metrics": [],  "job_runner_name": null,  "job_stderr": null,  "job_stdout": null,  "model_class": "Job",  "output_collections": {},  "outputs": {   "output_file": {    "id": "091acaccacfcdc7b",    "src": "hda",    "uuid": "78b3893b-9145-41c6-829d-e4fe406efc77"   }  },  "params": {   "__input_ext": "\"input\"",   "chromInfo": "\"/cvmfs/data.galaxyproject.org/managed/len/ucsc/?.len\"",   "dbkey": "\"?\"",   "output_type": "\"v\"",   "sec_restrict": "{\"exclude\": null, \"include\": null, \"regions\": {\"__current_case__\": 0, \"regions_src\": \"__none__\"}, \"targets\": {\"__current_case__\": 0, \"targets_src\": \"__none__\"}}"  },  "state": "error",  "stderr": "[impute-info.c] Warning: info tag not added to sites that are not biallelic diploid\nLines total/info-added/unchanged-no-tag/unchanged-not-biallelic-diploid:\t33/32/0/1\n",  "stdout": "",  "tool_id": "toolshed.g2.bx.psu.edu/repos/iuc/bcftools_plugin_impute_info/bcftools_plugin_impute_info/1.22+galaxy0",  "tool_stderr": "[impute-info.c] Warning: info tag not added to sites that are not biallelic diploid\nLines total/info-added/unchanged-no-tag/unchanged-not-biallelic-diploid:\t33/32/0/1\n",  "tool_stdout": "",  "update_time": "2026-01-06T01:07:47.772143",  "user_email": "tests@fake.org" }, "output_problems": [  "Job in error state.. tool_id: toolshed.g2.bx.psu.edu/repos/iuc/bcftools_plugin_impute_info/bcftools_plugin_impute_info/1.22+galaxy0, exit_code: None, stderr: [impute-info.c] Warning: info tag not added to sites that are not biallelic diploid\nLines total/info-added/unchanged-no-tag/unchanged-not-biallelic-diploid:\t33/32/0/1\n.",  "Job in error state.. tool_id: toolshed.g2.bx.psu.edu/repos/iuc/bcftools_plugin_impute_info/bcftools_plugin_impute_info/1.22+galaxy0, exit_code: None, stderr: [impute-info.c] Warning: info tag not added to sites that are not biallelic diploid\nLines total/info-added/unchanged-no-tag/unchanged-not-biallelic-diploid:\t33/32/0/1\n." ], "status": "failure", "test_index": 0, "time_seconds": 36.301666498184204, "tool_id": "bcftools_plugin_impute_info", "tool_version": "1.22+galaxy0"}
                ]]></error>
            
            <system-out><![CDATA[
            
            ]]></system-out>
            <system-err><![CDATA[
            [impute-info.c] Warning: info tag not added to sites that are not biallelic diploidLines total/info-added/unchanged-no-tag/unchanged-not-biallelic-diploid:33/32/0/1
            ]]></system-err>
        
    </testcase>
    
    <testcase classname="bcftools_query (Test #1)" name="0" time="38.605908155441284">
        
            
            <system-out><![CDATA[
            
            ]]></system-out>
            <system-err><![CDATA[
            
            ]]></system-err>
        
    </testcase>
    
    <testcase classname="bcftools_query (Test #2)" name="1" time="39.68523597717285">
        
            
            <system-out><![CDATA[
            
            ]]></system-out>
            <system-err><![CDATA[
            
            ]]></system-err>
        
    </testcase>
    
    <testcase classname="deeptools_multi_bam_summary (Test #1)" name="0" time="60.618473291397095">
        
            
            <system-out><![CDATA[
            
            ]]></system-out>
            <system-err><![CDATA[
            Number of bins found: 1657
            ]]></system-err>
        
    </testcase>
    
    <testcase classname="deeptools_multi_bam_summary (Test #2)" name="1" time="24.043848991394043">
        
            <error type="error" message="Input staging problem: Traceback (most recent call last):
  File "/opt/hostedtoolcache/Python/3.12.12/x64/lib/python3.12/site-packages/galaxy/tool_util/verify/interactor.py", line 1436, in verify_tool
    stage_data_in_history(
  File "/opt/hostedtoolcache/Python/3.12.12/x64/lib/python3.12/site-packages/galaxy/tool_util/verify/interactor.py", line 175, in stage_data_in_history
    staging_interface.handle_jobs()
  File "/opt/hostedtoolcache/Python/3.12.12/x64/lib/python3.12/site-packages/galaxy/tool_util/verify/interactor.py", line 212, in handle_jobs
    self.galaxy_interactor.wait_for_job(job_response["id"], job_response["history_id"], self.maxseconds)
  File "/opt/hostedtoolcache/Python/3.12.12/x64/lib/python3.12/site-packages/galaxy/tool_util/verify/interactor.py", line 399, in wait_for_job
    self.wait_for(lambda: self.__job_ready(job_id, history_id), maxseconds=maxseconds)
  File "/opt/hostedtoolcache/Python/3.12.12/x64/lib/python3.12/site-packages/galaxy/tool_util/verify/interactor.py", line 403, in wait_for
    wait_on(func, what, walltime_exceeded)
  File "/opt/hostedtoolcache/Python/3.12.12/x64/lib/python3.12/site-packages/galaxy/tool_util/verify/wait.py", line 38, in wait_on
    value = function()
            ^^^^^^^^^^
  File "/opt/hostedtoolcache/Python/3.12.12/x64/lib/python3.12/site-packages/galaxy/tool_util/verify/interactor.py", line 399, in <lambda>
    self.wait_for(lambda: self.__job_ready(job_id, history_id), maxseconds=maxseconds)
                          ^^^^^^^^^^^^^^^^^^^^^^^^^^^^^^^^^^^^
  File "/opt/hostedtoolcache/Python/3.12.12/x64/lib/python3.12/site-packages/galaxy/tool_util/verify/interactor.py", line 749, in __job_ready
    return self._state_ready(job_id, error_msg="Job in error state.")
           ^^^^^^^^^^^^^^^^^^^^^^^^^^^^^^^^^^^^^^^^^^^^^^^^^^^^^^^^^^
  File "/opt/hostedtoolcache/Python/3.12.12/x64/lib/python3.12/site-packages/galaxy/tool_util/verify/interactor.py", line 841, in _state_ready
    raise Exception(
Exception: Job in error state.. tool_id: __DATA_FETCH__, exit_code: None, stderr: .
"><![CDATA[
                { "execution_problem": "Input staging problem: Traceback (most recent call last):\n  File \"/opt/hostedtoolcache/Python/3.12.12/x64/lib/python3.12/site-packages/galaxy/tool_util/verify/interactor.py\", line 1436, in verify_tool\n    stage_data_in_history(\n  File \"/opt/hostedtoolcache/Python/3.12.12/x64/lib/python3.12/site-packages/galaxy/tool_util/verify/interactor.py\", line 175, in stage_data_in_history\n    staging_interface.handle_jobs()\n  File \"/opt/hostedtoolcache/Python/3.12.12/x64/lib/python3.12/site-packages/galaxy/tool_util/verify/interactor.py\", line 212, in handle_jobs\n    self.galaxy_interactor.wait_for_job(job_response[\"id\"], job_response[\"history_id\"], self.maxseconds)\n  File \"/opt/hostedtoolcache/Python/3.12.12/x64/lib/python3.12/site-packages/galaxy/tool_util/verify/interactor.py\", line 399, in wait_for_job\n    self.wait_for(lambda: self.__job_ready(job_id, history_id), maxseconds=maxseconds)\n  File \"/opt/hostedtoolcache/Python/3.12.12/x64/lib/python3.12/site-packages/galaxy/tool_util/verify/interactor.py\", line 403, in wait_for\n    wait_on(func, what, walltime_exceeded)\n  File \"/opt/hostedtoolcache/Python/3.12.12/x64/lib/python3.12/site-packages/galaxy/tool_util/verify/wait.py\", line 38, in wait_on\n    value = function()\n            ^^^^^^^^^^\n  File \"/opt/hostedtoolcache/Python/3.12.12/x64/lib/python3.12/site-packages/galaxy/tool_util/verify/interactor.py\", line 399, in \u003clambda\u003e\n    self.wait_for(lambda: self.__job_ready(job_id, history_id), maxseconds=maxseconds)\n                          ^^^^^^^^^^^^^^^^^^^^^^^^^^^^^^^^^^^^\n  File \"/opt/hostedtoolcache/Python/3.12.12/x64/lib/python3.12/site-packages/galaxy/tool_util/verify/interactor.py\", line 749, in __job_ready\n    return self._state_ready(job_id, error_msg=\"Job in error state.\")\n           ^^^^^^^^^^^^^^^^^^^^^^^^^^^^^^^^^^^^^^^^^^^^^^^^^^^^^^^^^^\n  File \"/opt/hostedtoolcache/Python/3.12.12/x64/lib/python3.12/site-packages/galaxy/tool_util/verify/interactor.py\", line 841, in _state_ready\n    raise Exception(\nException: Job in error state.. tool_id: __DATA_FETCH__, exit_code: None, stderr: .\n", "status": "error", "test_index": 1, "time_seconds": 24.043848991394043, "tool_id": "deeptools_multi_bam_summary", "tool_version": "3.5.4+galaxy0"}
            ]]></error>
        
    </testcase>
    
    <testcase classname="fastq_manipulation (Test #1)" name="0" time="0.3004300594329834">
        
            <error type="error" message="Input staging problem: Traceback (most recent call last):
  File "/opt/hostedtoolcache/Python/3.12.12/x64/lib/python3.12/site-packages/galaxy/tool_util/verify/interactor.py", line 1436, in verify_tool
    stage_data_in_history(
  File "/opt/hostedtoolcache/Python/3.12.12/x64/lib/python3.12/site-packages/galaxy/tool_util/verify/interactor.py", line 163, in stage_data_in_history
    test_dict = galaxy_interactor.remote_to_input(
                ^^^^^^^^^^^^^^^^^^^^^^^^^^^^^^^^^^
  File "/opt/hostedtoolcache/Python/3.12.12/x64/lib/python3.12/site-packages/galaxy/tool_util/verify/interactor.py", line 582, in remote_to_input
    path_or_location = self._get_path_or_location(
                       ^^^^^^^^^^^^^^^^^^^^^^^^^^^
  File "/opt/hostedtoolcache/Python/3.12.12/x64/lib/python3.12/site-packages/galaxy/tool_util/verify/interactor.py", line 619, in _get_path_or_location
    path = self.test_data_download(
           ^^^^^^^^^^^^^^^^^^^^^^^^
  File "/opt/hostedtoolcache/Python/3.12.12/x64/lib/python3.12/site-packages/galaxy/tool_util/verify/interactor.py", line 525, in test_data_download
    raise AssertionError(f"Test input file ({filename}) cannot be found.")
AssertionError: Test input file (sanger_full_range_original_sanger.fastqsanger) cannot be found.
"><![CDATA[
                { "execution_problem": "Input staging problem: Traceback (most recent call last):\n  File \"/opt/hostedtoolcache/Python/3.12.12/x64/lib/python3.12/site-packages/galaxy/tool_util/verify/interactor.py\", line 1436, in verify_tool\n    stage_data_in_history(\n  File \"/opt/hostedtoolcache/Python/3.12.12/x64/lib/python3.12/site-packages/galaxy/tool_util/verify/interactor.py\", line 163, in stage_data_in_history\n    test_dict = galaxy_interactor.remote_to_input(\n                ^^^^^^^^^^^^^^^^^^^^^^^^^^^^^^^^^^\n  File \"/opt/hostedtoolcache/Python/3.12.12/x64/lib/python3.12/site-packages/galaxy/tool_util/verify/interactor.py\", line 582, in remote_to_input\n    path_or_location = self._get_path_or_location(\n                       ^^^^^^^^^^^^^^^^^^^^^^^^^^^\n  File \"/opt/hostedtoolcache/Python/3.12.12/x64/lib/python3.12/site-packages/galaxy/tool_util/verify/interactor.py\", line 619, in _get_path_or_location\n    path = self.test_data_download(\n           ^^^^^^^^^^^^^^^^^^^^^^^^\n  File \"/opt/hostedtoolcache/Python/3.12.12/x64/lib/python3.12/site-packages/galaxy/tool_util/verify/interactor.py\", line 525, in test_data_download\n    raise AssertionError(f\"Test input file ({filename}) cannot be found.\")\nAssertionError: Test input file (sanger_full_range_original_sanger.fastqsanger) cannot be found.\n", "status": "error", "test_index": 0, "time_seconds": 0.3004300594329834, "tool_id": "fastq_manipulation", "tool_version": "1.1.5+galaxy2"}
            ]]></error>
        
    </testcase>
    
    <testcase classname="fastq_manipulation (Test #2)" name="1" time="0.1559467315673828">
        
            <error type="error" message="Input staging problem: Traceback (most recent call last):
  File "/opt/hostedtoolcache/Python/3.12.12/x64/lib/python3.12/site-packages/galaxy/tool_util/verify/interactor.py", line 1436, in verify_tool
    stage_data_in_history(
  File "/opt/hostedtoolcache/Python/3.12.12/x64/lib/python3.12/site-packages/galaxy/tool_util/verify/interactor.py", line 163, in stage_data_in_history
    test_dict = galaxy_interactor.remote_to_input(
                ^^^^^^^^^^^^^^^^^^^^^^^^^^^^^^^^^^
  File "/opt/hostedtoolcache/Python/3.12.12/x64/lib/python3.12/site-packages/galaxy/tool_util/verify/interactor.py", line 582, in remote_to_input
    path_or_location = self._get_path_or_location(
                       ^^^^^^^^^^^^^^^^^^^^^^^^^^^
  File "/opt/hostedtoolcache/Python/3.12.12/x64/lib/python3.12/site-packages/galaxy/tool_util/verify/interactor.py", line 619, in _get_path_or_location
    path = self.test_data_download(
           ^^^^^^^^^^^^^^^^^^^^^^^^
  File "/opt/hostedtoolcache/Python/3.12.12/x64/lib/python3.12/site-packages/galaxy/tool_util/verify/interactor.py", line 525, in test_data_download
    raise AssertionError(f"Test input file ({filename}) cannot be found.")
AssertionError: Test input file (sanger_full_range_original_sanger.fastqsanger) cannot be found.
"><![CDATA[
                { "execution_problem": "Input staging problem: Traceback (most recent call last):\n  File \"/opt/hostedtoolcache/Python/3.12.12/x64/lib/python3.12/site-packages/galaxy/tool_util/verify/interactor.py\", line 1436, in verify_tool\n    stage_data_in_history(\n  File \"/opt/hostedtoolcache/Python/3.12.12/x64/lib/python3.12/site-packages/galaxy/tool_util/verify/interactor.py\", line 163, in stage_data_in_history\n    test_dict = galaxy_interactor.remote_to_input(\n                ^^^^^^^^^^^^^^^^^^^^^^^^^^^^^^^^^^\n  File \"/opt/hostedtoolcache/Python/3.12.12/x64/lib/python3.12/site-packages/galaxy/tool_util/verify/interactor.py\", line 582, in remote_to_input\n    path_or_location = self._get_path_or_location(\n                       ^^^^^^^^^^^^^^^^^^^^^^^^^^^\n  File \"/opt/hostedtoolcache/Python/3.12.12/x64/lib/python3.12/site-packages/galaxy/tool_util/verify/interactor.py\", line 619, in _get_path_or_location\n    path = self.test_data_download(\n           ^^^^^^^^^^^^^^^^^^^^^^^^\n  File \"/opt/hostedtoolcache/Python/3.12.12/x64/lib/python3.12/site-packages/galaxy/tool_util/verify/interactor.py\", line 525, in test_data_download\n    raise AssertionError(f\"Test input file ({filename}) cannot be found.\")\nAssertionError: Test input file (sanger_full_range_original_sanger.fastqsanger) cannot be found.\n", "status": "error", "test_index": 1, "time_seconds": 0.1559467315673828, "tool_id": "fastq_manipulation", "tool_version": "1.1.5+galaxy2"}
            ]]></error>
        
    </testcase>
    
    <testcase classname="fastq_manipulation (Test #11)" name="10" time="0.15230369567871094">
        
            <error type="error" message="Input staging problem: Traceback (most recent call last):
  File "/opt/hostedtoolcache/Python/3.12.12/x64/lib/python3.12/site-packages/galaxy/tool_util/verify/interactor.py", line 1436, in verify_tool
    stage_data_in_history(
  File "/opt/hostedtoolcache/Python/3.12.12/x64/lib/python3.12/site-packages/galaxy/tool_util/verify/interactor.py", line 163, in stage_data_in_history
    test_dict = galaxy_interactor.remote_to_input(
                ^^^^^^^^^^^^^^^^^^^^^^^^^^^^^^^^^^
  File "/opt/hostedtoolcache/Python/3.12.12/x64/lib/python3.12/site-packages/galaxy/tool_util/verify/interactor.py", line 582, in remote_to_input
    path_or_location = self._get_path_or_location(
                       ^^^^^^^^^^^^^^^^^^^^^^^^^^^
  File "/opt/hostedtoolcache/Python/3.12.12/x64/lib/python3.12/site-packages/galaxy/tool_util/verify/interactor.py", line 619, in _get_path_or_location
    path = self.test_data_download(
           ^^^^^^^^^^^^^^^^^^^^^^^^
  File "/opt/hostedtoolcache/Python/3.12.12/x64/lib/python3.12/site-packages/galaxy/tool_util/verify/interactor.py", line 525, in test_data_download
    raise AssertionError(f"Test input file ({filename}) cannot be found.")
AssertionError: Test input file (sanger_full_range_rev_comp_1_seq.fastqsanger) cannot be found.
"><![CDATA[
                { "execution_problem": "Input staging problem: Traceback (most recent call last):\n  File \"/opt/hostedtoolcache/Python/3.12.12/x64/lib/python3.12/site-packages/galaxy/tool_util/verify/interactor.py\", line 1436, in verify_tool\n    stage_data_in_history(\n  File \"/opt/hostedtoolcache/Python/3.12.12/x64/lib/python3.12/site-packages/galaxy/tool_util/verify/interactor.py\", line 163, in stage_data_in_history\n    test_dict = galaxy_interactor.remote_to_input(\n                ^^^^^^^^^^^^^^^^^^^^^^^^^^^^^^^^^^\n  File \"/opt/hostedtoolcache/Python/3.12.12/x64/lib/python3.12/site-packages/galaxy/tool_util/verify/interactor.py\", line 582, in remote_to_input\n    path_or_location = self._get_path_or_location(\n                       ^^^^^^^^^^^^^^^^^^^^^^^^^^^\n  File \"/opt/hostedtoolcache/Python/3.12.12/x64/lib/python3.12/site-packages/galaxy/tool_util/verify/interactor.py\", line 619, in _get_path_or_location\n    path = self.test_data_download(\n           ^^^^^^^^^^^^^^^^^^^^^^^^\n  File \"/opt/hostedtoolcache/Python/3.12.12/x64/lib/python3.12/site-packages/galaxy/tool_util/verify/interactor.py\", line 525, in test_data_download\n    raise AssertionError(f\"Test input file ({filename}) cannot be found.\")\nAssertionError: Test input file (sanger_full_range_rev_comp_1_seq.fastqsanger) cannot be found.\n", "status": "error", "test_index": 10, "time_seconds": 0.15230369567871094, "tool_id": "fastq_manipulation", "tool_version": "1.1.5+galaxy2"}
            ]]></error>
        
    </testcase>
    
    <testcase classname="fastq_manipulation (Test #12)" name="11" time="0.15473604202270508">
        
            <error type="error" message="Input staging problem: Traceback (most recent call last):
  File "/opt/hostedtoolcache/Python/3.12.12/x64/lib/python3.12/site-packages/galaxy/tool_util/verify/interactor.py", line 1436, in verify_tool
    stage_data_in_history(
  File "/opt/hostedtoolcache/Python/3.12.12/x64/lib/python3.12/site-packages/galaxy/tool_util/verify/interactor.py", line 163, in stage_data_in_history
    test_dict = galaxy_interactor.remote_to_input(
                ^^^^^^^^^^^^^^^^^^^^^^^^^^^^^^^^^^
  File "/opt/hostedtoolcache/Python/3.12.12/x64/lib/python3.12/site-packages/galaxy/tool_util/verify/interactor.py", line 582, in remote_to_input
    path_or_location = self._get_path_or_location(
                       ^^^^^^^^^^^^^^^^^^^^^^^^^^^
  File "/opt/hostedtoolcache/Python/3.12.12/x64/lib/python3.12/site-packages/galaxy/tool_util/verify/interactor.py", line 619, in _get_path_or_location
    path = self.test_data_download(
           ^^^^^^^^^^^^^^^^^^^^^^^^
  File "/opt/hostedtoolcache/Python/3.12.12/x64/lib/python3.12/site-packages/galaxy/tool_util/verify/interactor.py", line 525, in test_data_download
    raise AssertionError(f"Test input file ({filename}) cannot be found.")
AssertionError: Test input file (sanger_full_range_original_sanger.fastqsanger) cannot be found.
"><![CDATA[
                { "execution_problem": "Input staging problem: Traceback (most recent call last):\n  File \"/opt/hostedtoolcache/Python/3.12.12/x64/lib/python3.12/site-packages/galaxy/tool_util/verify/interactor.py\", line 1436, in verify_tool\n    stage_data_in_history(\n  File \"/opt/hostedtoolcache/Python/3.12.12/x64/lib/python3.12/site-packages/galaxy/tool_util/verify/interactor.py\", line 163, in stage_data_in_history\n    test_dict = galaxy_interactor.remote_to_input(\n                ^^^^^^^^^^^^^^^^^^^^^^^^^^^^^^^^^^\n  File \"/opt/hostedtoolcache/Python/3.12.12/x64/lib/python3.12/site-packages/galaxy/tool_util/verify/interactor.py\", line 582, in remote_to_input\n    path_or_location = self._get_path_or_location(\n                       ^^^^^^^^^^^^^^^^^^^^^^^^^^^\n  File \"/opt/hostedtoolcache/Python/3.12.12/x64/lib/python3.12/site-packages/galaxy/tool_util/verify/interactor.py\", line 619, in _get_path_or_location\n    path = self.test_data_download(\n           ^^^^^^^^^^^^^^^^^^^^^^^^\n  File \"/opt/hostedtoolcache/Python/3.12.12/x64/lib/python3.12/site-packages/galaxy/tool_util/verify/interactor.py\", line 525, in test_data_download\n    raise AssertionError(f\"Test input file ({filename}) cannot be found.\")\nAssertionError: Test input file (sanger_full_range_original_sanger.fastqsanger) cannot be found.\n", "status": "error", "test_index": 11, "time_seconds": 0.15473604202270508, "tool_id": "fastq_manipulation", "tool_version": "1.1.5+galaxy2"}
            ]]></error>
        
    </testcase>
    
    <testcase classname="fastq_manipulation (Test #13)" name="12" time="0.1534440517425537">
        
            <error type="error" message="Input staging problem: Traceback (most recent call last):
  File "/opt/hostedtoolcache/Python/3.12.12/x64/lib/python3.12/site-packages/galaxy/tool_util/verify/interactor.py", line 1436, in verify_tool
    stage_data_in_history(
  File "/opt/hostedtoolcache/Python/3.12.12/x64/lib/python3.12/site-packages/galaxy/tool_util/verify/interactor.py", line 163, in stage_data_in_history
    test_dict = galaxy_interactor.remote_to_input(
                ^^^^^^^^^^^^^^^^^^^^^^^^^^^^^^^^^^
  File "/opt/hostedtoolcache/Python/3.12.12/x64/lib/python3.12/site-packages/galaxy/tool_util/verify/interactor.py", line 582, in remote_to_input
    path_or_location = self._get_path_or_location(
                       ^^^^^^^^^^^^^^^^^^^^^^^^^^^
  File "/opt/hostedtoolcache/Python/3.12.12/x64/lib/python3.12/site-packages/galaxy/tool_util/verify/interactor.py", line 619, in _get_path_or_location
    path = self.test_data_download(
           ^^^^^^^^^^^^^^^^^^^^^^^^
  File "/opt/hostedtoolcache/Python/3.12.12/x64/lib/python3.12/site-packages/galaxy/tool_util/verify/interactor.py", line 525, in test_data_download
    raise AssertionError(f"Test input file ({filename}) cannot be found.")
AssertionError: Test input file (sanger_full_range_as_rna.fastqsanger) cannot be found.
"><![CDATA[
                { "execution_problem": "Input staging problem: Traceback (most recent call last):\n  File \"/opt/hostedtoolcache/Python/3.12.12/x64/lib/python3.12/site-packages/galaxy/tool_util/verify/interactor.py\", line 1436, in verify_tool\n    stage_data_in_history(\n  File \"/opt/hostedtoolcache/Python/3.12.12/x64/lib/python3.12/site-packages/galaxy/tool_util/verify/interactor.py\", line 163, in stage_data_in_history\n    test_dict = galaxy_interactor.remote_to_input(\n                ^^^^^^^^^^^^^^^^^^^^^^^^^^^^^^^^^^\n  File \"/opt/hostedtoolcache/Python/3.12.12/x64/lib/python3.12/site-packages/galaxy/tool_util/verify/interactor.py\", line 582, in remote_to_input\n    path_or_location = self._get_path_or_location(\n                       ^^^^^^^^^^^^^^^^^^^^^^^^^^^\n  File \"/opt/hostedtoolcache/Python/3.12.12/x64/lib/python3.12/site-packages/galaxy/tool_util/verify/interactor.py\", line 619, in _get_path_or_location\n    path = self.test_data_download(\n           ^^^^^^^^^^^^^^^^^^^^^^^^\n  File \"/opt/hostedtoolcache/Python/3.12.12/x64/lib/python3.12/site-packages/galaxy/tool_util/verify/interactor.py\", line 525, in test_data_download\n    raise AssertionError(f\"Test input file ({filename}) cannot be found.\")\nAssertionError: Test input file (sanger_full_range_as_rna.fastqsanger) cannot be found.\n", "status": "error", "test_index": 12, "time_seconds": 0.1534440517425537, "tool_id": "fastq_manipulation", "tool_version": "1.1.5+galaxy2"}
            ]]></error>
        
    </testcase>
    
    <testcase classname="fastq_manipulation (Test #14)" name="13" time="0.1525862216949463">
        
            <error type="error" message="Input staging problem: Traceback (most recent call last):
  File "/opt/hostedtoolcache/Python/3.12.12/x64/lib/python3.12/site-packages/galaxy/tool_util/verify/interactor.py", line 1436, in verify_tool
    stage_data_in_history(
  File "/opt/hostedtoolcache/Python/3.12.12/x64/lib/python3.12/site-packages/galaxy/tool_util/verify/interactor.py", line 163, in stage_data_in_history
    test_dict = galaxy_interactor.remote_to_input(
                ^^^^^^^^^^^^^^^^^^^^^^^^^^^^^^^^^^
  File "/opt/hostedtoolcache/Python/3.12.12/x64/lib/python3.12/site-packages/galaxy/tool_util/verify/interactor.py", line 582, in remote_to_input
    path_or_location = self._get_path_or_location(
                       ^^^^^^^^^^^^^^^^^^^^^^^^^^^
  File "/opt/hostedtoolcache/Python/3.12.12/x64/lib/python3.12/site-packages/galaxy/tool_util/verify/interactor.py", line 619, in _get_path_or_location
    path = self.test_data_download(
           ^^^^^^^^^^^^^^^^^^^^^^^^
  File "/opt/hostedtoolcache/Python/3.12.12/x64/lib/python3.12/site-packages/galaxy/tool_util/verify/interactor.py", line 525, in test_data_download
    raise AssertionError(f"Test input file ({filename}) cannot be found.")
AssertionError: Test input file (sanger_full_range_as_rna.fastqsanger.gz) cannot be found.
"><![CDATA[
                { "execution_problem": "Input staging problem: Traceback (most recent call last):\n  File \"/opt/hostedtoolcache/Python/3.12.12/x64/lib/python3.12/site-packages/galaxy/tool_util/verify/interactor.py\", line 1436, in verify_tool\n    stage_data_in_history(\n  File \"/opt/hostedtoolcache/Python/3.12.12/x64/lib/python3.12/site-packages/galaxy/tool_util/verify/interactor.py\", line 163, in stage_data_in_history\n    test_dict = galaxy_interactor.remote_to_input(\n                ^^^^^^^^^^^^^^^^^^^^^^^^^^^^^^^^^^\n  File \"/opt/hostedtoolcache/Python/3.12.12/x64/lib/python3.12/site-packages/galaxy/tool_util/verify/interactor.py\", line 582, in remote_to_input\n    path_or_location = self._get_path_or_location(\n                       ^^^^^^^^^^^^^^^^^^^^^^^^^^^\n  File \"/opt/hostedtoolcache/Python/3.12.12/x64/lib/python3.12/site-packages/galaxy/tool_util/verify/interactor.py\", line 619, in _get_path_or_location\n    path = self.test_data_download(\n           ^^^^^^^^^^^^^^^^^^^^^^^^\n  File \"/opt/hostedtoolcache/Python/3.12.12/x64/lib/python3.12/site-packages/galaxy/tool_util/verify/interactor.py\", line 525, in test_data_download\n    raise AssertionError(f\"Test input file ({filename}) cannot be found.\")\nAssertionError: Test input file (sanger_full_range_as_rna.fastqsanger.gz) cannot be found.\n", "status": "error", "test_index": 13, "time_seconds": 0.1525862216949463, "tool_id": "fastq_manipulation", "tool_version": "1.1.5+galaxy2"}
            ]]></error>
        
    </testcase>
    
    <testcase classname="fastq_manipulation (Test #15)" name="14" time="0.15424799919128418">
        
            <error type="error" message="Input staging problem: Traceback (most recent call last):
  File "/opt/hostedtoolcache/Python/3.12.12/x64/lib/python3.12/site-packages/galaxy/tool_util/verify/interactor.py", line 1436, in verify_tool
    stage_data_in_history(
  File "/opt/hostedtoolcache/Python/3.12.12/x64/lib/python3.12/site-packages/galaxy/tool_util/verify/interactor.py", line 163, in stage_data_in_history
    test_dict = galaxy_interactor.remote_to_input(
                ^^^^^^^^^^^^^^^^^^^^^^^^^^^^^^^^^^
  File "/opt/hostedtoolcache/Python/3.12.12/x64/lib/python3.12/site-packages/galaxy/tool_util/verify/interactor.py", line 582, in remote_to_input
    path_or_location = self._get_path_or_location(
                       ^^^^^^^^^^^^^^^^^^^^^^^^^^^
  File "/opt/hostedtoolcache/Python/3.12.12/x64/lib/python3.12/site-packages/galaxy/tool_util/verify/interactor.py", line 619, in _get_path_or_location
    path = self.test_data_download(
           ^^^^^^^^^^^^^^^^^^^^^^^^
  File "/opt/hostedtoolcache/Python/3.12.12/x64/lib/python3.12/site-packages/galaxy/tool_util/verify/interactor.py", line 525, in test_data_download
    raise AssertionError(f"Test input file ({filename}) cannot be found.")
AssertionError: Test input file (sanger_full_range_as_rna.fastqsanger.bz2) cannot be found.
"><![CDATA[
                { "execution_problem": "Input staging problem: Traceback (most recent call last):\n  File \"/opt/hostedtoolcache/Python/3.12.12/x64/lib/python3.12/site-packages/galaxy/tool_util/verify/interactor.py\", line 1436, in verify_tool\n    stage_data_in_history(\n  File \"/opt/hostedtoolcache/Python/3.12.12/x64/lib/python3.12/site-packages/galaxy/tool_util/verify/interactor.py\", line 163, in stage_data_in_history\n    test_dict = galaxy_interactor.remote_to_input(\n                ^^^^^^^^^^^^^^^^^^^^^^^^^^^^^^^^^^\n  File \"/opt/hostedtoolcache/Python/3.12.12/x64/lib/python3.12/site-packages/galaxy/tool_util/verify/interactor.py\", line 582, in remote_to_input\n    path_or_location = self._get_path_or_location(\n                       ^^^^^^^^^^^^^^^^^^^^^^^^^^^\n  File \"/opt/hostedtoolcache/Python/3.12.12/x64/lib/python3.12/site-packages/galaxy/tool_util/verify/interactor.py\", line 619, in _get_path_or_location\n    path = self.test_data_download(\n           ^^^^^^^^^^^^^^^^^^^^^^^^\n  File \"/opt/hostedtoolcache/Python/3.12.12/x64/lib/python3.12/site-packages/galaxy/tool_util/verify/interactor.py\", line 525, in test_data_download\n    raise AssertionError(f\"Test input file ({filename}) cannot be found.\")\nAssertionError: Test input file (sanger_full_range_as_rna.fastqsanger.bz2) cannot be found.\n", "status": "error", "test_index": 14, "time_seconds": 0.15424799919128418, "tool_id": "fastq_manipulation", "tool_version": "1.1.5+galaxy2"}
            ]]></error>
        
    </testcase>
    
    <testcase classname="fastq_manipulation (Test #3)" name="2" time="0.1550459861755371">
        
            <error type="error" message="Input staging problem: Traceback (most recent call last):
  File "/opt/hostedtoolcache/Python/3.12.12/x64/lib/python3.12/site-packages/galaxy/tool_util/verify/interactor.py", line 1436, in verify_tool
    stage_data_in_history(
  File "/opt/hostedtoolcache/Python/3.12.12/x64/lib/python3.12/site-packages/galaxy/tool_util/verify/interactor.py", line 163, in stage_data_in_history
    test_dict = galaxy_interactor.remote_to_input(
                ^^^^^^^^^^^^^^^^^^^^^^^^^^^^^^^^^^
  File "/opt/hostedtoolcache/Python/3.12.12/x64/lib/python3.12/site-packages/galaxy/tool_util/verify/interactor.py", line 582, in remote_to_input
    path_or_location = self._get_path_or_location(
                       ^^^^^^^^^^^^^^^^^^^^^^^^^^^
  File "/opt/hostedtoolcache/Python/3.12.12/x64/lib/python3.12/site-packages/galaxy/tool_util/verify/interactor.py", line 619, in _get_path_or_location
    path = self.test_data_download(
           ^^^^^^^^^^^^^^^^^^^^^^^^
  File "/opt/hostedtoolcache/Python/3.12.12/x64/lib/python3.12/site-packages/galaxy/tool_util/verify/interactor.py", line 525, in test_data_download
    raise AssertionError(f"Test input file ({filename}) cannot be found.")
AssertionError: Test input file (sanger_full_range_original_sanger.fastqsanger) cannot be found.
"><![CDATA[
                { "execution_problem": "Input staging problem: Traceback (most recent call last):\n  File \"/opt/hostedtoolcache/Python/3.12.12/x64/lib/python3.12/site-packages/galaxy/tool_util/verify/interactor.py\", line 1436, in verify_tool\n    stage_data_in_history(\n  File \"/opt/hostedtoolcache/Python/3.12.12/x64/lib/python3.12/site-packages/galaxy/tool_util/verify/interactor.py\", line 163, in stage_data_in_history\n    test_dict = galaxy_interactor.remote_to_input(\n                ^^^^^^^^^^^^^^^^^^^^^^^^^^^^^^^^^^\n  File \"/opt/hostedtoolcache/Python/3.12.12/x64/lib/python3.12/site-packages/galaxy/tool_util/verify/interactor.py\", line 582, in remote_to_input\n    path_or_location = self._get_path_or_location(\n                       ^^^^^^^^^^^^^^^^^^^^^^^^^^^\n  File \"/opt/hostedtoolcache/Python/3.12.12/x64/lib/python3.12/site-packages/galaxy/tool_util/verify/interactor.py\", line 619, in _get_path_or_location\n    path = self.test_data_download(\n           ^^^^^^^^^^^^^^^^^^^^^^^^\n  File \"/opt/hostedtoolcache/Python/3.12.12/x64/lib/python3.12/site-packages/galaxy/tool_util/verify/interactor.py\", line 525, in test_data_download\n    raise AssertionError(f\"Test input file ({filename}) cannot be found.\")\nAssertionError: Test input file (sanger_full_range_original_sanger.fastqsanger) cannot be found.\n", "status": "error", "test_index": 2, "time_seconds": 0.1550459861755371, "tool_id": "fastq_manipulation", "tool_version": "1.1.5+galaxy2"}
            ]]></error>
        
    </testcase>
    
    <testcase classname="fastq_manipulation (Test #4)" name="3" time="0.15401983261108398">
        
            <error type="error" message="Input staging problem: Traceback (most recent call last):
  File "/opt/hostedtoolcache/Python/3.12.12/x64/lib/python3.12/site-packages/galaxy/tool_util/verify/interactor.py", line 1436, in verify_tool
    stage_data_in_history(
  File "/opt/hostedtoolcache/Python/3.12.12/x64/lib/python3.12/site-packages/galaxy/tool_util/verify/interactor.py", line 163, in stage_data_in_history
    test_dict = galaxy_interactor.remote_to_input(
                ^^^^^^^^^^^^^^^^^^^^^^^^^^^^^^^^^^
  File "/opt/hostedtoolcache/Python/3.12.12/x64/lib/python3.12/site-packages/galaxy/tool_util/verify/interactor.py", line 582, in remote_to_input
    path_or_location = self._get_path_or_location(
                       ^^^^^^^^^^^^^^^^^^^^^^^^^^^
  File "/opt/hostedtoolcache/Python/3.12.12/x64/lib/python3.12/site-packages/galaxy/tool_util/verify/interactor.py", line 619, in _get_path_or_location
    path = self.test_data_download(
           ^^^^^^^^^^^^^^^^^^^^^^^^
  File "/opt/hostedtoolcache/Python/3.12.12/x64/lib/python3.12/site-packages/galaxy/tool_util/verify/interactor.py", line 525, in test_data_download
    raise AssertionError(f"Test input file ({filename}) cannot be found.")
AssertionError: Test input file (sanger_full_range_original_sanger.fastqsanger) cannot be found.
"><![CDATA[
                { "execution_problem": "Input staging problem: Traceback (most recent call last):\n  File \"/opt/hostedtoolcache/Python/3.12.12/x64/lib/python3.12/site-packages/galaxy/tool_util/verify/interactor.py\", line 1436, in verify_tool\n    stage_data_in_history(\n  File \"/opt/hostedtoolcache/Python/3.12.12/x64/lib/python3.12/site-packages/galaxy/tool_util/verify/interactor.py\", line 163, in stage_data_in_history\n    test_dict = galaxy_interactor.remote_to_input(\n                ^^^^^^^^^^^^^^^^^^^^^^^^^^^^^^^^^^\n  File \"/opt/hostedtoolcache/Python/3.12.12/x64/lib/python3.12/site-packages/galaxy/tool_util/verify/interactor.py\", line 582, in remote_to_input\n    path_or_location = self._get_path_or_location(\n                       ^^^^^^^^^^^^^^^^^^^^^^^^^^^\n  File \"/opt/hostedtoolcache/Python/3.12.12/x64/lib/python3.12/site-packages/galaxy/tool_util/verify/interactor.py\", line 619, in _get_path_or_location\n    path = self.test_data_download(\n           ^^^^^^^^^^^^^^^^^^^^^^^^\n  File \"/opt/hostedtoolcache/Python/3.12.12/x64/lib/python3.12/site-packages/galaxy/tool_util/verify/interactor.py\", line 525, in test_data_download\n    raise AssertionError(f\"Test input file ({filename}) cannot be found.\")\nAssertionError: Test input file (sanger_full_range_original_sanger.fastqsanger) cannot be found.\n", "status": "error", "test_index": 3, "time_seconds": 0.15401983261108398, "tool_id": "fastq_manipulation", "tool_version": "1.1.5+galaxy2"}
            ]]></error>
        
    </testcase>
    
    <testcase classname="fastq_manipulation (Test #5)" name="4" time="0.15416979789733887">
        
            <error type="error" message="Input staging problem: Traceback (most recent call last):
  File "/opt/hostedtoolcache/Python/3.12.12/x64/lib/python3.12/site-packages/galaxy/tool_util/verify/interactor.py", line 1436, in verify_tool
    stage_data_in_history(
  File "/opt/hostedtoolcache/Python/3.12.12/x64/lib/python3.12/site-packages/galaxy/tool_util/verify/interactor.py", line 163, in stage_data_in_history
    test_dict = galaxy_interactor.remote_to_input(
                ^^^^^^^^^^^^^^^^^^^^^^^^^^^^^^^^^^
  File "/opt/hostedtoolcache/Python/3.12.12/x64/lib/python3.12/site-packages/galaxy/tool_util/verify/interactor.py", line 582, in remote_to_input
    path_or_location = self._get_path_or_location(
                       ^^^^^^^^^^^^^^^^^^^^^^^^^^^
  File "/opt/hostedtoolcache/Python/3.12.12/x64/lib/python3.12/site-packages/galaxy/tool_util/verify/interactor.py", line 619, in _get_path_or_location
    path = self.test_data_download(
           ^^^^^^^^^^^^^^^^^^^^^^^^
  File "/opt/hostedtoolcache/Python/3.12.12/x64/lib/python3.12/site-packages/galaxy/tool_util/verify/interactor.py", line 525, in test_data_download
    raise AssertionError(f"Test input file ({filename}) cannot be found.")
AssertionError: Test input file (sanger_full_range_original_sanger.fastqsanger) cannot be found.
"><![CDATA[
                { "execution_problem": "Input staging problem: Traceback (most recent call last):\n  File \"/opt/hostedtoolcache/Python/3.12.12/x64/lib/python3.12/site-packages/galaxy/tool_util/verify/interactor.py\", line 1436, in verify_tool\n    stage_data_in_history(\n  File \"/opt/hostedtoolcache/Python/3.12.12/x64/lib/python3.12/site-packages/galaxy/tool_util/verify/interactor.py\", line 163, in stage_data_in_history\n    test_dict = galaxy_interactor.remote_to_input(\n                ^^^^^^^^^^^^^^^^^^^^^^^^^^^^^^^^^^\n  File \"/opt/hostedtoolcache/Python/3.12.12/x64/lib/python3.12/site-packages/galaxy/tool_util/verify/interactor.py\", line 582, in remote_to_input\n    path_or_location = self._get_path_or_location(\n                       ^^^^^^^^^^^^^^^^^^^^^^^^^^^\n  File \"/opt/hostedtoolcache/Python/3.12.12/x64/lib/python3.12/site-packages/galaxy/tool_util/verify/interactor.py\", line 619, in _get_path_or_location\n    path = self.test_data_download(\n           ^^^^^^^^^^^^^^^^^^^^^^^^\n  File \"/opt/hostedtoolcache/Python/3.12.12/x64/lib/python3.12/site-packages/galaxy/tool_util/verify/interactor.py\", line 525, in test_data_download\n    raise AssertionError(f\"Test input file ({filename}) cannot be found.\")\nAssertionError: Test input file (sanger_full_range_original_sanger.fastqsanger) cannot be found.\n", "status": "error", "test_index": 4, "time_seconds": 0.15416979789733887, "tool_id": "fastq_manipulation", "tool_version": "1.1.5+galaxy2"}
            ]]></error>
        
    </testcase>
    
    <testcase classname="fastq_manipulation (Test #6)" name="5" time="0.154510498046875">
        
            <error type="error" message="Input staging problem: Traceback (most recent call last):
  File "/opt/hostedtoolcache/Python/3.12.12/x64/lib/python3.12/site-packages/galaxy/tool_util/verify/interactor.py", line 1436, in verify_tool
    stage_data_in_history(
  File "/opt/hostedtoolcache/Python/3.12.12/x64/lib/python3.12/site-packages/galaxy/tool_util/verify/interactor.py", line 163, in stage_data_in_history
    test_dict = galaxy_interactor.remote_to_input(
                ^^^^^^^^^^^^^^^^^^^^^^^^^^^^^^^^^^
  File "/opt/hostedtoolcache/Python/3.12.12/x64/lib/python3.12/site-packages/galaxy/tool_util/verify/interactor.py", line 582, in remote_to_input
    path_or_location = self._get_path_or_location(
                       ^^^^^^^^^^^^^^^^^^^^^^^^^^^
  File "/opt/hostedtoolcache/Python/3.12.12/x64/lib/python3.12/site-packages/galaxy/tool_util/verify/interactor.py", line 619, in _get_path_or_location
    path = self.test_data_download(
           ^^^^^^^^^^^^^^^^^^^^^^^^
  File "/opt/hostedtoolcache/Python/3.12.12/x64/lib/python3.12/site-packages/galaxy/tool_util/verify/interactor.py", line 525, in test_data_download
    raise AssertionError(f"Test input file ({filename}) cannot be found.")
AssertionError: Test input file (sanger_full_range_original_sanger.fastqsanger) cannot be found.
"><![CDATA[
                { "execution_problem": "Input staging problem: Traceback (most recent call last):\n  File \"/opt/hostedtoolcache/Python/3.12.12/x64/lib/python3.12/site-packages/galaxy/tool_util/verify/interactor.py\", line 1436, in verify_tool\n    stage_data_in_history(\n  File \"/opt/hostedtoolcache/Python/3.12.12/x64/lib/python3.12/site-packages/galaxy/tool_util/verify/interactor.py\", line 163, in stage_data_in_history\n    test_dict = galaxy_interactor.remote_to_input(\n                ^^^^^^^^^^^^^^^^^^^^^^^^^^^^^^^^^^\n  File \"/opt/hostedtoolcache/Python/3.12.12/x64/lib/python3.12/site-packages/galaxy/tool_util/verify/interactor.py\", line 582, in remote_to_input\n    path_or_location = self._get_path_or_location(\n                       ^^^^^^^^^^^^^^^^^^^^^^^^^^^\n  File \"/opt/hostedtoolcache/Python/3.12.12/x64/lib/python3.12/site-packages/galaxy/tool_util/verify/interactor.py\", line 619, in _get_path_or_location\n    path = self.test_data_download(\n           ^^^^^^^^^^^^^^^^^^^^^^^^\n  File \"/opt/hostedtoolcache/Python/3.12.12/x64/lib/python3.12/site-packages/galaxy/tool_util/verify/interactor.py\", line 525, in test_data_download\n    raise AssertionError(f\"Test input file ({filename}) cannot be found.\")\nAssertionError: Test input file (sanger_full_range_original_sanger.fastqsanger) cannot be found.\n", "status": "error", "test_index": 5, "time_seconds": 0.154510498046875, "tool_id": "fastq_manipulation", "tool_version": "1.1.5+galaxy2"}
            ]]></error>
        
    </testcase>
    
    <testcase classname="fastq_manipulation (Test #7)" name="6" time="0.1549370288848877">
        
            <error type="error" message="Input staging problem: Traceback (most recent call last):
  File "/opt/hostedtoolcache/Python/3.12.12/x64/lib/python3.12/site-packages/galaxy/tool_util/verify/interactor.py", line 1436, in verify_tool
    stage_data_in_history(
  File "/opt/hostedtoolcache/Python/3.12.12/x64/lib/python3.12/site-packages/galaxy/tool_util/verify/interactor.py", line 163, in stage_data_in_history
    test_dict = galaxy_interactor.remote_to_input(
                ^^^^^^^^^^^^^^^^^^^^^^^^^^^^^^^^^^
  File "/opt/hostedtoolcache/Python/3.12.12/x64/lib/python3.12/site-packages/galaxy/tool_util/verify/interactor.py", line 582, in remote_to_input
    path_or_location = self._get_path_or_location(
                       ^^^^^^^^^^^^^^^^^^^^^^^^^^^
  File "/opt/hostedtoolcache/Python/3.12.12/x64/lib/python3.12/site-packages/galaxy/tool_util/verify/interactor.py", line 619, in _get_path_or_location
    path = self.test_data_download(
           ^^^^^^^^^^^^^^^^^^^^^^^^
  File "/opt/hostedtoolcache/Python/3.12.12/x64/lib/python3.12/site-packages/galaxy/tool_util/verify/interactor.py", line 525, in test_data_download
    raise AssertionError(f"Test input file ({filename}) cannot be found.")
AssertionError: Test input file (sanger_full_range_original_sanger.fastqsanger) cannot be found.
"><![CDATA[
                { "execution_problem": "Input staging problem: Traceback (most recent call last):\n  File \"/opt/hostedtoolcache/Python/3.12.12/x64/lib/python3.12/site-packages/galaxy/tool_util/verify/interactor.py\", line 1436, in verify_tool\n    stage_data_in_history(\n  File \"/opt/hostedtoolcache/Python/3.12.12/x64/lib/python3.12/site-packages/galaxy/tool_util/verify/interactor.py\", line 163, in stage_data_in_history\n    test_dict = galaxy_interactor.remote_to_input(\n                ^^^^^^^^^^^^^^^^^^^^^^^^^^^^^^^^^^\n  File \"/opt/hostedtoolcache/Python/3.12.12/x64/lib/python3.12/site-packages/galaxy/tool_util/verify/interactor.py\", line 582, in remote_to_input\n    path_or_location = self._get_path_or_location(\n                       ^^^^^^^^^^^^^^^^^^^^^^^^^^^\n  File \"/opt/hostedtoolcache/Python/3.12.12/x64/lib/python3.12/site-packages/galaxy/tool_util/verify/interactor.py\", line 619, in _get_path_or_location\n    path = self.test_data_download(\n           ^^^^^^^^^^^^^^^^^^^^^^^^\n  File \"/opt/hostedtoolcache/Python/3.12.12/x64/lib/python3.12/site-packages/galaxy/tool_util/verify/interactor.py\", line 525, in test_data_download\n    raise AssertionError(f\"Test input file ({filename}) cannot be found.\")\nAssertionError: Test input file (sanger_full_range_original_sanger.fastqsanger) cannot be found.\n", "status": "error", "test_index": 6, "time_seconds": 0.1549370288848877, "tool_id": "fastq_manipulation", "tool_version": "1.1.5+galaxy2"}
            ]]></error>
        
    </testcase>
    
    <testcase classname="fastq_manipulation (Test #8)" name="7" time="0.15335655212402344">
        
            <error type="error" message="Input staging problem: Traceback (most recent call last):
  File "/opt/hostedtoolcache/Python/3.12.12/x64/lib/python3.12/site-packages/galaxy/tool_util/verify/interactor.py", line 1436, in verify_tool
    stage_data_in_history(
  File "/opt/hostedtoolcache/Python/3.12.12/x64/lib/python3.12/site-packages/galaxy/tool_util/verify/interactor.py", line 163, in stage_data_in_history
    test_dict = galaxy_interactor.remote_to_input(
                ^^^^^^^^^^^^^^^^^^^^^^^^^^^^^^^^^^
  File "/opt/hostedtoolcache/Python/3.12.12/x64/lib/python3.12/site-packages/galaxy/tool_util/verify/interactor.py", line 582, in remote_to_input
    path_or_location = self._get_path_or_location(
                       ^^^^^^^^^^^^^^^^^^^^^^^^^^^
  File "/opt/hostedtoolcache/Python/3.12.12/x64/lib/python3.12/site-packages/galaxy/tool_util/verify/interactor.py", line 619, in _get_path_or_location
    path = self.test_data_download(
           ^^^^^^^^^^^^^^^^^^^^^^^^
  File "/opt/hostedtoolcache/Python/3.12.12/x64/lib/python3.12/site-packages/galaxy/tool_util/verify/interactor.py", line 525, in test_data_download
    raise AssertionError(f"Test input file ({filename}) cannot be found.")
AssertionError: Test input file (misc_dna_original_sanger.fastqsanger) cannot be found.
"><![CDATA[
                { "execution_problem": "Input staging problem: Traceback (most recent call last):\n  File \"/opt/hostedtoolcache/Python/3.12.12/x64/lib/python3.12/site-packages/galaxy/tool_util/verify/interactor.py\", line 1436, in verify_tool\n    stage_data_in_history(\n  File \"/opt/hostedtoolcache/Python/3.12.12/x64/lib/python3.12/site-packages/galaxy/tool_util/verify/interactor.py\", line 163, in stage_data_in_history\n    test_dict = galaxy_interactor.remote_to_input(\n                ^^^^^^^^^^^^^^^^^^^^^^^^^^^^^^^^^^\n  File \"/opt/hostedtoolcache/Python/3.12.12/x64/lib/python3.12/site-packages/galaxy/tool_util/verify/interactor.py\", line 582, in remote_to_input\n    path_or_location = self._get_path_or_location(\n                       ^^^^^^^^^^^^^^^^^^^^^^^^^^^\n  File \"/opt/hostedtoolcache/Python/3.12.12/x64/lib/python3.12/site-packages/galaxy/tool_util/verify/interactor.py\", line 619, in _get_path_or_location\n    path = self.test_data_download(\n           ^^^^^^^^^^^^^^^^^^^^^^^^\n  File \"/opt/hostedtoolcache/Python/3.12.12/x64/lib/python3.12/site-packages/galaxy/tool_util/verify/interactor.py\", line 525, in test_data_download\n    raise AssertionError(f\"Test input file ({filename}) cannot be found.\")\nAssertionError: Test input file (misc_dna_original_sanger.fastqsanger) cannot be found.\n", "status": "error", "test_index": 7, "time_seconds": 0.15335655212402344, "tool_id": "fastq_manipulation", "tool_version": "1.1.5+galaxy2"}
            ]]></error>
        
    </testcase>
    
    <testcase classname="fastq_manipulation (Test #9)" name="8" time="0.15331602096557617">
        
            <error type="error" message="Input staging problem: Traceback (most recent call last):
  File "/opt/hostedtoolcache/Python/3.12.12/x64/lib/python3.12/site-packages/galaxy/tool_util/verify/interactor.py", line 1436, in verify_tool
    stage_data_in_history(
  File "/opt/hostedtoolcache/Python/3.12.12/x64/lib/python3.12/site-packages/galaxy/tool_util/verify/interactor.py", line 163, in stage_data_in_history
    test_dict = galaxy_interactor.remote_to_input(
                ^^^^^^^^^^^^^^^^^^^^^^^^^^^^^^^^^^
  File "/opt/hostedtoolcache/Python/3.12.12/x64/lib/python3.12/site-packages/galaxy/tool_util/verify/interactor.py", line 582, in remote_to_input
    path_or_location = self._get_path_or_location(
                       ^^^^^^^^^^^^^^^^^^^^^^^^^^^
  File "/opt/hostedtoolcache/Python/3.12.12/x64/lib/python3.12/site-packages/galaxy/tool_util/verify/interactor.py", line 619, in _get_path_or_location
    path = self.test_data_download(
           ^^^^^^^^^^^^^^^^^^^^^^^^
  File "/opt/hostedtoolcache/Python/3.12.12/x64/lib/python3.12/site-packages/galaxy/tool_util/verify/interactor.py", line 525, in test_data_download
    raise AssertionError(f"Test input file ({filename}) cannot be found.")
AssertionError: Test input file (misc_rna_original_sanger.fastqsanger) cannot be found.
"><![CDATA[
                { "execution_problem": "Input staging problem: Traceback (most recent call last):\n  File \"/opt/hostedtoolcache/Python/3.12.12/x64/lib/python3.12/site-packages/galaxy/tool_util/verify/interactor.py\", line 1436, in verify_tool\n    stage_data_in_history(\n  File \"/opt/hostedtoolcache/Python/3.12.12/x64/lib/python3.12/site-packages/galaxy/tool_util/verify/interactor.py\", line 163, in stage_data_in_history\n    test_dict = galaxy_interactor.remote_to_input(\n                ^^^^^^^^^^^^^^^^^^^^^^^^^^^^^^^^^^\n  File \"/opt/hostedtoolcache/Python/3.12.12/x64/lib/python3.12/site-packages/galaxy/tool_util/verify/interactor.py\", line 582, in remote_to_input\n    path_or_location = self._get_path_or_location(\n                       ^^^^^^^^^^^^^^^^^^^^^^^^^^^\n  File \"/opt/hostedtoolcache/Python/3.12.12/x64/lib/python3.12/site-packages/galaxy/tool_util/verify/interactor.py\", line 619, in _get_path_or_location\n    path = self.test_data_download(\n           ^^^^^^^^^^^^^^^^^^^^^^^^\n  File \"/opt/hostedtoolcache/Python/3.12.12/x64/lib/python3.12/site-packages/galaxy/tool_util/verify/interactor.py\", line 525, in test_data_download\n    raise AssertionError(f\"Test input file ({filename}) cannot be found.\")\nAssertionError: Test input file (misc_rna_original_sanger.fastqsanger) cannot be found.\n", "status": "error", "test_index": 8, "time_seconds": 0.15331602096557617, "tool_id": "fastq_manipulation", "tool_version": "1.1.5+galaxy2"}
            ]]></error>
        
    </testcase>
    
    <testcase classname="fastq_manipulation (Test #10)" name="9" time="0.15420889854431152">
        
            <error type="error" message="Input staging problem: Traceback (most recent call last):
  File "/opt/hostedtoolcache/Python/3.12.12/x64/lib/python3.12/site-packages/galaxy/tool_util/verify/interactor.py", line 1436, in verify_tool
    stage_data_in_history(
  File "/opt/hostedtoolcache/Python/3.12.12/x64/lib/python3.12/site-packages/galaxy/tool_util/verify/interactor.py", line 163, in stage_data_in_history
    test_dict = galaxy_interactor.remote_to_input(
                ^^^^^^^^^^^^^^^^^^^^^^^^^^^^^^^^^^
  File "/opt/hostedtoolcache/Python/3.12.12/x64/lib/python3.12/site-packages/galaxy/tool_util/verify/interactor.py", line 582, in remote_to_input
    path_or_location = self._get_path_or_location(
                       ^^^^^^^^^^^^^^^^^^^^^^^^^^^
  File "/opt/hostedtoolcache/Python/3.12.12/x64/lib/python3.12/site-packages/galaxy/tool_util/verify/interactor.py", line 619, in _get_path_or_location
    path = self.test_data_download(
           ^^^^^^^^^^^^^^^^^^^^^^^^
  File "/opt/hostedtoolcache/Python/3.12.12/x64/lib/python3.12/site-packages/galaxy/tool_util/verify/interactor.py", line 525, in test_data_download
    raise AssertionError(f"Test input file ({filename}) cannot be found.")
AssertionError: Test input file (sanger_full_range_original_sanger.fastqsanger) cannot be found.
"><![CDATA[
                { "execution_problem": "Input staging problem: Traceback (most recent call last):\n  File \"/opt/hostedtoolcache/Python/3.12.12/x64/lib/python3.12/site-packages/galaxy/tool_util/verify/interactor.py\", line 1436, in verify_tool\n    stage_data_in_history(\n  File \"/opt/hostedtoolcache/Python/3.12.12/x64/lib/python3.12/site-packages/galaxy/tool_util/verify/interactor.py\", line 163, in stage_data_in_history\n    test_dict = galaxy_interactor.remote_to_input(\n                ^^^^^^^^^^^^^^^^^^^^^^^^^^^^^^^^^^\n  File \"/opt/hostedtoolcache/Python/3.12.12/x64/lib/python3.12/site-packages/galaxy/tool_util/verify/interactor.py\", line 582, in remote_to_input\n    path_or_location = self._get_path_or_location(\n                       ^^^^^^^^^^^^^^^^^^^^^^^^^^^\n  File \"/opt/hostedtoolcache/Python/3.12.12/x64/lib/python3.12/site-packages/galaxy/tool_util/verify/interactor.py\", line 619, in _get_path_or_location\n    path = self.test_data_download(\n           ^^^^^^^^^^^^^^^^^^^^^^^^\n  File \"/opt/hostedtoolcache/Python/3.12.12/x64/lib/python3.12/site-packages/galaxy/tool_util/verify/interactor.py\", line 525, in test_data_download\n    raise AssertionError(f\"Test input file ({filename}) cannot be found.\")\nAssertionError: Test input file (sanger_full_range_original_sanger.fastqsanger) cannot be found.\n", "status": "error", "test_index": 9, "time_seconds": 0.15420889854431152, "tool_id": "fastq_manipulation", "tool_version": "1.1.5+galaxy2"}
            ]]></error>
        
    </testcase>
    
    <testcase classname="ivar_trim (Test #1)" name="0" time="47.53822350502014">
        
            
                <error type="error" message="Tool exit code: None"><![CDATA[
                    { "inputs": {  "inc_primers": true,  "input_bam": {   "id": "7763bf629b76b2e5",   "src": "hda"  },  "primer|input_bed": {   "id": "fac55dfe29723918",   "src": "hda"  },  "trimmed_length|filter": "custom",  "trimmed_length|min_len": "30" }, "job": {  "command_line": "ln -s \u0027/galaxy/server/database/objects/4/4/9/dataset_4497a294-9e3b-4bc8-b16d-752f35a0d5a2.dat\u0027 bed.bed \u0026\u0026 scheme-convert --to bed --bed-type ivar -o ivar.bed bed.bed \u0026\u0026 ln -s \u0027/galaxy/server/database/objects/1/8/9/dataset_1896e442-1eaa-47f4-a356-c3d9fa54fafa.dat\u0027 sorted.bam \u0026\u0026 ln -s \u0027/galaxy/server/database/objects/_metadata_files/b/3/6/metadata_b3643078-0b99-43cd-8eaa-e5fd4ac961c2.dat\u0027 sorted.bam.bai \u0026\u0026  ivar trim -i sorted.bam -b ivar.bed -x 0 -e -m 30 -q 20 -s 4 | samtools sort -@ ${GALAXY_SLOTS:-1} -T \"${TMPDIR:-.}\" -o trimmed.sorted.bam -",  "command_version": null,  "copied_from_job_id": null,  "create_time": "2026-01-06T01:15:14.138478",  "dependencies": [],  "exit_code": null,  "external_id": "gxy-rp8gv",  "galaxy_version": "24.1",  "handler": null,  "history_id": "424863521efa866a",  "id": "7763bf629b76b2e5",  "inputs": {   "input_bam": {    "id": "7763bf629b76b2e5",    "src": "hda",    "uuid": "1896e442-1eaa-47f4-a356-c3d9fa54fafa"   },   "primer|input_bed": {    "id": "fac55dfe29723918",    "src": "hda",    "uuid": "4497a294-9e3b-4bc8-b16d-752f35a0d5a2"   }  },  "job_messages": null,  "job_metrics": [],  "job_runner_name": null,  "job_stderr": null,  "job_stdout": null,  "model_class": "Job",  "output_collections": {},  "outputs": {   "output_bam": {    "id": "2f18d261122cfa37",    "src": "hda",    "uuid": "53d5e610-a150-4d08-82c7-d8bde6cb1eb1"   }  },  "params": {   "__input_ext": "\"input\"",   "amplicons": "{\"__current_case__\": 2, \"filter_by\": \"\"}",   "chromInfo": "\"/cvmfs/data.galaxyproject.org/managed/len/ucsc/?.len\"",   "dbkey": "\"?\"",   "inc_primers": "true",   "min_qual": "\"20\"",   "primer": "{\"__current_case__\": 0, \"input_bed\": {\"values\": [{\"id\": 30, \"src\": \"hda\"}]}, \"source\": \"history\"}",   "primer_pos_wiggle": "\"0\"",   "trimmed_length": "{\"__current_case__\": 2, \"filter\": \"custom\", \"min_len\": \"30\"}",   "window_width": "\"4\""  },  "state": "error",  "stderr": "Found 196 primers in BED file\nReading from sorted.bam\n\n-------\nResults: \nPrimer Name\tRead Count\nnCoV-2019_1_LEFT\t25\nnCoV-2019_2_LEFT\t10\nnCoV-2019_1_RIGHT\t9\nnCoV-2019_3_LEFT\t22\nnCoV-2019_2_RIGHT\t17\nnCoV-2019_4_LEFT\t20\nnCoV-2019_3_RIGHT\t29\nnCoV-2019_5_LEFT\t4\nnCoV-2019_4_RIGHT\t5\nnCoV-2019_6_LEFT\t17\nnCoV-2019_5_RIGHT\t16\nnCoV-2019_7_LEFT\t21\nnCoV-2019_6_RIGHT\t10\nnCoV-2019_8_LEFT\t5\nnCoV-2019_7_RIGHT\t14\nnCoV-2019_9_LEFT\t18\nnCoV-2019_8_RIGHT\t10\nnCoV-2019_10_LEFT\t20\nnCoV-2019_9_RIGHT\t11\nnCoV-2019_11_LEFT\t15\nnCoV-2019_10_RIGHT\t11\nnCoV-2019_12_LEFT\t48\nnCoV-2019_11_RIGHT\t31\nnCoV-2019_13_LEFT\t31\nnCoV-2019_12_RIGHT\t11\nnCoV-2019_14_LEFT\t53\nnCoV-2019_13_RIGHT\t64\nnCoV-2019_15_LEFT\t64\nnCoV-2019_14_RIGHT\t89\nnCoV-2019_16_LEFT\t168\nnCoV-2019_15_RIGHT\t57\nnCoV-2019_17_LEFT\t100\nnCoV-2019_16_RIGHT\t112\nnCoV-2019_18_LEFT\t19\nnCoV-2019_17_RIGHT\t23\nnCoV-2019_19_LEFT\t72\nnCoV-2019_18_RIGHT\t42\nnCoV-2019_20_LEFT\t31\nnCoV-2019_19_RIGHT\t43\nnCoV-2019_21_LEFT\t126\nnCoV-2019_20_RIGHT\t63\nnCoV-2019_22_LEFT\t55\nnCoV-2019_21_RIGHT\t23\nnCoV-2019_23_LEFT\t46\nnCoV-2019_22_RIGHT\t58\nnCoV-2019_24_LEFT\t22\nnCoV-2019_23_RIGHT\t2\nnCoV-2019_25_LEFT\t7\nnCoV-2019_24_RIGHT\t6\nnCoV-2019_26_LEFT\t13\nnCoV-2019_25_RIGHT\t11\nnCoV-2019_27_LEFT\t70\nnCoV-2019_26_RIGHT\t14\nnCoV-2019_28_LEFT\t15\nnCoV-2019_27_RIGHT\t31\nnCoV-2019_29_LEFT\t4\nnCoV-2019_28_RIGHT\t6\nnCoV-2019_30_LEFT\t10\nnCoV-2019_29_RIGHT\t70\nnCoV-2019_31_LEFT\t33\nnCoV-2019_30_RIGHT\t26\nnCoV-2019_32_LEFT\t119\nnCoV-2019_31_RIGHT\t75\nnCoV-2019_33_LEFT\t23\nnCoV-2019_32_RIGHT\t52\nnCoV-2019_34_LEFT\t51\nnCoV-2019_33_RIGHT\t43\nnCoV-2019_35_LEFT\t44\nnCoV-2019_34_RIGHT\t40\nnCoV-2019_36_LEFT\t113\nnCoV-2019_35_RIGHT\t86\nnCoV-2019_37_LEFT\t74\nnCoV-2019_36_RIGHT\t131\nnCoV-2019_38_LEFT\t185\nnCoV-2019_37_RIGHT\t163\nnCoV-2019_39_LEFT\t97\nnCoV-2019_38_RIGHT\t113\nnCoV-2019_40_LEFT\t67\nnCoV-2019_39_RIGHT\t39\nnCoV-2019_41_LEFT\t31\nnCoV-2019_40_RIGHT\t17\nnCoV-2019_42_LEFT\t39\nnCoV-2019_41_RIGHT\t5\nnCoV-2019_43_LEFT\t47\nnCoV-2019_42_RIGHT\t89\nnCoV-2019_44_LEFT\t51\nnCoV-2019_43_RIGHT\t23\nnCoV-2019_45_LEFT\t43\nnCoV-2019_44_RIGHT\t70\nnCoV-2019_46_LEFT\t11\nnCoV-2019_45_RIGHT\t16\nnCoV-2019_47_LEFT\t27\nnCoV-2019_46_RIGHT\t35\nnCoV-2019_48_LEFT\t74\nnCoV-2019_47_RIGHT\t25\nnCoV-2019_49_LEFT\t40\nnCoV-2019_48_RIGHT\t41\nnCoV-2019_50_LEFT\t26\nnCoV-2019_49_RIGHT\t54\nnCoV-2019_51_LEFT\t81\nnCoV-2019_50_RIGHT\t19\nnCoV-2019_52_LEFT\t33\nnCoV-2019_51_RIGHT\t47\nnCoV-2019_53_LEFT\t75\nnCoV-2019_52_RIGHT\t28\nnCoV-2019_54_LEFT\t44\nnCoV-2019_53_RIGHT\t35\nnCoV-2019_55_LEFT\t66\nnCoV-2019_54_RIGHT\t13\nnCoV-2019_56_LEFT\t35\nnCoV-2019_55_RIGHT\t96\nnCoV-2019_57_LEFT\t112\nnCoV-2019_56_RIGHT\t69\nnCoV-2019_58_LEFT\t15\nnCoV-2019_57_RIGHT\t78\nnCoV-2019_59_LEFT\t35\nnCoV-2019_58_RIGHT\t6\nnCoV-2019_60_LEFT\t22\nnCoV-2019_59_RIGHT\t23\nnCoV-2019_61_LEFT\t33\nnCoV-2019_60_RIGHT\t19\nnCoV-2019_62_LEFT\t16\nnCoV-2019_61_RIGHT\t33\nnCoV-2019_63_LEFT\t47\nnCoV-2019_62_RIGHT\t17\nnCoV-2019_64_LEFT\t6\nnCoV-2019_63_RIGHT\t31\nnCoV-2019_65_LEFT\t6\nnCoV-2019_64_RIGHT\t8\nnCoV-2019_66_LEFT\t29\nnCoV-2019_65_RIGHT\t59\nnCoV-2019_67_LEFT\t6\nnCoV-2019_66_RIGHT\t2\nnCoV-2019_68_LEFT\t8\nnCoV-2019_67_RIGHT\t0\nnCoV-2019_69_LEFT\t17\nnCoV-2019_68_RIGHT\t9\nnCoV-2019_70_LEFT\t0\nnCoV-2019_69_RIGHT\t5\nnCoV-2019_71_LEFT\t1\nnCoV-2019_70_RIGHT\t1\nnCoV-2019_72_LEFT\t7\nnCoV-2019_71_RIGHT\t5\nnCoV-2019_73_LEFT\t0\nnCoV-2019_72_RIGHT\t4\nnCoV-2019_74_LEFT\t0\nnCoV-2019_73_RIGHT\t4\nnCoV-2019_75_LEFT\t2\nnCoV-2019_74_RIGHT\t0\nnCoV-2019_76_LEFT\t2\nnCoV-2019_75_RIGHT\t1\nnCoV-2019_77_LEFT\t27\nnCoV-2019_76_RIGHT\t13\nnCoV-2019_78_LEFT\t63\nnCoV-2019_77_RIGHT\t87\nnCoV-2019_79_LEFT\t5\nnCoV-2019_78_RIGHT\t23\nnCoV-2019_80_LEFT\t92\nnCoV-2019_79_RIGHT\t17\nnCoV-2019_81_LEFT\t28\nnCoV-2019_80_RIGHT\t33\nnCoV-2019_82_LEFT\t150\nnCoV-2019_81_RIGHT\t79\nnCoV-2019_83_LEFT\t22\nnCoV-2019_82_RIGHT\t50\nnCoV-2019_84_LEFT\t32\nnCoV-2019_83_RIGHT\t41\nnCoV-2019_85_LEFT\t77\nnCoV-2019_84_RIGHT\t50\nnCoV-2019_86_LEFT\t54\nnCoV-2019_85_RIGHT\t37\nnCoV-2019_87_LEFT\t48\nnCoV-2019_86_RIGHT\t30\nnCoV-2019_88_LEFT\t58\nnCoV-2019_87_RIGHT\t3\nnCoV-2019_89_LEFT\t37\nnCoV-2019_88_RIGHT\t91\nnCoV-2019_90_LEFT\t28\nnCoV-2019_89_RIGHT\t30\nnCoV-2019_91_LEFT\t27\nnCoV-2019_90_RIGHT\t21\nnCoV-2019_92_LEFT\t9\nnCoV-2019_91_RIGHT\t2\nnCoV-2019_93_LEFT\t38\nnCoV-2019_92_RIGHT\t14\nnCoV-2019_94_LEFT\t116\nnCoV-2019_93_RIGHT\t23\nnCoV-2019_95_LEFT\t39\nnCoV-2019_94_RIGHT\t55\nnCoV-2019_96_LEFT\t24\nnCoV-2019_95_RIGHT\t8\nnCoV-2019_97_LEFT\t0\nnCoV-2019_96_RIGHT\t17\nnCoV-2019_98_LEFT\t2\nnCoV-2019_97_RIGHT\t1\nnCoV-2019_98_RIGHT\t2\n\nTrimmed primers from 13.29% (6871) of reads.\n3.5% (1811) of reads were quality trimmed below the minimum length of 30 bp and were not written to file.\n84.15% (43493) of reads started outside of primer regions. Since the -e flag was given, these reads were written to file.\n58.16% (30061) of reads had their insert size smaller than their read length\n[bam_sort_core] merging from 0 files and 8 in-memory blocks...\n",  "stdout": "",  "tool_id": "toolshed.g2.bx.psu.edu/repos/iuc/ivar_trim/ivar_trim/1.4.4+galaxy1",  "tool_stderr": "Found 196 primers in BED file\nReading from sorted.bam\n\n-------\nResults: \nPrimer Name\tRead Count\nnCoV-2019_1_LEFT\t25\nnCoV-2019_2_LEFT\t10\nnCoV-2019_1_RIGHT\t9\nnCoV-2019_3_LEFT\t22\nnCoV-2019_2_RIGHT\t17\nnCoV-2019_4_LEFT\t20\nnCoV-2019_3_RIGHT\t29\nnCoV-2019_5_LEFT\t4\nnCoV-2019_4_RIGHT\t5\nnCoV-2019_6_LEFT\t17\nnCoV-2019_5_RIGHT\t16\nnCoV-2019_7_LEFT\t21\nnCoV-2019_6_RIGHT\t10\nnCoV-2019_8_LEFT\t5\nnCoV-2019_7_RIGHT\t14\nnCoV-2019_9_LEFT\t18\nnCoV-2019_8_RIGHT\t10\nnCoV-2019_10_LEFT\t20\nnCoV-2019_9_RIGHT\t11\nnCoV-2019_11_LEFT\t15\nnCoV-2019_10_RIGHT\t11\nnCoV-2019_12_LEFT\t48\nnCoV-2019_11_RIGHT\t31\nnCoV-2019_13_LEFT\t31\nnCoV-2019_12_RIGHT\t11\nnCoV-2019_14_LEFT\t53\nnCoV-2019_13_RIGHT\t64\nnCoV-2019_15_LEFT\t64\nnCoV-2019_14_RIGHT\t89\nnCoV-2019_16_LEFT\t168\nnCoV-2019_15_RIGHT\t57\nnCoV-2019_17_LEFT\t100\nnCoV-2019_16_RIGHT\t112\nnCoV-2019_18_LEFT\t19\nnCoV-2019_17_RIGHT\t23\nnCoV-2019_19_LEFT\t72\nnCoV-2019_18_RIGHT\t42\nnCoV-2019_20_LEFT\t31\nnCoV-2019_19_RIGHT\t43\nnCoV-2019_21_LEFT\t126\nnCoV-2019_20_RIGHT\t63\nnCoV-2019_22_LEFT\t55\nnCoV-2019_21_RIGHT\t23\nnCoV-2019_23_LEFT\t46\nnCoV-2019_22_RIGHT\t58\nnCoV-2019_24_LEFT\t22\nnCoV-2019_23_RIGHT\t2\nnCoV-2019_25_LEFT\t7\nnCoV-2019_24_RIGHT\t6\nnCoV-2019_26_LEFT\t13\nnCoV-2019_25_RIGHT\t11\nnCoV-2019_27_LEFT\t70\nnCoV-2019_26_RIGHT\t14\nnCoV-2019_28_LEFT\t15\nnCoV-2019_27_RIGHT\t31\nnCoV-2019_29_LEFT\t4\nnCoV-2019_28_RIGHT\t6\nnCoV-2019_30_LEFT\t10\nnCoV-2019_29_RIGHT\t70\nnCoV-2019_31_LEFT\t33\nnCoV-2019_30_RIGHT\t26\nnCoV-2019_32_LEFT\t119\nnCoV-2019_31_RIGHT\t75\nnCoV-2019_33_LEFT\t23\nnCoV-2019_32_RIGHT\t52\nnCoV-2019_34_LEFT\t51\nnCoV-2019_33_RIGHT\t43\nnCoV-2019_35_LEFT\t44\nnCoV-2019_34_RIGHT\t40\nnCoV-2019_36_LEFT\t113\nnCoV-2019_35_RIGHT\t86\nnCoV-2019_37_LEFT\t74\nnCoV-2019_36_RIGHT\t131\nnCoV-2019_38_LEFT\t185\nnCoV-2019_37_RIGHT\t163\nnCoV-2019_39_LEFT\t97\nnCoV-2019_38_RIGHT\t113\nnCoV-2019_40_LEFT\t67\nnCoV-2019_39_RIGHT\t39\nnCoV-2019_41_LEFT\t31\nnCoV-2019_40_RIGHT\t17\nnCoV-2019_42_LEFT\t39\nnCoV-2019_41_RIGHT\t5\nnCoV-2019_43_LEFT\t47\nnCoV-2019_42_RIGHT\t89\nnCoV-2019_44_LEFT\t51\nnCoV-2019_43_RIGHT\t23\nnCoV-2019_45_LEFT\t43\nnCoV-2019_44_RIGHT\t70\nnCoV-2019_46_LEFT\t11\nnCoV-2019_45_RIGHT\t16\nnCoV-2019_47_LEFT\t27\nnCoV-2019_46_RIGHT\t35\nnCoV-2019_48_LEFT\t74\nnCoV-2019_47_RIGHT\t25\nnCoV-2019_49_LEFT\t40\nnCoV-2019_48_RIGHT\t41\nnCoV-2019_50_LEFT\t26\nnCoV-2019_49_RIGHT\t54\nnCoV-2019_51_LEFT\t81\nnCoV-2019_50_RIGHT\t19\nnCoV-2019_52_LEFT\t33\nnCoV-2019_51_RIGHT\t47\nnCoV-2019_53_LEFT\t75\nnCoV-2019_52_RIGHT\t28\nnCoV-2019_54_LEFT\t44\nnCoV-2019_53_RIGHT\t35\nnCoV-2019_55_LEFT\t66\nnCoV-2019_54_RIGHT\t13\nnCoV-2019_56_LEFT\t35\nnCoV-2019_55_RIGHT\t96\nnCoV-2019_57_LEFT\t112\nnCoV-2019_56_RIGHT\t69\nnCoV-2019_58_LEFT\t15\nnCoV-2019_57_RIGHT\t78\nnCoV-2019_59_LEFT\t35\nnCoV-2019_58_RIGHT\t6\nnCoV-2019_60_LEFT\t22\nnCoV-2019_59_RIGHT\t23\nnCoV-2019_61_LEFT\t33\nnCoV-2019_60_RIGHT\t19\nnCoV-2019_62_LEFT\t16\nnCoV-2019_61_RIGHT\t33\nnCoV-2019_63_LEFT\t47\nnCoV-2019_62_RIGHT\t17\nnCoV-2019_64_LEFT\t6\nnCoV-2019_63_RIGHT\t31\nnCoV-2019_65_LEFT\t6\nnCoV-2019_64_RIGHT\t8\nnCoV-2019_66_LEFT\t29\nnCoV-2019_65_RIGHT\t59\nnCoV-2019_67_LEFT\t6\nnCoV-2019_66_RIGHT\t2\nnCoV-2019_68_LEFT\t8\nnCoV-2019_67_RIGHT\t0\nnCoV-2019_69_LEFT\t17\nnCoV-2019_68_RIGHT\t9\nnCoV-2019_70_LEFT\t0\nnCoV-2019_69_RIGHT\t5\nnCoV-2019_71_LEFT\t1\nnCoV-2019_70_RIGHT\t1\nnCoV-2019_72_LEFT\t7\nnCoV-2019_71_RIGHT\t5\nnCoV-2019_73_LEFT\t0\nnCoV-2019_72_RIGHT\t4\nnCoV-2019_74_LEFT\t0\nnCoV-2019_73_RIGHT\t4\nnCoV-2019_75_LEFT\t2\nnCoV-2019_74_RIGHT\t0\nnCoV-2019_76_LEFT\t2\nnCoV-2019_75_RIGHT\t1\nnCoV-2019_77_LEFT\t27\nnCoV-2019_76_RIGHT\t13\nnCoV-2019_78_LEFT\t63\nnCoV-2019_77_RIGHT\t87\nnCoV-2019_79_LEFT\t5\nnCoV-2019_78_RIGHT\t23\nnCoV-2019_80_LEFT\t92\nnCoV-2019_79_RIGHT\t17\nnCoV-2019_81_LEFT\t28\nnCoV-2019_80_RIGHT\t33\nnCoV-2019_82_LEFT\t150\nnCoV-2019_81_RIGHT\t79\nnCoV-2019_83_LEFT\t22\nnCoV-2019_82_RIGHT\t50\nnCoV-2019_84_LEFT\t32\nnCoV-2019_83_RIGHT\t41\nnCoV-2019_85_LEFT\t77\nnCoV-2019_84_RIGHT\t50\nnCoV-2019_86_LEFT\t54\nnCoV-2019_85_RIGHT\t37\nnCoV-2019_87_LEFT\t48\nnCoV-2019_86_RIGHT\t30\nnCoV-2019_88_LEFT\t58\nnCoV-2019_87_RIGHT\t3\nnCoV-2019_89_LEFT\t37\nnCoV-2019_88_RIGHT\t91\nnCoV-2019_90_LEFT\t28\nnCoV-2019_89_RIGHT\t30\nnCoV-2019_91_LEFT\t27\nnCoV-2019_90_RIGHT\t21\nnCoV-2019_92_LEFT\t9\nnCoV-2019_91_RIGHT\t2\nnCoV-2019_93_LEFT\t38\nnCoV-2019_92_RIGHT\t14\nnCoV-2019_94_LEFT\t116\nnCoV-2019_93_RIGHT\t23\nnCoV-2019_95_LEFT\t39\nnCoV-2019_94_RIGHT\t55\nnCoV-2019_96_LEFT\t24\nnCoV-2019_95_RIGHT\t8\nnCoV-2019_97_LEFT\t0\nnCoV-2019_96_RIGHT\t17\nnCoV-2019_98_LEFT\t2\nnCoV-2019_97_RIGHT\t1\nnCoV-2019_98_RIGHT\t2\n\nTrimmed primers from 13.29% (6871) of reads.\n3.5% (1811) of reads were quality trimmed below the minimum length of 30 bp and were not written to file.\n84.15% (43493) of reads started outside of primer regions. Since the -e flag was given, these reads were written to file.\n58.16% (30061) of reads had their insert size smaller than their read length\n[bam_sort_core] merging from 0 files and 8 in-memory blocks...\n",  "tool_stdout": "",  "update_time": "2026-01-06T01:15:34.643256",  "user_email": "tests@fake.org" }, "output_problems": [  "Job in error state.. tool_id: toolshed.g2.bx.psu.edu/repos/iuc/ivar_trim/ivar_trim/1.4.4+galaxy1, exit_code: None, stderr: Found 196 primers in BED file\nReading from sorted.bam\n\n-------\nResults: \nPrimer Name\tRead Count\nnCoV-2019_1_LEFT\t25\nnCoV-2019_2_LEFT\t10\nnCoV-2019_1_RIGHT\t9\nnCoV-2019_3_LEFT\t22\nnCoV-2019_2_RIGHT\t17\nnCoV-2019_4_LEFT\t20\nnCoV-2019_3_RIGHT\t29\nnCoV-2019_5_LEFT\t4\nnCoV-2019_4_RIGHT\t5\nnCoV-2019_6_LEFT\t17\nnCoV-2019_5_RIGHT\t16\nnCoV-2019_7_LEFT\t21\nnCoV-2019_6_RIGHT\t10\nnCoV-2019_8_LEFT\t5\nnCoV-2019_7_RIGHT\t14\nnCoV-2019_9_LEFT\t18\nnCoV-2019_8_RIGHT\t10\nnCoV-2019_10_LEFT\t20\nnCoV-2019_9_RIGHT\t11\nnCoV-2019_11_LEFT\t15\nnCoV-2019_10_RIGHT\t11\nnCoV-2019_12_LEFT\t48\nnCoV-2019_11_RIGHT\t31\nnCoV-2019_13_LEFT\t31\nnCoV-2019_12_RIGHT\t11\nnCoV-2019_14_LEFT\t53\nnCoV-2019_13_RIGHT\t64\nnCoV-2019_15_LEFT\t64\nnCoV-2019_14_RIGHT\t89\nnCoV-2019_16_LEFT\t168\nnCoV-2019_15_RIGHT\t57\nnCoV-2019_17_LEFT\t100\nnCoV-2019_16_RIGHT\t112\nnCoV-2019_18_LEFT\t19\nnCoV-2019_17_RIGHT\t23\nnCoV-2019_19_LEFT\t72\nnCoV-2019_18_RIGHT\t42\nnCoV-2019_20_LEFT\t31\nnCoV-2019_19_RIGHT\t43\nnCoV-2019_21_LEFT\t126\nnCoV-2019_20_RIGHT\t63\nnCoV-2019_22_LEFT\t55\nnCoV-2019_21_RIGHT\t23\nnCoV-2019_23_LEFT\t46\nnCoV-2019_22_RIGHT\t58\nnCoV-2019_24_LEFT\t22\nnCoV-2019_23_RIGHT\t2\nnCoV-2019_25_LEFT\t7\nnCoV-2019_24_RIGHT\t6\nnCoV-2019_26_LEFT\t13\nnCoV-2019_25_RIGHT\t11\nnCoV-2019_27_LEFT\t70\nnCoV-2019_26_RIGHT\t14\nnCoV-2019_28_LEFT\t15\nnCoV-2019_27_RIGHT\t31\nnCoV-2019_29_LEFT\t4\nnCoV-2019_28_RIGHT\t6\nnCoV-2019_30_LEFT\t10\nnCoV-2019_29_RIGHT\t70\nnCoV-2019_31_LEFT\t33\nnCoV-2019_30_RIGHT\t26\nnCoV-2019_32_LEFT\t119\nnCoV-2019_31_RIGHT\t75\nnCoV-2019_33_LEFT\t23\nnCoV-2019_32_RIGHT\t52\nnCoV-2019_34_LEFT\t51\nnCoV-2019_33_RIGHT\t43\nnCoV-2019_35_LEFT\t44\nnCoV-2019_34_RIGHT\t40\nnCoV-2019_36_LEFT\t113\nnCoV-2019_35_RIGHT\t86\nnCoV-2019_37_LEFT\t74\nnCoV-2019_36_RIGHT\t131\nnCoV-2019_38_LEFT\t185\nnCoV-2019_37_RIGHT\t163\nnCoV-2019_39_LEFT\t97\nnCoV-2019_38_RIGHT\t113\nnCoV-2019_40_LEFT\t67\nnCoV-2019_39_RIGHT\t39\nnCoV-2019_41_LEFT\t31\nnCoV-2019_40_RIGHT\t17\nnCoV-2019_42_LEFT\t39\nnCoV-2019_41_RIGHT\t5\nnCoV-2019_43_LEFT\t47\nnCoV-2019_42_RIGHT\t89\nnCoV-2019_44_LEFT\t51\nnCoV-2019_43_RIGHT\t23\nnCoV-2019_45_LEFT\t43\nnCoV-2019_44_RIGHT\t70\nnCoV-2019_46_LEFT\t11\nnCoV-2019_45_RIGHT\t16\nnCoV-2019_47_LEFT\t27\nnCoV-2019_46_RIGHT\t35\nnCoV-2019_48_LEFT\t74\nnCoV-2019_47_RIGHT\t25\nnCoV-2019_49_LEFT\t40\nnCoV-2019_48_RIGHT\t41\nnCoV-2019_50_LEFT\t26\nnCoV-2019_49_RIGHT\t54\nnCoV-2019_51_LEFT\t81\nnCoV-2019_50_RIGHT\t19\nnCoV-2019_52_LEFT\t33\nnCoV-2019_51_RIGHT\t47\nnCoV-2019_53_LEFT\t75\nnCoV-2019_52_RIGHT\t28\nnCoV-2019_54_LEFT\t44\nnCoV-2019_53_RIGHT\t35\nnCoV-2019_55_LEFT\t66\nnCoV-2019_54_RIGHT\t13\nnCoV-2019_56_LEFT\t35\nnCoV-2019_55_RIGHT\t96\nnCoV-2019_57_LEFT\t112\nnCoV-2019_56_RIGHT\t69\nnCoV-2019_58_LEFT\t15\nnCoV-2019_57_RIGHT\t78\nnCoV-2019_59_LEFT\t35\nnCoV-2019_58_RIGHT\t6\nnCoV-2019_60_LEFT\t22\nnCoV-2019_59_RIGHT\t23\nnCoV-2019_61_LEFT\t33\nnCoV-2019_60_RIGHT\t19\nnCoV-2019_62_LEFT\t16\nnCoV-2019_61_RIGHT\t33\nnCoV-2019_63_LEFT\t47\nnCoV-2019_62_RIGHT\t17\nnCoV-2019_64_LEFT\t6\nnCoV-2019_63_RIGHT\t31\nnCoV-2019_65_LEFT\t6\nnCoV-2019_64_RIGHT\t8\nnCoV-2019_66_LEFT\t29\nnCoV-2019_65_RIGHT\t59\nnCoV-2019_67_LEFT\t6\nnCoV-2019_66_RIGHT\t2\nnCoV-2019_68_LEFT\t8\nnCoV-2019_67_RIGHT\t0\nnCoV-2019_69_LEFT\t17\nnCoV-2019_68_RIGHT\t9\nnCoV-2019_70_LEFT\t0\nnCoV-2019_69_RIGHT\t5\nnCoV-2019_71_LEFT\t1\nnCoV-2019_70_RIGHT\t1\nnCoV-2019_72_LEFT\t7\nnCoV-2019_71_RIGHT\t5\nnCoV-2019_73_LEFT\t0\nnCoV-2019_72_RIGHT\t4\nnCoV-2019_74_LEFT\t0\nnCoV-2019_73_RIGHT\t4\nnCoV-2019_75_LEFT\t2\nnCoV-2019_74_RIGHT\t0\nnCoV-2019_76_LEFT\t2\nnCoV-2019_75_RIGHT\t1\nnCoV-2019_77_LEFT\t27\nnCoV-2019_76_RIGHT\t13\nnCoV-2019_78_LEFT\t63\nnCoV-2019_77_RIGHT\t87\nnCoV-2019_79_LEFT\t5\nnCoV-2019_78_RIGHT\t23\nnCoV-2019_80_LEFT\t92\nnCoV-2019_79_RIGHT\t17\nnCoV-2019_81_LEFT\t28\nnCoV-2019_80_RIGHT\t33\nnCoV-2019_82_LEFT\t150\nnCoV-2019_81_RIGHT\t79\nnCoV-2019_83_LEFT\t22\nnCoV-2019_82_RIGHT\t50\nnCoV-2019_84_LEFT\t32\nnCoV-2019_83_RIGHT\t41\nnCoV-2019_85_LEFT\t77\nnCoV-2019_84_RIGHT\t50\nnCoV-2019_86_LEFT\t54\nnCoV-2019_85_RIGHT\t37\nnCoV-2019_87_LEFT\t48\nnCoV-2019_86_RIGHT\t30\nnCoV-2019_88_LEFT\t58\nnCoV-2019_87_RIGHT\t3\nnCoV-2019_89_LEFT\t37\nnCoV-2019_88_RIGHT\t91\nnCoV-2019_90_LEFT\t28\nnCoV-2019_89_RIGHT\t30\nnCoV-2019_91_LEFT\t27\nnCoV-2019_90_RIGHT\t21\nnCoV-2019_92_LEFT\t9\nnCoV-2019_91_RIGHT\t2\nnCoV-2019_93_LEFT\t38\nnCoV-2019_92_RIGHT\t14\nnCoV-2019_94_LEFT\t116\nnCoV-2019_93_RIGHT\t23\nnCoV-2019_95_LEFT\t39\nnCoV-2019_94_RIGHT\t55\nnCoV-2019_96_LEFT\t24\nnCoV-2019_95_RIGHT\t8\nnCoV-2019_97_LEFT\t0\nnCoV-2019_96_RIGHT\t17\nnCoV-2019_98_LEFT\t2\nnCoV-2019_97_RIGHT\t1\nnCoV-2019_98_RIGHT\t2\n\nTrimmed primers from 13.29% (6871) of reads.\n3.5% (1811) of reads were quality trimmed below the minimum length of 30 bp and were not written to file.\n84.15% (43493) of reads started outside of primer regions. Since the -e flag was given, these reads were written to file.\n58.16% (30061) of reads had their insert size smaller than their read length\n[bam_sort_core] merging from 0 files and 8 in-memory blocks...\n.",  "Job in error state.. tool_id: toolshed.g2.bx.psu.edu/repos/iuc/ivar_trim/ivar_trim/1.4.4+galaxy1, exit_code: None, stderr: Found 196 primers in BED file\nReading from sorted.bam\n\n-------\nResults: \nPrimer Name\tRead Count\nnCoV-2019_1_LEFT\t25\nnCoV-2019_2_LEFT\t10\nnCoV-2019_1_RIGHT\t9\nnCoV-2019_3_LEFT\t22\nnCoV-2019_2_RIGHT\t17\nnCoV-2019_4_LEFT\t20\nnCoV-2019_3_RIGHT\t29\nnCoV-2019_5_LEFT\t4\nnCoV-2019_4_RIGHT\t5\nnCoV-2019_6_LEFT\t17\nnCoV-2019_5_RIGHT\t16\nnCoV-2019_7_LEFT\t21\nnCoV-2019_6_RIGHT\t10\nnCoV-2019_8_LEFT\t5\nnCoV-2019_7_RIGHT\t14\nnCoV-2019_9_LEFT\t18\nnCoV-2019_8_RIGHT\t10\nnCoV-2019_10_LEFT\t20\nnCoV-2019_9_RIGHT\t11\nnCoV-2019_11_LEFT\t15\nnCoV-2019_10_RIGHT\t11\nnCoV-2019_12_LEFT\t48\nnCoV-2019_11_RIGHT\t31\nnCoV-2019_13_LEFT\t31\nnCoV-2019_12_RIGHT\t11\nnCoV-2019_14_LEFT\t53\nnCoV-2019_13_RIGHT\t64\nnCoV-2019_15_LEFT\t64\nnCoV-2019_14_RIGHT\t89\nnCoV-2019_16_LEFT\t168\nnCoV-2019_15_RIGHT\t57\nnCoV-2019_17_LEFT\t100\nnCoV-2019_16_RIGHT\t112\nnCoV-2019_18_LEFT\t19\nnCoV-2019_17_RIGHT\t23\nnCoV-2019_19_LEFT\t72\nnCoV-2019_18_RIGHT\t42\nnCoV-2019_20_LEFT\t31\nnCoV-2019_19_RIGHT\t43\nnCoV-2019_21_LEFT\t126\nnCoV-2019_20_RIGHT\t63\nnCoV-2019_22_LEFT\t55\nnCoV-2019_21_RIGHT\t23\nnCoV-2019_23_LEFT\t46\nnCoV-2019_22_RIGHT\t58\nnCoV-2019_24_LEFT\t22\nnCoV-2019_23_RIGHT\t2\nnCoV-2019_25_LEFT\t7\nnCoV-2019_24_RIGHT\t6\nnCoV-2019_26_LEFT\t13\nnCoV-2019_25_RIGHT\t11\nnCoV-2019_27_LEFT\t70\nnCoV-2019_26_RIGHT\t14\nnCoV-2019_28_LEFT\t15\nnCoV-2019_27_RIGHT\t31\nnCoV-2019_29_LEFT\t4\nnCoV-2019_28_RIGHT\t6\nnCoV-2019_30_LEFT\t10\nnCoV-2019_29_RIGHT\t70\nnCoV-2019_31_LEFT\t33\nnCoV-2019_30_RIGHT\t26\nnCoV-2019_32_LEFT\t119\nnCoV-2019_31_RIGHT\t75\nnCoV-2019_33_LEFT\t23\nnCoV-2019_32_RIGHT\t52\nnCoV-2019_34_LEFT\t51\nnCoV-2019_33_RIGHT\t43\nnCoV-2019_35_LEFT\t44\nnCoV-2019_34_RIGHT\t40\nnCoV-2019_36_LEFT\t113\nnCoV-2019_35_RIGHT\t86\nnCoV-2019_37_LEFT\t74\nnCoV-2019_36_RIGHT\t131\nnCoV-2019_38_LEFT\t185\nnCoV-2019_37_RIGHT\t163\nnCoV-2019_39_LEFT\t97\nnCoV-2019_38_RIGHT\t113\nnCoV-2019_40_LEFT\t67\nnCoV-2019_39_RIGHT\t39\nnCoV-2019_41_LEFT\t31\nnCoV-2019_40_RIGHT\t17\nnCoV-2019_42_LEFT\t39\nnCoV-2019_41_RIGHT\t5\nnCoV-2019_43_LEFT\t47\nnCoV-2019_42_RIGHT\t89\nnCoV-2019_44_LEFT\t51\nnCoV-2019_43_RIGHT\t23\nnCoV-2019_45_LEFT\t43\nnCoV-2019_44_RIGHT\t70\nnCoV-2019_46_LEFT\t11\nnCoV-2019_45_RIGHT\t16\nnCoV-2019_47_LEFT\t27\nnCoV-2019_46_RIGHT\t35\nnCoV-2019_48_LEFT\t74\nnCoV-2019_47_RIGHT\t25\nnCoV-2019_49_LEFT\t40\nnCoV-2019_48_RIGHT\t41\nnCoV-2019_50_LEFT\t26\nnCoV-2019_49_RIGHT\t54\nnCoV-2019_51_LEFT\t81\nnCoV-2019_50_RIGHT\t19\nnCoV-2019_52_LEFT\t33\nnCoV-2019_51_RIGHT\t47\nnCoV-2019_53_LEFT\t75\nnCoV-2019_52_RIGHT\t28\nnCoV-2019_54_LEFT\t44\nnCoV-2019_53_RIGHT\t35\nnCoV-2019_55_LEFT\t66\nnCoV-2019_54_RIGHT\t13\nnCoV-2019_56_LEFT\t35\nnCoV-2019_55_RIGHT\t96\nnCoV-2019_57_LEFT\t112\nnCoV-2019_56_RIGHT\t69\nnCoV-2019_58_LEFT\t15\nnCoV-2019_57_RIGHT\t78\nnCoV-2019_59_LEFT\t35\nnCoV-2019_58_RIGHT\t6\nnCoV-2019_60_LEFT\t22\nnCoV-2019_59_RIGHT\t23\nnCoV-2019_61_LEFT\t33\nnCoV-2019_60_RIGHT\t19\nnCoV-2019_62_LEFT\t16\nnCoV-2019_61_RIGHT\t33\nnCoV-2019_63_LEFT\t47\nnCoV-2019_62_RIGHT\t17\nnCoV-2019_64_LEFT\t6\nnCoV-2019_63_RIGHT\t31\nnCoV-2019_65_LEFT\t6\nnCoV-2019_64_RIGHT\t8\nnCoV-2019_66_LEFT\t29\nnCoV-2019_65_RIGHT\t59\nnCoV-2019_67_LEFT\t6\nnCoV-2019_66_RIGHT\t2\nnCoV-2019_68_LEFT\t8\nnCoV-2019_67_RIGHT\t0\nnCoV-2019_69_LEFT\t17\nnCoV-2019_68_RIGHT\t9\nnCoV-2019_70_LEFT\t0\nnCoV-2019_69_RIGHT\t5\nnCoV-2019_71_LEFT\t1\nnCoV-2019_70_RIGHT\t1\nnCoV-2019_72_LEFT\t7\nnCoV-2019_71_RIGHT\t5\nnCoV-2019_73_LEFT\t0\nnCoV-2019_72_RIGHT\t4\nnCoV-2019_74_LEFT\t0\nnCoV-2019_73_RIGHT\t4\nnCoV-2019_75_LEFT\t2\nnCoV-2019_74_RIGHT\t0\nnCoV-2019_76_LEFT\t2\nnCoV-2019_75_RIGHT\t1\nnCoV-2019_77_LEFT\t27\nnCoV-2019_76_RIGHT\t13\nnCoV-2019_78_LEFT\t63\nnCoV-2019_77_RIGHT\t87\nnCoV-2019_79_LEFT\t5\nnCoV-2019_78_RIGHT\t23\nnCoV-2019_80_LEFT\t92\nnCoV-2019_79_RIGHT\t17\nnCoV-2019_81_LEFT\t28\nnCoV-2019_80_RIGHT\t33\nnCoV-2019_82_LEFT\t150\nnCoV-2019_81_RIGHT\t79\nnCoV-2019_83_LEFT\t22\nnCoV-2019_82_RIGHT\t50\nnCoV-2019_84_LEFT\t32\nnCoV-2019_83_RIGHT\t41\nnCoV-2019_85_LEFT\t77\nnCoV-2019_84_RIGHT\t50\nnCoV-2019_86_LEFT\t54\nnCoV-2019_85_RIGHT\t37\nnCoV-2019_87_LEFT\t48\nnCoV-2019_86_RIGHT\t30\nnCoV-2019_88_LEFT\t58\nnCoV-2019_87_RIGHT\t3\nnCoV-2019_89_LEFT\t37\nnCoV-2019_88_RIGHT\t91\nnCoV-2019_90_LEFT\t28\nnCoV-2019_89_RIGHT\t30\nnCoV-2019_91_LEFT\t27\nnCoV-2019_90_RIGHT\t21\nnCoV-2019_92_LEFT\t9\nnCoV-2019_91_RIGHT\t2\nnCoV-2019_93_LEFT\t38\nnCoV-2019_92_RIGHT\t14\nnCoV-2019_94_LEFT\t116\nnCoV-2019_93_RIGHT\t23\nnCoV-2019_95_LEFT\t39\nnCoV-2019_94_RIGHT\t55\nnCoV-2019_96_LEFT\t24\nnCoV-2019_95_RIGHT\t8\nnCoV-2019_97_LEFT\t0\nnCoV-2019_96_RIGHT\t17\nnCoV-2019_98_LEFT\t2\nnCoV-2019_97_RIGHT\t1\nnCoV-2019_98_RIGHT\t2\n\nTrimmed primers from 13.29% (6871) of reads.\n3.5% (1811) of reads were quality trimmed below the minimum length of 30 bp and were not written to file.\n84.15% (43493) of reads started outside of primer regions. Since the -e flag was given, these reads were written to file.\n58.16% (30061) of reads had their insert size smaller than their read length\n[bam_sort_core] merging from 0 files and 8 in-memory blocks...\n." ], "status": "failure", "test_index": 0, "time_seconds": 47.53822350502014, "tool_id": "ivar_trim", "tool_version": "1.4.4+galaxy1"}
                ]]></error>
            
            <system-out><![CDATA[
            
            ]]></system-out>
            <system-err><![CDATA[
            Found 196 primers in BED fileReading from sorted.bam-------Results: Primer NameRead CountnCoV-2019_1_LEFT25nCoV-2019_2_LEFT10nCoV-2019_1_RIGHT9nCoV-2019_3_LEFT22nCoV-2019_2_RIGHT17nCoV-2019_4_LEFT20nCoV-2019_3_RIGHT29nCoV-2019_5_LEFT4nCoV-2019_4_RIGHT5nCoV-2019_6_LEFT17nCoV-2019_5_RIGHT16nCoV-2019_7_LEFT21nCoV-2019_6_RIGHT10nCoV-2019_8_LEFT5nCoV-2019_7_RIGHT14nCoV-2019_9_LEFT18nCoV-2019_8_RIGHT10nCoV-2019_10_LEFT20nCoV-2019_9_RIGHT11nCoV-2019_11_LEFT15nCoV-2019_10_RIGHT11nCoV-2019_12_LEFT48nCoV-2019_11_RIGHT31nCoV-2019_13_LEFT31nCoV-2019_12_RIGHT11nCoV-2019_14_LEFT53nCoV-2019_13_RIGHT64nCoV-2019_15_LEFT64nCoV-2019_14_RIGHT89nCoV-2019_16_LEFT168nCoV-2019_15_RIGHT57nCoV-2019_17_LEFT100nCoV-2019_16_RIGHT112nCoV-2019_18_LEFT19nCoV-2019_17_RIGHT23nCoV-2019_19_LEFT72nCoV-2019_18_RIGHT42nCoV-2019_20_LEFT31nCoV-2019_19_RIGHT43nCoV-2019_21_LEFT126nCoV-2019_20_RIGHT63nCoV-2019_22_LEFT55nCoV-2019_21_RIGHT23nCoV-2019_23_LEFT46nCoV-2019_22_RIGHT58nCoV-2019_24_LEFT22nCoV-2019_23_RIGHT2nCoV-2019_25_LEFT7nCoV-2019_24_RIGHT6nCoV-2019_26_LEFT13nCoV-2019_25_RIGHT11nCoV-2019_27_LEFT70nCoV-2019_26_RIGHT14nCoV-2019_28_LEFT15nCoV-2019_27_RIGHT31nCoV-2019_29_LEFT4nCoV-2019_28_RIGHT6nCoV-2019_30_LEFT10nCoV-2019_29_RIGHT70nCoV-2019_31_LEFT33nCoV-2019_30_RIGHT26nCoV-2019_32_LEFT119nCoV-2019_31_RIGHT75nCoV-2019_33_LEFT23nCoV-2019_32_RIGHT52nCoV-2019_34_LEFT51nCoV-2019_33_RIGHT43nCoV-2019_35_LEFT44nCoV-2019_34_RIGHT40nCoV-2019_36_LEFT113nCoV-2019_35_RIGHT86nCoV-2019_37_LEFT74nCoV-2019_36_RIGHT131nCoV-2019_38_LEFT185nCoV-2019_37_RIGHT163nCoV-2019_39_LEFT97nCoV-2019_38_RIGHT113nCoV-2019_40_LEFT67nCoV-2019_39_RIGHT39nCoV-2019_41_LEFT31nCoV-2019_40_RIGHT17nCoV-2019_42_LEFT39nCoV-2019_41_RIGHT5nCoV-2019_43_LEFT47nCoV-2019_42_RIGHT89nCoV-2019_44_LEFT51nCoV-2019_43_RIGHT23nCoV-2019_45_LEFT43nCoV-2019_44_RIGHT70nCoV-2019_46_LEFT11nCoV-2019_45_RIGHT16nCoV-2019_47_LEFT27nCoV-2019_46_RIGHT35nCoV-2019_48_LEFT74nCoV-2019_47_RIGHT25nCoV-2019_49_LEFT40nCoV-2019_48_RIGHT41nCoV-2019_50_LEFT26nCoV-2019_49_RIGHT54nCoV-2019_51_LEFT81nCoV-2019_50_RIGHT19nCoV-2019_52_LEFT33nCoV-2019_51_RIGHT47nCoV-2019_53_LEFT75nCoV-2019_52_RIGHT28nCoV-2019_54_LEFT44nCoV-2019_53_RIGHT35nCoV-2019_55_LEFT66nCoV-2019_54_RIGHT13nCoV-2019_56_LEFT35nCoV-2019_55_RIGHT96nCoV-2019_57_LEFT112nCoV-2019_56_RIGHT69nCoV-2019_58_LEFT15nCoV-2019_57_RIGHT78nCoV-2019_59_LEFT35nCoV-2019_58_RIGHT6nCoV-2019_60_LEFT22nCoV-2019_59_RIGHT23nCoV-2019_61_LEFT33nCoV-2019_60_RIGHT19nCoV-2019_62_LEFT16nCoV-2019_61_RIGHT33nCoV-2019_63_LEFT47nCoV-2019_62_RIGHT17nCoV-2019_64_LEFT6nCoV-2019_63_RIGHT31nCoV-2019_65_LEFT6nCoV-2019_64_RIGHT8nCoV-2019_66_LEFT29nCoV-2019_65_RIGHT59nCoV-2019_67_LEFT6nCoV-2019_66_RIGHT2nCoV-2019_68_LEFT8nCoV-2019_67_RIGHT0nCoV-2019_69_LEFT17nCoV-2019_68_RIGHT9nCoV-2019_70_LEFT0nCoV-2019_69_RIGHT5nCoV-2019_71_LEFT1nCoV-2019_70_RIGHT1nCoV-2019_72_LEFT7nCoV-2019_71_RIGHT5nCoV-2019_73_LEFT0nCoV-2019_72_RIGHT4nCoV-2019_74_LEFT0nCoV-2019_73_RIGHT4nCoV-2019_75_LEFT2nCoV-2019_74_RIGHT0nCoV-2019_76_LEFT2nCoV-2019_75_RIGHT1nCoV-2019_77_LEFT27nCoV-2019_76_RIGHT13nCoV-2019_78_LEFT63nCoV-2019_77_RIGHT87nCoV-2019_79_LEFT5nCoV-2019_78_RIGHT23nCoV-2019_80_LEFT92nCoV-2019_79_RIGHT17nCoV-2019_81_LEFT28nCoV-2019_80_RIGHT33nCoV-2019_82_LEFT150nCoV-2019_81_RIGHT79nCoV-2019_83_LEFT22nCoV-2019_82_RIGHT50nCoV-2019_84_LEFT32nCoV-2019_83_RIGHT41nCoV-2019_85_LEFT77nCoV-2019_84_RIGHT50nCoV-2019_86_LEFT54nCoV-2019_85_RIGHT37nCoV-2019_87_LEFT48nCoV-2019_86_RIGHT30nCoV-2019_88_LEFT58nCoV-2019_87_RIGHT3nCoV-2019_89_LEFT37nCoV-2019_88_RIGHT91nCoV-2019_90_LEFT28nCoV-2019_89_RIGHT30nCoV-2019_91_LEFT27nCoV-2019_90_RIGHT21nCoV-2019_92_LEFT9nCoV-2019_91_RIGHT2nCoV-2019_93_LEFT38nCoV-2019_92_RIGHT14nCoV-2019_94_LEFT116nCoV-2019_93_RIGHT23nCoV-2019_95_LEFT39nCoV-2019_94_RIGHT55nCoV-2019_96_LEFT24nCoV-2019_95_RIGHT8nCoV-2019_97_LEFT0nCoV-2019_96_RIGHT17nCoV-2019_98_LEFT2nCoV-2019_97_RIGHT1nCoV-2019_98_RIGHT2Trimmed primers from 13.29% (6871) of reads.3.5% (1811) of reads were quality trimmed below the minimum length of 30 bp and were not written to file.84.15% (43493) of reads started outside of primer regions. Since the -e flag was given, these reads were written to file.58.16% (30061) of reads had their insert size smaller than their read length[bam_sort_core] merging from 0 files and 8 in-memory blocks...
            ]]></system-err>
        
    </testcase>
    
    <testcase classname="ivar_trim (Test #2)" name="1" time="43.37877416610718">
        
            
            <system-out><![CDATA[
            
            ]]></system-out>
            <system-err><![CDATA[
            Found 196 primers in BED fileReading from sorted.bam-------Results: Primer NameRead CountnCoV-2019_1_LEFT25nCoV-2019_2_LEFT10nCoV-2019_1_RIGHT9nCoV-2019_3_LEFT22nCoV-2019_2_RIGHT17nCoV-2019_4_LEFT20nCoV-2019_3_RIGHT29nCoV-2019_5_LEFT4nCoV-2019_4_RIGHT5nCoV-2019_6_LEFT17nCoV-2019_5_RIGHT16nCoV-2019_7_LEFT21nCoV-2019_6_RIGHT10nCoV-2019_8_LEFT5nCoV-2019_7_RIGHT14nCoV-2019_9_LEFT18nCoV-2019_8_RIGHT10nCoV-2019_10_LEFT20nCoV-2019_9_RIGHT11nCoV-2019_11_LEFT15nCoV-2019_10_RIGHT11nCoV-2019_12_LEFT48nCoV-2019_11_RIGHT31nCoV-2019_13_LEFT31nCoV-2019_12_RIGHT11nCoV-2019_14_LEFT53nCoV-2019_13_RIGHT64nCoV-2019_15_LEFT64nCoV-2019_14_RIGHT89nCoV-2019_16_LEFT168nCoV-2019_15_RIGHT57nCoV-2019_17_LEFT100nCoV-2019_16_RIGHT112nCoV-2019_18_LEFT19nCoV-2019_17_RIGHT23nCoV-2019_19_LEFT72nCoV-2019_18_RIGHT42nCoV-2019_20_LEFT31nCoV-2019_19_RIGHT43nCoV-2019_21_LEFT126nCoV-2019_20_RIGHT63nCoV-2019_22_LEFT55nCoV-2019_21_RIGHT23nCoV-2019_23_LEFT46nCoV-2019_22_RIGHT58nCoV-2019_24_LEFT22nCoV-2019_23_RIGHT2nCoV-2019_25_LEFT7nCoV-2019_24_RIGHT6nCoV-2019_26_LEFT13nCoV-2019_25_RIGHT11nCoV-2019_27_LEFT70nCoV-2019_26_RIGHT14nCoV-2019_28_LEFT15nCoV-2019_27_RIGHT31nCoV-2019_29_LEFT4nCoV-2019_28_RIGHT6nCoV-2019_30_LEFT10nCoV-2019_29_RIGHT70nCoV-2019_31_LEFT33nCoV-2019_30_RIGHT26nCoV-2019_32_LEFT119nCoV-2019_31_RIGHT75nCoV-2019_33_LEFT23nCoV-2019_32_RIGHT52nCoV-2019_34_LEFT51nCoV-2019_33_RIGHT43nCoV-2019_35_LEFT44nCoV-2019_34_RIGHT40nCoV-2019_36_LEFT113nCoV-2019_35_RIGHT86nCoV-2019_37_LEFT74nCoV-2019_36_RIGHT131nCoV-2019_38_LEFT185nCoV-2019_37_RIGHT163nCoV-2019_39_LEFT97nCoV-2019_38_RIGHT113nCoV-2019_40_LEFT67nCoV-2019_39_RIGHT39nCoV-2019_41_LEFT31nCoV-2019_40_RIGHT17nCoV-2019_42_LEFT39nCoV-2019_41_RIGHT5nCoV-2019_43_LEFT47nCoV-2019_42_RIGHT89nCoV-2019_44_LEFT51nCoV-2019_43_RIGHT23nCoV-2019_45_LEFT43nCoV-2019_44_RIGHT70nCoV-2019_46_LEFT11nCoV-2019_45_RIGHT16nCoV-2019_47_LEFT27nCoV-2019_46_RIGHT35nCoV-2019_48_LEFT74nCoV-2019_47_RIGHT25nCoV-2019_49_LEFT40nCoV-2019_48_RIGHT41nCoV-2019_50_LEFT26nCoV-2019_49_RIGHT54nCoV-2019_51_LEFT81nCoV-2019_50_RIGHT19nCoV-2019_52_LEFT33nCoV-2019_51_RIGHT47nCoV-2019_53_LEFT75nCoV-2019_52_RIGHT28nCoV-2019_54_LEFT44nCoV-2019_53_RIGHT35nCoV-2019_55_LEFT66nCoV-2019_54_RIGHT13nCoV-2019_56_LEFT35nCoV-2019_55_RIGHT96nCoV-2019_57_LEFT112nCoV-2019_56_RIGHT69nCoV-2019_58_LEFT15nCoV-2019_57_RIGHT78nCoV-2019_59_LEFT35nCoV-2019_58_RIGHT6nCoV-2019_60_LEFT22nCoV-2019_59_RIGHT23nCoV-2019_61_LEFT33nCoV-2019_60_RIGHT19nCoV-2019_62_LEFT16nCoV-2019_61_RIGHT33nCoV-2019_63_LEFT47nCoV-2019_62_RIGHT17nCoV-2019_64_LEFT6nCoV-2019_63_RIGHT31nCoV-2019_65_LEFT6nCoV-2019_64_RIGHT8nCoV-2019_66_LEFT29nCoV-2019_65_RIGHT59nCoV-2019_67_LEFT6nCoV-2019_66_RIGHT2nCoV-2019_68_LEFT8nCoV-2019_67_RIGHT0nCoV-2019_69_LEFT17nCoV-2019_68_RIGHT9nCoV-2019_70_LEFT0nCoV-2019_69_RIGHT5nCoV-2019_71_LEFT1nCoV-2019_70_RIGHT1nCoV-2019_72_LEFT7nCoV-2019_71_RIGHT5nCoV-2019_73_LEFT0nCoV-2019_72_RIGHT4nCoV-2019_74_LEFT0nCoV-2019_73_RIGHT4nCoV-2019_75_LEFT2nCoV-2019_74_RIGHT0nCoV-2019_76_LEFT2nCoV-2019_75_RIGHT1nCoV-2019_77_LEFT27nCoV-2019_76_RIGHT13nCoV-2019_78_LEFT63nCoV-2019_77_RIGHT87nCoV-2019_79_LEFT5nCoV-2019_78_RIGHT23nCoV-2019_80_LEFT92nCoV-2019_79_RIGHT17nCoV-2019_81_LEFT28nCoV-2019_80_RIGHT33nCoV-2019_82_LEFT150nCoV-2019_81_RIGHT79nCoV-2019_83_LEFT22nCoV-2019_82_RIGHT50nCoV-2019_84_LEFT32nCoV-2019_83_RIGHT41nCoV-2019_85_LEFT77nCoV-2019_84_RIGHT50nCoV-2019_86_LEFT54nCoV-2019_85_RIGHT37nCoV-2019_87_LEFT48nCoV-2019_86_RIGHT30nCoV-2019_88_LEFT58nCoV-2019_87_RIGHT3nCoV-2019_89_LEFT37nCoV-2019_88_RIGHT91nCoV-2019_90_LEFT28nCoV-2019_89_RIGHT30nCoV-2019_91_LEFT27nCoV-2019_90_RIGHT21nCoV-2019_92_LEFT9nCoV-2019_91_RIGHT2nCoV-2019_93_LEFT38nCoV-2019_92_RIGHT14nCoV-2019_94_LEFT116nCoV-2019_93_RIGHT23nCoV-2019_95_LEFT39nCoV-2019_94_RIGHT55nCoV-2019_96_LEFT24nCoV-2019_95_RIGHT8nCoV-2019_97_LEFT0nCoV-2019_96_RIGHT17nCoV-2019_98_LEFT2nCoV-2019_97_RIGHT1nCoV-2019_98_RIGHT2Trimmed primers from 13.29% (6871) of reads.3.5% (1811) of reads were quality trimmed below the minimum length of 30 bp and were not written to file.84.15% (43493) of reads started outside of primer regions. Since the -e flag was given, these reads were written to file.58.16% (30061) of reads had their insert size smaller than their read length[bam_sort_core] merging from 0 files and 8 in-memory blocks...
            ]]></system-err>
        
    </testcase>
    
    <testcase classname="ivar_trim (Test #3)" name="2" time="15.764512062072754">
        
            <error type="error" message="Input staging problem: Traceback (most recent call last):
  File "/opt/hostedtoolcache/Python/3.12.12/x64/lib/python3.12/site-packages/galaxy/tool_util/verify/interactor.py", line 1436, in verify_tool
    stage_data_in_history(
  File "/opt/hostedtoolcache/Python/3.12.12/x64/lib/python3.12/site-packages/galaxy/tool_util/verify/interactor.py", line 175, in stage_data_in_history
    staging_interface.handle_jobs()
  File "/opt/hostedtoolcache/Python/3.12.12/x64/lib/python3.12/site-packages/galaxy/tool_util/verify/interactor.py", line 212, in handle_jobs
    self.galaxy_interactor.wait_for_job(job_response["id"], job_response["history_id"], self.maxseconds)
  File "/opt/hostedtoolcache/Python/3.12.12/x64/lib/python3.12/site-packages/galaxy/tool_util/verify/interactor.py", line 399, in wait_for_job
    self.wait_for(lambda: self.__job_ready(job_id, history_id), maxseconds=maxseconds)
  File "/opt/hostedtoolcache/Python/3.12.12/x64/lib/python3.12/site-packages/galaxy/tool_util/verify/interactor.py", line 403, in wait_for
    wait_on(func, what, walltime_exceeded)
  File "/opt/hostedtoolcache/Python/3.12.12/x64/lib/python3.12/site-packages/galaxy/tool_util/verify/wait.py", line 38, in wait_on
    value = function()
            ^^^^^^^^^^
  File "/opt/hostedtoolcache/Python/3.12.12/x64/lib/python3.12/site-packages/galaxy/tool_util/verify/interactor.py", line 399, in <lambda>
    self.wait_for(lambda: self.__job_ready(job_id, history_id), maxseconds=maxseconds)
                          ^^^^^^^^^^^^^^^^^^^^^^^^^^^^^^^^^^^^
  File "/opt/hostedtoolcache/Python/3.12.12/x64/lib/python3.12/site-packages/galaxy/tool_util/verify/interactor.py", line 749, in __job_ready
    return self._state_ready(job_id, error_msg="Job in error state.")
           ^^^^^^^^^^^^^^^^^^^^^^^^^^^^^^^^^^^^^^^^^^^^^^^^^^^^^^^^^^
  File "/opt/hostedtoolcache/Python/3.12.12/x64/lib/python3.12/site-packages/galaxy/tool_util/verify/interactor.py", line 841, in _state_ready
    raise Exception(
Exception: Job in error state.. tool_id: __DATA_FETCH__, exit_code: None, stderr: .
"><![CDATA[
                { "execution_problem": "Input staging problem: Traceback (most recent call last):\n  File \"/opt/hostedtoolcache/Python/3.12.12/x64/lib/python3.12/site-packages/galaxy/tool_util/verify/interactor.py\", line 1436, in verify_tool\n    stage_data_in_history(\n  File \"/opt/hostedtoolcache/Python/3.12.12/x64/lib/python3.12/site-packages/galaxy/tool_util/verify/interactor.py\", line 175, in stage_data_in_history\n    staging_interface.handle_jobs()\n  File \"/opt/hostedtoolcache/Python/3.12.12/x64/lib/python3.12/site-packages/galaxy/tool_util/verify/interactor.py\", line 212, in handle_jobs\n    self.galaxy_interactor.wait_for_job(job_response[\"id\"], job_response[\"history_id\"], self.maxseconds)\n  File \"/opt/hostedtoolcache/Python/3.12.12/x64/lib/python3.12/site-packages/galaxy/tool_util/verify/interactor.py\", line 399, in wait_for_job\n    self.wait_for(lambda: self.__job_ready(job_id, history_id), maxseconds=maxseconds)\n  File \"/opt/hostedtoolcache/Python/3.12.12/x64/lib/python3.12/site-packages/galaxy/tool_util/verify/interactor.py\", line 403, in wait_for\n    wait_on(func, what, walltime_exceeded)\n  File \"/opt/hostedtoolcache/Python/3.12.12/x64/lib/python3.12/site-packages/galaxy/tool_util/verify/wait.py\", line 38, in wait_on\n    value = function()\n            ^^^^^^^^^^\n  File \"/opt/hostedtoolcache/Python/3.12.12/x64/lib/python3.12/site-packages/galaxy/tool_util/verify/interactor.py\", line 399, in \u003clambda\u003e\n    self.wait_for(lambda: self.__job_ready(job_id, history_id), maxseconds=maxseconds)\n                          ^^^^^^^^^^^^^^^^^^^^^^^^^^^^^^^^^^^^\n  File \"/opt/hostedtoolcache/Python/3.12.12/x64/lib/python3.12/site-packages/galaxy/tool_util/verify/interactor.py\", line 749, in __job_ready\n    return self._state_ready(job_id, error_msg=\"Job in error state.\")\n           ^^^^^^^^^^^^^^^^^^^^^^^^^^^^^^^^^^^^^^^^^^^^^^^^^^^^^^^^^^\n  File \"/opt/hostedtoolcache/Python/3.12.12/x64/lib/python3.12/site-packages/galaxy/tool_util/verify/interactor.py\", line 841, in _state_ready\n    raise Exception(\nException: Job in error state.. tool_id: __DATA_FETCH__, exit_code: None, stderr: .\n", "status": "error", "test_index": 2, "time_seconds": 15.764512062072754, "tool_id": "ivar_trim", "tool_version": "1.4.4+galaxy1"}
            ]]></error>
        
    </testcase>
    
    <testcase classname="ivar_trim (Test #4)" name="3" time="25.13813304901123">
        
            <error type="error" message="Input staging problem: Traceback (most recent call last):
  File "/opt/hostedtoolcache/Python/3.12.12/x64/lib/python3.12/site-packages/galaxy/tool_util/verify/interactor.py", line 1436, in verify_tool
    stage_data_in_history(
  File "/opt/hostedtoolcache/Python/3.12.12/x64/lib/python3.12/site-packages/galaxy/tool_util/verify/interactor.py", line 175, in stage_data_in_history
    staging_interface.handle_jobs()
  File "/opt/hostedtoolcache/Python/3.12.12/x64/lib/python3.12/site-packages/galaxy/tool_util/verify/interactor.py", line 212, in handle_jobs
    self.galaxy_interactor.wait_for_job(job_response["id"], job_response["history_id"], self.maxseconds)
  File "/opt/hostedtoolcache/Python/3.12.12/x64/lib/python3.12/site-packages/galaxy/tool_util/verify/interactor.py", line 399, in wait_for_job
    self.wait_for(lambda: self.__job_ready(job_id, history_id), maxseconds=maxseconds)
  File "/opt/hostedtoolcache/Python/3.12.12/x64/lib/python3.12/site-packages/galaxy/tool_util/verify/interactor.py", line 403, in wait_for
    wait_on(func, what, walltime_exceeded)
  File "/opt/hostedtoolcache/Python/3.12.12/x64/lib/python3.12/site-packages/galaxy/tool_util/verify/wait.py", line 38, in wait_on
    value = function()
            ^^^^^^^^^^
  File "/opt/hostedtoolcache/Python/3.12.12/x64/lib/python3.12/site-packages/galaxy/tool_util/verify/interactor.py", line 399, in <lambda>
    self.wait_for(lambda: self.__job_ready(job_id, history_id), maxseconds=maxseconds)
                          ^^^^^^^^^^^^^^^^^^^^^^^^^^^^^^^^^^^^
  File "/opt/hostedtoolcache/Python/3.12.12/x64/lib/python3.12/site-packages/galaxy/tool_util/verify/interactor.py", line 749, in __job_ready
    return self._state_ready(job_id, error_msg="Job in error state.")
           ^^^^^^^^^^^^^^^^^^^^^^^^^^^^^^^^^^^^^^^^^^^^^^^^^^^^^^^^^^
  File "/opt/hostedtoolcache/Python/3.12.12/x64/lib/python3.12/site-packages/galaxy/tool_util/verify/interactor.py", line 841, in _state_ready
    raise Exception(
Exception: Job in error state.. tool_id: __DATA_FETCH__, exit_code: None, stderr: .
"><![CDATA[
                { "execution_problem": "Input staging problem: Traceback (most recent call last):\n  File \"/opt/hostedtoolcache/Python/3.12.12/x64/lib/python3.12/site-packages/galaxy/tool_util/verify/interactor.py\", line 1436, in verify_tool\n    stage_data_in_history(\n  File \"/opt/hostedtoolcache/Python/3.12.12/x64/lib/python3.12/site-packages/galaxy/tool_util/verify/interactor.py\", line 175, in stage_data_in_history\n    staging_interface.handle_jobs()\n  File \"/opt/hostedtoolcache/Python/3.12.12/x64/lib/python3.12/site-packages/galaxy/tool_util/verify/interactor.py\", line 212, in handle_jobs\n    self.galaxy_interactor.wait_for_job(job_response[\"id\"], job_response[\"history_id\"], self.maxseconds)\n  File \"/opt/hostedtoolcache/Python/3.12.12/x64/lib/python3.12/site-packages/galaxy/tool_util/verify/interactor.py\", line 399, in wait_for_job\n    self.wait_for(lambda: self.__job_ready(job_id, history_id), maxseconds=maxseconds)\n  File \"/opt/hostedtoolcache/Python/3.12.12/x64/lib/python3.12/site-packages/galaxy/tool_util/verify/interactor.py\", line 403, in wait_for\n    wait_on(func, what, walltime_exceeded)\n  File \"/opt/hostedtoolcache/Python/3.12.12/x64/lib/python3.12/site-packages/galaxy/tool_util/verify/wait.py\", line 38, in wait_on\n    value = function()\n            ^^^^^^^^^^\n  File \"/opt/hostedtoolcache/Python/3.12.12/x64/lib/python3.12/site-packages/galaxy/tool_util/verify/interactor.py\", line 399, in \u003clambda\u003e\n    self.wait_for(lambda: self.__job_ready(job_id, history_id), maxseconds=maxseconds)\n                          ^^^^^^^^^^^^^^^^^^^^^^^^^^^^^^^^^^^^\n  File \"/opt/hostedtoolcache/Python/3.12.12/x64/lib/python3.12/site-packages/galaxy/tool_util/verify/interactor.py\", line 749, in __job_ready\n    return self._state_ready(job_id, error_msg=\"Job in error state.\")\n           ^^^^^^^^^^^^^^^^^^^^^^^^^^^^^^^^^^^^^^^^^^^^^^^^^^^^^^^^^^\n  File \"/opt/hostedtoolcache/Python/3.12.12/x64/lib/python3.12/site-packages/galaxy/tool_util/verify/interactor.py\", line 841, in _state_ready\n    raise Exception(\nException: Job in error state.. tool_id: __DATA_FETCH__, exit_code: None, stderr: .\n", "status": "error", "test_index": 3, "time_seconds": 25.13813304901123, "tool_id": "ivar_trim", "tool_version": "1.4.4+galaxy1"}
            ]]></error>
        
    </testcase>
    
    <testcase classname="ivar_trim (Test #5)" name="4" time="">
        
            <error type="error" message=""><![CDATA[
                { "status": "skip", "test_index": 4, "tool_id": "ivar_trim", "tool_version": "1.4.4+galaxy1"}
            ]]></error>
        
    </testcase>
    
    <testcase classname="ivar_trim (Test #6)" name="5" time="">
        
            <error type="error" message=""><![CDATA[
                { "status": "skip", "test_index": 5, "tool_id": "ivar_trim", "tool_version": "1.4.4+galaxy1"}
            ]]></error>
        
    </testcase>
    
    <testcase classname="medaka_variant (Test #1)" name="0" time="87.16907405853271">
        
            
                <error type="error" message="Tool exit code: 1"><![CDATA[
                    { "inputs": {  "ambig_ref": true,  "output_annotated|in_bam": {   "id": "12ccafcd3d755e6d",   "src": "hda"  },  "output_annotated|output_annotated_select": "true",  "output_log_bool": true,  "pool|inputs": [   {    "id": "110dde269848e4a0",    "src": "hda"   },   {    "id": "110dde269848e4a0",    "src": "hda"   }  ],  "pool|pool_mode": "Yes",  "reference_source|ref_file": {   "id": "941d2f2c92d42786",   "src": "hda"  },  "reference_source|reference_source_selector": "history" }, "job": {  "command_line": "cp \u0027/galaxy/server/database/objects/7/9/5/dataset_7955ab42-8ff3-44ca-bfb9-a9683dcf0dde.dat\u0027 reference.fa \u0026\u0026    medaka vcf --debug  --ambig_ref  \u0027/galaxy/server/database/objects/7/7/6/dataset_776da6cc-c9f2-4cf2-b5b1-b19fc0a29794.dat\u0027 \u0027/galaxy/server/database/objects/7/7/6/dataset_776da6cc-c9f2-4cf2-b5b1-b19fc0a29794.dat\u0027 reference.fa raw.vcf 2\u003e\u00261 | tee log.txt \u0026\u0026 ln -s \u0027/galaxy/server/database/objects/e/f/e/dataset_efee64c6-2088-4d63-9cf1-ad3380dfc0b6.dat\u0027 in.bam \u0026\u0026 ln -s \u0027/galaxy/server/database/objects/_metadata_files/f/7/b/metadata_f7b4a486-9e65-49e1-80ae-38e20e22fd42.dat\u0027 in.bai \u0026\u0026 medaka tools annotate --dpsp --pad 25 raw.vcf reference.fa in.bam tmp.vcf \u0026\u0026 python \u0027/cvmfs/cloud.galaxyproject.org/tools/toolshed.g2.bx.psu.edu/repos/iuc/medaka_variant/16fc9856b20a/medaka_variant/convert_VCF_info_fields.py\u0027 tmp.vcf \u0027/galaxy/server/database/objects/2/d/3/dataset_2d3fa802-e308-4f65-bec2-ca87295f32aa.dat\u0027",  "command_version": "Traceback (most recent call last):\n  File \"/usr/local/bin/medaka\", line 7, in \u003cmodule\u003e\n    from medaka.medaka import main\n  File \"/usr/local/lib/python3.12/site-packages/medaka/medaka.py\", line 5, in \u003cmodule\u003e\n    import medaka.torch_ext\n  File \"/usr/local/lib/python3.12/site-packages/medaka/torch_ext.py\", line 16, in \u003cmodule\u003e\n    import medaka.common\n  File \"/usr/local/lib/python3.12/site-packages/medaka/common.py\", line 21, in \u003cmodule\u003e\n    import libmedaka\nModuleNotFoundError: No module named \u0027_cffi_backend\u0027",  "copied_from_job_id": null,  "create_time": "2026-01-06T01:09:43.201966",  "dependencies": [],  "exit_code": 1,  "external_id": "gxy-8cbjh",  "galaxy_version": "24.1",  "handler": null,  "history_id": "424863521efa866a",  "id": "1cea20a657ddc23e",  "inputs": {   "output_annotated|in_bam": {    "id": "12ccafcd3d755e6d",    "src": "hda",    "uuid": "efee64c6-2088-4d63-9cf1-ad3380dfc0b6"   },   "pool|inputs": {    "id": "110dde269848e4a0",    "src": "hda",    "uuid": "776da6cc-c9f2-4cf2-b5b1-b19fc0a29794"   },   "pool|inputs1": {    "id": "110dde269848e4a0",    "src": "hda",    "uuid": "776da6cc-c9f2-4cf2-b5b1-b19fc0a29794"   },   "pool|inputs2": {    "id": "110dde269848e4a0",    "src": "hda",    "uuid": "776da6cc-c9f2-4cf2-b5b1-b19fc0a29794"   },   "reference_source|ref_file": {    "id": "941d2f2c92d42786",    "src": "hda",    "uuid": "7955ab42-8ff3-44ca-bfb9-a9683dcf0dde"   }  },  "job_messages": [   {    "code_desc": "",    "desc": "Fatal error: Exit code 1 ()",    "error_level": 3,    "exit_code": 1,    "type": "exit_code"   }  ],  "job_metrics": [   {    "name": "runtime_seconds",    "plugin": "core",    "raw_value": "2.0000000",    "title": "Job Runtime (Wall Clock)",    "value": "2 seconds"   },   {    "name": "end_epoch",    "plugin": "core",    "raw_value": "1767661818.0000000",    "title": "Job End Time",    "value": "2026-01-06 01:10:18"   },   {    "name": "start_epoch",    "plugin": "core",    "raw_value": "1767661816.0000000",    "title": "Job Start Time",    "value": "2026-01-06 01:10:16"   },   {    "name": "galaxy_memory_mb",    "plugin": "core",    "raw_value": "51539.0000000",    "title": "Memory Allocated (MB)",    "value": "51539"   },   {    "name": "galaxy_slots",    "plugin": "core",    "raw_value": "1.0000000",    "title": "Cores Allocated",    "value": "1"   }  ],  "job_runner_name": null,  "job_stderr": "",  "job_stdout": "",  "model_class": "Job",  "output_collections": {},  "outputs": {   "out_log": {    "id": "da077e3811c09b28",    "src": "hda",    "uuid": "d1d196a5-b5c9-493e-9b62-7a9ff4d08c96"   },   "out_variants": {    "id": "1cea20a657ddc23e",    "src": "hda",    "uuid": "2d3fa802-e308-4f65-bec2-ca87295f32aa"   }  },  "params": {   "__input_ext": "\"input\"",   "ambig_ref": "true",   "chromInfo": "\"/cvmfs/data.galaxyproject.org/managed/len/ucsc/?.len\"",   "dbkey": "\"?\"",   "gvcf": "false",   "output_annotated": "{\"__current_case__\": 0, \"in_bam\": {\"values\": [{\"id\": 12, \"src\": \"hda\"}]}, \"output_annotated_select\": \"true\", \"pad\": \"25\"}",   "output_log_bool": "true",   "pool": "{\"__current_case__\": 0, \"inputs\": {\"values\": [{\"id\": 10, \"src\": \"hda\"}, {\"id\": 10, \"src\": \"hda\"}]}, \"pool_mode\": \"Yes\"}",   "reference_source": "{\"__current_case__\": 1, \"ref_file\": {\"values\": [{\"id\": 11, \"src\": \"hda\"}]}, \"reference_source_selector\": \"history\"}",   "regions": "\"\"",   "verbose": "false"  },  "state": "error",  "stderr": "",  "stdout": "",  "tool_id": "toolshed.g2.bx.psu.edu/repos/iuc/medaka_variant/medaka_variant/2.1.1+galaxy0",  "tool_stderr": "",  "tool_stdout": "",  "update_time": "2026-01-06T01:10:38.705882",  "user_email": "tests@fake.org" }, "output_problems": [  "Job in error state.. tool_id: toolshed.g2.bx.psu.edu/repos/iuc/medaka_variant/medaka_variant/2.1.1+galaxy0, exit_code: 1, stderr: .",  "Job in error state.. tool_id: toolshed.g2.bx.psu.edu/repos/iuc/medaka_variant/medaka_variant/2.1.1+galaxy0, exit_code: 1, stderr: .",  "Job in error state.. tool_id: toolshed.g2.bx.psu.edu/repos/iuc/medaka_variant/medaka_variant/2.1.1+galaxy0, exit_code: 1, stderr: ." ], "status": "failure", "test_index": 0, "time_seconds": 87.16907405853271, "tool_id": "medaka_variant", "tool_version": "2.1.1+galaxy0"}
                ]]></error>
            
            <system-out><![CDATA[
            
            ]]></system-out>
            <system-err><![CDATA[
            
            ]]></system-err>
        
    </testcase>
    
    <testcase classname="medaka_variant (Test #2)" name="1" time="46.88629412651062">
        
            
                <error type="error" message="Tool exit code: 1"><![CDATA[
                    { "inputs": {  "ambig_ref": true,  "output_annotated|in_bam": {   "id": "3878d8e182053e98",   "src": "hda"  },  "output_annotated|output_annotated_select": "true",  "output_log_bool": true,  "pool|input": {   "id": "a6da291011549d68",   "src": "hda"  },  "pool|pool_mode": "No",  "reference_source|ref_file": {   "id": "e9c2f266f495ae15",   "src": "hda"  },  "reference_source|reference_source_selector": "history" }, "job": {  "command_line": "gunzip -c \u0027/galaxy/server/database/objects/2/7/9/dataset_279eb7fa-f024-4a8e-a63f-6b1d6e895ea2.dat\u0027 \u003e reference.fa \u0026\u0026    medaka vcf --debug  --ambig_ref  \u0027/galaxy/server/database/objects/e/8/f/dataset_e8f43c3b-148c-40ee-8906-5247856e1ec7.dat\u0027 reference.fa raw.vcf 2\u003e\u00261 | tee log.txt \u0026\u0026 ln -s \u0027/galaxy/server/database/objects/7/d/d/dataset_7ddd7a1b-0371-4350-96f2-b81838324c6c.dat\u0027 in.bam \u0026\u0026 ln -s \u0027/galaxy/server/database/objects/_metadata_files/9/4/0/metadata_940a8e30-f2be-45b1-8116-950cfe4430b3.dat\u0027 in.bai \u0026\u0026 medaka tools annotate --dpsp --pad 25 raw.vcf reference.fa in.bam tmp.vcf \u0026\u0026 python \u0027/cvmfs/cloud.galaxyproject.org/tools/toolshed.g2.bx.psu.edu/repos/iuc/medaka_variant/16fc9856b20a/medaka_variant/convert_VCF_info_fields.py\u0027 tmp.vcf \u0027/galaxy/server/database/objects/8/3/2/dataset_832fe30b-9095-4553-9f65-f2ee35068afd.dat\u0027",  "command_version": "Traceback (most recent call last):\n  File \"/usr/local/bin/medaka\", line 7, in \u003cmodule\u003e\n    from medaka.medaka import main\n  File \"/usr/local/lib/python3.12/site-packages/medaka/medaka.py\", line 5, in \u003cmodule\u003e\n    import medaka.torch_ext\n  File \"/usr/local/lib/python3.12/site-packages/medaka/torch_ext.py\", line 16, in \u003cmodule\u003e\n    import medaka.common\n  File \"/usr/local/lib/python3.12/site-packages/medaka/common.py\", line 21, in \u003cmodule\u003e\n    import libmedaka\nModuleNotFoundError: No module named \u0027_cffi_backend\u0027",  "copied_from_job_id": null,  "create_time": "2026-01-06T01:11:08.611220",  "dependencies": [],  "exit_code": 1,  "external_id": "gxy-pngpg",  "galaxy_version": "24.1",  "handler": null,  "history_id": "424863521efa866a",  "id": "3878d8e182053e98",  "inputs": {   "output_annotated|in_bam": {    "id": "3878d8e182053e98",    "src": "hda",    "uuid": "7ddd7a1b-0371-4350-96f2-b81838324c6c"   },   "pool|input": {    "id": "a6da291011549d68",    "src": "hda",    "uuid": "e8f43c3b-148c-40ee-8906-5247856e1ec7"   },   "reference_source|ref_file": {    "id": "e9c2f266f495ae15",    "src": "hda",    "uuid": "279eb7fa-f024-4a8e-a63f-6b1d6e895ea2"   }  },  "job_messages": [   {    "code_desc": "",    "desc": "Fatal error: Exit code 1 ()",    "error_level": 3,    "exit_code": 1,    "type": "exit_code"   }  ],  "job_metrics": [   {    "name": "galaxy_slots",    "plugin": "core",    "raw_value": "1.0000000",    "title": "Cores Allocated",    "value": "1"   },   {    "name": "galaxy_memory_mb",    "plugin": "core",    "raw_value": "51539.0000000",    "title": "Memory Allocated (MB)",    "value": "51539"   },   {    "name": "start_epoch",    "plugin": "core",    "raw_value": "1767661870.0000000",    "title": "Job Start Time",    "value": "2026-01-06 01:11:10"   },   {    "name": "end_epoch",    "plugin": "core",    "raw_value": "1767661872.0000000",    "title": "Job End Time",    "value": "2026-01-06 01:11:12"   },   {    "name": "runtime_seconds",    "plugin": "core",    "raw_value": "2.0000000",    "title": "Job Runtime (Wall Clock)",    "value": "2 seconds"   }  ],  "job_runner_name": null,  "job_stderr": "",  "job_stdout": "",  "model_class": "Job",  "output_collections": {},  "outputs": {   "out_log": {    "id": "5104b727be94db83",    "src": "hda",    "uuid": "8625bcb0-4951-4674-bb48-f07bb9f2c9c8"   },   "out_variants": {    "id": "71d545bd845a95ce",    "src": "hda",    "uuid": "832fe30b-9095-4553-9f65-f2ee35068afd"   }  },  "params": {   "__input_ext": "\"input\"",   "ambig_ref": "true",   "chromInfo": "\"/cvmfs/data.galaxyproject.org/managed/len/ucsc/?.len\"",   "dbkey": "\"?\"",   "gvcf": "false",   "output_annotated": "{\"__current_case__\": 0, \"in_bam\": {\"values\": [{\"id\": 17, \"src\": \"hda\"}]}, \"output_annotated_select\": \"true\", \"pad\": \"25\"}",   "output_log_bool": "true",   "pool": "{\"__current_case__\": 1, \"input\": {\"values\": [{\"id\": 15, \"src\": \"hda\"}]}, \"pool_mode\": \"No\"}",   "reference_source": "{\"__current_case__\": 1, \"ref_file\": {\"values\": [{\"id\": 16, \"src\": \"hda\"}]}, \"reference_source_selector\": \"history\"}",   "regions": "\"\"",   "verbose": "false"  },  "state": "error",  "stderr": "",  "stdout": "",  "tool_id": "toolshed.g2.bx.psu.edu/repos/iuc/medaka_variant/medaka_variant/2.1.1+galaxy0",  "tool_stderr": "",  "tool_stdout": "",  "update_time": "2026-01-06T01:11:25.728340",  "user_email": "tests@fake.org" }, "output_problems": [  "Job in error state.. tool_id: toolshed.g2.bx.psu.edu/repos/iuc/medaka_variant/medaka_variant/2.1.1+galaxy0, exit_code: 1, stderr: .",  "Job in error state.. tool_id: toolshed.g2.bx.psu.edu/repos/iuc/medaka_variant/medaka_variant/2.1.1+galaxy0, exit_code: 1, stderr: .",  "Job in error state.. tool_id: toolshed.g2.bx.psu.edu/repos/iuc/medaka_variant/medaka_variant/2.1.1+galaxy0, exit_code: 1, stderr: ." ], "status": "failure", "test_index": 1, "time_seconds": 46.88629412651062, "tool_id": "medaka_variant", "tool_version": "2.1.1+galaxy0"}
                ]]></error>
            
            <system-out><![CDATA[
            
            ]]></system-out>
            <system-err><![CDATA[
            
            ]]></system-err>
        
    </testcase>
    
    <testcase classname="medaka_variant (Test #3)" name="2" time="41.076826095581055">
        
            
                <error type="error" message="Tool exit code: 1"><![CDATA[
                    { "inputs": {  "output_annotated|output_annotated_select": "false",  "output_log_bool": false,  "pool|input": {   "id": "1b735f1525146f36",   "src": "hda"  },  "pool|pool_mode": "No",  "reference_source|ref_file": {   "id": "8fb9a85cf21fa310",   "src": "hda"  },  "reference_source|reference_source_selector": "history" }, "job": {  "command_line": "cp \u0027/galaxy/server/database/objects/5/b/9/dataset_5b98ba71-8892-4a7c-9bc4-6cf5f70dab6e.dat\u0027 reference.fa \u0026\u0026    medaka vcf --debug    \u0027/galaxy/server/database/objects/9/c/6/dataset_9c63a3c7-e540-4692-8c30-c875b655fee8.dat\u0027 reference.fa \u0027/galaxy/server/database/objects/a/0/1/dataset_a01c5a14-79ee-4598-94b9-34b032e3e7a0.dat\u0027 2\u003e\u00261 | tee log.txt",  "command_version": "Traceback (most recent call last):\n  File \"/usr/local/bin/medaka\", line 7, in \u003cmodule\u003e\n    from medaka.medaka import main\n  File \"/usr/local/lib/python3.12/site-packages/medaka/medaka.py\", line 5, in \u003cmodule\u003e\n    import medaka.torch_ext\n  File \"/usr/local/lib/python3.12/site-packages/medaka/torch_ext.py\", line 16, in \u003cmodule\u003e\n    import medaka.common\n  File \"/usr/local/lib/python3.12/site-packages/medaka/common.py\", line 21, in \u003cmodule\u003e\n    import libmedaka\nModuleNotFoundError: No module named \u0027_cffi_backend\u0027",  "copied_from_job_id": null,  "create_time": "2026-01-06T01:11:51.052955",  "dependencies": [],  "exit_code": 1,  "external_id": "gxy-jh76z",  "galaxy_version": "24.1",  "handler": null,  "history_id": "424863521efa866a",  "id": "1b735f1525146f36",  "inputs": {   "pool|input": {    "id": "1b735f1525146f36",    "src": "hda",    "uuid": "9c63a3c7-e540-4692-8c30-c875b655fee8"   },   "reference_source|ref_file": {    "id": "8fb9a85cf21fa310",    "src": "hda",    "uuid": "5b98ba71-8892-4a7c-9bc4-6cf5f70dab6e"   }  },  "job_messages": [   {    "code_desc": "",    "desc": "Fatal error: Exit code 1 ()",    "error_level": 3,    "exit_code": 1,    "type": "exit_code"   }  ],  "job_metrics": [   {    "name": "galaxy_slots",    "plugin": "core",    "raw_value": "1.0000000",    "title": "Cores Allocated",    "value": "1"   },   {    "name": "galaxy_memory_mb",    "plugin": "core",    "raw_value": "51539.0000000",    "title": "Memory Allocated (MB)",    "value": "51539"   },   {    "name": "start_epoch",    "plugin": "core",    "raw_value": "1767661912.0000000",    "title": "Job Start Time",    "value": "2026-01-06 01:11:52"   },   {    "name": "end_epoch",    "plugin": "core",    "raw_value": "1767661914.0000000",    "title": "Job End Time",    "value": "2026-01-06 01:11:54"   },   {    "name": "runtime_seconds",    "plugin": "core",    "raw_value": "2.0000000",    "title": "Job Runtime (Wall Clock)",    "value": "2 seconds"   }  ],  "job_runner_name": null,  "job_stderr": "",  "job_stdout": "",  "model_class": "Job",  "output_collections": {},  "outputs": {   "out_variants": {    "id": "1a348a1a869e18a4",    "src": "hda",    "uuid": "a01c5a14-79ee-4598-94b9-34b032e3e7a0"   }  },  "params": {   "__input_ext": "\"input\"",   "ambig_ref": "false",   "chromInfo": "\"/cvmfs/data.galaxyproject.org/managed/len/ucsc/?.len\"",   "dbkey": "\"?\"",   "gvcf": "false",   "output_annotated": "{\"__current_case__\": 1, \"output_annotated_select\": \"false\"}",   "output_log_bool": "false",   "pool": "{\"__current_case__\": 1, \"input\": {\"values\": [{\"id\": 20, \"src\": \"hda\"}]}, \"pool_mode\": \"No\"}",   "reference_source": "{\"__current_case__\": 1, \"ref_file\": {\"values\": [{\"id\": 21, \"src\": \"hda\"}]}, \"reference_source_selector\": \"history\"}",   "regions": "\"\"",   "verbose": "false"  },  "state": "error",  "stderr": "",  "stdout": "",  "tool_id": "toolshed.g2.bx.psu.edu/repos/iuc/medaka_variant/medaka_variant/2.1.1+galaxy0",  "tool_stderr": "",  "tool_stdout": "",  "update_time": "2026-01-06T01:12:07.534306",  "user_email": "tests@fake.org" }, "output_problems": [  "Job in error state.. tool_id: toolshed.g2.bx.psu.edu/repos/iuc/medaka_variant/medaka_variant/2.1.1+galaxy0, exit_code: 1, stderr: .",  "Job in error state.. tool_id: toolshed.g2.bx.psu.edu/repos/iuc/medaka_variant/medaka_variant/2.1.1+galaxy0, exit_code: 1, stderr: ." ], "status": "failure", "test_index": 2, "time_seconds": 41.076826095581055, "tool_id": "medaka_variant", "tool_version": "2.1.1+galaxy0"}
                ]]></error>
            
            <system-out><![CDATA[
            
            ]]></system-out>
            <system-err><![CDATA[
            
            ]]></system-err>
        
    </testcase>
    
    <testcase classname="poretools_times (Test #1)" name="0" time="68.30198836326599">
        
            
            <system-out><![CDATA[
            
            ]]></system-out>
            <system-err><![CDATA[
            
            ]]></system-err>
        
    </testcase>
    
    <testcase classname="sailfish (Test #1)" name="0" time="61.29036784172058">
        
            
            <system-out><![CDATA[
            
            ]]></system-out>
            <system-err><![CDATA[
            Version Info: Could not resolve upgrade information in the alotted time.Check for upgrades manually at www.cs.cmu.edu/~ckingsf/sailfish.writing log to ./index_dir/logs/sailfish_index.logRapMap Indexer[Step 1 of 4] : counting k-mersElapsed time: 0.00115542sReplaced 0 non-ATCG nucleotidesClipped poly-A tails from 0 transcriptsBuilding rank-select dictionary and saving to disk doneElapsed time: 2.1598e-05sWriting sequence data to file . . . doneElapsed time: 7.4251e-05s[info] Building 32-bit suffix array (length of generalized text is 28577)Building suffix array . . . successsaving to disk . . . doneElapsed time: 7.8353e-05sdoneElapsed time: 0.0135872sprocessed 0 positionskhash had 18955 keyssaving hash to disk . . . doneElapsed time: 0.00145424sVersion Info: Could not resolve upgrade information in the alotted time.Check for upgrades manually at www.cs.cmu.edu/~ckingsf/sailfish.# sailfish (quasi-mapping-based) v0.9.2# [ program ] => sailfish # [ command ] => quant # [ index ] => { ./index_dir }# [ mates1 ] => { ./mate1.fastq }# [ mates2 ] => { ./mate2.fastq }# [ libType ] => { IU }# [ output ] => { ./results }# [ threads ] => { 8 }# [ gcSizeSamp ] => { 1 }# [ gcSpeedSamp ] => { 1 }# [ fldMean ] => { 200 }# [ fldSD ] => { 80 }# [ maxReadOcc ] => { 200 }# [ maxFragLen ] => { 1000 }# [ txpAggregationKey ] => { gene_id }# [ numBiasSamples ] => { 1000000 }# [ numFragSamples ] => { 10000 }# [ numGibbsSamples ] => { 0 }# [ numBootstraps ] => { 0 }Logs will be written to ./results/logs[2026-01-06 01:17:46.781] [jointLog] [info] parsing read library formatthere is 1 libLoading 32-bit quasi indexIndex contained 15 targetsLoaded targetsDone Quasi-Mapping [2026-01-06 01:17:46.865] [jointLog] [info] Loading Quasi index[2026-01-06 01:17:46.868] [jointLog] [info] done[2026-01-06 01:17:46.892] [jointLog] [info] Gathered fragment lengths from all threads[2026-01-06 01:17:46.892] [jointLog] [warning] Sailfish saw fewer then 10000 uniquely mapped reads so 200 will be used as the mean fragment length and 80 as the standard deviation for effective length correction[2026-01-06 01:17:46.892] [jointLog] [info] Estimating effective lengths[2026-01-06 01:17:46.902] [jointLog] [info] Computed 21 rich equivalence classes for further processing[2026-01-06 01:17:46.902] [jointLog] [info] Counted 10000 total reads in the equivalence classes [2026-01-06 01:17:46.903] [jointLog] [info] Starting optimizer:[2026-01-06 01:17:46.903] [jointLog] [info] Optimizing over 21 equivalence classes[2026-01-06 01:17:46.903] [jointLog] [info] iteration = 0 | max rel diff. = 14.873[2026-01-06 01:17:46.904] [jointLog] [info] iteration = 64 | max rel diff. = 0.00117687[2026-01-06 01:17:46.904] [jointLog] [info] Finished optimizer[2026-01-06 01:17:46.904] [jointLog] [info] writing output [2026-01-06 01:17:46.866] [stderrLog] [info] Loading Position Hash[2026-01-06 01:17:46.866] [stderrLog] [info] Loading Suffix Array [2026-01-06 01:17:46.867] [stderrLog] [info] Loading Transcript Info [2026-01-06 01:17:46.868] [stderrLog] [info] Loading Rank-Select Bit Array[2026-01-06 01:17:46.868] [stderrLog] [info] There were 15 set bits in the bit array[2026-01-06 01:17:46.868] [stderrLog] [info] Computing transcript lengths[2026-01-06 01:17:46.868] [stderrLog] [info] Waiting to finish loading hash[2026-01-06 01:17:46.868] [stderrLog] [info] Done loading index
            ]]></system-err>
        
    </testcase>
    
    <testcase classname="sailfish (Test #2)" name="1" time="24.741989135742188">
        
            <error type="error" message="Input staging problem: Traceback (most recent call last):
  File "/opt/hostedtoolcache/Python/3.12.12/x64/lib/python3.12/site-packages/galaxy/tool_util/verify/interactor.py", line 1436, in verify_tool
    stage_data_in_history(
  File "/opt/hostedtoolcache/Python/3.12.12/x64/lib/python3.12/site-packages/galaxy/tool_util/verify/interactor.py", line 175, in stage_data_in_history
    staging_interface.handle_jobs()
  File "/opt/hostedtoolcache/Python/3.12.12/x64/lib/python3.12/site-packages/galaxy/tool_util/verify/interactor.py", line 212, in handle_jobs
    self.galaxy_interactor.wait_for_job(job_response["id"], job_response["history_id"], self.maxseconds)
  File "/opt/hostedtoolcache/Python/3.12.12/x64/lib/python3.12/site-packages/galaxy/tool_util/verify/interactor.py", line 399, in wait_for_job
    self.wait_for(lambda: self.__job_ready(job_id, history_id), maxseconds=maxseconds)
  File "/opt/hostedtoolcache/Python/3.12.12/x64/lib/python3.12/site-packages/galaxy/tool_util/verify/interactor.py", line 403, in wait_for
    wait_on(func, what, walltime_exceeded)
  File "/opt/hostedtoolcache/Python/3.12.12/x64/lib/python3.12/site-packages/galaxy/tool_util/verify/wait.py", line 38, in wait_on
    value = function()
            ^^^^^^^^^^
  File "/opt/hostedtoolcache/Python/3.12.12/x64/lib/python3.12/site-packages/galaxy/tool_util/verify/interactor.py", line 399, in <lambda>
    self.wait_for(lambda: self.__job_ready(job_id, history_id), maxseconds=maxseconds)
                          ^^^^^^^^^^^^^^^^^^^^^^^^^^^^^^^^^^^^
  File "/opt/hostedtoolcache/Python/3.12.12/x64/lib/python3.12/site-packages/galaxy/tool_util/verify/interactor.py", line 749, in __job_ready
    return self._state_ready(job_id, error_msg="Job in error state.")
           ^^^^^^^^^^^^^^^^^^^^^^^^^^^^^^^^^^^^^^^^^^^^^^^^^^^^^^^^^^
  File "/opt/hostedtoolcache/Python/3.12.12/x64/lib/python3.12/site-packages/galaxy/tool_util/verify/interactor.py", line 841, in _state_ready
    raise Exception(
Exception: Job in error state.. tool_id: __DATA_FETCH__, exit_code: None, stderr: .
"><![CDATA[
                { "execution_problem": "Input staging problem: Traceback (most recent call last):\n  File \"/opt/hostedtoolcache/Python/3.12.12/x64/lib/python3.12/site-packages/galaxy/tool_util/verify/interactor.py\", line 1436, in verify_tool\n    stage_data_in_history(\n  File \"/opt/hostedtoolcache/Python/3.12.12/x64/lib/python3.12/site-packages/galaxy/tool_util/verify/interactor.py\", line 175, in stage_data_in_history\n    staging_interface.handle_jobs()\n  File \"/opt/hostedtoolcache/Python/3.12.12/x64/lib/python3.12/site-packages/galaxy/tool_util/verify/interactor.py\", line 212, in handle_jobs\n    self.galaxy_interactor.wait_for_job(job_response[\"id\"], job_response[\"history_id\"], self.maxseconds)\n  File \"/opt/hostedtoolcache/Python/3.12.12/x64/lib/python3.12/site-packages/galaxy/tool_util/verify/interactor.py\", line 399, in wait_for_job\n    self.wait_for(lambda: self.__job_ready(job_id, history_id), maxseconds=maxseconds)\n  File \"/opt/hostedtoolcache/Python/3.12.12/x64/lib/python3.12/site-packages/galaxy/tool_util/verify/interactor.py\", line 403, in wait_for\n    wait_on(func, what, walltime_exceeded)\n  File \"/opt/hostedtoolcache/Python/3.12.12/x64/lib/python3.12/site-packages/galaxy/tool_util/verify/wait.py\", line 38, in wait_on\n    value = function()\n            ^^^^^^^^^^\n  File \"/opt/hostedtoolcache/Python/3.12.12/x64/lib/python3.12/site-packages/galaxy/tool_util/verify/interactor.py\", line 399, in \u003clambda\u003e\n    self.wait_for(lambda: self.__job_ready(job_id, history_id), maxseconds=maxseconds)\n                          ^^^^^^^^^^^^^^^^^^^^^^^^^^^^^^^^^^^^\n  File \"/opt/hostedtoolcache/Python/3.12.12/x64/lib/python3.12/site-packages/galaxy/tool_util/verify/interactor.py\", line 749, in __job_ready\n    return self._state_ready(job_id, error_msg=\"Job in error state.\")\n           ^^^^^^^^^^^^^^^^^^^^^^^^^^^^^^^^^^^^^^^^^^^^^^^^^^^^^^^^^^\n  File \"/opt/hostedtoolcache/Python/3.12.12/x64/lib/python3.12/site-packages/galaxy/tool_util/verify/interactor.py\", line 841, in _state_ready\n    raise Exception(\nException: Job in error state.. tool_id: __DATA_FETCH__, exit_code: None, stderr: .\n", "status": "error", "test_index": 1, "time_seconds": 24.741989135742188, "tool_id": "sailfish", "tool_version": "0.10.1.1"}
            ]]></error>
        
    </testcase>
    
    <testcase classname="sailfish (Test #3)" name="2" time="14.399251937866211">
        
            <error type="error" message="Input staging problem: Traceback (most recent call last):
  File "/opt/hostedtoolcache/Python/3.12.12/x64/lib/python3.12/site-packages/galaxy/tool_util/verify/interactor.py", line 1436, in verify_tool
    stage_data_in_history(
  File "/opt/hostedtoolcache/Python/3.12.12/x64/lib/python3.12/site-packages/galaxy/tool_util/verify/interactor.py", line 175, in stage_data_in_history
    staging_interface.handle_jobs()
  File "/opt/hostedtoolcache/Python/3.12.12/x64/lib/python3.12/site-packages/galaxy/tool_util/verify/interactor.py", line 212, in handle_jobs
    self.galaxy_interactor.wait_for_job(job_response["id"], job_response["history_id"], self.maxseconds)
  File "/opt/hostedtoolcache/Python/3.12.12/x64/lib/python3.12/site-packages/galaxy/tool_util/verify/interactor.py", line 399, in wait_for_job
    self.wait_for(lambda: self.__job_ready(job_id, history_id), maxseconds=maxseconds)
  File "/opt/hostedtoolcache/Python/3.12.12/x64/lib/python3.12/site-packages/galaxy/tool_util/verify/interactor.py", line 403, in wait_for
    wait_on(func, what, walltime_exceeded)
  File "/opt/hostedtoolcache/Python/3.12.12/x64/lib/python3.12/site-packages/galaxy/tool_util/verify/wait.py", line 38, in wait_on
    value = function()
            ^^^^^^^^^^
  File "/opt/hostedtoolcache/Python/3.12.12/x64/lib/python3.12/site-packages/galaxy/tool_util/verify/interactor.py", line 399, in <lambda>
    self.wait_for(lambda: self.__job_ready(job_id, history_id), maxseconds=maxseconds)
                          ^^^^^^^^^^^^^^^^^^^^^^^^^^^^^^^^^^^^
  File "/opt/hostedtoolcache/Python/3.12.12/x64/lib/python3.12/site-packages/galaxy/tool_util/verify/interactor.py", line 749, in __job_ready
    return self._state_ready(job_id, error_msg="Job in error state.")
           ^^^^^^^^^^^^^^^^^^^^^^^^^^^^^^^^^^^^^^^^^^^^^^^^^^^^^^^^^^
  File "/opt/hostedtoolcache/Python/3.12.12/x64/lib/python3.12/site-packages/galaxy/tool_util/verify/interactor.py", line 841, in _state_ready
    raise Exception(
Exception: Job in error state.. tool_id: __DATA_FETCH__, exit_code: None, stderr: .
"><![CDATA[
                { "execution_problem": "Input staging problem: Traceback (most recent call last):\n  File \"/opt/hostedtoolcache/Python/3.12.12/x64/lib/python3.12/site-packages/galaxy/tool_util/verify/interactor.py\", line 1436, in verify_tool\n    stage_data_in_history(\n  File \"/opt/hostedtoolcache/Python/3.12.12/x64/lib/python3.12/site-packages/galaxy/tool_util/verify/interactor.py\", line 175, in stage_data_in_history\n    staging_interface.handle_jobs()\n  File \"/opt/hostedtoolcache/Python/3.12.12/x64/lib/python3.12/site-packages/galaxy/tool_util/verify/interactor.py\", line 212, in handle_jobs\n    self.galaxy_interactor.wait_for_job(job_response[\"id\"], job_response[\"history_id\"], self.maxseconds)\n  File \"/opt/hostedtoolcache/Python/3.12.12/x64/lib/python3.12/site-packages/galaxy/tool_util/verify/interactor.py\", line 399, in wait_for_job\n    self.wait_for(lambda: self.__job_ready(job_id, history_id), maxseconds=maxseconds)\n  File \"/opt/hostedtoolcache/Python/3.12.12/x64/lib/python3.12/site-packages/galaxy/tool_util/verify/interactor.py\", line 403, in wait_for\n    wait_on(func, what, walltime_exceeded)\n  File \"/opt/hostedtoolcache/Python/3.12.12/x64/lib/python3.12/site-packages/galaxy/tool_util/verify/wait.py\", line 38, in wait_on\n    value = function()\n            ^^^^^^^^^^\n  File \"/opt/hostedtoolcache/Python/3.12.12/x64/lib/python3.12/site-packages/galaxy/tool_util/verify/interactor.py\", line 399, in \u003clambda\u003e\n    self.wait_for(lambda: self.__job_ready(job_id, history_id), maxseconds=maxseconds)\n                          ^^^^^^^^^^^^^^^^^^^^^^^^^^^^^^^^^^^^\n  File \"/opt/hostedtoolcache/Python/3.12.12/x64/lib/python3.12/site-packages/galaxy/tool_util/verify/interactor.py\", line 749, in __job_ready\n    return self._state_ready(job_id, error_msg=\"Job in error state.\")\n           ^^^^^^^^^^^^^^^^^^^^^^^^^^^^^^^^^^^^^^^^^^^^^^^^^^^^^^^^^^\n  File \"/opt/hostedtoolcache/Python/3.12.12/x64/lib/python3.12/site-packages/galaxy/tool_util/verify/interactor.py\", line 841, in _state_ready\n    raise Exception(\nException: Job in error state.. tool_id: __DATA_FETCH__, exit_code: None, stderr: .\n", "status": "error", "test_index": 2, "time_seconds": 14.399251937866211, "tool_id": "sailfish", "tool_version": "0.10.1.1"}
            ]]></error>
        
    </testcase>
    
    <testcase classname="sailfish (Test #4)" name="3" time="43.927170515060425">
        
            
                <error type="error" message="Tool exit code: None"><![CDATA[
                    { "inputs": {  "biasCorrect": true,  "geneMap": {   "id": "544007bc81f62f13",   "src": "hda"  },  "refTranscriptSource|TranscriptSource": "history",  "refTranscriptSource|ownFile": {   "id": "0379c208dc1847d7",   "src": "hda"  },  "single_or_paired|input_mate1": {   "id": "4968cbe19ed0da5d",   "src": "hda"  },  "single_or_paired|input_mate2": {   "id": "462970930500b7c7",   "src": "hda"  },  "single_or_paired|single_or_paired_opts": "paired" }, "job": {  "command_line": "sailfish index --transcripts /galaxy/server/database/objects/0/7/c/dataset_07cd10fd-790e-49e4-8984-e8de3d8d9667.dat --kmerSize 21 --out ./index_dir --threads \"${GALAXY_SLOTS:-4}\" \u0026\u0026 ln -s /galaxy/server/database/objects/8/f/2/dataset_8f2b1a3d-5fd8-4a12-aa5d-f6c76299a1b1.dat ./mate1.fastq \u0026\u0026 ln -s /galaxy/server/database/objects/f/7/3/dataset_f737e5a5-26a9-4e74-83cc-79323c3b4011.dat ./mate2.fastq \u0026\u0026 ln -s \"/galaxy/server/database/objects/e/4/a/dataset_e4acf263-961b-4594-980c-9ea1945156fc.dat\" ./geneMap.tabular \u0026\u0026 sailfish quant --index ./index_dir --mates1 ./mate1.fastq --mates2 ./mate2.fastq --libType \"IU\" --output ./results --biasCorrect  --threads \"${GALAXY_SLOTS:-4}\"  --gcSizeSamp 1 --gcSpeedSamp 1 --fldMean 200 --fldSD 80 --maxReadOcc 200 --geneMap ./geneMap.tabular      --maxFragLen 1000 --txpAggregationKey \u0027gene_id\u0027    --numBiasSamples 1000000 --numFragSamples 10000 --numGibbsSamples 0 --numBootstraps 0",  "command_version": null,  "copied_from_job_id": null,  "create_time": "2026-01-06T01:19:18.733250",  "dependencies": [],  "exit_code": null,  "external_id": "gxy-x87ht",  "galaxy_version": "24.1",  "handler": null,  "history_id": "424863521efa866a",  "id": "462970930500b7c7",  "inputs": {   "geneMap": {    "id": "544007bc81f62f13",    "src": "hda",    "uuid": "e4acf263-961b-4594-980c-9ea1945156fc"   },   "refTranscriptSource|ownFile": {    "id": "0379c208dc1847d7",    "src": "hda",    "uuid": "07cd10fd-790e-49e4-8984-e8de3d8d9667"   },   "single_or_paired|input_mate1": {    "id": "4968cbe19ed0da5d",    "src": "hda",    "uuid": "8f2b1a3d-5fd8-4a12-aa5d-f6c76299a1b1"   },   "single_or_paired|input_mate2": {    "id": "462970930500b7c7",    "src": "hda",    "uuid": "f737e5a5-26a9-4e74-83cc-79323c3b4011"   }  },  "job_messages": null,  "job_metrics": [],  "job_runner_name": null,  "job_stderr": null,  "job_stdout": null,  "model_class": "Job",  "output_collections": {},  "outputs": {   "output_gene_quant": {    "id": "e9c62b9198539b2a",    "src": "hda",    "uuid": "f0a6c65e-a835-43c2-abe3-a0b48ede2b19"   },   "output_quant": {    "id": "f67a2df01de9e2dc",    "src": "hda",    "uuid": "0a4597ec-35c2-443a-a289-a41c0bf0b574"   }  },  "params": {   "__input_ext": "\"fasta\"",   "allowDovetail": "false",   "biasCorrect": "true",   "chromInfo": "\"/cvmfs/data.galaxyproject.org/managed/len/ucsc/?.len\"",   "dbkey": "\"?\"",   "discardOrphans": "false",   "dumpEq": "false",   "enforceLibCompat": "false",   "fldMean": "\"200\"",   "fldSD": "\"80\"",   "gcBiasCorrect": "false",   "gcSizeSamp": "\"1\"",   "gcSpeedSamp": "\"1\"",   "ignoreLibCompat": "false",   "maxFragLen": "\"1000\"",   "maxReadOcc": "\"200\"",   "noEffectiveLengthCorrection": "false",   "numBiasSamples": "\"1000000\"",   "numBootstraps": "\"0\"",   "numFragSamples": "\"10000\"",   "numGibbsSamples": "\"0\"",   "refTranscriptSource": "{\"TranscriptSource\": \"history\", \"__current_case__\": 1, \"kmerSize\": \"21\", \"ownFile\": {\"values\": [{\"id\": 49, \"src\": \"hda\"}]}}",   "single_or_paired": "{\"__current_case__\": 1, \"input_mate1\": {\"values\": [{\"id\": 50, \"src\": \"hda\"}]}, \"input_mate2\": {\"values\": [{\"id\": 51, \"src\": \"hda\"}]}, \"orientation\": \"I\", \"single_or_paired_opts\": \"paired\", \"strandedness\": \"U\"}",   "strictIntersect": "false",   "txpAggregationKey": "\"gene_id\"",   "unsmoothedFLD": "false",   "useVBOpt": "false"  },  "state": "error",  "stderr": "Version Info: Could not resolve upgrade information in the alotted time.\nCheck for upgrades manually at www.cs.cmu.edu/~ckingsf/sailfish.\nwriting log to ./index_dir/logs/sailfish_index.log\nRapMap Indexer\n\n[Step 1 of 4] : counting k-mers\nElapsed time: 0.000978794s\n\nReplaced 0 non-ATCG nucleotides\nClipped poly-A tails from 0 transcripts\nBuilding rank-select dictionary and saving to disk done\nElapsed time: 2.4727e-05s\nWriting sequence data to file . . . done\nElapsed time: 0.000102685s\n[info] Building 32-bit suffix array (length of generalized text is 28577)\nBuilding suffix array . . . success\nsaving to disk . . . done\nElapsed time: 8.5676e-05s\ndone\nElapsed time: 0.00884042s\n\r\rprocessed 0 positions\nkhash had 18955 keys\nsaving hash to disk . . . done\nElapsed time: 0.00145485s\nVersion Info: Could not resolve upgrade information in the alotted time.\nCheck for upgrades manually at www.cs.cmu.edu/~ckingsf/sailfish.\n# sailfish (quasi-mapping-based) v0.9.2\n# [ program ] =\u003e sailfish \n# [ command ] =\u003e quant \n# [ index ] =\u003e { ./index_dir }\n# [ mates1 ] =\u003e { ./mate1.fastq }\n# [ mates2 ] =\u003e { ./mate2.fastq }\n# [ libType ] =\u003e { IU }\n# [ output ] =\u003e { ./results }\n# [ biasCorrect ] =\u003e { }\n# [ threads ] =\u003e { 8 }\n# [ gcSizeSamp ] =\u003e { 1 }\n# [ gcSpeedSamp ] =\u003e { 1 }\n# [ fldMean ] =\u003e { 200 }\n# [ fldSD ] =\u003e { 80 }\n# [ maxReadOcc ] =\u003e { 200 }\n# [ geneMap ] =\u003e { ./geneMap.tabular }\n# [ maxFragLen ] =\u003e { 1000 }\n# [ txpAggregationKey ] =\u003e { gene_id }\n# [ numBiasSamples ] =\u003e { 1000000 }\n# [ numFragSamples ] =\u003e { 10000 }\n# [ numGibbsSamples ] =\u003e { 0 }\n# [ numBootstraps ] =\u003e { 0 }\nLogs will be written to ./results/logs\n[2026-01-06 01:19:21.700] [jointLog] [info] parsing read library format\nthere is 1 lib\nLoading 32-bit quasi indexIndex contained 15 targets\nLoaded targets\n\n\n\n[2026-01-06 01:19:21.787] [jointLog] [info] Loading Quasi index\n[2026-01-06 01:19:21.791] [jointLog] [info] done\n[2026-01-06 01:19:21.814] [jointLog] [info] Gathered fragment lengths from all threads\n[2026-01-06 01:19:21.814] [jointLog] [warning] Sailfish saw fewer then 10000 uniquely mapped reads so 200 will be used as the mean fragment length and 80 as the standard deviation for effective length correction\n[2026-01-06 01:19:21.815] [jointLog] [info] Estimating effective lengths\nDone Quasi-Mapping \n\n[2026-01-06 01:19:21.825] [jointLog] [info] Computed 21 rich equivalence classes for further processing\n[2026-01-06 01:19:21.825] [jointLog] [info] Counted 10000 total reads in the equivalence classes \n[2026-01-06 01:19:21.826] [jointLog] [info] Starting optimizer:\n\n[2026-01-06 01:19:21.826] [jointLog] [info] Optimizing over 21 equivalence classes\n[2026-01-06 01:19:21.826] [jointLog] [info] iteration = 0 | max rel diff. = 14.873\n[2026-01-06 01:19:21.826] [jointLog] [info] iteration 50, recomputing effective lengths\n[2026-01-06 01:19:21.789] [stderrLog] [info] Loading Suffix Array \n[2026-01-06 01:19:21.789] [stderrLog] [info] Loading Position Hash\n[2026-01-06 01:19:21.790] [stderrLog] [info] Loading Transcript Info \n[2026-01-06 01:19:21.790] [stderrLog] [info] Loading Rank-Select Bit Array\n[2026-01-06 01:19:21.790] [stderrLog] [info] There were 15 set bits in the bit array\n[2026-01-06 01:19:21.791] [stderrLog] [info] Computing transcript lengths\n[2026-01-06 01:19:21.791] [stderrLog] [info] Waiting to finish loading hash\n[2026-01-06 01:19:21.791] [stderrLog] [info] Done loading index\n[2026-01-06 01:19:21.828] [jointLog] [info] iteration = 63 | max rel diff. = 0.00199953\n[2026-01-06 01:19:21.828] [jointLog] [info] Finished optimizer\n[2026-01-06 01:19:21.828] [jointLog] [info] writing output \n\nComputing gene-level abundance estimates\nThere were 3 transcripts mapping to 3 genes\nWARNING: couldn\u0027t find transcript named [NR_031764]; returning transcript  as it\u0027s own gene\n\ndone\nAggregating expressions to gene level . . . done\n",  "stdout": "",  "tool_id": "toolshed.g2.bx.psu.edu/repos/bgruening/sailfish/sailfish/0.10.1.1",  "tool_stderr": "Version Info: Could not resolve upgrade information in the alotted time.\nCheck for upgrades manually at www.cs.cmu.edu/~ckingsf/sailfish.\nwriting log to ./index_dir/logs/sailfish_index.log\nRapMap Indexer\n\n[Step 1 of 4] : counting k-mers\nElapsed time: 0.000978794s\n\nReplaced 0 non-ATCG nucleotides\nClipped poly-A tails from 0 transcripts\nBuilding rank-select dictionary and saving to disk done\nElapsed time: 2.4727e-05s\nWriting sequence data to file . . . done\nElapsed time: 0.000102685s\n[info] Building 32-bit suffix array (length of generalized text is 28577)\nBuilding suffix array . . . success\nsaving to disk . . . done\nElapsed time: 8.5676e-05s\ndone\nElapsed time: 0.00884042s\n\r\rprocessed 0 positions\nkhash had 18955 keys\nsaving hash to disk . . . done\nElapsed time: 0.00145485s\nVersion Info: Could not resolve upgrade information in the alotted time.\nCheck for upgrades manually at www.cs.cmu.edu/~ckingsf/sailfish.\n# sailfish (quasi-mapping-based) v0.9.2\n# [ program ] =\u003e sailfish \n# [ command ] =\u003e quant \n# [ index ] =\u003e { ./index_dir }\n# [ mates1 ] =\u003e { ./mate1.fastq }\n# [ mates2 ] =\u003e { ./mate2.fastq }\n# [ libType ] =\u003e { IU }\n# [ output ] =\u003e { ./results }\n# [ biasCorrect ] =\u003e { }\n# [ threads ] =\u003e { 8 }\n# [ gcSizeSamp ] =\u003e { 1 }\n# [ gcSpeedSamp ] =\u003e { 1 }\n# [ fldMean ] =\u003e { 200 }\n# [ fldSD ] =\u003e { 80 }\n# [ maxReadOcc ] =\u003e { 200 }\n# [ geneMap ] =\u003e { ./geneMap.tabular }\n# [ maxFragLen ] =\u003e { 1000 }\n# [ txpAggregationKey ] =\u003e { gene_id }\n# [ numBiasSamples ] =\u003e { 1000000 }\n# [ numFragSamples ] =\u003e { 10000 }\n# [ numGibbsSamples ] =\u003e { 0 }\n# [ numBootstraps ] =\u003e { 0 }\nLogs will be written to ./results/logs\n[2026-01-06 01:19:21.700] [jointLog] [info] parsing read library format\nthere is 1 lib\nLoading 32-bit quasi indexIndex contained 15 targets\nLoaded targets\n\n\n\n[2026-01-06 01:19:21.787] [jointLog] [info] Loading Quasi index\n[2026-01-06 01:19:21.791] [jointLog] [info] done\n[2026-01-06 01:19:21.814] [jointLog] [info] Gathered fragment lengths from all threads\n[2026-01-06 01:19:21.814] [jointLog] [warning] Sailfish saw fewer then 10000 uniquely mapped reads so 200 will be used as the mean fragment length and 80 as the standard deviation for effective length correction\n[2026-01-06 01:19:21.815] [jointLog] [info] Estimating effective lengths\nDone Quasi-Mapping \n\n[2026-01-06 01:19:21.825] [jointLog] [info] Computed 21 rich equivalence classes for further processing\n[2026-01-06 01:19:21.825] [jointLog] [info] Counted 10000 total reads in the equivalence classes \n[2026-01-06 01:19:21.826] [jointLog] [info] Starting optimizer:\n\n[2026-01-06 01:19:21.826] [jointLog] [info] Optimizing over 21 equivalence classes\n[2026-01-06 01:19:21.826] [jointLog] [info] iteration = 0 | max rel diff. = 14.873\n[2026-01-06 01:19:21.826] [jointLog] [info] iteration 50, recomputing effective lengths\n[2026-01-06 01:19:21.789] [stderrLog] [info] Loading Suffix Array \n[2026-01-06 01:19:21.789] [stderrLog] [info] Loading Position Hash\n[2026-01-06 01:19:21.790] [stderrLog] [info] Loading Transcript Info \n[2026-01-06 01:19:21.790] [stderrLog] [info] Loading Rank-Select Bit Array\n[2026-01-06 01:19:21.790] [stderrLog] [info] There were 15 set bits in the bit array\n[2026-01-06 01:19:21.791] [stderrLog] [info] Computing transcript lengths\n[2026-01-06 01:19:21.791] [stderrLog] [info] Waiting to finish loading hash\n[2026-01-06 01:19:21.791] [stderrLog] [info] Done loading index\n[2026-01-06 01:19:21.828] [jointLog] [info] iteration = 63 | max rel diff. = 0.00199953\n[2026-01-06 01:19:21.828] [jointLog] [info] Finished optimizer\n[2026-01-06 01:19:21.828] [jointLog] [info] writing output \n\nComputing gene-level abundance estimates\nThere were 3 transcripts mapping to 3 genes\nWARNING: couldn\u0027t find transcript named [NR_031764]; returning transcript  as it\u0027s own gene\n\ndone\nAggregating expressions to gene level . . . done\n",  "tool_stdout": "",  "update_time": "2026-01-06T01:19:25.684819",  "user_email": "tests@fake.org" }, "output_problems": [  "Job in error state.. tool_id: toolshed.g2.bx.psu.edu/repos/bgruening/sailfish/sailfish/0.10.1.1, exit_code: None, stderr: Version Info: Could not resolve upgrade information in the alotted time.\nCheck for upgrades manually at www.cs.cmu.edu/~ckingsf/sailfish.\nwriting log to ./index_dir/logs/sailfish_index.log\nRapMap Indexer\n\n[Step 1 of 4] : counting k-mers\nElapsed time: 0.000978794s\n\nReplaced 0 non-ATCG nucleotides\nClipped poly-A tails from 0 transcripts\nBuilding rank-select dictionary and saving to disk done\nElapsed time: 2.4727e-05s\nWriting sequence data to file . . . done\nElapsed time: 0.000102685s\n[info] Building 32-bit suffix array (length of generalized text is 28577)\nBuilding suffix array . . . success\nsaving to disk . . . done\nElapsed time: 8.5676e-05s\ndone\nElapsed time: 0.00884042s\n\r\rprocessed 0 positions\nkhash had 18955 keys\nsaving hash to disk . . . done\nElapsed time: 0.00145485s\nVersion Info: Could not resolve upgrade information in the alotted time.\nCheck for upgrades manually at www.cs.cmu.edu/~ckingsf/sailfish.\n# sailfish (quasi-mapping-based) v0.9.2\n# [ program ] =\u003e sailfish \n# [ command ] =\u003e quant \n# [ index ] =\u003e { ./index_dir }\n# [ mates1 ] =\u003e { ./mate1.fastq }\n# [ mates2 ] =\u003e { ./mate2.fastq }\n# [ libType ] =\u003e { IU }\n# [ output ] =\u003e { ./results }\n# [ biasCorrect ] =\u003e { }\n# [ threads ] =\u003e { 8 }\n# [ gcSizeSamp ] =\u003e { 1 }\n# [ gcSpeedSamp ] =\u003e { 1 }\n# [ fldMean ] =\u003e { 200 }\n# [ fldSD ] =\u003e { 80 }\n# [ maxReadOcc ] =\u003e { 200 }\n# [ geneMap ] =\u003e { ./geneMap.tabular }\n# [ maxFragLen ] =\u003e { 1000 }\n# [ txpAggregationKey ] =\u003e { gene_id }\n# [ numBiasSamples ] =\u003e { 1000000 }\n# [ numFragSamples ] =\u003e { 10000 }\n# [ numGibbsSamples ] =\u003e { 0 }\n# [ numBootstraps ] =\u003e { 0 }\nLogs will be written to ./results/logs\n[2026-01-06 01:19:21.700] [jointLog] [info] parsing read library format\nthere is 1 lib\nLoading 32-bit quasi indexIndex contained 15 targets\nLoaded targets\n\n\n\n[2026-01-06 01:19:21.787] [jointLog] [info] Loading Quasi index\n[2026-01-06 01:19:21.791] [jointLog] [info] done\n[2026-01-06 01:19:21.814] [jointLog] [info] Gathered fragment lengths from all threads\n[2026-01-06 01:19:21.814] [jointLog] [warning] Sailfish saw fewer then 10000 uniquely mapped reads so 200 will be used as the mean fragment length and 80 as the standard deviation for effective length correction\n[2026-01-06 01:19:21.815] [jointLog] [info] Estimating effective lengths\nDone Quasi-Mapping \n\n[2026-01-06 01:19:21.825] [jointLog] [info] Computed 21 rich equivalence classes for further processing\n[2026-01-06 01:19:21.825] [jointLog] [info] Counted 10000 total reads in the equivalence classes \n[2026-01-06 01:19:21.826] [jointLog] [info] Starting optimizer:\n\n[2026-01-06 01:19:21.826] [jointLog] [info] Optimizing over 21 equivalence classes\n[2026-01-06 01:19:21.826] [jointLog] [info] iteration = 0 | max rel diff. = 14.873\n[2026-01-06 01:19:21.826] [jointLog] [info] iteration 50, recomputing effective lengths\n[2026-01-06 01:19:21.789] [stderrLog] [info] Loading Suffix Array \n[2026-01-06 01:19:21.789] [stderrLog] [info] Loading Position Hash\n[2026-01-06 01:19:21.790] [stderrLog] [info] Loading Transcript Info \n[2026-01-06 01:19:21.790] [stderrLog] [info] Loading Rank-Select Bit Array\n[2026-01-06 01:19:21.790] [stderrLog] [info] There were 15 set bits in the bit array\n[2026-01-06 01:19:21.791] [stderrLog] [info] Computing transcript lengths\n[2026-01-06 01:19:21.791] [stderrLog] [info] Waiting to finish loading hash\n[2026-01-06 01:19:21.791] [stderrLog] [info] Done loading index\n[2026-01-06 01:19:21.828] [jointLog] [info] iteration = 63 | max rel diff. = 0.00199953\n[2026-01-06 01:19:21.828] [jointLog] [info] Finished optimizer\n[2026-01-06 01:19:21.828] [jointLog] [info] writing output \n\nComputing gene-level abundance estimates\nThere were 3 transcripts mapping to 3 genes\nWARNING: couldn\u0027t find transcript named [NR_031764]; returning transcript  as it\u0027s own gene\n\ndone\nAggregating expressions to gene level . . . done\n.",  "Job in error state.. tool_id: toolshed.g2.bx.psu.edu/repos/bgruening/sailfish/sailfish/0.10.1.1, exit_code: None, stderr: Version Info: Could not resolve upgrade information in the alotted time.\nCheck for upgrades manually at www.cs.cmu.edu/~ckingsf/sailfish.\nwriting log to ./index_dir/logs/sailfish_index.log\nRapMap Indexer\n\n[Step 1 of 4] : counting k-mers\nElapsed time: 0.000978794s\n\nReplaced 0 non-ATCG nucleotides\nClipped poly-A tails from 0 transcripts\nBuilding rank-select dictionary and saving to disk done\nElapsed time: 2.4727e-05s\nWriting sequence data to file . . . done\nElapsed time: 0.000102685s\n[info] Building 32-bit suffix array (length of generalized text is 28577)\nBuilding suffix array . . . success\nsaving to disk . . . done\nElapsed time: 8.5676e-05s\ndone\nElapsed time: 0.00884042s\n\r\rprocessed 0 positions\nkhash had 18955 keys\nsaving hash to disk . . . done\nElapsed time: 0.00145485s\nVersion Info: Could not resolve upgrade information in the alotted time.\nCheck for upgrades manually at www.cs.cmu.edu/~ckingsf/sailfish.\n# sailfish (quasi-mapping-based) v0.9.2\n# [ program ] =\u003e sailfish \n# [ command ] =\u003e quant \n# [ index ] =\u003e { ./index_dir }\n# [ mates1 ] =\u003e { ./mate1.fastq }\n# [ mates2 ] =\u003e { ./mate2.fastq }\n# [ libType ] =\u003e { IU }\n# [ output ] =\u003e { ./results }\n# [ biasCorrect ] =\u003e { }\n# [ threads ] =\u003e { 8 }\n# [ gcSizeSamp ] =\u003e { 1 }\n# [ gcSpeedSamp ] =\u003e { 1 }\n# [ fldMean ] =\u003e { 200 }\n# [ fldSD ] =\u003e { 80 }\n# [ maxReadOcc ] =\u003e { 200 }\n# [ geneMap ] =\u003e { ./geneMap.tabular }\n# [ maxFragLen ] =\u003e { 1000 }\n# [ txpAggregationKey ] =\u003e { gene_id }\n# [ numBiasSamples ] =\u003e { 1000000 }\n# [ numFragSamples ] =\u003e { 10000 }\n# [ numGibbsSamples ] =\u003e { 0 }\n# [ numBootstraps ] =\u003e { 0 }\nLogs will be written to ./results/logs\n[2026-01-06 01:19:21.700] [jointLog] [info] parsing read library format\nthere is 1 lib\nLoading 32-bit quasi indexIndex contained 15 targets\nLoaded targets\n\n\n\n[2026-01-06 01:19:21.787] [jointLog] [info] Loading Quasi index\n[2026-01-06 01:19:21.791] [jointLog] [info] done\n[2026-01-06 01:19:21.814] [jointLog] [info] Gathered fragment lengths from all threads\n[2026-01-06 01:19:21.814] [jointLog] [warning] Sailfish saw fewer then 10000 uniquely mapped reads so 200 will be used as the mean fragment length and 80 as the standard deviation for effective length correction\n[2026-01-06 01:19:21.815] [jointLog] [info] Estimating effective lengths\nDone Quasi-Mapping \n\n[2026-01-06 01:19:21.825] [jointLog] [info] Computed 21 rich equivalence classes for further processing\n[2026-01-06 01:19:21.825] [jointLog] [info] Counted 10000 total reads in the equivalence classes \n[2026-01-06 01:19:21.826] [jointLog] [info] Starting optimizer:\n\n[2026-01-06 01:19:21.826] [jointLog] [info] Optimizing over 21 equivalence classes\n[2026-01-06 01:19:21.826] [jointLog] [info] iteration = 0 | max rel diff. = 14.873\n[2026-01-06 01:19:21.826] [jointLog] [info] iteration 50, recomputing effective lengths\n[2026-01-06 01:19:21.789] [stderrLog] [info] Loading Suffix Array \n[2026-01-06 01:19:21.789] [stderrLog] [info] Loading Position Hash\n[2026-01-06 01:19:21.790] [stderrLog] [info] Loading Transcript Info \n[2026-01-06 01:19:21.790] [stderrLog] [info] Loading Rank-Select Bit Array\n[2026-01-06 01:19:21.790] [stderrLog] [info] There were 15 set bits in the bit array\n[2026-01-06 01:19:21.791] [stderrLog] [info] Computing transcript lengths\n[2026-01-06 01:19:21.791] [stderrLog] [info] Waiting to finish loading hash\n[2026-01-06 01:19:21.791] [stderrLog] [info] Done loading index\n[2026-01-06 01:19:21.828] [jointLog] [info] iteration = 63 | max rel diff. = 0.00199953\n[2026-01-06 01:19:21.828] [jointLog] [info] Finished optimizer\n[2026-01-06 01:19:21.828] [jointLog] [info] writing output \n\nComputing gene-level abundance estimates\nThere were 3 transcripts mapping to 3 genes\nWARNING: couldn\u0027t find transcript named [NR_031764]; returning transcript  as it\u0027s own gene\n\ndone\nAggregating expressions to gene level . . . done\n.",  "Job in error state.. tool_id: toolshed.g2.bx.psu.edu/repos/bgruening/sailfish/sailfish/0.10.1.1, exit_code: None, stderr: Version Info: Could not resolve upgrade information in the alotted time.\nCheck for upgrades manually at www.cs.cmu.edu/~ckingsf/sailfish.\nwriting log to ./index_dir/logs/sailfish_index.log\nRapMap Indexer\n\n[Step 1 of 4] : counting k-mers\nElapsed time: 0.000978794s\n\nReplaced 0 non-ATCG nucleotides\nClipped poly-A tails from 0 transcripts\nBuilding rank-select dictionary and saving to disk done\nElapsed time: 2.4727e-05s\nWriting sequence data to file . . . done\nElapsed time: 0.000102685s\n[info] Building 32-bit suffix array (length of generalized text is 28577)\nBuilding suffix array . . . success\nsaving to disk . . . done\nElapsed time: 8.5676e-05s\ndone\nElapsed time: 0.00884042s\n\r\rprocessed 0 positions\nkhash had 18955 keys\nsaving hash to disk . . . done\nElapsed time: 0.00145485s\nVersion Info: Could not resolve upgrade information in the alotted time.\nCheck for upgrades manually at www.cs.cmu.edu/~ckingsf/sailfish.\n# sailfish (quasi-mapping-based) v0.9.2\n# [ program ] =\u003e sailfish \n# [ command ] =\u003e quant \n# [ index ] =\u003e { ./index_dir }\n# [ mates1 ] =\u003e { ./mate1.fastq }\n# [ mates2 ] =\u003e { ./mate2.fastq }\n# [ libType ] =\u003e { IU }\n# [ output ] =\u003e { ./results }\n# [ biasCorrect ] =\u003e { }\n# [ threads ] =\u003e { 8 }\n# [ gcSizeSamp ] =\u003e { 1 }\n# [ gcSpeedSamp ] =\u003e { 1 }\n# [ fldMean ] =\u003e { 200 }\n# [ fldSD ] =\u003e { 80 }\n# [ maxReadOcc ] =\u003e { 200 }\n# [ geneMap ] =\u003e { ./geneMap.tabular }\n# [ maxFragLen ] =\u003e { 1000 }\n# [ txpAggregationKey ] =\u003e { gene_id }\n# [ numBiasSamples ] =\u003e { 1000000 }\n# [ numFragSamples ] =\u003e { 10000 }\n# [ numGibbsSamples ] =\u003e { 0 }\n# [ numBootstraps ] =\u003e { 0 }\nLogs will be written to ./results/logs\n[2026-01-06 01:19:21.700] [jointLog] [info] parsing read library format\nthere is 1 lib\nLoading 32-bit quasi indexIndex contained 15 targets\nLoaded targets\n\n\n\n[2026-01-06 01:19:21.787] [jointLog] [info] Loading Quasi index\n[2026-01-06 01:19:21.791] [jointLog] [info] done\n[2026-01-06 01:19:21.814] [jointLog] [info] Gathered fragment lengths from all threads\n[2026-01-06 01:19:21.814] [jointLog] [warning] Sailfish saw fewer then 10000 uniquely mapped reads so 200 will be used as the mean fragment length and 80 as the standard deviation for effective length correction\n[2026-01-06 01:19:21.815] [jointLog] [info] Estimating effective lengths\nDone Quasi-Mapping \n\n[2026-01-06 01:19:21.825] [jointLog] [info] Computed 21 rich equivalence classes for further processing\n[2026-01-06 01:19:21.825] [jointLog] [info] Counted 10000 total reads in the equivalence classes \n[2026-01-06 01:19:21.826] [jointLog] [info] Starting optimizer:\n\n[2026-01-06 01:19:21.826] [jointLog] [info] Optimizing over 21 equivalence classes\n[2026-01-06 01:19:21.826] [jointLog] [info] iteration = 0 | max rel diff. = 14.873\n[2026-01-06 01:19:21.826] [jointLog] [info] iteration 50, recomputing effective lengths\n[2026-01-06 01:19:21.789] [stderrLog] [info] Loading Suffix Array \n[2026-01-06 01:19:21.789] [stderrLog] [info] Loading Position Hash\n[2026-01-06 01:19:21.790] [stderrLog] [info] Loading Transcript Info \n[2026-01-06 01:19:21.790] [stderrLog] [info] Loading Rank-Select Bit Array\n[2026-01-06 01:19:21.790] [stderrLog] [info] There were 15 set bits in the bit array\n[2026-01-06 01:19:21.791] [stderrLog] [info] Computing transcript lengths\n[2026-01-06 01:19:21.791] [stderrLog] [info] Waiting to finish loading hash\n[2026-01-06 01:19:21.791] [stderrLog] [info] Done loading index\n[2026-01-06 01:19:21.828] [jointLog] [info] iteration = 63 | max rel diff. = 0.00199953\n[2026-01-06 01:19:21.828] [jointLog] [info] Finished optimizer\n[2026-01-06 01:19:21.828] [jointLog] [info] writing output \n\nComputing gene-level abundance estimates\nThere were 3 transcripts mapping to 3 genes\nWARNING: couldn\u0027t find transcript named [NR_031764]; returning transcript  as it\u0027s own gene\n\ndone\nAggregating expressions to gene level . . . done\n." ], "status": "failure", "test_index": 3, "time_seconds": 43.927170515060425, "tool_id": "sailfish", "tool_version": "0.10.1.1"}
                ]]></error>
            
            <system-out><![CDATA[
            
            ]]></system-out>
            <system-err><![CDATA[
            Version Info: Could not resolve upgrade information in the alotted time.Check for upgrades manually at www.cs.cmu.edu/~ckingsf/sailfish.writing log to ./index_dir/logs/sailfish_index.logRapMap Indexer[Step 1 of 4] : counting k-mersElapsed time: 0.000978794sReplaced 0 non-ATCG nucleotidesClipped poly-A tails from 0 transcriptsBuilding rank-select dictionary and saving to disk doneElapsed time: 2.4727e-05sWriting sequence data to file . . . doneElapsed time: 0.000102685s[info] Building 32-bit suffix array (length of generalized text is 28577)Building suffix array . . . successsaving to disk . . . doneElapsed time: 8.5676e-05sdoneElapsed time: 0.00884042sprocessed 0 positionskhash had 18955 keyssaving hash to disk . . . doneElapsed time: 0.00145485sVersion Info: Could not resolve upgrade information in the alotted time.Check for upgrades manually at www.cs.cmu.edu/~ckingsf/sailfish.# sailfish (quasi-mapping-based) v0.9.2# [ program ] => sailfish # [ command ] => quant # [ index ] => { ./index_dir }# [ mates1 ] => { ./mate1.fastq }# [ mates2 ] => { ./mate2.fastq }# [ libType ] => { IU }# [ output ] => { ./results }# [ biasCorrect ] => { }# [ threads ] => { 8 }# [ gcSizeSamp ] => { 1 }# [ gcSpeedSamp ] => { 1 }# [ fldMean ] => { 200 }# [ fldSD ] => { 80 }# [ maxReadOcc ] => { 200 }# [ geneMap ] => { ./geneMap.tabular }# [ maxFragLen ] => { 1000 }# [ txpAggregationKey ] => { gene_id }# [ numBiasSamples ] => { 1000000 }# [ numFragSamples ] => { 10000 }# [ numGibbsSamples ] => { 0 }# [ numBootstraps ] => { 0 }Logs will be written to ./results/logs[2026-01-06 01:19:21.700] [jointLog] [info] parsing read library formatthere is 1 libLoading 32-bit quasi indexIndex contained 15 targetsLoaded targets[2026-01-06 01:19:21.787] [jointLog] [info] Loading Quasi index[2026-01-06 01:19:21.791] [jointLog] [info] done[2026-01-06 01:19:21.814] [jointLog] [info] Gathered fragment lengths from all threads[2026-01-06 01:19:21.814] [jointLog] [warning] Sailfish saw fewer then 10000 uniquely mapped reads so 200 will be used as the mean fragment length and 80 as the standard deviation for effective length correction[2026-01-06 01:19:21.815] [jointLog] [info] Estimating effective lengthsDone Quasi-Mapping [2026-01-06 01:19:21.825] [jointLog] [info] Computed 21 rich equivalence classes for further processing[2026-01-06 01:19:21.825] [jointLog] [info] Counted 10000 total reads in the equivalence classes [2026-01-06 01:19:21.826] [jointLog] [info] Starting optimizer:[2026-01-06 01:19:21.826] [jointLog] [info] Optimizing over 21 equivalence classes[2026-01-06 01:19:21.826] [jointLog] [info] iteration = 0 | max rel diff. = 14.873[2026-01-06 01:19:21.826] [jointLog] [info] iteration 50, recomputing effective lengths[2026-01-06 01:19:21.789] [stderrLog] [info] Loading Suffix Array [2026-01-06 01:19:21.789] [stderrLog] [info] Loading Position Hash[2026-01-06 01:19:21.790] [stderrLog] [info] Loading Transcript Info [2026-01-06 01:19:21.790] [stderrLog] [info] Loading Rank-Select Bit Array[2026-01-06 01:19:21.790] [stderrLog] [info] There were 15 set bits in the bit array[2026-01-06 01:19:21.791] [stderrLog] [info] Computing transcript lengths[2026-01-06 01:19:21.791] [stderrLog] [info] Waiting to finish loading hash[2026-01-06 01:19:21.791] [stderrLog] [info] Done loading index[2026-01-06 01:19:21.828] [jointLog] [info] iteration = 63 | max rel diff. = 0.00199953[2026-01-06 01:19:21.828] [jointLog] [info] Finished optimizer[2026-01-06 01:19:21.828] [jointLog] [info] writing output Computing gene-level abundance estimatesThere were 3 transcripts mapping to 3 genesWARNING: couldn't find transcript named [NR_031764]; returning transcript  as it's own genedoneAggregating expressions to gene level . . . done
            ]]></system-err>
        
    </testcase>
    
    <testcase classname="sam_pileup (Test #1)" name="0" time="0.30082249641418457">
        
            <error type="error" message="Input staging problem: Traceback (most recent call last):
  File "/opt/hostedtoolcache/Python/3.12.12/x64/lib/python3.12/site-packages/galaxy/tool_util/verify/interactor.py", line 1436, in verify_tool
    stage_data_in_history(
  File "/opt/hostedtoolcache/Python/3.12.12/x64/lib/python3.12/site-packages/galaxy/tool_util/verify/interactor.py", line 163, in stage_data_in_history
    test_dict = galaxy_interactor.remote_to_input(
                ^^^^^^^^^^^^^^^^^^^^^^^^^^^^^^^^^^
  File "/opt/hostedtoolcache/Python/3.12.12/x64/lib/python3.12/site-packages/galaxy/tool_util/verify/interactor.py", line 582, in remote_to_input
    path_or_location = self._get_path_or_location(
                       ^^^^^^^^^^^^^^^^^^^^^^^^^^^
  File "/opt/hostedtoolcache/Python/3.12.12/x64/lib/python3.12/site-packages/galaxy/tool_util/verify/interactor.py", line 619, in _get_path_or_location
    path = self.test_data_download(
           ^^^^^^^^^^^^^^^^^^^^^^^^
  File "/opt/hostedtoolcache/Python/3.12.12/x64/lib/python3.12/site-packages/galaxy/tool_util/verify/interactor.py", line 525, in test_data_download
    raise AssertionError(f"Test input file ({filename}) cannot be found.")
AssertionError: Test input file (sam_pileup_in1.bam) cannot be found.
"><![CDATA[
                { "execution_problem": "Input staging problem: Traceback (most recent call last):\n  File \"/opt/hostedtoolcache/Python/3.12.12/x64/lib/python3.12/site-packages/galaxy/tool_util/verify/interactor.py\", line 1436, in verify_tool\n    stage_data_in_history(\n  File \"/opt/hostedtoolcache/Python/3.12.12/x64/lib/python3.12/site-packages/galaxy/tool_util/verify/interactor.py\", line 163, in stage_data_in_history\n    test_dict = galaxy_interactor.remote_to_input(\n                ^^^^^^^^^^^^^^^^^^^^^^^^^^^^^^^^^^\n  File \"/opt/hostedtoolcache/Python/3.12.12/x64/lib/python3.12/site-packages/galaxy/tool_util/verify/interactor.py\", line 582, in remote_to_input\n    path_or_location = self._get_path_or_location(\n                       ^^^^^^^^^^^^^^^^^^^^^^^^^^^\n  File \"/opt/hostedtoolcache/Python/3.12.12/x64/lib/python3.12/site-packages/galaxy/tool_util/verify/interactor.py\", line 619, in _get_path_or_location\n    path = self.test_data_download(\n           ^^^^^^^^^^^^^^^^^^^^^^^^\n  File \"/opt/hostedtoolcache/Python/3.12.12/x64/lib/python3.12/site-packages/galaxy/tool_util/verify/interactor.py\", line 525, in test_data_download\n    raise AssertionError(f\"Test input file ({filename}) cannot be found.\")\nAssertionError: Test input file (sam_pileup_in1.bam) cannot be found.\n", "status": "error", "test_index": 0, "time_seconds": 0.30082249641418457, "tool_id": "sam_pileup", "tool_version": "1.1.3"}
            ]]></error>
        
    </testcase>
    
    <testcase classname="samtools_calmd (Test #1)" name="0" time="0.3008604049682617">
        
            <error type="error" message="Input staging problem: Traceback (most recent call last):
  File "/opt/hostedtoolcache/Python/3.12.12/x64/lib/python3.12/site-packages/galaxy/tool_util/verify/interactor.py", line 1436, in verify_tool
    stage_data_in_history(
  File "/opt/hostedtoolcache/Python/3.12.12/x64/lib/python3.12/site-packages/galaxy/tool_util/verify/interactor.py", line 163, in stage_data_in_history
    test_dict = galaxy_interactor.remote_to_input(
                ^^^^^^^^^^^^^^^^^^^^^^^^^^^^^^^^^^
  File "/opt/hostedtoolcache/Python/3.12.12/x64/lib/python3.12/site-packages/galaxy/tool_util/verify/interactor.py", line 582, in remote_to_input
    path_or_location = self._get_path_or_location(
                       ^^^^^^^^^^^^^^^^^^^^^^^^^^^
  File "/opt/hostedtoolcache/Python/3.12.12/x64/lib/python3.12/site-packages/galaxy/tool_util/verify/interactor.py", line 619, in _get_path_or_location
    path = self.test_data_download(
           ^^^^^^^^^^^^^^^^^^^^^^^^
  File "/opt/hostedtoolcache/Python/3.12.12/x64/lib/python3.12/site-packages/galaxy/tool_util/verify/interactor.py", line 525, in test_data_download
    raise AssertionError(f"Test input file ({filename}) cannot be found.")
AssertionError: Test input file (phiX.bam) cannot be found.
"><![CDATA[
                { "execution_problem": "Input staging problem: Traceback (most recent call last):\n  File \"/opt/hostedtoolcache/Python/3.12.12/x64/lib/python3.12/site-packages/galaxy/tool_util/verify/interactor.py\", line 1436, in verify_tool\n    stage_data_in_history(\n  File \"/opt/hostedtoolcache/Python/3.12.12/x64/lib/python3.12/site-packages/galaxy/tool_util/verify/interactor.py\", line 163, in stage_data_in_history\n    test_dict = galaxy_interactor.remote_to_input(\n                ^^^^^^^^^^^^^^^^^^^^^^^^^^^^^^^^^^\n  File \"/opt/hostedtoolcache/Python/3.12.12/x64/lib/python3.12/site-packages/galaxy/tool_util/verify/interactor.py\", line 582, in remote_to_input\n    path_or_location = self._get_path_or_location(\n                       ^^^^^^^^^^^^^^^^^^^^^^^^^^^\n  File \"/opt/hostedtoolcache/Python/3.12.12/x64/lib/python3.12/site-packages/galaxy/tool_util/verify/interactor.py\", line 619, in _get_path_or_location\n    path = self.test_data_download(\n           ^^^^^^^^^^^^^^^^^^^^^^^^\n  File \"/opt/hostedtoolcache/Python/3.12.12/x64/lib/python3.12/site-packages/galaxy/tool_util/verify/interactor.py\", line 525, in test_data_download\n    raise AssertionError(f\"Test input file ({filename}) cannot be found.\")\nAssertionError: Test input file (phiX.bam) cannot be found.\n", "status": "error", "test_index": 0, "time_seconds": 0.3008604049682617, "tool_id": "samtools_calmd", "tool_version": "2.0.7"}
            ]]></error>
        
    </testcase>
    
    <testcase classname="samtools_calmd (Test #2)" name="1" time="0.153609037399292">
        
            <error type="error" message="Input staging problem: Traceback (most recent call last):
  File "/opt/hostedtoolcache/Python/3.12.12/x64/lib/python3.12/site-packages/galaxy/tool_util/verify/interactor.py", line 1436, in verify_tool
    stage_data_in_history(
  File "/opt/hostedtoolcache/Python/3.12.12/x64/lib/python3.12/site-packages/galaxy/tool_util/verify/interactor.py", line 163, in stage_data_in_history
    test_dict = galaxy_interactor.remote_to_input(
                ^^^^^^^^^^^^^^^^^^^^^^^^^^^^^^^^^^
  File "/opt/hostedtoolcache/Python/3.12.12/x64/lib/python3.12/site-packages/galaxy/tool_util/verify/interactor.py", line 582, in remote_to_input
    path_or_location = self._get_path_or_location(
                       ^^^^^^^^^^^^^^^^^^^^^^^^^^^
  File "/opt/hostedtoolcache/Python/3.12.12/x64/lib/python3.12/site-packages/galaxy/tool_util/verify/interactor.py", line 619, in _get_path_or_location
    path = self.test_data_download(
           ^^^^^^^^^^^^^^^^^^^^^^^^
  File "/opt/hostedtoolcache/Python/3.12.12/x64/lib/python3.12/site-packages/galaxy/tool_util/verify/interactor.py", line 525, in test_data_download
    raise AssertionError(f"Test input file ({filename}) cannot be found.")
AssertionError: Test input file (phiX.bam) cannot be found.
"><![CDATA[
                { "execution_problem": "Input staging problem: Traceback (most recent call last):\n  File \"/opt/hostedtoolcache/Python/3.12.12/x64/lib/python3.12/site-packages/galaxy/tool_util/verify/interactor.py\", line 1436, in verify_tool\n    stage_data_in_history(\n  File \"/opt/hostedtoolcache/Python/3.12.12/x64/lib/python3.12/site-packages/galaxy/tool_util/verify/interactor.py\", line 163, in stage_data_in_history\n    test_dict = galaxy_interactor.remote_to_input(\n                ^^^^^^^^^^^^^^^^^^^^^^^^^^^^^^^^^^\n  File \"/opt/hostedtoolcache/Python/3.12.12/x64/lib/python3.12/site-packages/galaxy/tool_util/verify/interactor.py\", line 582, in remote_to_input\n    path_or_location = self._get_path_or_location(\n                       ^^^^^^^^^^^^^^^^^^^^^^^^^^^\n  File \"/opt/hostedtoolcache/Python/3.12.12/x64/lib/python3.12/site-packages/galaxy/tool_util/verify/interactor.py\", line 619, in _get_path_or_location\n    path = self.test_data_download(\n           ^^^^^^^^^^^^^^^^^^^^^^^^\n  File \"/opt/hostedtoolcache/Python/3.12.12/x64/lib/python3.12/site-packages/galaxy/tool_util/verify/interactor.py\", line 525, in test_data_download\n    raise AssertionError(f\"Test input file ({filename}) cannot be found.\")\nAssertionError: Test input file (phiX.bam) cannot be found.\n", "status": "error", "test_index": 1, "time_seconds": 0.153609037399292, "tool_id": "samtools_calmd", "tool_version": "2.0.7"}
            ]]></error>
        
    </testcase>
    
    <testcase classname="vcfgeno2haplo (Test #1)" name="0" time="0.29980921745300293">
        
            <error type="error" message="Input staging problem: Traceback (most recent call last):
  File "/opt/hostedtoolcache/Python/3.12.12/x64/lib/python3.12/site-packages/galaxy/tool_util/verify/interactor.py", line 1436, in verify_tool
    stage_data_in_history(
  File "/opt/hostedtoolcache/Python/3.12.12/x64/lib/python3.12/site-packages/galaxy/tool_util/verify/interactor.py", line 163, in stage_data_in_history
    test_dict = galaxy_interactor.remote_to_input(
                ^^^^^^^^^^^^^^^^^^^^^^^^^^^^^^^^^^
  File "/opt/hostedtoolcache/Python/3.12.12/x64/lib/python3.12/site-packages/galaxy/tool_util/verify/interactor.py", line 582, in remote_to_input
    path_or_location = self._get_path_or_location(
                       ^^^^^^^^^^^^^^^^^^^^^^^^^^^
  File "/opt/hostedtoolcache/Python/3.12.12/x64/lib/python3.12/site-packages/galaxy/tool_util/verify/interactor.py", line 619, in _get_path_or_location
    path = self.test_data_download(
           ^^^^^^^^^^^^^^^^^^^^^^^^
  File "/opt/hostedtoolcache/Python/3.12.12/x64/lib/python3.12/site-packages/galaxy/tool_util/verify/interactor.py", line 525, in test_data_download
    raise AssertionError(f"Test input file ({filename}) cannot be found.")
AssertionError: Test input file (vcflib-test-genome-phix.fa) cannot be found.
"><![CDATA[
                { "execution_problem": "Input staging problem: Traceback (most recent call last):\n  File \"/opt/hostedtoolcache/Python/3.12.12/x64/lib/python3.12/site-packages/galaxy/tool_util/verify/interactor.py\", line 1436, in verify_tool\n    stage_data_in_history(\n  File \"/opt/hostedtoolcache/Python/3.12.12/x64/lib/python3.12/site-packages/galaxy/tool_util/verify/interactor.py\", line 163, in stage_data_in_history\n    test_dict = galaxy_interactor.remote_to_input(\n                ^^^^^^^^^^^^^^^^^^^^^^^^^^^^^^^^^^\n  File \"/opt/hostedtoolcache/Python/3.12.12/x64/lib/python3.12/site-packages/galaxy/tool_util/verify/interactor.py\", line 582, in remote_to_input\n    path_or_location = self._get_path_or_location(\n                       ^^^^^^^^^^^^^^^^^^^^^^^^^^^\n  File \"/opt/hostedtoolcache/Python/3.12.12/x64/lib/python3.12/site-packages/galaxy/tool_util/verify/interactor.py\", line 619, in _get_path_or_location\n    path = self.test_data_download(\n           ^^^^^^^^^^^^^^^^^^^^^^^^\n  File \"/opt/hostedtoolcache/Python/3.12.12/x64/lib/python3.12/site-packages/galaxy/tool_util/verify/interactor.py\", line 525, in test_data_download\n    raise AssertionError(f\"Test input file ({filename}) cannot be found.\")\nAssertionError: Test input file (vcflib-test-genome-phix.fa) cannot be found.\n", "status": "error", "test_index": 0, "time_seconds": 0.29980921745300293, "tool_id": "vcfgeno2haplo", "tool_version": "1.0.0_rc3+galaxy0"}
            ]]></error>
        
    </testcase>
    
</testsuite>