<?xml version="1.0" encoding="UTF-8"?>
<testsuite name="Results (powered by Planemo)"
           tests="45"
           errors="21"
           failures="4"
           skip="0">
    
    <testcase classname="bcftools_norm (Test #1)" name="0" time="20.11517906188965">
        
            <error type="error" message="Input staging problem: Traceback (most recent call last):
  File "/opt/hostedtoolcache/Python/3.12.12/x64/lib/python3.12/site-packages/galaxy/tool_util/verify/interactor.py", line 1466, in verify_tool
    stage_data_in_history(
  File "/opt/hostedtoolcache/Python/3.12.12/x64/lib/python3.12/site-packages/galaxy/tool_util/verify/interactor.py", line 175, in stage_data_in_history
    staging_interface.handle_jobs()
  File "/opt/hostedtoolcache/Python/3.12.12/x64/lib/python3.12/site-packages/galaxy/tool_util/verify/interactor.py", line 212, in handle_jobs
    self.galaxy_interactor.wait_for_job(job_response["id"], job_response["history_id"], self.maxseconds)
  File "/opt/hostedtoolcache/Python/3.12.12/x64/lib/python3.12/site-packages/galaxy/tool_util/verify/interactor.py", line 398, in wait_for_job
    self.wait_for(lambda: self.__job_ready(job_id, history_id), maxseconds=maxseconds)
  File "/opt/hostedtoolcache/Python/3.12.12/x64/lib/python3.12/site-packages/galaxy/tool_util/verify/interactor.py", line 402, in wait_for
    wait_on(func, what, walltime_exceeded)
  File "/opt/hostedtoolcache/Python/3.12.12/x64/lib/python3.12/site-packages/galaxy/tool_util/verify/wait.py", line 38, in wait_on
    value = function()
            ^^^^^^^^^^
  File "/opt/hostedtoolcache/Python/3.12.12/x64/lib/python3.12/site-packages/galaxy/tool_util/verify/interactor.py", line 398, in <lambda>
    self.wait_for(lambda: self.__job_ready(job_id, history_id), maxseconds=maxseconds)
                          ^^^^^^^^^^^^^^^^^^^^^^^^^^^^^^^^^^^^
  File "/opt/hostedtoolcache/Python/3.12.12/x64/lib/python3.12/site-packages/galaxy/tool_util/verify/interactor.py", line 751, in __job_ready
    return self._state_ready(job_id, error_msg="Job in error state.")
           ^^^^^^^^^^^^^^^^^^^^^^^^^^^^^^^^^^^^^^^^^^^^^^^^^^^^^^^^^^
  File "/opt/hostedtoolcache/Python/3.12.12/x64/lib/python3.12/site-packages/galaxy/tool_util/verify/interactor.py", line 847, in _state_ready
    raise Exception(
Exception: Job in error state.. tool_id: __DATA_FETCH__, exit_code: None, stderr: .
"><![CDATA[
                { "execution_problem": "Input staging problem: Traceback (most recent call last):\n  File \"/opt/hostedtoolcache/Python/3.12.12/x64/lib/python3.12/site-packages/galaxy/tool_util/verify/interactor.py\", line 1466, in verify_tool\n    stage_data_in_history(\n  File \"/opt/hostedtoolcache/Python/3.12.12/x64/lib/python3.12/site-packages/galaxy/tool_util/verify/interactor.py\", line 175, in stage_data_in_history\n    staging_interface.handle_jobs()\n  File \"/opt/hostedtoolcache/Python/3.12.12/x64/lib/python3.12/site-packages/galaxy/tool_util/verify/interactor.py\", line 212, in handle_jobs\n    self.galaxy_interactor.wait_for_job(job_response[\"id\"], job_response[\"history_id\"], self.maxseconds)\n  File \"/opt/hostedtoolcache/Python/3.12.12/x64/lib/python3.12/site-packages/galaxy/tool_util/verify/interactor.py\", line 398, in wait_for_job\n    self.wait_for(lambda: self.__job_ready(job_id, history_id), maxseconds=maxseconds)\n  File \"/opt/hostedtoolcache/Python/3.12.12/x64/lib/python3.12/site-packages/galaxy/tool_util/verify/interactor.py\", line 402, in wait_for\n    wait_on(func, what, walltime_exceeded)\n  File \"/opt/hostedtoolcache/Python/3.12.12/x64/lib/python3.12/site-packages/galaxy/tool_util/verify/wait.py\", line 38, in wait_on\n    value = function()\n            ^^^^^^^^^^\n  File \"/opt/hostedtoolcache/Python/3.12.12/x64/lib/python3.12/site-packages/galaxy/tool_util/verify/interactor.py\", line 398, in \u003clambda\u003e\n    self.wait_for(lambda: self.__job_ready(job_id, history_id), maxseconds=maxseconds)\n                          ^^^^^^^^^^^^^^^^^^^^^^^^^^^^^^^^^^^^\n  File \"/opt/hostedtoolcache/Python/3.12.12/x64/lib/python3.12/site-packages/galaxy/tool_util/verify/interactor.py\", line 751, in __job_ready\n    return self._state_ready(job_id, error_msg=\"Job in error state.\")\n           ^^^^^^^^^^^^^^^^^^^^^^^^^^^^^^^^^^^^^^^^^^^^^^^^^^^^^^^^^^\n  File \"/opt/hostedtoolcache/Python/3.12.12/x64/lib/python3.12/site-packages/galaxy/tool_util/verify/interactor.py\", line 847, in _state_ready\n    raise Exception(\nException: Job in error state.. tool_id: __DATA_FETCH__, exit_code: None, stderr: .\n", "status": "error", "test_index": 0, "time_seconds": 20.11517906188965, "tool_id": "bcftools_norm", "tool_version": "1.22+galaxy0"}
            ]]></error>
        
    </testcase>
    
    <testcase classname="bcftools_norm (Test #2)" name="1" time="">
        
            <error type="error" message=""><![CDATA[
                { "status": "skip", "test_index": 1, "tool_id": "bcftools_norm", "tool_version": "1.22+galaxy0"}
            ]]></error>
        
    </testcase>
    
    <testcase classname="bcftools_norm (Test #3)" name="2" time="11.869998455047607">
        
            <error type="error" message="Input staging problem: Traceback (most recent call last):
  File "/opt/hostedtoolcache/Python/3.12.12/x64/lib/python3.12/site-packages/galaxy/tool_util/verify/interactor.py", line 1466, in verify_tool
    stage_data_in_history(
  File "/opt/hostedtoolcache/Python/3.12.12/x64/lib/python3.12/site-packages/galaxy/tool_util/verify/interactor.py", line 175, in stage_data_in_history
    staging_interface.handle_jobs()
  File "/opt/hostedtoolcache/Python/3.12.12/x64/lib/python3.12/site-packages/galaxy/tool_util/verify/interactor.py", line 212, in handle_jobs
    self.galaxy_interactor.wait_for_job(job_response["id"], job_response["history_id"], self.maxseconds)
  File "/opt/hostedtoolcache/Python/3.12.12/x64/lib/python3.12/site-packages/galaxy/tool_util/verify/interactor.py", line 398, in wait_for_job
    self.wait_for(lambda: self.__job_ready(job_id, history_id), maxseconds=maxseconds)
  File "/opt/hostedtoolcache/Python/3.12.12/x64/lib/python3.12/site-packages/galaxy/tool_util/verify/interactor.py", line 402, in wait_for
    wait_on(func, what, walltime_exceeded)
  File "/opt/hostedtoolcache/Python/3.12.12/x64/lib/python3.12/site-packages/galaxy/tool_util/verify/wait.py", line 38, in wait_on
    value = function()
            ^^^^^^^^^^
  File "/opt/hostedtoolcache/Python/3.12.12/x64/lib/python3.12/site-packages/galaxy/tool_util/verify/interactor.py", line 398, in <lambda>
    self.wait_for(lambda: self.__job_ready(job_id, history_id), maxseconds=maxseconds)
                          ^^^^^^^^^^^^^^^^^^^^^^^^^^^^^^^^^^^^
  File "/opt/hostedtoolcache/Python/3.12.12/x64/lib/python3.12/site-packages/galaxy/tool_util/verify/interactor.py", line 751, in __job_ready
    return self._state_ready(job_id, error_msg="Job in error state.")
           ^^^^^^^^^^^^^^^^^^^^^^^^^^^^^^^^^^^^^^^^^^^^^^^^^^^^^^^^^^
  File "/opt/hostedtoolcache/Python/3.12.12/x64/lib/python3.12/site-packages/galaxy/tool_util/verify/interactor.py", line 847, in _state_ready
    raise Exception(
Exception: Job in error state.. tool_id: __DATA_FETCH__, exit_code: None, stderr: .
"><![CDATA[
                { "execution_problem": "Input staging problem: Traceback (most recent call last):\n  File \"/opt/hostedtoolcache/Python/3.12.12/x64/lib/python3.12/site-packages/galaxy/tool_util/verify/interactor.py\", line 1466, in verify_tool\n    stage_data_in_history(\n  File \"/opt/hostedtoolcache/Python/3.12.12/x64/lib/python3.12/site-packages/galaxy/tool_util/verify/interactor.py\", line 175, in stage_data_in_history\n    staging_interface.handle_jobs()\n  File \"/opt/hostedtoolcache/Python/3.12.12/x64/lib/python3.12/site-packages/galaxy/tool_util/verify/interactor.py\", line 212, in handle_jobs\n    self.galaxy_interactor.wait_for_job(job_response[\"id\"], job_response[\"history_id\"], self.maxseconds)\n  File \"/opt/hostedtoolcache/Python/3.12.12/x64/lib/python3.12/site-packages/galaxy/tool_util/verify/interactor.py\", line 398, in wait_for_job\n    self.wait_for(lambda: self.__job_ready(job_id, history_id), maxseconds=maxseconds)\n  File \"/opt/hostedtoolcache/Python/3.12.12/x64/lib/python3.12/site-packages/galaxy/tool_util/verify/interactor.py\", line 402, in wait_for\n    wait_on(func, what, walltime_exceeded)\n  File \"/opt/hostedtoolcache/Python/3.12.12/x64/lib/python3.12/site-packages/galaxy/tool_util/verify/wait.py\", line 38, in wait_on\n    value = function()\n            ^^^^^^^^^^\n  File \"/opt/hostedtoolcache/Python/3.12.12/x64/lib/python3.12/site-packages/galaxy/tool_util/verify/interactor.py\", line 398, in \u003clambda\u003e\n    self.wait_for(lambda: self.__job_ready(job_id, history_id), maxseconds=maxseconds)\n                          ^^^^^^^^^^^^^^^^^^^^^^^^^^^^^^^^^^^^\n  File \"/opt/hostedtoolcache/Python/3.12.12/x64/lib/python3.12/site-packages/galaxy/tool_util/verify/interactor.py\", line 751, in __job_ready\n    return self._state_ready(job_id, error_msg=\"Job in error state.\")\n           ^^^^^^^^^^^^^^^^^^^^^^^^^^^^^^^^^^^^^^^^^^^^^^^^^^^^^^^^^^\n  File \"/opt/hostedtoolcache/Python/3.12.12/x64/lib/python3.12/site-packages/galaxy/tool_util/verify/interactor.py\", line 847, in _state_ready\n    raise Exception(\nException: Job in error state.. tool_id: __DATA_FETCH__, exit_code: None, stderr: .\n", "status": "error", "test_index": 2, "time_seconds": 11.869998455047607, "tool_id": "bcftools_norm", "tool_version": "1.22+galaxy0"}
            ]]></error>
        
    </testcase>
    
    <testcase classname="bcftools_norm (Test #4)" name="3" time="41.164499282836914">
        
            
            <system-out><![CDATA[
            
            ]]></system-out>
            <system-err><![CDATA[
            Lines   total/split/joined/realigned/mismatch_removed/dup_removed/skipped:19/7/0/19/0/0/0
            ]]></system-err>
        
    </testcase>
    
    <testcase classname="bcftools_norm (Test #5)" name="4" time="31.542465686798096">
        
            
            <system-out><![CDATA[
            
            ]]></system-out>
            <system-err><![CDATA[
            Lines   total/split/joined/realigned/mismatch_removed/dup_removed/skipped:26/0/7/0/0/0/0
            ]]></system-err>
        
    </testcase>
    
    <testcase classname="bcftools_norm (Test #6)" name="5" time="32.41998624801636">
        
            
            <system-out><![CDATA[
            
            ]]></system-out>
            <system-err><![CDATA[
            Lines   total/split/joined/realigned/mismatch_removed/dup_removed/skipped:26/0/7/0/0/0/0
            ]]></system-err>
        
    </testcase>
    
    <testcase classname="bcftools_norm (Test #7)" name="6" time="32.16210865974426">
        
            
            <system-out><![CDATA[
            
            ]]></system-out>
            <system-err><![CDATA[
            Lines   total/split/joined/realigned/mismatch_removed/dup_removed/skipped:8/0/0/0/0/0/0REF/ALT total/modified/added:  8/5/3
            ]]></system-err>
        
    </testcase>
    
    <testcase classname="bcftools_norm (Test #8)" name="7" time="32.57673954963684">
        
            
            <system-out><![CDATA[
            
            ]]></system-out>
            <system-err><![CDATA[
            Lines   total/split/joined/realigned/mismatch_removed/dup_removed/skipped:19/0/0/10/0/0/0
            ]]></system-err>
        
    </testcase>
    
    <testcase classname="bcftools_norm (Test #9)" name="8" time="">
        
            <error type="error" message=""><![CDATA[
                { "status": "skip", "test_index": 8, "tool_id": "bcftools_norm", "tool_version": "1.22+galaxy0"}
            ]]></error>
        
    </testcase>
    
    <testcase classname="bcftools_norm (Test #10)" name="9" time="31.652856826782227">
        
            
            <system-out><![CDATA[
            
            ]]></system-out>
            <system-err><![CDATA[
            Lines   total/split/joined/realigned/mismatch_removed/dup_removed/skipped:21/0/0/13/0/0/1
            ]]></system-err>
        
    </testcase>
    
    <testcase classname="bcftools_plugin_fill_tags (Test #1)" name="0" time="37.574772119522095">
        
            
            <system-out><![CDATA[
            
            ]]></system-out>
            <system-err><![CDATA[
            
            ]]></system-err>
        
    </testcase>
    
    <testcase classname="bcftools_plugin_fill_tags (Test #2)" name="1" time="30.387948274612427">
        
            
            <system-out><![CDATA[
            
            ]]></system-out>
            <system-err><![CDATA[
            
            ]]></system-err>
        
    </testcase>
    
    <testcase classname="circos (Test #1)" name="0" time="64.25154399871826">
        
            
                <error type="error" message="Tool exit code: None"><![CDATA[
                    { "inputs": {  "outputs|png": true,  "outputs|svg": true,  "reference_genome|ref|genome_fasta": {   "id": "b2a86e44079771de",   "src": "hda"  },  "reference_genome|ref|ref_source": "history" }, "job": {  "command_line": "mkdir -p circos/conf/ circos/data/ \u0026\u0026  ln -s \u0027/galaxy/server/database/objects/5/4/5/dataset_54574f91-b7be-4847-832a-9c2eaeceab60.dat\u0027 genomeref.fa \u0026\u0026  python \u0027/cvmfs/cloud.galaxyproject.org/tools/toolshed.g2.bx.psu.edu/repos/iuc/circos/df7356989ac1/circos/karyotype-from-fasta.py\u0027 genomeref.fa \u003e circos/conf/karyotype.txt \u0026\u0026  python \u0027/cvmfs/cloud.galaxyproject.org/tools/toolshed.g2.bx.psu.edu/repos/iuc/circos/df7356989ac1/circos/karyotype-colors.py\u0027 `grep -c \u0027^chr\\s\u0027 \u0027circos/conf/karyotype.txt\u0027` \u003e \u0027circos/conf/karyotype-colors.conf\u0027 \u0026\u0026  touch circos/conf/karyotype-colors.conf \u0026\u0026    cp \u0027/galaxy/server/database/jobs_directory/000/80/configs/tmps2l93l6t\u0027 circos/conf/circos.conf \u0026\u0026 cp \u0027/galaxy/server/database/jobs_directory/000/80/configs/tmpm0zub3lj\u0027 circos/conf/ticks.conf \u0026\u0026 cp \u0027/galaxy/server/database/jobs_directory/000/80/configs/tmptxt47r_f\u0027 circos/conf/ideogram.conf \u0026\u0026 cp \u0027/galaxy/server/database/jobs_directory/000/80/configs/tmp_g65p2y0\u0027  circos/conf/data.conf \u0026\u0026 cp \u0027/galaxy/server/database/jobs_directory/000/80/configs/tmppuaitlsf\u0027  circos/conf/links.conf \u0026\u0026 cp \u0027/galaxy/server/database/jobs_directory/000/80/configs/tmp7lcyaj10\u0027 circos/conf/galaxy_test_case.json \u0026\u0026     circos -conf circos/conf/circos.conf -noparanoid",  "command_version": null,  "copied_from_job_id": null,  "create_time": "2026-01-29T01:35:21.531975",  "dependencies": [],  "exit_code": null,  "external_id": "gxy-2qvc6",  "galaxy_version": "24.1",  "handler": null,  "history_id": "0d368c1d4068507e",  "id": "0576c8a2491c590a",  "inputs": {   "reference_genome|ref|genome_fasta": {    "id": "b2a86e44079771de",    "src": "hda",    "uuid": "54574f91-b7be-4847-832a-9c2eaeceab60"   }  },  "job_messages": null,  "job_metrics": [],  "job_runner_name": null,  "job_stderr": null,  "job_stdout": null,  "model_class": "Job",  "output_collections": {},  "outputs": {   "karyotype_txt": {    "id": "255b8f1b33700cd0",    "src": "hda",    "uuid": "4a3c7d59-9b4f-40c1-816b-f66fb1772b05"   },   "output_png": {    "id": "30fa12c85714b999",    "src": "hda",    "uuid": "04e738a8-795a-46f7-977a-55215114e9a6"   },   "output_svg": {    "id": "4b8df80f0ef6b293",    "src": "hda",    "uuid": "0dbf04ff-30d0-492a-9285-2297b09aaaa0"   }  },  "params": {   "__input_ext": "\"fasta\"",   "chromInfo": "\"/cvmfs/data.galaxyproject.org/managed/len/ucsc/?.len\"",   "dbkey": "\"?\"",   "ideogram": "{\"angle_offset\": \"-90\", \"angle_orientation\": \"clockwise\", \"bands\": {\"band_stroke_color\": \"#000000\", \"band_stroke_thickness\": \"0\", \"band_transparency\": \"3\", \"fill_bands\": true, \"show_bands\": true}, \"chromosomes_reverse\": null, \"ideogram_labels\": {\"parallel\": true, \"radius_offset\": \"0.075\", \"show_label\": true, \"size\": \"24\"}, \"limit_chromosomes\": null, \"pairwise_spacing\": [], \"radius\": \"0.9\", \"spacing\": \"0.5\", \"thickness\": \"30.0\", \"units\": \"mb\"}",   "limits": "{\"max_ideograms\": \"200\", \"max_links\": \"25000\", \"max_points_per_track\": \"25000\", \"max_ticks\": \"5000\"}",   "outputs": "{\"png\": true, \"svg\": true, \"tar\": false}",   "plot_options": "{\"background\": {\"__current_case__\": 1, \"background_color\": \"#ffffff\", \"background_select\": \"color\"}, \"colour_profile\": null, \"radius\": \"1500\"}",   "reference_genome": "{\"ref\": {\"__current_case__\": 2, \"genome_fasta\": {\"values\": [{\"id\": 93, \"src\": \"hda\"}]}, \"ref_source\": \"history\"}}",   "scaling": "{\"zooms\": []}",   "sec_links": "{\"data\": []}",   "sec_tdd": "{\"data\": []}",   "ticks": "{\"radius\": \"1.0\", \"skip_first_label\": false, \"skip_last_label\": false, \"tick_group\": []}"  },  "state": "error",  "stderr": "Use of uninitialized value in subroutine entry at /usr/local/bin/../lib/Circos/Configuration.pm line 781.\n",  "stdout": "debuggroup summary 0.12s welcome to circos v0.69-8 15 Jun 2019 on Perl 5.032001\ndebuggroup summary 0.13s current working directory /galaxy/server/database/jobs_directory/000/80/working\ndebuggroup summary 0.13s command /usr/local/bin/circos -conf circos/conf/circos.conf -noparanoid\ndebuggroup summary 0.13s loading configuration from file circos/conf/circos.conf\ndebuggroup summary 0.13s found conf file circos/conf/circos.conf\ndebuggroup summary 0.22s debug will appear for these features: output,summary\ndebuggroup summary 0.23s bitmap output image ./circos.png\ndebuggroup summary 0.23s SVG output image ./circos.svg\ndebuggroup summary 0.23s parsing karyotype and organizing ideograms\ndebuggroup summary 0.23s karyotype has 2 chromosomes of total size 56,082\ndebuggroup summary 0.23s applying global and local scaling\ndebuggroup summary 0.23s allocating image, colors and brushes\ndebuggroup summary 4.85s drawing 2 ideograms of total size 56,082\ndebuggroup summary 4.85s drawing highlights and ideograms\ndebuggroup output 4.86s generating output\ndebuggroup output 5.15s created PNG image ./circos.png (40 kb)\ndebuggroup output 5.16s created SVG image ./circos.svg (2 kb)\n",  "tool_id": "toolshed.g2.bx.psu.edu/repos/iuc/circos/circos/0.69.8+galaxy7",  "tool_stderr": "Use of uninitialized value in subroutine entry at /usr/local/bin/../lib/Circos/Configuration.pm line 781.\n",  "tool_stdout": "debuggroup summary 0.12s welcome to circos v0.69-8 15 Jun 2019 on Perl 5.032001\ndebuggroup summary 0.13s current working directory /galaxy/server/database/jobs_directory/000/80/working\ndebuggroup summary 0.13s command /usr/local/bin/circos -conf circos/conf/circos.conf -noparanoid\ndebuggroup summary 0.13s loading configuration from file circos/conf/circos.conf\ndebuggroup summary 0.13s found conf file circos/conf/circos.conf\ndebuggroup summary 0.22s debug will appear for these features: output,summary\ndebuggroup summary 0.23s bitmap output image ./circos.png\ndebuggroup summary 0.23s SVG output image ./circos.svg\ndebuggroup summary 0.23s parsing karyotype and organizing ideograms\ndebuggroup summary 0.23s karyotype has 2 chromosomes of total size 56,082\ndebuggroup summary 0.23s applying global and local scaling\ndebuggroup summary 0.23s allocating image, colors and brushes\ndebuggroup summary 4.85s drawing 2 ideograms of total size 56,082\ndebuggroup summary 4.85s drawing highlights and ideograms\ndebuggroup output 4.86s generating output\ndebuggroup output 5.15s created PNG image ./circos.png (40 kb)\ndebuggroup output 5.16s created SVG image ./circos.svg (2 kb)\n",  "update_time": "2026-01-29T01:36:06.170312",  "user_email": "tests@fake.org" }, "output_problems": [  "Job in error state.. tool_id: toolshed.g2.bx.psu.edu/repos/iuc/circos/circos/0.69.8+galaxy7, exit_code: None, stderr: Use of uninitialized value in subroutine entry at /usr/local/bin/../lib/Circos/Configuration.pm line 781.\n." ], "status": "failure", "test_index": 0, "time_seconds": 64.25154399871826, "tool_id": "circos", "tool_version": "0.69.8+galaxy7"}
                ]]></error>
            
            <system-out><![CDATA[
            debuggroup summary 0.12s welcome to circos v0.69-8 15 Jun 2019 on Perl 5.032001debuggroup summary 0.13s current working directory /galaxy/server/database/jobs_directory/000/80/workingdebuggroup summary 0.13s command /usr/local/bin/circos -conf circos/conf/circos.conf -noparanoiddebuggroup summary 0.13s loading configuration from file circos/conf/circos.confdebuggroup summary 0.13s found conf file circos/conf/circos.confdebuggroup summary 0.22s debug will appear for these features: output,summarydebuggroup summary 0.23s bitmap output image ./circos.pngdebuggroup summary 0.23s SVG output image ./circos.svgdebuggroup summary 0.23s parsing karyotype and organizing ideogramsdebuggroup summary 0.23s karyotype has 2 chromosomes of total size 56,082debuggroup summary 0.23s applying global and local scalingdebuggroup summary 0.23s allocating image, colors and brushesdebuggroup summary 4.85s drawing 2 ideograms of total size 56,082debuggroup summary 4.85s drawing highlights and ideogramsdebuggroup output 4.86s generating outputdebuggroup output 5.15s created PNG image ./circos.png (40 kb)debuggroup output 5.16s created SVG image ./circos.svg (2 kb)
            ]]></system-out>
            <system-err><![CDATA[
            Use of uninitialized value in subroutine entry at /usr/local/bin/../lib/Circos/Configuration.pm line 781.
            ]]></system-err>
        
    </testcase>
    
    <testcase classname="circos (Test #2)" name="1" time="51.12892723083496">
        
            
            <system-out><![CDATA[
            debuggroup summary 0.16s welcome to circos v0.69-8 15 Jun 2019 on Perl 5.032001debuggroup summary 0.17s current working directory /galaxy/server/database/jobs_directory/000/85/workingdebuggroup summary 0.17s command /usr/local/bin/circos -conf circos/conf/circos.conf -noparanoiddebuggroup summary 0.17s loading configuration from file circos/conf/circos.confdebuggroup summary 0.17s found conf file circos/conf/circos.confdebuggroup summary 0.28s debug will appear for these features: output,summarydebuggroup summary 0.28s bitmap output image ./circos.pngdebuggroup summary 0.28s SVG output image ./circos.svgdebuggroup summary 0.28s parsing karyotype and organizing ideogramsdebuggroup summary 0.28s karyotype has 2 chromosomes of total size 56,082debuggroup summary 0.29s applying global and local scalingdebuggroup summary 0.29s allocating image, colors and brushesdebuggroup summary 5.06s drawing 2 ideograms of total size 56,082debuggroup summary 5.06s drawing highlights and ideogramsdebuggroup summary 5.09s found conf file /usr/local/bin/../etc/tracks/link.confdebuggroup summary 5.10s process track_0 link circos/conf/../data/links-0.txtdebuggroup summary 5.10s drawing link track_0 z 0debuggroup !circoswarning 5.13s  Data point of type [link] [50000-50500] extended past end of ideogram [ctgA 0-50001]. This data point will be [trimmed].debuggroup !circoswarning 5.13s  Data point of type [link] [51000-51500] extended past end of ideogram [ctgA 0-50001]. This data point will be [hidden].debuggroup summary 5.13s found conf file /usr/local/bin/../etc/tracks/histogram.confdebuggroup summary 5.13s found conf file /usr/local/bin/../etc/tracks/scatter.confdebuggroup summary 5.13s found conf file /usr/local/bin/../etc/tracks/tile.confdebuggroup summary 5.13s processing track_0 histogram circos/conf/../data/data-0.txtdebuggroup summary 5.20s processing track_1 scatter circos/conf/../data/data-1.txtdebuggroup summary 5.37s processing track_2 tile circos/conf/../data/data-2.txtdebuggroup summary 5.38s drawing track_0 histogram z 0 data-0.txt orient outdebuggroup summary 5.39s found conf file /usr/local/bin/../etc/tracks/axis.confdebuggroup summary 5.86s drawing track_1 scatter z 0 data-1.txt orient outdebuggroup summary 5.88s found conf file /usr/local/bin/../etc/tracks/axis.confdebuggroup summary 6.01s drawing track_2 tile z 0 data-2.txt orient outdebuggroup summary 6.01s found conf file /usr/local/bin/../etc/tracks/axis.confdebuggroup !circoswarning 6.15s  Data point of type [tile] [3013-6130] extended past end of ideogram [ctgB 0-6079]. This data point will be [trimmed].debuggroup output 6.16s generating outputdebuggroup output 6.57s created PNG image ./circos.png (539 kb)debuggroup output 6.58s created SVG image ./circos.svg (414 kb)
            ]]></system-out>
            <system-err><![CDATA[
            Use of uninitialized value in subroutine entry at /usr/local/bin/../lib/Circos/Configuration.pm line 781.Use of uninitialized value in subroutine entry at /usr/local/bin/../lib/Circos/Configuration.pm line 781.Use of uninitialized value within %Circos::Error::GROUPERROR in uc at /usr/local/bin/../lib/Circos/Error.pm line 354, <F> line 21.Use of uninitialized value within %Circos::Error::GROUPERROR in uc at /usr/local/bin/../lib/Circos/Error.pm line 354, <F> line 21.Use of uninitialized value in subroutine entry at /usr/local/bin/../lib/Circos/Configuration.pm line 781, <F> line 21.Use of uninitialized value in subroutine entry at /usr/local/bin/../lib/Circos/Configuration.pm line 781.Use of uninitialized value in subroutine entry at /usr/local/bin/../lib/Circos/Configuration.pm line 781.Use of uninitialized value in subroutine entry at /usr/local/bin/../lib/Circos/Configuration.pm line 781, <F> line 1214.Use of uninitialized value in subroutine entry at /usr/local/bin/../lib/Circos/Configuration.pm line 781.Use of uninitialized value in subroutine entry at /usr/local/bin/../lib/Circos/Configuration.pm line 781.Use of uninitialized value within %Circos::Error::GROUPERROR in uc at /usr/local/bin/../lib/Circos/Error.pm line 354.
            ]]></system-err>
        
    </testcase>
    
    <testcase classname="deeptools_plot_enrichment (Test #1)" name="0" time="46.28616523742676">
        
            
                <error type="error" message="Tool exit code: None"><![CDATA[
                    { "inputs": {  "BED": [   {    "id": "256d52c81f011d90",    "src": "hda"   },   {    "id": "256d52c81f011d90",    "src": "hda"   }  ],  "advancedOpt|minMappingQuality": "0",  "advancedOpt|regionLabels": "up down",  "advancedOpt|showAdvancedOpt": "yes",  "multibam_conditional|bamfiles": [   {    "id": "2b2cbb2a2574e75e",    "src": "hda"   },   {    "id": "2b2cbb2a2574e75e",    "src": "hda"   }  ],  "outRawCounts": true }, "job": {  "command_line": "ln -s \u0027/galaxy/server/database/objects/e/a/2/dataset_ea2b47b3-94eb-468d-baa7-fa63570563f6.dat\u0027 \u0027./0.bam\u0027 \u0026\u0026 ln -s \u0027/galaxy/server/database/objects/_metadata_files/6/9/7/metadata_697a2d58-aaaf-4b7d-8296-e121cd105b0d.dat\u0027 \u0027./0.bam.bai\u0027 \u0026\u0026 ln -s \u0027/galaxy/server/database/objects/e/a/2/dataset_ea2b47b3-94eb-468d-baa7-fa63570563f6.dat\u0027 \u0027./1.bam\u0027 \u0026\u0026 ln -s \u0027/galaxy/server/database/objects/_metadata_files/6/9/7/metadata_697a2d58-aaaf-4b7d-8296-e121cd105b0d.dat\u0027 \u0027./1.bam.bai\u0027 \u0026\u0026   plotEnrichment --numberOfProcessors \"${GALAXY_SLOTS:-4}\"  --plotFile \u0027/galaxy/server/database/objects/7/9/c/dataset_79cd0a4a-bc05-422f-bd25-b28728e04b79.dat\u0027  --bamfiles \u00270.bam\u0027 \u00271.bam\u0027 --labels \u0027bowtie2 test1.bam\u0027 \u0027bowtie2 test1.bam\u0027    --BED \u0027/galaxy/server/database/objects/c/b/0/dataset_cb0d92ea-30ec-450a-ac4d-fffa28cf0d7e.dat\u0027 \u0027/galaxy/server/database/objects/c/b/0/dataset_cb0d92ea-30ec-450a-ac4d-fffa28cf0d7e.dat\u0027 --regionLabels \u0027multiBamSummary_regions.bed\u0027 \u0027multiBamSummary_regions.bed\u0027    --outRawCounts \u0027/galaxy/server/database/objects/1/9/f/dataset_19fcd494-1d5c-40ac-ac38-2922ec1b16a4.dat\u0027  --plotFileFormat \u0027png\u0027     --regionLabels up down           --plotWidth \u002720\u0027  --plotHeight \u002720\u0027   --numPlotsPerRow \u00274\u0027  --alpha \u00270.9\u0027",  "command_version": null,  "copied_from_job_id": null,  "create_time": "2026-01-29T01:32:26.550728",  "dependencies": [],  "exit_code": null,  "external_id": "gxy-sccjz",  "galaxy_version": "24.1",  "handler": null,  "history_id": "0d368c1d4068507e",  "id": "ceeb79e3d005ae26",  "inputs": {   "BED": {    "id": "256d52c81f011d90",    "src": "hda",    "uuid": "cb0d92ea-30ec-450a-ac4d-fffa28cf0d7e"   },   "BED1": {    "id": "256d52c81f011d90",    "src": "hda",    "uuid": "cb0d92ea-30ec-450a-ac4d-fffa28cf0d7e"   },   "BED2": {    "id": "256d52c81f011d90",    "src": "hda",    "uuid": "cb0d92ea-30ec-450a-ac4d-fffa28cf0d7e"   },   "multibam_conditional|bamfiles": {    "id": "2b2cbb2a2574e75e",    "src": "hda",    "uuid": "ea2b47b3-94eb-468d-baa7-fa63570563f6"   },   "multibam_conditional|bamfiles1": {    "id": "2b2cbb2a2574e75e",    "src": "hda",    "uuid": "ea2b47b3-94eb-468d-baa7-fa63570563f6"   },   "multibam_conditional|bamfiles2": {    "id": "2b2cbb2a2574e75e",    "src": "hda",    "uuid": "ea2b47b3-94eb-468d-baa7-fa63570563f6"   }  },  "job_messages": null,  "job_metrics": [],  "job_runner_name": null,  "job_stderr": null,  "job_stdout": null,  "model_class": "Job",  "output_collections": {},  "outputs": {   "outFileName": {    "id": "9d5df1b5db16fdc8",    "src": "hda",    "uuid": "79cd0a4a-bc05-422f-bd25-b28728e04b79"   },   "outFileRawCounts": {    "id": "fd1f0a1d977ea097",    "src": "hda",    "uuid": "19fcd494-1d5c-40ac-ac38-2922ec1b16a4"   }  },  "params": {   "__input_ext": "\"input\"",   "advancedOpt": "{\"Offset\": \"\", \"__current_case__\": 1, \"alpha\": \"0.9\", \"attributeKey\": null, \"blackListFileName\": null, \"centerReads\": false, \"colors\": \"\", \"doExtendCustom\": {\"__current_case__\": 0, \"doExtend\": \"no\"}, \"ignoreDuplicates\": false, \"keepExons\": false, \"labels\": null, \"maxFragmentLength\": \"0\", \"minFragmentLength\": \"0\", \"minMappingQuality\": \"0\", \"numPlotsPerRow\": \"4\", \"perSample\": false, \"plotHeight\": \"20\", \"plotTitle\": \"\", \"plotWidth\": \"20\", \"regionLabels\": \"up down\", \"samFlagExclude\": \"\", \"samFlagInclude\": \"\", \"showAdvancedOpt\": \"yes\", \"variableScales\": false}",   "chromInfo": "\"/cvmfs/data.galaxyproject.org/managed/len/ucsc/?.len\"",   "custom_sample_labels_conditional": "{\"__current_case__\": 0, \"custom_labels_select\": \"No\"}",   "dbkey": "\"?\"",   "multibam_conditional": "{\"__current_case__\": 0, \"bamfiles\": {\"values\": [{\"id\": 76, \"src\": \"hda\"}, {\"id\": 76, \"src\": \"hda\"}]}, \"orderMatters\": \"No\"}",   "outFileFormat": "\"png\"",   "outRawCounts": "true",   "region": "\"\""  },  "state": "error",  "stderr": "",  "stdout": "",  "tool_id": "toolshed.g2.bx.psu.edu/repos/bgruening/deeptools_plot_enrichment/deeptools_plot_enrichment/3.5.4+galaxy0",  "tool_stderr": "",  "tool_stdout": "",  "update_time": "2026-01-29T01:32:52.187983",  "user_email": "tests@fake.org" }, "output_problems": [  "Job in error state.. tool_id: toolshed.g2.bx.psu.edu/repos/bgruening/deeptools_plot_enrichment/deeptools_plot_enrichment/3.5.4+galaxy0, exit_code: None, stderr: ." ], "status": "failure", "test_index": 0, "time_seconds": 46.28616523742676, "tool_id": "deeptools_plot_enrichment", "tool_version": "3.5.4+galaxy0"}
                ]]></error>
            
            <system-out><![CDATA[
            
            ]]></system-out>
            <system-err><![CDATA[
            
            ]]></system-err>
        
    </testcase>
    
    <testcase classname="filter_tabular (Test #1)" name="0" time="0.09733128547668457">
        
            <error type="error" message="Input staging problem: Traceback (most recent call last):
  File "/opt/hostedtoolcache/Python/3.12.12/x64/lib/python3.12/site-packages/galaxy/tool_util/verify/interactor.py", line 1466, in verify_tool
    stage_data_in_history(
  File "/opt/hostedtoolcache/Python/3.12.12/x64/lib/python3.12/site-packages/galaxy/tool_util/verify/interactor.py", line 163, in stage_data_in_history
    test_dict = galaxy_interactor.remote_to_input(
                ^^^^^^^^^^^^^^^^^^^^^^^^^^^^^^^^^^
  File "/opt/hostedtoolcache/Python/3.12.12/x64/lib/python3.12/site-packages/galaxy/tool_util/verify/interactor.py", line 581, in remote_to_input
    path_or_location = self._get_path_or_location(
                       ^^^^^^^^^^^^^^^^^^^^^^^^^^^
  File "/opt/hostedtoolcache/Python/3.12.12/x64/lib/python3.12/site-packages/galaxy/tool_util/verify/interactor.py", line 618, in _get_path_or_location
    path = self.test_data_download(
           ^^^^^^^^^^^^^^^^^^^^^^^^
  File "/opt/hostedtoolcache/Python/3.12.12/x64/lib/python3.12/site-packages/galaxy/tool_util/verify/interactor.py", line 524, in test_data_download
    raise AssertionError(f"Test input file ({filename}) cannot be found.")
AssertionError: Test input file (pets.tsv) cannot be found.
"><![CDATA[
                { "execution_problem": "Input staging problem: Traceback (most recent call last):\n  File \"/opt/hostedtoolcache/Python/3.12.12/x64/lib/python3.12/site-packages/galaxy/tool_util/verify/interactor.py\", line 1466, in verify_tool\n    stage_data_in_history(\n  File \"/opt/hostedtoolcache/Python/3.12.12/x64/lib/python3.12/site-packages/galaxy/tool_util/verify/interactor.py\", line 163, in stage_data_in_history\n    test_dict = galaxy_interactor.remote_to_input(\n                ^^^^^^^^^^^^^^^^^^^^^^^^^^^^^^^^^^\n  File \"/opt/hostedtoolcache/Python/3.12.12/x64/lib/python3.12/site-packages/galaxy/tool_util/verify/interactor.py\", line 581, in remote_to_input\n    path_or_location = self._get_path_or_location(\n                       ^^^^^^^^^^^^^^^^^^^^^^^^^^^\n  File \"/opt/hostedtoolcache/Python/3.12.12/x64/lib/python3.12/site-packages/galaxy/tool_util/verify/interactor.py\", line 618, in _get_path_or_location\n    path = self.test_data_download(\n           ^^^^^^^^^^^^^^^^^^^^^^^^\n  File \"/opt/hostedtoolcache/Python/3.12.12/x64/lib/python3.12/site-packages/galaxy/tool_util/verify/interactor.py\", line 524, in test_data_download\n    raise AssertionError(f\"Test input file ({filename}) cannot be found.\")\nAssertionError: Test input file (pets.tsv) cannot be found.\n", "status": "error", "test_index": 0, "time_seconds": 0.09733128547668457, "tool_id": "filter_tabular", "tool_version": "3.3.1"}
            ]]></error>
        
    </testcase>
    
    <testcase classname="filter_tabular (Test #2)" name="1" time="0.05228734016418457">
        
            <error type="error" message="Input staging problem: Traceback (most recent call last):
  File "/opt/hostedtoolcache/Python/3.12.12/x64/lib/python3.12/site-packages/galaxy/tool_util/verify/interactor.py", line 1466, in verify_tool
    stage_data_in_history(
  File "/opt/hostedtoolcache/Python/3.12.12/x64/lib/python3.12/site-packages/galaxy/tool_util/verify/interactor.py", line 163, in stage_data_in_history
    test_dict = galaxy_interactor.remote_to_input(
                ^^^^^^^^^^^^^^^^^^^^^^^^^^^^^^^^^^
  File "/opt/hostedtoolcache/Python/3.12.12/x64/lib/python3.12/site-packages/galaxy/tool_util/verify/interactor.py", line 581, in remote_to_input
    path_or_location = self._get_path_or_location(
                       ^^^^^^^^^^^^^^^^^^^^^^^^^^^
  File "/opt/hostedtoolcache/Python/3.12.12/x64/lib/python3.12/site-packages/galaxy/tool_util/verify/interactor.py", line 618, in _get_path_or_location
    path = self.test_data_download(
           ^^^^^^^^^^^^^^^^^^^^^^^^
  File "/opt/hostedtoolcache/Python/3.12.12/x64/lib/python3.12/site-packages/galaxy/tool_util/verify/interactor.py", line 524, in test_data_download
    raise AssertionError(f"Test input file ({filename}) cannot be found.")
AssertionError: Test input file (pets.tsv) cannot be found.
"><![CDATA[
                { "execution_problem": "Input staging problem: Traceback (most recent call last):\n  File \"/opt/hostedtoolcache/Python/3.12.12/x64/lib/python3.12/site-packages/galaxy/tool_util/verify/interactor.py\", line 1466, in verify_tool\n    stage_data_in_history(\n  File \"/opt/hostedtoolcache/Python/3.12.12/x64/lib/python3.12/site-packages/galaxy/tool_util/verify/interactor.py\", line 163, in stage_data_in_history\n    test_dict = galaxy_interactor.remote_to_input(\n                ^^^^^^^^^^^^^^^^^^^^^^^^^^^^^^^^^^\n  File \"/opt/hostedtoolcache/Python/3.12.12/x64/lib/python3.12/site-packages/galaxy/tool_util/verify/interactor.py\", line 581, in remote_to_input\n    path_or_location = self._get_path_or_location(\n                       ^^^^^^^^^^^^^^^^^^^^^^^^^^^\n  File \"/opt/hostedtoolcache/Python/3.12.12/x64/lib/python3.12/site-packages/galaxy/tool_util/verify/interactor.py\", line 618, in _get_path_or_location\n    path = self.test_data_download(\n           ^^^^^^^^^^^^^^^^^^^^^^^^\n  File \"/opt/hostedtoolcache/Python/3.12.12/x64/lib/python3.12/site-packages/galaxy/tool_util/verify/interactor.py\", line 524, in test_data_download\n    raise AssertionError(f\"Test input file ({filename}) cannot be found.\")\nAssertionError: Test input file (pets.tsv) cannot be found.\n", "status": "error", "test_index": 1, "time_seconds": 0.05228734016418457, "tool_id": "filter_tabular", "tool_version": "3.3.1"}
            ]]></error>
        
    </testcase>
    
    <testcase classname="filter_tabular (Test #3)" name="2" time="0.0514225959777832">
        
            <error type="error" message="Input staging problem: Traceback (most recent call last):
  File "/opt/hostedtoolcache/Python/3.12.12/x64/lib/python3.12/site-packages/galaxy/tool_util/verify/interactor.py", line 1466, in verify_tool
    stage_data_in_history(
  File "/opt/hostedtoolcache/Python/3.12.12/x64/lib/python3.12/site-packages/galaxy/tool_util/verify/interactor.py", line 163, in stage_data_in_history
    test_dict = galaxy_interactor.remote_to_input(
                ^^^^^^^^^^^^^^^^^^^^^^^^^^^^^^^^^^
  File "/opt/hostedtoolcache/Python/3.12.12/x64/lib/python3.12/site-packages/galaxy/tool_util/verify/interactor.py", line 581, in remote_to_input
    path_or_location = self._get_path_or_location(
                       ^^^^^^^^^^^^^^^^^^^^^^^^^^^
  File "/opt/hostedtoolcache/Python/3.12.12/x64/lib/python3.12/site-packages/galaxy/tool_util/verify/interactor.py", line 618, in _get_path_or_location
    path = self.test_data_download(
           ^^^^^^^^^^^^^^^^^^^^^^^^
  File "/opt/hostedtoolcache/Python/3.12.12/x64/lib/python3.12/site-packages/galaxy/tool_util/verify/interactor.py", line 524, in test_data_download
    raise AssertionError(f"Test input file ({filename}) cannot be found.")
AssertionError: Test input file (customers.tsv) cannot be found.
"><![CDATA[
                { "execution_problem": "Input staging problem: Traceback (most recent call last):\n  File \"/opt/hostedtoolcache/Python/3.12.12/x64/lib/python3.12/site-packages/galaxy/tool_util/verify/interactor.py\", line 1466, in verify_tool\n    stage_data_in_history(\n  File \"/opt/hostedtoolcache/Python/3.12.12/x64/lib/python3.12/site-packages/galaxy/tool_util/verify/interactor.py\", line 163, in stage_data_in_history\n    test_dict = galaxy_interactor.remote_to_input(\n                ^^^^^^^^^^^^^^^^^^^^^^^^^^^^^^^^^^\n  File \"/opt/hostedtoolcache/Python/3.12.12/x64/lib/python3.12/site-packages/galaxy/tool_util/verify/interactor.py\", line 581, in remote_to_input\n    path_or_location = self._get_path_or_location(\n                       ^^^^^^^^^^^^^^^^^^^^^^^^^^^\n  File \"/opt/hostedtoolcache/Python/3.12.12/x64/lib/python3.12/site-packages/galaxy/tool_util/verify/interactor.py\", line 618, in _get_path_or_location\n    path = self.test_data_download(\n           ^^^^^^^^^^^^^^^^^^^^^^^^\n  File \"/opt/hostedtoolcache/Python/3.12.12/x64/lib/python3.12/site-packages/galaxy/tool_util/verify/interactor.py\", line 524, in test_data_download\n    raise AssertionError(f\"Test input file ({filename}) cannot be found.\")\nAssertionError: Test input file (customers.tsv) cannot be found.\n", "status": "error", "test_index": 2, "time_seconds": 0.0514225959777832, "tool_id": "filter_tabular", "tool_version": "3.3.1"}
            ]]></error>
        
    </testcase>
    
    <testcase classname="filter_tabular (Test #4)" name="3" time="0.05401301383972168">
        
            <error type="error" message="Input staging problem: Traceback (most recent call last):
  File "/opt/hostedtoolcache/Python/3.12.12/x64/lib/python3.12/site-packages/galaxy/tool_util/verify/interactor.py", line 1466, in verify_tool
    stage_data_in_history(
  File "/opt/hostedtoolcache/Python/3.12.12/x64/lib/python3.12/site-packages/galaxy/tool_util/verify/interactor.py", line 163, in stage_data_in_history
    test_dict = galaxy_interactor.remote_to_input(
                ^^^^^^^^^^^^^^^^^^^^^^^^^^^^^^^^^^
  File "/opt/hostedtoolcache/Python/3.12.12/x64/lib/python3.12/site-packages/galaxy/tool_util/verify/interactor.py", line 581, in remote_to_input
    path_or_location = self._get_path_or_location(
                       ^^^^^^^^^^^^^^^^^^^^^^^^^^^
  File "/opt/hostedtoolcache/Python/3.12.12/x64/lib/python3.12/site-packages/galaxy/tool_util/verify/interactor.py", line 618, in _get_path_or_location
    path = self.test_data_download(
           ^^^^^^^^^^^^^^^^^^^^^^^^
  File "/opt/hostedtoolcache/Python/3.12.12/x64/lib/python3.12/site-packages/galaxy/tool_util/verify/interactor.py", line 524, in test_data_download
    raise AssertionError(f"Test input file ({filename}) cannot be found.")
AssertionError: Test input file (IEDB.tsv) cannot be found.
"><![CDATA[
                { "execution_problem": "Input staging problem: Traceback (most recent call last):\n  File \"/opt/hostedtoolcache/Python/3.12.12/x64/lib/python3.12/site-packages/galaxy/tool_util/verify/interactor.py\", line 1466, in verify_tool\n    stage_data_in_history(\n  File \"/opt/hostedtoolcache/Python/3.12.12/x64/lib/python3.12/site-packages/galaxy/tool_util/verify/interactor.py\", line 163, in stage_data_in_history\n    test_dict = galaxy_interactor.remote_to_input(\n                ^^^^^^^^^^^^^^^^^^^^^^^^^^^^^^^^^^\n  File \"/opt/hostedtoolcache/Python/3.12.12/x64/lib/python3.12/site-packages/galaxy/tool_util/verify/interactor.py\", line 581, in remote_to_input\n    path_or_location = self._get_path_or_location(\n                       ^^^^^^^^^^^^^^^^^^^^^^^^^^^\n  File \"/opt/hostedtoolcache/Python/3.12.12/x64/lib/python3.12/site-packages/galaxy/tool_util/verify/interactor.py\", line 618, in _get_path_or_location\n    path = self.test_data_download(\n           ^^^^^^^^^^^^^^^^^^^^^^^^\n  File \"/opt/hostedtoolcache/Python/3.12.12/x64/lib/python3.12/site-packages/galaxy/tool_util/verify/interactor.py\", line 524, in test_data_download\n    raise AssertionError(f\"Test input file ({filename}) cannot be found.\")\nAssertionError: Test input file (IEDB.tsv) cannot be found.\n", "status": "error", "test_index": 3, "time_seconds": 0.05401301383972168, "tool_id": "filter_tabular", "tool_version": "3.3.1"}
            ]]></error>
        
    </testcase>
    
    <testcase classname="filter_tabular (Test #5)" name="4" time="0.052718162536621094">
        
            <error type="error" message="Input staging problem: Traceback (most recent call last):
  File "/opt/hostedtoolcache/Python/3.12.12/x64/lib/python3.12/site-packages/galaxy/tool_util/verify/interactor.py", line 1466, in verify_tool
    stage_data_in_history(
  File "/opt/hostedtoolcache/Python/3.12.12/x64/lib/python3.12/site-packages/galaxy/tool_util/verify/interactor.py", line 163, in stage_data_in_history
    test_dict = galaxy_interactor.remote_to_input(
                ^^^^^^^^^^^^^^^^^^^^^^^^^^^^^^^^^^
  File "/opt/hostedtoolcache/Python/3.12.12/x64/lib/python3.12/site-packages/galaxy/tool_util/verify/interactor.py", line 581, in remote_to_input
    path_or_location = self._get_path_or_location(
                       ^^^^^^^^^^^^^^^^^^^^^^^^^^^
  File "/opt/hostedtoolcache/Python/3.12.12/x64/lib/python3.12/site-packages/galaxy/tool_util/verify/interactor.py", line 618, in _get_path_or_location
    path = self.test_data_download(
           ^^^^^^^^^^^^^^^^^^^^^^^^
  File "/opt/hostedtoolcache/Python/3.12.12/x64/lib/python3.12/site-packages/galaxy/tool_util/verify/interactor.py", line 524, in test_data_download
    raise AssertionError(f"Test input file ({filename}) cannot be found.")
AssertionError: Test input file (math_input.tsv) cannot be found.
"><![CDATA[
                { "execution_problem": "Input staging problem: Traceback (most recent call last):\n  File \"/opt/hostedtoolcache/Python/3.12.12/x64/lib/python3.12/site-packages/galaxy/tool_util/verify/interactor.py\", line 1466, in verify_tool\n    stage_data_in_history(\n  File \"/opt/hostedtoolcache/Python/3.12.12/x64/lib/python3.12/site-packages/galaxy/tool_util/verify/interactor.py\", line 163, in stage_data_in_history\n    test_dict = galaxy_interactor.remote_to_input(\n                ^^^^^^^^^^^^^^^^^^^^^^^^^^^^^^^^^^\n  File \"/opt/hostedtoolcache/Python/3.12.12/x64/lib/python3.12/site-packages/galaxy/tool_util/verify/interactor.py\", line 581, in remote_to_input\n    path_or_location = self._get_path_or_location(\n                       ^^^^^^^^^^^^^^^^^^^^^^^^^^^\n  File \"/opt/hostedtoolcache/Python/3.12.12/x64/lib/python3.12/site-packages/galaxy/tool_util/verify/interactor.py\", line 618, in _get_path_or_location\n    path = self.test_data_download(\n           ^^^^^^^^^^^^^^^^^^^^^^^^\n  File \"/opt/hostedtoolcache/Python/3.12.12/x64/lib/python3.12/site-packages/galaxy/tool_util/verify/interactor.py\", line 524, in test_data_download\n    raise AssertionError(f\"Test input file ({filename}) cannot be found.\")\nAssertionError: Test input file (math_input.tsv) cannot be found.\n", "status": "error", "test_index": 4, "time_seconds": 0.052718162536621094, "tool_id": "filter_tabular", "tool_version": "3.3.1"}
            ]]></error>
        
    </testcase>
    
    <testcase classname="flash (Test #1)" name="0" time="78.7293655872345">
        
            
            <system-out><![CDATA[
            
            ]]></system-out>
            <system-err><![CDATA[
            
            ]]></system-err>
        
    </testcase>
    
    <testcase classname="flash (Test #2)" name="1" time="12.089925765991211">
        
            <error type="error" message="Input staging problem: Traceback (most recent call last):
  File "/opt/hostedtoolcache/Python/3.12.12/x64/lib/python3.12/site-packages/galaxy/tool_util/verify/interactor.py", line 1466, in verify_tool
    stage_data_in_history(
  File "/opt/hostedtoolcache/Python/3.12.12/x64/lib/python3.12/site-packages/galaxy/tool_util/verify/interactor.py", line 175, in stage_data_in_history
    staging_interface.handle_jobs()
  File "/opt/hostedtoolcache/Python/3.12.12/x64/lib/python3.12/site-packages/galaxy/tool_util/verify/interactor.py", line 212, in handle_jobs
    self.galaxy_interactor.wait_for_job(job_response["id"], job_response["history_id"], self.maxseconds)
  File "/opt/hostedtoolcache/Python/3.12.12/x64/lib/python3.12/site-packages/galaxy/tool_util/verify/interactor.py", line 398, in wait_for_job
    self.wait_for(lambda: self.__job_ready(job_id, history_id), maxseconds=maxseconds)
  File "/opt/hostedtoolcache/Python/3.12.12/x64/lib/python3.12/site-packages/galaxy/tool_util/verify/interactor.py", line 402, in wait_for
    wait_on(func, what, walltime_exceeded)
  File "/opt/hostedtoolcache/Python/3.12.12/x64/lib/python3.12/site-packages/galaxy/tool_util/verify/wait.py", line 38, in wait_on
    value = function()
            ^^^^^^^^^^
  File "/opt/hostedtoolcache/Python/3.12.12/x64/lib/python3.12/site-packages/galaxy/tool_util/verify/interactor.py", line 398, in <lambda>
    self.wait_for(lambda: self.__job_ready(job_id, history_id), maxseconds=maxseconds)
                          ^^^^^^^^^^^^^^^^^^^^^^^^^^^^^^^^^^^^
  File "/opt/hostedtoolcache/Python/3.12.12/x64/lib/python3.12/site-packages/galaxy/tool_util/verify/interactor.py", line 751, in __job_ready
    return self._state_ready(job_id, error_msg="Job in error state.")
           ^^^^^^^^^^^^^^^^^^^^^^^^^^^^^^^^^^^^^^^^^^^^^^^^^^^^^^^^^^
  File "/opt/hostedtoolcache/Python/3.12.12/x64/lib/python3.12/site-packages/galaxy/tool_util/verify/interactor.py", line 847, in _state_ready
    raise Exception(
Exception: Job in error state.. tool_id: __DATA_FETCH__, exit_code: None, stderr: .
"><![CDATA[
                { "execution_problem": "Input staging problem: Traceback (most recent call last):\n  File \"/opt/hostedtoolcache/Python/3.12.12/x64/lib/python3.12/site-packages/galaxy/tool_util/verify/interactor.py\", line 1466, in verify_tool\n    stage_data_in_history(\n  File \"/opt/hostedtoolcache/Python/3.12.12/x64/lib/python3.12/site-packages/galaxy/tool_util/verify/interactor.py\", line 175, in stage_data_in_history\n    staging_interface.handle_jobs()\n  File \"/opt/hostedtoolcache/Python/3.12.12/x64/lib/python3.12/site-packages/galaxy/tool_util/verify/interactor.py\", line 212, in handle_jobs\n    self.galaxy_interactor.wait_for_job(job_response[\"id\"], job_response[\"history_id\"], self.maxseconds)\n  File \"/opt/hostedtoolcache/Python/3.12.12/x64/lib/python3.12/site-packages/galaxy/tool_util/verify/interactor.py\", line 398, in wait_for_job\n    self.wait_for(lambda: self.__job_ready(job_id, history_id), maxseconds=maxseconds)\n  File \"/opt/hostedtoolcache/Python/3.12.12/x64/lib/python3.12/site-packages/galaxy/tool_util/verify/interactor.py\", line 402, in wait_for\n    wait_on(func, what, walltime_exceeded)\n  File \"/opt/hostedtoolcache/Python/3.12.12/x64/lib/python3.12/site-packages/galaxy/tool_util/verify/wait.py\", line 38, in wait_on\n    value = function()\n            ^^^^^^^^^^\n  File \"/opt/hostedtoolcache/Python/3.12.12/x64/lib/python3.12/site-packages/galaxy/tool_util/verify/interactor.py\", line 398, in \u003clambda\u003e\n    self.wait_for(lambda: self.__job_ready(job_id, history_id), maxseconds=maxseconds)\n                          ^^^^^^^^^^^^^^^^^^^^^^^^^^^^^^^^^^^^\n  File \"/opt/hostedtoolcache/Python/3.12.12/x64/lib/python3.12/site-packages/galaxy/tool_util/verify/interactor.py\", line 751, in __job_ready\n    return self._state_ready(job_id, error_msg=\"Job in error state.\")\n           ^^^^^^^^^^^^^^^^^^^^^^^^^^^^^^^^^^^^^^^^^^^^^^^^^^^^^^^^^^\n  File \"/opt/hostedtoolcache/Python/3.12.12/x64/lib/python3.12/site-packages/galaxy/tool_util/verify/interactor.py\", line 847, in _state_ready\n    raise Exception(\nException: Job in error state.. tool_id: __DATA_FETCH__, exit_code: None, stderr: .\n", "status": "error", "test_index": 1, "time_seconds": 12.089925765991211, "tool_id": "flash", "tool_version": "1.2.11.4"}
            ]]></error>
        
    </testcase>
    
    <testcase classname="flash (Test #3)" name="2" time="34.92071843147278">
        
            
            <system-out><![CDATA[
            [FLASH] Starting FLASH v1.2.11[FLASH] Fast Length Adjustment of SHort reads[FLASH]  [FLASH] Input files:[FLASH]     /galaxy/server/database/objects/7/4/e/dataset_74e8ef2d-9beb-40e4-8cb6-f74089b1e6d6.dat[FLASH]     /galaxy/server/database/objects/8/d/1/dataset_8d191590-2884-4686-910b-8a8464c68b2d.dat[FLASH]  [FLASH] Output files:[FLASH]     ./out.extendedFrags.fastq[FLASH]     ./out.notCombined_1.fastq[FLASH]     ./out.notCombined_2.fastq[FLASH]     ./out.hist[FLASH]     ./out.histogram[FLASH]  [FLASH] Parameters:[FLASH]     Min overlap:           10[FLASH]     Max overlap:           65[FLASH]     Max mismatch density:  0.250000[FLASH]     Allow "outie" pairs:   false[FLASH]     Cap mismatch quals:    false[FLASH]     Combiner threads:      1[FLASH]     Input format:          FASTQ, phred_offset=64[FLASH]     Output format:         FASTQ, phred_offset=64[FLASH]  [FLASH] Starting reader and writer threads[FLASH] Starting 1 combiner threads[FLASH] Processed 200 read pairs[FLASH]  [FLASH] Read combination statistics:[FLASH]     Total pairs:      200[FLASH]     Combined pairs:   5[FLASH]     Uncombined pairs: 195[FLASH]     Percent combined: 2.50%[FLASH]  [FLASH] Writing histogram files.[FLASH]  [FLASH] FLASH v1.2.11 complete![FLASH] 0.020 seconds elapsed
            ]]></system-out>
            <system-err><![CDATA[
            
            ]]></system-err>
        
    </testcase>
    
    <testcase classname="flash (Test #4)" name="3" time="34.7783408164978">
        
            
            <system-out><![CDATA[
            
            ]]></system-out>
            <system-err><![CDATA[
            
            ]]></system-err>
        
    </testcase>
    
    <testcase classname="flash (Test #5)" name="4" time="17.69625973701477">
        
            <error type="error" message="Input staging problem: Traceback (most recent call last):
  File "/opt/hostedtoolcache/Python/3.12.12/x64/lib/python3.12/site-packages/galaxy/tool_util/verify/interactor.py", line 1466, in verify_tool
    stage_data_in_history(
  File "/opt/hostedtoolcache/Python/3.12.12/x64/lib/python3.12/site-packages/galaxy/tool_util/verify/interactor.py", line 175, in stage_data_in_history
    staging_interface.handle_jobs()
  File "/opt/hostedtoolcache/Python/3.12.12/x64/lib/python3.12/site-packages/galaxy/tool_util/verify/interactor.py", line 212, in handle_jobs
    self.galaxy_interactor.wait_for_job(job_response["id"], job_response["history_id"], self.maxseconds)
  File "/opt/hostedtoolcache/Python/3.12.12/x64/lib/python3.12/site-packages/galaxy/tool_util/verify/interactor.py", line 398, in wait_for_job
    self.wait_for(lambda: self.__job_ready(job_id, history_id), maxseconds=maxseconds)
  File "/opt/hostedtoolcache/Python/3.12.12/x64/lib/python3.12/site-packages/galaxy/tool_util/verify/interactor.py", line 402, in wait_for
    wait_on(func, what, walltime_exceeded)
  File "/opt/hostedtoolcache/Python/3.12.12/x64/lib/python3.12/site-packages/galaxy/tool_util/verify/wait.py", line 38, in wait_on
    value = function()
            ^^^^^^^^^^
  File "/opt/hostedtoolcache/Python/3.12.12/x64/lib/python3.12/site-packages/galaxy/tool_util/verify/interactor.py", line 398, in <lambda>
    self.wait_for(lambda: self.__job_ready(job_id, history_id), maxseconds=maxseconds)
                          ^^^^^^^^^^^^^^^^^^^^^^^^^^^^^^^^^^^^
  File "/opt/hostedtoolcache/Python/3.12.12/x64/lib/python3.12/site-packages/galaxy/tool_util/verify/interactor.py", line 751, in __job_ready
    return self._state_ready(job_id, error_msg="Job in error state.")
           ^^^^^^^^^^^^^^^^^^^^^^^^^^^^^^^^^^^^^^^^^^^^^^^^^^^^^^^^^^
  File "/opt/hostedtoolcache/Python/3.12.12/x64/lib/python3.12/site-packages/galaxy/tool_util/verify/interactor.py", line 847, in _state_ready
    raise Exception(
Exception: Job in error state.. tool_id: __DATA_FETCH__, exit_code: None, stderr: .
"><![CDATA[
                { "execution_problem": "Input staging problem: Traceback (most recent call last):\n  File \"/opt/hostedtoolcache/Python/3.12.12/x64/lib/python3.12/site-packages/galaxy/tool_util/verify/interactor.py\", line 1466, in verify_tool\n    stage_data_in_history(\n  File \"/opt/hostedtoolcache/Python/3.12.12/x64/lib/python3.12/site-packages/galaxy/tool_util/verify/interactor.py\", line 175, in stage_data_in_history\n    staging_interface.handle_jobs()\n  File \"/opt/hostedtoolcache/Python/3.12.12/x64/lib/python3.12/site-packages/galaxy/tool_util/verify/interactor.py\", line 212, in handle_jobs\n    self.galaxy_interactor.wait_for_job(job_response[\"id\"], job_response[\"history_id\"], self.maxseconds)\n  File \"/opt/hostedtoolcache/Python/3.12.12/x64/lib/python3.12/site-packages/galaxy/tool_util/verify/interactor.py\", line 398, in wait_for_job\n    self.wait_for(lambda: self.__job_ready(job_id, history_id), maxseconds=maxseconds)\n  File \"/opt/hostedtoolcache/Python/3.12.12/x64/lib/python3.12/site-packages/galaxy/tool_util/verify/interactor.py\", line 402, in wait_for\n    wait_on(func, what, walltime_exceeded)\n  File \"/opt/hostedtoolcache/Python/3.12.12/x64/lib/python3.12/site-packages/galaxy/tool_util/verify/wait.py\", line 38, in wait_on\n    value = function()\n            ^^^^^^^^^^\n  File \"/opt/hostedtoolcache/Python/3.12.12/x64/lib/python3.12/site-packages/galaxy/tool_util/verify/interactor.py\", line 398, in \u003clambda\u003e\n    self.wait_for(lambda: self.__job_ready(job_id, history_id), maxseconds=maxseconds)\n                          ^^^^^^^^^^^^^^^^^^^^^^^^^^^^^^^^^^^^\n  File \"/opt/hostedtoolcache/Python/3.12.12/x64/lib/python3.12/site-packages/galaxy/tool_util/verify/interactor.py\", line 751, in __job_ready\n    return self._state_ready(job_id, error_msg=\"Job in error state.\")\n           ^^^^^^^^^^^^^^^^^^^^^^^^^^^^^^^^^^^^^^^^^^^^^^^^^^^^^^^^^^\n  File \"/opt/hostedtoolcache/Python/3.12.12/x64/lib/python3.12/site-packages/galaxy/tool_util/verify/interactor.py\", line 847, in _state_ready\n    raise Exception(\nException: Job in error state.. tool_id: __DATA_FETCH__, exit_code: None, stderr: .\n", "status": "error", "test_index": 4, "time_seconds": 17.69625973701477, "tool_id": "flash", "tool_version": "1.2.11.4"}
            ]]></error>
        
    </testcase>
    
    <testcase classname="ivar_filtervariants (Test #1)" name="0" time="39.50797510147095">
        
            
            <system-out><![CDATA[
            Header format of ./var_0.tsv did not match! Please use files generated using "ivar variants" command.
            ]]></system-out>
            <system-err><![CDATA[
            
            ]]></system-err>
        
    </testcase>
    
    <testcase classname="medaka_consensus (Test #1)" name="0" time="80.25334405899048">
        
            
                <error type="error" message="Tool exit code: 1"><![CDATA[
                    { "inputs": {  "bam": {   "id": "66ccfada03e55822",   "src": "hda"  } }, "job": {  "command_line": "ln -s \u0027/galaxy/server/database/objects/5/e/0/dataset_5e08eba8-b16d-4794-b903-cbfdef3575c2.dat\u0027 alignment.bam \u0026\u0026 ln -s \u0027/galaxy/server/database/objects/_metadata_files/8/d/0/metadata_8d0776e4-9acb-425a-80b8-074667761848.dat\u0027 alignment.bam.bai \u0026\u0026   medaka inference --debug --threads ${GALAXY_SLOTS:-4} --batch_size 100 --chunk_len 10000 --chunk_ovlp 1000 --model r103_fast_g507    alignment.bam \u0027/galaxy/server/database/objects/4/1/9/dataset_4193b813-1d23-43ed-aacf-e19e6d799545.dat\u0027  2\u003e\u00261 | tee log.txt",  "command_version": "Traceback (most recent call last):\n  File \"/usr/local/bin/medaka\", line 7, in \u003cmodule\u003e\n    from medaka.medaka import main\n  File \"/usr/local/lib/python3.12/site-packages/medaka/medaka.py\", line 5, in \u003cmodule\u003e\n    import medaka.torch_ext\n  File \"/usr/local/lib/python3.12/site-packages/medaka/torch_ext.py\", line 16, in \u003cmodule\u003e\n    import medaka.common\n  File \"/usr/local/lib/python3.12/site-packages/medaka/common.py\", line 21, in \u003cmodule\u003e\n    import libmedaka\nModuleNotFoundError: No module named \u0027_cffi_backend\u0027",  "copied_from_job_id": null,  "create_time": "2026-01-29T01:28:53.504382",  "dependencies": [],  "exit_code": 1,  "external_id": "gxy-lxnsc",  "galaxy_version": "24.1",  "handler": null,  "history_id": "0d368c1d4068507e",  "id": "80ef279d43b588ea",  "inputs": {   "bam": {    "id": "66ccfada03e55822",    "src": "hda",    "uuid": "5e08eba8-b16d-4794-b903-cbfdef3575c2"   }  },  "job_messages": [   {    "code_desc": "",    "desc": "Fatal error: Exit code 1 ()",    "error_level": 3,    "exit_code": 1,    "type": "exit_code"   }  ],  "job_metrics": [   {    "name": "galaxy_slots",    "plugin": "core",    "raw_value": "4.0000000",    "title": "Cores Allocated",    "value": "4"   },   {    "name": "galaxy_memory_mb",    "plugin": "core",    "raw_value": "16428.0000000",    "title": "Memory Allocated (MB)",    "value": "16428"   },   {    "name": "start_epoch",    "plugin": "core",    "raw_value": "1769650174.0000000",    "title": "Job Start Time",    "value": "2026-01-29 01:29:34"   },   {    "name": "end_epoch",    "plugin": "core",    "raw_value": "1769650176.0000000",    "title": "Job End Time",    "value": "2026-01-29 01:29:36"   },   {    "name": "runtime_seconds",    "plugin": "core",    "raw_value": "2.0000000",    "title": "Job Runtime (Wall Clock)",    "value": "2 seconds"   }  ],  "job_runner_name": null,  "job_stderr": "",  "job_stdout": "",  "model_class": "Job",  "output_collections": {},  "outputs": {   "out_result": {    "id": "9b509fe56f44b49f",    "src": "hda",    "uuid": "4193b813-1d23-43ed-aacf-e19e6d799545"   }  },  "params": {   "RG": "\"\"",   "__input_ext": "\"input\"",   "batch_size": "\"100\"",   "check_output": "false",   "chromInfo": "\"/cvmfs/data.galaxyproject.org/managed/len/ucsc/?.len\"",   "chunk_len": "\"10000\"",   "chunk_ovlp": "\"1000\"",   "dbkey": "\"?\"",   "model": "\"r103_fast_g507\"",   "out": "\"result\"",   "regions_cond": "{\"__current_case__\": 0, \"regions_sel\": \"none\"}",   "save_features": "false",   "tag_keep_missing": "false",   "tag_name": "\"\"",   "tag_value": "\"\""  },  "state": "error",  "stderr": "",  "stdout": "",  "tool_id": "toolshed.g2.bx.psu.edu/repos/iuc/medaka_consensus/medaka_consensus/2.1.1+galaxy0",  "tool_stderr": "",  "tool_stdout": "",  "update_time": "2026-01-29T01:29:55.046420",  "user_email": "tests@fake.org" }, "output_problems": [  "Job in error state.. tool_id: toolshed.g2.bx.psu.edu/repos/iuc/medaka_consensus/medaka_consensus/2.1.1+galaxy0, exit_code: 1, stderr: .",  "Output out_result:  different than expected\nExpected file size of 26144+-0 found 0" ], "status": "failure", "test_index": 0, "time_seconds": 80.25334405899048, "tool_id": "medaka_consensus", "tool_version": "2.1.1+galaxy0"}
                ]]></error>
            
            <system-out><![CDATA[
            
            ]]></system-out>
            <system-err><![CDATA[
            
            ]]></system-err>
        
    </testcase>
    
    <testcase classname="medaka_consensus (Test #2)" name="1" time="34.20054626464844">
        
            
                <error type="error" message="Tool exit code: 1"><![CDATA[
                    { "inputs": {  "bam": {   "id": "be152608677d34f0",   "src": "hda"  },  "batch_size": "99",  "check_output": true,  "chunk_len": "9999",  "chunk_ovlp": "999",  "model": "r941_min_fast_g507",  "out": [   "result",   "log"  ],  "save_features": true,  "tag_keep_missing": true }, "job": {  "command_line": "ln -s \u0027/galaxy/server/database/objects/b/2/9/dataset_b29fe225-5da8-43df-bdd6-5b405aeb9b03.dat\u0027 alignment.bam \u0026\u0026 ln -s \u0027/galaxy/server/database/objects/_metadata_files/b/6/c/metadata_b6c958fb-1054-4b89-93fd-b19c6ef860dc.dat\u0027 alignment.bam.bai \u0026\u0026   medaka inference --debug --threads ${GALAXY_SLOTS:-4} --batch_size 99 --chunk_len 9999 --chunk_ovlp 999 --model r941_min_fast_g507 --check_output --save_features --tag_keep_missing alignment.bam \u0027/galaxy/server/database/objects/1/1/0/dataset_1109b185-2b5f-491f-b586-6fdac88a9265.dat\u0027  2\u003e\u00261 | tee log.txt",  "command_version": "Traceback (most recent call last):\n  File \"/usr/local/bin/medaka\", line 7, in \u003cmodule\u003e\n    from medaka.medaka import main\n  File \"/usr/local/lib/python3.12/site-packages/medaka/medaka.py\", line 5, in \u003cmodule\u003e\n    import medaka.torch_ext\n  File \"/usr/local/lib/python3.12/site-packages/medaka/torch_ext.py\", line 16, in \u003cmodule\u003e\n    import medaka.common\n  File \"/usr/local/lib/python3.12/site-packages/medaka/common.py\", line 21, in \u003cmodule\u003e\n    import libmedaka\nModuleNotFoundError: No module named \u0027_cffi_backend\u0027",  "copied_from_job_id": null,  "create_time": "2026-01-29T01:30:14.626844",  "dependencies": [],  "exit_code": 1,  "external_id": "gxy-hnkwk",  "galaxy_version": "24.1",  "handler": null,  "history_id": "0d368c1d4068507e",  "id": "92b9692190be5c0a",  "inputs": {   "bam": {    "id": "be152608677d34f0",    "src": "hda",    "uuid": "b29fe225-5da8-43df-bdd6-5b405aeb9b03"   }  },  "job_messages": [   {    "code_desc": "",    "desc": "Fatal error: Exit code 1 ()",    "error_level": 3,    "exit_code": 1,    "type": "exit_code"   }  ],  "job_metrics": [   {    "name": "galaxy_slots",    "plugin": "core",    "raw_value": "4.0000000",    "title": "Cores Allocated",    "value": "4"   },   {    "name": "galaxy_memory_mb",    "plugin": "core",    "raw_value": "16428.0000000",    "title": "Memory Allocated (MB)",    "value": "16428"   },   {    "name": "start_epoch",    "plugin": "core",    "raw_value": "1769650216.0000000",    "title": "Job Start Time",    "value": "2026-01-29 01:30:16"   },   {    "name": "end_epoch",    "plugin": "core",    "raw_value": "1769650218.0000000",    "title": "Job End Time",    "value": "2026-01-29 01:30:18"   },   {    "name": "runtime_seconds",    "plugin": "core",    "raw_value": "2.0000000",    "title": "Job Runtime (Wall Clock)",    "value": "2 seconds"   }  ],  "job_runner_name": null,  "job_stderr": "",  "job_stdout": "",  "model_class": "Job",  "output_collections": {},  "outputs": {   "out_log": {    "id": "bbcffa257b6305e6",    "src": "hda",    "uuid": "682633df-0d7f-49a3-881e-048067d51a39"   },   "out_result": {    "id": "d4a2a80174719393",    "src": "hda",    "uuid": "1109b185-2b5f-491f-b586-6fdac88a9265"   }  },  "params": {   "RG": "\"\"",   "__input_ext": "\"input\"",   "batch_size": "\"99\"",   "check_output": "true",   "chromInfo": "\"/cvmfs/data.galaxyproject.org/managed/len/ucsc/?.len\"",   "chunk_len": "\"9999\"",   "chunk_ovlp": "\"999\"",   "dbkey": "\"?\"",   "model": "\"r941_min_fast_g507\"",   "out": "[\"result\", \"log\"]",   "regions_cond": "{\"__current_case__\": 0, \"regions_sel\": \"none\"}",   "save_features": "true",   "tag_keep_missing": "true",   "tag_name": "\"\"",   "tag_value": "\"\""  },  "state": "error",  "stderr": "",  "stdout": "",  "tool_id": "toolshed.g2.bx.psu.edu/repos/iuc/medaka_consensus/medaka_consensus/2.1.1+galaxy0",  "tool_stderr": "",  "tool_stdout": "",  "update_time": "2026-01-29T01:30:29.203854",  "user_email": "tests@fake.org" }, "output_problems": [  "Job in error state.. tool_id: toolshed.g2.bx.psu.edu/repos/iuc/medaka_consensus/medaka_consensus/2.1.1+galaxy0, exit_code: 1, stderr: .",  "Output out_result:  different than expected\nExpected file size of 27104+-0 found 0",  "Output out_log:  different than expected\nExpected text matching expression \u0027.+Running prediction at full precision\u0027 in output (\u0027\u0027)" ], "status": "failure", "test_index": 1, "time_seconds": 34.20054626464844, "tool_id": "medaka_consensus", "tool_version": "2.1.1+galaxy0"}
                ]]></error>
            
            <system-out><![CDATA[
            
            ]]></system-out>
            <system-err><![CDATA[
            
            ]]></system-err>
        
    </testcase>
    
    <testcase classname="poretools_nucdist (Test #1)" name="0" time="64.22237920761108">
        
            
            <system-out><![CDATA[
            
            ]]></system-out>
            <system-err><![CDATA[
            
            ]]></system-err>
        
    </testcase>
    
    <testcase classname="poretools_nucdist (Test #2)" name="1" time="30.050697326660156">
        
            
            <system-out><![CDATA[
            
            ]]></system-out>
            <system-err><![CDATA[
            
            ]]></system-err>
        
    </testcase>
    
    <testcase classname="qualimap_multi_bamqc (Test #1)" name="0" time="47.55429005622864">
        
            <error type="error" message="Input staging problem: Traceback (most recent call last):
  File "/opt/hostedtoolcache/Python/3.12.12/x64/lib/python3.12/site-packages/galaxy/tool_util/verify/interactor.py", line 1466, in verify_tool
    stage_data_in_history(
  File "/opt/hostedtoolcache/Python/3.12.12/x64/lib/python3.12/site-packages/galaxy/tool_util/verify/interactor.py", line 175, in stage_data_in_history
    staging_interface.handle_jobs()
  File "/opt/hostedtoolcache/Python/3.12.12/x64/lib/python3.12/site-packages/galaxy/tool_util/verify/interactor.py", line 212, in handle_jobs
    self.galaxy_interactor.wait_for_job(job_response["id"], job_response["history_id"], self.maxseconds)
  File "/opt/hostedtoolcache/Python/3.12.12/x64/lib/python3.12/site-packages/galaxy/tool_util/verify/interactor.py", line 398, in wait_for_job
    self.wait_for(lambda: self.__job_ready(job_id, history_id), maxseconds=maxseconds)
  File "/opt/hostedtoolcache/Python/3.12.12/x64/lib/python3.12/site-packages/galaxy/tool_util/verify/interactor.py", line 402, in wait_for
    wait_on(func, what, walltime_exceeded)
  File "/opt/hostedtoolcache/Python/3.12.12/x64/lib/python3.12/site-packages/galaxy/tool_util/verify/wait.py", line 38, in wait_on
    value = function()
            ^^^^^^^^^^
  File "/opt/hostedtoolcache/Python/3.12.12/x64/lib/python3.12/site-packages/galaxy/tool_util/verify/interactor.py", line 398, in <lambda>
    self.wait_for(lambda: self.__job_ready(job_id, history_id), maxseconds=maxseconds)
                          ^^^^^^^^^^^^^^^^^^^^^^^^^^^^^^^^^^^^
  File "/opt/hostedtoolcache/Python/3.12.12/x64/lib/python3.12/site-packages/galaxy/tool_util/verify/interactor.py", line 751, in __job_ready
    return self._state_ready(job_id, error_msg="Job in error state.")
           ^^^^^^^^^^^^^^^^^^^^^^^^^^^^^^^^^^^^^^^^^^^^^^^^^^^^^^^^^^
  File "/opt/hostedtoolcache/Python/3.12.12/x64/lib/python3.12/site-packages/galaxy/tool_util/verify/interactor.py", line 847, in _state_ready
    raise Exception(
Exception: Job in error state.. tool_id: __DATA_FETCH__, exit_code: None, stderr: .
"><![CDATA[
                { "execution_problem": "Input staging problem: Traceback (most recent call last):\n  File \"/opt/hostedtoolcache/Python/3.12.12/x64/lib/python3.12/site-packages/galaxy/tool_util/verify/interactor.py\", line 1466, in verify_tool\n    stage_data_in_history(\n  File \"/opt/hostedtoolcache/Python/3.12.12/x64/lib/python3.12/site-packages/galaxy/tool_util/verify/interactor.py\", line 175, in stage_data_in_history\n    staging_interface.handle_jobs()\n  File \"/opt/hostedtoolcache/Python/3.12.12/x64/lib/python3.12/site-packages/galaxy/tool_util/verify/interactor.py\", line 212, in handle_jobs\n    self.galaxy_interactor.wait_for_job(job_response[\"id\"], job_response[\"history_id\"], self.maxseconds)\n  File \"/opt/hostedtoolcache/Python/3.12.12/x64/lib/python3.12/site-packages/galaxy/tool_util/verify/interactor.py\", line 398, in wait_for_job\n    self.wait_for(lambda: self.__job_ready(job_id, history_id), maxseconds=maxseconds)\n  File \"/opt/hostedtoolcache/Python/3.12.12/x64/lib/python3.12/site-packages/galaxy/tool_util/verify/interactor.py\", line 402, in wait_for\n    wait_on(func, what, walltime_exceeded)\n  File \"/opt/hostedtoolcache/Python/3.12.12/x64/lib/python3.12/site-packages/galaxy/tool_util/verify/wait.py\", line 38, in wait_on\n    value = function()\n            ^^^^^^^^^^\n  File \"/opt/hostedtoolcache/Python/3.12.12/x64/lib/python3.12/site-packages/galaxy/tool_util/verify/interactor.py\", line 398, in \u003clambda\u003e\n    self.wait_for(lambda: self.__job_ready(job_id, history_id), maxseconds=maxseconds)\n                          ^^^^^^^^^^^^^^^^^^^^^^^^^^^^^^^^^^^^\n  File \"/opt/hostedtoolcache/Python/3.12.12/x64/lib/python3.12/site-packages/galaxy/tool_util/verify/interactor.py\", line 751, in __job_ready\n    return self._state_ready(job_id, error_msg=\"Job in error state.\")\n           ^^^^^^^^^^^^^^^^^^^^^^^^^^^^^^^^^^^^^^^^^^^^^^^^^^^^^^^^^^\n  File \"/opt/hostedtoolcache/Python/3.12.12/x64/lib/python3.12/site-packages/galaxy/tool_util/verify/interactor.py\", line 847, in _state_ready\n    raise Exception(\nException: Job in error state.. tool_id: __DATA_FETCH__, exit_code: None, stderr: .\n", "status": "error", "test_index": 0, "time_seconds": 47.55429005622864, "tool_id": "qualimap_multi_bamqc", "tool_version": "2.3+galaxy0"}
            ]]></error>
        
    </testcase>
    
    <testcase classname="racon (Test #1)" name="0" time="20.207922220230103">
        
            <error type="error" message="Input staging problem: Traceback (most recent call last):
  File "/opt/hostedtoolcache/Python/3.12.12/x64/lib/python3.12/site-packages/galaxy/tool_util/verify/interactor.py", line 1466, in verify_tool
    stage_data_in_history(
  File "/opt/hostedtoolcache/Python/3.12.12/x64/lib/python3.12/site-packages/galaxy/tool_util/verify/interactor.py", line 175, in stage_data_in_history
    staging_interface.handle_jobs()
  File "/opt/hostedtoolcache/Python/3.12.12/x64/lib/python3.12/site-packages/galaxy/tool_util/verify/interactor.py", line 212, in handle_jobs
    self.galaxy_interactor.wait_for_job(job_response["id"], job_response["history_id"], self.maxseconds)
  File "/opt/hostedtoolcache/Python/3.12.12/x64/lib/python3.12/site-packages/galaxy/tool_util/verify/interactor.py", line 398, in wait_for_job
    self.wait_for(lambda: self.__job_ready(job_id, history_id), maxseconds=maxseconds)
  File "/opt/hostedtoolcache/Python/3.12.12/x64/lib/python3.12/site-packages/galaxy/tool_util/verify/interactor.py", line 402, in wait_for
    wait_on(func, what, walltime_exceeded)
  File "/opt/hostedtoolcache/Python/3.12.12/x64/lib/python3.12/site-packages/galaxy/tool_util/verify/wait.py", line 38, in wait_on
    value = function()
            ^^^^^^^^^^
  File "/opt/hostedtoolcache/Python/3.12.12/x64/lib/python3.12/site-packages/galaxy/tool_util/verify/interactor.py", line 398, in <lambda>
    self.wait_for(lambda: self.__job_ready(job_id, history_id), maxseconds=maxseconds)
                          ^^^^^^^^^^^^^^^^^^^^^^^^^^^^^^^^^^^^
  File "/opt/hostedtoolcache/Python/3.12.12/x64/lib/python3.12/site-packages/galaxy/tool_util/verify/interactor.py", line 751, in __job_ready
    return self._state_ready(job_id, error_msg="Job in error state.")
           ^^^^^^^^^^^^^^^^^^^^^^^^^^^^^^^^^^^^^^^^^^^^^^^^^^^^^^^^^^
  File "/opt/hostedtoolcache/Python/3.12.12/x64/lib/python3.12/site-packages/galaxy/tool_util/verify/interactor.py", line 847, in _state_ready
    raise Exception(
Exception: Job in error state.. tool_id: __DATA_FETCH__, exit_code: None, stderr: .
"><![CDATA[
                { "execution_problem": "Input staging problem: Traceback (most recent call last):\n  File \"/opt/hostedtoolcache/Python/3.12.12/x64/lib/python3.12/site-packages/galaxy/tool_util/verify/interactor.py\", line 1466, in verify_tool\n    stage_data_in_history(\n  File \"/opt/hostedtoolcache/Python/3.12.12/x64/lib/python3.12/site-packages/galaxy/tool_util/verify/interactor.py\", line 175, in stage_data_in_history\n    staging_interface.handle_jobs()\n  File \"/opt/hostedtoolcache/Python/3.12.12/x64/lib/python3.12/site-packages/galaxy/tool_util/verify/interactor.py\", line 212, in handle_jobs\n    self.galaxy_interactor.wait_for_job(job_response[\"id\"], job_response[\"history_id\"], self.maxseconds)\n  File \"/opt/hostedtoolcache/Python/3.12.12/x64/lib/python3.12/site-packages/galaxy/tool_util/verify/interactor.py\", line 398, in wait_for_job\n    self.wait_for(lambda: self.__job_ready(job_id, history_id), maxseconds=maxseconds)\n  File \"/opt/hostedtoolcache/Python/3.12.12/x64/lib/python3.12/site-packages/galaxy/tool_util/verify/interactor.py\", line 402, in wait_for\n    wait_on(func, what, walltime_exceeded)\n  File \"/opt/hostedtoolcache/Python/3.12.12/x64/lib/python3.12/site-packages/galaxy/tool_util/verify/wait.py\", line 38, in wait_on\n    value = function()\n            ^^^^^^^^^^\n  File \"/opt/hostedtoolcache/Python/3.12.12/x64/lib/python3.12/site-packages/galaxy/tool_util/verify/interactor.py\", line 398, in \u003clambda\u003e\n    self.wait_for(lambda: self.__job_ready(job_id, history_id), maxseconds=maxseconds)\n                          ^^^^^^^^^^^^^^^^^^^^^^^^^^^^^^^^^^^^\n  File \"/opt/hostedtoolcache/Python/3.12.12/x64/lib/python3.12/site-packages/galaxy/tool_util/verify/interactor.py\", line 751, in __job_ready\n    return self._state_ready(job_id, error_msg=\"Job in error state.\")\n           ^^^^^^^^^^^^^^^^^^^^^^^^^^^^^^^^^^^^^^^^^^^^^^^^^^^^^^^^^^\n  File \"/opt/hostedtoolcache/Python/3.12.12/x64/lib/python3.12/site-packages/galaxy/tool_util/verify/interactor.py\", line 847, in _state_ready\n    raise Exception(\nException: Job in error state.. tool_id: __DATA_FETCH__, exit_code: None, stderr: .\n", "status": "error", "test_index": 0, "time_seconds": 20.207922220230103, "tool_id": "racon", "tool_version": "1.5.0+galaxy1"}
            ]]></error>
        
    </testcase>
    
    <testcase classname="racon (Test #2)" name="1" time="20.725163459777832">
        
            <error type="error" message="Input staging problem: Traceback (most recent call last):
  File "/opt/hostedtoolcache/Python/3.12.12/x64/lib/python3.12/site-packages/galaxy/tool_util/verify/interactor.py", line 1466, in verify_tool
    stage_data_in_history(
  File "/opt/hostedtoolcache/Python/3.12.12/x64/lib/python3.12/site-packages/galaxy/tool_util/verify/interactor.py", line 175, in stage_data_in_history
    staging_interface.handle_jobs()
  File "/opt/hostedtoolcache/Python/3.12.12/x64/lib/python3.12/site-packages/galaxy/tool_util/verify/interactor.py", line 212, in handle_jobs
    self.galaxy_interactor.wait_for_job(job_response["id"], job_response["history_id"], self.maxseconds)
  File "/opt/hostedtoolcache/Python/3.12.12/x64/lib/python3.12/site-packages/galaxy/tool_util/verify/interactor.py", line 398, in wait_for_job
    self.wait_for(lambda: self.__job_ready(job_id, history_id), maxseconds=maxseconds)
  File "/opt/hostedtoolcache/Python/3.12.12/x64/lib/python3.12/site-packages/galaxy/tool_util/verify/interactor.py", line 402, in wait_for
    wait_on(func, what, walltime_exceeded)
  File "/opt/hostedtoolcache/Python/3.12.12/x64/lib/python3.12/site-packages/galaxy/tool_util/verify/wait.py", line 38, in wait_on
    value = function()
            ^^^^^^^^^^
  File "/opt/hostedtoolcache/Python/3.12.12/x64/lib/python3.12/site-packages/galaxy/tool_util/verify/interactor.py", line 398, in <lambda>
    self.wait_for(lambda: self.__job_ready(job_id, history_id), maxseconds=maxseconds)
                          ^^^^^^^^^^^^^^^^^^^^^^^^^^^^^^^^^^^^
  File "/opt/hostedtoolcache/Python/3.12.12/x64/lib/python3.12/site-packages/galaxy/tool_util/verify/interactor.py", line 751, in __job_ready
    return self._state_ready(job_id, error_msg="Job in error state.")
           ^^^^^^^^^^^^^^^^^^^^^^^^^^^^^^^^^^^^^^^^^^^^^^^^^^^^^^^^^^
  File "/opt/hostedtoolcache/Python/3.12.12/x64/lib/python3.12/site-packages/galaxy/tool_util/verify/interactor.py", line 847, in _state_ready
    raise Exception(
Exception: Job in error state.. tool_id: __DATA_FETCH__, exit_code: None, stderr: .
"><![CDATA[
                { "execution_problem": "Input staging problem: Traceback (most recent call last):\n  File \"/opt/hostedtoolcache/Python/3.12.12/x64/lib/python3.12/site-packages/galaxy/tool_util/verify/interactor.py\", line 1466, in verify_tool\n    stage_data_in_history(\n  File \"/opt/hostedtoolcache/Python/3.12.12/x64/lib/python3.12/site-packages/galaxy/tool_util/verify/interactor.py\", line 175, in stage_data_in_history\n    staging_interface.handle_jobs()\n  File \"/opt/hostedtoolcache/Python/3.12.12/x64/lib/python3.12/site-packages/galaxy/tool_util/verify/interactor.py\", line 212, in handle_jobs\n    self.galaxy_interactor.wait_for_job(job_response[\"id\"], job_response[\"history_id\"], self.maxseconds)\n  File \"/opt/hostedtoolcache/Python/3.12.12/x64/lib/python3.12/site-packages/galaxy/tool_util/verify/interactor.py\", line 398, in wait_for_job\n    self.wait_for(lambda: self.__job_ready(job_id, history_id), maxseconds=maxseconds)\n  File \"/opt/hostedtoolcache/Python/3.12.12/x64/lib/python3.12/site-packages/galaxy/tool_util/verify/interactor.py\", line 402, in wait_for\n    wait_on(func, what, walltime_exceeded)\n  File \"/opt/hostedtoolcache/Python/3.12.12/x64/lib/python3.12/site-packages/galaxy/tool_util/verify/wait.py\", line 38, in wait_on\n    value = function()\n            ^^^^^^^^^^\n  File \"/opt/hostedtoolcache/Python/3.12.12/x64/lib/python3.12/site-packages/galaxy/tool_util/verify/interactor.py\", line 398, in \u003clambda\u003e\n    self.wait_for(lambda: self.__job_ready(job_id, history_id), maxseconds=maxseconds)\n                          ^^^^^^^^^^^^^^^^^^^^^^^^^^^^^^^^^^^^\n  File \"/opt/hostedtoolcache/Python/3.12.12/x64/lib/python3.12/site-packages/galaxy/tool_util/verify/interactor.py\", line 751, in __job_ready\n    return self._state_ready(job_id, error_msg=\"Job in error state.\")\n           ^^^^^^^^^^^^^^^^^^^^^^^^^^^^^^^^^^^^^^^^^^^^^^^^^^^^^^^^^^\n  File \"/opt/hostedtoolcache/Python/3.12.12/x64/lib/python3.12/site-packages/galaxy/tool_util/verify/interactor.py\", line 847, in _state_ready\n    raise Exception(\nException: Job in error state.. tool_id: __DATA_FETCH__, exit_code: None, stderr: .\n", "status": "error", "test_index": 1, "time_seconds": 20.725163459777832, "tool_id": "racon", "tool_version": "1.5.0+galaxy1"}
            ]]></error>
        
    </testcase>
    
    <testcase classname="racon (Test #3)" name="2" time="44.84446954727173">
        
            
            <system-out><![CDATA[
            
            ]]></system-out>
            <system-err><![CDATA[
            [racon::Polisher::initialize] loaded target sequences 0.001159 s[racon::Polisher::initialize] loaded sequences 0.009299 s[racon::Polisher::initialize] loaded overlaps 0.009686 s[racon::Polisher::initialize] aligning overlaps [=>                  ] 0.001744 s[racon::Polisher::initialize] aligning overlaps [==>                 ] 0.001825 s[racon::Polisher::initialize] aligning overlaps [===>                ] 0.001981 s[racon::Polisher::initialize] aligning overlaps [====>               ] 0.002028 s[racon::Polisher::initialize] aligning overlaps [=====>              ] 0.002057 s[racon::Polisher::initialize] aligning overlaps [======>             ] 0.002156 s[racon::Polisher::initialize] aligning overlaps [=======>            ] 0.002232 s[racon::Polisher::initialize] aligning overlaps [========>           ] 0.002263 s[racon::Polisher::initialize] aligning overlaps [=========>          ] 0.002329 s[racon::Polisher::initialize] aligning overlaps [==========>         ] 0.002465 s[racon::Polisher::initialize] aligning overlaps [===========>        ] 0.002474 s[racon::Polisher::initialize] aligning overlaps [============>       ] 0.002626 s[racon::Polisher::initialize] aligning overlaps [=============>      ] 0.002693 s[racon::Polisher::initialize] aligning overlaps [==============>     ] 0.002842 s[racon::Polisher::initialize] aligning overlaps [===============>    ] 0.002851 s[racon::Polisher::initialize] aligning overlaps [================>   ] 0.002860 s[racon::Polisher::initialize] aligning overlaps [=================>  ] 0.002869 s[racon::Polisher::initialize] aligning overlaps [==================> ] 0.002880 s[racon::Polisher::initialize] aligning overlaps [===================>] 0.002890 s[racon::Polisher::initialize] aligning overlaps [====================] 0.002923 s[racon::Polisher::initialize] transformed data into windows 0.000344 s[racon::Polisher::polish] generating consensus [=>                  ] 0.017622 s[racon::Polisher::polish] generating consensus [==>                 ] 0.021075 s[racon::Polisher::polish] generating consensus [===>                ] 0.036270 s[racon::Polisher::polish] generating consensus [====>               ] 0.036325 s[racon::Polisher::polish] generating consensus [=====>              ] 0.043366 s[racon::Polisher::polish] generating consensus [======>             ] 0.043395 s[racon::Polisher::polish] generating consensus [=======>            ] 0.053929 s[racon::Polisher::polish] generating consensus [========>           ] 0.054044 s[racon::Polisher::polish] generating consensus [=========>          ] 0.064006 s[racon::Polisher::polish] generating consensus [==========>         ] 0.071861 s[racon::Polisher::polish] generating consensus [===========>        ] 0.086290 s[racon::Polisher::polish] generating consensus [============>       ] 0.092684 s[racon::Polisher::polish] generating consensus [=============>      ] 0.116200 s[racon::Polisher::polish] generating consensus [==============>     ] 0.123265 s[racon::Polisher::polish] generating consensus [===============>    ] 0.142550 s[racon::Polisher::polish] generating consensus [================>   ] 0.147169 s[racon::Polisher::polish] generating consensus [=================>  ] 0.166591 s[racon::Polisher::polish] generating consensus [==================> ] 0.166642 s[racon::Polisher::polish] generating consensus [===================>] 0.180300 s[racon::Polisher::polish] generating consensus [====================] 0.203896 s[racon::Polisher::] total = 0.231509 s
            ]]></system-err>
        
    </testcase>
    
    <testcase classname="samtools_sort (Test #1)" name="0" time="0.0942528247833252">
        
            <error type="error" message="Input staging problem: Traceback (most recent call last):
  File "/opt/hostedtoolcache/Python/3.12.12/x64/lib/python3.12/site-packages/galaxy/tool_util/verify/interactor.py", line 1466, in verify_tool
    stage_data_in_history(
  File "/opt/hostedtoolcache/Python/3.12.12/x64/lib/python3.12/site-packages/galaxy/tool_util/verify/interactor.py", line 163, in stage_data_in_history
    test_dict = galaxy_interactor.remote_to_input(
                ^^^^^^^^^^^^^^^^^^^^^^^^^^^^^^^^^^
  File "/opt/hostedtoolcache/Python/3.12.12/x64/lib/python3.12/site-packages/galaxy/tool_util/verify/interactor.py", line 581, in remote_to_input
    path_or_location = self._get_path_or_location(
                       ^^^^^^^^^^^^^^^^^^^^^^^^^^^
  File "/opt/hostedtoolcache/Python/3.12.12/x64/lib/python3.12/site-packages/galaxy/tool_util/verify/interactor.py", line 618, in _get_path_or_location
    path = self.test_data_download(
           ^^^^^^^^^^^^^^^^^^^^^^^^
  File "/opt/hostedtoolcache/Python/3.12.12/x64/lib/python3.12/site-packages/galaxy/tool_util/verify/interactor.py", line 524, in test_data_download
    raise AssertionError(f"Test input file ({filename}) cannot be found.")
AssertionError: Test input file (test_input_1_a.bam) cannot be found.
"><![CDATA[
                { "execution_problem": "Input staging problem: Traceback (most recent call last):\n  File \"/opt/hostedtoolcache/Python/3.12.12/x64/lib/python3.12/site-packages/galaxy/tool_util/verify/interactor.py\", line 1466, in verify_tool\n    stage_data_in_history(\n  File \"/opt/hostedtoolcache/Python/3.12.12/x64/lib/python3.12/site-packages/galaxy/tool_util/verify/interactor.py\", line 163, in stage_data_in_history\n    test_dict = galaxy_interactor.remote_to_input(\n                ^^^^^^^^^^^^^^^^^^^^^^^^^^^^^^^^^^\n  File \"/opt/hostedtoolcache/Python/3.12.12/x64/lib/python3.12/site-packages/galaxy/tool_util/verify/interactor.py\", line 581, in remote_to_input\n    path_or_location = self._get_path_or_location(\n                       ^^^^^^^^^^^^^^^^^^^^^^^^^^^\n  File \"/opt/hostedtoolcache/Python/3.12.12/x64/lib/python3.12/site-packages/galaxy/tool_util/verify/interactor.py\", line 618, in _get_path_or_location\n    path = self.test_data_download(\n           ^^^^^^^^^^^^^^^^^^^^^^^^\n  File \"/opt/hostedtoolcache/Python/3.12.12/x64/lib/python3.12/site-packages/galaxy/tool_util/verify/interactor.py\", line 524, in test_data_download\n    raise AssertionError(f\"Test input file ({filename}) cannot be found.\")\nAssertionError: Test input file (test_input_1_a.bam) cannot be found.\n", "status": "error", "test_index": 0, "time_seconds": 0.0942528247833252, "tool_id": "samtools_sort", "tool_version": "2.0.8"}
            ]]></error>
        
    </testcase>
    
    <testcase classname="samtools_sort (Test #2)" name="1" time="0.05069684982299805">
        
            <error type="error" message="Input staging problem: Traceback (most recent call last):
  File "/opt/hostedtoolcache/Python/3.12.12/x64/lib/python3.12/site-packages/galaxy/tool_util/verify/interactor.py", line 1466, in verify_tool
    stage_data_in_history(
  File "/opt/hostedtoolcache/Python/3.12.12/x64/lib/python3.12/site-packages/galaxy/tool_util/verify/interactor.py", line 163, in stage_data_in_history
    test_dict = galaxy_interactor.remote_to_input(
                ^^^^^^^^^^^^^^^^^^^^^^^^^^^^^^^^^^
  File "/opt/hostedtoolcache/Python/3.12.12/x64/lib/python3.12/site-packages/galaxy/tool_util/verify/interactor.py", line 581, in remote_to_input
    path_or_location = self._get_path_or_location(
                       ^^^^^^^^^^^^^^^^^^^^^^^^^^^
  File "/opt/hostedtoolcache/Python/3.12.12/x64/lib/python3.12/site-packages/galaxy/tool_util/verify/interactor.py", line 618, in _get_path_or_location
    path = self.test_data_download(
           ^^^^^^^^^^^^^^^^^^^^^^^^
  File "/opt/hostedtoolcache/Python/3.12.12/x64/lib/python3.12/site-packages/galaxy/tool_util/verify/interactor.py", line 524, in test_data_download
    raise AssertionError(f"Test input file ({filename}) cannot be found.")
AssertionError: Test input file (test_input_1_a.bam) cannot be found.
"><![CDATA[
                { "execution_problem": "Input staging problem: Traceback (most recent call last):\n  File \"/opt/hostedtoolcache/Python/3.12.12/x64/lib/python3.12/site-packages/galaxy/tool_util/verify/interactor.py\", line 1466, in verify_tool\n    stage_data_in_history(\n  File \"/opt/hostedtoolcache/Python/3.12.12/x64/lib/python3.12/site-packages/galaxy/tool_util/verify/interactor.py\", line 163, in stage_data_in_history\n    test_dict = galaxy_interactor.remote_to_input(\n                ^^^^^^^^^^^^^^^^^^^^^^^^^^^^^^^^^^\n  File \"/opt/hostedtoolcache/Python/3.12.12/x64/lib/python3.12/site-packages/galaxy/tool_util/verify/interactor.py\", line 581, in remote_to_input\n    path_or_location = self._get_path_or_location(\n                       ^^^^^^^^^^^^^^^^^^^^^^^^^^^\n  File \"/opt/hostedtoolcache/Python/3.12.12/x64/lib/python3.12/site-packages/galaxy/tool_util/verify/interactor.py\", line 618, in _get_path_or_location\n    path = self.test_data_download(\n           ^^^^^^^^^^^^^^^^^^^^^^^^\n  File \"/opt/hostedtoolcache/Python/3.12.12/x64/lib/python3.12/site-packages/galaxy/tool_util/verify/interactor.py\", line 524, in test_data_download\n    raise AssertionError(f\"Test input file ({filename}) cannot be found.\")\nAssertionError: Test input file (test_input_1_a.bam) cannot be found.\n", "status": "error", "test_index": 1, "time_seconds": 0.05069684982299805, "tool_id": "samtools_sort", "tool_version": "2.0.8"}
            ]]></error>
        
    </testcase>
    
    <testcase classname="samtools_sort (Test #3)" name="2" time="0.05116534233093262">
        
            <error type="error" message="Input staging problem: Traceback (most recent call last):
  File "/opt/hostedtoolcache/Python/3.12.12/x64/lib/python3.12/site-packages/galaxy/tool_util/verify/interactor.py", line 1466, in verify_tool
    stage_data_in_history(
  File "/opt/hostedtoolcache/Python/3.12.12/x64/lib/python3.12/site-packages/galaxy/tool_util/verify/interactor.py", line 163, in stage_data_in_history
    test_dict = galaxy_interactor.remote_to_input(
                ^^^^^^^^^^^^^^^^^^^^^^^^^^^^^^^^^^
  File "/opt/hostedtoolcache/Python/3.12.12/x64/lib/python3.12/site-packages/galaxy/tool_util/verify/interactor.py", line 581, in remote_to_input
    path_or_location = self._get_path_or_location(
                       ^^^^^^^^^^^^^^^^^^^^^^^^^^^
  File "/opt/hostedtoolcache/Python/3.12.12/x64/lib/python3.12/site-packages/galaxy/tool_util/verify/interactor.py", line 618, in _get_path_or_location
    path = self.test_data_download(
           ^^^^^^^^^^^^^^^^^^^^^^^^
  File "/opt/hostedtoolcache/Python/3.12.12/x64/lib/python3.12/site-packages/galaxy/tool_util/verify/interactor.py", line 524, in test_data_download
    raise AssertionError(f"Test input file ({filename}) cannot be found.")
AssertionError: Test input file (test_input_1_a.bam) cannot be found.
"><![CDATA[
                { "execution_problem": "Input staging problem: Traceback (most recent call last):\n  File \"/opt/hostedtoolcache/Python/3.12.12/x64/lib/python3.12/site-packages/galaxy/tool_util/verify/interactor.py\", line 1466, in verify_tool\n    stage_data_in_history(\n  File \"/opt/hostedtoolcache/Python/3.12.12/x64/lib/python3.12/site-packages/galaxy/tool_util/verify/interactor.py\", line 163, in stage_data_in_history\n    test_dict = galaxy_interactor.remote_to_input(\n                ^^^^^^^^^^^^^^^^^^^^^^^^^^^^^^^^^^\n  File \"/opt/hostedtoolcache/Python/3.12.12/x64/lib/python3.12/site-packages/galaxy/tool_util/verify/interactor.py\", line 581, in remote_to_input\n    path_or_location = self._get_path_or_location(\n                       ^^^^^^^^^^^^^^^^^^^^^^^^^^^\n  File \"/opt/hostedtoolcache/Python/3.12.12/x64/lib/python3.12/site-packages/galaxy/tool_util/verify/interactor.py\", line 618, in _get_path_or_location\n    path = self.test_data_download(\n           ^^^^^^^^^^^^^^^^^^^^^^^^\n  File \"/opt/hostedtoolcache/Python/3.12.12/x64/lib/python3.12/site-packages/galaxy/tool_util/verify/interactor.py\", line 524, in test_data_download\n    raise AssertionError(f\"Test input file ({filename}) cannot be found.\")\nAssertionError: Test input file (test_input_1_a.bam) cannot be found.\n", "status": "error", "test_index": 2, "time_seconds": 0.05116534233093262, "tool_id": "samtools_sort", "tool_version": "2.0.8"}
            ]]></error>
        
    </testcase>
    
    <testcase classname="samtools_sort (Test #4)" name="3" time="0.05063962936401367">
        
            <error type="error" message="Input staging problem: Traceback (most recent call last):
  File "/opt/hostedtoolcache/Python/3.12.12/x64/lib/python3.12/site-packages/galaxy/tool_util/verify/interactor.py", line 1466, in verify_tool
    stage_data_in_history(
  File "/opt/hostedtoolcache/Python/3.12.12/x64/lib/python3.12/site-packages/galaxy/tool_util/verify/interactor.py", line 163, in stage_data_in_history
    test_dict = galaxy_interactor.remote_to_input(
                ^^^^^^^^^^^^^^^^^^^^^^^^^^^^^^^^^^
  File "/opt/hostedtoolcache/Python/3.12.12/x64/lib/python3.12/site-packages/galaxy/tool_util/verify/interactor.py", line 581, in remote_to_input
    path_or_location = self._get_path_or_location(
                       ^^^^^^^^^^^^^^^^^^^^^^^^^^^
  File "/opt/hostedtoolcache/Python/3.12.12/x64/lib/python3.12/site-packages/galaxy/tool_util/verify/interactor.py", line 618, in _get_path_or_location
    path = self.test_data_download(
           ^^^^^^^^^^^^^^^^^^^^^^^^
  File "/opt/hostedtoolcache/Python/3.12.12/x64/lib/python3.12/site-packages/galaxy/tool_util/verify/interactor.py", line 524, in test_data_download
    raise AssertionError(f"Test input file ({filename}) cannot be found.")
AssertionError: Test input file (test_input_1_a.bam) cannot be found.
"><![CDATA[
                { "execution_problem": "Input staging problem: Traceback (most recent call last):\n  File \"/opt/hostedtoolcache/Python/3.12.12/x64/lib/python3.12/site-packages/galaxy/tool_util/verify/interactor.py\", line 1466, in verify_tool\n    stage_data_in_history(\n  File \"/opt/hostedtoolcache/Python/3.12.12/x64/lib/python3.12/site-packages/galaxy/tool_util/verify/interactor.py\", line 163, in stage_data_in_history\n    test_dict = galaxy_interactor.remote_to_input(\n                ^^^^^^^^^^^^^^^^^^^^^^^^^^^^^^^^^^\n  File \"/opt/hostedtoolcache/Python/3.12.12/x64/lib/python3.12/site-packages/galaxy/tool_util/verify/interactor.py\", line 581, in remote_to_input\n    path_or_location = self._get_path_or_location(\n                       ^^^^^^^^^^^^^^^^^^^^^^^^^^^\n  File \"/opt/hostedtoolcache/Python/3.12.12/x64/lib/python3.12/site-packages/galaxy/tool_util/verify/interactor.py\", line 618, in _get_path_or_location\n    path = self.test_data_download(\n           ^^^^^^^^^^^^^^^^^^^^^^^^\n  File \"/opt/hostedtoolcache/Python/3.12.12/x64/lib/python3.12/site-packages/galaxy/tool_util/verify/interactor.py\", line 524, in test_data_download\n    raise AssertionError(f\"Test input file ({filename}) cannot be found.\")\nAssertionError: Test input file (test_input_1_a.bam) cannot be found.\n", "status": "error", "test_index": 3, "time_seconds": 0.05063962936401367, "tool_id": "samtools_sort", "tool_version": "2.0.8"}
            ]]></error>
        
    </testcase>
    
    <testcase classname="samtools_sort (Test #5)" name="4" time="0.051963090896606445">
        
            <error type="error" message="Input staging problem: Traceback (most recent call last):
  File "/opt/hostedtoolcache/Python/3.12.12/x64/lib/python3.12/site-packages/galaxy/tool_util/verify/interactor.py", line 1466, in verify_tool
    stage_data_in_history(
  File "/opt/hostedtoolcache/Python/3.12.12/x64/lib/python3.12/site-packages/galaxy/tool_util/verify/interactor.py", line 163, in stage_data_in_history
    test_dict = galaxy_interactor.remote_to_input(
                ^^^^^^^^^^^^^^^^^^^^^^^^^^^^^^^^^^
  File "/opt/hostedtoolcache/Python/3.12.12/x64/lib/python3.12/site-packages/galaxy/tool_util/verify/interactor.py", line 581, in remote_to_input
    path_or_location = self._get_path_or_location(
                       ^^^^^^^^^^^^^^^^^^^^^^^^^^^
  File "/opt/hostedtoolcache/Python/3.12.12/x64/lib/python3.12/site-packages/galaxy/tool_util/verify/interactor.py", line 618, in _get_path_or_location
    path = self.test_data_download(
           ^^^^^^^^^^^^^^^^^^^^^^^^
  File "/opt/hostedtoolcache/Python/3.12.12/x64/lib/python3.12/site-packages/galaxy/tool_util/verify/interactor.py", line 524, in test_data_download
    raise AssertionError(f"Test input file ({filename}) cannot be found.")
AssertionError: Test input file (test_input_1_a.bam) cannot be found.
"><![CDATA[
                { "execution_problem": "Input staging problem: Traceback (most recent call last):\n  File \"/opt/hostedtoolcache/Python/3.12.12/x64/lib/python3.12/site-packages/galaxy/tool_util/verify/interactor.py\", line 1466, in verify_tool\n    stage_data_in_history(\n  File \"/opt/hostedtoolcache/Python/3.12.12/x64/lib/python3.12/site-packages/galaxy/tool_util/verify/interactor.py\", line 163, in stage_data_in_history\n    test_dict = galaxy_interactor.remote_to_input(\n                ^^^^^^^^^^^^^^^^^^^^^^^^^^^^^^^^^^\n  File \"/opt/hostedtoolcache/Python/3.12.12/x64/lib/python3.12/site-packages/galaxy/tool_util/verify/interactor.py\", line 581, in remote_to_input\n    path_or_location = self._get_path_or_location(\n                       ^^^^^^^^^^^^^^^^^^^^^^^^^^^\n  File \"/opt/hostedtoolcache/Python/3.12.12/x64/lib/python3.12/site-packages/galaxy/tool_util/verify/interactor.py\", line 618, in _get_path_or_location\n    path = self.test_data_download(\n           ^^^^^^^^^^^^^^^^^^^^^^^^\n  File \"/opt/hostedtoolcache/Python/3.12.12/x64/lib/python3.12/site-packages/galaxy/tool_util/verify/interactor.py\", line 524, in test_data_download\n    raise AssertionError(f\"Test input file ({filename}) cannot be found.\")\nAssertionError: Test input file (test_input_1_a.bam) cannot be found.\n", "status": "error", "test_index": 4, "time_seconds": 0.051963090896606445, "tool_id": "samtools_sort", "tool_version": "2.0.8"}
            ]]></error>
        
    </testcase>
    
    <testcase classname="samtools_sort (Test #6)" name="5" time="0.052071332931518555">
        
            <error type="error" message="Input staging problem: Traceback (most recent call last):
  File "/opt/hostedtoolcache/Python/3.12.12/x64/lib/python3.12/site-packages/galaxy/tool_util/verify/interactor.py", line 1466, in verify_tool
    stage_data_in_history(
  File "/opt/hostedtoolcache/Python/3.12.12/x64/lib/python3.12/site-packages/galaxy/tool_util/verify/interactor.py", line 163, in stage_data_in_history
    test_dict = galaxy_interactor.remote_to_input(
                ^^^^^^^^^^^^^^^^^^^^^^^^^^^^^^^^^^
  File "/opt/hostedtoolcache/Python/3.12.12/x64/lib/python3.12/site-packages/galaxy/tool_util/verify/interactor.py", line 581, in remote_to_input
    path_or_location = self._get_path_or_location(
                       ^^^^^^^^^^^^^^^^^^^^^^^^^^^
  File "/opt/hostedtoolcache/Python/3.12.12/x64/lib/python3.12/site-packages/galaxy/tool_util/verify/interactor.py", line 618, in _get_path_or_location
    path = self.test_data_download(
           ^^^^^^^^^^^^^^^^^^^^^^^^
  File "/opt/hostedtoolcache/Python/3.12.12/x64/lib/python3.12/site-packages/galaxy/tool_util/verify/interactor.py", line 524, in test_data_download
    raise AssertionError(f"Test input file ({filename}) cannot be found.")
AssertionError: Test input file (test_input_1_a.bam) cannot be found.
"><![CDATA[
                { "execution_problem": "Input staging problem: Traceback (most recent call last):\n  File \"/opt/hostedtoolcache/Python/3.12.12/x64/lib/python3.12/site-packages/galaxy/tool_util/verify/interactor.py\", line 1466, in verify_tool\n    stage_data_in_history(\n  File \"/opt/hostedtoolcache/Python/3.12.12/x64/lib/python3.12/site-packages/galaxy/tool_util/verify/interactor.py\", line 163, in stage_data_in_history\n    test_dict = galaxy_interactor.remote_to_input(\n                ^^^^^^^^^^^^^^^^^^^^^^^^^^^^^^^^^^\n  File \"/opt/hostedtoolcache/Python/3.12.12/x64/lib/python3.12/site-packages/galaxy/tool_util/verify/interactor.py\", line 581, in remote_to_input\n    path_or_location = self._get_path_or_location(\n                       ^^^^^^^^^^^^^^^^^^^^^^^^^^^\n  File \"/opt/hostedtoolcache/Python/3.12.12/x64/lib/python3.12/site-packages/galaxy/tool_util/verify/interactor.py\", line 618, in _get_path_or_location\n    path = self.test_data_download(\n           ^^^^^^^^^^^^^^^^^^^^^^^^\n  File \"/opt/hostedtoolcache/Python/3.12.12/x64/lib/python3.12/site-packages/galaxy/tool_util/verify/interactor.py\", line 524, in test_data_download\n    raise AssertionError(f\"Test input file ({filename}) cannot be found.\")\nAssertionError: Test input file (test_input_1_a.bam) cannot be found.\n", "status": "error", "test_index": 5, "time_seconds": 0.052071332931518555, "tool_id": "samtools_sort", "tool_version": "2.0.8"}
            ]]></error>
        
    </testcase>
    
    <testcase classname="samtools_sort (Test #7)" name="6" time="0.050661325454711914">
        
            <error type="error" message="Input staging problem: Traceback (most recent call last):
  File "/opt/hostedtoolcache/Python/3.12.12/x64/lib/python3.12/site-packages/galaxy/tool_util/verify/interactor.py", line 1466, in verify_tool
    stage_data_in_history(
  File "/opt/hostedtoolcache/Python/3.12.12/x64/lib/python3.12/site-packages/galaxy/tool_util/verify/interactor.py", line 163, in stage_data_in_history
    test_dict = galaxy_interactor.remote_to_input(
                ^^^^^^^^^^^^^^^^^^^^^^^^^^^^^^^^^^
  File "/opt/hostedtoolcache/Python/3.12.12/x64/lib/python3.12/site-packages/galaxy/tool_util/verify/interactor.py", line 581, in remote_to_input
    path_or_location = self._get_path_or_location(
                       ^^^^^^^^^^^^^^^^^^^^^^^^^^^
  File "/opt/hostedtoolcache/Python/3.12.12/x64/lib/python3.12/site-packages/galaxy/tool_util/verify/interactor.py", line 618, in _get_path_or_location
    path = self.test_data_download(
           ^^^^^^^^^^^^^^^^^^^^^^^^
  File "/opt/hostedtoolcache/Python/3.12.12/x64/lib/python3.12/site-packages/galaxy/tool_util/verify/interactor.py", line 524, in test_data_download
    raise AssertionError(f"Test input file ({filename}) cannot be found.")
AssertionError: Test input file (1.bam) cannot be found.
"><![CDATA[
                { "execution_problem": "Input staging problem: Traceback (most recent call last):\n  File \"/opt/hostedtoolcache/Python/3.12.12/x64/lib/python3.12/site-packages/galaxy/tool_util/verify/interactor.py\", line 1466, in verify_tool\n    stage_data_in_history(\n  File \"/opt/hostedtoolcache/Python/3.12.12/x64/lib/python3.12/site-packages/galaxy/tool_util/verify/interactor.py\", line 163, in stage_data_in_history\n    test_dict = galaxy_interactor.remote_to_input(\n                ^^^^^^^^^^^^^^^^^^^^^^^^^^^^^^^^^^\n  File \"/opt/hostedtoolcache/Python/3.12.12/x64/lib/python3.12/site-packages/galaxy/tool_util/verify/interactor.py\", line 581, in remote_to_input\n    path_or_location = self._get_path_or_location(\n                       ^^^^^^^^^^^^^^^^^^^^^^^^^^^\n  File \"/opt/hostedtoolcache/Python/3.12.12/x64/lib/python3.12/site-packages/galaxy/tool_util/verify/interactor.py\", line 618, in _get_path_or_location\n    path = self.test_data_download(\n           ^^^^^^^^^^^^^^^^^^^^^^^^\n  File \"/opt/hostedtoolcache/Python/3.12.12/x64/lib/python3.12/site-packages/galaxy/tool_util/verify/interactor.py\", line 524, in test_data_download\n    raise AssertionError(f\"Test input file ({filename}) cannot be found.\")\nAssertionError: Test input file (1.bam) cannot be found.\n", "status": "error", "test_index": 6, "time_seconds": 0.050661325454711914, "tool_id": "samtools_sort", "tool_version": "2.0.8"}
            ]]></error>
        
    </testcase>
    
    <testcase classname="samtools_sort (Test #8)" name="7" time="0.050511837005615234">
        
            <error type="error" message="Input staging problem: Traceback (most recent call last):
  File "/opt/hostedtoolcache/Python/3.12.12/x64/lib/python3.12/site-packages/galaxy/tool_util/verify/interactor.py", line 1466, in verify_tool
    stage_data_in_history(
  File "/opt/hostedtoolcache/Python/3.12.12/x64/lib/python3.12/site-packages/galaxy/tool_util/verify/interactor.py", line 163, in stage_data_in_history
    test_dict = galaxy_interactor.remote_to_input(
                ^^^^^^^^^^^^^^^^^^^^^^^^^^^^^^^^^^
  File "/opt/hostedtoolcache/Python/3.12.12/x64/lib/python3.12/site-packages/galaxy/tool_util/verify/interactor.py", line 581, in remote_to_input
    path_or_location = self._get_path_or_location(
                       ^^^^^^^^^^^^^^^^^^^^^^^^^^^
  File "/opt/hostedtoolcache/Python/3.12.12/x64/lib/python3.12/site-packages/galaxy/tool_util/verify/interactor.py", line 618, in _get_path_or_location
    path = self.test_data_download(
           ^^^^^^^^^^^^^^^^^^^^^^^^
  File "/opt/hostedtoolcache/Python/3.12.12/x64/lib/python3.12/site-packages/galaxy/tool_util/verify/interactor.py", line 524, in test_data_download
    raise AssertionError(f"Test input file ({filename}) cannot be found.")
AssertionError: Test input file (1.bam) cannot be found.
"><![CDATA[
                { "execution_problem": "Input staging problem: Traceback (most recent call last):\n  File \"/opt/hostedtoolcache/Python/3.12.12/x64/lib/python3.12/site-packages/galaxy/tool_util/verify/interactor.py\", line 1466, in verify_tool\n    stage_data_in_history(\n  File \"/opt/hostedtoolcache/Python/3.12.12/x64/lib/python3.12/site-packages/galaxy/tool_util/verify/interactor.py\", line 163, in stage_data_in_history\n    test_dict = galaxy_interactor.remote_to_input(\n                ^^^^^^^^^^^^^^^^^^^^^^^^^^^^^^^^^^\n  File \"/opt/hostedtoolcache/Python/3.12.12/x64/lib/python3.12/site-packages/galaxy/tool_util/verify/interactor.py\", line 581, in remote_to_input\n    path_or_location = self._get_path_or_location(\n                       ^^^^^^^^^^^^^^^^^^^^^^^^^^^\n  File \"/opt/hostedtoolcache/Python/3.12.12/x64/lib/python3.12/site-packages/galaxy/tool_util/verify/interactor.py\", line 618, in _get_path_or_location\n    path = self.test_data_download(\n           ^^^^^^^^^^^^^^^^^^^^^^^^\n  File \"/opt/hostedtoolcache/Python/3.12.12/x64/lib/python3.12/site-packages/galaxy/tool_util/verify/interactor.py\", line 524, in test_data_download\n    raise AssertionError(f\"Test input file ({filename}) cannot be found.\")\nAssertionError: Test input file (1.bam) cannot be found.\n", "status": "error", "test_index": 7, "time_seconds": 0.050511837005615234, "tool_id": "samtools_sort", "tool_version": "2.0.8"}
            ]]></error>
        
    </testcase>
    
    <testcase classname="samtools_sort (Test #9)" name="8" time="0.05524158477783203">
        
            <error type="error" message="Input staging problem: Traceback (most recent call last):
  File "/opt/hostedtoolcache/Python/3.12.12/x64/lib/python3.12/site-packages/galaxy/tool_util/verify/interactor.py", line 1466, in verify_tool
    stage_data_in_history(
  File "/opt/hostedtoolcache/Python/3.12.12/x64/lib/python3.12/site-packages/galaxy/tool_util/verify/interactor.py", line 163, in stage_data_in_history
    test_dict = galaxy_interactor.remote_to_input(
                ^^^^^^^^^^^^^^^^^^^^^^^^^^^^^^^^^^
  File "/opt/hostedtoolcache/Python/3.12.12/x64/lib/python3.12/site-packages/galaxy/tool_util/verify/interactor.py", line 581, in remote_to_input
    path_or_location = self._get_path_or_location(
                       ^^^^^^^^^^^^^^^^^^^^^^^^^^^
  File "/opt/hostedtoolcache/Python/3.12.12/x64/lib/python3.12/site-packages/galaxy/tool_util/verify/interactor.py", line 618, in _get_path_or_location
    path = self.test_data_download(
           ^^^^^^^^^^^^^^^^^^^^^^^^
  File "/opt/hostedtoolcache/Python/3.12.12/x64/lib/python3.12/site-packages/galaxy/tool_util/verify/interactor.py", line 524, in test_data_download
    raise AssertionError(f"Test input file ({filename}) cannot be found.")
AssertionError: Test input file (test_input_1_a.bam) cannot be found.
"><![CDATA[
                { "execution_problem": "Input staging problem: Traceback (most recent call last):\n  File \"/opt/hostedtoolcache/Python/3.12.12/x64/lib/python3.12/site-packages/galaxy/tool_util/verify/interactor.py\", line 1466, in verify_tool\n    stage_data_in_history(\n  File \"/opt/hostedtoolcache/Python/3.12.12/x64/lib/python3.12/site-packages/galaxy/tool_util/verify/interactor.py\", line 163, in stage_data_in_history\n    test_dict = galaxy_interactor.remote_to_input(\n                ^^^^^^^^^^^^^^^^^^^^^^^^^^^^^^^^^^\n  File \"/opt/hostedtoolcache/Python/3.12.12/x64/lib/python3.12/site-packages/galaxy/tool_util/verify/interactor.py\", line 581, in remote_to_input\n    path_or_location = self._get_path_or_location(\n                       ^^^^^^^^^^^^^^^^^^^^^^^^^^^\n  File \"/opt/hostedtoolcache/Python/3.12.12/x64/lib/python3.12/site-packages/galaxy/tool_util/verify/interactor.py\", line 618, in _get_path_or_location\n    path = self.test_data_download(\n           ^^^^^^^^^^^^^^^^^^^^^^^^\n  File \"/opt/hostedtoolcache/Python/3.12.12/x64/lib/python3.12/site-packages/galaxy/tool_util/verify/interactor.py\", line 524, in test_data_download\n    raise AssertionError(f\"Test input file ({filename}) cannot be found.\")\nAssertionError: Test input file (test_input_1_a.bam) cannot be found.\n", "status": "error", "test_index": 8, "time_seconds": 0.05524158477783203, "tool_id": "samtools_sort", "tool_version": "2.0.8"}
            ]]></error>
        
    </testcase>
    
    <testcase classname="vcfallelicprimitives (Test #1)" name="0" time="40.66092371940613">
        
            
            <system-out><![CDATA[
            
            ]]></system-out>
            <system-err><![CDATA[
            
            ]]></system-err>
        
    </testcase>
    
    <testcase classname="vcfprimers (Test #1)" name="0" time="33.0239794254303">
        
            
            <system-out><![CDATA[
            
            ]]></system-out>
            <system-err><![CDATA[
            index file localref.fa.fai not found, generating...
            ]]></system-err>
        
    </testcase>
    
</testsuite>