<?xml version="1.0" encoding="UTF-8"?>
<testsuite name="Results (powered by Planemo)"
           tests="45"
           errors="15"
           failures="7"
           skip="0">
    
    <testcase classname="bcftools_norm (Test #1)" name="0" time="66.14374136924744">
        
            
            <system-out><![CDATA[
            
            ]]></system-out>
            <system-err><![CDATA[
            Lines   total/split/joined/realigned/mismatch_removed/dup_removed/skipped:21/0/0/13/0/0/0
            ]]></system-err>
        
    </testcase>
    
    <testcase classname="bcftools_norm (Test #2)" name="1" time="">
        
            <error type="error" message=""><![CDATA[
                { "status": "skip", "test_index": 1, "tool_id": "bcftools_norm", "tool_version": "1.22+galaxy0"}
            ]]></error>
        
    </testcase>
    
    <testcase classname="bcftools_norm (Test #3)" name="2" time="11.804257869720459">
        
            <error type="error" message="Input staging problem: Traceback (most recent call last):
  File "/opt/hostedtoolcache/Python/3.12.12/x64/lib/python3.12/site-packages/galaxy/tool_util/verify/interactor.py", line 1466, in verify_tool
    stage_data_in_history(
  File "/opt/hostedtoolcache/Python/3.12.12/x64/lib/python3.12/site-packages/galaxy/tool_util/verify/interactor.py", line 175, in stage_data_in_history
    staging_interface.handle_jobs()
  File "/opt/hostedtoolcache/Python/3.12.12/x64/lib/python3.12/site-packages/galaxy/tool_util/verify/interactor.py", line 212, in handle_jobs
    self.galaxy_interactor.wait_for_job(job_response["id"], job_response["history_id"], self.maxseconds)
  File "/opt/hostedtoolcache/Python/3.12.12/x64/lib/python3.12/site-packages/galaxy/tool_util/verify/interactor.py", line 398, in wait_for_job
    self.wait_for(lambda: self.__job_ready(job_id, history_id), maxseconds=maxseconds)
  File "/opt/hostedtoolcache/Python/3.12.12/x64/lib/python3.12/site-packages/galaxy/tool_util/verify/interactor.py", line 402, in wait_for
    wait_on(func, what, walltime_exceeded)
  File "/opt/hostedtoolcache/Python/3.12.12/x64/lib/python3.12/site-packages/galaxy/tool_util/verify/wait.py", line 38, in wait_on
    value = function()
            ^^^^^^^^^^
  File "/opt/hostedtoolcache/Python/3.12.12/x64/lib/python3.12/site-packages/galaxy/tool_util/verify/interactor.py", line 398, in <lambda>
    self.wait_for(lambda: self.__job_ready(job_id, history_id), maxseconds=maxseconds)
                          ^^^^^^^^^^^^^^^^^^^^^^^^^^^^^^^^^^^^
  File "/opt/hostedtoolcache/Python/3.12.12/x64/lib/python3.12/site-packages/galaxy/tool_util/verify/interactor.py", line 751, in __job_ready
    return self._state_ready(job_id, error_msg="Job in error state.")
           ^^^^^^^^^^^^^^^^^^^^^^^^^^^^^^^^^^^^^^^^^^^^^^^^^^^^^^^^^^
  File "/opt/hostedtoolcache/Python/3.12.12/x64/lib/python3.12/site-packages/galaxy/tool_util/verify/interactor.py", line 847, in _state_ready
    raise Exception(
Exception: Job in error state.. tool_id: __DATA_FETCH__, exit_code: None, stderr: .
"><![CDATA[
                { "execution_problem": "Input staging problem: Traceback (most recent call last):\n  File \"/opt/hostedtoolcache/Python/3.12.12/x64/lib/python3.12/site-packages/galaxy/tool_util/verify/interactor.py\", line 1466, in verify_tool\n    stage_data_in_history(\n  File \"/opt/hostedtoolcache/Python/3.12.12/x64/lib/python3.12/site-packages/galaxy/tool_util/verify/interactor.py\", line 175, in stage_data_in_history\n    staging_interface.handle_jobs()\n  File \"/opt/hostedtoolcache/Python/3.12.12/x64/lib/python3.12/site-packages/galaxy/tool_util/verify/interactor.py\", line 212, in handle_jobs\n    self.galaxy_interactor.wait_for_job(job_response[\"id\"], job_response[\"history_id\"], self.maxseconds)\n  File \"/opt/hostedtoolcache/Python/3.12.12/x64/lib/python3.12/site-packages/galaxy/tool_util/verify/interactor.py\", line 398, in wait_for_job\n    self.wait_for(lambda: self.__job_ready(job_id, history_id), maxseconds=maxseconds)\n  File \"/opt/hostedtoolcache/Python/3.12.12/x64/lib/python3.12/site-packages/galaxy/tool_util/verify/interactor.py\", line 402, in wait_for\n    wait_on(func, what, walltime_exceeded)\n  File \"/opt/hostedtoolcache/Python/3.12.12/x64/lib/python3.12/site-packages/galaxy/tool_util/verify/wait.py\", line 38, in wait_on\n    value = function()\n            ^^^^^^^^^^\n  File \"/opt/hostedtoolcache/Python/3.12.12/x64/lib/python3.12/site-packages/galaxy/tool_util/verify/interactor.py\", line 398, in \u003clambda\u003e\n    self.wait_for(lambda: self.__job_ready(job_id, history_id), maxseconds=maxseconds)\n                          ^^^^^^^^^^^^^^^^^^^^^^^^^^^^^^^^^^^^\n  File \"/opt/hostedtoolcache/Python/3.12.12/x64/lib/python3.12/site-packages/galaxy/tool_util/verify/interactor.py\", line 751, in __job_ready\n    return self._state_ready(job_id, error_msg=\"Job in error state.\")\n           ^^^^^^^^^^^^^^^^^^^^^^^^^^^^^^^^^^^^^^^^^^^^^^^^^^^^^^^^^^\n  File \"/opt/hostedtoolcache/Python/3.12.12/x64/lib/python3.12/site-packages/galaxy/tool_util/verify/interactor.py\", line 847, in _state_ready\n    raise Exception(\nException: Job in error state.. tool_id: __DATA_FETCH__, exit_code: None, stderr: .\n", "status": "error", "test_index": 2, "time_seconds": 11.804257869720459, "tool_id": "bcftools_norm", "tool_version": "1.22+galaxy0"}
            ]]></error>
        
    </testcase>
    
    <testcase classname="bcftools_norm (Test #4)" name="3" time="10.171891927719116">
        
            <error type="error" message="Input staging problem: Traceback (most recent call last):
  File "/opt/hostedtoolcache/Python/3.12.12/x64/lib/python3.12/site-packages/galaxy/tool_util/verify/interactor.py", line 1466, in verify_tool
    stage_data_in_history(
  File "/opt/hostedtoolcache/Python/3.12.12/x64/lib/python3.12/site-packages/galaxy/tool_util/verify/interactor.py", line 175, in stage_data_in_history
    staging_interface.handle_jobs()
  File "/opt/hostedtoolcache/Python/3.12.12/x64/lib/python3.12/site-packages/galaxy/tool_util/verify/interactor.py", line 212, in handle_jobs
    self.galaxy_interactor.wait_for_job(job_response["id"], job_response["history_id"], self.maxseconds)
  File "/opt/hostedtoolcache/Python/3.12.12/x64/lib/python3.12/site-packages/galaxy/tool_util/verify/interactor.py", line 398, in wait_for_job
    self.wait_for(lambda: self.__job_ready(job_id, history_id), maxseconds=maxseconds)
  File "/opt/hostedtoolcache/Python/3.12.12/x64/lib/python3.12/site-packages/galaxy/tool_util/verify/interactor.py", line 402, in wait_for
    wait_on(func, what, walltime_exceeded)
  File "/opt/hostedtoolcache/Python/3.12.12/x64/lib/python3.12/site-packages/galaxy/tool_util/verify/wait.py", line 38, in wait_on
    value = function()
            ^^^^^^^^^^
  File "/opt/hostedtoolcache/Python/3.12.12/x64/lib/python3.12/site-packages/galaxy/tool_util/verify/interactor.py", line 398, in <lambda>
    self.wait_for(lambda: self.__job_ready(job_id, history_id), maxseconds=maxseconds)
                          ^^^^^^^^^^^^^^^^^^^^^^^^^^^^^^^^^^^^
  File "/opt/hostedtoolcache/Python/3.12.12/x64/lib/python3.12/site-packages/galaxy/tool_util/verify/interactor.py", line 751, in __job_ready
    return self._state_ready(job_id, error_msg="Job in error state.")
           ^^^^^^^^^^^^^^^^^^^^^^^^^^^^^^^^^^^^^^^^^^^^^^^^^^^^^^^^^^
  File "/opt/hostedtoolcache/Python/3.12.12/x64/lib/python3.12/site-packages/galaxy/tool_util/verify/interactor.py", line 847, in _state_ready
    raise Exception(
Exception: Job in error state.. tool_id: __DATA_FETCH__, exit_code: None, stderr: .
"><![CDATA[
                { "execution_problem": "Input staging problem: Traceback (most recent call last):\n  File \"/opt/hostedtoolcache/Python/3.12.12/x64/lib/python3.12/site-packages/galaxy/tool_util/verify/interactor.py\", line 1466, in verify_tool\n    stage_data_in_history(\n  File \"/opt/hostedtoolcache/Python/3.12.12/x64/lib/python3.12/site-packages/galaxy/tool_util/verify/interactor.py\", line 175, in stage_data_in_history\n    staging_interface.handle_jobs()\n  File \"/opt/hostedtoolcache/Python/3.12.12/x64/lib/python3.12/site-packages/galaxy/tool_util/verify/interactor.py\", line 212, in handle_jobs\n    self.galaxy_interactor.wait_for_job(job_response[\"id\"], job_response[\"history_id\"], self.maxseconds)\n  File \"/opt/hostedtoolcache/Python/3.12.12/x64/lib/python3.12/site-packages/galaxy/tool_util/verify/interactor.py\", line 398, in wait_for_job\n    self.wait_for(lambda: self.__job_ready(job_id, history_id), maxseconds=maxseconds)\n  File \"/opt/hostedtoolcache/Python/3.12.12/x64/lib/python3.12/site-packages/galaxy/tool_util/verify/interactor.py\", line 402, in wait_for\n    wait_on(func, what, walltime_exceeded)\n  File \"/opt/hostedtoolcache/Python/3.12.12/x64/lib/python3.12/site-packages/galaxy/tool_util/verify/wait.py\", line 38, in wait_on\n    value = function()\n            ^^^^^^^^^^\n  File \"/opt/hostedtoolcache/Python/3.12.12/x64/lib/python3.12/site-packages/galaxy/tool_util/verify/interactor.py\", line 398, in \u003clambda\u003e\n    self.wait_for(lambda: self.__job_ready(job_id, history_id), maxseconds=maxseconds)\n                          ^^^^^^^^^^^^^^^^^^^^^^^^^^^^^^^^^^^^\n  File \"/opt/hostedtoolcache/Python/3.12.12/x64/lib/python3.12/site-packages/galaxy/tool_util/verify/interactor.py\", line 751, in __job_ready\n    return self._state_ready(job_id, error_msg=\"Job in error state.\")\n           ^^^^^^^^^^^^^^^^^^^^^^^^^^^^^^^^^^^^^^^^^^^^^^^^^^^^^^^^^^\n  File \"/opt/hostedtoolcache/Python/3.12.12/x64/lib/python3.12/site-packages/galaxy/tool_util/verify/interactor.py\", line 847, in _state_ready\n    raise Exception(\nException: Job in error state.. tool_id: __DATA_FETCH__, exit_code: None, stderr: .\n", "status": "error", "test_index": 3, "time_seconds": 10.171891927719116, "tool_id": "bcftools_norm", "tool_version": "1.22+galaxy0"}
            ]]></error>
        
    </testcase>
    
    <testcase classname="bcftools_norm (Test #5)" name="4" time="17.76180672645569">
        
            <error type="error" message="Input staging problem: Traceback (most recent call last):
  File "/opt/hostedtoolcache/Python/3.12.12/x64/lib/python3.12/site-packages/galaxy/tool_util/verify/interactor.py", line 1466, in verify_tool
    stage_data_in_history(
  File "/opt/hostedtoolcache/Python/3.12.12/x64/lib/python3.12/site-packages/galaxy/tool_util/verify/interactor.py", line 175, in stage_data_in_history
    staging_interface.handle_jobs()
  File "/opt/hostedtoolcache/Python/3.12.12/x64/lib/python3.12/site-packages/galaxy/tool_util/verify/interactor.py", line 212, in handle_jobs
    self.galaxy_interactor.wait_for_job(job_response["id"], job_response["history_id"], self.maxseconds)
  File "/opt/hostedtoolcache/Python/3.12.12/x64/lib/python3.12/site-packages/galaxy/tool_util/verify/interactor.py", line 398, in wait_for_job
    self.wait_for(lambda: self.__job_ready(job_id, history_id), maxseconds=maxseconds)
  File "/opt/hostedtoolcache/Python/3.12.12/x64/lib/python3.12/site-packages/galaxy/tool_util/verify/interactor.py", line 402, in wait_for
    wait_on(func, what, walltime_exceeded)
  File "/opt/hostedtoolcache/Python/3.12.12/x64/lib/python3.12/site-packages/galaxy/tool_util/verify/wait.py", line 38, in wait_on
    value = function()
            ^^^^^^^^^^
  File "/opt/hostedtoolcache/Python/3.12.12/x64/lib/python3.12/site-packages/galaxy/tool_util/verify/interactor.py", line 398, in <lambda>
    self.wait_for(lambda: self.__job_ready(job_id, history_id), maxseconds=maxseconds)
                          ^^^^^^^^^^^^^^^^^^^^^^^^^^^^^^^^^^^^
  File "/opt/hostedtoolcache/Python/3.12.12/x64/lib/python3.12/site-packages/galaxy/tool_util/verify/interactor.py", line 751, in __job_ready
    return self._state_ready(job_id, error_msg="Job in error state.")
           ^^^^^^^^^^^^^^^^^^^^^^^^^^^^^^^^^^^^^^^^^^^^^^^^^^^^^^^^^^
  File "/opt/hostedtoolcache/Python/3.12.12/x64/lib/python3.12/site-packages/galaxy/tool_util/verify/interactor.py", line 847, in _state_ready
    raise Exception(
Exception: Job in error state.. tool_id: __DATA_FETCH__, exit_code: None, stderr: .
"><![CDATA[
                { "execution_problem": "Input staging problem: Traceback (most recent call last):\n  File \"/opt/hostedtoolcache/Python/3.12.12/x64/lib/python3.12/site-packages/galaxy/tool_util/verify/interactor.py\", line 1466, in verify_tool\n    stage_data_in_history(\n  File \"/opt/hostedtoolcache/Python/3.12.12/x64/lib/python3.12/site-packages/galaxy/tool_util/verify/interactor.py\", line 175, in stage_data_in_history\n    staging_interface.handle_jobs()\n  File \"/opt/hostedtoolcache/Python/3.12.12/x64/lib/python3.12/site-packages/galaxy/tool_util/verify/interactor.py\", line 212, in handle_jobs\n    self.galaxy_interactor.wait_for_job(job_response[\"id\"], job_response[\"history_id\"], self.maxseconds)\n  File \"/opt/hostedtoolcache/Python/3.12.12/x64/lib/python3.12/site-packages/galaxy/tool_util/verify/interactor.py\", line 398, in wait_for_job\n    self.wait_for(lambda: self.__job_ready(job_id, history_id), maxseconds=maxseconds)\n  File \"/opt/hostedtoolcache/Python/3.12.12/x64/lib/python3.12/site-packages/galaxy/tool_util/verify/interactor.py\", line 402, in wait_for\n    wait_on(func, what, walltime_exceeded)\n  File \"/opt/hostedtoolcache/Python/3.12.12/x64/lib/python3.12/site-packages/galaxy/tool_util/verify/wait.py\", line 38, in wait_on\n    value = function()\n            ^^^^^^^^^^\n  File \"/opt/hostedtoolcache/Python/3.12.12/x64/lib/python3.12/site-packages/galaxy/tool_util/verify/interactor.py\", line 398, in \u003clambda\u003e\n    self.wait_for(lambda: self.__job_ready(job_id, history_id), maxseconds=maxseconds)\n                          ^^^^^^^^^^^^^^^^^^^^^^^^^^^^^^^^^^^^\n  File \"/opt/hostedtoolcache/Python/3.12.12/x64/lib/python3.12/site-packages/galaxy/tool_util/verify/interactor.py\", line 751, in __job_ready\n    return self._state_ready(job_id, error_msg=\"Job in error state.\")\n           ^^^^^^^^^^^^^^^^^^^^^^^^^^^^^^^^^^^^^^^^^^^^^^^^^^^^^^^^^^\n  File \"/opt/hostedtoolcache/Python/3.12.12/x64/lib/python3.12/site-packages/galaxy/tool_util/verify/interactor.py\", line 847, in _state_ready\n    raise Exception(\nException: Job in error state.. tool_id: __DATA_FETCH__, exit_code: None, stderr: .\n", "status": "error", "test_index": 4, "time_seconds": 17.76180672645569, "tool_id": "bcftools_norm", "tool_version": "1.22+galaxy0"}
            ]]></error>
        
    </testcase>
    
    <testcase classname="bcftools_norm (Test #6)" name="5" time="11.782772541046143">
        
            <error type="error" message="Input staging problem: Traceback (most recent call last):
  File "/opt/hostedtoolcache/Python/3.12.12/x64/lib/python3.12/site-packages/galaxy/tool_util/verify/interactor.py", line 1466, in verify_tool
    stage_data_in_history(
  File "/opt/hostedtoolcache/Python/3.12.12/x64/lib/python3.12/site-packages/galaxy/tool_util/verify/interactor.py", line 175, in stage_data_in_history
    staging_interface.handle_jobs()
  File "/opt/hostedtoolcache/Python/3.12.12/x64/lib/python3.12/site-packages/galaxy/tool_util/verify/interactor.py", line 212, in handle_jobs
    self.galaxy_interactor.wait_for_job(job_response["id"], job_response["history_id"], self.maxseconds)
  File "/opt/hostedtoolcache/Python/3.12.12/x64/lib/python3.12/site-packages/galaxy/tool_util/verify/interactor.py", line 398, in wait_for_job
    self.wait_for(lambda: self.__job_ready(job_id, history_id), maxseconds=maxseconds)
  File "/opt/hostedtoolcache/Python/3.12.12/x64/lib/python3.12/site-packages/galaxy/tool_util/verify/interactor.py", line 402, in wait_for
    wait_on(func, what, walltime_exceeded)
  File "/opt/hostedtoolcache/Python/3.12.12/x64/lib/python3.12/site-packages/galaxy/tool_util/verify/wait.py", line 38, in wait_on
    value = function()
            ^^^^^^^^^^
  File "/opt/hostedtoolcache/Python/3.12.12/x64/lib/python3.12/site-packages/galaxy/tool_util/verify/interactor.py", line 398, in <lambda>
    self.wait_for(lambda: self.__job_ready(job_id, history_id), maxseconds=maxseconds)
                          ^^^^^^^^^^^^^^^^^^^^^^^^^^^^^^^^^^^^
  File "/opt/hostedtoolcache/Python/3.12.12/x64/lib/python3.12/site-packages/galaxy/tool_util/verify/interactor.py", line 751, in __job_ready
    return self._state_ready(job_id, error_msg="Job in error state.")
           ^^^^^^^^^^^^^^^^^^^^^^^^^^^^^^^^^^^^^^^^^^^^^^^^^^^^^^^^^^
  File "/opt/hostedtoolcache/Python/3.12.12/x64/lib/python3.12/site-packages/galaxy/tool_util/verify/interactor.py", line 847, in _state_ready
    raise Exception(
Exception: Job in error state.. tool_id: __DATA_FETCH__, exit_code: None, stderr: .
"><![CDATA[
                { "execution_problem": "Input staging problem: Traceback (most recent call last):\n  File \"/opt/hostedtoolcache/Python/3.12.12/x64/lib/python3.12/site-packages/galaxy/tool_util/verify/interactor.py\", line 1466, in verify_tool\n    stage_data_in_history(\n  File \"/opt/hostedtoolcache/Python/3.12.12/x64/lib/python3.12/site-packages/galaxy/tool_util/verify/interactor.py\", line 175, in stage_data_in_history\n    staging_interface.handle_jobs()\n  File \"/opt/hostedtoolcache/Python/3.12.12/x64/lib/python3.12/site-packages/galaxy/tool_util/verify/interactor.py\", line 212, in handle_jobs\n    self.galaxy_interactor.wait_for_job(job_response[\"id\"], job_response[\"history_id\"], self.maxseconds)\n  File \"/opt/hostedtoolcache/Python/3.12.12/x64/lib/python3.12/site-packages/galaxy/tool_util/verify/interactor.py\", line 398, in wait_for_job\n    self.wait_for(lambda: self.__job_ready(job_id, history_id), maxseconds=maxseconds)\n  File \"/opt/hostedtoolcache/Python/3.12.12/x64/lib/python3.12/site-packages/galaxy/tool_util/verify/interactor.py\", line 402, in wait_for\n    wait_on(func, what, walltime_exceeded)\n  File \"/opt/hostedtoolcache/Python/3.12.12/x64/lib/python3.12/site-packages/galaxy/tool_util/verify/wait.py\", line 38, in wait_on\n    value = function()\n            ^^^^^^^^^^\n  File \"/opt/hostedtoolcache/Python/3.12.12/x64/lib/python3.12/site-packages/galaxy/tool_util/verify/interactor.py\", line 398, in \u003clambda\u003e\n    self.wait_for(lambda: self.__job_ready(job_id, history_id), maxseconds=maxseconds)\n                          ^^^^^^^^^^^^^^^^^^^^^^^^^^^^^^^^^^^^\n  File \"/opt/hostedtoolcache/Python/3.12.12/x64/lib/python3.12/site-packages/galaxy/tool_util/verify/interactor.py\", line 751, in __job_ready\n    return self._state_ready(job_id, error_msg=\"Job in error state.\")\n           ^^^^^^^^^^^^^^^^^^^^^^^^^^^^^^^^^^^^^^^^^^^^^^^^^^^^^^^^^^\n  File \"/opt/hostedtoolcache/Python/3.12.12/x64/lib/python3.12/site-packages/galaxy/tool_util/verify/interactor.py\", line 847, in _state_ready\n    raise Exception(\nException: Job in error state.. tool_id: __DATA_FETCH__, exit_code: None, stderr: .\n", "status": "error", "test_index": 5, "time_seconds": 11.782772541046143, "tool_id": "bcftools_norm", "tool_version": "1.22+galaxy0"}
            ]]></error>
        
    </testcase>
    
    <testcase classname="bcftools_norm (Test #7)" name="6" time="31.753675937652588">
        
            
            <system-out><![CDATA[
            
            ]]></system-out>
            <system-err><![CDATA[
            Lines   total/split/joined/realigned/mismatch_removed/dup_removed/skipped:8/0/0/0/0/0/0REF/ALT total/modified/added:  8/5/3
            ]]></system-err>
        
    </testcase>
    
    <testcase classname="bcftools_norm (Test #8)" name="7" time="11.802143573760986">
        
            <error type="error" message="Input staging problem: Traceback (most recent call last):
  File "/opt/hostedtoolcache/Python/3.12.12/x64/lib/python3.12/site-packages/galaxy/tool_util/verify/interactor.py", line 1466, in verify_tool
    stage_data_in_history(
  File "/opt/hostedtoolcache/Python/3.12.12/x64/lib/python3.12/site-packages/galaxy/tool_util/verify/interactor.py", line 175, in stage_data_in_history
    staging_interface.handle_jobs()
  File "/opt/hostedtoolcache/Python/3.12.12/x64/lib/python3.12/site-packages/galaxy/tool_util/verify/interactor.py", line 212, in handle_jobs
    self.galaxy_interactor.wait_for_job(job_response["id"], job_response["history_id"], self.maxseconds)
  File "/opt/hostedtoolcache/Python/3.12.12/x64/lib/python3.12/site-packages/galaxy/tool_util/verify/interactor.py", line 398, in wait_for_job
    self.wait_for(lambda: self.__job_ready(job_id, history_id), maxseconds=maxseconds)
  File "/opt/hostedtoolcache/Python/3.12.12/x64/lib/python3.12/site-packages/galaxy/tool_util/verify/interactor.py", line 402, in wait_for
    wait_on(func, what, walltime_exceeded)
  File "/opt/hostedtoolcache/Python/3.12.12/x64/lib/python3.12/site-packages/galaxy/tool_util/verify/wait.py", line 38, in wait_on
    value = function()
            ^^^^^^^^^^
  File "/opt/hostedtoolcache/Python/3.12.12/x64/lib/python3.12/site-packages/galaxy/tool_util/verify/interactor.py", line 398, in <lambda>
    self.wait_for(lambda: self.__job_ready(job_id, history_id), maxseconds=maxseconds)
                          ^^^^^^^^^^^^^^^^^^^^^^^^^^^^^^^^^^^^
  File "/opt/hostedtoolcache/Python/3.12.12/x64/lib/python3.12/site-packages/galaxy/tool_util/verify/interactor.py", line 751, in __job_ready
    return self._state_ready(job_id, error_msg="Job in error state.")
           ^^^^^^^^^^^^^^^^^^^^^^^^^^^^^^^^^^^^^^^^^^^^^^^^^^^^^^^^^^
  File "/opt/hostedtoolcache/Python/3.12.12/x64/lib/python3.12/site-packages/galaxy/tool_util/verify/interactor.py", line 847, in _state_ready
    raise Exception(
Exception: Job in error state.. tool_id: __DATA_FETCH__, exit_code: None, stderr: .
"><![CDATA[
                { "execution_problem": "Input staging problem: Traceback (most recent call last):\n  File \"/opt/hostedtoolcache/Python/3.12.12/x64/lib/python3.12/site-packages/galaxy/tool_util/verify/interactor.py\", line 1466, in verify_tool\n    stage_data_in_history(\n  File \"/opt/hostedtoolcache/Python/3.12.12/x64/lib/python3.12/site-packages/galaxy/tool_util/verify/interactor.py\", line 175, in stage_data_in_history\n    staging_interface.handle_jobs()\n  File \"/opt/hostedtoolcache/Python/3.12.12/x64/lib/python3.12/site-packages/galaxy/tool_util/verify/interactor.py\", line 212, in handle_jobs\n    self.galaxy_interactor.wait_for_job(job_response[\"id\"], job_response[\"history_id\"], self.maxseconds)\n  File \"/opt/hostedtoolcache/Python/3.12.12/x64/lib/python3.12/site-packages/galaxy/tool_util/verify/interactor.py\", line 398, in wait_for_job\n    self.wait_for(lambda: self.__job_ready(job_id, history_id), maxseconds=maxseconds)\n  File \"/opt/hostedtoolcache/Python/3.12.12/x64/lib/python3.12/site-packages/galaxy/tool_util/verify/interactor.py\", line 402, in wait_for\n    wait_on(func, what, walltime_exceeded)\n  File \"/opt/hostedtoolcache/Python/3.12.12/x64/lib/python3.12/site-packages/galaxy/tool_util/verify/wait.py\", line 38, in wait_on\n    value = function()\n            ^^^^^^^^^^\n  File \"/opt/hostedtoolcache/Python/3.12.12/x64/lib/python3.12/site-packages/galaxy/tool_util/verify/interactor.py\", line 398, in \u003clambda\u003e\n    self.wait_for(lambda: self.__job_ready(job_id, history_id), maxseconds=maxseconds)\n                          ^^^^^^^^^^^^^^^^^^^^^^^^^^^^^^^^^^^^\n  File \"/opt/hostedtoolcache/Python/3.12.12/x64/lib/python3.12/site-packages/galaxy/tool_util/verify/interactor.py\", line 751, in __job_ready\n    return self._state_ready(job_id, error_msg=\"Job in error state.\")\n           ^^^^^^^^^^^^^^^^^^^^^^^^^^^^^^^^^^^^^^^^^^^^^^^^^^^^^^^^^^\n  File \"/opt/hostedtoolcache/Python/3.12.12/x64/lib/python3.12/site-packages/galaxy/tool_util/verify/interactor.py\", line 847, in _state_ready\n    raise Exception(\nException: Job in error state.. tool_id: __DATA_FETCH__, exit_code: None, stderr: .\n", "status": "error", "test_index": 7, "time_seconds": 11.802143573760986, "tool_id": "bcftools_norm", "tool_version": "1.22+galaxy0"}
            ]]></error>
        
    </testcase>
    
    <testcase classname="bcftools_norm (Test #9)" name="8" time="">
        
            <error type="error" message=""><![CDATA[
                { "status": "skip", "test_index": 8, "tool_id": "bcftools_norm", "tool_version": "1.22+galaxy0"}
            ]]></error>
        
    </testcase>
    
    <testcase classname="bcftools_norm (Test #10)" name="9" time="25.783819913864136">
        
            
                <error type="error" message="Tool exit code: None"><![CDATA[
                    { "inputs": {  "input_file": {   "id": "a2987d49d7f717ef",   "src": "hda"  },  "normalize_indels": true,  "output_type": "v",  "reference_source|fasta_ref": {   "id": "fbfc1dbfebcca4bf",   "src": "hda"  },  "reference_source|reference_source_selector": "history",  "sec_default|sort": "lex",  "sec_filter_norm|include": "QUAL\u003e10" }, "job": {  "command_line": "bgzip -c \u0027/galaxy/server/database/objects/f/2/e/dataset_f2e5d3d1-9d4a-42bc-800c-7d3b6b669897.dat\u0027 \u003e input.vcf.gz \u0026\u0026 bcftools index input.vcf.gz \u0026\u0026     ln -s \u0027/galaxy/server/database/objects/9/e/3/dataset_9e3336c3-d3d3-4021-b483-e82448307538.dat\u0027 ref.fa \u0026\u0026 samtools faidx ref.fa \u0026\u0026             bcftools norm   --fasta-ref ref.fa  --check-ref w   --site-win 1000 --sort lex --include \u0027QUAL\u003e10\u0027            --output-type \u0027v\u0027   --threads ${GALAXY_SLOTS:-4}    input.vcf.gz  \u003e \u0027/galaxy/server/database/objects/a/e/3/dataset_ae3b0104-87b5-4878-a06f-b55b4c180aea.dat\u0027",  "command_version": null,  "copied_from_job_id": null,  "create_time": "2026-01-15T01:18:18.483448",  "dependencies": [],  "exit_code": null,  "external_id": "gxy-6v6tr",  "galaxy_version": "24.1",  "handler": null,  "history_id": "8bee67df04634d4d",  "id": "803e5fabc0dc8431",  "inputs": {   "input_file": {    "id": "a2987d49d7f717ef",    "src": "hda",    "uuid": "f2e5d3d1-9d4a-42bc-800c-7d3b6b669897"   },   "reference_source|fasta_ref": {    "id": "fbfc1dbfebcca4bf",    "src": "hda",    "uuid": "9e3336c3-d3d3-4021-b483-e82448307538"   }  },  "job_messages": null,  "job_metrics": [],  "job_runner_name": null,  "job_stderr": null,  "job_stdout": null,  "model_class": "Job",  "output_collections": {},  "outputs": {   "output_file": {    "id": "470c0eaaebd2e18c",    "src": "hda",    "uuid": "ae3b0104-87b5-4878-a06f-b55b4c180aea"   }  },  "params": {   "__input_ext": "\"input\"",   "atomization": "\"\"",   "check_ref": "\"w\"",   "chromInfo": "\"/cvmfs/data.galaxyproject.org/managed/len/ucsc/?.len\"",   "dbkey": "\"?\"",   "multiallelics": "{\"__current_case__\": 0, \"mode\": \"\"}",   "normalize_indels": "true",   "old_rec_tag": "\"\"",   "output_type": "\"v\"",   "reference_source": "{\"__current_case__\": 1, \"fasta_ref\": {\"values\": [{\"id\": 84, \"src\": \"hda\"}]}, \"reference_source_selector\": \"history\"}",   "rm_dup": "\"\"",   "sec_default": "{\"site_win\": \"1000\", \"sort\": \"lex\"}",   "sec_filter_norm": "{\"exclude\": null, \"include\": \"QUAL\u003e10\"}",   "sec_restrict": "{\"regions\": {\"__current_case__\": 0, \"regions_src\": \"__none__\"}, \"targets\": {\"__current_case__\": 0, \"targets_src\": \"__none__\"}}"  },  "state": "error",  "stderr": "Lines   total/split/joined/realigned/mismatch_removed/dup_removed/skipped:\t21/0/0/13/0/0/1\n",  "stdout": "",  "tool_id": "toolshed.g2.bx.psu.edu/repos/iuc/bcftools_norm/bcftools_norm/1.22+galaxy0",  "tool_stderr": "Lines   total/split/joined/realigned/mismatch_removed/dup_removed/skipped:\t21/0/0/13/0/0/1\n",  "tool_stdout": "",  "update_time": "2026-01-15T01:18:23.002553",  "user_email": "tests@fake.org" }, "output_problems": [  "Job in error state.. tool_id: toolshed.g2.bx.psu.edu/repos/iuc/bcftools_norm/bcftools_norm/1.22+galaxy0, exit_code: None, stderr: Lines   total/split/joined/realigned/mismatch_removed/dup_removed/skipped:\t21/0/0/13/0/0/1\n." ], "status": "failure", "test_index": 9, "time_seconds": 25.783819913864136, "tool_id": "bcftools_norm", "tool_version": "1.22+galaxy0"}
                ]]></error>
            
            <system-out><![CDATA[
            
            ]]></system-out>
            <system-err><![CDATA[
            Lines   total/split/joined/realigned/mismatch_removed/dup_removed/skipped:21/0/0/13/0/0/1
            ]]></system-err>
        
    </testcase>
    
    <testcase classname="bcftools_plugin_fill_tags (Test #1)" name="0" time="40.87175750732422">
        
            
            <system-out><![CDATA[
            
            ]]></system-out>
            <system-err><![CDATA[
            
            ]]></system-err>
        
    </testcase>
    
    <testcase classname="bcftools_plugin_fill_tags (Test #2)" name="1" time="32.40289068222046">
        
            
            <system-out><![CDATA[
            
            ]]></system-out>
            <system-err><![CDATA[
            
            ]]></system-err>
        
    </testcase>
    
    <testcase classname="circos (Test #1)" name="0" time="77.43658804893494">
        
            
            <system-out><![CDATA[
            debuggroup summary 0.13s welcome to circos v0.69-8 15 Jun 2019 on Perl 5.032001debuggroup summary 0.13s current working directory /galaxy/server/database/jobs_directory/000/95/workingdebuggroup summary 0.13s command /usr/local/bin/circos -conf circos/conf/circos.conf -noparanoiddebuggroup summary 0.13s loading configuration from file circos/conf/circos.confdebuggroup summary 0.13s found conf file circos/conf/circos.confdebuggroup summary 0.23s debug will appear for these features: output,summarydebuggroup summary 0.23s bitmap output image ./circos.pngdebuggroup summary 0.23s SVG output image ./circos.svgdebuggroup summary 0.23s parsing karyotype and organizing ideogramsdebuggroup summary 0.23s karyotype has 2 chromosomes of total size 56,082debuggroup summary 0.23s applying global and local scalingdebuggroup summary 0.24s allocating image, colors and brushesdebuggroup summary 4.64s drawing 2 ideograms of total size 56,082debuggroup summary 4.64s drawing highlights and ideogramsdebuggroup output 4.64s generating outputdebuggroup output 4.94s created PNG image ./circos.png (40 kb)debuggroup output 4.94s created SVG image ./circos.svg (2 kb)
            ]]></system-out>
            <system-err><![CDATA[
            Use of uninitialized value in subroutine entry at /usr/local/bin/../lib/Circos/Configuration.pm line 781.
            ]]></system-err>
        
    </testcase>
    
    <testcase classname="circos (Test #2)" name="1" time="51.65439438819885">
        
            
            <system-out><![CDATA[
            debuggroup summary 0.12s welcome to circos v0.69-8 15 Jun 2019 on Perl 5.032001debuggroup summary 0.13s current working directory /galaxy/server/database/jobs_directory/000/100/workingdebuggroup summary 0.13s command /usr/local/bin/circos -conf circos/conf/circos.conf -noparanoiddebuggroup summary 0.13s loading configuration from file circos/conf/circos.confdebuggroup summary 0.13s found conf file circos/conf/circos.confdebuggroup summary 0.23s debug will appear for these features: output,summarydebuggroup summary 0.23s bitmap output image ./circos.pngdebuggroup summary 0.23s SVG output image ./circos.svgdebuggroup summary 0.23s parsing karyotype and organizing ideogramsdebuggroup summary 0.24s karyotype has 2 chromosomes of total size 56,082debuggroup summary 0.24s applying global and local scalingdebuggroup summary 0.24s allocating image, colors and brushesdebuggroup summary 4.73s drawing 2 ideograms of total size 56,082debuggroup summary 4.73s drawing highlights and ideogramsdebuggroup summary 4.77s found conf file /usr/local/bin/../etc/tracks/link.confdebuggroup summary 4.77s process track_0 link circos/conf/../data/links-0.txtdebuggroup summary 4.77s drawing link track_0 z 0debuggroup !circoswarning 4.80s  Data point of type [link] [50000-50500] extended past end of ideogram [ctgA 0-50001]. This data point will be [trimmed].debuggroup !circoswarning 4.80s  Data point of type [link] [51000-51500] extended past end of ideogram [ctgA 0-50001]. This data point will be [hidden].debuggroup summary 4.80s found conf file /usr/local/bin/../etc/tracks/histogram.confdebuggroup summary 4.80s found conf file /usr/local/bin/../etc/tracks/scatter.confdebuggroup summary 4.80s found conf file /usr/local/bin/../etc/tracks/tile.confdebuggroup summary 4.81s processing track_0 histogram circos/conf/../data/data-0.txtdebuggroup summary 4.86s processing track_1 scatter circos/conf/../data/data-1.txtdebuggroup summary 5.01s processing track_2 tile circos/conf/../data/data-2.txtdebuggroup summary 5.03s drawing track_0 histogram z 0 data-0.txt orient outdebuggroup summary 5.04s found conf file /usr/local/bin/../etc/tracks/axis.confdebuggroup summary 5.49s drawing track_1 scatter z 0 data-1.txt orient outdebuggroup summary 5.51s found conf file /usr/local/bin/../etc/tracks/axis.confdebuggroup summary 5.64s drawing track_2 tile z 0 data-2.txt orient outdebuggroup summary 5.64s found conf file /usr/local/bin/../etc/tracks/axis.confdebuggroup !circoswarning 5.77s  Data point of type [tile] [3013-6130] extended past end of ideogram [ctgB 0-6079]. This data point will be [trimmed].debuggroup output 5.77s generating outputdebuggroup output 6.13s created PNG image ./circos.png (539 kb)debuggroup output 6.14s created SVG image ./circos.svg (414 kb)
            ]]></system-out>
            <system-err><![CDATA[
            Use of uninitialized value in subroutine entry at /usr/local/bin/../lib/Circos/Configuration.pm line 781.Use of uninitialized value in subroutine entry at /usr/local/bin/../lib/Circos/Configuration.pm line 781.Use of uninitialized value within %Circos::Error::GROUPERROR in uc at /usr/local/bin/../lib/Circos/Error.pm line 354, <F> line 21.Use of uninitialized value within %Circos::Error::GROUPERROR in uc at /usr/local/bin/../lib/Circos/Error.pm line 354, <F> line 21.Use of uninitialized value in subroutine entry at /usr/local/bin/../lib/Circos/Configuration.pm line 781, <F> line 21.Use of uninitialized value in subroutine entry at /usr/local/bin/../lib/Circos/Configuration.pm line 781.Use of uninitialized value in subroutine entry at /usr/local/bin/../lib/Circos/Configuration.pm line 781.Use of uninitialized value in subroutine entry at /usr/local/bin/../lib/Circos/Configuration.pm line 781, <F> line 1214.Use of uninitialized value in subroutine entry at /usr/local/bin/../lib/Circos/Configuration.pm line 781.Use of uninitialized value in subroutine entry at /usr/local/bin/../lib/Circos/Configuration.pm line 781.Use of uninitialized value within %Circos::Error::GROUPERROR in uc at /usr/local/bin/../lib/Circos/Error.pm line 354.
            ]]></system-err>
        
    </testcase>
    
    <testcase classname="deeptools_plot_enrichment (Test #1)" name="0" time="62.12604808807373">
        
            
            <system-out><![CDATA[
            
            ]]></system-out>
            <system-err><![CDATA[
            
            ]]></system-err>
        
    </testcase>
    
    <testcase classname="filter_tabular (Test #1)" name="0" time="0.2938714027404785">
        
            <error type="error" message="Input staging problem: Traceback (most recent call last):
  File "/opt/hostedtoolcache/Python/3.12.12/x64/lib/python3.12/site-packages/galaxy/tool_util/verify/interactor.py", line 1466, in verify_tool
    stage_data_in_history(
  File "/opt/hostedtoolcache/Python/3.12.12/x64/lib/python3.12/site-packages/galaxy/tool_util/verify/interactor.py", line 163, in stage_data_in_history
    test_dict = galaxy_interactor.remote_to_input(
                ^^^^^^^^^^^^^^^^^^^^^^^^^^^^^^^^^^
  File "/opt/hostedtoolcache/Python/3.12.12/x64/lib/python3.12/site-packages/galaxy/tool_util/verify/interactor.py", line 581, in remote_to_input
    path_or_location = self._get_path_or_location(
                       ^^^^^^^^^^^^^^^^^^^^^^^^^^^
  File "/opt/hostedtoolcache/Python/3.12.12/x64/lib/python3.12/site-packages/galaxy/tool_util/verify/interactor.py", line 618, in _get_path_or_location
    path = self.test_data_download(
           ^^^^^^^^^^^^^^^^^^^^^^^^
  File "/opt/hostedtoolcache/Python/3.12.12/x64/lib/python3.12/site-packages/galaxy/tool_util/verify/interactor.py", line 524, in test_data_download
    raise AssertionError(f"Test input file ({filename}) cannot be found.")
AssertionError: Test input file (pets.tsv) cannot be found.
"><![CDATA[
                { "execution_problem": "Input staging problem: Traceback (most recent call last):\n  File \"/opt/hostedtoolcache/Python/3.12.12/x64/lib/python3.12/site-packages/galaxy/tool_util/verify/interactor.py\", line 1466, in verify_tool\n    stage_data_in_history(\n  File \"/opt/hostedtoolcache/Python/3.12.12/x64/lib/python3.12/site-packages/galaxy/tool_util/verify/interactor.py\", line 163, in stage_data_in_history\n    test_dict = galaxy_interactor.remote_to_input(\n                ^^^^^^^^^^^^^^^^^^^^^^^^^^^^^^^^^^\n  File \"/opt/hostedtoolcache/Python/3.12.12/x64/lib/python3.12/site-packages/galaxy/tool_util/verify/interactor.py\", line 581, in remote_to_input\n    path_or_location = self._get_path_or_location(\n                       ^^^^^^^^^^^^^^^^^^^^^^^^^^^\n  File \"/opt/hostedtoolcache/Python/3.12.12/x64/lib/python3.12/site-packages/galaxy/tool_util/verify/interactor.py\", line 618, in _get_path_or_location\n    path = self.test_data_download(\n           ^^^^^^^^^^^^^^^^^^^^^^^^\n  File \"/opt/hostedtoolcache/Python/3.12.12/x64/lib/python3.12/site-packages/galaxy/tool_util/verify/interactor.py\", line 524, in test_data_download\n    raise AssertionError(f\"Test input file ({filename}) cannot be found.\")\nAssertionError: Test input file (pets.tsv) cannot be found.\n", "status": "error", "test_index": 0, "time_seconds": 0.2938714027404785, "tool_id": "filter_tabular", "tool_version": "3.3.1"}
            ]]></error>
        
    </testcase>
    
    <testcase classname="filter_tabular (Test #2)" name="1" time="0.15033197402954102">
        
            <error type="error" message="Input staging problem: Traceback (most recent call last):
  File "/opt/hostedtoolcache/Python/3.12.12/x64/lib/python3.12/site-packages/galaxy/tool_util/verify/interactor.py", line 1466, in verify_tool
    stage_data_in_history(
  File "/opt/hostedtoolcache/Python/3.12.12/x64/lib/python3.12/site-packages/galaxy/tool_util/verify/interactor.py", line 163, in stage_data_in_history
    test_dict = galaxy_interactor.remote_to_input(
                ^^^^^^^^^^^^^^^^^^^^^^^^^^^^^^^^^^
  File "/opt/hostedtoolcache/Python/3.12.12/x64/lib/python3.12/site-packages/galaxy/tool_util/verify/interactor.py", line 581, in remote_to_input
    path_or_location = self._get_path_or_location(
                       ^^^^^^^^^^^^^^^^^^^^^^^^^^^
  File "/opt/hostedtoolcache/Python/3.12.12/x64/lib/python3.12/site-packages/galaxy/tool_util/verify/interactor.py", line 618, in _get_path_or_location
    path = self.test_data_download(
           ^^^^^^^^^^^^^^^^^^^^^^^^
  File "/opt/hostedtoolcache/Python/3.12.12/x64/lib/python3.12/site-packages/galaxy/tool_util/verify/interactor.py", line 524, in test_data_download
    raise AssertionError(f"Test input file ({filename}) cannot be found.")
AssertionError: Test input file (pets.tsv) cannot be found.
"><![CDATA[
                { "execution_problem": "Input staging problem: Traceback (most recent call last):\n  File \"/opt/hostedtoolcache/Python/3.12.12/x64/lib/python3.12/site-packages/galaxy/tool_util/verify/interactor.py\", line 1466, in verify_tool\n    stage_data_in_history(\n  File \"/opt/hostedtoolcache/Python/3.12.12/x64/lib/python3.12/site-packages/galaxy/tool_util/verify/interactor.py\", line 163, in stage_data_in_history\n    test_dict = galaxy_interactor.remote_to_input(\n                ^^^^^^^^^^^^^^^^^^^^^^^^^^^^^^^^^^\n  File \"/opt/hostedtoolcache/Python/3.12.12/x64/lib/python3.12/site-packages/galaxy/tool_util/verify/interactor.py\", line 581, in remote_to_input\n    path_or_location = self._get_path_or_location(\n                       ^^^^^^^^^^^^^^^^^^^^^^^^^^^\n  File \"/opt/hostedtoolcache/Python/3.12.12/x64/lib/python3.12/site-packages/galaxy/tool_util/verify/interactor.py\", line 618, in _get_path_or_location\n    path = self.test_data_download(\n           ^^^^^^^^^^^^^^^^^^^^^^^^\n  File \"/opt/hostedtoolcache/Python/3.12.12/x64/lib/python3.12/site-packages/galaxy/tool_util/verify/interactor.py\", line 524, in test_data_download\n    raise AssertionError(f\"Test input file ({filename}) cannot be found.\")\nAssertionError: Test input file (pets.tsv) cannot be found.\n", "status": "error", "test_index": 1, "time_seconds": 0.15033197402954102, "tool_id": "filter_tabular", "tool_version": "3.3.1"}
            ]]></error>
        
    </testcase>
    
    <testcase classname="filter_tabular (Test #3)" name="2" time="0.15230941772460938">
        
            <error type="error" message="Input staging problem: Traceback (most recent call last):
  File "/opt/hostedtoolcache/Python/3.12.12/x64/lib/python3.12/site-packages/galaxy/tool_util/verify/interactor.py", line 1466, in verify_tool
    stage_data_in_history(
  File "/opt/hostedtoolcache/Python/3.12.12/x64/lib/python3.12/site-packages/galaxy/tool_util/verify/interactor.py", line 163, in stage_data_in_history
    test_dict = galaxy_interactor.remote_to_input(
                ^^^^^^^^^^^^^^^^^^^^^^^^^^^^^^^^^^
  File "/opt/hostedtoolcache/Python/3.12.12/x64/lib/python3.12/site-packages/galaxy/tool_util/verify/interactor.py", line 581, in remote_to_input
    path_or_location = self._get_path_or_location(
                       ^^^^^^^^^^^^^^^^^^^^^^^^^^^
  File "/opt/hostedtoolcache/Python/3.12.12/x64/lib/python3.12/site-packages/galaxy/tool_util/verify/interactor.py", line 618, in _get_path_or_location
    path = self.test_data_download(
           ^^^^^^^^^^^^^^^^^^^^^^^^
  File "/opt/hostedtoolcache/Python/3.12.12/x64/lib/python3.12/site-packages/galaxy/tool_util/verify/interactor.py", line 524, in test_data_download
    raise AssertionError(f"Test input file ({filename}) cannot be found.")
AssertionError: Test input file (customers.tsv) cannot be found.
"><![CDATA[
                { "execution_problem": "Input staging problem: Traceback (most recent call last):\n  File \"/opt/hostedtoolcache/Python/3.12.12/x64/lib/python3.12/site-packages/galaxy/tool_util/verify/interactor.py\", line 1466, in verify_tool\n    stage_data_in_history(\n  File \"/opt/hostedtoolcache/Python/3.12.12/x64/lib/python3.12/site-packages/galaxy/tool_util/verify/interactor.py\", line 163, in stage_data_in_history\n    test_dict = galaxy_interactor.remote_to_input(\n                ^^^^^^^^^^^^^^^^^^^^^^^^^^^^^^^^^^\n  File \"/opt/hostedtoolcache/Python/3.12.12/x64/lib/python3.12/site-packages/galaxy/tool_util/verify/interactor.py\", line 581, in remote_to_input\n    path_or_location = self._get_path_or_location(\n                       ^^^^^^^^^^^^^^^^^^^^^^^^^^^\n  File \"/opt/hostedtoolcache/Python/3.12.12/x64/lib/python3.12/site-packages/galaxy/tool_util/verify/interactor.py\", line 618, in _get_path_or_location\n    path = self.test_data_download(\n           ^^^^^^^^^^^^^^^^^^^^^^^^\n  File \"/opt/hostedtoolcache/Python/3.12.12/x64/lib/python3.12/site-packages/galaxy/tool_util/verify/interactor.py\", line 524, in test_data_download\n    raise AssertionError(f\"Test input file ({filename}) cannot be found.\")\nAssertionError: Test input file (customers.tsv) cannot be found.\n", "status": "error", "test_index": 2, "time_seconds": 0.15230941772460938, "tool_id": "filter_tabular", "tool_version": "3.3.1"}
            ]]></error>
        
    </testcase>
    
    <testcase classname="filter_tabular (Test #4)" name="3" time="0.1509716510772705">
        
            <error type="error" message="Input staging problem: Traceback (most recent call last):
  File "/opt/hostedtoolcache/Python/3.12.12/x64/lib/python3.12/site-packages/galaxy/tool_util/verify/interactor.py", line 1466, in verify_tool
    stage_data_in_history(
  File "/opt/hostedtoolcache/Python/3.12.12/x64/lib/python3.12/site-packages/galaxy/tool_util/verify/interactor.py", line 163, in stage_data_in_history
    test_dict = galaxy_interactor.remote_to_input(
                ^^^^^^^^^^^^^^^^^^^^^^^^^^^^^^^^^^
  File "/opt/hostedtoolcache/Python/3.12.12/x64/lib/python3.12/site-packages/galaxy/tool_util/verify/interactor.py", line 581, in remote_to_input
    path_or_location = self._get_path_or_location(
                       ^^^^^^^^^^^^^^^^^^^^^^^^^^^
  File "/opt/hostedtoolcache/Python/3.12.12/x64/lib/python3.12/site-packages/galaxy/tool_util/verify/interactor.py", line 618, in _get_path_or_location
    path = self.test_data_download(
           ^^^^^^^^^^^^^^^^^^^^^^^^
  File "/opt/hostedtoolcache/Python/3.12.12/x64/lib/python3.12/site-packages/galaxy/tool_util/verify/interactor.py", line 524, in test_data_download
    raise AssertionError(f"Test input file ({filename}) cannot be found.")
AssertionError: Test input file (IEDB.tsv) cannot be found.
"><![CDATA[
                { "execution_problem": "Input staging problem: Traceback (most recent call last):\n  File \"/opt/hostedtoolcache/Python/3.12.12/x64/lib/python3.12/site-packages/galaxy/tool_util/verify/interactor.py\", line 1466, in verify_tool\n    stage_data_in_history(\n  File \"/opt/hostedtoolcache/Python/3.12.12/x64/lib/python3.12/site-packages/galaxy/tool_util/verify/interactor.py\", line 163, in stage_data_in_history\n    test_dict = galaxy_interactor.remote_to_input(\n                ^^^^^^^^^^^^^^^^^^^^^^^^^^^^^^^^^^\n  File \"/opt/hostedtoolcache/Python/3.12.12/x64/lib/python3.12/site-packages/galaxy/tool_util/verify/interactor.py\", line 581, in remote_to_input\n    path_or_location = self._get_path_or_location(\n                       ^^^^^^^^^^^^^^^^^^^^^^^^^^^\n  File \"/opt/hostedtoolcache/Python/3.12.12/x64/lib/python3.12/site-packages/galaxy/tool_util/verify/interactor.py\", line 618, in _get_path_or_location\n    path = self.test_data_download(\n           ^^^^^^^^^^^^^^^^^^^^^^^^\n  File \"/opt/hostedtoolcache/Python/3.12.12/x64/lib/python3.12/site-packages/galaxy/tool_util/verify/interactor.py\", line 524, in test_data_download\n    raise AssertionError(f\"Test input file ({filename}) cannot be found.\")\nAssertionError: Test input file (IEDB.tsv) cannot be found.\n", "status": "error", "test_index": 3, "time_seconds": 0.1509716510772705, "tool_id": "filter_tabular", "tool_version": "3.3.1"}
            ]]></error>
        
    </testcase>
    
    <testcase classname="filter_tabular (Test #5)" name="4" time="0.15022563934326172">
        
            <error type="error" message="Input staging problem: Traceback (most recent call last):
  File "/opt/hostedtoolcache/Python/3.12.12/x64/lib/python3.12/site-packages/galaxy/tool_util/verify/interactor.py", line 1466, in verify_tool
    stage_data_in_history(
  File "/opt/hostedtoolcache/Python/3.12.12/x64/lib/python3.12/site-packages/galaxy/tool_util/verify/interactor.py", line 163, in stage_data_in_history
    test_dict = galaxy_interactor.remote_to_input(
                ^^^^^^^^^^^^^^^^^^^^^^^^^^^^^^^^^^
  File "/opt/hostedtoolcache/Python/3.12.12/x64/lib/python3.12/site-packages/galaxy/tool_util/verify/interactor.py", line 581, in remote_to_input
    path_or_location = self._get_path_or_location(
                       ^^^^^^^^^^^^^^^^^^^^^^^^^^^
  File "/opt/hostedtoolcache/Python/3.12.12/x64/lib/python3.12/site-packages/galaxy/tool_util/verify/interactor.py", line 618, in _get_path_or_location
    path = self.test_data_download(
           ^^^^^^^^^^^^^^^^^^^^^^^^
  File "/opt/hostedtoolcache/Python/3.12.12/x64/lib/python3.12/site-packages/galaxy/tool_util/verify/interactor.py", line 524, in test_data_download
    raise AssertionError(f"Test input file ({filename}) cannot be found.")
AssertionError: Test input file (math_input.tsv) cannot be found.
"><![CDATA[
                { "execution_problem": "Input staging problem: Traceback (most recent call last):\n  File \"/opt/hostedtoolcache/Python/3.12.12/x64/lib/python3.12/site-packages/galaxy/tool_util/verify/interactor.py\", line 1466, in verify_tool\n    stage_data_in_history(\n  File \"/opt/hostedtoolcache/Python/3.12.12/x64/lib/python3.12/site-packages/galaxy/tool_util/verify/interactor.py\", line 163, in stage_data_in_history\n    test_dict = galaxy_interactor.remote_to_input(\n                ^^^^^^^^^^^^^^^^^^^^^^^^^^^^^^^^^^\n  File \"/opt/hostedtoolcache/Python/3.12.12/x64/lib/python3.12/site-packages/galaxy/tool_util/verify/interactor.py\", line 581, in remote_to_input\n    path_or_location = self._get_path_or_location(\n                       ^^^^^^^^^^^^^^^^^^^^^^^^^^^\n  File \"/opt/hostedtoolcache/Python/3.12.12/x64/lib/python3.12/site-packages/galaxy/tool_util/verify/interactor.py\", line 618, in _get_path_or_location\n    path = self.test_data_download(\n           ^^^^^^^^^^^^^^^^^^^^^^^^\n  File \"/opt/hostedtoolcache/Python/3.12.12/x64/lib/python3.12/site-packages/galaxy/tool_util/verify/interactor.py\", line 524, in test_data_download\n    raise AssertionError(f\"Test input file ({filename}) cannot be found.\")\nAssertionError: Test input file (math_input.tsv) cannot be found.\n", "status": "error", "test_index": 4, "time_seconds": 0.15022563934326172, "tool_id": "filter_tabular", "tool_version": "3.3.1"}
            ]]></error>
        
    </testcase>
    
    <testcase classname="flash (Test #1)" name="0" time="79.43175005912781">
        
            
            <system-out><![CDATA[
            
            ]]></system-out>
            <system-err><![CDATA[
            
            ]]></system-err>
        
    </testcase>
    
    <testcase classname="flash (Test #2)" name="1" time="41.39464592933655">
        
            
            <system-out><![CDATA[
            
            ]]></system-out>
            <system-err><![CDATA[
            
            ]]></system-err>
        
    </testcase>
    
    <testcase classname="flash (Test #3)" name="2" time="35.8417329788208">
        
            
            <system-out><![CDATA[
            [FLASH] Starting FLASH v1.2.11[FLASH] Fast Length Adjustment of SHort reads[FLASH]  [FLASH] Input files:[FLASH]     /galaxy/server/database/objects/b/4/b/dataset_b4b8d569-d7a8-4cde-8031-7689d0215537.dat[FLASH]     /galaxy/server/database/objects/3/0/2/dataset_30292490-604e-434d-96ff-451f17559f1b.dat[FLASH]  [FLASH] Output files:[FLASH]     ./out.extendedFrags.fastq[FLASH]     ./out.notCombined_1.fastq[FLASH]     ./out.notCombined_2.fastq[FLASH]     ./out.hist[FLASH]     ./out.histogram[FLASH]  [FLASH] Parameters:[FLASH]     Min overlap:           10[FLASH]     Max overlap:           65[FLASH]     Max mismatch density:  0.250000[FLASH]     Allow "outie" pairs:   false[FLASH]     Cap mismatch quals:    false[FLASH]     Combiner threads:      1[FLASH]     Input format:          FASTQ, phred_offset=64[FLASH]     Output format:         FASTQ, phred_offset=64[FLASH]  [FLASH] Starting reader and writer threads[FLASH] Starting 1 combiner threads[FLASH] Processed 200 read pairs[FLASH]  [FLASH] Read combination statistics:[FLASH]     Total pairs:      200[FLASH]     Combined pairs:   5[FLASH]     Uncombined pairs: 195[FLASH]     Percent combined: 2.50%[FLASH]  [FLASH] Writing histogram files.[FLASH]  [FLASH] FLASH v1.2.11 complete![FLASH] 0.021 seconds elapsed
            ]]></system-out>
            <system-err><![CDATA[
            
            ]]></system-err>
        
    </testcase>
    
    <testcase classname="flash (Test #4)" name="3" time="37.03760576248169">
        
            
            <system-out><![CDATA[
            
            ]]></system-out>
            <system-err><![CDATA[
            
            ]]></system-err>
        
    </testcase>
    
    <testcase classname="flash (Test #5)" name="4" time="29.51719355583191">
        
            
                <error type="error" message="Tool exit code: None"><![CDATA[
                    { "inputs": {  "generate_histogram": false,  "layout|reads": {   "id": "109fd3fefa7e51e2",   "src": "hdca"  },  "layout|select_layout": "collection" }, "job": {  "command_line": "flash --threads=${GALAXY_SLOTS:-1} -m 10 -M 65 -x 0.25  \u0027/galaxy/server/database/objects/9/a/f/dataset_9af5b1ee-ad7a-4ccf-be7d-0c28670f50b8.dat\u0027 \u0027/galaxy/server/database/objects/b/2/3/dataset_b236d683-25d0-4d88-a013-5977d3311281.dat\u0027 -p 33 -z --output-suffix=\u0027\u0027",  "command_version": null,  "copied_from_job_id": null,  "create_time": "2026-01-15T01:10:11.718416",  "dependencies": [],  "exit_code": null,  "external_id": "gxy-x8wwm",  "galaxy_version": "24.1",  "handler": null,  "history_id": "8bee67df04634d4d",  "id": "34c5da6968498999",  "inputs": {   "layout|reads1": {    "id": "22789d2fb67cc2bc",    "src": "hda",    "uuid": "9af5b1ee-ad7a-4ccf-be7d-0c28670f50b8"   },   "layout|reads2": {    "id": "bae615795e658bae",    "src": "hda",    "uuid": "b236d683-25d0-4d88-a013-5977d3311281"   }  },  "job_messages": null,  "job_metrics": [],  "job_runner_name": null,  "job_stderr": null,  "job_stdout": null,  "model_class": "Job",  "output_collections": {},  "outputs": {   "hist": {    "id": "d4419220479199a4",    "src": "hda",    "uuid": "d6157aae-8d14-4608-a54a-0f24a9770607"   },   "log": {    "id": "eb44739bfd22fbb1",    "src": "hda",    "uuid": "ecd00c68-8e34-47fc-ab64-7f33d9a468cd"   },   "merged_reads": {    "id": "6fc20befb8c462fc",    "src": "hda",    "uuid": "230965ff-cc60-40b2-9260-a254c09be9d3"   },   "unmerged_reads_f": {    "id": "b0399deab3028bfe",    "src": "hda",    "uuid": "b137e7ed-5f4e-44d2-b365-611a8478d13a"   },   "unmerged_reads_r": {    "id": "964be45d34509c8b",    "src": "hda",    "uuid": "deacfce8-c934-4d4a-b5ac-a0c8ce974de3"   }  },  "params": {   "__input_ext": "\"input\"",   "allow_outies": "false",   "chromInfo": "\"/cvmfs/data.galaxyproject.org/managed/len/ucsc/?.len\"",   "dbkey": "\"?\"",   "generate_histogram": "false",   "layout": "{\"__current_case__\": 1, \"reads\": {\"values\": [{\"id\": 2, \"src\": \"hdca\"}]}, \"select_layout\": \"collection\"}",   "max_mismatch_density": "\"0.25\"",   "max_overlap": "\"65\"",   "min_overlap": "\"10\"",   "save_log": "false"  },  "state": "error",  "stderr": "",  "stdout": "[FLASH] Starting FLASH v1.2.11\n[FLASH] Fast Length Adjustment of SHort reads\n[FLASH]  \n[FLASH] Input files:\n[FLASH]     /galaxy/server/database/objects/9/a/f/dataset_9af5b1ee-ad7a-4ccf-be7d-0c28670f50b8.dat\n[FLASH]     /galaxy/server/database/objects/b/2/3/dataset_b236d683-25d0-4d88-a013-5977d3311281.dat\n[FLASH]  \n[FLASH] Output files:\n[FLASH]     ./out.extendedFrags.fastq\n[FLASH]     ./out.notCombined_1.fastq\n[FLASH]     ./out.notCombined_2.fastq\n[FLASH]     ./out.hist\n[FLASH]     ./out.histogram\n[FLASH]  \n[FLASH] Parameters:\n[FLASH]     Min overlap:           10\n[FLASH]     Max overlap:           65\n[FLASH]     Max mismatch density:  0.250000\n[FLASH]     Allow \"outie\" pairs:   false\n[FLASH]     Cap mismatch quals:    false\n[FLASH]     Combiner threads:      1\n[FLASH]     Input format:          FASTQ, phred_offset=33\n[FLASH]     Output format:         FASTQ, phred_offset=33, gzip\n[FLASH]  \n[FLASH] Starting reader and writer threads\n[FLASH] Starting 1 combiner threads\n[FLASH] Processed 500 read pairs\n[FLASH]  \n[FLASH] Read combination statistics:\n[FLASH]     Total pairs:      500\n[FLASH]     Combined pairs:   18\n[FLASH]     Uncombined pairs: 482\n[FLASH]     Percent combined: 3.60%\n[FLASH]  \n[FLASH] Writing histogram files.\n[FLASH]  \n[FLASH] FLASH v1.2.11 complete!\n[FLASH] 0.034 seconds elapsed\n",  "tool_id": "toolshed.g2.bx.psu.edu/repos/iuc/flash/flash/1.2.11.4",  "tool_stderr": "",  "tool_stdout": "[FLASH] Starting FLASH v1.2.11\n[FLASH] Fast Length Adjustment of SHort reads\n[FLASH]  \n[FLASH] Input files:\n[FLASH]     /galaxy/server/database/objects/9/a/f/dataset_9af5b1ee-ad7a-4ccf-be7d-0c28670f50b8.dat\n[FLASH]     /galaxy/server/database/objects/b/2/3/dataset_b236d683-25d0-4d88-a013-5977d3311281.dat\n[FLASH]  \n[FLASH] Output files:\n[FLASH]     ./out.extendedFrags.fastq\n[FLASH]     ./out.notCombined_1.fastq\n[FLASH]     ./out.notCombined_2.fastq\n[FLASH]     ./out.hist\n[FLASH]     ./out.histogram\n[FLASH]  \n[FLASH] Parameters:\n[FLASH]     Min overlap:           10\n[FLASH]     Max overlap:           65\n[FLASH]     Max mismatch density:  0.250000\n[FLASH]     Allow \"outie\" pairs:   false\n[FLASH]     Cap mismatch quals:    false\n[FLASH]     Combiner threads:      1\n[FLASH]     Input format:          FASTQ, phred_offset=33\n[FLASH]     Output format:         FASTQ, phred_offset=33, gzip\n[FLASH]  \n[FLASH] Starting reader and writer threads\n[FLASH] Starting 1 combiner threads\n[FLASH] Processed 500 read pairs\n[FLASH]  \n[FLASH] Read combination statistics:\n[FLASH]     Total pairs:      500\n[FLASH]     Combined pairs:   18\n[FLASH]     Uncombined pairs: 482\n[FLASH]     Percent combined: 3.60%\n[FLASH]  \n[FLASH] Writing histogram files.\n[FLASH]  \n[FLASH] FLASH v1.2.11 complete!\n[FLASH] 0.034 seconds elapsed\n",  "update_time": "2026-01-15T01:10:17.133442",  "user_email": "tests@fake.org" }, "output_problems": [  "Job in error state.. tool_id: toolshed.g2.bx.psu.edu/repos/iuc/flash/flash/1.2.11.4, exit_code: None, stderr: ." ], "status": "failure", "test_index": 4, "time_seconds": 29.51719355583191, "tool_id": "flash", "tool_version": "1.2.11.4"}
                ]]></error>
            
            <system-out><![CDATA[
            [FLASH] Starting FLASH v1.2.11[FLASH] Fast Length Adjustment of SHort reads[FLASH]  [FLASH] Input files:[FLASH]     /galaxy/server/database/objects/9/a/f/dataset_9af5b1ee-ad7a-4ccf-be7d-0c28670f50b8.dat[FLASH]     /galaxy/server/database/objects/b/2/3/dataset_b236d683-25d0-4d88-a013-5977d3311281.dat[FLASH]  [FLASH] Output files:[FLASH]     ./out.extendedFrags.fastq[FLASH]     ./out.notCombined_1.fastq[FLASH]     ./out.notCombined_2.fastq[FLASH]     ./out.hist[FLASH]     ./out.histogram[FLASH]  [FLASH] Parameters:[FLASH]     Min overlap:           10[FLASH]     Max overlap:           65[FLASH]     Max mismatch density:  0.250000[FLASH]     Allow "outie" pairs:   false[FLASH]     Cap mismatch quals:    false[FLASH]     Combiner threads:      1[FLASH]     Input format:          FASTQ, phred_offset=33[FLASH]     Output format:         FASTQ, phred_offset=33, gzip[FLASH]  [FLASH] Starting reader and writer threads[FLASH] Starting 1 combiner threads[FLASH] Processed 500 read pairs[FLASH]  [FLASH] Read combination statistics:[FLASH]     Total pairs:      500[FLASH]     Combined pairs:   18[FLASH]     Uncombined pairs: 482[FLASH]     Percent combined: 3.60%[FLASH]  [FLASH] Writing histogram files.[FLASH]  [FLASH] FLASH v1.2.11 complete![FLASH] 0.034 seconds elapsed
            ]]></system-out>
            <system-err><![CDATA[
            
            ]]></system-err>
        
    </testcase>
    
    <testcase classname="ivar_filtervariants (Test #1)" name="0" time="45.72239589691162">
        
            
            <system-out><![CDATA[
            Header format of ./var_0.tsv did not match! Please use files generated using "ivar variants" command.
            ]]></system-out>
            <system-err><![CDATA[
            
            ]]></system-err>
        
    </testcase>
    
    <testcase classname="medaka_consensus (Test #1)" name="0" time="75.26018261909485">
        
            
                <error type="error" message="Tool exit code: 1"><![CDATA[
                    { "inputs": {  "bam": {   "id": "9f2b0d541bc101fd",   "src": "hda"  } }, "job": {  "command_line": "ln -s \u0027/galaxy/server/database/objects/5/9/2/dataset_592abf34-1857-40b0-9bdd-dba50ba85ef1.dat\u0027 alignment.bam \u0026\u0026 ln -s \u0027/galaxy/server/database/objects/_metadata_files/7/3/8/metadata_7388b13d-2bae-473c-acc4-d4af4f46d1ce.dat\u0027 alignment.bam.bai \u0026\u0026   medaka inference --debug --threads ${GALAXY_SLOTS:-4} --batch_size 100 --chunk_len 10000 --chunk_ovlp 1000 --model r103_fast_g507    alignment.bam \u0027/galaxy/server/database/objects/d/1/c/dataset_d1c20442-c71b-4905-98f6-95f57a74104e.dat\u0027  2\u003e\u00261 | tee log.txt",  "command_version": "Traceback (most recent call last):\n  File \"/usr/local/bin/medaka\", line 7, in \u003cmodule\u003e\n    from medaka.medaka import main\n  File \"/usr/local/lib/python3.12/site-packages/medaka/medaka.py\", line 5, in \u003cmodule\u003e\n    import medaka.torch_ext\n  File \"/usr/local/lib/python3.12/site-packages/medaka/torch_ext.py\", line 16, in \u003cmodule\u003e\n    import medaka.common\n  File \"/usr/local/lib/python3.12/site-packages/medaka/common.py\", line 21, in \u003cmodule\u003e\n    import libmedaka\nModuleNotFoundError: No module named \u0027_cffi_backend\u0027",  "copied_from_job_id": null,  "create_time": "2026-01-15T01:20:59.638385",  "dependencies": [],  "exit_code": 1,  "external_id": "gxy-24b29",  "galaxy_version": "24.1",  "handler": null,  "history_id": "8bee67df04634d4d",  "id": "cf09ba50eee9cbcb",  "inputs": {   "bam": {    "id": "9f2b0d541bc101fd",    "src": "hda",    "uuid": "592abf34-1857-40b0-9bdd-dba50ba85ef1"   }  },  "job_messages": [   {    "code_desc": "",    "desc": "Fatal error: Exit code 1 ()",    "error_level": 3,    "exit_code": 1,    "type": "exit_code"   }  ],  "job_metrics": [   {    "name": "runtime_seconds",    "plugin": "core",    "raw_value": "2.0000000",    "title": "Job Runtime (Wall Clock)",    "value": "2 seconds"   },   {    "name": "end_epoch",    "plugin": "core",    "raw_value": "1768440097.0000000",    "title": "Job End Time",    "value": "2026-01-15 01:21:37"   },   {    "name": "start_epoch",    "plugin": "core",    "raw_value": "1768440095.0000000",    "title": "Job Start Time",    "value": "2026-01-15 01:21:35"   },   {    "name": "galaxy_memory_mb",    "plugin": "core",    "raw_value": "16428.0000000",    "title": "Memory Allocated (MB)",    "value": "16428"   },   {    "name": "galaxy_slots",    "plugin": "core",    "raw_value": "4.0000000",    "title": "Cores Allocated",    "value": "4"   }  ],  "job_runner_name": null,  "job_stderr": "",  "job_stdout": "",  "model_class": "Job",  "output_collections": {},  "outputs": {   "out_result": {    "id": "840711640453ba99",    "src": "hda",    "uuid": "d1c20442-c71b-4905-98f6-95f57a74104e"   }  },  "params": {   "RG": "\"\"",   "__input_ext": "\"input\"",   "batch_size": "\"100\"",   "check_output": "false",   "chromInfo": "\"/cvmfs/data.galaxyproject.org/managed/len/ucsc/?.len\"",   "chunk_len": "\"10000\"",   "chunk_ovlp": "\"1000\"",   "dbkey": "\"?\"",   "model": "\"r103_fast_g507\"",   "out": "\"result\"",   "regions_cond": "{\"__current_case__\": 0, \"regions_sel\": \"none\"}",   "save_features": "false",   "tag_keep_missing": "false",   "tag_name": "\"\"",   "tag_value": "\"\""  },  "state": "error",  "stderr": "",  "stdout": "",  "tool_id": "toolshed.g2.bx.psu.edu/repos/iuc/medaka_consensus/medaka_consensus/2.1.1+galaxy0",  "tool_stderr": "",  "tool_stdout": "",  "update_time": "2026-01-15T01:21:56.285437",  "user_email": "tests@fake.org" }, "output_problems": [  "Job in error state.. tool_id: toolshed.g2.bx.psu.edu/repos/iuc/medaka_consensus/medaka_consensus/2.1.1+galaxy0, exit_code: 1, stderr: .",  "Output out_result:  different than expected\nExpected file size of 26144+-0 found 0" ], "status": "failure", "test_index": 0, "time_seconds": 75.26018261909485, "tool_id": "medaka_consensus", "tool_version": "2.1.1+galaxy0"}
                ]]></error>
            
            <system-out><![CDATA[
            
            ]]></system-out>
            <system-err><![CDATA[
            
            ]]></system-err>
        
    </testcase>
    
    <testcase classname="medaka_consensus (Test #2)" name="1" time="33.57356262207031">
        
            
                <error type="error" message="Tool exit code: 1"><![CDATA[
                    { "inputs": {  "bam": {   "id": "5df51cceaa4cc124",   "src": "hda"  },  "batch_size": "99",  "check_output": true,  "chunk_len": "9999",  "chunk_ovlp": "999",  "model": "r941_min_fast_g507",  "out": [   "result",   "log"  ],  "save_features": true,  "tag_keep_missing": true }, "job": {  "command_line": "ln -s \u0027/galaxy/server/database/objects/9/5/4/dataset_9544b5dd-de82-49b3-a878-c4f2c0afc44c.dat\u0027 alignment.bam \u0026\u0026 ln -s \u0027/galaxy/server/database/objects/_metadata_files/7/4/7/metadata_747793c0-b772-46b7-9e15-0bf775d347a6.dat\u0027 alignment.bam.bai \u0026\u0026   medaka inference --debug --threads ${GALAXY_SLOTS:-4} --batch_size 99 --chunk_len 9999 --chunk_ovlp 999 --model r941_min_fast_g507 --check_output --save_features --tag_keep_missing alignment.bam \u0027/galaxy/server/database/objects/d/6/2/dataset_d6222e5c-2a78-4932-bc92-a3dccfd7a42e.dat\u0027  2\u003e\u00261 | tee log.txt",  "command_version": "Traceback (most recent call last):\n  File \"/usr/local/bin/medaka\", line 7, in \u003cmodule\u003e\n    from medaka.medaka import main\n  File \"/usr/local/lib/python3.12/site-packages/medaka/medaka.py\", line 5, in \u003cmodule\u003e\n    import medaka.torch_ext\n  File \"/usr/local/lib/python3.12/site-packages/medaka/torch_ext.py\", line 16, in \u003cmodule\u003e\n    import medaka.common\n  File \"/usr/local/lib/python3.12/site-packages/medaka/common.py\", line 21, in \u003cmodule\u003e\n    import libmedaka\nModuleNotFoundError: No module named \u0027_cffi_backend\u0027",  "copied_from_job_id": null,  "create_time": "2026-01-15T01:22:16.087216",  "dependencies": [],  "exit_code": 1,  "external_id": "gxy-8zhbt",  "galaxy_version": "24.1",  "handler": null,  "history_id": "8bee67df04634d4d",  "id": "15ad62924a303950",  "inputs": {   "bam": {    "id": "5df51cceaa4cc124",    "src": "hda",    "uuid": "9544b5dd-de82-49b3-a878-c4f2c0afc44c"   }  },  "job_messages": [   {    "code_desc": "",    "desc": "Fatal error: Exit code 1 ()",    "error_level": 3,    "exit_code": 1,    "type": "exit_code"   }  ],  "job_metrics": [   {    "name": "runtime_seconds",    "plugin": "core",    "raw_value": "2.0000000",    "title": "Job Runtime (Wall Clock)",    "value": "2 seconds"   },   {    "name": "end_epoch",    "plugin": "core",    "raw_value": "1768440139.0000000",    "title": "Job End Time",    "value": "2026-01-15 01:22:19"   },   {    "name": "start_epoch",    "plugin": "core",    "raw_value": "1768440137.0000000",    "title": "Job Start Time",    "value": "2026-01-15 01:22:17"   },   {    "name": "galaxy_memory_mb",    "plugin": "core",    "raw_value": "16428.0000000",    "title": "Memory Allocated (MB)",    "value": "16428"   },   {    "name": "galaxy_slots",    "plugin": "core",    "raw_value": "4.0000000",    "title": "Cores Allocated",    "value": "4"   }  ],  "job_runner_name": null,  "job_stderr": "",  "job_stdout": "",  "model_class": "Job",  "output_collections": {},  "outputs": {   "out_log": {    "id": "3c897cc39e66dff9",    "src": "hda",    "uuid": "f7d3dbf5-d116-47a9-81cc-d98ccb4b27d7"   },   "out_result": {    "id": "51bd87c3fcfa18e0",    "src": "hda",    "uuid": "d6222e5c-2a78-4932-bc92-a3dccfd7a42e"   }  },  "params": {   "RG": "\"\"",   "__input_ext": "\"input\"",   "batch_size": "\"99\"",   "check_output": "true",   "chromInfo": "\"/cvmfs/data.galaxyproject.org/managed/len/ucsc/?.len\"",   "chunk_len": "\"9999\"",   "chunk_ovlp": "\"999\"",   "dbkey": "\"?\"",   "model": "\"r941_min_fast_g507\"",   "out": "[\"result\", \"log\"]",   "regions_cond": "{\"__current_case__\": 0, \"regions_sel\": \"none\"}",   "save_features": "true",   "tag_keep_missing": "true",   "tag_name": "\"\"",   "tag_value": "\"\""  },  "state": "error",  "stderr": "",  "stdout": "",  "tool_id": "toolshed.g2.bx.psu.edu/repos/iuc/medaka_consensus/medaka_consensus/2.1.1+galaxy0",  "tool_stderr": "",  "tool_stdout": "",  "update_time": "2026-01-15T01:22:29.851492",  "user_email": "tests@fake.org" }, "output_problems": [  "Job in error state.. tool_id: toolshed.g2.bx.psu.edu/repos/iuc/medaka_consensus/medaka_consensus/2.1.1+galaxy0, exit_code: 1, stderr: .",  "Output out_result:  different than expected\nExpected file size of 27104+-0 found 0",  "Output out_log:  different than expected\nExpected text matching expression \u0027.+Running prediction at full precision\u0027 in output (\u0027\u0027)" ], "status": "failure", "test_index": 1, "time_seconds": 33.57356262207031, "tool_id": "medaka_consensus", "tool_version": "2.1.1+galaxy0"}
                ]]></error>
            
            <system-out><![CDATA[
            
            ]]></system-out>
            <system-err><![CDATA[
            
            ]]></system-err>
        
    </testcase>
    
    <testcase classname="poretools_nucdist (Test #1)" name="0" time="62.61524438858032">
        
            
                <error type="error" message="Tool exit code: None"><![CDATA[
                    { "inputs": {  "input": {   "id": "28c8877649b3569e",   "src": "hda"  } }, "job": {  "command_line": "poretools nucdist \u0027/galaxy/server/database/objects/d/d/8/dataset_dd88356b-c9f4-4f7d-9a43-8284d746de61.dat\u0027 \u003e \u0027/galaxy/server/database/objects/b/d/9/dataset_bd98db27-118c-43c8-b3bd-acd0aec84d41.dat\u0027",  "command_version": null,  "copied_from_job_id": null,  "create_time": "2026-01-15T01:22:52.815189",  "dependencies": [],  "exit_code": null,  "external_id": "gxy-jgc95",  "galaxy_version": "24.1",  "handler": null,  "history_id": "8bee67df04634d4d",  "id": "8300f780b98dd2df",  "inputs": {   "input": {    "id": "28c8877649b3569e",    "src": "hda",    "uuid": "dd88356b-c9f4-4f7d-9a43-8284d746de61"   }  },  "job_messages": null,  "job_metrics": [],  "job_runner_name": null,  "job_stderr": null,  "job_stdout": null,  "model_class": "Job",  "output_collections": {},  "outputs": {   "output": {    "id": "0578f4bdaf21ba23",    "src": "hda",    "uuid": "bd98db27-118c-43c8-b3bd-acd0aec84d41"   }  },  "params": {   "__input_ext": "\"input\"",   "chromInfo": "\"/cvmfs/data.galaxyproject.org/managed/len/ucsc/?.len\"",   "dbkey": "\"?\""  },  "state": "error",  "stderr": "",  "stdout": "",  "tool_id": "toolshed.g2.bx.psu.edu/repos/iuc/poretools_nucdist/poretools_nucdist/0.6.1a1.0",  "tool_stderr": "",  "tool_stdout": "",  "update_time": "2026-01-15T01:23:33.796880",  "user_email": "tests@fake.org" }, "output_problems": [  "Job in error state.. tool_id: toolshed.g2.bx.psu.edu/repos/iuc/poretools_nucdist/poretools_nucdist/0.6.1a1.0, exit_code: None, stderr: ." ], "status": "failure", "test_index": 0, "time_seconds": 62.61524438858032, "tool_id": "poretools_nucdist", "tool_version": "0.6.1a1.0"}
                ]]></error>
            
            <system-out><![CDATA[
            
            ]]></system-out>
            <system-err><![CDATA[
            
            ]]></system-err>
        
    </testcase>
    
    <testcase classname="poretools_nucdist (Test #2)" name="1" time="31.836605310440063">
        
            
            <system-out><![CDATA[
            
            ]]></system-out>
            <system-err><![CDATA[
            
            ]]></system-err>
        
    </testcase>
    
    <testcase classname="qualimap_multi_bamqc (Test #1)" name="0" time="31.370398998260498">
        
            <error type="error" message="Input staging problem: Traceback (most recent call last):
  File "/opt/hostedtoolcache/Python/3.12.12/x64/lib/python3.12/site-packages/galaxy/tool_util/verify/interactor.py", line 1466, in verify_tool
    stage_data_in_history(
  File "/opt/hostedtoolcache/Python/3.12.12/x64/lib/python3.12/site-packages/galaxy/tool_util/verify/interactor.py", line 175, in stage_data_in_history
    staging_interface.handle_jobs()
  File "/opt/hostedtoolcache/Python/3.12.12/x64/lib/python3.12/site-packages/galaxy/tool_util/verify/interactor.py", line 212, in handle_jobs
    self.galaxy_interactor.wait_for_job(job_response["id"], job_response["history_id"], self.maxseconds)
  File "/opt/hostedtoolcache/Python/3.12.12/x64/lib/python3.12/site-packages/galaxy/tool_util/verify/interactor.py", line 398, in wait_for_job
    self.wait_for(lambda: self.__job_ready(job_id, history_id), maxseconds=maxseconds)
  File "/opt/hostedtoolcache/Python/3.12.12/x64/lib/python3.12/site-packages/galaxy/tool_util/verify/interactor.py", line 402, in wait_for
    wait_on(func, what, walltime_exceeded)
  File "/opt/hostedtoolcache/Python/3.12.12/x64/lib/python3.12/site-packages/galaxy/tool_util/verify/wait.py", line 38, in wait_on
    value = function()
            ^^^^^^^^^^
  File "/opt/hostedtoolcache/Python/3.12.12/x64/lib/python3.12/site-packages/galaxy/tool_util/verify/interactor.py", line 398, in <lambda>
    self.wait_for(lambda: self.__job_ready(job_id, history_id), maxseconds=maxseconds)
                          ^^^^^^^^^^^^^^^^^^^^^^^^^^^^^^^^^^^^
  File "/opt/hostedtoolcache/Python/3.12.12/x64/lib/python3.12/site-packages/galaxy/tool_util/verify/interactor.py", line 751, in __job_ready
    return self._state_ready(job_id, error_msg="Job in error state.")
           ^^^^^^^^^^^^^^^^^^^^^^^^^^^^^^^^^^^^^^^^^^^^^^^^^^^^^^^^^^
  File "/opt/hostedtoolcache/Python/3.12.12/x64/lib/python3.12/site-packages/galaxy/tool_util/verify/interactor.py", line 847, in _state_ready
    raise Exception(
Exception: Job in error state.. tool_id: __DATA_FETCH__, exit_code: None, stderr: .
"><![CDATA[
                { "execution_problem": "Input staging problem: Traceback (most recent call last):\n  File \"/opt/hostedtoolcache/Python/3.12.12/x64/lib/python3.12/site-packages/galaxy/tool_util/verify/interactor.py\", line 1466, in verify_tool\n    stage_data_in_history(\n  File \"/opt/hostedtoolcache/Python/3.12.12/x64/lib/python3.12/site-packages/galaxy/tool_util/verify/interactor.py\", line 175, in stage_data_in_history\n    staging_interface.handle_jobs()\n  File \"/opt/hostedtoolcache/Python/3.12.12/x64/lib/python3.12/site-packages/galaxy/tool_util/verify/interactor.py\", line 212, in handle_jobs\n    self.galaxy_interactor.wait_for_job(job_response[\"id\"], job_response[\"history_id\"], self.maxseconds)\n  File \"/opt/hostedtoolcache/Python/3.12.12/x64/lib/python3.12/site-packages/galaxy/tool_util/verify/interactor.py\", line 398, in wait_for_job\n    self.wait_for(lambda: self.__job_ready(job_id, history_id), maxseconds=maxseconds)\n  File \"/opt/hostedtoolcache/Python/3.12.12/x64/lib/python3.12/site-packages/galaxy/tool_util/verify/interactor.py\", line 402, in wait_for\n    wait_on(func, what, walltime_exceeded)\n  File \"/opt/hostedtoolcache/Python/3.12.12/x64/lib/python3.12/site-packages/galaxy/tool_util/verify/wait.py\", line 38, in wait_on\n    value = function()\n            ^^^^^^^^^^\n  File \"/opt/hostedtoolcache/Python/3.12.12/x64/lib/python3.12/site-packages/galaxy/tool_util/verify/interactor.py\", line 398, in \u003clambda\u003e\n    self.wait_for(lambda: self.__job_ready(job_id, history_id), maxseconds=maxseconds)\n                          ^^^^^^^^^^^^^^^^^^^^^^^^^^^^^^^^^^^^\n  File \"/opt/hostedtoolcache/Python/3.12.12/x64/lib/python3.12/site-packages/galaxy/tool_util/verify/interactor.py\", line 751, in __job_ready\n    return self._state_ready(job_id, error_msg=\"Job in error state.\")\n           ^^^^^^^^^^^^^^^^^^^^^^^^^^^^^^^^^^^^^^^^^^^^^^^^^^^^^^^^^^\n  File \"/opt/hostedtoolcache/Python/3.12.12/x64/lib/python3.12/site-packages/galaxy/tool_util/verify/interactor.py\", line 847, in _state_ready\n    raise Exception(\nException: Job in error state.. tool_id: __DATA_FETCH__, exit_code: None, stderr: .\n", "status": "error", "test_index": 0, "time_seconds": 31.370398998260498, "tool_id": "qualimap_multi_bamqc", "tool_version": "2.3+galaxy0"}
            ]]></error>
        
    </testcase>
    
    <testcase classname="racon (Test #1)" name="0" time="47.022156715393066">
        
            
            <system-out><![CDATA[
            
            ]]></system-out>
            <system-err><![CDATA[
            [racon::Polisher::initialize] loaded target sequences 0.000788 s[racon::Polisher::initialize] loaded sequences 0.008460 s[racon::Polisher::initialize] loaded overlaps 0.007970 s[racon::Polisher::initialize] aligning overlaps [=>                  ] 0.001586 s[racon::Polisher::initialize] aligning overlaps [==>                 ] 0.001667 s[racon::Polisher::initialize] aligning overlaps [===>                ] 0.001776 s[racon::Polisher::initialize] aligning overlaps [====>               ] 0.001838 s[racon::Polisher::initialize] aligning overlaps [=====>              ] 0.001886 s[racon::Polisher::initialize] aligning overlaps [======>             ] 0.002031 s[racon::Polisher::initialize] aligning overlaps [=======>            ] 0.002061 s[racon::Polisher::initialize] aligning overlaps [========>           ] 0.002072 s[racon::Polisher::initialize] aligning overlaps [=========>          ] 0.002130 s[racon::Polisher::initialize] aligning overlaps [==========>         ] 0.002184 s[racon::Polisher::initialize] aligning overlaps [===========>        ] 0.002245 s[racon::Polisher::initialize] aligning overlaps [============>       ] 0.002329 s[racon::Polisher::initialize] aligning overlaps [=============>      ] 0.002432 s[racon::Polisher::initialize] aligning overlaps [==============>     ] 0.002443 s[racon::Polisher::initialize] aligning overlaps [===============>    ] 0.002556 s[racon::Polisher::initialize] aligning overlaps [================>   ] 0.002563 s[racon::Polisher::initialize] aligning overlaps [=================>  ] 0.002569 s[racon::Polisher::initialize] aligning overlaps [==================> ] 0.002640 s[racon::Polisher::initialize] aligning overlaps [===================>] 0.002701 s[racon::Polisher::initialize] aligning overlaps [====================] 0.002711 s[racon::Polisher::initialize] transformed data into windows 0.000303 s[racon::Polisher::polish] generating consensus [=>                  ] 0.046561 s[racon::Polisher::polish] generating consensus [==>                 ] 0.049857 s[racon::Polisher::polish] generating consensus [===>                ] 0.062151 s[racon::Polisher::polish] generating consensus [====>               ] 0.078430 s[racon::Polisher::polish] generating consensus [=====>              ] 0.078719 s[racon::Polisher::polish] generating consensus [======>             ] 0.101488 s[racon::Polisher::polish] generating consensus [=======>            ] 0.103464 s[racon::Polisher::polish] generating consensus [========>           ] 0.103687 s[racon::Polisher::polish] generating consensus [=========>          ] 0.158976 s[racon::Polisher::polish] generating consensus [==========>         ] 0.159005 s[racon::Polisher::polish] generating consensus [===========>        ] 0.196415 s[racon::Polisher::polish] generating consensus [============>       ] 0.233879 s[racon::Polisher::polish] generating consensus [=============>      ] 0.233911 s[racon::Polisher::polish] generating consensus [==============>     ] 0.285385 s[racon::Polisher::polish] generating consensus [===============>    ] 0.285427 s[racon::Polisher::polish] generating consensus [================>   ] 0.285445 s[racon::Polisher::polish] generating consensus [=================>  ] 0.291542 s[racon::Polisher::polish] generating consensus [==================> ] 0.307141 s[racon::Polisher::polish] generating consensus [===================>] 0.325344 s[racon::Polisher::polish] generating consensus [====================] 0.331856 s[racon::Polisher::] total = 0.354841 s
            ]]></system-err>
        
    </testcase>
    
    <testcase classname="racon (Test #2)" name="1" time="21.153477907180786">
        
            <error type="error" message="Input staging problem: Traceback (most recent call last):
  File "/opt/hostedtoolcache/Python/3.12.12/x64/lib/python3.12/site-packages/galaxy/tool_util/verify/interactor.py", line 1466, in verify_tool
    stage_data_in_history(
  File "/opt/hostedtoolcache/Python/3.12.12/x64/lib/python3.12/site-packages/galaxy/tool_util/verify/interactor.py", line 175, in stage_data_in_history
    staging_interface.handle_jobs()
  File "/opt/hostedtoolcache/Python/3.12.12/x64/lib/python3.12/site-packages/galaxy/tool_util/verify/interactor.py", line 212, in handle_jobs
    self.galaxy_interactor.wait_for_job(job_response["id"], job_response["history_id"], self.maxseconds)
  File "/opt/hostedtoolcache/Python/3.12.12/x64/lib/python3.12/site-packages/galaxy/tool_util/verify/interactor.py", line 398, in wait_for_job
    self.wait_for(lambda: self.__job_ready(job_id, history_id), maxseconds=maxseconds)
  File "/opt/hostedtoolcache/Python/3.12.12/x64/lib/python3.12/site-packages/galaxy/tool_util/verify/interactor.py", line 402, in wait_for
    wait_on(func, what, walltime_exceeded)
  File "/opt/hostedtoolcache/Python/3.12.12/x64/lib/python3.12/site-packages/galaxy/tool_util/verify/wait.py", line 38, in wait_on
    value = function()
            ^^^^^^^^^^
  File "/opt/hostedtoolcache/Python/3.12.12/x64/lib/python3.12/site-packages/galaxy/tool_util/verify/interactor.py", line 398, in <lambda>
    self.wait_for(lambda: self.__job_ready(job_id, history_id), maxseconds=maxseconds)
                          ^^^^^^^^^^^^^^^^^^^^^^^^^^^^^^^^^^^^
  File "/opt/hostedtoolcache/Python/3.12.12/x64/lib/python3.12/site-packages/galaxy/tool_util/verify/interactor.py", line 751, in __job_ready
    return self._state_ready(job_id, error_msg="Job in error state.")
           ^^^^^^^^^^^^^^^^^^^^^^^^^^^^^^^^^^^^^^^^^^^^^^^^^^^^^^^^^^
  File "/opt/hostedtoolcache/Python/3.12.12/x64/lib/python3.12/site-packages/galaxy/tool_util/verify/interactor.py", line 847, in _state_ready
    raise Exception(
Exception: Job in error state.. tool_id: __DATA_FETCH__, exit_code: None, stderr: .
"><![CDATA[
                { "execution_problem": "Input staging problem: Traceback (most recent call last):\n  File \"/opt/hostedtoolcache/Python/3.12.12/x64/lib/python3.12/site-packages/galaxy/tool_util/verify/interactor.py\", line 1466, in verify_tool\n    stage_data_in_history(\n  File \"/opt/hostedtoolcache/Python/3.12.12/x64/lib/python3.12/site-packages/galaxy/tool_util/verify/interactor.py\", line 175, in stage_data_in_history\n    staging_interface.handle_jobs()\n  File \"/opt/hostedtoolcache/Python/3.12.12/x64/lib/python3.12/site-packages/galaxy/tool_util/verify/interactor.py\", line 212, in handle_jobs\n    self.galaxy_interactor.wait_for_job(job_response[\"id\"], job_response[\"history_id\"], self.maxseconds)\n  File \"/opt/hostedtoolcache/Python/3.12.12/x64/lib/python3.12/site-packages/galaxy/tool_util/verify/interactor.py\", line 398, in wait_for_job\n    self.wait_for(lambda: self.__job_ready(job_id, history_id), maxseconds=maxseconds)\n  File \"/opt/hostedtoolcache/Python/3.12.12/x64/lib/python3.12/site-packages/galaxy/tool_util/verify/interactor.py\", line 402, in wait_for\n    wait_on(func, what, walltime_exceeded)\n  File \"/opt/hostedtoolcache/Python/3.12.12/x64/lib/python3.12/site-packages/galaxy/tool_util/verify/wait.py\", line 38, in wait_on\n    value = function()\n            ^^^^^^^^^^\n  File \"/opt/hostedtoolcache/Python/3.12.12/x64/lib/python3.12/site-packages/galaxy/tool_util/verify/interactor.py\", line 398, in \u003clambda\u003e\n    self.wait_for(lambda: self.__job_ready(job_id, history_id), maxseconds=maxseconds)\n                          ^^^^^^^^^^^^^^^^^^^^^^^^^^^^^^^^^^^^\n  File \"/opt/hostedtoolcache/Python/3.12.12/x64/lib/python3.12/site-packages/galaxy/tool_util/verify/interactor.py\", line 751, in __job_ready\n    return self._state_ready(job_id, error_msg=\"Job in error state.\")\n           ^^^^^^^^^^^^^^^^^^^^^^^^^^^^^^^^^^^^^^^^^^^^^^^^^^^^^^^^^^\n  File \"/opt/hostedtoolcache/Python/3.12.12/x64/lib/python3.12/site-packages/galaxy/tool_util/verify/interactor.py\", line 847, in _state_ready\n    raise Exception(\nException: Job in error state.. tool_id: __DATA_FETCH__, exit_code: None, stderr: .\n", "status": "error", "test_index": 1, "time_seconds": 21.153477907180786, "tool_id": "racon", "tool_version": "1.5.0+galaxy1"}
            ]]></error>
        
    </testcase>
    
    <testcase classname="racon (Test #3)" name="2" time="31.049078464508057">
        
            
                <error type="error" message="Tool exit code: None"><![CDATA[
                    { "inputs": {  "corrected_reads": {   "id": "8e2afbbfaec3962b",   "src": "hda"  },  "fragment_correction": false,  "gap": "-3",  "include_unpolished": false,  "match": "7",  "mismatch": "-4",  "no_trimming": true,  "overlaps": {   "id": "3e566237d424b1b1",   "src": "hda"  },  "quality_threshold": "9.0",  "reads": {   "id": "986fd097ab5bdfda",   "src": "hda"  } }, "job": {  "command_line": "ln -s \u0027/galaxy/server/database/objects/2/f/e/dataset_2fe26e39-8fb5-430c-8789-89e41c37a6a1.dat\u0027 reads.fasta \u0026\u0026 ln -s \u0027/galaxy/server/database/objects/7/1/d/dataset_71dbb2ed-6c11-4145-835e-2b30212e0cad.dat\u0027 overlaps.sam \u0026\u0026  ln -s \u0027/galaxy/server/database/objects/5/7/3/dataset_573697b5-81c5-4a36-a8e7-6235c787dad2.dat\u0027 corrected_reads.fasta \u0026\u0026  racon reads.fasta overlaps.sam corrected_reads.fasta -t ${GALAXY_SLOTS:-4}   -w 500 -q 9.0 -e 0.3 --no-trimming -m 7 -x -4 -g -3 \u003e racon_polished_consensus.fa",  "command_version": null,  "copied_from_job_id": null,  "create_time": "2026-01-15T01:26:45.074503",  "dependencies": [],  "exit_code": null,  "external_id": "gxy-hrnc5",  "galaxy_version": "24.1",  "handler": null,  "history_id": "8bee67df04634d4d",  "id": "8df57c77a66493fa",  "inputs": {   "corrected_reads": {    "id": "8e2afbbfaec3962b",    "src": "hda",    "uuid": "573697b5-81c5-4a36-a8e7-6235c787dad2"   },   "overlaps": {    "id": "3e566237d424b1b1",    "src": "hda",    "uuid": "71dbb2ed-6c11-4145-835e-2b30212e0cad"   },   "reads": {    "id": "986fd097ab5bdfda",    "src": "hda",    "uuid": "2fe26e39-8fb5-430c-8789-89e41c37a6a1"   }  },  "job_messages": null,  "job_metrics": [],  "job_runner_name": null,  "job_stderr": null,  "job_stdout": null,  "model_class": "Job",  "output_collections": {},  "outputs": {   "consensus": {    "id": "cb81313f888f2b7c",    "src": "hda",    "uuid": "4b0349df-8c85-480c-b788-eef5251961ca"   }  },  "params": {   "__input_ext": "\"input\"",   "chromInfo": "\"/cvmfs/data.galaxyproject.org/managed/len/ucsc/?.len\"",   "dbkey": "\"?\"",   "error_threshold": "\"0.3\"",   "fragment_correction": "false",   "gap": "\"-3\"",   "include_unpolished": "false",   "match": "\"7\"",   "mismatch": "\"-4\"",   "no_trimming": "true",   "quality_threshold": "\"9.0\"",   "window_length": "\"500\""  },  "state": "error",  "stderr": "[racon::Polisher::initialize] loaded target sequences 0.000829 s\n[racon::Polisher::initialize] loaded sequences 0.008367 s\n[racon::Polisher::initialize] loaded overlaps 0.008897 s\n[racon::Polisher::initialize] aligning overlaps [=\u003e                  ] 0.001536 s\r[racon::Polisher::initialize] aligning overlaps [==\u003e                 ] 0.001594 s\r[racon::Polisher::initialize] aligning overlaps [===\u003e                ] 0.001757 s\r[racon::Polisher::initialize] aligning overlaps [====\u003e               ] 0.001812 s\r[racon::Polisher::initialize] aligning overlaps [=====\u003e              ] 0.001846 s\r[racon::Polisher::initialize] aligning overlaps [======\u003e             ] 0.001951 s\r[racon::Polisher::initialize] aligning overlaps [=======\u003e            ] 0.002046 s\r[racon::Polisher::initialize] aligning overlaps [========\u003e           ] 0.002112 s\r[racon::Polisher::initialize] aligning overlaps [=========\u003e          ] 0.002137 s\r[racon::Polisher::initialize] aligning overlaps [==========\u003e         ] 0.002146 s\r[racon::Polisher::initialize] aligning overlaps [===========\u003e        ] 0.002229 s\r[racon::Polisher::initialize] aligning overlaps [============\u003e       ] 0.002238 s\r[racon::Polisher::initialize] aligning overlaps [=============\u003e      ] 0.002286 s\r[racon::Polisher::initialize] aligning overlaps [==============\u003e     ] 0.002336 s\r[racon::Polisher::initialize] aligning overlaps [===============\u003e    ] 0.002446 s\r[racon::Polisher::initialize] aligning overlaps [================\u003e   ] 0.002504 s\r[racon::Polisher::initialize] aligning overlaps [=================\u003e  ] 0.002515 s\r[racon::Polisher::initialize] aligning overlaps [==================\u003e ] 0.002523 s\r[racon::Polisher::initialize] aligning overlaps [===================\u003e] 0.002605 s\r[racon::Polisher::initialize] aligning overlaps [====================] 0.002614 s\n[racon::Polisher::initialize] transformed data into windows 0.000410 s\n[racon::Polisher::polish] generating consensus [=\u003e                  ] 0.020423 s\r[racon::Polisher::polish] generating consensus [==\u003e                 ] 0.021182 s\r[racon::Polisher::polish] generating consensus [===\u003e                ] 0.048796 s\r[racon::Polisher::polish] generating consensus [====\u003e               ] 0.048841 s\r[racon::Polisher::polish] generating consensus [=====\u003e              ] 0.055966 s\r[racon::Polisher::polish] generating consensus [======\u003e             ] 0.055995 s\r[racon::Polisher::polish] generating consensus [=======\u003e            ] 0.063500 s\r[racon::Polisher::polish] generating consensus [========\u003e           ] 0.063643 s\r[racon::Polisher::polish] generating consensus [=========\u003e          ] 0.073722 s\r[racon::Polisher::polish] generating consensus [==========\u003e         ] 0.074220 s\r[racon::Polisher::polish] generating consensus [===========\u003e        ] 0.091915 s\r[racon::Polisher::polish] generating consensus [============\u003e       ] 0.096222 s\r[racon::Polisher::polish] generating consensus [=============\u003e      ] 0.125260 s\r[racon::Polisher::polish] generating consensus [==============\u003e     ] 0.125426 s\r[racon::Polisher::polish] generating consensus [===============\u003e    ] 0.147863 s\r[racon::Polisher::polish] generating consensus [================\u003e   ] 0.148016 s\r[racon::Polisher::polish] generating consensus [=================\u003e  ] 0.162239 s\r[racon::Polisher::polish] generating consensus [==================\u003e ] 0.162283 s\r[racon::Polisher::polish] generating consensus [===================\u003e] 0.175484 s\r[racon::Polisher::polish] generating consensus [====================] 0.209966 s\n[racon::Polisher::] total = 0.234448 s\n",  "stdout": "",  "tool_id": "toolshed.g2.bx.psu.edu/repos/bgruening/racon/racon/1.5.0+galaxy1",  "tool_stderr": "[racon::Polisher::initialize] loaded target sequences 0.000829 s\n[racon::Polisher::initialize] loaded sequences 0.008367 s\n[racon::Polisher::initialize] loaded overlaps 0.008897 s\n[racon::Polisher::initialize] aligning overlaps [=\u003e                  ] 0.001536 s\r[racon::Polisher::initialize] aligning overlaps [==\u003e                 ] 0.001594 s\r[racon::Polisher::initialize] aligning overlaps [===\u003e                ] 0.001757 s\r[racon::Polisher::initialize] aligning overlaps [====\u003e               ] 0.001812 s\r[racon::Polisher::initialize] aligning overlaps [=====\u003e              ] 0.001846 s\r[racon::Polisher::initialize] aligning overlaps [======\u003e             ] 0.001951 s\r[racon::Polisher::initialize] aligning overlaps [=======\u003e            ] 0.002046 s\r[racon::Polisher::initialize] aligning overlaps [========\u003e           ] 0.002112 s\r[racon::Polisher::initialize] aligning overlaps [=========\u003e          ] 0.002137 s\r[racon::Polisher::initialize] aligning overlaps [==========\u003e         ] 0.002146 s\r[racon::Polisher::initialize] aligning overlaps [===========\u003e        ] 0.002229 s\r[racon::Polisher::initialize] aligning overlaps [============\u003e       ] 0.002238 s\r[racon::Polisher::initialize] aligning overlaps [=============\u003e      ] 0.002286 s\r[racon::Polisher::initialize] aligning overlaps [==============\u003e     ] 0.002336 s\r[racon::Polisher::initialize] aligning overlaps [===============\u003e    ] 0.002446 s\r[racon::Polisher::initialize] aligning overlaps [================\u003e   ] 0.002504 s\r[racon::Polisher::initialize] aligning overlaps [=================\u003e  ] 0.002515 s\r[racon::Polisher::initialize] aligning overlaps [==================\u003e ] 0.002523 s\r[racon::Polisher::initialize] aligning overlaps [===================\u003e] 0.002605 s\r[racon::Polisher::initialize] aligning overlaps [====================] 0.002614 s\n[racon::Polisher::initialize] transformed data into windows 0.000410 s\n[racon::Polisher::polish] generating consensus [=\u003e                  ] 0.020423 s\r[racon::Polisher::polish] generating consensus [==\u003e                 ] 0.021182 s\r[racon::Polisher::polish] generating consensus [===\u003e                ] 0.048796 s\r[racon::Polisher::polish] generating consensus [====\u003e               ] 0.048841 s\r[racon::Polisher::polish] generating consensus [=====\u003e              ] 0.055966 s\r[racon::Polisher::polish] generating consensus [======\u003e             ] 0.055995 s\r[racon::Polisher::polish] generating consensus [=======\u003e            ] 0.063500 s\r[racon::Polisher::polish] generating consensus [========\u003e           ] 0.063643 s\r[racon::Polisher::polish] generating consensus [=========\u003e          ] 0.073722 s\r[racon::Polisher::polish] generating consensus [==========\u003e         ] 0.074220 s\r[racon::Polisher::polish] generating consensus [===========\u003e        ] 0.091915 s\r[racon::Polisher::polish] generating consensus [============\u003e       ] 0.096222 s\r[racon::Polisher::polish] generating consensus [=============\u003e      ] 0.125260 s\r[racon::Polisher::polish] generating consensus [==============\u003e     ] 0.125426 s\r[racon::Polisher::polish] generating consensus [===============\u003e    ] 0.147863 s\r[racon::Polisher::polish] generating consensus [================\u003e   ] 0.148016 s\r[racon::Polisher::polish] generating consensus [=================\u003e  ] 0.162239 s\r[racon::Polisher::polish] generating consensus [==================\u003e ] 0.162283 s\r[racon::Polisher::polish] generating consensus [===================\u003e] 0.175484 s\r[racon::Polisher::polish] generating consensus [====================] 0.209966 s\n[racon::Polisher::] total = 0.234448 s\n",  "tool_stdout": "",  "update_time": "2026-01-15T01:26:50.629580",  "user_email": "tests@fake.org" }, "output_problems": [  "Job in error state.. tool_id: toolshed.g2.bx.psu.edu/repos/bgruening/racon/racon/1.5.0+galaxy1, exit_code: None, stderr: [racon::Polisher::initialize] loaded target sequences 0.000829 s\n[racon::Polisher::initialize] loaded sequences 0.008367 s\n[racon::Polisher::initialize] loaded overlaps 0.008897 s\n[racon::Polisher::initialize] aligning overlaps [=\u003e                  ] 0.001536 s\r[racon::Polisher::initialize] aligning overlaps [==\u003e                 ] 0.001594 s\r[racon::Polisher::initialize] aligning overlaps [===\u003e                ] 0.001757 s\r[racon::Polisher::initialize] aligning overlaps [====\u003e               ] 0.001812 s\r[racon::Polisher::initialize] aligning overlaps [=====\u003e              ] 0.001846 s\r[racon::Polisher::initialize] aligning overlaps [======\u003e             ] 0.001951 s\r[racon::Polisher::initialize] aligning overlaps [=======\u003e            ] 0.002046 s\r[racon::Polisher::initialize] aligning overlaps [========\u003e           ] 0.002112 s\r[racon::Polisher::initialize] aligning overlaps [=========\u003e          ] 0.002137 s\r[racon::Polisher::initialize] aligning overlaps [==========\u003e         ] 0.002146 s\r[racon::Polisher::initialize] aligning overlaps [===========\u003e        ] 0.002229 s\r[racon::Polisher::initialize] aligning overlaps [============\u003e       ] 0.002238 s\r[racon::Polisher::initialize] aligning overlaps [=============\u003e      ] 0.002286 s\r[racon::Polisher::initialize] aligning overlaps [==============\u003e     ] 0.002336 s\r[racon::Polisher::initialize] aligning overlaps [===============\u003e    ] 0.002446 s\r[racon::Polisher::initialize] aligning overlaps [================\u003e   ] 0.002504 s\r[racon::Polisher::initialize] aligning overlaps [=================\u003e  ] 0.002515 s\r[racon::Polisher::initialize] aligning overlaps [==================\u003e ] 0.002523 s\r[racon::Polisher::initialize] aligning overlaps [===================\u003e] 0.002605 s\r[racon::Polisher::initialize] aligning overlaps [====================] 0.002614 s\n[racon::Polisher::initialize] transformed data into windows 0.000410 s\n[racon::Polisher::polish] generating consensus [=\u003e                  ] 0.020423 s\r[racon::Polisher::polish] generating consensus [==\u003e                 ] 0.021182 s\r[racon::Polisher::polish] generating consensus [===\u003e                ] 0.048796 s\r[racon::Polisher::polish] generating consensus [====\u003e               ] 0.048841 s\r[racon::Polisher::polish] generating consensus [=====\u003e              ] 0.055966 s\r[racon::Polisher::polish] generating consensus [======\u003e             ] 0.055995 s\r[racon::Polisher::polish] generating consensus [=======\u003e            ] 0.063500 s\r[racon::Polisher::polish] generating consensus [========\u003e           ] 0.063643 s\r[racon::Polisher::polish] generating consensus [=========\u003e          ] 0.073722 s\r[racon::Polisher::polish] generating consensus [==========\u003e         ] 0.074220 s\r[racon::Polisher::polish] generating consensus [===========\u003e        ] 0.091915 s\r[racon::Polisher::polish] generating consensus [============\u003e       ] 0.096222 s\r[racon::Polisher::polish] generating consensus [=============\u003e      ] 0.125260 s\r[racon::Polisher::polish] generating consensus [==============\u003e     ] 0.125426 s\r[racon::Polisher::polish] generating consensus [===============\u003e    ] 0.147863 s\r[racon::Polisher::polish] generating consensus [================\u003e   ] 0.148016 s\r[racon::Polisher::polish] generating consensus [=================\u003e  ] 0.162239 s\r[racon::Polisher::polish] generating consensus [==================\u003e ] 0.162283 s\r[racon::Polisher::polish] generating consensus [===================\u003e] 0.175484 s\r[racon::Polisher::polish] generating consensus [====================] 0.209966 s\n[racon::Polisher::] total = 0.234448 s\n." ], "status": "failure", "test_index": 2, "time_seconds": 31.049078464508057, "tool_id": "racon", "tool_version": "1.5.0+galaxy1"}
                ]]></error>
            
            <system-out><![CDATA[
            
            ]]></system-out>
            <system-err><![CDATA[
            [racon::Polisher::initialize] loaded target sequences 0.000829 s[racon::Polisher::initialize] loaded sequences 0.008367 s[racon::Polisher::initialize] loaded overlaps 0.008897 s[racon::Polisher::initialize] aligning overlaps [=>                  ] 0.001536 s[racon::Polisher::initialize] aligning overlaps [==>                 ] 0.001594 s[racon::Polisher::initialize] aligning overlaps [===>                ] 0.001757 s[racon::Polisher::initialize] aligning overlaps [====>               ] 0.001812 s[racon::Polisher::initialize] aligning overlaps [=====>              ] 0.001846 s[racon::Polisher::initialize] aligning overlaps [======>             ] 0.001951 s[racon::Polisher::initialize] aligning overlaps [=======>            ] 0.002046 s[racon::Polisher::initialize] aligning overlaps [========>           ] 0.002112 s[racon::Polisher::initialize] aligning overlaps [=========>          ] 0.002137 s[racon::Polisher::initialize] aligning overlaps [==========>         ] 0.002146 s[racon::Polisher::initialize] aligning overlaps [===========>        ] 0.002229 s[racon::Polisher::initialize] aligning overlaps [============>       ] 0.002238 s[racon::Polisher::initialize] aligning overlaps [=============>      ] 0.002286 s[racon::Polisher::initialize] aligning overlaps [==============>     ] 0.002336 s[racon::Polisher::initialize] aligning overlaps [===============>    ] 0.002446 s[racon::Polisher::initialize] aligning overlaps [================>   ] 0.002504 s[racon::Polisher::initialize] aligning overlaps [=================>  ] 0.002515 s[racon::Polisher::initialize] aligning overlaps [==================> ] 0.002523 s[racon::Polisher::initialize] aligning overlaps [===================>] 0.002605 s[racon::Polisher::initialize] aligning overlaps [====================] 0.002614 s[racon::Polisher::initialize] transformed data into windows 0.000410 s[racon::Polisher::polish] generating consensus [=>                  ] 0.020423 s[racon::Polisher::polish] generating consensus [==>                 ] 0.021182 s[racon::Polisher::polish] generating consensus [===>                ] 0.048796 s[racon::Polisher::polish] generating consensus [====>               ] 0.048841 s[racon::Polisher::polish] generating consensus [=====>              ] 0.055966 s[racon::Polisher::polish] generating consensus [======>             ] 0.055995 s[racon::Polisher::polish] generating consensus [=======>            ] 0.063500 s[racon::Polisher::polish] generating consensus [========>           ] 0.063643 s[racon::Polisher::polish] generating consensus [=========>          ] 0.073722 s[racon::Polisher::polish] generating consensus [==========>         ] 0.074220 s[racon::Polisher::polish] generating consensus [===========>        ] 0.091915 s[racon::Polisher::polish] generating consensus [============>       ] 0.096222 s[racon::Polisher::polish] generating consensus [=============>      ] 0.125260 s[racon::Polisher::polish] generating consensus [==============>     ] 0.125426 s[racon::Polisher::polish] generating consensus [===============>    ] 0.147863 s[racon::Polisher::polish] generating consensus [================>   ] 0.148016 s[racon::Polisher::polish] generating consensus [=================>  ] 0.162239 s[racon::Polisher::polish] generating consensus [==================> ] 0.162283 s[racon::Polisher::polish] generating consensus [===================>] 0.175484 s[racon::Polisher::polish] generating consensus [====================] 0.209966 s[racon::Polisher::] total = 0.234448 s
            ]]></system-err>
        
    </testcase>
    
    <testcase classname="samtools_sort (Test #1)" name="0" time="46.583330154418945">
        
            
            <system-out><![CDATA[
            
            ]]></system-out>
            <system-err><![CDATA[
            
            ]]></system-err>
        
    </testcase>
    
    <testcase classname="samtools_sort (Test #2)" name="1" time="33.678040504455566">
        
            
            <system-out><![CDATA[
            
            ]]></system-out>
            <system-err><![CDATA[
            
            ]]></system-err>
        
    </testcase>
    
    <testcase classname="samtools_sort (Test #3)" name="2" time="11.476722955703735">
        
            <error type="error" message="Input staging problem: Traceback (most recent call last):
  File "/opt/hostedtoolcache/Python/3.12.12/x64/lib/python3.12/site-packages/galaxy/tool_util/verify/interactor.py", line 1466, in verify_tool
    stage_data_in_history(
  File "/opt/hostedtoolcache/Python/3.12.12/x64/lib/python3.12/site-packages/galaxy/tool_util/verify/interactor.py", line 175, in stage_data_in_history
    staging_interface.handle_jobs()
  File "/opt/hostedtoolcache/Python/3.12.12/x64/lib/python3.12/site-packages/galaxy/tool_util/verify/interactor.py", line 212, in handle_jobs
    self.galaxy_interactor.wait_for_job(job_response["id"], job_response["history_id"], self.maxseconds)
  File "/opt/hostedtoolcache/Python/3.12.12/x64/lib/python3.12/site-packages/galaxy/tool_util/verify/interactor.py", line 398, in wait_for_job
    self.wait_for(lambda: self.__job_ready(job_id, history_id), maxseconds=maxseconds)
  File "/opt/hostedtoolcache/Python/3.12.12/x64/lib/python3.12/site-packages/galaxy/tool_util/verify/interactor.py", line 402, in wait_for
    wait_on(func, what, walltime_exceeded)
  File "/opt/hostedtoolcache/Python/3.12.12/x64/lib/python3.12/site-packages/galaxy/tool_util/verify/wait.py", line 38, in wait_on
    value = function()
            ^^^^^^^^^^
  File "/opt/hostedtoolcache/Python/3.12.12/x64/lib/python3.12/site-packages/galaxy/tool_util/verify/interactor.py", line 398, in <lambda>
    self.wait_for(lambda: self.__job_ready(job_id, history_id), maxseconds=maxseconds)
                          ^^^^^^^^^^^^^^^^^^^^^^^^^^^^^^^^^^^^
  File "/opt/hostedtoolcache/Python/3.12.12/x64/lib/python3.12/site-packages/galaxy/tool_util/verify/interactor.py", line 751, in __job_ready
    return self._state_ready(job_id, error_msg="Job in error state.")
           ^^^^^^^^^^^^^^^^^^^^^^^^^^^^^^^^^^^^^^^^^^^^^^^^^^^^^^^^^^
  File "/opt/hostedtoolcache/Python/3.12.12/x64/lib/python3.12/site-packages/galaxy/tool_util/verify/interactor.py", line 847, in _state_ready
    raise Exception(
Exception: Job in error state.. tool_id: __DATA_FETCH__, exit_code: None, stderr: .
"><![CDATA[
                { "execution_problem": "Input staging problem: Traceback (most recent call last):\n  File \"/opt/hostedtoolcache/Python/3.12.12/x64/lib/python3.12/site-packages/galaxy/tool_util/verify/interactor.py\", line 1466, in verify_tool\n    stage_data_in_history(\n  File \"/opt/hostedtoolcache/Python/3.12.12/x64/lib/python3.12/site-packages/galaxy/tool_util/verify/interactor.py\", line 175, in stage_data_in_history\n    staging_interface.handle_jobs()\n  File \"/opt/hostedtoolcache/Python/3.12.12/x64/lib/python3.12/site-packages/galaxy/tool_util/verify/interactor.py\", line 212, in handle_jobs\n    self.galaxy_interactor.wait_for_job(job_response[\"id\"], job_response[\"history_id\"], self.maxseconds)\n  File \"/opt/hostedtoolcache/Python/3.12.12/x64/lib/python3.12/site-packages/galaxy/tool_util/verify/interactor.py\", line 398, in wait_for_job\n    self.wait_for(lambda: self.__job_ready(job_id, history_id), maxseconds=maxseconds)\n  File \"/opt/hostedtoolcache/Python/3.12.12/x64/lib/python3.12/site-packages/galaxy/tool_util/verify/interactor.py\", line 402, in wait_for\n    wait_on(func, what, walltime_exceeded)\n  File \"/opt/hostedtoolcache/Python/3.12.12/x64/lib/python3.12/site-packages/galaxy/tool_util/verify/wait.py\", line 38, in wait_on\n    value = function()\n            ^^^^^^^^^^\n  File \"/opt/hostedtoolcache/Python/3.12.12/x64/lib/python3.12/site-packages/galaxy/tool_util/verify/interactor.py\", line 398, in \u003clambda\u003e\n    self.wait_for(lambda: self.__job_ready(job_id, history_id), maxseconds=maxseconds)\n                          ^^^^^^^^^^^^^^^^^^^^^^^^^^^^^^^^^^^^\n  File \"/opt/hostedtoolcache/Python/3.12.12/x64/lib/python3.12/site-packages/galaxy/tool_util/verify/interactor.py\", line 751, in __job_ready\n    return self._state_ready(job_id, error_msg=\"Job in error state.\")\n           ^^^^^^^^^^^^^^^^^^^^^^^^^^^^^^^^^^^^^^^^^^^^^^^^^^^^^^^^^^\n  File \"/opt/hostedtoolcache/Python/3.12.12/x64/lib/python3.12/site-packages/galaxy/tool_util/verify/interactor.py\", line 847, in _state_ready\n    raise Exception(\nException: Job in error state.. tool_id: __DATA_FETCH__, exit_code: None, stderr: .\n", "status": "error", "test_index": 2, "time_seconds": 11.476722955703735, "tool_id": "samtools_sort", "tool_version": "2.0.8"}
            ]]></error>
        
    </testcase>
    
    <testcase classname="samtools_sort (Test #4)" name="3" time="32.52476453781128">
        
            
            <system-out><![CDATA[
            
            ]]></system-out>
            <system-err><![CDATA[
            
            ]]></system-err>
        
    </testcase>
    
    <testcase classname="samtools_sort (Test #5)" name="4" time="31.962649822235107">
        
            
            <system-out><![CDATA[
            
            ]]></system-out>
            <system-err><![CDATA[
            
            ]]></system-err>
        
    </testcase>
    
    <testcase classname="samtools_sort (Test #6)" name="5" time="31.524497270584106">
        
            
            <system-out><![CDATA[
            
            ]]></system-out>
            <system-err><![CDATA[
            
            ]]></system-err>
        
    </testcase>
    
    <testcase classname="samtools_sort (Test #7)" name="6" time="25.127294540405273">
        
            
                <error type="error" message="Tool exit code: None"><![CDATA[
                    { "inputs": {  "input1": {   "id": "cfa184801f8542c7",   "src": "hda"  } }, "job": {  "command_line": "addthreads=${GALAXY_SLOTS:-1} \u0026\u0026 (( addthreads-- )) \u0026\u0026   addmemory=${GALAXY_MEMORY_MB_PER_SLOT:-768} \u0026\u0026 ((addmemory=addmemory*75/100)) \u0026\u0026  samtools sort -@ $addthreads -m $addmemory\"M\"   -O bam -T \"${TMPDIR:-.}\" \u0027/galaxy/server/database/objects/2/c/0/dataset_2c0c7625-dd32-4076-9354-d174ba8ac3f3.dat\u0027 \u003e \u0027/galaxy/server/database/objects/0/2/d/dataset_02d098b9-9197-42e5-ac3e-98253e890afd.dat\u0027",  "command_version": null,  "copied_from_job_id": null,  "create_time": "2026-01-15T01:14:23.413866",  "dependencies": [],  "exit_code": null,  "external_id": "gxy-9cb8h",  "galaxy_version": "24.1",  "handler": null,  "history_id": "8bee67df04634d4d",  "id": "964be45d34509c8b",  "inputs": {   "input1": {    "id": "cfa184801f8542c7",    "src": "hda",    "uuid": "2c0c7625-dd32-4076-9354-d174ba8ac3f3"   }  },  "job_messages": null,  "job_metrics": [],  "job_runner_name": null,  "job_stderr": null,  "job_stdout": null,  "model_class": "Job",  "output_collections": {},  "outputs": {   "output1": {    "id": "4c47cd0e13afd261",    "src": "hda",    "uuid": "02d098b9-9197-42e5-ac3e-98253e890afd"   }  },  "params": {   "__input_ext": "\"input\"",   "chromInfo": "\"/cvmfs/data.galaxyproject.org/managed/len/ucsc/?.len\"",   "dbkey": "\"?\"",   "minhash": "false",   "prim_key_cond": "{\"__current_case__\": 0, \"prim_key_select\": \"\"}"  },  "state": "error",  "stderr": "",  "stdout": "",  "tool_id": "toolshed.g2.bx.psu.edu/repos/devteam/samtools_sort/samtools_sort/2.0.8",  "tool_stderr": "",  "tool_stdout": "",  "update_time": "2026-01-15T01:14:28.292670",  "user_email": "tests@fake.org" }, "output_problems": [  "Job in error state.. tool_id: toolshed.g2.bx.psu.edu/repos/devteam/samtools_sort/samtools_sort/2.0.8, exit_code: None, stderr: ." ], "status": "failure", "test_index": 6, "time_seconds": 25.127294540405273, "tool_id": "samtools_sort", "tool_version": "2.0.8"}
                ]]></error>
            
            <system-out><![CDATA[
            
            ]]></system-out>
            <system-err><![CDATA[
            
            ]]></system-err>
        
    </testcase>
    
    <testcase classname="samtools_sort (Test #8)" name="7" time="33.31101846694946">
        
            
            <system-out><![CDATA[
            
            ]]></system-out>
            <system-err><![CDATA[
            
            ]]></system-err>
        
    </testcase>
    
    <testcase classname="samtools_sort (Test #9)" name="8" time="10.559654474258423">
        
            <error type="error" message="Input staging problem: Traceback (most recent call last):
  File "/opt/hostedtoolcache/Python/3.12.12/x64/lib/python3.12/site-packages/galaxy/tool_util/verify/interactor.py", line 1466, in verify_tool
    stage_data_in_history(
  File "/opt/hostedtoolcache/Python/3.12.12/x64/lib/python3.12/site-packages/galaxy/tool_util/verify/interactor.py", line 175, in stage_data_in_history
    staging_interface.handle_jobs()
  File "/opt/hostedtoolcache/Python/3.12.12/x64/lib/python3.12/site-packages/galaxy/tool_util/verify/interactor.py", line 212, in handle_jobs
    self.galaxy_interactor.wait_for_job(job_response["id"], job_response["history_id"], self.maxseconds)
  File "/opt/hostedtoolcache/Python/3.12.12/x64/lib/python3.12/site-packages/galaxy/tool_util/verify/interactor.py", line 398, in wait_for_job
    self.wait_for(lambda: self.__job_ready(job_id, history_id), maxseconds=maxseconds)
  File "/opt/hostedtoolcache/Python/3.12.12/x64/lib/python3.12/site-packages/galaxy/tool_util/verify/interactor.py", line 402, in wait_for
    wait_on(func, what, walltime_exceeded)
  File "/opt/hostedtoolcache/Python/3.12.12/x64/lib/python3.12/site-packages/galaxy/tool_util/verify/wait.py", line 38, in wait_on
    value = function()
            ^^^^^^^^^^
  File "/opt/hostedtoolcache/Python/3.12.12/x64/lib/python3.12/site-packages/galaxy/tool_util/verify/interactor.py", line 398, in <lambda>
    self.wait_for(lambda: self.__job_ready(job_id, history_id), maxseconds=maxseconds)
                          ^^^^^^^^^^^^^^^^^^^^^^^^^^^^^^^^^^^^
  File "/opt/hostedtoolcache/Python/3.12.12/x64/lib/python3.12/site-packages/galaxy/tool_util/verify/interactor.py", line 751, in __job_ready
    return self._state_ready(job_id, error_msg="Job in error state.")
           ^^^^^^^^^^^^^^^^^^^^^^^^^^^^^^^^^^^^^^^^^^^^^^^^^^^^^^^^^^
  File "/opt/hostedtoolcache/Python/3.12.12/x64/lib/python3.12/site-packages/galaxy/tool_util/verify/interactor.py", line 847, in _state_ready
    raise Exception(
Exception: Job in error state.. tool_id: __DATA_FETCH__, exit_code: None, stderr: .
"><![CDATA[
                { "execution_problem": "Input staging problem: Traceback (most recent call last):\n  File \"/opt/hostedtoolcache/Python/3.12.12/x64/lib/python3.12/site-packages/galaxy/tool_util/verify/interactor.py\", line 1466, in verify_tool\n    stage_data_in_history(\n  File \"/opt/hostedtoolcache/Python/3.12.12/x64/lib/python3.12/site-packages/galaxy/tool_util/verify/interactor.py\", line 175, in stage_data_in_history\n    staging_interface.handle_jobs()\n  File \"/opt/hostedtoolcache/Python/3.12.12/x64/lib/python3.12/site-packages/galaxy/tool_util/verify/interactor.py\", line 212, in handle_jobs\n    self.galaxy_interactor.wait_for_job(job_response[\"id\"], job_response[\"history_id\"], self.maxseconds)\n  File \"/opt/hostedtoolcache/Python/3.12.12/x64/lib/python3.12/site-packages/galaxy/tool_util/verify/interactor.py\", line 398, in wait_for_job\n    self.wait_for(lambda: self.__job_ready(job_id, history_id), maxseconds=maxseconds)\n  File \"/opt/hostedtoolcache/Python/3.12.12/x64/lib/python3.12/site-packages/galaxy/tool_util/verify/interactor.py\", line 402, in wait_for\n    wait_on(func, what, walltime_exceeded)\n  File \"/opt/hostedtoolcache/Python/3.12.12/x64/lib/python3.12/site-packages/galaxy/tool_util/verify/wait.py\", line 38, in wait_on\n    value = function()\n            ^^^^^^^^^^\n  File \"/opt/hostedtoolcache/Python/3.12.12/x64/lib/python3.12/site-packages/galaxy/tool_util/verify/interactor.py\", line 398, in \u003clambda\u003e\n    self.wait_for(lambda: self.__job_ready(job_id, history_id), maxseconds=maxseconds)\n                          ^^^^^^^^^^^^^^^^^^^^^^^^^^^^^^^^^^^^\n  File \"/opt/hostedtoolcache/Python/3.12.12/x64/lib/python3.12/site-packages/galaxy/tool_util/verify/interactor.py\", line 751, in __job_ready\n    return self._state_ready(job_id, error_msg=\"Job in error state.\")\n           ^^^^^^^^^^^^^^^^^^^^^^^^^^^^^^^^^^^^^^^^^^^^^^^^^^^^^^^^^^\n  File \"/opt/hostedtoolcache/Python/3.12.12/x64/lib/python3.12/site-packages/galaxy/tool_util/verify/interactor.py\", line 847, in _state_ready\n    raise Exception(\nException: Job in error state.. tool_id: __DATA_FETCH__, exit_code: None, stderr: .\n", "status": "error", "test_index": 8, "time_seconds": 10.559654474258423, "tool_id": "samtools_sort", "tool_version": "2.0.8"}
            ]]></error>
        
    </testcase>
    
    <testcase classname="vcfallelicprimitives (Test #1)" name="0" time="11.514178991317749">
        
            <error type="error" message="Input staging problem: Traceback (most recent call last):
  File "/opt/hostedtoolcache/Python/3.12.12/x64/lib/python3.12/site-packages/galaxy/tool_util/verify/interactor.py", line 1466, in verify_tool
    stage_data_in_history(
  File "/opt/hostedtoolcache/Python/3.12.12/x64/lib/python3.12/site-packages/galaxy/tool_util/verify/interactor.py", line 175, in stage_data_in_history
    staging_interface.handle_jobs()
  File "/opt/hostedtoolcache/Python/3.12.12/x64/lib/python3.12/site-packages/galaxy/tool_util/verify/interactor.py", line 212, in handle_jobs
    self.galaxy_interactor.wait_for_job(job_response["id"], job_response["history_id"], self.maxseconds)
  File "/opt/hostedtoolcache/Python/3.12.12/x64/lib/python3.12/site-packages/galaxy/tool_util/verify/interactor.py", line 398, in wait_for_job
    self.wait_for(lambda: self.__job_ready(job_id, history_id), maxseconds=maxseconds)
  File "/opt/hostedtoolcache/Python/3.12.12/x64/lib/python3.12/site-packages/galaxy/tool_util/verify/interactor.py", line 402, in wait_for
    wait_on(func, what, walltime_exceeded)
  File "/opt/hostedtoolcache/Python/3.12.12/x64/lib/python3.12/site-packages/galaxy/tool_util/verify/wait.py", line 38, in wait_on
    value = function()
            ^^^^^^^^^^
  File "/opt/hostedtoolcache/Python/3.12.12/x64/lib/python3.12/site-packages/galaxy/tool_util/verify/interactor.py", line 398, in <lambda>
    self.wait_for(lambda: self.__job_ready(job_id, history_id), maxseconds=maxseconds)
                          ^^^^^^^^^^^^^^^^^^^^^^^^^^^^^^^^^^^^
  File "/opt/hostedtoolcache/Python/3.12.12/x64/lib/python3.12/site-packages/galaxy/tool_util/verify/interactor.py", line 751, in __job_ready
    return self._state_ready(job_id, error_msg="Job in error state.")
           ^^^^^^^^^^^^^^^^^^^^^^^^^^^^^^^^^^^^^^^^^^^^^^^^^^^^^^^^^^
  File "/opt/hostedtoolcache/Python/3.12.12/x64/lib/python3.12/site-packages/galaxy/tool_util/verify/interactor.py", line 847, in _state_ready
    raise Exception(
Exception: Job in error state.. tool_id: __DATA_FETCH__, exit_code: None, stderr: .
"><![CDATA[
                { "execution_problem": "Input staging problem: Traceback (most recent call last):\n  File \"/opt/hostedtoolcache/Python/3.12.12/x64/lib/python3.12/site-packages/galaxy/tool_util/verify/interactor.py\", line 1466, in verify_tool\n    stage_data_in_history(\n  File \"/opt/hostedtoolcache/Python/3.12.12/x64/lib/python3.12/site-packages/galaxy/tool_util/verify/interactor.py\", line 175, in stage_data_in_history\n    staging_interface.handle_jobs()\n  File \"/opt/hostedtoolcache/Python/3.12.12/x64/lib/python3.12/site-packages/galaxy/tool_util/verify/interactor.py\", line 212, in handle_jobs\n    self.galaxy_interactor.wait_for_job(job_response[\"id\"], job_response[\"history_id\"], self.maxseconds)\n  File \"/opt/hostedtoolcache/Python/3.12.12/x64/lib/python3.12/site-packages/galaxy/tool_util/verify/interactor.py\", line 398, in wait_for_job\n    self.wait_for(lambda: self.__job_ready(job_id, history_id), maxseconds=maxseconds)\n  File \"/opt/hostedtoolcache/Python/3.12.12/x64/lib/python3.12/site-packages/galaxy/tool_util/verify/interactor.py\", line 402, in wait_for\n    wait_on(func, what, walltime_exceeded)\n  File \"/opt/hostedtoolcache/Python/3.12.12/x64/lib/python3.12/site-packages/galaxy/tool_util/verify/wait.py\", line 38, in wait_on\n    value = function()\n            ^^^^^^^^^^\n  File \"/opt/hostedtoolcache/Python/3.12.12/x64/lib/python3.12/site-packages/galaxy/tool_util/verify/interactor.py\", line 398, in \u003clambda\u003e\n    self.wait_for(lambda: self.__job_ready(job_id, history_id), maxseconds=maxseconds)\n                          ^^^^^^^^^^^^^^^^^^^^^^^^^^^^^^^^^^^^\n  File \"/opt/hostedtoolcache/Python/3.12.12/x64/lib/python3.12/site-packages/galaxy/tool_util/verify/interactor.py\", line 751, in __job_ready\n    return self._state_ready(job_id, error_msg=\"Job in error state.\")\n           ^^^^^^^^^^^^^^^^^^^^^^^^^^^^^^^^^^^^^^^^^^^^^^^^^^^^^^^^^^\n  File \"/opt/hostedtoolcache/Python/3.12.12/x64/lib/python3.12/site-packages/galaxy/tool_util/verify/interactor.py\", line 847, in _state_ready\n    raise Exception(\nException: Job in error state.. tool_id: __DATA_FETCH__, exit_code: None, stderr: .\n", "status": "error", "test_index": 0, "time_seconds": 11.514178991317749, "tool_id": "vcfallelicprimitives", "tool_version": "1.0.0_rc3+galaxy0"}
            ]]></error>
        
    </testcase>
    
    <testcase classname="vcfprimers (Test #1)" name="0" time="46.08704328536987">
        
            
            <system-out><![CDATA[
            
            ]]></system-out>
            <system-err><![CDATA[
            index file localref.fa.fai not found, generating...
            ]]></system-err>
        
    </testcase>
    
</testsuite>