<?xml version="1.0" encoding="UTF-8"?>
<testsuite name="Results (powered by Planemo)"
           tests="64"
           errors="19"
           failures="5"
           skip="0">
    
    <testcase classname="bcftools_filter (Test #1)" name="0" time="39.98648548126221">
        
            
            <system-out><![CDATA[
            
            ]]></system-out>
            <system-err><![CDATA[
            
            ]]></system-err>
        
    </testcase>
    
    <testcase classname="bcftools_filter (Test #2)" name="1" time="33.78871941566467">
        
            
            <system-out><![CDATA[
            
            ]]></system-out>
            <system-err><![CDATA[
            
            ]]></system-err>
        
    </testcase>
    
    <testcase classname="bcftools_filter (Test #11)" name="10" time="33.060776472091675">
        
            
            <system-out><![CDATA[
            
            ]]></system-out>
            <system-err><![CDATA[
            
            ]]></system-err>
        
    </testcase>
    
    <testcase classname="bcftools_filter (Test #3)" name="2" time="32.64448070526123">
        
            
            <system-out><![CDATA[
            
            ]]></system-out>
            <system-err><![CDATA[
            
            ]]></system-err>
        
    </testcase>
    
    <testcase classname="bcftools_filter (Test #4)" name="3" time="34.75733304023743">
        
            
            <system-out><![CDATA[
            
            ]]></system-out>
            <system-err><![CDATA[
            
            ]]></system-err>
        
    </testcase>
    
    <testcase classname="bcftools_filter (Test #5)" name="4" time="32.37131905555725">
        
            
            <system-out><![CDATA[
            
            ]]></system-out>
            <system-err><![CDATA[
            
            ]]></system-err>
        
    </testcase>
    
    <testcase classname="bcftools_filter (Test #6)" name="5" time="26.328933000564575">
        
            
                <error type="error" message="Tool exit code: None"><![CDATA[
                    { "inputs": {  "input_file": {   "id": "f10b55344ccbea84",   "src": "hda"  },  "output_type": "v",  "sec_filter|conditional_soft_filter|selector": "enabled",  "sec_filter|conditional_soft_filter|soft_filter": "XX",  "sec_filter|mode": "+",  "sec_restrict|exclude": "INFO/DP=19" }, "job": {  "command_line": "bgzip -c \u0027/galaxy/server/database/objects/d/8/5/dataset_d85ac697-ac49-4f17-afa8-610df977800f.dat\u0027 \u003e input.vcf.gz \u0026\u0026 bcftools index input.vcf.gz \u0026\u0026            bcftools filter  --mode \u0027+\u0027 --soft-filter \u0027XX\u0027                  --exclude \u0027INFO/DP=19\u0027    --output-type \u0027v\u0027   --threads ${GALAXY_SLOTS:-4}    input.vcf.gz  \u003e \u0027/galaxy/server/database/objects/8/e/c/dataset_8ecc40a6-98ba-4be3-8833-de88042aaa94.dat\u0027",  "command_version": null,  "copied_from_job_id": null,  "create_time": "2026-01-18T01:24:27.390685",  "dependencies": [],  "exit_code": null,  "external_id": "gxy-lmcc8",  "galaxy_version": "24.1",  "handler": null,  "history_id": "cf2f3abca65f0ba5",  "id": "36f6f41ca8bba1bb",  "inputs": {   "input_file": {    "id": "f10b55344ccbea84",    "src": "hda",    "uuid": "d85ac697-ac49-4f17-afa8-610df977800f"   }  },  "job_messages": null,  "job_metrics": [],  "job_runner_name": null,  "job_stderr": null,  "job_stdout": null,  "model_class": "Job",  "output_collections": {},  "outputs": {   "output_file": {    "id": "36f6f41ca8bba1bb",    "src": "hda",    "uuid": "8ecc40a6-98ba-4be3-8833-de88042aaa94"   }  },  "params": {   "__input_ext": "\"input\"",   "chromInfo": "\"/cvmfs/data.galaxyproject.org/managed/len/ucsc/?.len\"",   "dbkey": "\"?\"",   "output_type": "\"v\"",   "sec_filter": "{\"IndelGap\": \"\", \"SnpGap\": \"\", \"conditional_soft_filter\": {\"__current_case__\": 1, \"masks\": {\"__current_case__\": 0, \"masks_src\": \"__none__\"}, \"selector\": \"enabled\", \"soft_filter\": \"XX\"}, \"mode\": \"+\", \"select_set_GTs\": null}",   "sec_restrict": "{\"exclude\": \"INFO/DP=19\", \"include\": null, \"regions\": {\"__current_case__\": 0, \"regions_src\": \"__none__\"}, \"targets\": {\"__current_case__\": 0, \"targets_src\": \"__none__\"}}"  },  "state": "error",  "stderr": "",  "stdout": "",  "tool_id": "toolshed.g2.bx.psu.edu/repos/iuc/bcftools_filter/bcftools_filter/1.22+galaxy0",  "tool_stderr": "",  "tool_stdout": "",  "update_time": "2026-01-18T01:24:32.999766",  "user_email": "tests@fake.org" }, "output_problems": [  "Job in error state.. tool_id: toolshed.g2.bx.psu.edu/repos/iuc/bcftools_filter/bcftools_filter/1.22+galaxy0, exit_code: None, stderr: ." ], "status": "failure", "test_index": 5, "time_seconds": 26.328933000564575, "tool_id": "bcftools_filter", "tool_version": "1.22+galaxy0"}
                ]]></error>
            
            <system-out><![CDATA[
            
            ]]></system-out>
            <system-err><![CDATA[
            
            ]]></system-err>
        
    </testcase>
    
    <testcase classname="bcftools_filter (Test #7)" name="6" time="31.5400812625885">
        
            
            <system-out><![CDATA[
            
            ]]></system-out>
            <system-err><![CDATA[
            
            ]]></system-err>
        
    </testcase>
    
    <testcase classname="bcftools_filter (Test #8)" name="7" time="32.02411437034607">
        
            
            <system-out><![CDATA[
            
            ]]></system-out>
            <system-err><![CDATA[
            
            ]]></system-err>
        
    </testcase>
    
    <testcase classname="bcftools_filter (Test #9)" name="8" time="33.75723934173584">
        
            
            <system-out><![CDATA[
            
            ]]></system-out>
            <system-err><![CDATA[
            
            ]]></system-err>
        
    </testcase>
    
    <testcase classname="bcftools_filter (Test #10)" name="9" time="34.83582091331482">
        
            
            <system-out><![CDATA[
            
            ]]></system-out>
            <system-err><![CDATA[
            
            ]]></system-err>
        
    </testcase>
    
    <testcase classname="bcftools_mpileup (Test #1)" name="0" time="43.79166579246521">
        
            
            <system-out><![CDATA[
            
            ]]></system-out>
            <system-err><![CDATA[
            [mpileup] 1 samples in 1 input files[mpileup] maximum number of reads per input file set to -d 250
            ]]></system-err>
        
    </testcase>
    
    <testcase classname="bcftools_mpileup (Test #2)" name="1" time="">
        
            <error type="error" message=""><![CDATA[
                { "status": "skip", "test_index": 1, "tool_id": "bcftools_mpileup", "tool_version": "1.22+galaxy0"}
            ]]></error>
        
    </testcase>
    
    <testcase classname="bcftools_mpileup (Test #3)" name="2" time="35.82138442993164">
        
            
            <system-out><![CDATA[
            
            ]]></system-out>
            <system-err><![CDATA[
            [mpileup] 1 samples in 1 input files[mpileup] maximum number of reads per input file set to -d 250
            ]]></system-err>
        
    </testcase>
    
    <testcase classname="bcftools_mpileup (Test #4)" name="3" time="46.989083766937256">
        
            
            <system-out><![CDATA[
            
            ]]></system-out>
            <system-err><![CDATA[
            [warning] tag DV functional, but deprecated. Please switch to `AD` in future.[mpileup] 3 samples in 3 input files[mpileup] maximum number of reads per input file set to -d 250
            ]]></system-err>
        
    </testcase>
    
    <testcase classname="bcftools_mpileup (Test #5)" name="4" time="14.514121532440186">
        
            <error type="error" message="Input staging problem: Traceback (most recent call last):
  File "/opt/hostedtoolcache/Python/3.12.12/x64/lib/python3.12/site-packages/galaxy/tool_util/verify/interactor.py", line 1466, in verify_tool
    stage_data_in_history(
  File "/opt/hostedtoolcache/Python/3.12.12/x64/lib/python3.12/site-packages/galaxy/tool_util/verify/interactor.py", line 175, in stage_data_in_history
    staging_interface.handle_jobs()
  File "/opt/hostedtoolcache/Python/3.12.12/x64/lib/python3.12/site-packages/galaxy/tool_util/verify/interactor.py", line 212, in handle_jobs
    self.galaxy_interactor.wait_for_job(job_response["id"], job_response["history_id"], self.maxseconds)
  File "/opt/hostedtoolcache/Python/3.12.12/x64/lib/python3.12/site-packages/galaxy/tool_util/verify/interactor.py", line 398, in wait_for_job
    self.wait_for(lambda: self.__job_ready(job_id, history_id), maxseconds=maxseconds)
  File "/opt/hostedtoolcache/Python/3.12.12/x64/lib/python3.12/site-packages/galaxy/tool_util/verify/interactor.py", line 402, in wait_for
    wait_on(func, what, walltime_exceeded)
  File "/opt/hostedtoolcache/Python/3.12.12/x64/lib/python3.12/site-packages/galaxy/tool_util/verify/wait.py", line 38, in wait_on
    value = function()
            ^^^^^^^^^^
  File "/opt/hostedtoolcache/Python/3.12.12/x64/lib/python3.12/site-packages/galaxy/tool_util/verify/interactor.py", line 398, in <lambda>
    self.wait_for(lambda: self.__job_ready(job_id, history_id), maxseconds=maxseconds)
                          ^^^^^^^^^^^^^^^^^^^^^^^^^^^^^^^^^^^^
  File "/opt/hostedtoolcache/Python/3.12.12/x64/lib/python3.12/site-packages/galaxy/tool_util/verify/interactor.py", line 751, in __job_ready
    return self._state_ready(job_id, error_msg="Job in error state.")
           ^^^^^^^^^^^^^^^^^^^^^^^^^^^^^^^^^^^^^^^^^^^^^^^^^^^^^^^^^^
  File "/opt/hostedtoolcache/Python/3.12.12/x64/lib/python3.12/site-packages/galaxy/tool_util/verify/interactor.py", line 847, in _state_ready
    raise Exception(
Exception: Job in error state.. tool_id: __DATA_FETCH__, exit_code: None, stderr: .
"><![CDATA[
                { "execution_problem": "Input staging problem: Traceback (most recent call last):\n  File \"/opt/hostedtoolcache/Python/3.12.12/x64/lib/python3.12/site-packages/galaxy/tool_util/verify/interactor.py\", line 1466, in verify_tool\n    stage_data_in_history(\n  File \"/opt/hostedtoolcache/Python/3.12.12/x64/lib/python3.12/site-packages/galaxy/tool_util/verify/interactor.py\", line 175, in stage_data_in_history\n    staging_interface.handle_jobs()\n  File \"/opt/hostedtoolcache/Python/3.12.12/x64/lib/python3.12/site-packages/galaxy/tool_util/verify/interactor.py\", line 212, in handle_jobs\n    self.galaxy_interactor.wait_for_job(job_response[\"id\"], job_response[\"history_id\"], self.maxseconds)\n  File \"/opt/hostedtoolcache/Python/3.12.12/x64/lib/python3.12/site-packages/galaxy/tool_util/verify/interactor.py\", line 398, in wait_for_job\n    self.wait_for(lambda: self.__job_ready(job_id, history_id), maxseconds=maxseconds)\n  File \"/opt/hostedtoolcache/Python/3.12.12/x64/lib/python3.12/site-packages/galaxy/tool_util/verify/interactor.py\", line 402, in wait_for\n    wait_on(func, what, walltime_exceeded)\n  File \"/opt/hostedtoolcache/Python/3.12.12/x64/lib/python3.12/site-packages/galaxy/tool_util/verify/wait.py\", line 38, in wait_on\n    value = function()\n            ^^^^^^^^^^\n  File \"/opt/hostedtoolcache/Python/3.12.12/x64/lib/python3.12/site-packages/galaxy/tool_util/verify/interactor.py\", line 398, in \u003clambda\u003e\n    self.wait_for(lambda: self.__job_ready(job_id, history_id), maxseconds=maxseconds)\n                          ^^^^^^^^^^^^^^^^^^^^^^^^^^^^^^^^^^^^\n  File \"/opt/hostedtoolcache/Python/3.12.12/x64/lib/python3.12/site-packages/galaxy/tool_util/verify/interactor.py\", line 751, in __job_ready\n    return self._state_ready(job_id, error_msg=\"Job in error state.\")\n           ^^^^^^^^^^^^^^^^^^^^^^^^^^^^^^^^^^^^^^^^^^^^^^^^^^^^^^^^^^\n  File \"/opt/hostedtoolcache/Python/3.12.12/x64/lib/python3.12/site-packages/galaxy/tool_util/verify/interactor.py\", line 847, in _state_ready\n    raise Exception(\nException: Job in error state.. tool_id: __DATA_FETCH__, exit_code: None, stderr: .\n", "status": "error", "test_index": 4, "time_seconds": 14.514121532440186, "tool_id": "bcftools_mpileup", "tool_version": "1.22+galaxy0"}
            ]]></error>
        
    </testcase>
    
    <testcase classname="bcftools_mpileup (Test #6)" name="5" time="38.009151458740234">
        
            
                <error type="error" message="Tool exit code: None"><![CDATA[
                    { "inputs": {  "input|input_bams": [   {    "id": "36d4130a8f2e5f2a",    "src": "hda"   },   {    "id": "5b950865cc3d1fe0",    "src": "hda"   },   {    "id": "5b83b8f49eba4858",    "src": "hda"   }  ],  "input|input_number": "multiple",  "output_type": "v",  "reference_source|ref_file": {   "id": "69c2bb2acdaf4236",   "src": "hda"  },  "reference_source|reference_source_selector": "history",  "sec_filtering|filter_by_flags|filter_flags": "filter",  "sec_filtering|filter_by_flags|skip_all_set": [   "4",   "16"  ],  "sec_restrict|regions|region_specs_0|chrom": "17",  "sec_restrict|regions|region_specs_0|start": "1050",  "sec_restrict|regions|region_specs_0|stop": "1060",  "sec_restrict|regions|regions_src": "regions" }, "job": {  "command_line": "ln -s \u0027/galaxy/server/database/objects/b/7/3/dataset_b73752d4-7f42-472f-9f81-2db42d722305.dat\u0027 mpileup_1.bam \u0026\u0026 ln -s \u0027/galaxy/server/database/objects/_metadata_files/b/5/d/metadata_b5de7beb-f2ce-484d-a07d-3c76544a9e58.dat\u0027 mpileup_1.bam.bai \u0026\u0026 ln -s \u0027/galaxy/server/database/objects/e/a/a/dataset_eaaff014-82bc-4ddb-8405-f77fb0827e89.dat\u0027 mpileup_2.bam \u0026\u0026 ln -s \u0027/galaxy/server/database/objects/_metadata_files/7/4/b/metadata_74b022b2-ccec-4d64-a7f0-6e2350c8fc83.dat\u0027 mpileup_2.bam.bai \u0026\u0026 ln -s \u0027/galaxy/server/database/objects/8/a/d/dataset_8adffacf-74d1-4f9d-b821-be393d673cde.dat\u0027 mpileup_3.bam \u0026\u0026 ln -s \u0027/galaxy/server/database/objects/_metadata_files/7/1/0/metadata_71080b87-c1b8-4550-ad3e-d53a226957b5.dat\u0027 mpileup_3.bam.bai \u0026\u0026  ln -s \u0027/galaxy/server/database/objects/d/8/6/dataset_d862eec3-cd4e-4c40-b9c5-98539885bc71.dat\u0027 ref.fa \u0026\u0026 samtools faidx ref.fa \u0026\u0026           bcftools mpileup  --fasta-ref \u0027ref.fa\u0027      --skip-all-set 20 -d \"250\"               --regions \u002717:1050-1060\u0027        --threads ${GALAXY_SLOTS:-4}   --output-type \u0027v\u0027   mpileup_1.bam mpileup_2.bam mpileup_3.bam \u003e \u0027/galaxy/server/database/objects/4/1/4/dataset_41474dfb-bd7b-4fd7-8362-9ef225f39c18.dat\u0027",  "command_version": null,  "copied_from_job_id": null,  "create_time": "2026-01-18T01:20:30.249263",  "dependencies": [],  "exit_code": null,  "external_id": "gxy-fspcc",  "galaxy_version": "24.1",  "handler": null,  "history_id": "cf2f3abca65f0ba5",  "id": "b0d2dc4b081f37bb",  "inputs": {   "input|input_bams": {    "id": "36d4130a8f2e5f2a",    "src": "hda",    "uuid": "b73752d4-7f42-472f-9f81-2db42d722305"   },   "input|input_bams1": {    "id": "36d4130a8f2e5f2a",    "src": "hda",    "uuid": "b73752d4-7f42-472f-9f81-2db42d722305"   },   "input|input_bams2": {    "id": "5b950865cc3d1fe0",    "src": "hda",    "uuid": "eaaff014-82bc-4ddb-8405-f77fb0827e89"   },   "input|input_bams3": {    "id": "5b83b8f49eba4858",    "src": "hda",    "uuid": "8adffacf-74d1-4f9d-b821-be393d673cde"   },   "reference_source|ref_file": {    "id": "69c2bb2acdaf4236",    "src": "hda",    "uuid": "d862eec3-cd4e-4c40-b9c5-98539885bc71"   }  },  "job_messages": null,  "job_metrics": [],  "job_runner_name": null,  "job_stderr": null,  "job_stdout": null,  "model_class": "Job",  "output_collections": {},  "outputs": {   "output_file": {    "id": "b0d2dc4b081f37bb",    "src": "hda",    "uuid": "41474dfb-bd7b-4fd7-8362-9ef225f39c18"   }  },  "params": {   "__input_ext": "\"input\"",   "chromInfo": "\"/cvmfs/data.galaxyproject.org/managed/len/ucsc/?.len\"",   "dbkey": "\"?\"",   "input": "{\"__current_case__\": 1, \"input_bams\": {\"values\": [{\"id\": 26, \"src\": \"hda\"}, {\"id\": 27, \"src\": \"hda\"}, {\"id\": 28, \"src\": \"hda\"}]}, \"input_number\": \"multiple\"}",   "output_type": "\"v\"",   "reference_source": "{\"__current_case__\": 1, \"ref_file\": {\"values\": [{\"id\": 29, \"src\": \"hda\"}]}, \"reference_source_selector\": \"history\"}",   "sec_filtering": "{\"filter_by_flags\": {\"__current_case__\": 0, \"filter_flags\": \"filter\", \"skip_all_set\": [\"4\", \"16\"], \"skip_all_unset\": null, \"skip_any_set\": null, \"skip_any_unset\": null}, \"ignore_overlaps\": false, \"max_reads_per_bam\": \"250\", \"quality\": {\"__current_case__\": 1, \"quality_settings\": \"none\"}, \"read_groups\": {\"__current_case__\": 3, \"read_groups_selector\": \"no_limit\"}, \"skip_anomalous_read_pairs\": false}",   "sec_indel": "{\"ambig_reads\": null, \"indel_bias\": \"\", \"indel_size\": \"\", \"perform_indel_calling\": {\"__current_case__\": 0, \"perform_indel_calling_selector\": \"perform_indel_calling_def\"}}",   "sec_output_options": "{\"gvcf\": \"\", \"output_tags\": null}",   "sec_restrict": "{\"regions\": {\"__current_case__\": 1, \"region_specs\": [{\"__index__\": 0, \"chrom\": \"17\", \"start\": \"1050\", \"stop\": \"1060\"}], \"regions_src\": \"regions\"}, \"targets\": {\"__current_case__\": 0, \"targets_src\": \"__none__\"}}",   "sec_subset": "{\"invert_samples\": false, \"invert_samples_file\": false, \"samples\": \"\", \"samples_file\": null}"  },  "state": "error",  "stderr": "[mpileup] 3 samples in 3 input files\n[mpileup] maximum number of reads per input file set to -d 250\n",  "stdout": "",  "tool_id": "toolshed.g2.bx.psu.edu/repos/iuc/bcftools_mpileup/bcftools_mpileup/1.22+galaxy0",  "tool_stderr": "[mpileup] 3 samples in 3 input files\n[mpileup] maximum number of reads per input file set to -d 250\n",  "tool_stdout": "",  "update_time": "2026-01-18T01:20:35.200685",  "user_email": "tests@fake.org" }, "output_problems": [  "Job in error state.. tool_id: toolshed.g2.bx.psu.edu/repos/iuc/bcftools_mpileup/bcftools_mpileup/1.22+galaxy0, exit_code: None, stderr: [mpileup] 3 samples in 3 input files\n[mpileup] maximum number of reads per input file set to -d 250\n." ], "status": "failure", "test_index": 5, "time_seconds": 38.009151458740234, "tool_id": "bcftools_mpileup", "tool_version": "1.22+galaxy0"}
                ]]></error>
            
            <system-out><![CDATA[
            
            ]]></system-out>
            <system-err><![CDATA[
            [mpileup] 3 samples in 3 input files[mpileup] maximum number of reads per input file set to -d 250
            ]]></system-err>
        
    </testcase>
    
    <testcase classname="bcftools_mpileup (Test #7)" name="6" time="35.8954222202301">
        
            
            <system-out><![CDATA[
            
            ]]></system-out>
            <system-err><![CDATA[
            [mpileup] 1 samples in 1 input files[mpileup] maximum number of reads per input file set to -d 250
            ]]></system-err>
        
    </testcase>
    
    <testcase classname="datamash_ops (Test #1)" name="0" time="0.14041352272033691">
        
            <error type="error" message="Input staging problem: Traceback (most recent call last):
  File "/opt/hostedtoolcache/Python/3.12.12/x64/lib/python3.12/site-packages/galaxy/tool_util/verify/interactor.py", line 1466, in verify_tool
    stage_data_in_history(
  File "/opt/hostedtoolcache/Python/3.12.12/x64/lib/python3.12/site-packages/galaxy/tool_util/verify/interactor.py", line 163, in stage_data_in_history
    test_dict = galaxy_interactor.remote_to_input(
                ^^^^^^^^^^^^^^^^^^^^^^^^^^^^^^^^^^
  File "/opt/hostedtoolcache/Python/3.12.12/x64/lib/python3.12/site-packages/galaxy/tool_util/verify/interactor.py", line 581, in remote_to_input
    path_or_location = self._get_path_or_location(
                       ^^^^^^^^^^^^^^^^^^^^^^^^^^^
  File "/opt/hostedtoolcache/Python/3.12.12/x64/lib/python3.12/site-packages/galaxy/tool_util/verify/interactor.py", line 618, in _get_path_or_location
    path = self.test_data_download(
           ^^^^^^^^^^^^^^^^^^^^^^^^
  File "/opt/hostedtoolcache/Python/3.12.12/x64/lib/python3.12/site-packages/galaxy/tool_util/verify/interactor.py", line 524, in test_data_download
    raise AssertionError(f"Test input file ({filename}) cannot be found.")
AssertionError: Test input file (group_compute_input.txt) cannot be found.
"><![CDATA[
                { "execution_problem": "Input staging problem: Traceback (most recent call last):\n  File \"/opt/hostedtoolcache/Python/3.12.12/x64/lib/python3.12/site-packages/galaxy/tool_util/verify/interactor.py\", line 1466, in verify_tool\n    stage_data_in_history(\n  File \"/opt/hostedtoolcache/Python/3.12.12/x64/lib/python3.12/site-packages/galaxy/tool_util/verify/interactor.py\", line 163, in stage_data_in_history\n    test_dict = galaxy_interactor.remote_to_input(\n                ^^^^^^^^^^^^^^^^^^^^^^^^^^^^^^^^^^\n  File \"/opt/hostedtoolcache/Python/3.12.12/x64/lib/python3.12/site-packages/galaxy/tool_util/verify/interactor.py\", line 581, in remote_to_input\n    path_or_location = self._get_path_or_location(\n                       ^^^^^^^^^^^^^^^^^^^^^^^^^^^\n  File \"/opt/hostedtoolcache/Python/3.12.12/x64/lib/python3.12/site-packages/galaxy/tool_util/verify/interactor.py\", line 618, in _get_path_or_location\n    path = self.test_data_download(\n           ^^^^^^^^^^^^^^^^^^^^^^^^\n  File \"/opt/hostedtoolcache/Python/3.12.12/x64/lib/python3.12/site-packages/galaxy/tool_util/verify/interactor.py\", line 524, in test_data_download\n    raise AssertionError(f\"Test input file ({filename}) cannot be found.\")\nAssertionError: Test input file (group_compute_input.txt) cannot be found.\n", "status": "error", "test_index": 0, "time_seconds": 0.14041352272033691, "tool_id": "datamash_ops", "tool_version": "1.9+galaxy0"}
            ]]></error>
        
    </testcase>
    
    <testcase classname="datamash_ops (Test #2)" name="1" time="0.07228589057922363">
        
            <error type="error" message="Input staging problem: Traceback (most recent call last):
  File "/opt/hostedtoolcache/Python/3.12.12/x64/lib/python3.12/site-packages/galaxy/tool_util/verify/interactor.py", line 1466, in verify_tool
    stage_data_in_history(
  File "/opt/hostedtoolcache/Python/3.12.12/x64/lib/python3.12/site-packages/galaxy/tool_util/verify/interactor.py", line 163, in stage_data_in_history
    test_dict = galaxy_interactor.remote_to_input(
                ^^^^^^^^^^^^^^^^^^^^^^^^^^^^^^^^^^
  File "/opt/hostedtoolcache/Python/3.12.12/x64/lib/python3.12/site-packages/galaxy/tool_util/verify/interactor.py", line 581, in remote_to_input
    path_or_location = self._get_path_or_location(
                       ^^^^^^^^^^^^^^^^^^^^^^^^^^^
  File "/opt/hostedtoolcache/Python/3.12.12/x64/lib/python3.12/site-packages/galaxy/tool_util/verify/interactor.py", line 618, in _get_path_or_location
    path = self.test_data_download(
           ^^^^^^^^^^^^^^^^^^^^^^^^
  File "/opt/hostedtoolcache/Python/3.12.12/x64/lib/python3.12/site-packages/galaxy/tool_util/verify/interactor.py", line 524, in test_data_download
    raise AssertionError(f"Test input file ({filename}) cannot be found.")
AssertionError: Test input file (group_compute_input.txt) cannot be found.
"><![CDATA[
                { "execution_problem": "Input staging problem: Traceback (most recent call last):\n  File \"/opt/hostedtoolcache/Python/3.12.12/x64/lib/python3.12/site-packages/galaxy/tool_util/verify/interactor.py\", line 1466, in verify_tool\n    stage_data_in_history(\n  File \"/opt/hostedtoolcache/Python/3.12.12/x64/lib/python3.12/site-packages/galaxy/tool_util/verify/interactor.py\", line 163, in stage_data_in_history\n    test_dict = galaxy_interactor.remote_to_input(\n                ^^^^^^^^^^^^^^^^^^^^^^^^^^^^^^^^^^\n  File \"/opt/hostedtoolcache/Python/3.12.12/x64/lib/python3.12/site-packages/galaxy/tool_util/verify/interactor.py\", line 581, in remote_to_input\n    path_or_location = self._get_path_or_location(\n                       ^^^^^^^^^^^^^^^^^^^^^^^^^^^\n  File \"/opt/hostedtoolcache/Python/3.12.12/x64/lib/python3.12/site-packages/galaxy/tool_util/verify/interactor.py\", line 618, in _get_path_or_location\n    path = self.test_data_download(\n           ^^^^^^^^^^^^^^^^^^^^^^^^\n  File \"/opt/hostedtoolcache/Python/3.12.12/x64/lib/python3.12/site-packages/galaxy/tool_util/verify/interactor.py\", line 524, in test_data_download\n    raise AssertionError(f\"Test input file ({filename}) cannot be found.\")\nAssertionError: Test input file (group_compute_input.txt) cannot be found.\n", "status": "error", "test_index": 1, "time_seconds": 0.07228589057922363, "tool_id": "datamash_ops", "tool_version": "1.9+galaxy0"}
            ]]></error>
        
    </testcase>
    
    <testcase classname="datamash_ops (Test #3)" name="2" time="0.07150673866271973">
        
            <error type="error" message="Input staging problem: Traceback (most recent call last):
  File "/opt/hostedtoolcache/Python/3.12.12/x64/lib/python3.12/site-packages/galaxy/tool_util/verify/interactor.py", line 1466, in verify_tool
    stage_data_in_history(
  File "/opt/hostedtoolcache/Python/3.12.12/x64/lib/python3.12/site-packages/galaxy/tool_util/verify/interactor.py", line 163, in stage_data_in_history
    test_dict = galaxy_interactor.remote_to_input(
                ^^^^^^^^^^^^^^^^^^^^^^^^^^^^^^^^^^
  File "/opt/hostedtoolcache/Python/3.12.12/x64/lib/python3.12/site-packages/galaxy/tool_util/verify/interactor.py", line 581, in remote_to_input
    path_or_location = self._get_path_or_location(
                       ^^^^^^^^^^^^^^^^^^^^^^^^^^^
  File "/opt/hostedtoolcache/Python/3.12.12/x64/lib/python3.12/site-packages/galaxy/tool_util/verify/interactor.py", line 618, in _get_path_or_location
    path = self.test_data_download(
           ^^^^^^^^^^^^^^^^^^^^^^^^
  File "/opt/hostedtoolcache/Python/3.12.12/x64/lib/python3.12/site-packages/galaxy/tool_util/verify/interactor.py", line 524, in test_data_download
    raise AssertionError(f"Test input file ({filename}) cannot be found.")
AssertionError: Test input file (group_compute_input.csv) cannot be found.
"><![CDATA[
                { "execution_problem": "Input staging problem: Traceback (most recent call last):\n  File \"/opt/hostedtoolcache/Python/3.12.12/x64/lib/python3.12/site-packages/galaxy/tool_util/verify/interactor.py\", line 1466, in verify_tool\n    stage_data_in_history(\n  File \"/opt/hostedtoolcache/Python/3.12.12/x64/lib/python3.12/site-packages/galaxy/tool_util/verify/interactor.py\", line 163, in stage_data_in_history\n    test_dict = galaxy_interactor.remote_to_input(\n                ^^^^^^^^^^^^^^^^^^^^^^^^^^^^^^^^^^\n  File \"/opt/hostedtoolcache/Python/3.12.12/x64/lib/python3.12/site-packages/galaxy/tool_util/verify/interactor.py\", line 581, in remote_to_input\n    path_or_location = self._get_path_or_location(\n                       ^^^^^^^^^^^^^^^^^^^^^^^^^^^\n  File \"/opt/hostedtoolcache/Python/3.12.12/x64/lib/python3.12/site-packages/galaxy/tool_util/verify/interactor.py\", line 618, in _get_path_or_location\n    path = self.test_data_download(\n           ^^^^^^^^^^^^^^^^^^^^^^^^\n  File \"/opt/hostedtoolcache/Python/3.12.12/x64/lib/python3.12/site-packages/galaxy/tool_util/verify/interactor.py\", line 524, in test_data_download\n    raise AssertionError(f\"Test input file ({filename}) cannot be found.\")\nAssertionError: Test input file (group_compute_input.csv) cannot be found.\n", "status": "error", "test_index": 2, "time_seconds": 0.07150673866271973, "tool_id": "datamash_ops", "tool_version": "1.9+galaxy0"}
            ]]></error>
        
    </testcase>
    
    <testcase classname="datamash_ops (Test #4)" name="3" time="0.07392430305480957">
        
            <error type="error" message="Input staging problem: Traceback (most recent call last):
  File "/opt/hostedtoolcache/Python/3.12.12/x64/lib/python3.12/site-packages/galaxy/tool_util/verify/interactor.py", line 1466, in verify_tool
    stage_data_in_history(
  File "/opt/hostedtoolcache/Python/3.12.12/x64/lib/python3.12/site-packages/galaxy/tool_util/verify/interactor.py", line 163, in stage_data_in_history
    test_dict = galaxy_interactor.remote_to_input(
                ^^^^^^^^^^^^^^^^^^^^^^^^^^^^^^^^^^
  File "/opt/hostedtoolcache/Python/3.12.12/x64/lib/python3.12/site-packages/galaxy/tool_util/verify/interactor.py", line 581, in remote_to_input
    path_or_location = self._get_path_or_location(
                       ^^^^^^^^^^^^^^^^^^^^^^^^^^^
  File "/opt/hostedtoolcache/Python/3.12.12/x64/lib/python3.12/site-packages/galaxy/tool_util/verify/interactor.py", line 618, in _get_path_or_location
    path = self.test_data_download(
           ^^^^^^^^^^^^^^^^^^^^^^^^
  File "/opt/hostedtoolcache/Python/3.12.12/x64/lib/python3.12/site-packages/galaxy/tool_util/verify/interactor.py", line 524, in test_data_download
    raise AssertionError(f"Test input file ({filename}) cannot be found.")
AssertionError: Test input file (na_values_input.tsv) cannot be found.
"><![CDATA[
                { "execution_problem": "Input staging problem: Traceback (most recent call last):\n  File \"/opt/hostedtoolcache/Python/3.12.12/x64/lib/python3.12/site-packages/galaxy/tool_util/verify/interactor.py\", line 1466, in verify_tool\n    stage_data_in_history(\n  File \"/opt/hostedtoolcache/Python/3.12.12/x64/lib/python3.12/site-packages/galaxy/tool_util/verify/interactor.py\", line 163, in stage_data_in_history\n    test_dict = galaxy_interactor.remote_to_input(\n                ^^^^^^^^^^^^^^^^^^^^^^^^^^^^^^^^^^\n  File \"/opt/hostedtoolcache/Python/3.12.12/x64/lib/python3.12/site-packages/galaxy/tool_util/verify/interactor.py\", line 581, in remote_to_input\n    path_or_location = self._get_path_or_location(\n                       ^^^^^^^^^^^^^^^^^^^^^^^^^^^\n  File \"/opt/hostedtoolcache/Python/3.12.12/x64/lib/python3.12/site-packages/galaxy/tool_util/verify/interactor.py\", line 618, in _get_path_or_location\n    path = self.test_data_download(\n           ^^^^^^^^^^^^^^^^^^^^^^^^\n  File \"/opt/hostedtoolcache/Python/3.12.12/x64/lib/python3.12/site-packages/galaxy/tool_util/verify/interactor.py\", line 524, in test_data_download\n    raise AssertionError(f\"Test input file ({filename}) cannot be found.\")\nAssertionError: Test input file (na_values_input.tsv) cannot be found.\n", "status": "error", "test_index": 3, "time_seconds": 0.07392430305480957, "tool_id": "datamash_ops", "tool_version": "1.9+galaxy0"}
            ]]></error>
        
    </testcase>
    
    <testcase classname="deeptools_bam_pe_fragmentsize (Test #1)" name="0" time="11.719362258911133">
        
            <error type="error" message="Input staging problem: Traceback (most recent call last):
  File "/opt/hostedtoolcache/Python/3.12.12/x64/lib/python3.12/site-packages/galaxy/tool_util/verify/interactor.py", line 1466, in verify_tool
    stage_data_in_history(
  File "/opt/hostedtoolcache/Python/3.12.12/x64/lib/python3.12/site-packages/galaxy/tool_util/verify/interactor.py", line 175, in stage_data_in_history
    staging_interface.handle_jobs()
  File "/opt/hostedtoolcache/Python/3.12.12/x64/lib/python3.12/site-packages/galaxy/tool_util/verify/interactor.py", line 212, in handle_jobs
    self.galaxy_interactor.wait_for_job(job_response["id"], job_response["history_id"], self.maxseconds)
  File "/opt/hostedtoolcache/Python/3.12.12/x64/lib/python3.12/site-packages/galaxy/tool_util/verify/interactor.py", line 398, in wait_for_job
    self.wait_for(lambda: self.__job_ready(job_id, history_id), maxseconds=maxseconds)
  File "/opt/hostedtoolcache/Python/3.12.12/x64/lib/python3.12/site-packages/galaxy/tool_util/verify/interactor.py", line 402, in wait_for
    wait_on(func, what, walltime_exceeded)
  File "/opt/hostedtoolcache/Python/3.12.12/x64/lib/python3.12/site-packages/galaxy/tool_util/verify/wait.py", line 38, in wait_on
    value = function()
            ^^^^^^^^^^
  File "/opt/hostedtoolcache/Python/3.12.12/x64/lib/python3.12/site-packages/galaxy/tool_util/verify/interactor.py", line 398, in <lambda>
    self.wait_for(lambda: self.__job_ready(job_id, history_id), maxseconds=maxseconds)
                          ^^^^^^^^^^^^^^^^^^^^^^^^^^^^^^^^^^^^
  File "/opt/hostedtoolcache/Python/3.12.12/x64/lib/python3.12/site-packages/galaxy/tool_util/verify/interactor.py", line 751, in __job_ready
    return self._state_ready(job_id, error_msg="Job in error state.")
           ^^^^^^^^^^^^^^^^^^^^^^^^^^^^^^^^^^^^^^^^^^^^^^^^^^^^^^^^^^
  File "/opt/hostedtoolcache/Python/3.12.12/x64/lib/python3.12/site-packages/galaxy/tool_util/verify/interactor.py", line 847, in _state_ready
    raise Exception(
Exception: Job in error state.. tool_id: __DATA_FETCH__, exit_code: None, stderr: .
"><![CDATA[
                { "execution_problem": "Input staging problem: Traceback (most recent call last):\n  File \"/opt/hostedtoolcache/Python/3.12.12/x64/lib/python3.12/site-packages/galaxy/tool_util/verify/interactor.py\", line 1466, in verify_tool\n    stage_data_in_history(\n  File \"/opt/hostedtoolcache/Python/3.12.12/x64/lib/python3.12/site-packages/galaxy/tool_util/verify/interactor.py\", line 175, in stage_data_in_history\n    staging_interface.handle_jobs()\n  File \"/opt/hostedtoolcache/Python/3.12.12/x64/lib/python3.12/site-packages/galaxy/tool_util/verify/interactor.py\", line 212, in handle_jobs\n    self.galaxy_interactor.wait_for_job(job_response[\"id\"], job_response[\"history_id\"], self.maxseconds)\n  File \"/opt/hostedtoolcache/Python/3.12.12/x64/lib/python3.12/site-packages/galaxy/tool_util/verify/interactor.py\", line 398, in wait_for_job\n    self.wait_for(lambda: self.__job_ready(job_id, history_id), maxseconds=maxseconds)\n  File \"/opt/hostedtoolcache/Python/3.12.12/x64/lib/python3.12/site-packages/galaxy/tool_util/verify/interactor.py\", line 402, in wait_for\n    wait_on(func, what, walltime_exceeded)\n  File \"/opt/hostedtoolcache/Python/3.12.12/x64/lib/python3.12/site-packages/galaxy/tool_util/verify/wait.py\", line 38, in wait_on\n    value = function()\n            ^^^^^^^^^^\n  File \"/opt/hostedtoolcache/Python/3.12.12/x64/lib/python3.12/site-packages/galaxy/tool_util/verify/interactor.py\", line 398, in \u003clambda\u003e\n    self.wait_for(lambda: self.__job_ready(job_id, history_id), maxseconds=maxseconds)\n                          ^^^^^^^^^^^^^^^^^^^^^^^^^^^^^^^^^^^^\n  File \"/opt/hostedtoolcache/Python/3.12.12/x64/lib/python3.12/site-packages/galaxy/tool_util/verify/interactor.py\", line 751, in __job_ready\n    return self._state_ready(job_id, error_msg=\"Job in error state.\")\n           ^^^^^^^^^^^^^^^^^^^^^^^^^^^^^^^^^^^^^^^^^^^^^^^^^^^^^^^^^^\n  File \"/opt/hostedtoolcache/Python/3.12.12/x64/lib/python3.12/site-packages/galaxy/tool_util/verify/interactor.py\", line 847, in _state_ready\n    raise Exception(\nException: Job in error state.. tool_id: __DATA_FETCH__, exit_code: None, stderr: .\n", "status": "error", "test_index": 0, "time_seconds": 11.719362258911133, "tool_id": "deeptools_bam_pe_fragmentsize", "tool_version": "3.5.4+galaxy0"}
            ]]></error>
        
    </testcase>
    
    <testcase classname="deeptools_bam_pe_fragmentsize (Test #2)" name="1" time="59.26828622817993">
        
            
            <system-out><![CDATA[
            
            ]]></system-out>
            <system-err><![CDATA[
            
            ]]></system-err>
        
    </testcase>
    
    <testcase classname="freebayes (Test #1)" name="0" time="48.849915504455566">
        
            
            <system-out><![CDATA[
            
            ]]></system-out>
            <system-err><![CDATA[
            
            ]]></system-err>
        
    </testcase>
    
    <testcase classname="freebayes (Test #2)" name="1" time="34.53033185005188">
        
            
            <system-out><![CDATA[
            
            ]]></system-out>
            <system-err><![CDATA[
            
            ]]></system-err>
        
    </testcase>
    
    <testcase classname="freebayes (Test #3)" name="2" time="33.624181270599365">
        
            
                <error type="error" message="Tool exit code: 0"><![CDATA[
                    { "inputs": {  "coverage_options|coverage_options_selector": "set",  "coverage_options|min_coverage": "14",  "options_type|options_type_selector": "naive_w_filters",  "reference_source|batchmode|input_bams": {   "id": "fbdb135698af8b7c",   "src": "hda"  },  "reference_source|batchmode|processmode": "individual",  "reference_source|ref_file": {   "id": "d35a4a0db54ba408",   "src": "hda"  },  "reference_source|reference_source_selector": "history" }, "job": {  "command_line": "ln -s -f \u0027/galaxy/server/database/objects/e/8/8/dataset_e88bdcba-e01f-46c2-aa00-f734479dc250.dat\u0027 \u0027localref.fa\u0027 \u0026\u0026 samtools faidx \u0027localref.fa\u0027 2\u003e\u00261 || echo \"Error running samtools faidx for FreeBayes\" \u003e\u00262 \u0026\u0026   ln -s -f \u0027/galaxy/server/database/objects/4/e/8/dataset_4e825460-fc2d-4d33-9d96-7f1e5e5aae8b.dat\u0027 \u0027b_0.bam\u0027 \u0026\u0026 ln -s -f \u0027/galaxy/server/database/objects/_metadata_files/9/a/2/metadata_9a243164-3a02-4b8a-b60d-14100f40a14e.dat\u0027 \u0027b_0.bam.bai\u0027 \u0026\u0026   samtools view -H b_0.bam| grep \u0027^@SQ\u0027 | cut -f 2- | awk \u0027{ gsub(\"^SN:\",\"\",$1); gsub(\"^LN:\",\"\",$2); print $1\"\\t0\\t\"$2; }\u0027 \u003e\u003e regions_all.bed \u0026\u0026  sort -u regions_all.bed \u003e regions_uniq.bed \u0026\u0026  mkdir vcf_output failed_alleles trace \u0026\u0026   for i in `cat regions_uniq.bed | awk \u0027{print $1\":\"$2\"..\"$3}\u0027`; do echo \"   freebayes  --region \u0027$i\u0027  --bam \u0027b_0.bam\u0027 --fasta-reference \u0027localref.fa\u0027  --vcf \u0027./vcf_output/part_$i.vcf\u0027   --min-coverage 14 --skip-coverage 0 --limit-coverage 0   --haplotype-length 0 --min-alternate-count 1 --min-alternate-fraction 0.05 --pooled-continuous --report-monomorphic --standard-filters  \"; done \u003e freebayes_commands.sh \u0026\u0026  cat freebayes_commands.sh | parallel --will-cite -j ${GALAXY_SLOTS:-1} \u0026\u0026  grep \"^#\" \"./vcf_output/part_$i.vcf\" \u003e header.txt \u0026\u0026  for i in `cat regions_uniq.bed | awk \u0027{print $1\":\"$2\"..\"$3}\u0027`; do cat \"./vcf_output/part_$i.vcf\" | grep -v \"^#\" || true ; done | sort -k1,1 -k2,2n -k5,5 -u | cat header.txt - \u003e \u0027/galaxy/server/database/objects/b/c/d/dataset_bcd6289d-cdd3-42ab-b307-1c0b5f7c3f1e.dat\u0027",  "command_version": "1.3.8",  "copied_from_job_id": null,  "create_time": "2026-01-18T01:37:38.243492",  "dependencies": [],  "exit_code": 0,  "external_id": "gxy-fjdk5",  "galaxy_version": "24.1",  "handler": null,  "history_id": "cf2f3abca65f0ba5",  "id": "67c4814c5c1661f4",  "inputs": {   "reference_source|batchmode|input_bams": {    "id": "fbdb135698af8b7c",    "src": "hda",    "uuid": "4e825460-fc2d-4d33-9d96-7f1e5e5aae8b"   },   "reference_source|ref_file": {    "id": "d35a4a0db54ba408",    "src": "hda",    "uuid": "e88bdcba-e01f-46c2-aa00-f734479dc250"   }  },  "job_messages": [],  "job_metrics": [   {    "name": "runtime_seconds",    "plugin": "core",    "raw_value": "0E-7",    "title": "Job Runtime (Wall Clock)",    "value": "0 seconds"   },   {    "name": "end_epoch",    "plugin": "core",    "raw_value": "1768700260.0000000",    "title": "Job End Time",    "value": "2026-01-18 01:37:40"   },   {    "name": "start_epoch",    "plugin": "core",    "raw_value": "1768700260.0000000",    "title": "Job Start Time",    "value": "2026-01-18 01:37:40"   },   {    "name": "galaxy_memory_mb",    "plugin": "core",    "raw_value": "9663.0000000",    "title": "Memory Allocated (MB)",    "value": "9663"   },   {    "name": "galaxy_slots",    "plugin": "core",    "raw_value": "8.0000000",    "title": "Cores Allocated",    "value": "8"   }  ],  "job_runner_name": null,  "job_stderr": "",  "job_stdout": "",  "model_class": "Job",  "output_collections": {},  "outputs": {   "output_vcf": {    "id": "7dc45e1394abaeb5",    "src": "hda",    "uuid": "bcd6289d-cdd3-42ab-b307-1c0b5f7c3f1e"   }  },  "params": {   "__input_ext": "\"bam\"",   "chromInfo": "\"/cvmfs/data.galaxyproject.org/managed/len/ucsc/?.len\"",   "coverage_options": "{\"__current_case__\": 0, \"coverage_options_selector\": \"set\", \"limit_coverage\": \"0\", \"min_coverage\": \"14\", \"skip_coverage\": \"0\"}",   "dbkey": "\"?\"",   "options_type": "{\"__current_case__\": 4, \"options_type_selector\": \"naive_w_filters\"}",   "reference_source": "{\"__current_case__\": 1, \"batchmode\": {\"__current_case__\": 0, \"input_bams\": {\"values\": [{\"id\": 104, \"src\": \"hda\"}]}, \"processmode\": \"individual\"}, \"ref_file\": {\"values\": [{\"id\": 105, \"src\": \"hda\"}]}, \"reference_source_selector\": \"history\"}",   "target_limit_type": "{\"__current_case__\": 0, \"target_limit_type_selector\": \"do_not_limit\"}"  },  "state": "ok",  "stderr": "",  "stdout": "",  "tool_id": "toolshed.g2.bx.psu.edu/repos/devteam/freebayes/freebayes/1.3.8+galaxy0",  "tool_stderr": "",  "tool_stdout": "",  "update_time": "2026-01-18T01:37:50.814918",  "user_email": "tests@fake.org" }, "output_problems": [  "Output output_vcf: Test output file (freebayes-phix174-test3.vcf) is missing. If you are using planemo, try adding --update_test_data to generate it." ], "status": "failure", "test_index": 2, "time_seconds": 33.624181270599365, "tool_id": "freebayes", "tool_version": "1.3.8+galaxy0"}
                ]]></error>
            
            <system-out><![CDATA[
            
            ]]></system-out>
            <system-err><![CDATA[
            
            ]]></system-err>
        
    </testcase>
    
    <testcase classname="freebayes (Test #4)" name="3" time="38.84752345085144">
        
            
            <system-out><![CDATA[
            
            ]]></system-out>
            <system-err><![CDATA[
            
            ]]></system-err>
        
    </testcase>
    
    <testcase classname="freebayes (Test #5)" name="4" time="36.13874673843384">
        
            
            <system-out><![CDATA[
            
            ]]></system-out>
            <system-err><![CDATA[
            
            ]]></system-err>
        
    </testcase>
    
    <testcase classname="freebayes (Test #6)" name="5" time="34.95762848854065">
        
            
            <system-out><![CDATA[
            
            ]]></system-out>
            <system-err><![CDATA[
            
            ]]></system-err>
        
    </testcase>
    
    <testcase classname="freebayes (Test #7)" name="6" time="35.84245252609253">
        
            
            <system-out><![CDATA[
            
            ]]></system-out>
            <system-err><![CDATA[
            
            ]]></system-err>
        
    </testcase>
    
    <testcase classname="freebayes (Test #8)" name="7" time="26.175827980041504">
        
            
                <error type="error" message="Tool exit code: None"><![CDATA[
                    { "inputs": {  "options_type|options_type_selector": "simple",  "reference_source|batchmode|input_bams": {   "id": "08822e3880c8e5a2",   "src": "hda"  },  "reference_source|batchmode|processmode": "individual",  "reference_source|ref_file": {   "id": "b8d68bdaf769669c",   "src": "hda"  },  "reference_source|reference_source_selector": "history" }, "job": {  "command_line": "ln -s -f \u0027/galaxy/server/database/objects/1/a/1/dataset_1a1e5ccf-3eee-447d-928f-3db293c0e3ea.dat\u0027 \u0027localref.fa\u0027 \u0026\u0026 samtools faidx \u0027localref.fa\u0027 2\u003e\u00261 || echo \"Error running samtools faidx for FreeBayes\" \u003e\u00262 \u0026\u0026   ln -s -f \u0027/galaxy/server/database/objects/5/1/1/dataset_511b34e6-7ab2-4b5b-862c-0de8c3ca5b73.dat\u0027 \u0027b_0.cram\u0027 \u0026\u0026 ln -s -f \u0027/galaxy/server/database/objects/_metadata_files/e/c/4/metadata_ec481928-2274-4c4e-97c4-ed6df1b4a295.dat\u0027 \u0027b_0.cram.crai\u0027 \u0026\u0026   samtools view -H b_0.cram| grep \u0027^@SQ\u0027 | cut -f 2- | awk \u0027{ gsub(\"^SN:\",\"\",$1); gsub(\"^LN:\",\"\",$2); print $1\"\\t0\\t\"$2; }\u0027 \u003e\u003e regions_all.bed \u0026\u0026  sort -u regions_all.bed \u003e regions_uniq.bed \u0026\u0026  mkdir vcf_output failed_alleles trace \u0026\u0026   for i in `cat regions_uniq.bed | awk \u0027{print $1\":\"$2\"..\"$3}\u0027`; do echo \"   freebayes  --region \u0027$i\u0027  --bam \u0027b_0.cram\u0027 --fasta-reference \u0027localref.fa\u0027  --vcf \u0027./vcf_output/part_$i.vcf\u0027    \"; done \u003e freebayes_commands.sh \u0026\u0026  cat freebayes_commands.sh | parallel --will-cite -j ${GALAXY_SLOTS:-1} \u0026\u0026  grep \"^#\" \"./vcf_output/part_$i.vcf\" \u003e header.txt \u0026\u0026  for i in `cat regions_uniq.bed | awk \u0027{print $1\":\"$2\"..\"$3}\u0027`; do cat \"./vcf_output/part_$i.vcf\" | grep -v \"^#\" || true ; done | sort -k1,1 -k2,2n -k5,5 -u | cat header.txt - \u003e \u0027/galaxy/server/database/objects/0/0/8/dataset_0083558e-46a2-4071-8fff-585d06f9cd51.dat\u0027",  "command_version": null,  "copied_from_job_id": null,  "create_time": "2026-01-18T01:40:36.728218",  "dependencies": [],  "exit_code": null,  "external_id": "gxy-hfdmx",  "galaxy_version": "24.1",  "handler": null,  "history_id": "cf2f3abca65f0ba5",  "id": "923acad632f1331a",  "inputs": {   "reference_source|batchmode|input_bams": {    "id": "08822e3880c8e5a2",    "src": "hda",    "uuid": "511b34e6-7ab2-4b5b-862c-0de8c3ca5b73"   },   "reference_source|ref_file": {    "id": "b8d68bdaf769669c",    "src": "hda",    "uuid": "1a1e5ccf-3eee-447d-928f-3db293c0e3ea"   }  },  "job_messages": null,  "job_metrics": [],  "job_runner_name": null,  "job_stderr": null,  "job_stdout": null,  "model_class": "Job",  "output_collections": {},  "outputs": {   "output_vcf": {    "id": "ae4e90698a57602a",    "src": "hda",    "uuid": "0083558e-46a2-4071-8fff-585d06f9cd51"   }  },  "params": {   "__input_ext": "\"cram\"",   "chromInfo": "\"/cvmfs/data.galaxyproject.org/managed/len/ucsc/?.len\"",   "coverage_options": "{\"__current_case__\": 1, \"coverage_options_selector\": \"do_not_set\"}",   "dbkey": "\"?\"",   "options_type": "{\"__current_case__\": 1, \"options_type_selector\": \"simple\"}",   "reference_source": "{\"__current_case__\": 1, \"batchmode\": {\"__current_case__\": 0, \"input_bams\": {\"values\": [{\"id\": 119, \"src\": \"hda\"}]}, \"processmode\": \"individual\"}, \"ref_file\": {\"values\": [{\"id\": 120, \"src\": \"hda\"}]}, \"reference_source_selector\": \"history\"}",   "target_limit_type": "{\"__current_case__\": 0, \"target_limit_type_selector\": \"do_not_limit\"}"  },  "state": "error",  "stderr": "",  "stdout": "",  "tool_id": "toolshed.g2.bx.psu.edu/repos/devteam/freebayes/freebayes/1.3.8+galaxy0",  "tool_stderr": "",  "tool_stdout": "",  "update_time": "2026-01-18T01:40:42.757911",  "user_email": "tests@fake.org" }, "output_problems": [  "Job in error state.. tool_id: toolshed.g2.bx.psu.edu/repos/devteam/freebayes/freebayes/1.3.8+galaxy0, exit_code: None, stderr: ." ], "status": "failure", "test_index": 7, "time_seconds": 26.175827980041504, "tool_id": "freebayes", "tool_version": "1.3.8+galaxy0"}
                ]]></error>
            
            <system-out><![CDATA[
            
            ]]></system-out>
            <system-err><![CDATA[
            
            ]]></system-err>
        
    </testcase>
    
    <testcase classname="kallisto_quant (Test #1)" name="0" time="22.260680198669434">
        
            <error type="error" message="Input staging problem: Traceback (most recent call last):
  File "/opt/hostedtoolcache/Python/3.12.12/x64/lib/python3.12/site-packages/galaxy/tool_util/verify/interactor.py", line 1466, in verify_tool
    stage_data_in_history(
  File "/opt/hostedtoolcache/Python/3.12.12/x64/lib/python3.12/site-packages/galaxy/tool_util/verify/interactor.py", line 175, in stage_data_in_history
    staging_interface.handle_jobs()
  File "/opt/hostedtoolcache/Python/3.12.12/x64/lib/python3.12/site-packages/galaxy/tool_util/verify/interactor.py", line 212, in handle_jobs
    self.galaxy_interactor.wait_for_job(job_response["id"], job_response["history_id"], self.maxseconds)
  File "/opt/hostedtoolcache/Python/3.12.12/x64/lib/python3.12/site-packages/galaxy/tool_util/verify/interactor.py", line 398, in wait_for_job
    self.wait_for(lambda: self.__job_ready(job_id, history_id), maxseconds=maxseconds)
  File "/opt/hostedtoolcache/Python/3.12.12/x64/lib/python3.12/site-packages/galaxy/tool_util/verify/interactor.py", line 402, in wait_for
    wait_on(func, what, walltime_exceeded)
  File "/opt/hostedtoolcache/Python/3.12.12/x64/lib/python3.12/site-packages/galaxy/tool_util/verify/wait.py", line 38, in wait_on
    value = function()
            ^^^^^^^^^^
  File "/opt/hostedtoolcache/Python/3.12.12/x64/lib/python3.12/site-packages/galaxy/tool_util/verify/interactor.py", line 398, in <lambda>
    self.wait_for(lambda: self.__job_ready(job_id, history_id), maxseconds=maxseconds)
                          ^^^^^^^^^^^^^^^^^^^^^^^^^^^^^^^^^^^^
  File "/opt/hostedtoolcache/Python/3.12.12/x64/lib/python3.12/site-packages/galaxy/tool_util/verify/interactor.py", line 751, in __job_ready
    return self._state_ready(job_id, error_msg="Job in error state.")
           ^^^^^^^^^^^^^^^^^^^^^^^^^^^^^^^^^^^^^^^^^^^^^^^^^^^^^^^^^^
  File "/opt/hostedtoolcache/Python/3.12.12/x64/lib/python3.12/site-packages/galaxy/tool_util/verify/interactor.py", line 847, in _state_ready
    raise Exception(
Exception: Job in error state.. tool_id: __DATA_FETCH__, exit_code: None, stderr: .
"><![CDATA[
                { "execution_problem": "Input staging problem: Traceback (most recent call last):\n  File \"/opt/hostedtoolcache/Python/3.12.12/x64/lib/python3.12/site-packages/galaxy/tool_util/verify/interactor.py\", line 1466, in verify_tool\n    stage_data_in_history(\n  File \"/opt/hostedtoolcache/Python/3.12.12/x64/lib/python3.12/site-packages/galaxy/tool_util/verify/interactor.py\", line 175, in stage_data_in_history\n    staging_interface.handle_jobs()\n  File \"/opt/hostedtoolcache/Python/3.12.12/x64/lib/python3.12/site-packages/galaxy/tool_util/verify/interactor.py\", line 212, in handle_jobs\n    self.galaxy_interactor.wait_for_job(job_response[\"id\"], job_response[\"history_id\"], self.maxseconds)\n  File \"/opt/hostedtoolcache/Python/3.12.12/x64/lib/python3.12/site-packages/galaxy/tool_util/verify/interactor.py\", line 398, in wait_for_job\n    self.wait_for(lambda: self.__job_ready(job_id, history_id), maxseconds=maxseconds)\n  File \"/opt/hostedtoolcache/Python/3.12.12/x64/lib/python3.12/site-packages/galaxy/tool_util/verify/interactor.py\", line 402, in wait_for\n    wait_on(func, what, walltime_exceeded)\n  File \"/opt/hostedtoolcache/Python/3.12.12/x64/lib/python3.12/site-packages/galaxy/tool_util/verify/wait.py\", line 38, in wait_on\n    value = function()\n            ^^^^^^^^^^\n  File \"/opt/hostedtoolcache/Python/3.12.12/x64/lib/python3.12/site-packages/galaxy/tool_util/verify/interactor.py\", line 398, in \u003clambda\u003e\n    self.wait_for(lambda: self.__job_ready(job_id, history_id), maxseconds=maxseconds)\n                          ^^^^^^^^^^^^^^^^^^^^^^^^^^^^^^^^^^^^\n  File \"/opt/hostedtoolcache/Python/3.12.12/x64/lib/python3.12/site-packages/galaxy/tool_util/verify/interactor.py\", line 751, in __job_ready\n    return self._state_ready(job_id, error_msg=\"Job in error state.\")\n           ^^^^^^^^^^^^^^^^^^^^^^^^^^^^^^^^^^^^^^^^^^^^^^^^^^^^^^^^^^\n  File \"/opt/hostedtoolcache/Python/3.12.12/x64/lib/python3.12/site-packages/galaxy/tool_util/verify/interactor.py\", line 847, in _state_ready\n    raise Exception(\nException: Job in error state.. tool_id: __DATA_FETCH__, exit_code: None, stderr: .\n", "status": "error", "test_index": 0, "time_seconds": 22.260680198669434, "tool_id": "kallisto_quant", "tool_version": "0.48.0+galaxy1"}
            ]]></error>
        
    </testcase>
    
    <testcase classname="kallisto_quant (Test #2)" name="1" time="42.023520708084106">
        
            
            <system-out><![CDATA[
            {"n_targets": 1,"n_bootstraps": 0,"n_processed": 100,"n_pseudoaligned": 37,"n_unique": 37,"p_pseudoaligned": 37.0,"p_unique": 37.0,"kallisto_version": "0.48.0","index_version": 10,"start_time": "Sun Jan 18 01:41:37 2026","call": "kallisto quant -i reference.kallisto --bootstrap-samples 0 --seed 42 --threads 8 -o . --fr-stranded /galaxy/server/database/objects/6/a/a/dataset_6aae0546-0d67-4eff-975c-5c4929092472.dat /galaxy/server/database/objects/2/2/5/dataset_22507402-6a76-43d7-b47d-947ee623f9d4.dat"}
            ]]></system-out>
            <system-err><![CDATA[
            [build] loading fasta file reference.fa[build] k-mer length: 31[build] counting k-mers ... done.[build] building target de Bruijn graph ...  done [build] creating equivalence classes ...  done[build] target de Bruijn graph has 1 contigs and contains 16269 k-mers [quant] fragment length distribution will be estimated from the data[index] k-mer length: 31[index] number of targets: 1[index] number of k-mers: 16,269[index] number of equivalence classes: 1[quant] running in paired-end mode[quant] will process pair 1: /galaxy/server/database/objects/6/a/a/dataset_6aae0546-0d67-4eff-975c-5c4929092472.dat                             /galaxy/server/database/objects/2/2/5/dataset_22507402-6a76-43d7-b47d-947ee623f9d4.dat[quant] finding pseudoalignments for the reads ... done[quant] processed 100 reads, 37 reads pseudoaligned[quant] estimated average fragment length: 495.838[   em] quantifying the abundances ... done[   em] the Expectation-Maximization algorithm ran for 52 rounds
            ]]></system-err>
        
    </testcase>
    
    <testcase classname="kallisto_quant (Test #3)" name="2" time="39.32631587982178">
        
            
            <system-out><![CDATA[
            {"n_targets": 1,"n_bootstraps": 0,"n_processed": 100,"n_pseudoaligned": 100,"n_unique": 100,"p_pseudoaligned": 100.0,"p_unique": 100.0,"kallisto_version": "0.48.0","index_version": 10,"start_time": "Sun Jan 18 01:42:16 2026","call": "kallisto quant -i reference.kallisto --bootstrap-samples 0 --seed 42 --threads 8 -o . /galaxy/server/database/objects/8/5/7/dataset_85701c66-2924-4fa7-9305-cebe7d944fb8.dat /galaxy/server/database/objects/6/7/6/dataset_6763ebe0-c7cb-4346-8289-79595a58674e.dat"}
            ]]></system-out>
            <system-err><![CDATA[
            [build] loading fasta file reference.fa[build] k-mer length: 31[build] counting k-mers ... done.[build] building target de Bruijn graph ...  done [build] creating equivalence classes ...  done[build] target de Bruijn graph has 1 contigs and contains 16269 k-mers [quant] fragment length distribution will be estimated from the data[index] k-mer length: 31[index] number of targets: 1[index] number of k-mers: 16,269[index] number of equivalence classes: 1[quant] running in paired-end mode[quant] will process pair 1: /galaxy/server/database/objects/8/5/7/dataset_85701c66-2924-4fa7-9305-cebe7d944fb8.dat                             /galaxy/server/database/objects/6/7/6/dataset_6763ebe0-c7cb-4346-8289-79595a58674e.dat[quant] finding pseudoalignments for the reads ... done[quant] processed 100 reads, 100 reads pseudoaligned[quant] estimated average fragment length: 499.12[   em] quantifying the abundances ... done[   em] the Expectation-Maximization algorithm ran for 52 rounds
            ]]></system-err>
        
    </testcase>
    
    <testcase classname="kallisto_quant (Test #4)" name="3" time="35.79056167602539">
        
            
            <system-out><![CDATA[
            {"n_targets": 1,"n_bootstraps": 0,"n_processed": 100,"n_pseudoaligned": 100,"n_unique": 100,"p_pseudoaligned": 100.0,"p_unique": 100.0,"kallisto_version": "0.48.0","index_version": 10,"start_time": "Sun Jan 18 01:42:51 2026","call": "kallisto quant -i reference.kallisto --bootstrap-samples 0 --seed 42 --threads 8 -o . --single --fragment-length 200 --sd 20 /galaxy/server/database/objects/e/8/8/dataset_e885e7da-a55f-45c6-9a6d-8de0b3012164.dat"}
            ]]></system-out>
            <system-err><![CDATA[
            [build] loading fasta file reference.fa[build] k-mer length: 31[build] counting k-mers ... done.[build] building target de Bruijn graph ...  done [build] creating equivalence classes ...  done[build] target de Bruijn graph has 1 contigs and contains 16269 k-mers [quant] fragment length distribution is truncated gaussian with mean = 200, sd = 20[index] k-mer length: 31[index] number of targets: 1[index] number of k-mers: 16,269[index] number of equivalence classes: 1[quant] running in single-end mode[quant] will process file 1: /galaxy/server/database/objects/e/8/8/dataset_e885e7da-a55f-45c6-9a6d-8de0b3012164.dat[quant] finding pseudoalignments for the reads ... done[quant] processed 100 reads, 100 reads pseudoaligned[   em] quantifying the abundances ... done[   em] the Expectation-Maximization algorithm ran for 52 rounds
            ]]></system-err>
        
    </testcase>
    
    <testcase classname="kallisto_quant (Test #5)" name="4" time="38.866267681121826">
        
            
            <system-out><![CDATA[
            {"n_targets": 1,"n_bootstraps": 0,"n_processed": 200,"n_pseudoaligned": 200,"n_unique": 200,"p_pseudoaligned": 100.0,"p_unique": 100.0,"kallisto_version": "0.48.0","index_version": 10,"start_time": "Sun Jan 18 01:43:31 2026","call": "kallisto quant -i reference.kallisto --bootstrap-samples 0 --seed 42 --pseudobam -o . /galaxy/server/database/objects/b/a/a/dataset_baa52fda-956e-473a-931e-0570c1307f0d.dat /galaxy/server/database/objects/5/b/c/dataset_5bca763f-7eaf-43c4-a3d3-ffd195188024.dat"}
            ]]></system-out>
            <system-err><![CDATA[
            [build] loading fasta file reference.fa[build] k-mer length: 31[build] counting k-mers ... done.[build] building target de Bruijn graph ...  done [build] creating equivalence classes ...  done[build] target de Bruijn graph has 15 contigs and contains 16670 k-mers [quant] fragment length distribution will be estimated from the data[index] k-mer length: 31[index] number of targets: 1[index] number of k-mers: 16,670[index] number of equivalence classes: 1[quant] running in paired-end mode[quant] will process pair 1: /galaxy/server/database/objects/b/a/a/dataset_baa52fda-956e-473a-931e-0570c1307f0d.dat                             /galaxy/server/database/objects/5/b/c/dataset_5bca763f-7eaf-43c4-a3d3-ffd195188024.dat[quant] finding pseudoalignments for the reads ... done[quant] processed 200 reads, 200 reads pseudoaligned[quant] estimated average fragment length: 500.01[   em] quantifying the abundances ... done[   em] the Expectation-Maximization algorithm ran for 52 rounds[  bam] writing pseudoalignments to BAM format .. done
            ]]></system-err>
        
    </testcase>
    
    <testcase classname="kallisto_quant (Test #6)" name="5" time="21.369115591049194">
        
            <error type="error" message="parameter 'index': an invalid option (None) was selected, please verify"><![CDATA[
                { "dynamic_param_error": true, "execution_problem": "parameter \u0027index\u0027: an invalid option (None) was selected, please verify", "inputs": {  "pseudobam": true,  "single_paired|forward": {   "id": "cb4fa3d718868ce6",   "src": "hda"  },  "single_paired|reverse": {   "id": "8e6e7cd14f8c65ac",   "src": "hda"  },  "single_paired|single_paired_selector": "paired_single" }, "status": "error", "test_index": 5, "time_seconds": 21.369115591049194, "tool_id": "kallisto_quant", "tool_version": "0.48.0+galaxy1"}
            ]]></error>
        
    </testcase>
    
    <testcase classname="kallisto_quant (Test #7)" name="6" time="12.13418960571289">
        
            <error type="error" message="Input staging problem: Traceback (most recent call last):
  File "/opt/hostedtoolcache/Python/3.12.12/x64/lib/python3.12/site-packages/galaxy/tool_util/verify/interactor.py", line 1466, in verify_tool
    stage_data_in_history(
  File "/opt/hostedtoolcache/Python/3.12.12/x64/lib/python3.12/site-packages/galaxy/tool_util/verify/interactor.py", line 175, in stage_data_in_history
    staging_interface.handle_jobs()
  File "/opt/hostedtoolcache/Python/3.12.12/x64/lib/python3.12/site-packages/galaxy/tool_util/verify/interactor.py", line 212, in handle_jobs
    self.galaxy_interactor.wait_for_job(job_response["id"], job_response["history_id"], self.maxseconds)
  File "/opt/hostedtoolcache/Python/3.12.12/x64/lib/python3.12/site-packages/galaxy/tool_util/verify/interactor.py", line 398, in wait_for_job
    self.wait_for(lambda: self.__job_ready(job_id, history_id), maxseconds=maxseconds)
  File "/opt/hostedtoolcache/Python/3.12.12/x64/lib/python3.12/site-packages/galaxy/tool_util/verify/interactor.py", line 402, in wait_for
    wait_on(func, what, walltime_exceeded)
  File "/opt/hostedtoolcache/Python/3.12.12/x64/lib/python3.12/site-packages/galaxy/tool_util/verify/wait.py", line 38, in wait_on
    value = function()
            ^^^^^^^^^^
  File "/opt/hostedtoolcache/Python/3.12.12/x64/lib/python3.12/site-packages/galaxy/tool_util/verify/interactor.py", line 398, in <lambda>
    self.wait_for(lambda: self.__job_ready(job_id, history_id), maxseconds=maxseconds)
                          ^^^^^^^^^^^^^^^^^^^^^^^^^^^^^^^^^^^^
  File "/opt/hostedtoolcache/Python/3.12.12/x64/lib/python3.12/site-packages/galaxy/tool_util/verify/interactor.py", line 751, in __job_ready
    return self._state_ready(job_id, error_msg="Job in error state.")
           ^^^^^^^^^^^^^^^^^^^^^^^^^^^^^^^^^^^^^^^^^^^^^^^^^^^^^^^^^^
  File "/opt/hostedtoolcache/Python/3.12.12/x64/lib/python3.12/site-packages/galaxy/tool_util/verify/interactor.py", line 847, in _state_ready
    raise Exception(
Exception: Job in error state.. tool_id: __DATA_FETCH__, exit_code: None, stderr: .
"><![CDATA[
                { "execution_problem": "Input staging problem: Traceback (most recent call last):\n  File \"/opt/hostedtoolcache/Python/3.12.12/x64/lib/python3.12/site-packages/galaxy/tool_util/verify/interactor.py\", line 1466, in verify_tool\n    stage_data_in_history(\n  File \"/opt/hostedtoolcache/Python/3.12.12/x64/lib/python3.12/site-packages/galaxy/tool_util/verify/interactor.py\", line 175, in stage_data_in_history\n    staging_interface.handle_jobs()\n  File \"/opt/hostedtoolcache/Python/3.12.12/x64/lib/python3.12/site-packages/galaxy/tool_util/verify/interactor.py\", line 212, in handle_jobs\n    self.galaxy_interactor.wait_for_job(job_response[\"id\"], job_response[\"history_id\"], self.maxseconds)\n  File \"/opt/hostedtoolcache/Python/3.12.12/x64/lib/python3.12/site-packages/galaxy/tool_util/verify/interactor.py\", line 398, in wait_for_job\n    self.wait_for(lambda: self.__job_ready(job_id, history_id), maxseconds=maxseconds)\n  File \"/opt/hostedtoolcache/Python/3.12.12/x64/lib/python3.12/site-packages/galaxy/tool_util/verify/interactor.py\", line 402, in wait_for\n    wait_on(func, what, walltime_exceeded)\n  File \"/opt/hostedtoolcache/Python/3.12.12/x64/lib/python3.12/site-packages/galaxy/tool_util/verify/wait.py\", line 38, in wait_on\n    value = function()\n            ^^^^^^^^^^\n  File \"/opt/hostedtoolcache/Python/3.12.12/x64/lib/python3.12/site-packages/galaxy/tool_util/verify/interactor.py\", line 398, in \u003clambda\u003e\n    self.wait_for(lambda: self.__job_ready(job_id, history_id), maxseconds=maxseconds)\n                          ^^^^^^^^^^^^^^^^^^^^^^^^^^^^^^^^^^^^\n  File \"/opt/hostedtoolcache/Python/3.12.12/x64/lib/python3.12/site-packages/galaxy/tool_util/verify/interactor.py\", line 751, in __job_ready\n    return self._state_ready(job_id, error_msg=\"Job in error state.\")\n           ^^^^^^^^^^^^^^^^^^^^^^^^^^^^^^^^^^^^^^^^^^^^^^^^^^^^^^^^^^\n  File \"/opt/hostedtoolcache/Python/3.12.12/x64/lib/python3.12/site-packages/galaxy/tool_util/verify/interactor.py\", line 847, in _state_ready\n    raise Exception(\nException: Job in error state.. tool_id: __DATA_FETCH__, exit_code: None, stderr: .\n", "status": "error", "test_index": 6, "time_seconds": 12.13418960571289, "tool_id": "kallisto_quant", "tool_version": "0.48.0+galaxy1"}
            ]]></error>
        
    </testcase>
    
    <testcase classname="kallisto_quant (Test #8)" name="7" time="12.802823543548584">
        
            <error type="error" message="Input staging problem: Traceback (most recent call last):
  File "/opt/hostedtoolcache/Python/3.12.12/x64/lib/python3.12/site-packages/galaxy/tool_util/verify/interactor.py", line 1466, in verify_tool
    stage_data_in_history(
  File "/opt/hostedtoolcache/Python/3.12.12/x64/lib/python3.12/site-packages/galaxy/tool_util/verify/interactor.py", line 175, in stage_data_in_history
    staging_interface.handle_jobs()
  File "/opt/hostedtoolcache/Python/3.12.12/x64/lib/python3.12/site-packages/galaxy/tool_util/verify/interactor.py", line 212, in handle_jobs
    self.galaxy_interactor.wait_for_job(job_response["id"], job_response["history_id"], self.maxseconds)
  File "/opt/hostedtoolcache/Python/3.12.12/x64/lib/python3.12/site-packages/galaxy/tool_util/verify/interactor.py", line 398, in wait_for_job
    self.wait_for(lambda: self.__job_ready(job_id, history_id), maxseconds=maxseconds)
  File "/opt/hostedtoolcache/Python/3.12.12/x64/lib/python3.12/site-packages/galaxy/tool_util/verify/interactor.py", line 402, in wait_for
    wait_on(func, what, walltime_exceeded)
  File "/opt/hostedtoolcache/Python/3.12.12/x64/lib/python3.12/site-packages/galaxy/tool_util/verify/wait.py", line 38, in wait_on
    value = function()
            ^^^^^^^^^^
  File "/opt/hostedtoolcache/Python/3.12.12/x64/lib/python3.12/site-packages/galaxy/tool_util/verify/interactor.py", line 398, in <lambda>
    self.wait_for(lambda: self.__job_ready(job_id, history_id), maxseconds=maxseconds)
                          ^^^^^^^^^^^^^^^^^^^^^^^^^^^^^^^^^^^^
  File "/opt/hostedtoolcache/Python/3.12.12/x64/lib/python3.12/site-packages/galaxy/tool_util/verify/interactor.py", line 751, in __job_ready
    return self._state_ready(job_id, error_msg="Job in error state.")
           ^^^^^^^^^^^^^^^^^^^^^^^^^^^^^^^^^^^^^^^^^^^^^^^^^^^^^^^^^^
  File "/opt/hostedtoolcache/Python/3.12.12/x64/lib/python3.12/site-packages/galaxy/tool_util/verify/interactor.py", line 847, in _state_ready
    raise Exception(
Exception: Job in error state.. tool_id: __DATA_FETCH__, exit_code: None, stderr: .
"><![CDATA[
                { "execution_problem": "Input staging problem: Traceback (most recent call last):\n  File \"/opt/hostedtoolcache/Python/3.12.12/x64/lib/python3.12/site-packages/galaxy/tool_util/verify/interactor.py\", line 1466, in verify_tool\n    stage_data_in_history(\n  File \"/opt/hostedtoolcache/Python/3.12.12/x64/lib/python3.12/site-packages/galaxy/tool_util/verify/interactor.py\", line 175, in stage_data_in_history\n    staging_interface.handle_jobs()\n  File \"/opt/hostedtoolcache/Python/3.12.12/x64/lib/python3.12/site-packages/galaxy/tool_util/verify/interactor.py\", line 212, in handle_jobs\n    self.galaxy_interactor.wait_for_job(job_response[\"id\"], job_response[\"history_id\"], self.maxseconds)\n  File \"/opt/hostedtoolcache/Python/3.12.12/x64/lib/python3.12/site-packages/galaxy/tool_util/verify/interactor.py\", line 398, in wait_for_job\n    self.wait_for(lambda: self.__job_ready(job_id, history_id), maxseconds=maxseconds)\n  File \"/opt/hostedtoolcache/Python/3.12.12/x64/lib/python3.12/site-packages/galaxy/tool_util/verify/interactor.py\", line 402, in wait_for\n    wait_on(func, what, walltime_exceeded)\n  File \"/opt/hostedtoolcache/Python/3.12.12/x64/lib/python3.12/site-packages/galaxy/tool_util/verify/wait.py\", line 38, in wait_on\n    value = function()\n            ^^^^^^^^^^\n  File \"/opt/hostedtoolcache/Python/3.12.12/x64/lib/python3.12/site-packages/galaxy/tool_util/verify/interactor.py\", line 398, in \u003clambda\u003e\n    self.wait_for(lambda: self.__job_ready(job_id, history_id), maxseconds=maxseconds)\n                          ^^^^^^^^^^^^^^^^^^^^^^^^^^^^^^^^^^^^\n  File \"/opt/hostedtoolcache/Python/3.12.12/x64/lib/python3.12/site-packages/galaxy/tool_util/verify/interactor.py\", line 751, in __job_ready\n    return self._state_ready(job_id, error_msg=\"Job in error state.\")\n           ^^^^^^^^^^^^^^^^^^^^^^^^^^^^^^^^^^^^^^^^^^^^^^^^^^^^^^^^^^\n  File \"/opt/hostedtoolcache/Python/3.12.12/x64/lib/python3.12/site-packages/galaxy/tool_util/verify/interactor.py\", line 847, in _state_ready\n    raise Exception(\nException: Job in error state.. tool_id: __DATA_FETCH__, exit_code: None, stderr: .\n", "status": "error", "test_index": 7, "time_seconds": 12.802823543548584, "tool_id": "kallisto_quant", "tool_version": "0.48.0+galaxy1"}
            ]]></error>
        
    </testcase>
    
    <testcase classname="minimap2 (Test #1)" name="0" time="20.14915919303894">
        
            <error type="error" message="Input staging problem: Traceback (most recent call last):
  File "/opt/hostedtoolcache/Python/3.12.12/x64/lib/python3.12/site-packages/galaxy/tool_util/verify/interactor.py", line 1466, in verify_tool
    stage_data_in_history(
  File "/opt/hostedtoolcache/Python/3.12.12/x64/lib/python3.12/site-packages/galaxy/tool_util/verify/interactor.py", line 175, in stage_data_in_history
    staging_interface.handle_jobs()
  File "/opt/hostedtoolcache/Python/3.12.12/x64/lib/python3.12/site-packages/galaxy/tool_util/verify/interactor.py", line 212, in handle_jobs
    self.galaxy_interactor.wait_for_job(job_response["id"], job_response["history_id"], self.maxseconds)
  File "/opt/hostedtoolcache/Python/3.12.12/x64/lib/python3.12/site-packages/galaxy/tool_util/verify/interactor.py", line 398, in wait_for_job
    self.wait_for(lambda: self.__job_ready(job_id, history_id), maxseconds=maxseconds)
  File "/opt/hostedtoolcache/Python/3.12.12/x64/lib/python3.12/site-packages/galaxy/tool_util/verify/interactor.py", line 402, in wait_for
    wait_on(func, what, walltime_exceeded)
  File "/opt/hostedtoolcache/Python/3.12.12/x64/lib/python3.12/site-packages/galaxy/tool_util/verify/wait.py", line 38, in wait_on
    value = function()
            ^^^^^^^^^^
  File "/opt/hostedtoolcache/Python/3.12.12/x64/lib/python3.12/site-packages/galaxy/tool_util/verify/interactor.py", line 398, in <lambda>
    self.wait_for(lambda: self.__job_ready(job_id, history_id), maxseconds=maxseconds)
                          ^^^^^^^^^^^^^^^^^^^^^^^^^^^^^^^^^^^^
  File "/opt/hostedtoolcache/Python/3.12.12/x64/lib/python3.12/site-packages/galaxy/tool_util/verify/interactor.py", line 751, in __job_ready
    return self._state_ready(job_id, error_msg="Job in error state.")
           ^^^^^^^^^^^^^^^^^^^^^^^^^^^^^^^^^^^^^^^^^^^^^^^^^^^^^^^^^^
  File "/opt/hostedtoolcache/Python/3.12.12/x64/lib/python3.12/site-packages/galaxy/tool_util/verify/interactor.py", line 847, in _state_ready
    raise Exception(
Exception: Job in error state.. tool_id: __DATA_FETCH__, exit_code: None, stderr: .
"><![CDATA[
                { "execution_problem": "Input staging problem: Traceback (most recent call last):\n  File \"/opt/hostedtoolcache/Python/3.12.12/x64/lib/python3.12/site-packages/galaxy/tool_util/verify/interactor.py\", line 1466, in verify_tool\n    stage_data_in_history(\n  File \"/opt/hostedtoolcache/Python/3.12.12/x64/lib/python3.12/site-packages/galaxy/tool_util/verify/interactor.py\", line 175, in stage_data_in_history\n    staging_interface.handle_jobs()\n  File \"/opt/hostedtoolcache/Python/3.12.12/x64/lib/python3.12/site-packages/galaxy/tool_util/verify/interactor.py\", line 212, in handle_jobs\n    self.galaxy_interactor.wait_for_job(job_response[\"id\"], job_response[\"history_id\"], self.maxseconds)\n  File \"/opt/hostedtoolcache/Python/3.12.12/x64/lib/python3.12/site-packages/galaxy/tool_util/verify/interactor.py\", line 398, in wait_for_job\n    self.wait_for(lambda: self.__job_ready(job_id, history_id), maxseconds=maxseconds)\n  File \"/opt/hostedtoolcache/Python/3.12.12/x64/lib/python3.12/site-packages/galaxy/tool_util/verify/interactor.py\", line 402, in wait_for\n    wait_on(func, what, walltime_exceeded)\n  File \"/opt/hostedtoolcache/Python/3.12.12/x64/lib/python3.12/site-packages/galaxy/tool_util/verify/wait.py\", line 38, in wait_on\n    value = function()\n            ^^^^^^^^^^\n  File \"/opt/hostedtoolcache/Python/3.12.12/x64/lib/python3.12/site-packages/galaxy/tool_util/verify/interactor.py\", line 398, in \u003clambda\u003e\n    self.wait_for(lambda: self.__job_ready(job_id, history_id), maxseconds=maxseconds)\n                          ^^^^^^^^^^^^^^^^^^^^^^^^^^^^^^^^^^^^\n  File \"/opt/hostedtoolcache/Python/3.12.12/x64/lib/python3.12/site-packages/galaxy/tool_util/verify/interactor.py\", line 751, in __job_ready\n    return self._state_ready(job_id, error_msg=\"Job in error state.\")\n           ^^^^^^^^^^^^^^^^^^^^^^^^^^^^^^^^^^^^^^^^^^^^^^^^^^^^^^^^^^\n  File \"/opt/hostedtoolcache/Python/3.12.12/x64/lib/python3.12/site-packages/galaxy/tool_util/verify/interactor.py\", line 847, in _state_ready\n    raise Exception(\nException: Job in error state.. tool_id: __DATA_FETCH__, exit_code: None, stderr: .\n", "status": "error", "test_index": 0, "time_seconds": 20.14915919303894, "tool_id": "minimap2", "tool_version": "2.28+galaxy2"}
            ]]></error>
        
    </testcase>
    
    <testcase classname="minimap2 (Test #2)" name="1" time="38.75373983383179">
        
            
            <system-out><![CDATA[
            
            ]]></system-out>
            <system-err><![CDATA[
            [M::mm_idx_gen::0.004*1.12] collected minimizers[M::mm_idx_gen::0.005*2.03] sorted minimizers[M::main::0.005*2.03] loaded/built the index for 1 target sequence(s)[M::mm_mapopt_update::0.005*2.02] mid_occ = 1000[M::mm_idx_stat] kmer size: 21; skip: 11; is_hpc: 0; #seq: 1[M::mm_idx_stat::0.006*1.96] distinct minimizers: 2777 (100.00% are singletons); average occurrences: 1.000; average spacing: 5.967; total length: 16569[M::worker_pipeline::0.009*1.78] mapped 100 sequences[M::main] Version: 2.28-r1209[M::main] CMD: minimap2 -x sr --q-occ-frac 0.01 -t 8 -a reference.fa /galaxy/server/database/objects/3/2/a/dataset_32ad1bb6-d898-499c-8b17-11db17abe6d4.dat[M::main] Real time: 0.011 sec; CPU: 0.017 sec; Peak RSS: 0.003 GB
            ]]></system-err>
        
    </testcase>
    
    <testcase classname="minimap2 (Test #11)" name="10" time="28.104519844055176">
        
            
                <error type="error" message="Tool exit code: None"><![CDATA[
                    { "inputs": {  "fastq_input|analysis_type_selector": "map-hifi",  "fastq_input|fastq_input1": {   "id": "3e6a17c6e60c69e9",   "src": "hda"  },  "fastq_input|fastq_input_selector": "single",  "reference_source|ref_file": {   "id": "57c90506f1f39281",   "src": "hda"  },  "reference_source|reference_source_selector": "history" }, "job": {  "command_line": "ln -f -s \u0027/galaxy/server/database/objects/2/7/2/dataset_2724ecc1-f960-4f58-b4a6-59ecbc2368f4.dat\u0027 reference.fa \u0026\u0026 minimap2 -x map-hifi    --q-occ-frac 0.01       -t ${GALAXY_SLOTS:-4} reference.fa \u0027/galaxy/server/database/objects/f/5/d/dataset_f5dc0df5-a523-4a3a-b995-f88f6cf199ee.dat\u0027 -a | samtools view --no-PG -hT reference.fa | samtools sort -@${GALAXY_SLOTS:-2} -T \"${TMPDIR:-.}\" -O BAM -o \u0027/galaxy/server/database/objects/0/9/e/dataset_09efee75-ee9f-478e-b717-98896de7c619.dat\u0027",  "command_version": null,  "copied_from_job_id": null,  "create_time": "2026-01-18T01:35:10.542254",  "dependencies": [],  "exit_code": null,  "external_id": "gxy-bpdc6",  "galaxy_version": "24.1",  "handler": null,  "history_id": "cf2f3abca65f0ba5",  "id": "b0a574a9b86641ff",  "inputs": {   "fastq_input|fastq_input1": {    "id": "3e6a17c6e60c69e9",    "src": "hda",    "uuid": "f5dc0df5-a523-4a3a-b995-f88f6cf199ee"   },   "reference_source|ref_file": {    "id": "57c90506f1f39281",    "src": "hda",    "uuid": "2724ecc1-f960-4f58-b4a6-59ecbc2368f4"   }  },  "job_messages": null,  "job_metrics": [],  "job_runner_name": null,  "job_stderr": null,  "job_stdout": null,  "model_class": "Job",  "output_collections": {},  "outputs": {   "alignment_output": {    "id": "ef1798b54f8c24d9",    "src": "hda",    "uuid": "09efee75-ee9f-478e-b717-98896de7c619"   }  },  "params": {   "__input_ext": "\"input\"",   "alignment_options": "{\"A\": \"\", \"B\": \"\", \"E\": \"\", \"E2\": \"\", \"O\": \"\", \"O2\": \"\", \"no_end_flt\": true, \"s\": \"\", \"splicing\": {\"__current_case__\": 0, \"splice_mode\": \"preset\"}, \"z\": \"\", \"z2\": \"\"}",   "chromInfo": "\"/cvmfs/data.galaxyproject.org/managed/len/ucsc/?.len\"",   "dbkey": "\"?\"",   "fastq_input": "{\"__current_case__\": 0, \"analysis_type_selector\": \"map-hifi\", \"fastq_input1\": {\"values\": [{\"id\": 93, \"src\": \"hda\"}]}, \"fastq_input_selector\": \"single\"}",   "indexing_options": "{\"H\": false, \"I\": \"\", \"k\": \"\", \"w\": \"\"}",   "io_options": "{\"K\": \"\", \"L\": false, \"Q\": false, \"Y\": false, \"c\": false, \"cs\": null, \"eqx\": false, \"output_format\": \"BAM\"}",   "mapping_options": "{\"F\": \"\", \"N\": \"\", \"X\": false, \"f\": \"\", \"g\": \"\", \"kmer_ocurrence_interval\": {\"__current_case__\": 1, \"interval\": \"\"}, \"m\": \"\", \"mask_len\": \"\", \"max_chain_iter\": \"\", \"max_chain_skip\": \"\", \"min_occ_floor\": \"\", \"n\": \"\", \"p\": \"\", \"q_occ_frac\": \"0.01\", \"r\": \"\"}",   "reference_source": "{\"__current_case__\": 1, \"ref_file\": {\"values\": [{\"id\": 92, \"src\": \"hda\"}]}, \"reference_source_selector\": \"history\"}"  },  "state": "error",  "stderr": "[M::mm_idx_gen::0.016*0.89] collected minimizers\n[M::mm_idx_gen::0.023*2.40] sorted minimizers\n[M::main::0.023*2.39] loaded/built the index for 1 target sequence(s)\n[M::mm_mapopt_update::0.024*2.32] mid_occ = 62\n[M::mm_idx_stat] kmer size: 19; skip: 19; is_hpc: 0; #seq: 1\n[M::mm_idx_stat::0.025*2.28] distinct minimizers: 44423 (93.60% are singletons); average occurrences: 1.142; average spacing: 9.827; total length: 498556\n[M::worker_pipeline::0.056*2.26] mapped 234 sequences\n[M::main] Version: 2.28-r1209\n[M::main] CMD: minimap2 -x map-hifi --q-occ-frac 0.01 -t 8 -a reference.fa /galaxy/server/database/objects/f/5/d/dataset_f5dc0df5-a523-4a3a-b995-f88f6cf199ee.dat\n[M::main] Real time: 0.061 sec; CPU: 0.131 sec; Peak RSS: 0.010 GB\n",  "stdout": "",  "tool_id": "toolshed.g2.bx.psu.edu/repos/iuc/minimap2/minimap2/2.28+galaxy2",  "tool_stderr": "[M::mm_idx_gen::0.016*0.89] collected minimizers\n[M::mm_idx_gen::0.023*2.40] sorted minimizers\n[M::main::0.023*2.39] loaded/built the index for 1 target sequence(s)\n[M::mm_mapopt_update::0.024*2.32] mid_occ = 62\n[M::mm_idx_stat] kmer size: 19; skip: 19; is_hpc: 0; #seq: 1\n[M::mm_idx_stat::0.025*2.28] distinct minimizers: 44423 (93.60% are singletons); average occurrences: 1.142; average spacing: 9.827; total length: 498556\n[M::worker_pipeline::0.056*2.26] mapped 234 sequences\n[M::main] Version: 2.28-r1209\n[M::main] CMD: minimap2 -x map-hifi --q-occ-frac 0.01 -t 8 -a reference.fa /galaxy/server/database/objects/f/5/d/dataset_f5dc0df5-a523-4a3a-b995-f88f6cf199ee.dat\n[M::main] Real time: 0.061 sec; CPU: 0.131 sec; Peak RSS: 0.010 GB\n",  "tool_stdout": "",  "update_time": "2026-01-18T01:35:16.442915",  "user_email": "tests@fake.org" }, "output_problems": [  "Job in error state.. tool_id: toolshed.g2.bx.psu.edu/repos/iuc/minimap2/minimap2/2.28+galaxy2, exit_code: None, stderr: [M::mm_idx_gen::0.016*0.89] collected minimizers\n[M::mm_idx_gen::0.023*2.40] sorted minimizers\n[M::main::0.023*2.39] loaded/built the index for 1 target sequence(s)\n[M::mm_mapopt_update::0.024*2.32] mid_occ = 62\n[M::mm_idx_stat] kmer size: 19; skip: 19; is_hpc: 0; #seq: 1\n[M::mm_idx_stat::0.025*2.28] distinct minimizers: 44423 (93.60% are singletons); average occurrences: 1.142; average spacing: 9.827; total length: 498556\n[M::worker_pipeline::0.056*2.26] mapped 234 sequences\n[M::main] Version: 2.28-r1209\n[M::main] CMD: minimap2 -x map-hifi --q-occ-frac 0.01 -t 8 -a reference.fa /galaxy/server/database/objects/f/5/d/dataset_f5dc0df5-a523-4a3a-b995-f88f6cf199ee.dat\n[M::main] Real time: 0.061 sec; CPU: 0.131 sec; Peak RSS: 0.010 GB\n." ], "status": "failure", "test_index": 10, "time_seconds": 28.104519844055176, "tool_id": "minimap2", "tool_version": "2.28+galaxy2"}
                ]]></error>
            
            <system-out><![CDATA[
            
            ]]></system-out>
            <system-err><![CDATA[
            [M::mm_idx_gen::0.016*0.89] collected minimizers[M::mm_idx_gen::0.023*2.40] sorted minimizers[M::main::0.023*2.39] loaded/built the index for 1 target sequence(s)[M::mm_mapopt_update::0.024*2.32] mid_occ = 62[M::mm_idx_stat] kmer size: 19; skip: 19; is_hpc: 0; #seq: 1[M::mm_idx_stat::0.025*2.28] distinct minimizers: 44423 (93.60% are singletons); average occurrences: 1.142; average spacing: 9.827; total length: 498556[M::worker_pipeline::0.056*2.26] mapped 234 sequences[M::main] Version: 2.28-r1209[M::main] CMD: minimap2 -x map-hifi --q-occ-frac 0.01 -t 8 -a reference.fa /galaxy/server/database/objects/f/5/d/dataset_f5dc0df5-a523-4a3a-b995-f88f6cf199ee.dat[M::main] Real time: 0.061 sec; CPU: 0.131 sec; Peak RSS: 0.010 GB
            ]]></system-err>
        
    </testcase>
    
    <testcase classname="minimap2 (Test #12)" name="11" time="34.6568648815155">
        
            
            <system-out><![CDATA[
            
            ]]></system-out>
            <system-err><![CDATA[
            [M::mm_idx_gen::0.003*0.88] collected minimizers[M::mm_idx_gen::0.004*1.46] sorted minimizers[M::main::0.004*1.45] loaded/built the index for 1 target sequence(s)[M::mm_mapopt_update::0.004*1.45] mid_occ = 1000[M::mm_idx_stat] kmer size: 21; skip: 11; is_hpc: 0; #seq: 1[M::mm_idx_stat::0.005*1.43] distinct minimizers: 2777 (100.00% are singletons); average occurrences: 1.000; average spacing: 5.967; total length: 16569[M::worker_pipeline::0.008*1.43] mapped 100 sequences[M::main] Version: 2.28-r1209[M::main] CMD: minimap2 -x sr --q-occ-frac 0.01 -U 10,30 -t 8 -a reference.fa /galaxy/server/database/objects/c/7/e/dataset_c7ec7918-2098-4968-9fa4-41a1498a0f8c.dat[M::main] Real time: 0.009 sec; CPU: 0.012 sec; Peak RSS: 0.003 GB
            ]]></system-err>
        
    </testcase>
    
    <testcase classname="minimap2 (Test #3)" name="2" time="21.047992944717407">
        
            <error type="error" message="Input staging problem: Traceback (most recent call last):
  File "/opt/hostedtoolcache/Python/3.12.12/x64/lib/python3.12/site-packages/galaxy/tool_util/verify/interactor.py", line 1466, in verify_tool
    stage_data_in_history(
  File "/opt/hostedtoolcache/Python/3.12.12/x64/lib/python3.12/site-packages/galaxy/tool_util/verify/interactor.py", line 175, in stage_data_in_history
    staging_interface.handle_jobs()
  File "/opt/hostedtoolcache/Python/3.12.12/x64/lib/python3.12/site-packages/galaxy/tool_util/verify/interactor.py", line 212, in handle_jobs
    self.galaxy_interactor.wait_for_job(job_response["id"], job_response["history_id"], self.maxseconds)
  File "/opt/hostedtoolcache/Python/3.12.12/x64/lib/python3.12/site-packages/galaxy/tool_util/verify/interactor.py", line 398, in wait_for_job
    self.wait_for(lambda: self.__job_ready(job_id, history_id), maxseconds=maxseconds)
  File "/opt/hostedtoolcache/Python/3.12.12/x64/lib/python3.12/site-packages/galaxy/tool_util/verify/interactor.py", line 402, in wait_for
    wait_on(func, what, walltime_exceeded)
  File "/opt/hostedtoolcache/Python/3.12.12/x64/lib/python3.12/site-packages/galaxy/tool_util/verify/wait.py", line 38, in wait_on
    value = function()
            ^^^^^^^^^^
  File "/opt/hostedtoolcache/Python/3.12.12/x64/lib/python3.12/site-packages/galaxy/tool_util/verify/interactor.py", line 398, in <lambda>
    self.wait_for(lambda: self.__job_ready(job_id, history_id), maxseconds=maxseconds)
                          ^^^^^^^^^^^^^^^^^^^^^^^^^^^^^^^^^^^^
  File "/opt/hostedtoolcache/Python/3.12.12/x64/lib/python3.12/site-packages/galaxy/tool_util/verify/interactor.py", line 751, in __job_ready
    return self._state_ready(job_id, error_msg="Job in error state.")
           ^^^^^^^^^^^^^^^^^^^^^^^^^^^^^^^^^^^^^^^^^^^^^^^^^^^^^^^^^^
  File "/opt/hostedtoolcache/Python/3.12.12/x64/lib/python3.12/site-packages/galaxy/tool_util/verify/interactor.py", line 847, in _state_ready
    raise Exception(
Exception: Job in error state.. tool_id: __DATA_FETCH__, exit_code: None, stderr: .
"><![CDATA[
                { "execution_problem": "Input staging problem: Traceback (most recent call last):\n  File \"/opt/hostedtoolcache/Python/3.12.12/x64/lib/python3.12/site-packages/galaxy/tool_util/verify/interactor.py\", line 1466, in verify_tool\n    stage_data_in_history(\n  File \"/opt/hostedtoolcache/Python/3.12.12/x64/lib/python3.12/site-packages/galaxy/tool_util/verify/interactor.py\", line 175, in stage_data_in_history\n    staging_interface.handle_jobs()\n  File \"/opt/hostedtoolcache/Python/3.12.12/x64/lib/python3.12/site-packages/galaxy/tool_util/verify/interactor.py\", line 212, in handle_jobs\n    self.galaxy_interactor.wait_for_job(job_response[\"id\"], job_response[\"history_id\"], self.maxseconds)\n  File \"/opt/hostedtoolcache/Python/3.12.12/x64/lib/python3.12/site-packages/galaxy/tool_util/verify/interactor.py\", line 398, in wait_for_job\n    self.wait_for(lambda: self.__job_ready(job_id, history_id), maxseconds=maxseconds)\n  File \"/opt/hostedtoolcache/Python/3.12.12/x64/lib/python3.12/site-packages/galaxy/tool_util/verify/interactor.py\", line 402, in wait_for\n    wait_on(func, what, walltime_exceeded)\n  File \"/opt/hostedtoolcache/Python/3.12.12/x64/lib/python3.12/site-packages/galaxy/tool_util/verify/wait.py\", line 38, in wait_on\n    value = function()\n            ^^^^^^^^^^\n  File \"/opt/hostedtoolcache/Python/3.12.12/x64/lib/python3.12/site-packages/galaxy/tool_util/verify/interactor.py\", line 398, in \u003clambda\u003e\n    self.wait_for(lambda: self.__job_ready(job_id, history_id), maxseconds=maxseconds)\n                          ^^^^^^^^^^^^^^^^^^^^^^^^^^^^^^^^^^^^\n  File \"/opt/hostedtoolcache/Python/3.12.12/x64/lib/python3.12/site-packages/galaxy/tool_util/verify/interactor.py\", line 751, in __job_ready\n    return self._state_ready(job_id, error_msg=\"Job in error state.\")\n           ^^^^^^^^^^^^^^^^^^^^^^^^^^^^^^^^^^^^^^^^^^^^^^^^^^^^^^^^^^\n  File \"/opt/hostedtoolcache/Python/3.12.12/x64/lib/python3.12/site-packages/galaxy/tool_util/verify/interactor.py\", line 847, in _state_ready\n    raise Exception(\nException: Job in error state.. tool_id: __DATA_FETCH__, exit_code: None, stderr: .\n", "status": "error", "test_index": 2, "time_seconds": 21.047992944717407, "tool_id": "minimap2", "tool_version": "2.28+galaxy2"}
            ]]></error>
        
    </testcase>
    
    <testcase classname="minimap2 (Test #4)" name="3" time="38.46094059944153">
        
            
            <system-out><![CDATA[
            
            ]]></system-out>
            <system-err><![CDATA[
            [M::mm_idx_gen::0.005*0.82] collected minimizers[M::mm_idx_gen::0.006*1.38] sorted minimizers[M::main::0.006*1.38] loaded/built the index for 1 target sequence(s)[M::mm_mapopt_update::0.006*1.38] mid_occ = 1000[M::mm_idx_stat] kmer size: 21; skip: 11; is_hpc: 0; #seq: 1[M::mm_idx_stat::0.007*1.36] distinct minimizers: 2777 (100.00% are singletons); average occurrences: 1.000; average spacing: 5.967; total length: 16569[M::worker_pipeline::0.013*1.71] mapped 200 sequences[M::main] Version: 2.28-r1209[M::main] CMD: minimap2 -x sr --q-occ-frac 0.01 -t 8 -a reference.fa /galaxy/server/database/objects/4/8/9/dataset_489affa8-acce-41c2-871d-5f8a9e640928.dat /galaxy/server/database/objects/c/1/d/dataset_c1de03a7-2b5d-494a-a691-d28afc7a41c6.dat[M::main] Real time: 0.016 sec; CPU: 0.024 sec; Peak RSS: 0.004 GB
            ]]></system-err>
        
    </testcase>
    
    <testcase classname="minimap2 (Test #5)" name="4" time="">
        
            <error type="error" message=""><![CDATA[
                { "status": "skip", "test_index": 4, "tool_id": "minimap2", "tool_version": "2.28+galaxy2"}
            ]]></error>
        
    </testcase>
    
    <testcase classname="minimap2 (Test #6)" name="5" time="">
        
            <error type="error" message=""><![CDATA[
                { "status": "skip", "test_index": 5, "tool_id": "minimap2", "tool_version": "2.28+galaxy2"}
            ]]></error>
        
    </testcase>
    
    <testcase classname="minimap2 (Test #7)" name="6" time="32.81952977180481">
        
            
            <system-out><![CDATA[
            
            ]]></system-out>
            <system-err><![CDATA[
            [M::mm_idx_gen::0.014*0.97] collected minimizers[M::mm_idx_gen::0.028*3.24] sorted minimizers[M::main::0.028*3.24] loaded/built the index for 25 target sequence(s)[M::mm_mapopt_update::0.030*3.10] mid_occ = 10[M::mm_idx_stat] kmer size: 15; skip: 5; is_hpc: 0; #seq: 25[M::mm_idx_stat::0.031*3.03] distinct minimizers: 80111 (99.87% are singletons); average occurrences: 1.002; average spacing: 2.935; total length: 235533[M::worker_pipeline::0.037*3.14] mapped 25 sequences[M::main] Version: 2.28-r1209[M::main] CMD: minimap2 -x ava-ont --q-occ-frac 0.01 -t 8 reference.fa /galaxy/server/database/objects/2/e/d/dataset_2edfbc7e-622a-4420-9d7b-5fdf20453c08.dat[M::main] Real time: 0.044 sec; CPU: 0.122 sec; Peak RSS: 0.011 GB
            ]]></system-err>
        
    </testcase>
    
    <testcase classname="minimap2 (Test #8)" name="7" time="31.56177568435669">
        
            
            <system-out><![CDATA[
            
            ]]></system-out>
            <system-err><![CDATA[
            [M::mm_idx_gen::0.004*0.85] collected minimizers[M::mm_idx_gen::0.005*1.44] sorted minimizers[M::main::0.005*1.44] loaded/built the index for 1 target sequence(s)[M::mm_mapopt_update::0.005*1.42] mid_occ = 10[M::mm_idx_stat] kmer size: 19; skip: 19; is_hpc: 0; #seq: 1[M::mm_idx_stat::0.005*1.40] distinct minimizers: 2920 (98.42% are singletons); average occurrences: 1.022; average spacing: 10.057; total length: 30000[M::worker_pipeline::0.024*1.07] mapped 1 sequences[M::main] Version: 2.28-r1209[M::main] CMD: minimap2 -DP -k19 -w19 -m200 --q-occ-frac 0.01 -t 8 -a reference.fa /galaxy/server/database/objects/9/8/9/dataset_989a8c84-f1b1-4e5c-88ec-a85424a5a39a.dat[M::main] Real time: 0.025 sec; CPU: 0.026 sec; Peak RSS: 0.011 GB
            ]]></system-err>
        
    </testcase>
    
    <testcase classname="minimap2 (Test #9)" name="8" time="34.61938166618347">
        
            
            <system-out><![CDATA[
            
            ]]></system-out>
            <system-err><![CDATA[
            [M::mm_idx_gen::0.003*0.95] collected minimizers[M::mm_idx_gen::0.005*1.85] sorted minimizers[M::main::0.005*1.84] loaded/built the index for 1 target sequence(s)[M::mm_mapopt_update::0.005*1.84] mid_occ = 1000[M::mm_idx_stat] kmer size: 21; skip: 11; is_hpc: 0; #seq: 1[M::mm_idx_stat::0.005*1.80] distinct minimizers: 2777 (100.00% are singletons); average occurrences: 1.000; average spacing: 5.967; total length: 16569[M::worker_pipeline::0.009*1.32] mapped 100 sequences[M::main] Version: 2.28-r1209[M::main] CMD: minimap2 -x sr --q-occ-frac 0.01 --mask-len 100 -t 8 -a reference.fa /galaxy/server/database/objects/7/5/0/dataset_7508bb5e-790c-4380-be2a-96efcae733f8.dat[M::main] Real time: 0.011 sec; CPU: 0.014 sec; Peak RSS: 0.003 GB
            ]]></system-err>
        
    </testcase>
    
    <testcase classname="minimap2 (Test #10)" name="9" time="33.379074811935425">
        
            
            <system-out><![CDATA[
            
            ]]></system-out>
            <system-err><![CDATA[
            [M::mm_idx_gen::0.029*0.96] collected minimizers[M::mm_idx_gen::0.044*2.54] sorted minimizers[M::main::0.044*2.54] loaded/built the index for 1 target sequence(s)[M::mm_mapopt_update::0.047*2.45] mid_occ = 50[M::mm_idx_stat] kmer size: 19; skip: 19; is_hpc: 0; #seq: 1[M::mm_idx_stat::0.049*2.40] distinct minimizers: 86298 (91.20% are singletons); average occurrences: 1.212; average spacing: 9.858; total length: 1031372[M::worker_pipeline::0.077*2.34] mapped 234 sequences[M::main] Version: 2.28-r1209[M::main] CMD: minimap2 -x map-hifi --q-occ-frac 0.01 -t 8 -a reference.fa /galaxy/server/database/objects/3/c/5/dataset_3c50ba97-526f-4104-b1bf-2b6e5a1a326b.dat[M::main] Real time: 0.084 sec; CPU: 0.187 sec; Peak RSS: 0.014 GB
            ]]></system-err>
        
    </testcase>
    
    <testcase classname="mummer_dnadiff (Test #1)" name="0" time="32.487619161605835">
        
            <error type="error" message="Input staging problem: Traceback (most recent call last):
  File "/opt/hostedtoolcache/Python/3.12.12/x64/lib/python3.12/site-packages/galaxy/tool_util/verify/interactor.py", line 1466, in verify_tool
    stage_data_in_history(
  File "/opt/hostedtoolcache/Python/3.12.12/x64/lib/python3.12/site-packages/galaxy/tool_util/verify/interactor.py", line 175, in stage_data_in_history
    staging_interface.handle_jobs()
  File "/opt/hostedtoolcache/Python/3.12.12/x64/lib/python3.12/site-packages/galaxy/tool_util/verify/interactor.py", line 212, in handle_jobs
    self.galaxy_interactor.wait_for_job(job_response["id"], job_response["history_id"], self.maxseconds)
  File "/opt/hostedtoolcache/Python/3.12.12/x64/lib/python3.12/site-packages/galaxy/tool_util/verify/interactor.py", line 398, in wait_for_job
    self.wait_for(lambda: self.__job_ready(job_id, history_id), maxseconds=maxseconds)
  File "/opt/hostedtoolcache/Python/3.12.12/x64/lib/python3.12/site-packages/galaxy/tool_util/verify/interactor.py", line 402, in wait_for
    wait_on(func, what, walltime_exceeded)
  File "/opt/hostedtoolcache/Python/3.12.12/x64/lib/python3.12/site-packages/galaxy/tool_util/verify/wait.py", line 38, in wait_on
    value = function()
            ^^^^^^^^^^
  File "/opt/hostedtoolcache/Python/3.12.12/x64/lib/python3.12/site-packages/galaxy/tool_util/verify/interactor.py", line 398, in <lambda>
    self.wait_for(lambda: self.__job_ready(job_id, history_id), maxseconds=maxseconds)
                          ^^^^^^^^^^^^^^^^^^^^^^^^^^^^^^^^^^^^
  File "/opt/hostedtoolcache/Python/3.12.12/x64/lib/python3.12/site-packages/galaxy/tool_util/verify/interactor.py", line 751, in __job_ready
    return self._state_ready(job_id, error_msg="Job in error state.")
           ^^^^^^^^^^^^^^^^^^^^^^^^^^^^^^^^^^^^^^^^^^^^^^^^^^^^^^^^^^
  File "/opt/hostedtoolcache/Python/3.12.12/x64/lib/python3.12/site-packages/galaxy/tool_util/verify/interactor.py", line 847, in _state_ready
    raise Exception(
Exception: Job in error state.. tool_id: __DATA_FETCH__, exit_code: None, stderr: .
"><![CDATA[
                { "execution_problem": "Input staging problem: Traceback (most recent call last):\n  File \"/opt/hostedtoolcache/Python/3.12.12/x64/lib/python3.12/site-packages/galaxy/tool_util/verify/interactor.py\", line 1466, in verify_tool\n    stage_data_in_history(\n  File \"/opt/hostedtoolcache/Python/3.12.12/x64/lib/python3.12/site-packages/galaxy/tool_util/verify/interactor.py\", line 175, in stage_data_in_history\n    staging_interface.handle_jobs()\n  File \"/opt/hostedtoolcache/Python/3.12.12/x64/lib/python3.12/site-packages/galaxy/tool_util/verify/interactor.py\", line 212, in handle_jobs\n    self.galaxy_interactor.wait_for_job(job_response[\"id\"], job_response[\"history_id\"], self.maxseconds)\n  File \"/opt/hostedtoolcache/Python/3.12.12/x64/lib/python3.12/site-packages/galaxy/tool_util/verify/interactor.py\", line 398, in wait_for_job\n    self.wait_for(lambda: self.__job_ready(job_id, history_id), maxseconds=maxseconds)\n  File \"/opt/hostedtoolcache/Python/3.12.12/x64/lib/python3.12/site-packages/galaxy/tool_util/verify/interactor.py\", line 402, in wait_for\n    wait_on(func, what, walltime_exceeded)\n  File \"/opt/hostedtoolcache/Python/3.12.12/x64/lib/python3.12/site-packages/galaxy/tool_util/verify/wait.py\", line 38, in wait_on\n    value = function()\n            ^^^^^^^^^^\n  File \"/opt/hostedtoolcache/Python/3.12.12/x64/lib/python3.12/site-packages/galaxy/tool_util/verify/interactor.py\", line 398, in \u003clambda\u003e\n    self.wait_for(lambda: self.__job_ready(job_id, history_id), maxseconds=maxseconds)\n                          ^^^^^^^^^^^^^^^^^^^^^^^^^^^^^^^^^^^^\n  File \"/opt/hostedtoolcache/Python/3.12.12/x64/lib/python3.12/site-packages/galaxy/tool_util/verify/interactor.py\", line 751, in __job_ready\n    return self._state_ready(job_id, error_msg=\"Job in error state.\")\n           ^^^^^^^^^^^^^^^^^^^^^^^^^^^^^^^^^^^^^^^^^^^^^^^^^^^^^^^^^^\n  File \"/opt/hostedtoolcache/Python/3.12.12/x64/lib/python3.12/site-packages/galaxy/tool_util/verify/interactor.py\", line 847, in _state_ready\n    raise Exception(\nException: Job in error state.. tool_id: __DATA_FETCH__, exit_code: None, stderr: .\n", "status": "error", "test_index": 0, "time_seconds": 32.487619161605835, "tool_id": "mummer_dnadiff", "tool_version": "4.0.0rc1+galaxy3"}
            ]]></error>
        
    </testcase>
    
    <testcase classname="pileup_interval (Test #1)" name="0" time="0.1358780860900879">
        
            <error type="error" message="Input staging problem: Traceback (most recent call last):
  File "/opt/hostedtoolcache/Python/3.12.12/x64/lib/python3.12/site-packages/galaxy/tool_util/verify/interactor.py", line 1466, in verify_tool
    stage_data_in_history(
  File "/opt/hostedtoolcache/Python/3.12.12/x64/lib/python3.12/site-packages/galaxy/tool_util/verify/interactor.py", line 163, in stage_data_in_history
    test_dict = galaxy_interactor.remote_to_input(
                ^^^^^^^^^^^^^^^^^^^^^^^^^^^^^^^^^^
  File "/opt/hostedtoolcache/Python/3.12.12/x64/lib/python3.12/site-packages/galaxy/tool_util/verify/interactor.py", line 581, in remote_to_input
    path_or_location = self._get_path_or_location(
                       ^^^^^^^^^^^^^^^^^^^^^^^^^^^
  File "/opt/hostedtoolcache/Python/3.12.12/x64/lib/python3.12/site-packages/galaxy/tool_util/verify/interactor.py", line 618, in _get_path_or_location
    path = self.test_data_download(
           ^^^^^^^^^^^^^^^^^^^^^^^^
  File "/opt/hostedtoolcache/Python/3.12.12/x64/lib/python3.12/site-packages/galaxy/tool_util/verify/interactor.py", line 524, in test_data_download
    raise AssertionError(f"Test input file ({filename}) cannot be found.")
AssertionError: Test input file (pileup_interval_in1.tabular) cannot be found.
"><![CDATA[
                { "execution_problem": "Input staging problem: Traceback (most recent call last):\n  File \"/opt/hostedtoolcache/Python/3.12.12/x64/lib/python3.12/site-packages/galaxy/tool_util/verify/interactor.py\", line 1466, in verify_tool\n    stage_data_in_history(\n  File \"/opt/hostedtoolcache/Python/3.12.12/x64/lib/python3.12/site-packages/galaxy/tool_util/verify/interactor.py\", line 163, in stage_data_in_history\n    test_dict = galaxy_interactor.remote_to_input(\n                ^^^^^^^^^^^^^^^^^^^^^^^^^^^^^^^^^^\n  File \"/opt/hostedtoolcache/Python/3.12.12/x64/lib/python3.12/site-packages/galaxy/tool_util/verify/interactor.py\", line 581, in remote_to_input\n    path_or_location = self._get_path_or_location(\n                       ^^^^^^^^^^^^^^^^^^^^^^^^^^^\n  File \"/opt/hostedtoolcache/Python/3.12.12/x64/lib/python3.12/site-packages/galaxy/tool_util/verify/interactor.py\", line 618, in _get_path_or_location\n    path = self.test_data_download(\n           ^^^^^^^^^^^^^^^^^^^^^^^^\n  File \"/opt/hostedtoolcache/Python/3.12.12/x64/lib/python3.12/site-packages/galaxy/tool_util/verify/interactor.py\", line 524, in test_data_download\n    raise AssertionError(f\"Test input file ({filename}) cannot be found.\")\nAssertionError: Test input file (pileup_interval_in1.tabular) cannot be found.\n", "status": "error", "test_index": 0, "time_seconds": 0.1358780860900879, "tool_id": "pileup_interval", "tool_version": "1.0.3"}
            ]]></error>
        
    </testcase>
    
    <testcase classname="pileup_interval (Test #2)" name="1" time="0.0722665786743164">
        
            <error type="error" message="Input staging problem: Traceback (most recent call last):
  File "/opt/hostedtoolcache/Python/3.12.12/x64/lib/python3.12/site-packages/galaxy/tool_util/verify/interactor.py", line 1466, in verify_tool
    stage_data_in_history(
  File "/opt/hostedtoolcache/Python/3.12.12/x64/lib/python3.12/site-packages/galaxy/tool_util/verify/interactor.py", line 163, in stage_data_in_history
    test_dict = galaxy_interactor.remote_to_input(
                ^^^^^^^^^^^^^^^^^^^^^^^^^^^^^^^^^^
  File "/opt/hostedtoolcache/Python/3.12.12/x64/lib/python3.12/site-packages/galaxy/tool_util/verify/interactor.py", line 581, in remote_to_input
    path_or_location = self._get_path_or_location(
                       ^^^^^^^^^^^^^^^^^^^^^^^^^^^
  File "/opt/hostedtoolcache/Python/3.12.12/x64/lib/python3.12/site-packages/galaxy/tool_util/verify/interactor.py", line 618, in _get_path_or_location
    path = self.test_data_download(
           ^^^^^^^^^^^^^^^^^^^^^^^^
  File "/opt/hostedtoolcache/Python/3.12.12/x64/lib/python3.12/site-packages/galaxy/tool_util/verify/interactor.py", line 524, in test_data_download
    raise AssertionError(f"Test input file ({filename}) cannot be found.")
AssertionError: Test input file (pileup_interval_in2.tabular) cannot be found.
"><![CDATA[
                { "execution_problem": "Input staging problem: Traceback (most recent call last):\n  File \"/opt/hostedtoolcache/Python/3.12.12/x64/lib/python3.12/site-packages/galaxy/tool_util/verify/interactor.py\", line 1466, in verify_tool\n    stage_data_in_history(\n  File \"/opt/hostedtoolcache/Python/3.12.12/x64/lib/python3.12/site-packages/galaxy/tool_util/verify/interactor.py\", line 163, in stage_data_in_history\n    test_dict = galaxy_interactor.remote_to_input(\n                ^^^^^^^^^^^^^^^^^^^^^^^^^^^^^^^^^^\n  File \"/opt/hostedtoolcache/Python/3.12.12/x64/lib/python3.12/site-packages/galaxy/tool_util/verify/interactor.py\", line 581, in remote_to_input\n    path_or_location = self._get_path_or_location(\n                       ^^^^^^^^^^^^^^^^^^^^^^^^^^^\n  File \"/opt/hostedtoolcache/Python/3.12.12/x64/lib/python3.12/site-packages/galaxy/tool_util/verify/interactor.py\", line 618, in _get_path_or_location\n    path = self.test_data_download(\n           ^^^^^^^^^^^^^^^^^^^^^^^^\n  File \"/opt/hostedtoolcache/Python/3.12.12/x64/lib/python3.12/site-packages/galaxy/tool_util/verify/interactor.py\", line 524, in test_data_download\n    raise AssertionError(f\"Test input file ({filename}) cannot be found.\")\nAssertionError: Test input file (pileup_interval_in2.tabular) cannot be found.\n", "status": "error", "test_index": 1, "time_seconds": 0.0722665786743164, "tool_id": "pileup_interval", "tool_version": "1.0.3"}
            ]]></error>
        
    </testcase>
    
    <testcase classname="pileup_interval (Test #3)" name="2" time="0.07125663757324219">
        
            <error type="error" message="Input staging problem: Traceback (most recent call last):
  File "/opt/hostedtoolcache/Python/3.12.12/x64/lib/python3.12/site-packages/galaxy/tool_util/verify/interactor.py", line 1466, in verify_tool
    stage_data_in_history(
  File "/opt/hostedtoolcache/Python/3.12.12/x64/lib/python3.12/site-packages/galaxy/tool_util/verify/interactor.py", line 163, in stage_data_in_history
    test_dict = galaxy_interactor.remote_to_input(
                ^^^^^^^^^^^^^^^^^^^^^^^^^^^^^^^^^^
  File "/opt/hostedtoolcache/Python/3.12.12/x64/lib/python3.12/site-packages/galaxy/tool_util/verify/interactor.py", line 581, in remote_to_input
    path_or_location = self._get_path_or_location(
                       ^^^^^^^^^^^^^^^^^^^^^^^^^^^
  File "/opt/hostedtoolcache/Python/3.12.12/x64/lib/python3.12/site-packages/galaxy/tool_util/verify/interactor.py", line 618, in _get_path_or_location
    path = self.test_data_download(
           ^^^^^^^^^^^^^^^^^^^^^^^^
  File "/opt/hostedtoolcache/Python/3.12.12/x64/lib/python3.12/site-packages/galaxy/tool_util/verify/interactor.py", line 524, in test_data_download
    raise AssertionError(f"Test input file ({filename}) cannot be found.")
AssertionError: Test input file (pileup_interval_in2.tabular) cannot be found.
"><![CDATA[
                { "execution_problem": "Input staging problem: Traceback (most recent call last):\n  File \"/opt/hostedtoolcache/Python/3.12.12/x64/lib/python3.12/site-packages/galaxy/tool_util/verify/interactor.py\", line 1466, in verify_tool\n    stage_data_in_history(\n  File \"/opt/hostedtoolcache/Python/3.12.12/x64/lib/python3.12/site-packages/galaxy/tool_util/verify/interactor.py\", line 163, in stage_data_in_history\n    test_dict = galaxy_interactor.remote_to_input(\n                ^^^^^^^^^^^^^^^^^^^^^^^^^^^^^^^^^^\n  File \"/opt/hostedtoolcache/Python/3.12.12/x64/lib/python3.12/site-packages/galaxy/tool_util/verify/interactor.py\", line 581, in remote_to_input\n    path_or_location = self._get_path_or_location(\n                       ^^^^^^^^^^^^^^^^^^^^^^^^^^^\n  File \"/opt/hostedtoolcache/Python/3.12.12/x64/lib/python3.12/site-packages/galaxy/tool_util/verify/interactor.py\", line 618, in _get_path_or_location\n    path = self.test_data_download(\n           ^^^^^^^^^^^^^^^^^^^^^^^^\n  File \"/opt/hostedtoolcache/Python/3.12.12/x64/lib/python3.12/site-packages/galaxy/tool_util/verify/interactor.py\", line 524, in test_data_download\n    raise AssertionError(f\"Test input file ({filename}) cannot be found.\")\nAssertionError: Test input file (pileup_interval_in2.tabular) cannot be found.\n", "status": "error", "test_index": 2, "time_seconds": 0.07125663757324219, "tool_id": "pileup_interval", "tool_version": "1.0.3"}
            ]]></error>
        
    </testcase>
    
    <testcase classname="poretools_squiggle (Test #1)" name="0" time="12.562721729278564">
        
            <error type="error" message="Input staging problem: Traceback (most recent call last):
  File "/opt/hostedtoolcache/Python/3.12.12/x64/lib/python3.12/site-packages/galaxy/tool_util/verify/interactor.py", line 1466, in verify_tool
    stage_data_in_history(
  File "/opt/hostedtoolcache/Python/3.12.12/x64/lib/python3.12/site-packages/galaxy/tool_util/verify/interactor.py", line 175, in stage_data_in_history
    staging_interface.handle_jobs()
  File "/opt/hostedtoolcache/Python/3.12.12/x64/lib/python3.12/site-packages/galaxy/tool_util/verify/interactor.py", line 212, in handle_jobs
    self.galaxy_interactor.wait_for_job(job_response["id"], job_response["history_id"], self.maxseconds)
  File "/opt/hostedtoolcache/Python/3.12.12/x64/lib/python3.12/site-packages/galaxy/tool_util/verify/interactor.py", line 398, in wait_for_job
    self.wait_for(lambda: self.__job_ready(job_id, history_id), maxseconds=maxseconds)
  File "/opt/hostedtoolcache/Python/3.12.12/x64/lib/python3.12/site-packages/galaxy/tool_util/verify/interactor.py", line 402, in wait_for
    wait_on(func, what, walltime_exceeded)
  File "/opt/hostedtoolcache/Python/3.12.12/x64/lib/python3.12/site-packages/galaxy/tool_util/verify/wait.py", line 38, in wait_on
    value = function()
            ^^^^^^^^^^
  File "/opt/hostedtoolcache/Python/3.12.12/x64/lib/python3.12/site-packages/galaxy/tool_util/verify/interactor.py", line 398, in <lambda>
    self.wait_for(lambda: self.__job_ready(job_id, history_id), maxseconds=maxseconds)
                          ^^^^^^^^^^^^^^^^^^^^^^^^^^^^^^^^^^^^
  File "/opt/hostedtoolcache/Python/3.12.12/x64/lib/python3.12/site-packages/galaxy/tool_util/verify/interactor.py", line 751, in __job_ready
    return self._state_ready(job_id, error_msg="Job in error state.")
           ^^^^^^^^^^^^^^^^^^^^^^^^^^^^^^^^^^^^^^^^^^^^^^^^^^^^^^^^^^
  File "/opt/hostedtoolcache/Python/3.12.12/x64/lib/python3.12/site-packages/galaxy/tool_util/verify/interactor.py", line 847, in _state_ready
    raise Exception(
Exception: Job in error state.. tool_id: __DATA_FETCH__, exit_code: None, stderr: .
"><![CDATA[
                { "execution_problem": "Input staging problem: Traceback (most recent call last):\n  File \"/opt/hostedtoolcache/Python/3.12.12/x64/lib/python3.12/site-packages/galaxy/tool_util/verify/interactor.py\", line 1466, in verify_tool\n    stage_data_in_history(\n  File \"/opt/hostedtoolcache/Python/3.12.12/x64/lib/python3.12/site-packages/galaxy/tool_util/verify/interactor.py\", line 175, in stage_data_in_history\n    staging_interface.handle_jobs()\n  File \"/opt/hostedtoolcache/Python/3.12.12/x64/lib/python3.12/site-packages/galaxy/tool_util/verify/interactor.py\", line 212, in handle_jobs\n    self.galaxy_interactor.wait_for_job(job_response[\"id\"], job_response[\"history_id\"], self.maxseconds)\n  File \"/opt/hostedtoolcache/Python/3.12.12/x64/lib/python3.12/site-packages/galaxy/tool_util/verify/interactor.py\", line 398, in wait_for_job\n    self.wait_for(lambda: self.__job_ready(job_id, history_id), maxseconds=maxseconds)\n  File \"/opt/hostedtoolcache/Python/3.12.12/x64/lib/python3.12/site-packages/galaxy/tool_util/verify/interactor.py\", line 402, in wait_for\n    wait_on(func, what, walltime_exceeded)\n  File \"/opt/hostedtoolcache/Python/3.12.12/x64/lib/python3.12/site-packages/galaxy/tool_util/verify/wait.py\", line 38, in wait_on\n    value = function()\n            ^^^^^^^^^^\n  File \"/opt/hostedtoolcache/Python/3.12.12/x64/lib/python3.12/site-packages/galaxy/tool_util/verify/interactor.py\", line 398, in \u003clambda\u003e\n    self.wait_for(lambda: self.__job_ready(job_id, history_id), maxseconds=maxseconds)\n                          ^^^^^^^^^^^^^^^^^^^^^^^^^^^^^^^^^^^^\n  File \"/opt/hostedtoolcache/Python/3.12.12/x64/lib/python3.12/site-packages/galaxy/tool_util/verify/interactor.py\", line 751, in __job_ready\n    return self._state_ready(job_id, error_msg=\"Job in error state.\")\n           ^^^^^^^^^^^^^^^^^^^^^^^^^^^^^^^^^^^^^^^^^^^^^^^^^^^^^^^^^^\n  File \"/opt/hostedtoolcache/Python/3.12.12/x64/lib/python3.12/site-packages/galaxy/tool_util/verify/interactor.py\", line 847, in _state_ready\n    raise Exception(\nException: Job in error state.. tool_id: __DATA_FETCH__, exit_code: None, stderr: .\n", "status": "error", "test_index": 0, "time_seconds": 12.562721729278564, "tool_id": "poretools_squiggle", "tool_version": "0.6.1a1.1"}
            ]]></error>
        
    </testcase>
    
    <testcase classname="poretools_squiggle (Test #2)" name="1" time="66.86916255950928">
        
            
            <system-out><![CDATA[
            
            ]]></system-out>
            <system-err><![CDATA[
            
            ]]></system-err>
        
    </testcase>
    
    <testcase classname="samtools_depth (Test #1)" name="0" time="89.1320583820343">
        
            
            <system-out><![CDATA[
            
            ]]></system-out>
            <system-err><![CDATA[
            
            ]]></system-err>
        
    </testcase>
    
    <testcase classname="samtools_depth (Test #2)" name="1" time="34.48220872879028">
        
            
            <system-out><![CDATA[
            
            ]]></system-out>
            <system-err><![CDATA[
            
            ]]></system-err>
        
    </testcase>
    
    <testcase classname="samtools_depth (Test #3)" name="2" time="33.563854455947876">
        
            
            <system-out><![CDATA[
            
            ]]></system-out>
            <system-err><![CDATA[
            
            ]]></system-err>
        
    </testcase>
    
    <testcase classname="samtools_depth (Test #4)" name="3" time="12.406421899795532">
        
            <error type="error" message="Input staging problem: Traceback (most recent call last):
  File "/opt/hostedtoolcache/Python/3.12.12/x64/lib/python3.12/site-packages/galaxy/tool_util/verify/interactor.py", line 1466, in verify_tool
    stage_data_in_history(
  File "/opt/hostedtoolcache/Python/3.12.12/x64/lib/python3.12/site-packages/galaxy/tool_util/verify/interactor.py", line 175, in stage_data_in_history
    staging_interface.handle_jobs()
  File "/opt/hostedtoolcache/Python/3.12.12/x64/lib/python3.12/site-packages/galaxy/tool_util/verify/interactor.py", line 212, in handle_jobs
    self.galaxy_interactor.wait_for_job(job_response["id"], job_response["history_id"], self.maxseconds)
  File "/opt/hostedtoolcache/Python/3.12.12/x64/lib/python3.12/site-packages/galaxy/tool_util/verify/interactor.py", line 398, in wait_for_job
    self.wait_for(lambda: self.__job_ready(job_id, history_id), maxseconds=maxseconds)
  File "/opt/hostedtoolcache/Python/3.12.12/x64/lib/python3.12/site-packages/galaxy/tool_util/verify/interactor.py", line 402, in wait_for
    wait_on(func, what, walltime_exceeded)
  File "/opt/hostedtoolcache/Python/3.12.12/x64/lib/python3.12/site-packages/galaxy/tool_util/verify/wait.py", line 38, in wait_on
    value = function()
            ^^^^^^^^^^
  File "/opt/hostedtoolcache/Python/3.12.12/x64/lib/python3.12/site-packages/galaxy/tool_util/verify/interactor.py", line 398, in <lambda>
    self.wait_for(lambda: self.__job_ready(job_id, history_id), maxseconds=maxseconds)
                          ^^^^^^^^^^^^^^^^^^^^^^^^^^^^^^^^^^^^
  File "/opt/hostedtoolcache/Python/3.12.12/x64/lib/python3.12/site-packages/galaxy/tool_util/verify/interactor.py", line 751, in __job_ready
    return self._state_ready(job_id, error_msg="Job in error state.")
           ^^^^^^^^^^^^^^^^^^^^^^^^^^^^^^^^^^^^^^^^^^^^^^^^^^^^^^^^^^
  File "/opt/hostedtoolcache/Python/3.12.12/x64/lib/python3.12/site-packages/galaxy/tool_util/verify/interactor.py", line 847, in _state_ready
    raise Exception(
Exception: Job in error state.. tool_id: __DATA_FETCH__, exit_code: None, stderr: .
"><![CDATA[
                { "execution_problem": "Input staging problem: Traceback (most recent call last):\n  File \"/opt/hostedtoolcache/Python/3.12.12/x64/lib/python3.12/site-packages/galaxy/tool_util/verify/interactor.py\", line 1466, in verify_tool\n    stage_data_in_history(\n  File \"/opt/hostedtoolcache/Python/3.12.12/x64/lib/python3.12/site-packages/galaxy/tool_util/verify/interactor.py\", line 175, in stage_data_in_history\n    staging_interface.handle_jobs()\n  File \"/opt/hostedtoolcache/Python/3.12.12/x64/lib/python3.12/site-packages/galaxy/tool_util/verify/interactor.py\", line 212, in handle_jobs\n    self.galaxy_interactor.wait_for_job(job_response[\"id\"], job_response[\"history_id\"], self.maxseconds)\n  File \"/opt/hostedtoolcache/Python/3.12.12/x64/lib/python3.12/site-packages/galaxy/tool_util/verify/interactor.py\", line 398, in wait_for_job\n    self.wait_for(lambda: self.__job_ready(job_id, history_id), maxseconds=maxseconds)\n  File \"/opt/hostedtoolcache/Python/3.12.12/x64/lib/python3.12/site-packages/galaxy/tool_util/verify/interactor.py\", line 402, in wait_for\n    wait_on(func, what, walltime_exceeded)\n  File \"/opt/hostedtoolcache/Python/3.12.12/x64/lib/python3.12/site-packages/galaxy/tool_util/verify/wait.py\", line 38, in wait_on\n    value = function()\n            ^^^^^^^^^^\n  File \"/opt/hostedtoolcache/Python/3.12.12/x64/lib/python3.12/site-packages/galaxy/tool_util/verify/interactor.py\", line 398, in \u003clambda\u003e\n    self.wait_for(lambda: self.__job_ready(job_id, history_id), maxseconds=maxseconds)\n                          ^^^^^^^^^^^^^^^^^^^^^^^^^^^^^^^^^^^^\n  File \"/opt/hostedtoolcache/Python/3.12.12/x64/lib/python3.12/site-packages/galaxy/tool_util/verify/interactor.py\", line 751, in __job_ready\n    return self._state_ready(job_id, error_msg=\"Job in error state.\")\n           ^^^^^^^^^^^^^^^^^^^^^^^^^^^^^^^^^^^^^^^^^^^^^^^^^^^^^^^^^^\n  File \"/opt/hostedtoolcache/Python/3.12.12/x64/lib/python3.12/site-packages/galaxy/tool_util/verify/interactor.py\", line 847, in _state_ready\n    raise Exception(\nException: Job in error state.. tool_id: __DATA_FETCH__, exit_code: None, stderr: .\n", "status": "error", "test_index": 3, "time_seconds": 12.406421899795532, "tool_id": "samtools_depth", "tool_version": "1.9"}
            ]]></error>
        
    </testcase>
    
    <testcase classname="samtools_rmdup (Test #1)" name="0" time="0.13086795806884766">
        
            <error type="error" message="Input staging problem: Traceback (most recent call last):
  File "/opt/hostedtoolcache/Python/3.12.12/x64/lib/python3.12/site-packages/galaxy/tool_util/verify/interactor.py", line 1466, in verify_tool
    stage_data_in_history(
  File "/opt/hostedtoolcache/Python/3.12.12/x64/lib/python3.12/site-packages/galaxy/tool_util/verify/interactor.py", line 163, in stage_data_in_history
    test_dict = galaxy_interactor.remote_to_input(
                ^^^^^^^^^^^^^^^^^^^^^^^^^^^^^^^^^^
  File "/opt/hostedtoolcache/Python/3.12.12/x64/lib/python3.12/site-packages/galaxy/tool_util/verify/interactor.py", line 581, in remote_to_input
    path_or_location = self._get_path_or_location(
                       ^^^^^^^^^^^^^^^^^^^^^^^^^^^
  File "/opt/hostedtoolcache/Python/3.12.12/x64/lib/python3.12/site-packages/galaxy/tool_util/verify/interactor.py", line 618, in _get_path_or_location
    path = self.test_data_download(
           ^^^^^^^^^^^^^^^^^^^^^^^^
  File "/opt/hostedtoolcache/Python/3.12.12/x64/lib/python3.12/site-packages/galaxy/tool_util/verify/interactor.py", line 524, in test_data_download
    raise AssertionError(f"Test input file ({filename}) cannot be found.")
AssertionError: Test input file (samtools-rmdup-input1.bam) cannot be found.
"><![CDATA[
                { "execution_problem": "Input staging problem: Traceback (most recent call last):\n  File \"/opt/hostedtoolcache/Python/3.12.12/x64/lib/python3.12/site-packages/galaxy/tool_util/verify/interactor.py\", line 1466, in verify_tool\n    stage_data_in_history(\n  File \"/opt/hostedtoolcache/Python/3.12.12/x64/lib/python3.12/site-packages/galaxy/tool_util/verify/interactor.py\", line 163, in stage_data_in_history\n    test_dict = galaxy_interactor.remote_to_input(\n                ^^^^^^^^^^^^^^^^^^^^^^^^^^^^^^^^^^\n  File \"/opt/hostedtoolcache/Python/3.12.12/x64/lib/python3.12/site-packages/galaxy/tool_util/verify/interactor.py\", line 581, in remote_to_input\n    path_or_location = self._get_path_or_location(\n                       ^^^^^^^^^^^^^^^^^^^^^^^^^^^\n  File \"/opt/hostedtoolcache/Python/3.12.12/x64/lib/python3.12/site-packages/galaxy/tool_util/verify/interactor.py\", line 618, in _get_path_or_location\n    path = self.test_data_download(\n           ^^^^^^^^^^^^^^^^^^^^^^^^\n  File \"/opt/hostedtoolcache/Python/3.12.12/x64/lib/python3.12/site-packages/galaxy/tool_util/verify/interactor.py\", line 524, in test_data_download\n    raise AssertionError(f\"Test input file ({filename}) cannot be found.\")\nAssertionError: Test input file (samtools-rmdup-input1.bam) cannot be found.\n", "status": "error", "test_index": 0, "time_seconds": 0.13086795806884766, "tool_id": "samtools_rmdup", "tool_version": "2.0.1"}
            ]]></error>
        
    </testcase>
    
    <testcase classname="vcfcombine (Test #1)" name="0" time="40.73258829116821">
        
            
            <system-out><![CDATA[
            
            ]]></system-out>
            <system-err><![CDATA[
            
            ]]></system-err>
        
    </testcase>
    
</testsuite>