<?xml version="1.0" encoding="UTF-8"?>
<testsuite name="Results (powered by Planemo)"
           tests="81"
           errors="46"
           failures="3"
           skip="0">
    
    <testcase classname="bcftools_annotate (Test #1)" name="0" time="35.55925989151001">
        
            
            <system-out><![CDATA[
            
            ]]></system-out>
            <system-err><![CDATA[
            
            ]]></system-err>
        
    </testcase>
    
    <testcase classname="bcftools_annotate (Test #2)" name="1" time="35.62223219871521">
        
            
            <system-out><![CDATA[
            
            ]]></system-out>
            <system-err><![CDATA[
            
            ]]></system-err>
        
    </testcase>
    
    <testcase classname="bcftools_annotate (Test #3)" name="2" time="32.16858983039856">
        
            
            <system-out><![CDATA[
            
            ]]></system-out>
            <system-err><![CDATA[
            
            ]]></system-err>
        
    </testcase>
    
    <testcase classname="bcftools_annotate (Test #4)" name="3" time="31.144533157348633">
        
            
            <system-out><![CDATA[
            
            ]]></system-out>
            <system-err><![CDATA[
            
            ]]></system-err>
        
    </testcase>
    
    <testcase classname="bcftools_annotate (Test #5)" name="4" time="32.37178158760071">
        
            
            <system-out><![CDATA[
            
            ]]></system-out>
            <system-err><![CDATA[
            
            ]]></system-err>
        
    </testcase>
    
    <testcase classname="bcftools_annotate (Test #6)" name="5" time="19.155449867248535">
        
            <error type="error" message="Input staging problem: Traceback (most recent call last):
  File "/opt/hostedtoolcache/Python/3.12.12/x64/lib/python3.12/site-packages/galaxy/tool_util/verify/interactor.py", line 1436, in verify_tool
    stage_data_in_history(
  File "/opt/hostedtoolcache/Python/3.12.12/x64/lib/python3.12/site-packages/galaxy/tool_util/verify/interactor.py", line 175, in stage_data_in_history
    staging_interface.handle_jobs()
  File "/opt/hostedtoolcache/Python/3.12.12/x64/lib/python3.12/site-packages/galaxy/tool_util/verify/interactor.py", line 212, in handle_jobs
    self.galaxy_interactor.wait_for_job(job_response["id"], job_response["history_id"], self.maxseconds)
  File "/opt/hostedtoolcache/Python/3.12.12/x64/lib/python3.12/site-packages/galaxy/tool_util/verify/interactor.py", line 399, in wait_for_job
    self.wait_for(lambda: self.__job_ready(job_id, history_id), maxseconds=maxseconds)
  File "/opt/hostedtoolcache/Python/3.12.12/x64/lib/python3.12/site-packages/galaxy/tool_util/verify/interactor.py", line 403, in wait_for
    wait_on(func, what, walltime_exceeded)
  File "/opt/hostedtoolcache/Python/3.12.12/x64/lib/python3.12/site-packages/galaxy/tool_util/verify/wait.py", line 38, in wait_on
    value = function()
            ^^^^^^^^^^
  File "/opt/hostedtoolcache/Python/3.12.12/x64/lib/python3.12/site-packages/galaxy/tool_util/verify/interactor.py", line 399, in <lambda>
    self.wait_for(lambda: self.__job_ready(job_id, history_id), maxseconds=maxseconds)
                          ^^^^^^^^^^^^^^^^^^^^^^^^^^^^^^^^^^^^
  File "/opt/hostedtoolcache/Python/3.12.12/x64/lib/python3.12/site-packages/galaxy/tool_util/verify/interactor.py", line 749, in __job_ready
    return self._state_ready(job_id, error_msg="Job in error state.")
           ^^^^^^^^^^^^^^^^^^^^^^^^^^^^^^^^^^^^^^^^^^^^^^^^^^^^^^^^^^
  File "/opt/hostedtoolcache/Python/3.12.12/x64/lib/python3.12/site-packages/galaxy/tool_util/verify/interactor.py", line 841, in _state_ready
    raise Exception(
Exception: Job in error state.. tool_id: __DATA_FETCH__, exit_code: None, stderr: .
"><![CDATA[
                { "execution_problem": "Input staging problem: Traceback (most recent call last):\n  File \"/opt/hostedtoolcache/Python/3.12.12/x64/lib/python3.12/site-packages/galaxy/tool_util/verify/interactor.py\", line 1436, in verify_tool\n    stage_data_in_history(\n  File \"/opt/hostedtoolcache/Python/3.12.12/x64/lib/python3.12/site-packages/galaxy/tool_util/verify/interactor.py\", line 175, in stage_data_in_history\n    staging_interface.handle_jobs()\n  File \"/opt/hostedtoolcache/Python/3.12.12/x64/lib/python3.12/site-packages/galaxy/tool_util/verify/interactor.py\", line 212, in handle_jobs\n    self.galaxy_interactor.wait_for_job(job_response[\"id\"], job_response[\"history_id\"], self.maxseconds)\n  File \"/opt/hostedtoolcache/Python/3.12.12/x64/lib/python3.12/site-packages/galaxy/tool_util/verify/interactor.py\", line 399, in wait_for_job\n    self.wait_for(lambda: self.__job_ready(job_id, history_id), maxseconds=maxseconds)\n  File \"/opt/hostedtoolcache/Python/3.12.12/x64/lib/python3.12/site-packages/galaxy/tool_util/verify/interactor.py\", line 403, in wait_for\n    wait_on(func, what, walltime_exceeded)\n  File \"/opt/hostedtoolcache/Python/3.12.12/x64/lib/python3.12/site-packages/galaxy/tool_util/verify/wait.py\", line 38, in wait_on\n    value = function()\n            ^^^^^^^^^^\n  File \"/opt/hostedtoolcache/Python/3.12.12/x64/lib/python3.12/site-packages/galaxy/tool_util/verify/interactor.py\", line 399, in \u003clambda\u003e\n    self.wait_for(lambda: self.__job_ready(job_id, history_id), maxseconds=maxseconds)\n                          ^^^^^^^^^^^^^^^^^^^^^^^^^^^^^^^^^^^^\n  File \"/opt/hostedtoolcache/Python/3.12.12/x64/lib/python3.12/site-packages/galaxy/tool_util/verify/interactor.py\", line 749, in __job_ready\n    return self._state_ready(job_id, error_msg=\"Job in error state.\")\n           ^^^^^^^^^^^^^^^^^^^^^^^^^^^^^^^^^^^^^^^^^^^^^^^^^^^^^^^^^^\n  File \"/opt/hostedtoolcache/Python/3.12.12/x64/lib/python3.12/site-packages/galaxy/tool_util/verify/interactor.py\", line 841, in _state_ready\n    raise Exception(\nException: Job in error state.. tool_id: __DATA_FETCH__, exit_code: None, stderr: .\n", "status": "error", "test_index": 5, "time_seconds": 19.155449867248535, "tool_id": "bcftools_annotate", "tool_version": "1.15.1+galaxy4"}
            ]]></error>
        
    </testcase>
    
    <testcase classname="bcftools_annotate (Test #7)" name="6" time="31.84881043434143">
        
            
            <system-out><![CDATA[
            
            ]]></system-out>
            <system-err><![CDATA[
            
            ]]></system-err>
        
    </testcase>
    
    <testcase classname="bcftools_annotate (Test #8)" name="7" time="29.37302017211914">
        
            
            <system-out><![CDATA[
            
            ]]></system-out>
            <system-err><![CDATA[
            
            ]]></system-err>
        
    </testcase>
    
    <testcase classname="bcftools_annotate (Test #9)" name="8" time="31.65913987159729">
        
            
            <system-out><![CDATA[
            
            ]]></system-out>
            <system-err><![CDATA[
            
            ]]></system-err>
        
    </testcase>
    
    <testcase classname="bcftools_annotate (Test #10)" name="9" time="10.098937749862671">
        
            <error type="error" message="Input staging problem: Traceback (most recent call last):
  File "/opt/hostedtoolcache/Python/3.12.12/x64/lib/python3.12/site-packages/galaxy/tool_util/verify/interactor.py", line 1436, in verify_tool
    stage_data_in_history(
  File "/opt/hostedtoolcache/Python/3.12.12/x64/lib/python3.12/site-packages/galaxy/tool_util/verify/interactor.py", line 175, in stage_data_in_history
    staging_interface.handle_jobs()
  File "/opt/hostedtoolcache/Python/3.12.12/x64/lib/python3.12/site-packages/galaxy/tool_util/verify/interactor.py", line 212, in handle_jobs
    self.galaxy_interactor.wait_for_job(job_response["id"], job_response["history_id"], self.maxseconds)
  File "/opt/hostedtoolcache/Python/3.12.12/x64/lib/python3.12/site-packages/galaxy/tool_util/verify/interactor.py", line 399, in wait_for_job
    self.wait_for(lambda: self.__job_ready(job_id, history_id), maxseconds=maxseconds)
  File "/opt/hostedtoolcache/Python/3.12.12/x64/lib/python3.12/site-packages/galaxy/tool_util/verify/interactor.py", line 403, in wait_for
    wait_on(func, what, walltime_exceeded)
  File "/opt/hostedtoolcache/Python/3.12.12/x64/lib/python3.12/site-packages/galaxy/tool_util/verify/wait.py", line 38, in wait_on
    value = function()
            ^^^^^^^^^^
  File "/opt/hostedtoolcache/Python/3.12.12/x64/lib/python3.12/site-packages/galaxy/tool_util/verify/interactor.py", line 399, in <lambda>
    self.wait_for(lambda: self.__job_ready(job_id, history_id), maxseconds=maxseconds)
                          ^^^^^^^^^^^^^^^^^^^^^^^^^^^^^^^^^^^^
  File "/opt/hostedtoolcache/Python/3.12.12/x64/lib/python3.12/site-packages/galaxy/tool_util/verify/interactor.py", line 749, in __job_ready
    return self._state_ready(job_id, error_msg="Job in error state.")
           ^^^^^^^^^^^^^^^^^^^^^^^^^^^^^^^^^^^^^^^^^^^^^^^^^^^^^^^^^^
  File "/opt/hostedtoolcache/Python/3.12.12/x64/lib/python3.12/site-packages/galaxy/tool_util/verify/interactor.py", line 841, in _state_ready
    raise Exception(
Exception: Job in error state.. tool_id: __DATA_FETCH__, exit_code: None, stderr: .
"><![CDATA[
                { "execution_problem": "Input staging problem: Traceback (most recent call last):\n  File \"/opt/hostedtoolcache/Python/3.12.12/x64/lib/python3.12/site-packages/galaxy/tool_util/verify/interactor.py\", line 1436, in verify_tool\n    stage_data_in_history(\n  File \"/opt/hostedtoolcache/Python/3.12.12/x64/lib/python3.12/site-packages/galaxy/tool_util/verify/interactor.py\", line 175, in stage_data_in_history\n    staging_interface.handle_jobs()\n  File \"/opt/hostedtoolcache/Python/3.12.12/x64/lib/python3.12/site-packages/galaxy/tool_util/verify/interactor.py\", line 212, in handle_jobs\n    self.galaxy_interactor.wait_for_job(job_response[\"id\"], job_response[\"history_id\"], self.maxseconds)\n  File \"/opt/hostedtoolcache/Python/3.12.12/x64/lib/python3.12/site-packages/galaxy/tool_util/verify/interactor.py\", line 399, in wait_for_job\n    self.wait_for(lambda: self.__job_ready(job_id, history_id), maxseconds=maxseconds)\n  File \"/opt/hostedtoolcache/Python/3.12.12/x64/lib/python3.12/site-packages/galaxy/tool_util/verify/interactor.py\", line 403, in wait_for\n    wait_on(func, what, walltime_exceeded)\n  File \"/opt/hostedtoolcache/Python/3.12.12/x64/lib/python3.12/site-packages/galaxy/tool_util/verify/wait.py\", line 38, in wait_on\n    value = function()\n            ^^^^^^^^^^\n  File \"/opt/hostedtoolcache/Python/3.12.12/x64/lib/python3.12/site-packages/galaxy/tool_util/verify/interactor.py\", line 399, in \u003clambda\u003e\n    self.wait_for(lambda: self.__job_ready(job_id, history_id), maxseconds=maxseconds)\n                          ^^^^^^^^^^^^^^^^^^^^^^^^^^^^^^^^^^^^\n  File \"/opt/hostedtoolcache/Python/3.12.12/x64/lib/python3.12/site-packages/galaxy/tool_util/verify/interactor.py\", line 749, in __job_ready\n    return self._state_ready(job_id, error_msg=\"Job in error state.\")\n           ^^^^^^^^^^^^^^^^^^^^^^^^^^^^^^^^^^^^^^^^^^^^^^^^^^^^^^^^^^\n  File \"/opt/hostedtoolcache/Python/3.12.12/x64/lib/python3.12/site-packages/galaxy/tool_util/verify/interactor.py\", line 841, in _state_ready\n    raise Exception(\nException: Job in error state.. tool_id: __DATA_FETCH__, exit_code: None, stderr: .\n", "status": "error", "test_index": 9, "time_seconds": 10.098937749862671, "tool_id": "bcftools_annotate", "tool_version": "1.15.1+galaxy4"}
            ]]></error>
        
    </testcase>
    
    <testcase classname="bcftools_concat (Test #1)" name="0" time="26.013933658599854">
        
            <error type="error" message="Input staging problem: Traceback (most recent call last):
  File "/opt/hostedtoolcache/Python/3.12.12/x64/lib/python3.12/site-packages/galaxy/tool_util/verify/interactor.py", line 1436, in verify_tool
    stage_data_in_history(
  File "/opt/hostedtoolcache/Python/3.12.12/x64/lib/python3.12/site-packages/galaxy/tool_util/verify/interactor.py", line 175, in stage_data_in_history
    staging_interface.handle_jobs()
  File "/opt/hostedtoolcache/Python/3.12.12/x64/lib/python3.12/site-packages/galaxy/tool_util/verify/interactor.py", line 212, in handle_jobs
    self.galaxy_interactor.wait_for_job(job_response["id"], job_response["history_id"], self.maxseconds)
  File "/opt/hostedtoolcache/Python/3.12.12/x64/lib/python3.12/site-packages/galaxy/tool_util/verify/interactor.py", line 399, in wait_for_job
    self.wait_for(lambda: self.__job_ready(job_id, history_id), maxseconds=maxseconds)
  File "/opt/hostedtoolcache/Python/3.12.12/x64/lib/python3.12/site-packages/galaxy/tool_util/verify/interactor.py", line 403, in wait_for
    wait_on(func, what, walltime_exceeded)
  File "/opt/hostedtoolcache/Python/3.12.12/x64/lib/python3.12/site-packages/galaxy/tool_util/verify/wait.py", line 38, in wait_on
    value = function()
            ^^^^^^^^^^
  File "/opt/hostedtoolcache/Python/3.12.12/x64/lib/python3.12/site-packages/galaxy/tool_util/verify/interactor.py", line 399, in <lambda>
    self.wait_for(lambda: self.__job_ready(job_id, history_id), maxseconds=maxseconds)
                          ^^^^^^^^^^^^^^^^^^^^^^^^^^^^^^^^^^^^
  File "/opt/hostedtoolcache/Python/3.12.12/x64/lib/python3.12/site-packages/galaxy/tool_util/verify/interactor.py", line 749, in __job_ready
    return self._state_ready(job_id, error_msg="Job in error state.")
           ^^^^^^^^^^^^^^^^^^^^^^^^^^^^^^^^^^^^^^^^^^^^^^^^^^^^^^^^^^
  File "/opt/hostedtoolcache/Python/3.12.12/x64/lib/python3.12/site-packages/galaxy/tool_util/verify/interactor.py", line 841, in _state_ready
    raise Exception(
Exception: Job in error state.. tool_id: __DATA_FETCH__, exit_code: None, stderr: .
"><![CDATA[
                { "execution_problem": "Input staging problem: Traceback (most recent call last):\n  File \"/opt/hostedtoolcache/Python/3.12.12/x64/lib/python3.12/site-packages/galaxy/tool_util/verify/interactor.py\", line 1436, in verify_tool\n    stage_data_in_history(\n  File \"/opt/hostedtoolcache/Python/3.12.12/x64/lib/python3.12/site-packages/galaxy/tool_util/verify/interactor.py\", line 175, in stage_data_in_history\n    staging_interface.handle_jobs()\n  File \"/opt/hostedtoolcache/Python/3.12.12/x64/lib/python3.12/site-packages/galaxy/tool_util/verify/interactor.py\", line 212, in handle_jobs\n    self.galaxy_interactor.wait_for_job(job_response[\"id\"], job_response[\"history_id\"], self.maxseconds)\n  File \"/opt/hostedtoolcache/Python/3.12.12/x64/lib/python3.12/site-packages/galaxy/tool_util/verify/interactor.py\", line 399, in wait_for_job\n    self.wait_for(lambda: self.__job_ready(job_id, history_id), maxseconds=maxseconds)\n  File \"/opt/hostedtoolcache/Python/3.12.12/x64/lib/python3.12/site-packages/galaxy/tool_util/verify/interactor.py\", line 403, in wait_for\n    wait_on(func, what, walltime_exceeded)\n  File \"/opt/hostedtoolcache/Python/3.12.12/x64/lib/python3.12/site-packages/galaxy/tool_util/verify/wait.py\", line 38, in wait_on\n    value = function()\n            ^^^^^^^^^^\n  File \"/opt/hostedtoolcache/Python/3.12.12/x64/lib/python3.12/site-packages/galaxy/tool_util/verify/interactor.py\", line 399, in \u003clambda\u003e\n    self.wait_for(lambda: self.__job_ready(job_id, history_id), maxseconds=maxseconds)\n                          ^^^^^^^^^^^^^^^^^^^^^^^^^^^^^^^^^^^^\n  File \"/opt/hostedtoolcache/Python/3.12.12/x64/lib/python3.12/site-packages/galaxy/tool_util/verify/interactor.py\", line 749, in __job_ready\n    return self._state_ready(job_id, error_msg=\"Job in error state.\")\n           ^^^^^^^^^^^^^^^^^^^^^^^^^^^^^^^^^^^^^^^^^^^^^^^^^^^^^^^^^^\n  File \"/opt/hostedtoolcache/Python/3.12.12/x64/lib/python3.12/site-packages/galaxy/tool_util/verify/interactor.py\", line 841, in _state_ready\n    raise Exception(\nException: Job in error state.. tool_id: __DATA_FETCH__, exit_code: None, stderr: .\n", "status": "error", "test_index": 0, "time_seconds": 26.013933658599854, "tool_id": "bcftools_concat", "tool_version": "1.15.1+galaxy4"}
            ]]></error>
        
    </testcase>
    
    <testcase classname="bcftools_concat (Test #2)" name="1" time="69.24159026145935">
        
            
                <error type="error" message="Tool exit code: None"><![CDATA[
                    { "inputs": {  "input_files": [   {    "id": "bb3aaf6d3b83a9c9",    "src": "hda"   },   {    "id": "b896fe68250c33b5",    "src": "hda"   }  ],  "output_type": "v",  "sec_default|mode|naive": "no" }, "job": {  "command_line": "export BCFTOOLS_PLUGINS=`which bcftools | sed \u0027s,bin/bcftools,libexec/bcftools,\u0027`;     bgzip -c \u0027/galaxy/server/database/objects/8/7/5/dataset_8755f568-0fc4-4941-92a5-0b994071ce06.dat\u0027 \u003e input0.vcf.gz \u0026\u0026 bcftools index input0.vcf.gz \u0026\u0026 echo \u0027input0.vcf.gz\u0027 \u003e\u003e vcfs_list \u0026\u0026  bgzip -c \u0027/galaxy/server/database/objects/9/8/c/dataset_98c66dc9-40c1-453d-8b1a-8b3ebafbd819.dat\u0027 \u003e input1.vcf.gz \u0026\u0026 bcftools index input1.vcf.gz \u0026\u0026 echo \u0027input1.vcf.gz\u0027 \u003e\u003e vcfs_list \u0026\u0026         bcftools concat   --allow-overlaps   --min-PQ 30         --output-type \u0027v\u0027   --threads ${GALAXY_SLOTS:-4}    input0.vcf.gz input1.vcf.gz  \u003e \u0027/galaxy/server/database/objects/6/e/f/dataset_6efe7860-b753-4184-98fd-5f6e5baabc95.dat\u0027",  "command_version": null,  "copied_from_job_id": null,  "create_time": "2025-11-17T01:00:14.972678",  "dependencies": [],  "exit_code": null,  "external_id": "gxy-fgjjd",  "galaxy_version": "24.1",  "handler": null,  "history_id": "4d10dede65937832",  "id": "d613554602b06f02",  "inputs": {   "input_files": {    "id": "bb3aaf6d3b83a9c9",    "src": "hda",    "uuid": "8755f568-0fc4-4941-92a5-0b994071ce06"   },   "input_files1": {    "id": "bb3aaf6d3b83a9c9",    "src": "hda",    "uuid": "8755f568-0fc4-4941-92a5-0b994071ce06"   },   "input_files2": {    "id": "b896fe68250c33b5",    "src": "hda",    "uuid": "98c66dc9-40c1-453d-8b1a-8b3ebafbd819"   }  },  "job_messages": null,  "job_metrics": [],  "job_runner_name": null,  "job_stderr": null,  "job_stdout": null,  "model_class": "Job",  "output_collections": {},  "outputs": {   "output_file": {    "id": "d613554602b06f02",    "src": "hda",    "uuid": "6efe7860-b753-4184-98fd-5f6e5baabc95"   }  },  "params": {   "__input_ext": "\"input\"",   "chromInfo": "\"/cvmfs/data.galaxyproject.org/managed/len/ucsc/?.len\"",   "dbkey": "\"?\"",   "output_type": "\"v\"",   "sec_default": "{\"compact_PS\": false, \"min_PQ\": \"30\", \"mode\": {\"__current_case__\": 1, \"ligate\": false, \"ligate_mode\": null, \"naive\": \"no\", \"overlaps\": {\"__current_case__\": 0, \"allow_overlaps\": \"yes\", \"rm_dups\": null}}}",   "sec_restrict": "{\"regions\": {\"__current_case__\": 0, \"regions_src\": \"__none__\"}, \"regions_overlap\": null}"  },  "state": "error",  "stderr": "Checking the headers and starting positions of 2 files\n",  "stdout": "",  "tool_id": "toolshed.g2.bx.psu.edu/repos/iuc/bcftools_concat/bcftools_concat/1.15.1+galaxy4",  "tool_stderr": "Checking the headers and starting positions of 2 files\n",  "tool_stdout": "",  "update_time": "2025-11-17T01:01:04.597864",  "user_email": "tests@fake.org" }, "output_problems": [  "Job in error state.. tool_id: toolshed.g2.bx.psu.edu/repos/iuc/bcftools_concat/bcftools_concat/1.15.1+galaxy4, exit_code: None, stderr: Checking the headers and starting positions of 2 files\n.",  "Job in error state.. tool_id: toolshed.g2.bx.psu.edu/repos/iuc/bcftools_concat/bcftools_concat/1.15.1+galaxy4, exit_code: None, stderr: Checking the headers and starting positions of 2 files\n." ], "status": "failure", "test_index": 1, "time_seconds": 69.24159026145935, "tool_id": "bcftools_concat", "tool_version": "1.15.1+galaxy4"}
                ]]></error>
            
            <system-out><![CDATA[
            
            ]]></system-out>
            <system-err><![CDATA[
            Checking the headers and starting positions of 2 files
            ]]></system-err>
        
    </testcase>
    
    <testcase classname="bcftools_concat (Test #3)" name="2" time="32.66711473464966">
        
            
            <system-out><![CDATA[
            
            ]]></system-out>
            <system-err><![CDATA[
            Checking the headers and starting positions of 2 files
            ]]></system-err>
        
    </testcase>
    
    <testcase classname="bcftools_concat (Test #4)" name="3" time="33.70799016952515">
        
            
            <system-out><![CDATA[
            
            ]]></system-out>
            <system-err><![CDATA[
            Checking the headers and starting positions of 2 files
            ]]></system-err>
        
    </testcase>
    
    <testcase classname="bcftools_concat (Test #5)" name="4" time="32.06896138191223">
        
            
            <system-out><![CDATA[
            
            ]]></system-out>
            <system-err><![CDATA[
            Checking the headers and starting positions of 2 files
            ]]></system-err>
        
    </testcase>
    
    <testcase classname="bcftools_concat (Test #6)" name="5" time="32.68602538108826">
        
            
            <system-out><![CDATA[
            
            ]]></system-out>
            <system-err><![CDATA[
            Checking the headers and starting positions of 2 files
            ]]></system-err>
        
    </testcase>
    
    <testcase classname="bwa (Test #1)" name="0" time="37.4894380569458">
        
            
            <system-out><![CDATA[
            
            ]]></system-out>
            <system-err><![CDATA[
            [bwa_index] Pack FASTA... 0.00 sec[bwa_index] Construct BWT for the packed sequence...[bwa_index] 0.00 seconds elapse.[bwa_index] Update BWT... 0.00 sec[bwa_index] Pack forward-only FASTA... 0.00 sec[bwa_index] Construct SA from BWT and Occ... 0.00 sec[main] Version: 0.7.19-r1273[main] CMD: bwa index localref.fa[main] Real time: 0.041 sec; CPU: 0.007 sec[bwa_aln] 17bp reads: max_diff = 2[bwa_aln] 38bp reads: max_diff = 3[bwa_aln] 64bp reads: max_diff = 4[bwa_aln] 93bp reads: max_diff = 5[bwa_aln] 124bp reads: max_diff = 6[bwa_aln] 157bp reads: max_diff = 7[bwa_aln] 190bp reads: max_diff = 8[bwa_aln] 225bp reads: max_diff = 9[bwa_aln_core] calculate SA coordinate... 0.03 sec[bwa_aln_core] write to the disk... 0.00 sec[bwa_aln_core] 100 sequences have been processed.[main] Version: 0.7.19-r1273[main] CMD: bwa aln -t 8 localref.fa /galaxy/server/database/objects/e/1/1/dataset_e11f246c-1db8-4db6-98d5-9bf1bc664fd5.dat[main] Real time: 0.012 sec; CPU: 0.031 sec[bwa_aln_core] convert to sequence coordinate... 0.00 sec[bwa_aln_core] refine gapped alignments... 0.00 sec[bwa_aln_core] print alignments... 0.00 sec[bwa_aln_core] 100 sequences have been processed.[main] Version: 0.7.19-r1273[main] CMD: bwa samse localref.fa first.sai /galaxy/server/database/objects/e/1/1/dataset_e11f246c-1db8-4db6-98d5-9bf1bc664fd5.dat[main] Real time: 0.004 sec; CPU: 0.002 sec
            ]]></system-err>
        
    </testcase>
    
    <testcase classname="bwa (Test #2)" name="1" time="35.75422549247742">
        
            
            <system-out><![CDATA[
            
            ]]></system-out>
            <system-err><![CDATA[
            [bwa_index] Pack FASTA... 0.00 sec[bwa_index] Construct BWT for the packed sequence...[bwa_index] 0.00 seconds elapse.[bwa_index] Update BWT... 0.00 sec[bwa_index] Pack forward-only FASTA... 0.00 sec[bwa_index] Construct SA from BWT and Occ... 0.00 sec[main] Version: 0.7.19-r1273[main] CMD: bwa index localref.fa[main] Real time: 0.044 sec; CPU: 0.008 sec[bwa_aln] 17bp reads: max_diff = 2[bwa_aln] 38bp reads: max_diff = 3[bwa_aln] 64bp reads: max_diff = 4[bwa_aln] 93bp reads: max_diff = 5[bwa_aln] 124bp reads: max_diff = 6[bwa_aln] 157bp reads: max_diff = 7[bwa_aln] 190bp reads: max_diff = 8[bwa_aln] 225bp reads: max_diff = 9[bwa_aln_core] calculate SA coordinate... 0.02 sec[bwa_aln_core] write to the disk... 0.00 sec[bwa_aln_core] 100 sequences have been processed.[main] Version: 0.7.19-r1273[main] CMD: bwa aln -t 8 localref.fa /galaxy/server/database/objects/a/2/1/dataset_a218e82b-5746-442a-ad3c-f63914bb7c45.dat[main] Real time: 0.012 sec; CPU: 0.027 sec[bwa_aln] 17bp reads: max_diff = 2[bwa_aln] 38bp reads: max_diff = 3[bwa_aln] 64bp reads: max_diff = 4[bwa_aln] 93bp reads: max_diff = 5[bwa_aln] 124bp reads: max_diff = 6[bwa_aln] 157bp reads: max_diff = 7[bwa_aln] 190bp reads: max_diff = 8[bwa_aln] 225bp reads: max_diff = 9[bwa_aln_core] calculate SA coordinate... 0.02 sec[bwa_aln_core] write to the disk... 0.00 sec[bwa_aln_core] 100 sequences have been processed.[main] Version: 0.7.19-r1273[main] CMD: bwa aln -t 8 localref.fa /galaxy/server/database/objects/4/e/c/dataset_4ec6b230-a689-4f28-8683-1d647f33c2c4.dat[main] Real time: 0.012 sec; CPU: 0.023 sec[bwa_sai2sam_pe_core] convert to sequence coordinate... [infer_isize] fail to infer insert size: too few good pairs[bwa_sai2sam_pe_core] time elapses: 0.00 sec[bwa_sai2sam_pe_core] changing coordinates of 0 alignments.[bwa_sai2sam_pe_core] align unmapped mate...[bwa_sai2sam_pe_core] time elapses: 0.00 sec[bwa_sai2sam_pe_core] refine gapped alignments... 0.00 sec[bwa_sai2sam_pe_core] print alignments... 0.00 sec[bwa_sai2sam_pe_core] 100 sequences have been processed.[main] Version: 0.7.19-r1273[main] CMD: bwa sampe localref.fa first.sai second.sai /galaxy/server/database/objects/a/2/1/dataset_a218e82b-5746-442a-ad3c-f63914bb7c45.dat /galaxy/server/database/objects/4/e/c/dataset_4ec6b230-a689-4f28-8683-1d647f33c2c4.dat[main] Real time: 0.010 sec; CPU: 0.004 sec
            ]]></system-err>
        
    </testcase>
    
    <testcase classname="bwa (Test #3)" name="2" time="20.340190887451172">
        
            <error type="error" message="Input staging problem: Traceback (most recent call last):
  File "/opt/hostedtoolcache/Python/3.12.12/x64/lib/python3.12/site-packages/galaxy/tool_util/verify/interactor.py", line 1436, in verify_tool
    stage_data_in_history(
  File "/opt/hostedtoolcache/Python/3.12.12/x64/lib/python3.12/site-packages/galaxy/tool_util/verify/interactor.py", line 175, in stage_data_in_history
    staging_interface.handle_jobs()
  File "/opt/hostedtoolcache/Python/3.12.12/x64/lib/python3.12/site-packages/galaxy/tool_util/verify/interactor.py", line 212, in handle_jobs
    self.galaxy_interactor.wait_for_job(job_response["id"], job_response["history_id"], self.maxseconds)
  File "/opt/hostedtoolcache/Python/3.12.12/x64/lib/python3.12/site-packages/galaxy/tool_util/verify/interactor.py", line 399, in wait_for_job
    self.wait_for(lambda: self.__job_ready(job_id, history_id), maxseconds=maxseconds)
  File "/opt/hostedtoolcache/Python/3.12.12/x64/lib/python3.12/site-packages/galaxy/tool_util/verify/interactor.py", line 403, in wait_for
    wait_on(func, what, walltime_exceeded)
  File "/opt/hostedtoolcache/Python/3.12.12/x64/lib/python3.12/site-packages/galaxy/tool_util/verify/wait.py", line 38, in wait_on
    value = function()
            ^^^^^^^^^^
  File "/opt/hostedtoolcache/Python/3.12.12/x64/lib/python3.12/site-packages/galaxy/tool_util/verify/interactor.py", line 399, in <lambda>
    self.wait_for(lambda: self.__job_ready(job_id, history_id), maxseconds=maxseconds)
                          ^^^^^^^^^^^^^^^^^^^^^^^^^^^^^^^^^^^^
  File "/opt/hostedtoolcache/Python/3.12.12/x64/lib/python3.12/site-packages/galaxy/tool_util/verify/interactor.py", line 749, in __job_ready
    return self._state_ready(job_id, error_msg="Job in error state.")
           ^^^^^^^^^^^^^^^^^^^^^^^^^^^^^^^^^^^^^^^^^^^^^^^^^^^^^^^^^^
  File "/opt/hostedtoolcache/Python/3.12.12/x64/lib/python3.12/site-packages/galaxy/tool_util/verify/interactor.py", line 841, in _state_ready
    raise Exception(
Exception: Job in error state.. tool_id: __DATA_FETCH__, exit_code: None, stderr: .
"><![CDATA[
                { "execution_problem": "Input staging problem: Traceback (most recent call last):\n  File \"/opt/hostedtoolcache/Python/3.12.12/x64/lib/python3.12/site-packages/galaxy/tool_util/verify/interactor.py\", line 1436, in verify_tool\n    stage_data_in_history(\n  File \"/opt/hostedtoolcache/Python/3.12.12/x64/lib/python3.12/site-packages/galaxy/tool_util/verify/interactor.py\", line 175, in stage_data_in_history\n    staging_interface.handle_jobs()\n  File \"/opt/hostedtoolcache/Python/3.12.12/x64/lib/python3.12/site-packages/galaxy/tool_util/verify/interactor.py\", line 212, in handle_jobs\n    self.galaxy_interactor.wait_for_job(job_response[\"id\"], job_response[\"history_id\"], self.maxseconds)\n  File \"/opt/hostedtoolcache/Python/3.12.12/x64/lib/python3.12/site-packages/galaxy/tool_util/verify/interactor.py\", line 399, in wait_for_job\n    self.wait_for(lambda: self.__job_ready(job_id, history_id), maxseconds=maxseconds)\n  File \"/opt/hostedtoolcache/Python/3.12.12/x64/lib/python3.12/site-packages/galaxy/tool_util/verify/interactor.py\", line 403, in wait_for\n    wait_on(func, what, walltime_exceeded)\n  File \"/opt/hostedtoolcache/Python/3.12.12/x64/lib/python3.12/site-packages/galaxy/tool_util/verify/wait.py\", line 38, in wait_on\n    value = function()\n            ^^^^^^^^^^\n  File \"/opt/hostedtoolcache/Python/3.12.12/x64/lib/python3.12/site-packages/galaxy/tool_util/verify/interactor.py\", line 399, in \u003clambda\u003e\n    self.wait_for(lambda: self.__job_ready(job_id, history_id), maxseconds=maxseconds)\n                          ^^^^^^^^^^^^^^^^^^^^^^^^^^^^^^^^^^^^\n  File \"/opt/hostedtoolcache/Python/3.12.12/x64/lib/python3.12/site-packages/galaxy/tool_util/verify/interactor.py\", line 749, in __job_ready\n    return self._state_ready(job_id, error_msg=\"Job in error state.\")\n           ^^^^^^^^^^^^^^^^^^^^^^^^^^^^^^^^^^^^^^^^^^^^^^^^^^^^^^^^^^\n  File \"/opt/hostedtoolcache/Python/3.12.12/x64/lib/python3.12/site-packages/galaxy/tool_util/verify/interactor.py\", line 841, in _state_ready\n    raise Exception(\nException: Job in error state.. tool_id: __DATA_FETCH__, exit_code: None, stderr: .\n", "status": "error", "test_index": 2, "time_seconds": 20.340190887451172, "tool_id": "bwa", "tool_version": "0.7.19"}
            ]]></error>
        
    </testcase>
    
    <testcase classname="bwa (Test #4)" name="3" time="33.432981729507446">
        
            
            <system-out><![CDATA[
            
            ]]></system-out>
            <system-err><![CDATA[
            [bwa_index] Pack FASTA... 0.00 sec[bwa_index] Construct BWT for the packed sequence...[bwa_index] 0.00 seconds elapse.[bwa_index] Update BWT... 0.00 sec[bwa_index] Pack forward-only FASTA... 0.00 sec[bwa_index] Construct SA from BWT and Occ... 0.00 sec[main] Version: 0.7.19-r1273[main] CMD: bwa index localref.fa[main] Real time: 0.038 sec; CPU: 0.007 sec[bwa_aln] 17bp reads: max_diff = 2[bwa_aln] 38bp reads: max_diff = 3[bwa_aln] 64bp reads: max_diff = 4[bwa_aln] 93bp reads: max_diff = 5[bwa_aln] 124bp reads: max_diff = 6[bwa_aln] 157bp reads: max_diff = 7[bwa_aln] 190bp reads: max_diff = 8[bwa_aln] 225bp reads: max_diff = 9[bwa_aln_core] calculate SA coordinate... 0.03 sec[bwa_aln_core] write to the disk... 0.00 sec[bwa_aln_core] 100 sequences have been processed.[main] Version: 0.7.19-r1273[main] CMD: bwa aln -t 8 -b -1 localref.fa /galaxy/server/database/objects/9/3/0/dataset_9308521e-51a6-4efe-af25-286817e2a040.dat[main] Real time: 0.013 sec; CPU: 0.033 sec[bwa_aln] 17bp reads: max_diff = 2[bwa_aln] 38bp reads: max_diff = 3[bwa_aln] 64bp reads: max_diff = 4[bwa_aln] 93bp reads: max_diff = 5[bwa_aln] 124bp reads: max_diff = 6[bwa_aln] 157bp reads: max_diff = 7[bwa_aln] 190bp reads: max_diff = 8[bwa_aln] 225bp reads: max_diff = 9[bwa_aln_core] calculate SA coordinate... 0.02 sec[bwa_aln_core] write to the disk... 0.00 sec[bwa_aln_core] 100 sequences have been processed.[main] Version: 0.7.19-r1273[main] CMD: bwa aln -t 8 -b -2 localref.fa /galaxy/server/database/objects/9/3/0/dataset_9308521e-51a6-4efe-af25-286817e2a040.dat[main] Real time: 0.012 sec; CPU: 0.024 sec[bwa_sai2sam_pe_core] convert to sequence coordinate... [infer_isize] fail to infer insert size: too few good pairs[bwa_sai2sam_pe_core] time elapses: 0.00 sec[bwa_sai2sam_pe_core] changing coordinates of 0 alignments.[bwa_sai2sam_pe_core] align unmapped mate...[bwa_sai2sam_pe_core] time elapses: 0.00 sec[bwa_sai2sam_pe_core] refine gapped alignments... 0.00 sec[bwa_sai2sam_pe_core] print alignments... 0.00 sec[bwa_sai2sam_pe_core] 100 sequences have been processed.[main] Version: 0.7.19-r1273[main] CMD: bwa sampe localref.fa first.sai second.sai /galaxy/server/database/objects/9/3/0/dataset_9308521e-51a6-4efe-af25-286817e2a040.dat /galaxy/server/database/objects/9/3/0/dataset_9308521e-51a6-4efe-af25-286817e2a040.dat[main] Real time: 0.009 sec; CPU: 0.004 sec
            ]]></system-err>
        
    </testcase>
    
    <testcase classname="bwa (Test #5)" name="4" time="34.64674472808838">
        
            
            <system-out><![CDATA[
            
            ]]></system-out>
            <system-err><![CDATA[
            [bwa_index] Pack FASTA... 0.00 sec[bwa_index] Construct BWT for the packed sequence...[bwa_index] 0.00 seconds elapse.[bwa_index] Update BWT... 0.00 sec[bwa_index] Pack forward-only FASTA... 0.00 sec[bwa_index] Construct SA from BWT and Occ... 0.00 sec[main] Version: 0.7.19-r1273[main] CMD: bwa index localref.fa[main] Real time: 0.036 sec; CPU: 0.008 sec[bwa_aln] 17bp reads: max_diff = 2[bwa_aln] 38bp reads: max_diff = 3[bwa_aln] 64bp reads: max_diff = 4[bwa_aln] 93bp reads: max_diff = 5[bwa_aln] 124bp reads: max_diff = 6[bwa_aln] 157bp reads: max_diff = 7[bwa_aln] 190bp reads: max_diff = 8[bwa_aln] 225bp reads: max_diff = 9[bwa_aln_core] calculate SA coordinate... 0.03 sec[bwa_aln_core] write to the disk... 0.00 sec[bwa_aln_core] 100 sequences have been processed.[main] Version: 0.7.19-r1273[main] CMD: bwa aln -t 8 localref.fa /galaxy/server/database/objects/0/c/7/dataset_0c7d7af7-7820-40f9-9509-6a777cd202b2.dat[main] Real time: 0.012 sec; CPU: 0.028 sec[bwa_aln] 17bp reads: max_diff = 2[bwa_aln] 38bp reads: max_diff = 3[bwa_aln] 64bp reads: max_diff = 4[bwa_aln] 93bp reads: max_diff = 5[bwa_aln] 124bp reads: max_diff = 6[bwa_aln] 157bp reads: max_diff = 7[bwa_aln] 190bp reads: max_diff = 8[bwa_aln] 225bp reads: max_diff = 9[bwa_aln_core] calculate SA coordinate... 0.02 sec[bwa_aln_core] write to the disk... 0.00 sec[bwa_aln_core] 100 sequences have been processed.[main] Version: 0.7.19-r1273[main] CMD: bwa aln -t 8 localref.fa /galaxy/server/database/objects/4/c/f/dataset_4cf356eb-e877-45cd-a93a-3acf8a7a79ac.dat[main] Real time: 0.010 sec; CPU: 0.023 sec[bwa_sai2sam_pe_core] convert to sequence coordinate... [infer_isize] fail to infer insert size: too few good pairs[bwa_sai2sam_pe_core] time elapses: 0.00 sec[bwa_sai2sam_pe_core] changing coordinates of 0 alignments.[bwa_sai2sam_pe_core] align unmapped mate...[bwa_sai2sam_pe_core] time elapses: 0.00 sec[bwa_sai2sam_pe_core] refine gapped alignments... 0.00 sec[bwa_sai2sam_pe_core] print alignments... 0.00 sec[bwa_sai2sam_pe_core] 100 sequences have been processed.[main] Version: 0.7.19-r1273[main] CMD: bwa sampe -r @RG\tID:rg1\tPL:CAPILLARY localref.fa first.sai second.sai /galaxy/server/database/objects/0/c/7/dataset_0c7d7af7-7820-40f9-9509-6a777cd202b2.dat /galaxy/server/database/objects/4/c/f/dataset_4cf356eb-e877-45cd-a93a-3acf8a7a79ac.dat[main] Real time: 0.008 sec; CPU: 0.004 sec
            ]]></system-err>
        
    </testcase>
    
    <testcase classname="deeptools_compute_gc_bias (Test #1)" name="0" time="11.486013650894165">
        
            <error type="error" message="Input staging problem: Traceback (most recent call last):
  File "/opt/hostedtoolcache/Python/3.12.12/x64/lib/python3.12/site-packages/galaxy/tool_util/verify/interactor.py", line 1436, in verify_tool
    stage_data_in_history(
  File "/opt/hostedtoolcache/Python/3.12.12/x64/lib/python3.12/site-packages/galaxy/tool_util/verify/interactor.py", line 175, in stage_data_in_history
    staging_interface.handle_jobs()
  File "/opt/hostedtoolcache/Python/3.12.12/x64/lib/python3.12/site-packages/galaxy/tool_util/verify/interactor.py", line 212, in handle_jobs
    self.galaxy_interactor.wait_for_job(job_response["id"], job_response["history_id"], self.maxseconds)
  File "/opt/hostedtoolcache/Python/3.12.12/x64/lib/python3.12/site-packages/galaxy/tool_util/verify/interactor.py", line 399, in wait_for_job
    self.wait_for(lambda: self.__job_ready(job_id, history_id), maxseconds=maxseconds)
  File "/opt/hostedtoolcache/Python/3.12.12/x64/lib/python3.12/site-packages/galaxy/tool_util/verify/interactor.py", line 403, in wait_for
    wait_on(func, what, walltime_exceeded)
  File "/opt/hostedtoolcache/Python/3.12.12/x64/lib/python3.12/site-packages/galaxy/tool_util/verify/wait.py", line 38, in wait_on
    value = function()
            ^^^^^^^^^^
  File "/opt/hostedtoolcache/Python/3.12.12/x64/lib/python3.12/site-packages/galaxy/tool_util/verify/interactor.py", line 399, in <lambda>
    self.wait_for(lambda: self.__job_ready(job_id, history_id), maxseconds=maxseconds)
                          ^^^^^^^^^^^^^^^^^^^^^^^^^^^^^^^^^^^^
  File "/opt/hostedtoolcache/Python/3.12.12/x64/lib/python3.12/site-packages/galaxy/tool_util/verify/interactor.py", line 749, in __job_ready
    return self._state_ready(job_id, error_msg="Job in error state.")
           ^^^^^^^^^^^^^^^^^^^^^^^^^^^^^^^^^^^^^^^^^^^^^^^^^^^^^^^^^^
  File "/opt/hostedtoolcache/Python/3.12.12/x64/lib/python3.12/site-packages/galaxy/tool_util/verify/interactor.py", line 841, in _state_ready
    raise Exception(
Exception: Job in error state.. tool_id: __DATA_FETCH__, exit_code: None, stderr: .
"><![CDATA[
                { "execution_problem": "Input staging problem: Traceback (most recent call last):\n  File \"/opt/hostedtoolcache/Python/3.12.12/x64/lib/python3.12/site-packages/galaxy/tool_util/verify/interactor.py\", line 1436, in verify_tool\n    stage_data_in_history(\n  File \"/opt/hostedtoolcache/Python/3.12.12/x64/lib/python3.12/site-packages/galaxy/tool_util/verify/interactor.py\", line 175, in stage_data_in_history\n    staging_interface.handle_jobs()\n  File \"/opt/hostedtoolcache/Python/3.12.12/x64/lib/python3.12/site-packages/galaxy/tool_util/verify/interactor.py\", line 212, in handle_jobs\n    self.galaxy_interactor.wait_for_job(job_response[\"id\"], job_response[\"history_id\"], self.maxseconds)\n  File \"/opt/hostedtoolcache/Python/3.12.12/x64/lib/python3.12/site-packages/galaxy/tool_util/verify/interactor.py\", line 399, in wait_for_job\n    self.wait_for(lambda: self.__job_ready(job_id, history_id), maxseconds=maxseconds)\n  File \"/opt/hostedtoolcache/Python/3.12.12/x64/lib/python3.12/site-packages/galaxy/tool_util/verify/interactor.py\", line 403, in wait_for\n    wait_on(func, what, walltime_exceeded)\n  File \"/opt/hostedtoolcache/Python/3.12.12/x64/lib/python3.12/site-packages/galaxy/tool_util/verify/wait.py\", line 38, in wait_on\n    value = function()\n            ^^^^^^^^^^\n  File \"/opt/hostedtoolcache/Python/3.12.12/x64/lib/python3.12/site-packages/galaxy/tool_util/verify/interactor.py\", line 399, in \u003clambda\u003e\n    self.wait_for(lambda: self.__job_ready(job_id, history_id), maxseconds=maxseconds)\n                          ^^^^^^^^^^^^^^^^^^^^^^^^^^^^^^^^^^^^\n  File \"/opt/hostedtoolcache/Python/3.12.12/x64/lib/python3.12/site-packages/galaxy/tool_util/verify/interactor.py\", line 749, in __job_ready\n    return self._state_ready(job_id, error_msg=\"Job in error state.\")\n           ^^^^^^^^^^^^^^^^^^^^^^^^^^^^^^^^^^^^^^^^^^^^^^^^^^^^^^^^^^\n  File \"/opt/hostedtoolcache/Python/3.12.12/x64/lib/python3.12/site-packages/galaxy/tool_util/verify/interactor.py\", line 841, in _state_ready\n    raise Exception(\nException: Job in error state.. tool_id: __DATA_FETCH__, exit_code: None, stderr: .\n", "status": "error", "test_index": 0, "time_seconds": 11.486013650894165, "tool_id": "deeptools_compute_gc_bias", "tool_version": "3.5.4+galaxy0"}
            ]]></error>
        
    </testcase>
    
    <testcase classname="fastq_filter (Test #1)" name="0" time="0.09512615203857422">
        
            <error type="error" message="Input staging problem: Traceback (most recent call last):
  File "/opt/hostedtoolcache/Python/3.12.12/x64/lib/python3.12/site-packages/galaxy/tool_util/verify/interactor.py", line 1436, in verify_tool
    stage_data_in_history(
  File "/opt/hostedtoolcache/Python/3.12.12/x64/lib/python3.12/site-packages/galaxy/tool_util/verify/interactor.py", line 163, in stage_data_in_history
    test_dict = galaxy_interactor.remote_to_input(
                ^^^^^^^^^^^^^^^^^^^^^^^^^^^^^^^^^^
  File "/opt/hostedtoolcache/Python/3.12.12/x64/lib/python3.12/site-packages/galaxy/tool_util/verify/interactor.py", line 582, in remote_to_input
    path_or_location = self._get_path_or_location(
                       ^^^^^^^^^^^^^^^^^^^^^^^^^^^
  File "/opt/hostedtoolcache/Python/3.12.12/x64/lib/python3.12/site-packages/galaxy/tool_util/verify/interactor.py", line 619, in _get_path_or_location
    path = self.test_data_download(
           ^^^^^^^^^^^^^^^^^^^^^^^^
  File "/opt/hostedtoolcache/Python/3.12.12/x64/lib/python3.12/site-packages/galaxy/tool_util/verify/interactor.py", line 525, in test_data_download
    raise AssertionError(f"Test input file ({filename}) cannot be found.")
AssertionError: Test input file (sanger_full_range_original_sanger.fastqsanger) cannot be found.
"><![CDATA[
                { "execution_problem": "Input staging problem: Traceback (most recent call last):\n  File \"/opt/hostedtoolcache/Python/3.12.12/x64/lib/python3.12/site-packages/galaxy/tool_util/verify/interactor.py\", line 1436, in verify_tool\n    stage_data_in_history(\n  File \"/opt/hostedtoolcache/Python/3.12.12/x64/lib/python3.12/site-packages/galaxy/tool_util/verify/interactor.py\", line 163, in stage_data_in_history\n    test_dict = galaxy_interactor.remote_to_input(\n                ^^^^^^^^^^^^^^^^^^^^^^^^^^^^^^^^^^\n  File \"/opt/hostedtoolcache/Python/3.12.12/x64/lib/python3.12/site-packages/galaxy/tool_util/verify/interactor.py\", line 582, in remote_to_input\n    path_or_location = self._get_path_or_location(\n                       ^^^^^^^^^^^^^^^^^^^^^^^^^^^\n  File \"/opt/hostedtoolcache/Python/3.12.12/x64/lib/python3.12/site-packages/galaxy/tool_util/verify/interactor.py\", line 619, in _get_path_or_location\n    path = self.test_data_download(\n           ^^^^^^^^^^^^^^^^^^^^^^^^\n  File \"/opt/hostedtoolcache/Python/3.12.12/x64/lib/python3.12/site-packages/galaxy/tool_util/verify/interactor.py\", line 525, in test_data_download\n    raise AssertionError(f\"Test input file ({filename}) cannot be found.\")\nAssertionError: Test input file (sanger_full_range_original_sanger.fastqsanger) cannot be found.\n", "status": "error", "test_index": 0, "time_seconds": 0.09512615203857422, "tool_id": "fastq_filter", "tool_version": "1.1.5+galaxy2"}
            ]]></error>
        
    </testcase>
    
    <testcase classname="fastq_filter (Test #2)" name="1" time="0.05075407028198242">
        
            <error type="error" message="Input staging problem: Traceback (most recent call last):
  File "/opt/hostedtoolcache/Python/3.12.12/x64/lib/python3.12/site-packages/galaxy/tool_util/verify/interactor.py", line 1436, in verify_tool
    stage_data_in_history(
  File "/opt/hostedtoolcache/Python/3.12.12/x64/lib/python3.12/site-packages/galaxy/tool_util/verify/interactor.py", line 163, in stage_data_in_history
    test_dict = galaxy_interactor.remote_to_input(
                ^^^^^^^^^^^^^^^^^^^^^^^^^^^^^^^^^^
  File "/opt/hostedtoolcache/Python/3.12.12/x64/lib/python3.12/site-packages/galaxy/tool_util/verify/interactor.py", line 582, in remote_to_input
    path_or_location = self._get_path_or_location(
                       ^^^^^^^^^^^^^^^^^^^^^^^^^^^
  File "/opt/hostedtoolcache/Python/3.12.12/x64/lib/python3.12/site-packages/galaxy/tool_util/verify/interactor.py", line 619, in _get_path_or_location
    path = self.test_data_download(
           ^^^^^^^^^^^^^^^^^^^^^^^^
  File "/opt/hostedtoolcache/Python/3.12.12/x64/lib/python3.12/site-packages/galaxy/tool_util/verify/interactor.py", line 525, in test_data_download
    raise AssertionError(f"Test input file ({filename}) cannot be found.")
AssertionError: Test input file (sanger_full_range_original_sanger.fastqsanger.gz) cannot be found.
"><![CDATA[
                { "execution_problem": "Input staging problem: Traceback (most recent call last):\n  File \"/opt/hostedtoolcache/Python/3.12.12/x64/lib/python3.12/site-packages/galaxy/tool_util/verify/interactor.py\", line 1436, in verify_tool\n    stage_data_in_history(\n  File \"/opt/hostedtoolcache/Python/3.12.12/x64/lib/python3.12/site-packages/galaxy/tool_util/verify/interactor.py\", line 163, in stage_data_in_history\n    test_dict = galaxy_interactor.remote_to_input(\n                ^^^^^^^^^^^^^^^^^^^^^^^^^^^^^^^^^^\n  File \"/opt/hostedtoolcache/Python/3.12.12/x64/lib/python3.12/site-packages/galaxy/tool_util/verify/interactor.py\", line 582, in remote_to_input\n    path_or_location = self._get_path_or_location(\n                       ^^^^^^^^^^^^^^^^^^^^^^^^^^^\n  File \"/opt/hostedtoolcache/Python/3.12.12/x64/lib/python3.12/site-packages/galaxy/tool_util/verify/interactor.py\", line 619, in _get_path_or_location\n    path = self.test_data_download(\n           ^^^^^^^^^^^^^^^^^^^^^^^^\n  File \"/opt/hostedtoolcache/Python/3.12.12/x64/lib/python3.12/site-packages/galaxy/tool_util/verify/interactor.py\", line 525, in test_data_download\n    raise AssertionError(f\"Test input file ({filename}) cannot be found.\")\nAssertionError: Test input file (sanger_full_range_original_sanger.fastqsanger.gz) cannot be found.\n", "status": "error", "test_index": 1, "time_seconds": 0.05075407028198242, "tool_id": "fastq_filter", "tool_version": "1.1.5+galaxy2"}
            ]]></error>
        
    </testcase>
    
    <testcase classname="fastq_filter (Test #3)" name="2" time="0.05118584632873535">
        
            <error type="error" message="Input staging problem: Traceback (most recent call last):
  File "/opt/hostedtoolcache/Python/3.12.12/x64/lib/python3.12/site-packages/galaxy/tool_util/verify/interactor.py", line 1436, in verify_tool
    stage_data_in_history(
  File "/opt/hostedtoolcache/Python/3.12.12/x64/lib/python3.12/site-packages/galaxy/tool_util/verify/interactor.py", line 163, in stage_data_in_history
    test_dict = galaxy_interactor.remote_to_input(
                ^^^^^^^^^^^^^^^^^^^^^^^^^^^^^^^^^^
  File "/opt/hostedtoolcache/Python/3.12.12/x64/lib/python3.12/site-packages/galaxy/tool_util/verify/interactor.py", line 582, in remote_to_input
    path_or_location = self._get_path_or_location(
                       ^^^^^^^^^^^^^^^^^^^^^^^^^^^
  File "/opt/hostedtoolcache/Python/3.12.12/x64/lib/python3.12/site-packages/galaxy/tool_util/verify/interactor.py", line 619, in _get_path_or_location
    path = self.test_data_download(
           ^^^^^^^^^^^^^^^^^^^^^^^^
  File "/opt/hostedtoolcache/Python/3.12.12/x64/lib/python3.12/site-packages/galaxy/tool_util/verify/interactor.py", line 525, in test_data_download
    raise AssertionError(f"Test input file ({filename}) cannot be found.")
AssertionError: Test input file (sanger_full_range_as_cssanger.fastqcssanger) cannot be found.
"><![CDATA[
                { "execution_problem": "Input staging problem: Traceback (most recent call last):\n  File \"/opt/hostedtoolcache/Python/3.12.12/x64/lib/python3.12/site-packages/galaxy/tool_util/verify/interactor.py\", line 1436, in verify_tool\n    stage_data_in_history(\n  File \"/opt/hostedtoolcache/Python/3.12.12/x64/lib/python3.12/site-packages/galaxy/tool_util/verify/interactor.py\", line 163, in stage_data_in_history\n    test_dict = galaxy_interactor.remote_to_input(\n                ^^^^^^^^^^^^^^^^^^^^^^^^^^^^^^^^^^\n  File \"/opt/hostedtoolcache/Python/3.12.12/x64/lib/python3.12/site-packages/galaxy/tool_util/verify/interactor.py\", line 582, in remote_to_input\n    path_or_location = self._get_path_or_location(\n                       ^^^^^^^^^^^^^^^^^^^^^^^^^^^\n  File \"/opt/hostedtoolcache/Python/3.12.12/x64/lib/python3.12/site-packages/galaxy/tool_util/verify/interactor.py\", line 619, in _get_path_or_location\n    path = self.test_data_download(\n           ^^^^^^^^^^^^^^^^^^^^^^^^\n  File \"/opt/hostedtoolcache/Python/3.12.12/x64/lib/python3.12/site-packages/galaxy/tool_util/verify/interactor.py\", line 525, in test_data_download\n    raise AssertionError(f\"Test input file ({filename}) cannot be found.\")\nAssertionError: Test input file (sanger_full_range_as_cssanger.fastqcssanger) cannot be found.\n", "status": "error", "test_index": 2, "time_seconds": 0.05118584632873535, "tool_id": "fastq_filter", "tool_version": "1.1.5+galaxy2"}
            ]]></error>
        
    </testcase>
    
    <testcase classname="fastq_filter (Test #4)" name="3" time="0.05054497718811035">
        
            <error type="error" message="Input staging problem: Traceback (most recent call last):
  File "/opt/hostedtoolcache/Python/3.12.12/x64/lib/python3.12/site-packages/galaxy/tool_util/verify/interactor.py", line 1436, in verify_tool
    stage_data_in_history(
  File "/opt/hostedtoolcache/Python/3.12.12/x64/lib/python3.12/site-packages/galaxy/tool_util/verify/interactor.py", line 163, in stage_data_in_history
    test_dict = galaxy_interactor.remote_to_input(
                ^^^^^^^^^^^^^^^^^^^^^^^^^^^^^^^^^^
  File "/opt/hostedtoolcache/Python/3.12.12/x64/lib/python3.12/site-packages/galaxy/tool_util/verify/interactor.py", line 582, in remote_to_input
    path_or_location = self._get_path_or_location(
                       ^^^^^^^^^^^^^^^^^^^^^^^^^^^
  File "/opt/hostedtoolcache/Python/3.12.12/x64/lib/python3.12/site-packages/galaxy/tool_util/verify/interactor.py", line 619, in _get_path_or_location
    path = self.test_data_download(
           ^^^^^^^^^^^^^^^^^^^^^^^^
  File "/opt/hostedtoolcache/Python/3.12.12/x64/lib/python3.12/site-packages/galaxy/tool_util/verify/interactor.py", line 525, in test_data_download
    raise AssertionError(f"Test input file ({filename}) cannot be found.")
AssertionError: Test input file (sanger_full_range_original_sanger.fastqsanger) cannot be found.
"><![CDATA[
                { "execution_problem": "Input staging problem: Traceback (most recent call last):\n  File \"/opt/hostedtoolcache/Python/3.12.12/x64/lib/python3.12/site-packages/galaxy/tool_util/verify/interactor.py\", line 1436, in verify_tool\n    stage_data_in_history(\n  File \"/opt/hostedtoolcache/Python/3.12.12/x64/lib/python3.12/site-packages/galaxy/tool_util/verify/interactor.py\", line 163, in stage_data_in_history\n    test_dict = galaxy_interactor.remote_to_input(\n                ^^^^^^^^^^^^^^^^^^^^^^^^^^^^^^^^^^\n  File \"/opt/hostedtoolcache/Python/3.12.12/x64/lib/python3.12/site-packages/galaxy/tool_util/verify/interactor.py\", line 582, in remote_to_input\n    path_or_location = self._get_path_or_location(\n                       ^^^^^^^^^^^^^^^^^^^^^^^^^^^\n  File \"/opt/hostedtoolcache/Python/3.12.12/x64/lib/python3.12/site-packages/galaxy/tool_util/verify/interactor.py\", line 619, in _get_path_or_location\n    path = self.test_data_download(\n           ^^^^^^^^^^^^^^^^^^^^^^^^\n  File \"/opt/hostedtoolcache/Python/3.12.12/x64/lib/python3.12/site-packages/galaxy/tool_util/verify/interactor.py\", line 525, in test_data_download\n    raise AssertionError(f\"Test input file ({filename}) cannot be found.\")\nAssertionError: Test input file (sanger_full_range_original_sanger.fastqsanger) cannot be found.\n", "status": "error", "test_index": 3, "time_seconds": 0.05054497718811035, "tool_id": "fastq_filter", "tool_version": "1.1.5+galaxy2"}
            ]]></error>
        
    </testcase>
    
    <testcase classname="fastq_filter (Test #5)" name="4" time="0.05419921875">
        
            <error type="error" message="Input staging problem: Traceback (most recent call last):
  File "/opt/hostedtoolcache/Python/3.12.12/x64/lib/python3.12/site-packages/galaxy/tool_util/verify/interactor.py", line 1436, in verify_tool
    stage_data_in_history(
  File "/opt/hostedtoolcache/Python/3.12.12/x64/lib/python3.12/site-packages/galaxy/tool_util/verify/interactor.py", line 163, in stage_data_in_history
    test_dict = galaxy_interactor.remote_to_input(
                ^^^^^^^^^^^^^^^^^^^^^^^^^^^^^^^^^^
  File "/opt/hostedtoolcache/Python/3.12.12/x64/lib/python3.12/site-packages/galaxy/tool_util/verify/interactor.py", line 582, in remote_to_input
    path_or_location = self._get_path_or_location(
                       ^^^^^^^^^^^^^^^^^^^^^^^^^^^
  File "/opt/hostedtoolcache/Python/3.12.12/x64/lib/python3.12/site-packages/galaxy/tool_util/verify/interactor.py", line 619, in _get_path_or_location
    path = self.test_data_download(
           ^^^^^^^^^^^^^^^^^^^^^^^^
  File "/opt/hostedtoolcache/Python/3.12.12/x64/lib/python3.12/site-packages/galaxy/tool_util/verify/interactor.py", line 525, in test_data_download
    raise AssertionError(f"Test input file ({filename}) cannot be found.")
AssertionError: Test input file (sanger_full_range_original_sanger.fastqsanger) cannot be found.
"><![CDATA[
                { "execution_problem": "Input staging problem: Traceback (most recent call last):\n  File \"/opt/hostedtoolcache/Python/3.12.12/x64/lib/python3.12/site-packages/galaxy/tool_util/verify/interactor.py\", line 1436, in verify_tool\n    stage_data_in_history(\n  File \"/opt/hostedtoolcache/Python/3.12.12/x64/lib/python3.12/site-packages/galaxy/tool_util/verify/interactor.py\", line 163, in stage_data_in_history\n    test_dict = galaxy_interactor.remote_to_input(\n                ^^^^^^^^^^^^^^^^^^^^^^^^^^^^^^^^^^\n  File \"/opt/hostedtoolcache/Python/3.12.12/x64/lib/python3.12/site-packages/galaxy/tool_util/verify/interactor.py\", line 582, in remote_to_input\n    path_or_location = self._get_path_or_location(\n                       ^^^^^^^^^^^^^^^^^^^^^^^^^^^\n  File \"/opt/hostedtoolcache/Python/3.12.12/x64/lib/python3.12/site-packages/galaxy/tool_util/verify/interactor.py\", line 619, in _get_path_or_location\n    path = self.test_data_download(\n           ^^^^^^^^^^^^^^^^^^^^^^^^\n  File \"/opt/hostedtoolcache/Python/3.12.12/x64/lib/python3.12/site-packages/galaxy/tool_util/verify/interactor.py\", line 525, in test_data_download\n    raise AssertionError(f\"Test input file ({filename}) cannot be found.\")\nAssertionError: Test input file (sanger_full_range_original_sanger.fastqsanger) cannot be found.\n", "status": "error", "test_index": 4, "time_seconds": 0.05419921875, "tool_id": "fastq_filter", "tool_version": "1.1.5+galaxy2"}
            ]]></error>
        
    </testcase>
    
    <testcase classname="fastq_filter (Test #6)" name="5" time="0.0775611400604248">
        
            <error type="error" message="Input staging problem: Traceback (most recent call last):
  File "/opt/hostedtoolcache/Python/3.12.12/x64/lib/python3.12/site-packages/galaxy/tool_util/verify/interactor.py", line 1436, in verify_tool
    stage_data_in_history(
  File "/opt/hostedtoolcache/Python/3.12.12/x64/lib/python3.12/site-packages/galaxy/tool_util/verify/interactor.py", line 163, in stage_data_in_history
    test_dict = galaxy_interactor.remote_to_input(
                ^^^^^^^^^^^^^^^^^^^^^^^^^^^^^^^^^^
  File "/opt/hostedtoolcache/Python/3.12.12/x64/lib/python3.12/site-packages/galaxy/tool_util/verify/interactor.py", line 582, in remote_to_input
    path_or_location = self._get_path_or_location(
                       ^^^^^^^^^^^^^^^^^^^^^^^^^^^
  File "/opt/hostedtoolcache/Python/3.12.12/x64/lib/python3.12/site-packages/galaxy/tool_util/verify/interactor.py", line 619, in _get_path_or_location
    path = self.test_data_download(
           ^^^^^^^^^^^^^^^^^^^^^^^^
  File "/opt/hostedtoolcache/Python/3.12.12/x64/lib/python3.12/site-packages/galaxy/tool_util/verify/interactor.py", line 525, in test_data_download
    raise AssertionError(f"Test input file ({filename}) cannot be found.")
AssertionError: Test input file (sanger_full_range_original_sanger.fastqsanger) cannot be found.
"><![CDATA[
                { "execution_problem": "Input staging problem: Traceback (most recent call last):\n  File \"/opt/hostedtoolcache/Python/3.12.12/x64/lib/python3.12/site-packages/galaxy/tool_util/verify/interactor.py\", line 1436, in verify_tool\n    stage_data_in_history(\n  File \"/opt/hostedtoolcache/Python/3.12.12/x64/lib/python3.12/site-packages/galaxy/tool_util/verify/interactor.py\", line 163, in stage_data_in_history\n    test_dict = galaxy_interactor.remote_to_input(\n                ^^^^^^^^^^^^^^^^^^^^^^^^^^^^^^^^^^\n  File \"/opt/hostedtoolcache/Python/3.12.12/x64/lib/python3.12/site-packages/galaxy/tool_util/verify/interactor.py\", line 582, in remote_to_input\n    path_or_location = self._get_path_or_location(\n                       ^^^^^^^^^^^^^^^^^^^^^^^^^^^\n  File \"/opt/hostedtoolcache/Python/3.12.12/x64/lib/python3.12/site-packages/galaxy/tool_util/verify/interactor.py\", line 619, in _get_path_or_location\n    path = self.test_data_download(\n           ^^^^^^^^^^^^^^^^^^^^^^^^\n  File \"/opt/hostedtoolcache/Python/3.12.12/x64/lib/python3.12/site-packages/galaxy/tool_util/verify/interactor.py\", line 525, in test_data_download\n    raise AssertionError(f\"Test input file ({filename}) cannot be found.\")\nAssertionError: Test input file (sanger_full_range_original_sanger.fastqsanger) cannot be found.\n", "status": "error", "test_index": 5, "time_seconds": 0.0775611400604248, "tool_id": "fastq_filter", "tool_version": "1.1.5+galaxy2"}
            ]]></error>
        
    </testcase>
    
    <testcase classname="fastq_filter (Test #7)" name="6" time="0.05251598358154297">
        
            <error type="error" message="Input staging problem: Traceback (most recent call last):
  File "/opt/hostedtoolcache/Python/3.12.12/x64/lib/python3.12/site-packages/galaxy/tool_util/verify/interactor.py", line 1436, in verify_tool
    stage_data_in_history(
  File "/opt/hostedtoolcache/Python/3.12.12/x64/lib/python3.12/site-packages/galaxy/tool_util/verify/interactor.py", line 163, in stage_data_in_history
    test_dict = galaxy_interactor.remote_to_input(
                ^^^^^^^^^^^^^^^^^^^^^^^^^^^^^^^^^^
  File "/opt/hostedtoolcache/Python/3.12.12/x64/lib/python3.12/site-packages/galaxy/tool_util/verify/interactor.py", line 582, in remote_to_input
    path_or_location = self._get_path_or_location(
                       ^^^^^^^^^^^^^^^^^^^^^^^^^^^
  File "/opt/hostedtoolcache/Python/3.12.12/x64/lib/python3.12/site-packages/galaxy/tool_util/verify/interactor.py", line 619, in _get_path_or_location
    path = self.test_data_download(
           ^^^^^^^^^^^^^^^^^^^^^^^^
  File "/opt/hostedtoolcache/Python/3.12.12/x64/lib/python3.12/site-packages/galaxy/tool_util/verify/interactor.py", line 525, in test_data_download
    raise AssertionError(f"Test input file ({filename}) cannot be found.")
AssertionError: Test input file (sanger_full_range_original_sanger.fastqsanger) cannot be found.
"><![CDATA[
                { "execution_problem": "Input staging problem: Traceback (most recent call last):\n  File \"/opt/hostedtoolcache/Python/3.12.12/x64/lib/python3.12/site-packages/galaxy/tool_util/verify/interactor.py\", line 1436, in verify_tool\n    stage_data_in_history(\n  File \"/opt/hostedtoolcache/Python/3.12.12/x64/lib/python3.12/site-packages/galaxy/tool_util/verify/interactor.py\", line 163, in stage_data_in_history\n    test_dict = galaxy_interactor.remote_to_input(\n                ^^^^^^^^^^^^^^^^^^^^^^^^^^^^^^^^^^\n  File \"/opt/hostedtoolcache/Python/3.12.12/x64/lib/python3.12/site-packages/galaxy/tool_util/verify/interactor.py\", line 582, in remote_to_input\n    path_or_location = self._get_path_or_location(\n                       ^^^^^^^^^^^^^^^^^^^^^^^^^^^\n  File \"/opt/hostedtoolcache/Python/3.12.12/x64/lib/python3.12/site-packages/galaxy/tool_util/verify/interactor.py\", line 619, in _get_path_or_location\n    path = self.test_data_download(\n           ^^^^^^^^^^^^^^^^^^^^^^^^\n  File \"/opt/hostedtoolcache/Python/3.12.12/x64/lib/python3.12/site-packages/galaxy/tool_util/verify/interactor.py\", line 525, in test_data_download\n    raise AssertionError(f\"Test input file ({filename}) cannot be found.\")\nAssertionError: Test input file (sanger_full_range_original_sanger.fastqsanger) cannot be found.\n", "status": "error", "test_index": 6, "time_seconds": 0.05251598358154297, "tool_id": "fastq_filter", "tool_version": "1.1.5+galaxy2"}
            ]]></error>
        
    </testcase>
    
    <testcase classname="fastq_filter (Test #8)" name="7" time="0.05107998847961426">
        
            <error type="error" message="Input staging problem: Traceback (most recent call last):
  File "/opt/hostedtoolcache/Python/3.12.12/x64/lib/python3.12/site-packages/galaxy/tool_util/verify/interactor.py", line 1436, in verify_tool
    stage_data_in_history(
  File "/opt/hostedtoolcache/Python/3.12.12/x64/lib/python3.12/site-packages/galaxy/tool_util/verify/interactor.py", line 163, in stage_data_in_history
    test_dict = galaxy_interactor.remote_to_input(
                ^^^^^^^^^^^^^^^^^^^^^^^^^^^^^^^^^^
  File "/opt/hostedtoolcache/Python/3.12.12/x64/lib/python3.12/site-packages/galaxy/tool_util/verify/interactor.py", line 582, in remote_to_input
    path_or_location = self._get_path_or_location(
                       ^^^^^^^^^^^^^^^^^^^^^^^^^^^
  File "/opt/hostedtoolcache/Python/3.12.12/x64/lib/python3.12/site-packages/galaxy/tool_util/verify/interactor.py", line 619, in _get_path_or_location
    path = self.test_data_download(
           ^^^^^^^^^^^^^^^^^^^^^^^^
  File "/opt/hostedtoolcache/Python/3.12.12/x64/lib/python3.12/site-packages/galaxy/tool_util/verify/interactor.py", line 525, in test_data_download
    raise AssertionError(f"Test input file ({filename}) cannot be found.")
AssertionError: Test input file (sanger_full_range_original_sanger.fastqsanger) cannot be found.
"><![CDATA[
                { "execution_problem": "Input staging problem: Traceback (most recent call last):\n  File \"/opt/hostedtoolcache/Python/3.12.12/x64/lib/python3.12/site-packages/galaxy/tool_util/verify/interactor.py\", line 1436, in verify_tool\n    stage_data_in_history(\n  File \"/opt/hostedtoolcache/Python/3.12.12/x64/lib/python3.12/site-packages/galaxy/tool_util/verify/interactor.py\", line 163, in stage_data_in_history\n    test_dict = galaxy_interactor.remote_to_input(\n                ^^^^^^^^^^^^^^^^^^^^^^^^^^^^^^^^^^\n  File \"/opt/hostedtoolcache/Python/3.12.12/x64/lib/python3.12/site-packages/galaxy/tool_util/verify/interactor.py\", line 582, in remote_to_input\n    path_or_location = self._get_path_or_location(\n                       ^^^^^^^^^^^^^^^^^^^^^^^^^^^\n  File \"/opt/hostedtoolcache/Python/3.12.12/x64/lib/python3.12/site-packages/galaxy/tool_util/verify/interactor.py\", line 619, in _get_path_or_location\n    path = self.test_data_download(\n           ^^^^^^^^^^^^^^^^^^^^^^^^\n  File \"/opt/hostedtoolcache/Python/3.12.12/x64/lib/python3.12/site-packages/galaxy/tool_util/verify/interactor.py\", line 525, in test_data_download\n    raise AssertionError(f\"Test input file ({filename}) cannot be found.\")\nAssertionError: Test input file (sanger_full_range_original_sanger.fastqsanger) cannot be found.\n", "status": "error", "test_index": 7, "time_seconds": 0.05107998847961426, "tool_id": "fastq_filter", "tool_version": "1.1.5+galaxy2"}
            ]]></error>
        
    </testcase>
    
    <testcase classname="fastq_filter (Test #9)" name="8" time="0.05203056335449219">
        
            <error type="error" message="Input staging problem: Traceback (most recent call last):
  File "/opt/hostedtoolcache/Python/3.12.12/x64/lib/python3.12/site-packages/galaxy/tool_util/verify/interactor.py", line 1436, in verify_tool
    stage_data_in_history(
  File "/opt/hostedtoolcache/Python/3.12.12/x64/lib/python3.12/site-packages/galaxy/tool_util/verify/interactor.py", line 163, in stage_data_in_history
    test_dict = galaxy_interactor.remote_to_input(
                ^^^^^^^^^^^^^^^^^^^^^^^^^^^^^^^^^^
  File "/opt/hostedtoolcache/Python/3.12.12/x64/lib/python3.12/site-packages/galaxy/tool_util/verify/interactor.py", line 582, in remote_to_input
    path_or_location = self._get_path_or_location(
                       ^^^^^^^^^^^^^^^^^^^^^^^^^^^
  File "/opt/hostedtoolcache/Python/3.12.12/x64/lib/python3.12/site-packages/galaxy/tool_util/verify/interactor.py", line 619, in _get_path_or_location
    path = self.test_data_download(
           ^^^^^^^^^^^^^^^^^^^^^^^^
  File "/opt/hostedtoolcache/Python/3.12.12/x64/lib/python3.12/site-packages/galaxy/tool_util/verify/interactor.py", line 525, in test_data_download
    raise AssertionError(f"Test input file ({filename}) cannot be found.")
AssertionError: Test input file (sanger_full_range_original_sanger.fastqsanger) cannot be found.
"><![CDATA[
                { "execution_problem": "Input staging problem: Traceback (most recent call last):\n  File \"/opt/hostedtoolcache/Python/3.12.12/x64/lib/python3.12/site-packages/galaxy/tool_util/verify/interactor.py\", line 1436, in verify_tool\n    stage_data_in_history(\n  File \"/opt/hostedtoolcache/Python/3.12.12/x64/lib/python3.12/site-packages/galaxy/tool_util/verify/interactor.py\", line 163, in stage_data_in_history\n    test_dict = galaxy_interactor.remote_to_input(\n                ^^^^^^^^^^^^^^^^^^^^^^^^^^^^^^^^^^\n  File \"/opt/hostedtoolcache/Python/3.12.12/x64/lib/python3.12/site-packages/galaxy/tool_util/verify/interactor.py\", line 582, in remote_to_input\n    path_or_location = self._get_path_or_location(\n                       ^^^^^^^^^^^^^^^^^^^^^^^^^^^\n  File \"/opt/hostedtoolcache/Python/3.12.12/x64/lib/python3.12/site-packages/galaxy/tool_util/verify/interactor.py\", line 619, in _get_path_or_location\n    path = self.test_data_download(\n           ^^^^^^^^^^^^^^^^^^^^^^^^\n  File \"/opt/hostedtoolcache/Python/3.12.12/x64/lib/python3.12/site-packages/galaxy/tool_util/verify/interactor.py\", line 525, in test_data_download\n    raise AssertionError(f\"Test input file ({filename}) cannot be found.\")\nAssertionError: Test input file (sanger_full_range_original_sanger.fastqsanger) cannot be found.\n", "status": "error", "test_index": 8, "time_seconds": 0.05203056335449219, "tool_id": "fastq_filter", "tool_version": "1.1.5+galaxy2"}
            ]]></error>
        
    </testcase>
    
    <testcase classname="limma_voom (Test #1)" name="0" time="105.11052560806274">
        
            
            <system-out><![CDATA[
            Warning message:In Sys.setlocale("LC_MESSAGES", "en_US.UTF-8") :  OS reports request to set locale to "en_US.UTF-8" cannot be honored[1] "Extracting counts"[1] "Generating DGEList object"[1] "Generating Design"[1] "Calculating Normalisation Factors"[1] "Generating Contrasts"[1] "Generating MDS plot"[1] "Generating DE results"
            ]]></system-out>
            <system-err><![CDATA[
            Warning message:In Sys.setlocale("LC_MESSAGES", "en_US.UTF-8") :  OS reports request to set locale to "en_US.UTF-8" cannot be honored
            ]]></system-err>
        
    </testcase>
    
    <testcase classname="limma_voom (Test #2)" name="1" time="10.872144937515259">
        
            <error type="error" message="Input staging problem: Traceback (most recent call last):
  File "/opt/hostedtoolcache/Python/3.12.12/x64/lib/python3.12/site-packages/galaxy/tool_util/verify/interactor.py", line 1436, in verify_tool
    stage_data_in_history(
  File "/opt/hostedtoolcache/Python/3.12.12/x64/lib/python3.12/site-packages/galaxy/tool_util/verify/interactor.py", line 175, in stage_data_in_history
    staging_interface.handle_jobs()
  File "/opt/hostedtoolcache/Python/3.12.12/x64/lib/python3.12/site-packages/galaxy/tool_util/verify/interactor.py", line 212, in handle_jobs
    self.galaxy_interactor.wait_for_job(job_response["id"], job_response["history_id"], self.maxseconds)
  File "/opt/hostedtoolcache/Python/3.12.12/x64/lib/python3.12/site-packages/galaxy/tool_util/verify/interactor.py", line 399, in wait_for_job
    self.wait_for(lambda: self.__job_ready(job_id, history_id), maxseconds=maxseconds)
  File "/opt/hostedtoolcache/Python/3.12.12/x64/lib/python3.12/site-packages/galaxy/tool_util/verify/interactor.py", line 403, in wait_for
    wait_on(func, what, walltime_exceeded)
  File "/opt/hostedtoolcache/Python/3.12.12/x64/lib/python3.12/site-packages/galaxy/tool_util/verify/wait.py", line 38, in wait_on
    value = function()
            ^^^^^^^^^^
  File "/opt/hostedtoolcache/Python/3.12.12/x64/lib/python3.12/site-packages/galaxy/tool_util/verify/interactor.py", line 399, in <lambda>
    self.wait_for(lambda: self.__job_ready(job_id, history_id), maxseconds=maxseconds)
                          ^^^^^^^^^^^^^^^^^^^^^^^^^^^^^^^^^^^^
  File "/opt/hostedtoolcache/Python/3.12.12/x64/lib/python3.12/site-packages/galaxy/tool_util/verify/interactor.py", line 749, in __job_ready
    return self._state_ready(job_id, error_msg="Job in error state.")
           ^^^^^^^^^^^^^^^^^^^^^^^^^^^^^^^^^^^^^^^^^^^^^^^^^^^^^^^^^^
  File "/opt/hostedtoolcache/Python/3.12.12/x64/lib/python3.12/site-packages/galaxy/tool_util/verify/interactor.py", line 841, in _state_ready
    raise Exception(
Exception: Job in error state.. tool_id: __DATA_FETCH__, exit_code: None, stderr: .
"><![CDATA[
                { "execution_problem": "Input staging problem: Traceback (most recent call last):\n  File \"/opt/hostedtoolcache/Python/3.12.12/x64/lib/python3.12/site-packages/galaxy/tool_util/verify/interactor.py\", line 1436, in verify_tool\n    stage_data_in_history(\n  File \"/opt/hostedtoolcache/Python/3.12.12/x64/lib/python3.12/site-packages/galaxy/tool_util/verify/interactor.py\", line 175, in stage_data_in_history\n    staging_interface.handle_jobs()\n  File \"/opt/hostedtoolcache/Python/3.12.12/x64/lib/python3.12/site-packages/galaxy/tool_util/verify/interactor.py\", line 212, in handle_jobs\n    self.galaxy_interactor.wait_for_job(job_response[\"id\"], job_response[\"history_id\"], self.maxseconds)\n  File \"/opt/hostedtoolcache/Python/3.12.12/x64/lib/python3.12/site-packages/galaxy/tool_util/verify/interactor.py\", line 399, in wait_for_job\n    self.wait_for(lambda: self.__job_ready(job_id, history_id), maxseconds=maxseconds)\n  File \"/opt/hostedtoolcache/Python/3.12.12/x64/lib/python3.12/site-packages/galaxy/tool_util/verify/interactor.py\", line 403, in wait_for\n    wait_on(func, what, walltime_exceeded)\n  File \"/opt/hostedtoolcache/Python/3.12.12/x64/lib/python3.12/site-packages/galaxy/tool_util/verify/wait.py\", line 38, in wait_on\n    value = function()\n            ^^^^^^^^^^\n  File \"/opt/hostedtoolcache/Python/3.12.12/x64/lib/python3.12/site-packages/galaxy/tool_util/verify/interactor.py\", line 399, in \u003clambda\u003e\n    self.wait_for(lambda: self.__job_ready(job_id, history_id), maxseconds=maxseconds)\n                          ^^^^^^^^^^^^^^^^^^^^^^^^^^^^^^^^^^^^\n  File \"/opt/hostedtoolcache/Python/3.12.12/x64/lib/python3.12/site-packages/galaxy/tool_util/verify/interactor.py\", line 749, in __job_ready\n    return self._state_ready(job_id, error_msg=\"Job in error state.\")\n           ^^^^^^^^^^^^^^^^^^^^^^^^^^^^^^^^^^^^^^^^^^^^^^^^^^^^^^^^^^\n  File \"/opt/hostedtoolcache/Python/3.12.12/x64/lib/python3.12/site-packages/galaxy/tool_util/verify/interactor.py\", line 841, in _state_ready\n    raise Exception(\nException: Job in error state.. tool_id: __DATA_FETCH__, exit_code: None, stderr: .\n", "status": "error", "test_index": 1, "time_seconds": 10.872144937515259, "tool_id": "limma_voom", "tool_version": "3.58.1+galaxy0"}
            ]]></error>
        
    </testcase>
    
    <testcase classname="limma_voom (Test #11)" name="10" time="50.166115045547485">
        
            
            <system-out><![CDATA[
            Warning message:In Sys.setlocale("LC_MESSAGES", "en_US.UTF-8") :  OS reports request to set locale to "en_US.UTF-8" cannot be honored[1] "Extracting counts"[1] "Generating DGEList object"[1] "Generating Design"[1] "Calculating Normalisation Factors"[1] "Generating Contrasts"[1] "Generating MDS plot"[1] "Generating DE results"
            ]]></system-out>
            <system-err><![CDATA[
            Warning message:In Sys.setlocale("LC_MESSAGES", "en_US.UTF-8") :  OS reports request to set locale to "en_US.UTF-8" cannot be honored
            ]]></system-err>
        
    </testcase>
    
    <testcase classname="limma_voom (Test #3)" name="2" time="49.43108868598938">
        
            
            <system-out><![CDATA[
            Warning message:In Sys.setlocale("LC_MESSAGES", "en_US.UTF-8") :  OS reports request to set locale to "en_US.UTF-8" cannot be honored[1] "Extracting counts"[1] "Generating DGEList object"[1] "Generating Design"[1] "Calculating Normalisation Factors"[1] "Generating Contrasts"[1] "Generating MDS plot"[1] "Generating DE results"[1] "Saving RData"
            ]]></system-out>
            <system-err><![CDATA[
            Warning message:In Sys.setlocale("LC_MESSAGES", "en_US.UTF-8") :  OS reports request to set locale to "en_US.UTF-8" cannot be honored
            ]]></system-err>
        
    </testcase>
    
    <testcase classname="limma_voom (Test #4)" name="3" time="42.4297833442688">
        
            
                <error type="error" message="Tool exit code: None"><![CDATA[
                    { "inputs": {  "adv|normalisationOption": "TMM",  "adv|topgenes": "6",  "cont|cfile": "no",  "cont|rep_contrast_0|contrast": "Mut-WT",  "input|counts": {   "id": "3bf92fb44bef9d91",   "src": "hda"  },  "input|fact|rep_factor_0|factorName": "Genotype",  "input|fact|rep_factor_0|groupNames": "Mut,Mut,Mut,WT,WT,WT",  "input|fact|rep_factor_1|factorName": "Batch",  "input|fact|rep_factor_1|groupNames": "b1,b2,b3,b1,b2,b3",  "input|format": "matrix" }, "job": {  "command_line": "Rscript \u0027/cvmfs/cloud.galaxyproject.org/tools/toolshed.g2.bx.psu.edu/repos/iuc/limma_voom/119b069fc845/limma_voom/limma_voom.R\u0027  -R \u0027/galaxy/server/database/objects/5/2/c/dataset_52c7c9b4-4c69-47ac-a47c-195e90977cb4.dat\u0027 -o \u0027/galaxy/server/database/objects/5/2/c/dataset_52c7c9b4-4c69-47ac-a47c-195e90977cb4_files\u0027  -m \u0027/galaxy/server/database/objects/a/d/8/dataset_ad84791e-7f3b-4fe9-808b-039fd12b4d20.dat\u0027 -i \u0027Genotype::Mut,Mut,Mut,WT,WT,WT|Batch::b1,b2,b3,b1,b2,b3\u0027   -D \u0027Mut-WT\u0027   -P i       -l \u00270.0\u0027 -p \u00270.05\u0027 -d \u0027BH\u0027 -G \u00276\u0027   -n \u0027TMM\u0027  -b  \u0026\u0026 mkdir ./output_dir  \u0026\u0026 cp \u0027/galaxy/server/database/objects/5/2/c/dataset_52c7c9b4-4c69-47ac-a47c-195e90977cb4_files\u0027/*tsv output_dir/  \u0026\u0026 cp -r ./glimma* \u0027/galaxy/server/database/objects/5/2/c/dataset_52c7c9b4-4c69-47ac-a47c-195e90977cb4_files\u0027",  "command_version": null,  "copied_from_job_id": null,  "create_time": "2025-11-17T01:18:25.899433",  "dependencies": [],  "exit_code": null,  "external_id": "gxy-zxzbr",  "galaxy_version": "24.1",  "handler": null,  "history_id": "4d10dede65937832",  "id": "9485481b4a5413ba",  "inputs": {   "input|counts": {    "id": "3bf92fb44bef9d91",    "src": "hda",    "uuid": "ad84791e-7f3b-4fe9-808b-039fd12b4d20"   }  },  "job_messages": null,  "job_metrics": [],  "job_runner_name": null,  "job_stderr": null,  "job_stdout": null,  "model_class": "Job",  "output_collections": {   "outTables": {    "id": "bb3aaf6d3b83a9c9",    "src": "hdca"   }  },  "outputs": {   "outReport": {    "id": "0ff751046a7f2e65",    "src": "hda",    "uuid": "52c7c9b4-4c69-47ac-a47c-195e90977cb4"   }  },  "params": {   "__input_ext": "\"input\"",   "adv": "{\"lfc\": \"0.0\", \"normalisationOption\": \"TMM\", \"pAdjust\": \"BH\", \"pVal\": \"0.05\", \"robOption\": true, \"topgenes\": \"6\", \"treat\": false}",   "anno": "{\"__current_case__\": 1, \"annoOpt\": \"no\"}",   "chromInfo": "\"/cvmfs/data.galaxyproject.org/managed/len/ucsc/?.len\"",   "cont": "{\"__current_case__\": 1, \"cfile\": \"no\", \"rep_contrast\": [{\"__index__\": 0, \"contrast\": \"Mut-WT\"}]}",   "dbkey": "\"?\"",   "deMethod": "{\"__current_case__\": 0, \"de_select\": \"voom\", \"weightOption\": false}",   "f": "{\"filt\": {\"__current_case__\": 1, \"filt_select\": \"no\"}}",   "input": "{\"__current_case__\": 1, \"counts\": {\"values\": [{\"id\": 89, \"src\": \"hda\"}]}, \"fact\": {\"__current_case__\": 1, \"ffile\": \"no\", \"rep_factor\": [{\"__index__\": 0, \"factorName\": \"Genotype\", \"groupNames\": \"Mut,Mut,Mut,WT,WT,WT\"}, {\"__index__\": 1, \"factorName\": \"Batch\", \"groupNames\": \"b1,b2,b3,b1,b2,b3\"}]}, \"format\": \"matrix\"}",   "out": "{\"filtCounts\": false, \"libinfo\": false, \"normCounts\": false, \"plots\": \"i\", \"rdaOption\": false, \"rscript\": false}"  },  "state": "error",  "stderr": "Warning message:\nIn Sys.setlocale(\"LC_MESSAGES\", \"en_US.UTF-8\") :\n  OS reports request to set locale to \"en_US.UTF-8\" cannot be honored\n",  "stdout": "Warning message:\nIn Sys.setlocale(\"LC_MESSAGES\", \"en_US.UTF-8\") :\n  OS reports request to set locale to \"en_US.UTF-8\" cannot be honored\n[1] \"Extracting counts\"\n[1] \"Generating DGEList object\"\n[1] \"Generating Design\"\n[1] \"Calculating Normalisation Factors\"\n[1] \"Generating Contrasts\"\n[1] \"Generating MDS plot\"\n[1] \"Generating DE results\"\n",  "tool_id": "toolshed.g2.bx.psu.edu/repos/iuc/limma_voom/limma_voom/3.58.1+galaxy0",  "tool_stderr": "Warning message:\nIn Sys.setlocale(\"LC_MESSAGES\", \"en_US.UTF-8\") :\n  OS reports request to set locale to \"en_US.UTF-8\" cannot be honored\n",  "tool_stdout": "Warning message:\nIn Sys.setlocale(\"LC_MESSAGES\", \"en_US.UTF-8\") :\n  OS reports request to set locale to \"en_US.UTF-8\" cannot be honored\n[1] \"Extracting counts\"\n[1] \"Generating DGEList object\"\n[1] \"Generating Design\"\n[1] \"Calculating Normalisation Factors\"\n[1] \"Generating Contrasts\"\n[1] \"Generating MDS plot\"\n[1] \"Generating DE results\"\n",  "update_time": "2025-11-17T01:18:48.704403",  "user_email": "tests@fake.org" }, "output_problems": [  "Job in error state.. tool_id: toolshed.g2.bx.psu.edu/repos/iuc/limma_voom/limma_voom/3.58.1+galaxy0, exit_code: None, stderr: Warning message:\nIn Sys.setlocale(\"LC_MESSAGES\", \"en_US.UTF-8\") :\n  OS reports request to set locale to \"en_US.UTF-8\" cannot be honored\n.",  "Output collection \u0027outTables\u0027: expected to have 1 elements, but it had 0." ], "status": "failure", "test_index": 3, "time_seconds": 42.4297833442688, "tool_id": "limma_voom", "tool_version": "3.58.1+galaxy0"}
                ]]></error>
            
            <system-out><![CDATA[
            Warning message:In Sys.setlocale("LC_MESSAGES", "en_US.UTF-8") :  OS reports request to set locale to "en_US.UTF-8" cannot be honored[1] "Extracting counts"[1] "Generating DGEList object"[1] "Generating Design"[1] "Calculating Normalisation Factors"[1] "Generating Contrasts"[1] "Generating MDS plot"[1] "Generating DE results"
            ]]></system-out>
            <system-err><![CDATA[
            Warning message:In Sys.setlocale("LC_MESSAGES", "en_US.UTF-8") :  OS reports request to set locale to "en_US.UTF-8" cannot be honored
            ]]></system-err>
        
    </testcase>
    
    <testcase classname="limma_voom (Test #5)" name="4" time="49.70847845077515">
        
            
            <system-out><![CDATA[
            Warning message:In Sys.setlocale("LC_MESSAGES", "en_US.UTF-8") :  OS reports request to set locale to "en_US.UTF-8" cannot be honored[1] "Extracting counts"[1] "Generating DGEList object"[1] "Generating Design"[1] "Calculating Normalisation Factors"[1] "Generating Contrasts"[1] "Generating MDS plot"[1] "Generating DE results"
            ]]></system-out>
            <system-err><![CDATA[
            Warning message:In Sys.setlocale("LC_MESSAGES", "en_US.UTF-8") :  OS reports request to set locale to "en_US.UTF-8" cannot be honored
            ]]></system-err>
        
    </testcase>
    
    <testcase classname="limma_voom (Test #6)" name="5" time="40.662436723709106">
        
            
                <error type="error" message="Tool exit code: None"><![CDATA[
                    { "inputs": {  "adv|normalisationOption": "TMM",  "adv|topgenes": "6",  "cont|cfile": "no",  "cont|rep_contrast_0|contrast": "Mut-WT",  "f|filt|cformat|cntReq": "10",  "f|filt|cformat|format_select": "counts",  "f|filt|cformat|samples|cntSampleReq": "3",  "f|filt|cformat|samples|count_select": "sample",  "f|filt|filt_select": "yes",  "input|counts": {   "id": "39130f870b2ceaf0",   "src": "hda"  },  "input|fact|rep_factor_0|factorName": "Genotype",  "input|fact|rep_factor_0|groupNames": "Mut,Mut,Mut,WT,WT,WT",  "input|format": "matrix",  "out|filtCounts": true,  "out|normCounts": true }, "job": {  "command_line": "Rscript \u0027/cvmfs/cloud.galaxyproject.org/tools/toolshed.g2.bx.psu.edu/repos/iuc/limma_voom/119b069fc845/limma_voom/limma_voom.R\u0027  -R \u0027/galaxy/server/database/objects/2/c/a/dataset_2ca98607-5119-4409-91ba-7e5507c5d6b3.dat\u0027 -o \u0027/galaxy/server/database/objects/2/c/a/dataset_2ca98607-5119-4409-91ba-7e5507c5d6b3_files\u0027  -m \u0027/galaxy/server/database/objects/8/e/1/dataset_8e1f0931-db6e-4275-b564-ed85805ce0d8.dat\u0027 -i \u0027Genotype::Mut,Mut,Mut,WT,WT,WT\u0027   -D \u0027Mut-WT\u0027  -z \u002710\u0027 -s \u00273\u0027  -P i  -F  -x     -l \u00270.0\u0027 -p \u00270.05\u0027 -d \u0027BH\u0027 -G \u00276\u0027   -n \u0027TMM\u0027  -b  \u0026\u0026 mkdir ./output_dir  \u0026\u0026 cp \u0027/galaxy/server/database/objects/2/c/a/dataset_2ca98607-5119-4409-91ba-7e5507c5d6b3_files\u0027/*tsv output_dir/  \u0026\u0026 cp -r ./glimma* \u0027/galaxy/server/database/objects/2/c/a/dataset_2ca98607-5119-4409-91ba-7e5507c5d6b3_files\u0027  \u0026\u0026 cp \u0027/galaxy/server/database/objects/2/c/a/dataset_2ca98607-5119-4409-91ba-7e5507c5d6b3_files\u0027/*counts output_dir/",  "command_version": null,  "copied_from_job_id": null,  "create_time": "2025-11-17T01:19:56.658103",  "dependencies": [],  "exit_code": null,  "external_id": "gxy-n54kf",  "galaxy_version": "24.1",  "handler": null,  "history_id": "4d10dede65937832",  "id": "0ff751046a7f2e65",  "inputs": {   "input|counts": {    "id": "39130f870b2ceaf0",    "src": "hda",    "uuid": "8e1f0931-db6e-4275-b564-ed85805ce0d8"   }  },  "job_messages": null,  "job_metrics": [],  "job_runner_name": null,  "job_stderr": null,  "job_stdout": null,  "model_class": "Job",  "output_collections": {   "outTables": {    "id": "d613554602b06f02",    "src": "hdca"   }  },  "outputs": {   "outFilt": {    "id": "85742bd66bae809e",    "src": "hda",    "uuid": "9b663b1e-e588-4323-948b-9661ea8de731"   },   "outNorm": {    "id": "80fe70d9c0c3fc95",    "src": "hda",    "uuid": "3bfd3381-b453-42d1-a85e-58c832a2c89f"   },   "outReport": {    "id": "96f468be197da028",    "src": "hda",    "uuid": "2ca98607-5119-4409-91ba-7e5507c5d6b3"   }  },  "params": {   "__input_ext": "\"input\"",   "adv": "{\"lfc\": \"0.0\", \"normalisationOption\": \"TMM\", \"pAdjust\": \"BH\", \"pVal\": \"0.05\", \"robOption\": true, \"topgenes\": \"6\", \"treat\": false}",   "anno": "{\"__current_case__\": 1, \"annoOpt\": \"no\"}",   "chromInfo": "\"/cvmfs/data.galaxyproject.org/managed/len/ucsc/?.len\"",   "cont": "{\"__current_case__\": 1, \"cfile\": \"no\", \"rep_contrast\": [{\"__index__\": 0, \"contrast\": \"Mut-WT\"}]}",   "dbkey": "\"?\"",   "deMethod": "{\"__current_case__\": 0, \"de_select\": \"voom\", \"weightOption\": false}",   "f": "{\"filt\": {\"__current_case__\": 0, \"cformat\": {\"__current_case__\": 1, \"cntReq\": \"10\", \"format_select\": \"counts\", \"samples\": {\"__current_case__\": 1, \"cntSampleReq\": \"3\", \"count_select\": \"sample\"}}, \"filt_select\": \"yes\"}}",   "input": "{\"__current_case__\": 1, \"counts\": {\"values\": [{\"id\": 95, \"src\": \"hda\"}]}, \"fact\": {\"__current_case__\": 1, \"ffile\": \"no\", \"rep_factor\": [{\"__index__\": 0, \"factorName\": \"Genotype\", \"groupNames\": \"Mut,Mut,Mut,WT,WT,WT\"}]}, \"format\": \"matrix\"}",   "out": "{\"filtCounts\": true, \"libinfo\": false, \"normCounts\": true, \"plots\": \"i\", \"rdaOption\": false, \"rscript\": false}"  },  "state": "error",  "stderr": "Warning message:\nIn Sys.setlocale(\"LC_MESSAGES\", \"en_US.UTF-8\") :\n  OS reports request to set locale to \"en_US.UTF-8\" cannot be honored\n",  "stdout": "Warning message:\nIn Sys.setlocale(\"LC_MESSAGES\", \"en_US.UTF-8\") :\n  OS reports request to set locale to \"en_US.UTF-8\" cannot be honored\n[1] \"Extracting counts\"\n[1] \"Outputting filtered counts\"\n[1] \"Generating DGEList object\"\n[1] \"Generating Design\"\n[1] \"Calculating Normalisation Factors\"\n[1] \"Generating Contrasts\"\n[1] \"Generating MDS plot\"\n[1] \"Generating DE results\"\n",  "tool_id": "toolshed.g2.bx.psu.edu/repos/iuc/limma_voom/limma_voom/3.58.1+galaxy0",  "tool_stderr": "Warning message:\nIn Sys.setlocale(\"LC_MESSAGES\", \"en_US.UTF-8\") :\n  OS reports request to set locale to \"en_US.UTF-8\" cannot be honored\n",  "tool_stdout": "Warning message:\nIn Sys.setlocale(\"LC_MESSAGES\", \"en_US.UTF-8\") :\n  OS reports request to set locale to \"en_US.UTF-8\" cannot be honored\n[1] \"Extracting counts\"\n[1] \"Outputting filtered counts\"\n[1] \"Generating DGEList object\"\n[1] \"Generating Design\"\n[1] \"Calculating Normalisation Factors\"\n[1] \"Generating Contrasts\"\n[1] \"Generating MDS plot\"\n[1] \"Generating DE results\"\n",  "update_time": "2025-11-17T01:20:19.156037",  "user_email": "tests@fake.org" }, "output_problems": [  "Job in error state.. tool_id: toolshed.g2.bx.psu.edu/repos/iuc/limma_voom/limma_voom/3.58.1+galaxy0, exit_code: None, stderr: Warning message:\nIn Sys.setlocale(\"LC_MESSAGES\", \"en_US.UTF-8\") :\n  OS reports request to set locale to \"en_US.UTF-8\" cannot be honored\n.",  "Job in error state.. tool_id: toolshed.g2.bx.psu.edu/repos/iuc/limma_voom/limma_voom/3.58.1+galaxy0, exit_code: None, stderr: Warning message:\nIn Sys.setlocale(\"LC_MESSAGES\", \"en_US.UTF-8\") :\n  OS reports request to set locale to \"en_US.UTF-8\" cannot be honored\n.",  "Job in error state.. tool_id: toolshed.g2.bx.psu.edu/repos/iuc/limma_voom/limma_voom/3.58.1+galaxy0, exit_code: None, stderr: Warning message:\nIn Sys.setlocale(\"LC_MESSAGES\", \"en_US.UTF-8\") :\n  OS reports request to set locale to \"en_US.UTF-8\" cannot be honored\n.",  "Output collection \u0027outTables\u0027: expected to have 1 elements, but it had 0." ], "status": "failure", "test_index": 5, "time_seconds": 40.662436723709106, "tool_id": "limma_voom", "tool_version": "3.58.1+galaxy0"}
                ]]></error>
            
            <system-out><![CDATA[
            Warning message:In Sys.setlocale("LC_MESSAGES", "en_US.UTF-8") :  OS reports request to set locale to "en_US.UTF-8" cannot be honored[1] "Extracting counts"[1] "Outputting filtered counts"[1] "Generating DGEList object"[1] "Generating Design"[1] "Calculating Normalisation Factors"[1] "Generating Contrasts"[1] "Generating MDS plot"[1] "Generating DE results"
            ]]></system-out>
            <system-err><![CDATA[
            Warning message:In Sys.setlocale("LC_MESSAGES", "en_US.UTF-8") :  OS reports request to set locale to "en_US.UTF-8" cannot be honored
            ]]></system-err>
        
    </testcase>
    
    <testcase classname="limma_voom (Test #7)" name="6" time="70.43414092063904">
        
            
            <system-out><![CDATA[
            Warning message:In Sys.setlocale("LC_MESSAGES", "en_US.UTF-8") :  OS reports request to set locale to "en_US.UTF-8" cannot be honored[1] "Extracting counts"[1] "Generating DGEList object"[1] "Generating Design"[1] "Calculating Normalisation Factors"[1] "Generating Contrasts"[1] "Generating MDS plot"[1] "Generating DE results"
            ]]></system-out>
            <system-err><![CDATA[
            Warning message:In Sys.setlocale("LC_MESSAGES", "en_US.UTF-8") :  OS reports request to set locale to "en_US.UTF-8" cannot be honored
            ]]></system-err>
        
    </testcase>
    
    <testcase classname="limma_voom (Test #8)" name="7" time="9.735620975494385">
        
            <error type="error" message="Input staging problem: Traceback (most recent call last):
  File "/opt/hostedtoolcache/Python/3.12.12/x64/lib/python3.12/site-packages/galaxy/tool_util/verify/interactor.py", line 1436, in verify_tool
    stage_data_in_history(
  File "/opt/hostedtoolcache/Python/3.12.12/x64/lib/python3.12/site-packages/galaxy/tool_util/verify/interactor.py", line 175, in stage_data_in_history
    staging_interface.handle_jobs()
  File "/opt/hostedtoolcache/Python/3.12.12/x64/lib/python3.12/site-packages/galaxy/tool_util/verify/interactor.py", line 212, in handle_jobs
    self.galaxy_interactor.wait_for_job(job_response["id"], job_response["history_id"], self.maxseconds)
  File "/opt/hostedtoolcache/Python/3.12.12/x64/lib/python3.12/site-packages/galaxy/tool_util/verify/interactor.py", line 399, in wait_for_job
    self.wait_for(lambda: self.__job_ready(job_id, history_id), maxseconds=maxseconds)
  File "/opt/hostedtoolcache/Python/3.12.12/x64/lib/python3.12/site-packages/galaxy/tool_util/verify/interactor.py", line 403, in wait_for
    wait_on(func, what, walltime_exceeded)
  File "/opt/hostedtoolcache/Python/3.12.12/x64/lib/python3.12/site-packages/galaxy/tool_util/verify/wait.py", line 38, in wait_on
    value = function()
            ^^^^^^^^^^
  File "/opt/hostedtoolcache/Python/3.12.12/x64/lib/python3.12/site-packages/galaxy/tool_util/verify/interactor.py", line 399, in <lambda>
    self.wait_for(lambda: self.__job_ready(job_id, history_id), maxseconds=maxseconds)
                          ^^^^^^^^^^^^^^^^^^^^^^^^^^^^^^^^^^^^
  File "/opt/hostedtoolcache/Python/3.12.12/x64/lib/python3.12/site-packages/galaxy/tool_util/verify/interactor.py", line 749, in __job_ready
    return self._state_ready(job_id, error_msg="Job in error state.")
           ^^^^^^^^^^^^^^^^^^^^^^^^^^^^^^^^^^^^^^^^^^^^^^^^^^^^^^^^^^
  File "/opt/hostedtoolcache/Python/3.12.12/x64/lib/python3.12/site-packages/galaxy/tool_util/verify/interactor.py", line 841, in _state_ready
    raise Exception(
Exception: Job in error state.. tool_id: __DATA_FETCH__, exit_code: None, stderr: .
"><![CDATA[
                { "execution_problem": "Input staging problem: Traceback (most recent call last):\n  File \"/opt/hostedtoolcache/Python/3.12.12/x64/lib/python3.12/site-packages/galaxy/tool_util/verify/interactor.py\", line 1436, in verify_tool\n    stage_data_in_history(\n  File \"/opt/hostedtoolcache/Python/3.12.12/x64/lib/python3.12/site-packages/galaxy/tool_util/verify/interactor.py\", line 175, in stage_data_in_history\n    staging_interface.handle_jobs()\n  File \"/opt/hostedtoolcache/Python/3.12.12/x64/lib/python3.12/site-packages/galaxy/tool_util/verify/interactor.py\", line 212, in handle_jobs\n    self.galaxy_interactor.wait_for_job(job_response[\"id\"], job_response[\"history_id\"], self.maxseconds)\n  File \"/opt/hostedtoolcache/Python/3.12.12/x64/lib/python3.12/site-packages/galaxy/tool_util/verify/interactor.py\", line 399, in wait_for_job\n    self.wait_for(lambda: self.__job_ready(job_id, history_id), maxseconds=maxseconds)\n  File \"/opt/hostedtoolcache/Python/3.12.12/x64/lib/python3.12/site-packages/galaxy/tool_util/verify/interactor.py\", line 403, in wait_for\n    wait_on(func, what, walltime_exceeded)\n  File \"/opt/hostedtoolcache/Python/3.12.12/x64/lib/python3.12/site-packages/galaxy/tool_util/verify/wait.py\", line 38, in wait_on\n    value = function()\n            ^^^^^^^^^^\n  File \"/opt/hostedtoolcache/Python/3.12.12/x64/lib/python3.12/site-packages/galaxy/tool_util/verify/interactor.py\", line 399, in \u003clambda\u003e\n    self.wait_for(lambda: self.__job_ready(job_id, history_id), maxseconds=maxseconds)\n                          ^^^^^^^^^^^^^^^^^^^^^^^^^^^^^^^^^^^^\n  File \"/opt/hostedtoolcache/Python/3.12.12/x64/lib/python3.12/site-packages/galaxy/tool_util/verify/interactor.py\", line 749, in __job_ready\n    return self._state_ready(job_id, error_msg=\"Job in error state.\")\n           ^^^^^^^^^^^^^^^^^^^^^^^^^^^^^^^^^^^^^^^^^^^^^^^^^^^^^^^^^^\n  File \"/opt/hostedtoolcache/Python/3.12.12/x64/lib/python3.12/site-packages/galaxy/tool_util/verify/interactor.py\", line 841, in _state_ready\n    raise Exception(\nException: Job in error state.. tool_id: __DATA_FETCH__, exit_code: None, stderr: .\n", "status": "error", "test_index": 7, "time_seconds": 9.735620975494385, "tool_id": "limma_voom", "tool_version": "3.58.1+galaxy0"}
            ]]></error>
        
    </testcase>
    
    <testcase classname="limma_voom (Test #9)" name="8" time="49.38102340698242">
        
            
            <system-out><![CDATA[
            Warning message:In Sys.setlocale("LC_MESSAGES", "en_US.UTF-8") :  OS reports request to set locale to "en_US.UTF-8" cannot be honored[1] "Extracting counts"[1] "Generating DGEList object"[1] "Generating Design"[1] "Calculating Normalisation Factors"[1] "Generating Contrasts"[1] "Generating MDS plot"[1] "Generating DE results"
            ]]></system-out>
            <system-err><![CDATA[
            Warning message:In Sys.setlocale("LC_MESSAGES", "en_US.UTF-8") :  OS reports request to set locale to "en_US.UTF-8" cannot be honored
            ]]></system-err>
        
    </testcase>
    
    <testcase classname="limma_voom (Test #10)" name="9" time="10.862776279449463">
        
            <error type="error" message="Input staging problem: Traceback (most recent call last):
  File "/opt/hostedtoolcache/Python/3.12.12/x64/lib/python3.12/site-packages/galaxy/tool_util/verify/interactor.py", line 1436, in verify_tool
    stage_data_in_history(
  File "/opt/hostedtoolcache/Python/3.12.12/x64/lib/python3.12/site-packages/galaxy/tool_util/verify/interactor.py", line 175, in stage_data_in_history
    staging_interface.handle_jobs()
  File "/opt/hostedtoolcache/Python/3.12.12/x64/lib/python3.12/site-packages/galaxy/tool_util/verify/interactor.py", line 212, in handle_jobs
    self.galaxy_interactor.wait_for_job(job_response["id"], job_response["history_id"], self.maxseconds)
  File "/opt/hostedtoolcache/Python/3.12.12/x64/lib/python3.12/site-packages/galaxy/tool_util/verify/interactor.py", line 399, in wait_for_job
    self.wait_for(lambda: self.__job_ready(job_id, history_id), maxseconds=maxseconds)
  File "/opt/hostedtoolcache/Python/3.12.12/x64/lib/python3.12/site-packages/galaxy/tool_util/verify/interactor.py", line 403, in wait_for
    wait_on(func, what, walltime_exceeded)
  File "/opt/hostedtoolcache/Python/3.12.12/x64/lib/python3.12/site-packages/galaxy/tool_util/verify/wait.py", line 38, in wait_on
    value = function()
            ^^^^^^^^^^
  File "/opt/hostedtoolcache/Python/3.12.12/x64/lib/python3.12/site-packages/galaxy/tool_util/verify/interactor.py", line 399, in <lambda>
    self.wait_for(lambda: self.__job_ready(job_id, history_id), maxseconds=maxseconds)
                          ^^^^^^^^^^^^^^^^^^^^^^^^^^^^^^^^^^^^
  File "/opt/hostedtoolcache/Python/3.12.12/x64/lib/python3.12/site-packages/galaxy/tool_util/verify/interactor.py", line 749, in __job_ready
    return self._state_ready(job_id, error_msg="Job in error state.")
           ^^^^^^^^^^^^^^^^^^^^^^^^^^^^^^^^^^^^^^^^^^^^^^^^^^^^^^^^^^
  File "/opt/hostedtoolcache/Python/3.12.12/x64/lib/python3.12/site-packages/galaxy/tool_util/verify/interactor.py", line 841, in _state_ready
    raise Exception(
Exception: Job in error state.. tool_id: __DATA_FETCH__, exit_code: None, stderr: .
"><![CDATA[
                { "execution_problem": "Input staging problem: Traceback (most recent call last):\n  File \"/opt/hostedtoolcache/Python/3.12.12/x64/lib/python3.12/site-packages/galaxy/tool_util/verify/interactor.py\", line 1436, in verify_tool\n    stage_data_in_history(\n  File \"/opt/hostedtoolcache/Python/3.12.12/x64/lib/python3.12/site-packages/galaxy/tool_util/verify/interactor.py\", line 175, in stage_data_in_history\n    staging_interface.handle_jobs()\n  File \"/opt/hostedtoolcache/Python/3.12.12/x64/lib/python3.12/site-packages/galaxy/tool_util/verify/interactor.py\", line 212, in handle_jobs\n    self.galaxy_interactor.wait_for_job(job_response[\"id\"], job_response[\"history_id\"], self.maxseconds)\n  File \"/opt/hostedtoolcache/Python/3.12.12/x64/lib/python3.12/site-packages/galaxy/tool_util/verify/interactor.py\", line 399, in wait_for_job\n    self.wait_for(lambda: self.__job_ready(job_id, history_id), maxseconds=maxseconds)\n  File \"/opt/hostedtoolcache/Python/3.12.12/x64/lib/python3.12/site-packages/galaxy/tool_util/verify/interactor.py\", line 403, in wait_for\n    wait_on(func, what, walltime_exceeded)\n  File \"/opt/hostedtoolcache/Python/3.12.12/x64/lib/python3.12/site-packages/galaxy/tool_util/verify/wait.py\", line 38, in wait_on\n    value = function()\n            ^^^^^^^^^^\n  File \"/opt/hostedtoolcache/Python/3.12.12/x64/lib/python3.12/site-packages/galaxy/tool_util/verify/interactor.py\", line 399, in \u003clambda\u003e\n    self.wait_for(lambda: self.__job_ready(job_id, history_id), maxseconds=maxseconds)\n                          ^^^^^^^^^^^^^^^^^^^^^^^^^^^^^^^^^^^^\n  File \"/opt/hostedtoolcache/Python/3.12.12/x64/lib/python3.12/site-packages/galaxy/tool_util/verify/interactor.py\", line 749, in __job_ready\n    return self._state_ready(job_id, error_msg=\"Job in error state.\")\n           ^^^^^^^^^^^^^^^^^^^^^^^^^^^^^^^^^^^^^^^^^^^^^^^^^^^^^^^^^^\n  File \"/opt/hostedtoolcache/Python/3.12.12/x64/lib/python3.12/site-packages/galaxy/tool_util/verify/interactor.py\", line 841, in _state_ready\n    raise Exception(\nException: Job in error state.. tool_id: __DATA_FETCH__, exit_code: None, stderr: .\n", "status": "error", "test_index": 9, "time_seconds": 10.862776279449463, "tool_id": "limma_voom", "tool_version": "3.58.1+galaxy0"}
            ]]></error>
        
    </testcase>
    
    <testcase classname="mummer_delta_filter (Test #1)" name="0" time="37.64213943481445">
        
            
            <system-out><![CDATA[
            
            ]]></system-out>
            <system-err><![CDATA[
            
            ]]></system-err>
        
    </testcase>
    
    <testcase classname="porechop (Test #1)" name="0" time="38.84707689285278">
        
            
            <system-out><![CDATA[
            
            ]]></system-out>
            <system-err><![CDATA[
            
            ]]></system-err>
        
    </testcase>
    
    <testcase classname="porechop (Test #2)" name="1" time="32.10474610328674">
        
            
            <system-out><![CDATA[
            [1m[4mLoading reads[0mtest_format.fastq.gz9 reads loaded[1m[4mLooking for known adapter sets[0m0 / 9 (0.0%)9 / 9 (100.0%)9 / 9 (100.0%)                                        Best               [0m                                        read       Best    [0m                                        start      read end[0m  [4mSet                                   %ID        %ID     [0m  [32mSQK-NSK007                                96.4       95.5[0m  Rapid                                     62.5        0.0  RBK004_upstream                           72.7        0.0  SQK-MAP006                                62.2       63.6  SQK-MAP006 short                          60.7       60.0  PCR adapters 1                            66.7       73.9  PCR adapters 2                            66.7       63.6  PCR adapters 3                            68.0       72.0  1D^2 part 1                               62.1       58.8  1D^2 part 2                               79.4       68.8  cDNA SSP                                  57.1       61.4  Barcode 1 (reverse)                       59.4       66.7  Barcode 2 (reverse)                       66.7       63.0  Barcode 3 (reverse)                       69.2       72.0  Barcode 4 (reverse)                       66.7       63.3  Barcode 5 (reverse)                       62.5       66.7  Barcode 6 (reverse)                       73.1       62.5  Barcode 7 (reverse)                       65.4       65.5  Barcode 8 (reverse)                       69.2       58.3  Barcode 9 (reverse)                       75.0       66.7  Barcode 10 (reverse)                      62.5       60.0  Barcode 11 (reverse)                      69.2       60.5  Barcode 12 (reverse)                      65.6       64.0  Barcode 1 (forward)                       65.4       61.5  Barcode 2 (forward)                       69.2       70.4  Barcode 3 (forward)                       73.1       68.0  Barcode 4 (forward)                       73.1       64.3  Barcode 5 (forward)                       62.5       66.7  Barcode 6 (forward)                       65.5       65.6  Barcode 7 (forward)                       73.1       66.7  Barcode 8 (forward)                       62.1       60.7  Barcode 9 (forward)                       68.0       70.8  Barcode 10 (forward)                      69.2       66.7  Barcode 11 (forward)                      65.4       60.7  Barcode 12 (forward)                      64.3       66.7  Barcode 13 (forward)                      64.3       69.2  Barcode 14 (forward)                      63.3       66.7  Barcode 15 (forward)                      66.7       66.7  Barcode 16 (forward)                      70.8       65.5  Barcode 17 (forward)                      69.2       66.7  Barcode 18 (forward)                      70.4       70.4  Barcode 19 (forward)                      65.5       64.0  Barcode 20 (forward)                      65.5       64.0  Barcode 21 (forward)                      64.3       66.7  Barcode 22 (forward)                      69.2       68.0  Barcode 23 (forward)                      61.5       66.7  Barcode 24 (forward)                      66.7       65.4  Barcode 25 (forward)                      64.0       65.5  Barcode 26 (forward)                      72.0       72.0  Barcode 27 (forward)                      77.8       60.7  Barcode 28 (forward)                      65.5       66.7  Barcode 29 (forward)                      62.5       66.7  Barcode 30 (forward)                      68.0       65.4  Barcode 31 (forward)                      62.5       69.2  Barcode 32 (forward)                      68.0       70.8  Barcode 33 (forward)                      62.5       70.4  Barcode 34 (forward)                      64.0       62.5  Barcode 35 (forward)                      65.5       65.4  Barcode 36 (forward)                      63.0       63.0  Barcode 37 (forward)                      67.9       64.3  Barcode 38 (forward)                      64.0       62.1  Barcode 39 (forward)                      64.0       69.2  Barcode 40 (forward)                      62.5       64.0  Barcode 41 (forward)                      68.0       65.5  Barcode 42 (forward)                      70.4       69.2  Barcode 43 (forward)                      63.3       63.3  Barcode 44 (forward)                      60.0       66.7  Barcode 45 (forward)                      73.1       65.4  Barcode 46 (forward)                      65.4       60.7  Barcode 47 (forward)                      65.5       64.0  Barcode 48 (forward)                      71.4       62.1  Barcode 49 (forward)                      69.2       62.1  Barcode 50 (forward)                      66.7       63.0  Barcode 51 (forward)                      69.2       64.3  Barcode 52 (forward)                      66.7       64.0  Barcode 53 (forward)                      67.9       69.0  Barcode 54 (forward)                      69.2       64.0  Barcode 55 (forward)                      66.7       73.1  Barcode 56 (forward)                      66.7       72.0  Barcode 57 (forward)                      69.0       60.0  Barcode 58 (forward)                      70.4       72.0  Barcode 59 (forward)                      56.7       66.7  Barcode 60 (forward)                      66.7       66.7  Barcode 61 (forward)                      70.8       65.5  Barcode 62 (forward)                      66.7       68.0  Barcode 63 (forward)                      66.7       60.7  Barcode 64 (forward)                      69.2       66.7  Barcode 65 (forward)                      61.5       69.0  Barcode 66 (forward)                      64.3       63.0  Barcode 67 (forward)                      66.7       67.9  Barcode 68 (forward)                      67.9       69.2  Barcode 69 (forward)                      69.2       75.0  Barcode 70 (forward)                      64.3       73.1  Barcode 71 (forward)                      64.0       71.4  Barcode 72 (forward)                      66.7       62.1  Barcode 73 (forward)                      67.7       64.0  Barcode 74 (forward)                      64.5       68.0  Barcode 75 (forward)                      65.4       65.5  Barcode 76 (forward)                      70.4       70.8  Barcode 77 (forward)                      65.4       64.3  Barcode 78 (forward)                      67.7       63.0  Barcode 79 (forward)                      70.8       69.2  Barcode 80 (forward)                      71.4       72.0  Barcode 81 (forward)                      68.0       66.7  Barcode 82 (forward)                      64.7       66.7  Barcode 83 (forward)                      69.2       68.0  Barcode 84 (forward)                      70.8       67.9  Barcode 85 (forward)                      61.5       60.0  Barcode 86 (forward)                      64.3       65.4  Barcode 87 (forward)                      66.7       65.4  Barcode 88 (forward)                      63.3       60.7  Barcode 89 (forward)                      69.2       66.7  Barcode 90 (forward)                      66.7       64.0  Barcode 91 (forward)                      68.0       64.3  Barcode 92 (forward)                      65.5       68.0  Barcode 93 (forward)                      69.2       73.1  Barcode 94 (forward)                      63.0       68.0  Barcode 95 (forward)                      64.0       63.3  Barcode 96 (forward)                      69.0       68.0[1m[4mTrimming adapters from read ends[0m     SQK-NSK007_Y_Top: [31mAATGTACTTCGTTCAGTTACGTATTGCT[0m  SQK-NSK007_Y_Bottom: [31mGCAATACGTAACTGAACGAAGT[0m0 / 9 (0.0%)9 / 9 (100.0%)9 / 9 (100.0%)4 / 9 reads had adapters trimmed from their start (74 bp removed)3 / 9 reads had adapters trimmed from their end (49 bp removed)[1m[4mSplitting reads containing middle adapters[0m0 / 9 (0.0%)9 / 9 (100.0%)10 / 9 (111.1%)9 / 9 (100.0%)4 / 9 reads were split based on middle adapters[1m[4mSaving trimmed reads to file[0mSaved result to /galaxy/server/database/jobs_directory/000/50/working/out.fastq
            ]]></system-out>
            <system-err><![CDATA[
            
            ]]></system-err>
        
    </testcase>
    
    <testcase classname="porechop (Test #3)" name="2" time="31.64217782020569">
        
            
            <system-out><![CDATA[
            [1m[4mLoading reads[0mtest_format.fastq.gz9 reads loaded[1m[4mLooking for known adapter sets[0m0 / 9 (0.0%)9 / 9 (100.0%)9 / 9 (100.0%)                                        Best               [0m                                        read       Best    [0m                                        start      read end[0m  [4mSet                                   %ID        %ID     [0m  [32mSQK-NSK007                                96.4       95.5[0m  Rapid                                     62.5        0.0  RBK004_upstream                           72.7        0.0  SQK-MAP006                                62.2       63.6  SQK-MAP006 short                          60.7       60.0  PCR adapters 1                            66.7       73.9  PCR adapters 2                            66.7       63.6  PCR adapters 3                            68.0       72.0  1D^2 part 1                               62.1       58.8  1D^2 part 2                               79.4       68.8  cDNA SSP                                  57.1       61.4  Barcode 1 (reverse)                       59.4       66.7  Barcode 2 (reverse)                       66.7       63.0  Barcode 3 (reverse)                       69.2       72.0  Barcode 4 (reverse)                       66.7       63.3  Barcode 5 (reverse)                       62.5       66.7  Barcode 6 (reverse)                       73.1       62.5  Barcode 7 (reverse)                       65.4       65.5  Barcode 8 (reverse)                       69.2       58.3  Barcode 9 (reverse)                       75.0       66.7  Barcode 10 (reverse)                      62.5       60.0  Barcode 11 (reverse)                      69.2       60.5  Barcode 12 (reverse)                      65.6       64.0  Barcode 1 (forward)                       65.4       61.5  Barcode 2 (forward)                       69.2       70.4  Barcode 3 (forward)                       73.1       68.0  Barcode 4 (forward)                       73.1       64.3  Barcode 5 (forward)                       62.5       66.7  Barcode 6 (forward)                       65.5       65.6  Barcode 7 (forward)                       73.1       66.7  Barcode 8 (forward)                       62.1       60.7  Barcode 9 (forward)                       68.0       70.8  Barcode 10 (forward)                      69.2       66.7  Barcode 11 (forward)                      65.4       60.7  Barcode 12 (forward)                      64.3       66.7  Barcode 13 (forward)                      64.3       69.2  Barcode 14 (forward)                      63.3       66.7  Barcode 15 (forward)                      66.7       66.7  Barcode 16 (forward)                      70.8       65.5  Barcode 17 (forward)                      69.2       66.7  Barcode 18 (forward)                      70.4       70.4  Barcode 19 (forward)                      65.5       64.0  Barcode 20 (forward)                      65.5       64.0  Barcode 21 (forward)                      64.3       66.7  Barcode 22 (forward)                      69.2       68.0  Barcode 23 (forward)                      61.5       66.7  Barcode 24 (forward)                      66.7       65.4  Barcode 25 (forward)                      64.0       65.5  Barcode 26 (forward)                      72.0       72.0  Barcode 27 (forward)                      77.8       60.7  Barcode 28 (forward)                      65.5       66.7  Barcode 29 (forward)                      62.5       66.7  Barcode 30 (forward)                      68.0       65.4  Barcode 31 (forward)                      62.5       69.2  Barcode 32 (forward)                      68.0       70.8  Barcode 33 (forward)                      62.5       70.4  Barcode 34 (forward)                      64.0       62.5  Barcode 35 (forward)                      65.5       65.4  Barcode 36 (forward)                      63.0       63.0  Barcode 37 (forward)                      67.9       64.3  Barcode 38 (forward)                      64.0       62.1  Barcode 39 (forward)                      64.0       69.2  Barcode 40 (forward)                      62.5       64.0  Barcode 41 (forward)                      68.0       65.5  Barcode 42 (forward)                      70.4       69.2  Barcode 43 (forward)                      63.3       63.3  Barcode 44 (forward)                      60.0       66.7  Barcode 45 (forward)                      73.1       65.4  Barcode 46 (forward)                      65.4       60.7  Barcode 47 (forward)                      65.5       64.0  Barcode 48 (forward)                      71.4       62.1  Barcode 49 (forward)                      69.2       62.1  Barcode 50 (forward)                      66.7       63.0  Barcode 51 (forward)                      69.2       64.3  Barcode 52 (forward)                      66.7       64.0  Barcode 53 (forward)                      67.9       69.0  Barcode 54 (forward)                      69.2       64.0  Barcode 55 (forward)                      66.7       73.1  Barcode 56 (forward)                      66.7       72.0  Barcode 57 (forward)                      69.0       60.0  Barcode 58 (forward)                      70.4       72.0  Barcode 59 (forward)                      56.7       66.7  Barcode 60 (forward)                      66.7       66.7  Barcode 61 (forward)                      70.8       65.5  Barcode 62 (forward)                      66.7       68.0  Barcode 63 (forward)                      66.7       60.7  Barcode 64 (forward)                      69.2       66.7  Barcode 65 (forward)                      61.5       69.0  Barcode 66 (forward)                      64.3       63.0  Barcode 67 (forward)                      66.7       67.9  Barcode 68 (forward)                      67.9       69.2  Barcode 69 (forward)                      69.2       75.0  Barcode 70 (forward)                      64.3       73.1  Barcode 71 (forward)                      64.0       71.4  Barcode 72 (forward)                      66.7       62.1  Barcode 73 (forward)                      67.7       64.0  Barcode 74 (forward)                      64.5       68.0  Barcode 75 (forward)                      65.4       65.5  Barcode 76 (forward)                      70.4       70.8  Barcode 77 (forward)                      65.4       64.3  Barcode 78 (forward)                      67.7       63.0  Barcode 79 (forward)                      70.8       69.2  Barcode 80 (forward)                      71.4       72.0  Barcode 81 (forward)                      68.0       66.7  Barcode 82 (forward)                      64.7       66.7  Barcode 83 (forward)                      69.2       68.0  Barcode 84 (forward)                      70.8       67.9  Barcode 85 (forward)                      61.5       60.0  Barcode 86 (forward)                      64.3       65.4  Barcode 87 (forward)                      66.7       65.4  Barcode 88 (forward)                      63.3       60.7  Barcode 89 (forward)                      69.2       66.7  Barcode 90 (forward)                      66.7       64.0  Barcode 91 (forward)                      68.0       64.3  Barcode 92 (forward)                      65.5       68.0  Barcode 93 (forward)                      69.2       73.1  Barcode 94 (forward)                      63.0       68.0  Barcode 95 (forward)                      64.0       63.3  Barcode 96 (forward)                      69.0       68.0[1m[4mTrimming adapters from read ends[0m     SQK-NSK007_Y_Top: [31mAATGTACTTCGTTCAGTTACGTATTGCT[0m  SQK-NSK007_Y_Bottom: [31mGCAATACGTAACTGAACGAAGT[0m0 / 9 (0.0%)9 / 9 (100.0%)9 / 9 (100.0%)4 / 9 reads had adapters trimmed from their start (74 bp removed)3 / 9 reads had adapters trimmed from their end (49 bp removed)[1m[4mSplitting reads containing middle adapters[0m0 / 9 (0.0%)9 / 9 (100.0%)10 / 9 (111.1%)9 / 9 (100.0%)4 / 9 reads were split based on middle adapters[1m[4mSaving trimmed reads to file[0mSaved result to /galaxy/server/database/jobs_directory/000/52/working/out.fastq
            ]]></system-out>
            <system-err><![CDATA[
            
            ]]></system-err>
        
    </testcase>
    
    <testcase classname="porechop (Test #4)" name="3" time="31.72099995613098">
        
            
            <system-out><![CDATA[
            [1m[4mLoading reads[0mtest_format.fasta9 reads loaded[1m[4mLooking for known adapter sets[0m0 / 9 (0.0%)9 / 9 (100.0%)9 / 9 (100.0%)                                        Best               [0m                                        read       Best    [0m                                        start      read end[0m  [4mSet                                   %ID        %ID     [0m  [32mSQK-NSK007                                96.4       95.5[0m  Rapid                                     62.5        0.0  RBK004_upstream                           72.7        0.0  SQK-MAP006                                62.2       63.6  SQK-MAP006 short                          60.7       60.0  PCR adapters 1                            66.7       73.9  PCR adapters 2                            66.7       63.6  PCR adapters 3                            68.0       72.0  1D^2 part 1                               62.1       58.8  1D^2 part 2                               79.4       68.8  cDNA SSP                                  57.1       61.4  Barcode 1 (reverse)                       59.4       66.7  Barcode 2 (reverse)                       66.7       63.0  Barcode 3 (reverse)                       69.2       72.0  Barcode 4 (reverse)                       66.7       63.3  Barcode 5 (reverse)                       62.5       66.7  Barcode 6 (reverse)                       73.1       62.5  Barcode 7 (reverse)                       65.4       65.5  Barcode 8 (reverse)                       69.2       58.3  Barcode 9 (reverse)                       75.0       66.7  Barcode 10 (reverse)                      62.5       60.0  Barcode 11 (reverse)                      69.2       60.5  Barcode 12 (reverse)                      65.6       64.0  Barcode 1 (forward)                       65.4       61.5  Barcode 2 (forward)                       69.2       70.4  Barcode 3 (forward)                       73.1       68.0  Barcode 4 (forward)                       73.1       64.3  Barcode 5 (forward)                       62.5       66.7  Barcode 6 (forward)                       65.5       65.6  Barcode 7 (forward)                       73.1       66.7  Barcode 8 (forward)                       62.1       60.7  Barcode 9 (forward)                       68.0       70.8  Barcode 10 (forward)                      69.2       66.7  Barcode 11 (forward)                      65.4       60.7  Barcode 12 (forward)                      64.3       66.7  Barcode 13 (forward)                      64.3       69.2  Barcode 14 (forward)                      63.3       66.7  Barcode 15 (forward)                      66.7       66.7  Barcode 16 (forward)                      70.8       65.5  Barcode 17 (forward)                      69.2       66.7  Barcode 18 (forward)                      70.4       70.4  Barcode 19 (forward)                      65.5       64.0  Barcode 20 (forward)                      65.5       64.0  Barcode 21 (forward)                      64.3       66.7  Barcode 22 (forward)                      69.2       68.0  Barcode 23 (forward)                      61.5       66.7  Barcode 24 (forward)                      66.7       65.4  Barcode 25 (forward)                      64.0       65.5  Barcode 26 (forward)                      72.0       72.0  Barcode 27 (forward)                      77.8       60.7  Barcode 28 (forward)                      65.5       66.7  Barcode 29 (forward)                      62.5       66.7  Barcode 30 (forward)                      68.0       65.4  Barcode 31 (forward)                      62.5       69.2  Barcode 32 (forward)                      68.0       70.8  Barcode 33 (forward)                      62.5       70.4  Barcode 34 (forward)                      64.0       62.5  Barcode 35 (forward)                      65.5       65.4  Barcode 36 (forward)                      63.0       63.0  Barcode 37 (forward)                      67.9       64.3  Barcode 38 (forward)                      64.0       62.1  Barcode 39 (forward)                      64.0       69.2  Barcode 40 (forward)                      62.5       64.0  Barcode 41 (forward)                      68.0       65.5  Barcode 42 (forward)                      70.4       69.2  Barcode 43 (forward)                      63.3       63.3  Barcode 44 (forward)                      60.0       66.7  Barcode 45 (forward)                      73.1       65.4  Barcode 46 (forward)                      65.4       60.7  Barcode 47 (forward)                      65.5       64.0  Barcode 48 (forward)                      71.4       62.1  Barcode 49 (forward)                      69.2       62.1  Barcode 50 (forward)                      66.7       63.0  Barcode 51 (forward)                      69.2       64.3  Barcode 52 (forward)                      66.7       64.0  Barcode 53 (forward)                      67.9       69.0  Barcode 54 (forward)                      69.2       64.0  Barcode 55 (forward)                      66.7       73.1  Barcode 56 (forward)                      66.7       72.0  Barcode 57 (forward)                      69.0       60.0  Barcode 58 (forward)                      70.4       72.0  Barcode 59 (forward)                      56.7       66.7  Barcode 60 (forward)                      66.7       66.7  Barcode 61 (forward)                      70.8       65.5  Barcode 62 (forward)                      66.7       68.0  Barcode 63 (forward)                      66.7       60.7  Barcode 64 (forward)                      69.2       66.7  Barcode 65 (forward)                      61.5       69.0  Barcode 66 (forward)                      64.3       63.0  Barcode 67 (forward)                      66.7       67.9  Barcode 68 (forward)                      67.9       69.2  Barcode 69 (forward)                      69.2       75.0  Barcode 70 (forward)                      64.3       73.1  Barcode 71 (forward)                      64.0       71.4  Barcode 72 (forward)                      66.7       62.1  Barcode 73 (forward)                      67.7       64.0  Barcode 74 (forward)                      64.5       68.0  Barcode 75 (forward)                      65.4       65.5  Barcode 76 (forward)                      70.4       70.8  Barcode 77 (forward)                      65.4       64.3  Barcode 78 (forward)                      67.7       63.0  Barcode 79 (forward)                      70.8       69.2  Barcode 80 (forward)                      71.4       72.0  Barcode 81 (forward)                      68.0       66.7  Barcode 82 (forward)                      64.7       66.7  Barcode 83 (forward)                      69.2       68.0  Barcode 84 (forward)                      70.8       67.9  Barcode 85 (forward)                      61.5       60.0  Barcode 86 (forward)                      64.3       65.4  Barcode 87 (forward)                      66.7       65.4  Barcode 88 (forward)                      63.3       60.7  Barcode 89 (forward)                      69.2       66.7  Barcode 90 (forward)                      66.7       64.0  Barcode 91 (forward)                      68.0       64.3  Barcode 92 (forward)                      65.5       68.0  Barcode 93 (forward)                      69.2       73.1  Barcode 94 (forward)                      63.0       68.0  Barcode 95 (forward)                      64.0       63.3  Barcode 96 (forward)                      69.0       68.0[1m[4mTrimming adapters from read ends[0m     SQK-NSK007_Y_Top: [31mAATGTACTTCGTTCAGTTACGTATTGCT[0m  SQK-NSK007_Y_Bottom: [31mGCAATACGTAACTGAACGAAGT[0m0 / 9 (0.0%)9 / 9 (100.0%)9 / 9 (100.0%)4 / 9 reads had adapters trimmed from their start (74 bp removed)3 / 9 reads had adapters trimmed from their end (49 bp removed)[1m[4mSplitting reads containing middle adapters[0m0 / 9 (0.0%)9 / 9 (100.0%)10 / 9 (111.1%)9 / 9 (100.0%)4 / 9 reads were split based on middle adapters[1m[4mSaving trimmed reads to file[0mpigz not found - using gzip to compressSaved result to /galaxy/server/database/jobs_directory/000/54/working/out.fasta.gz
            ]]></system-out>
            <system-err><![CDATA[
            
            ]]></system-err>
        
    </testcase>
    
    <testcase classname="porechop (Test #5)" name="4" time="32.59566068649292">
        
            
            <system-out><![CDATA[
            [1m[4mLoading reads[0mtest_format.fasta9 reads loaded[1m[4mLooking for known adapter sets[0m0 / 9 (0.0%)9 / 9 (100.0%)9 / 9 (100.0%)                                        Best               [0m                                        read       Best    [0m                                        start      read end[0m  [4mSet                                   %ID        %ID     [0m  [32mSQK-NSK007                                96.4       95.5[0m  Rapid                                     62.5        0.0  RBK004_upstream                           72.7        0.0  SQK-MAP006                                62.2       63.6  SQK-MAP006 short                          60.7       60.0  PCR adapters 1                            66.7       73.9  PCR adapters 2                            66.7       63.6  PCR adapters 3                            68.0       72.0  1D^2 part 1                               62.1       58.8  1D^2 part 2                               79.4       68.8  cDNA SSP                                  57.1       61.4  Barcode 1 (reverse)                       59.4       66.7  Barcode 2 (reverse)                       66.7       63.0  Barcode 3 (reverse)                       69.2       72.0  Barcode 4 (reverse)                       66.7       63.3  Barcode 5 (reverse)                       62.5       66.7  Barcode 6 (reverse)                       73.1       62.5  Barcode 7 (reverse)                       65.4       65.5  Barcode 8 (reverse)                       69.2       58.3  Barcode 9 (reverse)                       75.0       66.7  Barcode 10 (reverse)                      62.5       60.0  Barcode 11 (reverse)                      69.2       60.5  Barcode 12 (reverse)                      65.6       64.0  Barcode 1 (forward)                       65.4       61.5  Barcode 2 (forward)                       69.2       70.4  Barcode 3 (forward)                       73.1       68.0  Barcode 4 (forward)                       73.1       64.3  Barcode 5 (forward)                       62.5       66.7  Barcode 6 (forward)                       65.5       65.6  Barcode 7 (forward)                       73.1       66.7  Barcode 8 (forward)                       62.1       60.7  Barcode 9 (forward)                       68.0       70.8  Barcode 10 (forward)                      69.2       66.7  Barcode 11 (forward)                      65.4       60.7  Barcode 12 (forward)                      64.3       66.7  Barcode 13 (forward)                      64.3       69.2  Barcode 14 (forward)                      63.3       66.7  Barcode 15 (forward)                      66.7       66.7  Barcode 16 (forward)                      70.8       65.5  Barcode 17 (forward)                      69.2       66.7  Barcode 18 (forward)                      70.4       70.4  Barcode 19 (forward)                      65.5       64.0  Barcode 20 (forward)                      65.5       64.0  Barcode 21 (forward)                      64.3       66.7  Barcode 22 (forward)                      69.2       68.0  Barcode 23 (forward)                      61.5       66.7  Barcode 24 (forward)                      66.7       65.4  Barcode 25 (forward)                      64.0       65.5  Barcode 26 (forward)                      72.0       72.0  Barcode 27 (forward)                      77.8       60.7  Barcode 28 (forward)                      65.5       66.7  Barcode 29 (forward)                      62.5       66.7  Barcode 30 (forward)                      68.0       65.4  Barcode 31 (forward)                      62.5       69.2  Barcode 32 (forward)                      68.0       70.8  Barcode 33 (forward)                      62.5       70.4  Barcode 34 (forward)                      64.0       62.5  Barcode 35 (forward)                      65.5       65.4  Barcode 36 (forward)                      63.0       63.0  Barcode 37 (forward)                      67.9       64.3  Barcode 38 (forward)                      64.0       62.1  Barcode 39 (forward)                      64.0       69.2  Barcode 40 (forward)                      62.5       64.0  Barcode 41 (forward)                      68.0       65.5  Barcode 42 (forward)                      70.4       69.2  Barcode 43 (forward)                      63.3       63.3  Barcode 44 (forward)                      60.0       66.7  Barcode 45 (forward)                      73.1       65.4  Barcode 46 (forward)                      65.4       60.7  Barcode 47 (forward)                      65.5       64.0  Barcode 48 (forward)                      71.4       62.1  Barcode 49 (forward)                      69.2       62.1  Barcode 50 (forward)                      66.7       63.0  Barcode 51 (forward)                      69.2       64.3  Barcode 52 (forward)                      66.7       64.0  Barcode 53 (forward)                      67.9       69.0  Barcode 54 (forward)                      69.2       64.0  Barcode 55 (forward)                      66.7       73.1  Barcode 56 (forward)                      66.7       72.0  Barcode 57 (forward)                      69.0       60.0  Barcode 58 (forward)                      70.4       72.0  Barcode 59 (forward)                      56.7       66.7  Barcode 60 (forward)                      66.7       66.7  Barcode 61 (forward)                      70.8       65.5  Barcode 62 (forward)                      66.7       68.0  Barcode 63 (forward)                      66.7       60.7  Barcode 64 (forward)                      69.2       66.7  Barcode 65 (forward)                      61.5       69.0  Barcode 66 (forward)                      64.3       63.0  Barcode 67 (forward)                      66.7       67.9  Barcode 68 (forward)                      67.9       69.2  Barcode 69 (forward)                      69.2       75.0  Barcode 70 (forward)                      64.3       73.1  Barcode 71 (forward)                      64.0       71.4  Barcode 72 (forward)                      66.7       62.1  Barcode 73 (forward)                      67.7       64.0  Barcode 74 (forward)                      64.5       68.0  Barcode 75 (forward)                      65.4       65.5  Barcode 76 (forward)                      70.4       70.8  Barcode 77 (forward)                      65.4       64.3  Barcode 78 (forward)                      67.7       63.0  Barcode 79 (forward)                      70.8       69.2  Barcode 80 (forward)                      71.4       72.0  Barcode 81 (forward)                      68.0       66.7  Barcode 82 (forward)                      64.7       66.7  Barcode 83 (forward)                      69.2       68.0  Barcode 84 (forward)                      70.8       67.9  Barcode 85 (forward)                      61.5       60.0  Barcode 86 (forward)                      64.3       65.4  Barcode 87 (forward)                      66.7       65.4  Barcode 88 (forward)                      63.3       60.7  Barcode 89 (forward)                      69.2       66.7  Barcode 90 (forward)                      66.7       64.0  Barcode 91 (forward)                      68.0       64.3  Barcode 92 (forward)                      65.5       68.0  Barcode 93 (forward)                      69.2       73.1  Barcode 94 (forward)                      63.0       68.0  Barcode 95 (forward)                      64.0       63.3  Barcode 96 (forward)                      69.0       68.0[1m[4mTrimming adapters from read ends[0m     SQK-NSK007_Y_Top: [31mAATGTACTTCGTTCAGTTACGTATTGCT[0m  SQK-NSK007_Y_Bottom: [31mGCAATACGTAACTGAACGAAGT[0m0 / 9 (0.0%)9 / 9 (100.0%)9 / 9 (100.0%)4 / 9 reads had adapters trimmed from their start (74 bp removed)3 / 9 reads had adapters trimmed from their end (49 bp removed)[1m[4mSplitting reads containing middle adapters[0m0 / 9 (0.0%)9 / 9 (100.0%)10 / 9 (111.1%)9 / 9 (100.0%)4 / 9 reads were split based on middle adapters[1m[4mSaving trimmed reads to file[0mpigz not found - using gzip to compressSaved result to /galaxy/server/database/jobs_directory/000/56/working/out.fastq.gz
            ]]></system-out>
            <system-err><![CDATA[
            
            ]]></system-err>
        
    </testcase>
    
    <testcase classname="porechop (Test #6)" name="5" time="33.2106728553772">
        
            
            <system-out><![CDATA[
            [1m[4mLoading reads[0mtest_format.fasta9 reads loaded[1m[4mLooking for known adapter sets[0m0 / 9 (0.0%)9 / 9 (100.0%)9 / 9 (100.0%)                                        Best               [0m                                        read       Best    [0m                                        start      read end[0m  [4mSet                                   %ID        %ID     [0m  [32mSQK-NSK007                                96.4       95.5[0m  Rapid                                     62.5        0.0  RBK004_upstream                           72.7        0.0  SQK-MAP006                                58.8       63.6  SQK-MAP006 short                          58.6       57.7  PCR adapters 1                            66.7       73.9  PCR adapters 2                            65.4       63.6  PCR adapters 3                            68.0       70.4  1D^2 part 1                               66.7       58.6  1D^2 part 2                               79.4       68.8  cDNA SSP                                  58.7       61.4  Barcode 1 (reverse)                       58.3       66.7  Barcode 2 (reverse)                       66.7       50.0  Barcode 3 (reverse)                       69.2       69.2  Barcode 4 (reverse)                       66.7       61.5  Barcode 5 (reverse)                       62.5       69.2  Barcode 6 (reverse)                       65.4       62.5  Barcode 7 (reverse)                       62.5       65.5  Barcode 8 (reverse)                       59.3       58.3  Barcode 9 (reverse)                       75.0       66.7  Barcode 10 (reverse)                      57.7       60.0  Barcode 11 (reverse)                      69.2       60.5  Barcode 12 (reverse)                      65.6       55.2  Barcode 1 (forward)                       65.4       62.1  Barcode 2 (forward)                       69.2       70.4  Barcode 3 (forward)                       65.4       68.0  Barcode 4 (forward)                       63.3       64.3  Barcode 5 (forward)                       57.1       56.0  Barcode 6 (forward)                       45.7       63.0  Barcode 7 (forward)                       73.1       62.1  Barcode 8 (forward)                       62.1       60.6  Barcode 9 (forward)                       64.3       66.7  Barcode 10 (forward)                      61.8       68.0  Barcode 11 (forward)                      65.4       60.7  Barcode 12 (forward)                      60.6       66.7  Barcode 13 (forward)                      64.5       69.2  Barcode 14 (forward)                      63.3       66.7  Barcode 15 (forward)                      66.7       66.7  Barcode 16 (forward)                      65.5       64.0  Barcode 17 (forward)                      69.2       66.7  Barcode 18 (forward)                      70.4       64.0  Barcode 19 (forward)                      64.5       63.0  Barcode 20 (forward)                      65.5       64.0  Barcode 21 (forward)                      64.3       66.7  Barcode 22 (forward)                      69.2       68.0  Barcode 23 (forward)                      57.9       65.5  Barcode 24 (forward)                      66.7       61.3  Barcode 25 (forward)                      59.4       68.0  Barcode 26 (forward)                      64.3       72.0  Barcode 27 (forward)                      61.3       59.4  Barcode 28 (forward)                      65.4       62.5  Barcode 29 (forward)                      57.7       62.5  Barcode 30 (forward)                      68.0       64.0  Barcode 31 (forward)                      62.1       61.5  Barcode 32 (forward)                      68.0       70.8  Barcode 33 (forward)                      46.2       70.4  Barcode 34 (forward)                      64.0       18.5  Barcode 35 (forward)                      64.3       65.4  Barcode 36 (forward)                      63.0       63.0  Barcode 37 (forward)                      67.9       64.3  Barcode 38 (forward)                      64.0       62.1  Barcode 39 (forward)                      61.5       62.5  Barcode 40 (forward)                      62.5       64.0  Barcode 41 (forward)                      68.0       65.5  Barcode 42 (forward)                      70.4       69.2  Barcode 43 (forward)                      63.3       62.5  Barcode 44 (forward)                      60.0       66.7  Barcode 45 (forward)                      73.1       65.4  Barcode 46 (forward)                      66.7       60.7  Barcode 47 (forward)                      64.3       61.5  Barcode 48 (forward)                      71.4       65.4  Barcode 49 (forward)                      69.2       62.1  Barcode 50 (forward)                      66.7       57.1  Barcode 51 (forward)                      69.2       59.3  Barcode 52 (forward)                      62.5       64.0  Barcode 53 (forward)                      65.4       69.0  Barcode 54 (forward)                      69.2       62.1  Barcode 55 (forward)                      66.7       73.1  Barcode 56 (forward)                      62.5       64.0  Barcode 57 (forward)                      66.7       55.6  Barcode 58 (forward)                      67.7       66.7  Barcode 59 (forward)                      56.7       59.4  Barcode 60 (forward)                      66.7       63.0  Barcode 61 (forward)                      70.8       65.5  Barcode 62 (forward)                      66.7       68.0  Barcode 63 (forward)                      66.7       62.5  Barcode 64 (forward)                      60.7       67.9  Barcode 65 (forward)                      61.5       62.5  Barcode 66 (forward)                      61.5       61.3  Barcode 67 (forward)                      66.7       60.0  Barcode 68 (forward)                      67.9       69.2  Barcode 69 (forward)                      65.5       66.7  Barcode 70 (forward)                      64.3       73.1  Barcode 71 (forward)                      60.7       71.4  Barcode 72 (forward)                      66.7       62.1  Barcode 73 (forward)                      67.7       63.6  Barcode 74 (forward)                      64.5       68.0  Barcode 75 (forward)                      65.4       65.5  Barcode 76 (forward)                      60.6       64.0  Barcode 77 (forward)                      65.4       62.1  Barcode 78 (forward)                      66.7       63.3  Barcode 79 (forward)                      70.8       66.7  Barcode 80 (forward)                      62.5       66.7  Barcode 81 (forward)                      68.0       66.7  Barcode 82 (forward)                      64.0       66.7  Barcode 83 (forward)                      64.0       68.0  Barcode 84 (forward)                      64.5       67.9  Barcode 85 (forward)                      61.5       58.3  Barcode 86 (forward)                      64.3       66.7  Barcode 87 (forward)                      66.7       65.5  Barcode 88 (forward)                      63.3       61.5  Barcode 89 (forward)                      69.0       66.7  Barcode 90 (forward)                      64.3       61.3  Barcode 91 (forward)                      53.3       64.0  Barcode 92 (forward)                      65.5       68.0  Barcode 93 (forward)                      63.3       71.4  Barcode 94 (forward)                      61.5       64.5  Barcode 95 (forward)                      62.1       63.3  Barcode 96 (forward)                      69.0       68.0[1m[4mTrimming adapters from read ends[0m     SQK-NSK007_Y_Top: [31mAATGTACTTCGTTCAGTTACGTATTGCT[0m  SQK-NSK007_Y_Bottom: [31mGCAATACGTAACTGAACGAAGT[0m0 / 9 (0.0%)9 / 9 (100.0%)9 / 9 (100.0%)4 / 9 reads had adapters trimmed from their start (70 bp removed)3 / 9 reads had adapters trimmed from their end (46 bp removed)[1m[4mDiscarding reads containing middle adapters[0m0 / 9 (0.0%)9 / 9 (100.0%)10 / 9 (111.1%)9 / 9 (100.0%)4 / 9 reads were discarded based on middle adapters[1m[4mSaving trimmed reads to file[0mSaved result to /galaxy/server/database/jobs_directory/000/58/working/out.fasta
            ]]></system-out>
            <system-err><![CDATA[
            
            ]]></system-err>
        
    </testcase>
    
    <testcase classname="samtools_split (Test #1)" name="0" time="0.09551858901977539">
        
            <error type="error" message="Input staging problem: Traceback (most recent call last):
  File "/opt/hostedtoolcache/Python/3.12.12/x64/lib/python3.12/site-packages/galaxy/tool_util/verify/interactor.py", line 1436, in verify_tool
    stage_data_in_history(
  File "/opt/hostedtoolcache/Python/3.12.12/x64/lib/python3.12/site-packages/galaxy/tool_util/verify/interactor.py", line 163, in stage_data_in_history
    test_dict = galaxy_interactor.remote_to_input(
                ^^^^^^^^^^^^^^^^^^^^^^^^^^^^^^^^^^
  File "/opt/hostedtoolcache/Python/3.12.12/x64/lib/python3.12/site-packages/galaxy/tool_util/verify/interactor.py", line 582, in remote_to_input
    path_or_location = self._get_path_or_location(
                       ^^^^^^^^^^^^^^^^^^^^^^^^^^^
  File "/opt/hostedtoolcache/Python/3.12.12/x64/lib/python3.12/site-packages/galaxy/tool_util/verify/interactor.py", line 619, in _get_path_or_location
    path = self.test_data_download(
           ^^^^^^^^^^^^^^^^^^^^^^^^
  File "/opt/hostedtoolcache/Python/3.12.12/x64/lib/python3.12/site-packages/galaxy/tool_util/verify/interactor.py", line 525, in test_data_download
    raise AssertionError(f"Test input file ({filename}) cannot be found.")
AssertionError: Test input file (phiX.bam) cannot be found.
"><![CDATA[
                { "execution_problem": "Input staging problem: Traceback (most recent call last):\n  File \"/opt/hostedtoolcache/Python/3.12.12/x64/lib/python3.12/site-packages/galaxy/tool_util/verify/interactor.py\", line 1436, in verify_tool\n    stage_data_in_history(\n  File \"/opt/hostedtoolcache/Python/3.12.12/x64/lib/python3.12/site-packages/galaxy/tool_util/verify/interactor.py\", line 163, in stage_data_in_history\n    test_dict = galaxy_interactor.remote_to_input(\n                ^^^^^^^^^^^^^^^^^^^^^^^^^^^^^^^^^^\n  File \"/opt/hostedtoolcache/Python/3.12.12/x64/lib/python3.12/site-packages/galaxy/tool_util/verify/interactor.py\", line 582, in remote_to_input\n    path_or_location = self._get_path_or_location(\n                       ^^^^^^^^^^^^^^^^^^^^^^^^^^^\n  File \"/opt/hostedtoolcache/Python/3.12.12/x64/lib/python3.12/site-packages/galaxy/tool_util/verify/interactor.py\", line 619, in _get_path_or_location\n    path = self.test_data_download(\n           ^^^^^^^^^^^^^^^^^^^^^^^^\n  File \"/opt/hostedtoolcache/Python/3.12.12/x64/lib/python3.12/site-packages/galaxy/tool_util/verify/interactor.py\", line 525, in test_data_download\n    raise AssertionError(f\"Test input file ({filename}) cannot be found.\")\nAssertionError: Test input file (phiX.bam) cannot be found.\n", "status": "error", "test_index": 0, "time_seconds": 0.09551858901977539, "tool_id": "samtools_split", "tool_version": "1.9"}
            ]]></error>
        
    </testcase>
    
    <testcase classname="samtools_view (Test #1)" name="0" time="0.12548184394836426">
        
            <error type="error" message="Input staging problem: Traceback (most recent call last):
  File "/opt/hostedtoolcache/Python/3.12.12/x64/lib/python3.12/site-packages/galaxy/tool_util/verify/interactor.py", line 1436, in verify_tool
    stage_data_in_history(
  File "/opt/hostedtoolcache/Python/3.12.12/x64/lib/python3.12/site-packages/galaxy/tool_util/verify/interactor.py", line 163, in stage_data_in_history
    test_dict = galaxy_interactor.remote_to_input(
                ^^^^^^^^^^^^^^^^^^^^^^^^^^^^^^^^^^
  File "/opt/hostedtoolcache/Python/3.12.12/x64/lib/python3.12/site-packages/galaxy/tool_util/verify/interactor.py", line 582, in remote_to_input
    path_or_location = self._get_path_or_location(
                       ^^^^^^^^^^^^^^^^^^^^^^^^^^^
  File "/opt/hostedtoolcache/Python/3.12.12/x64/lib/python3.12/site-packages/galaxy/tool_util/verify/interactor.py", line 619, in _get_path_or_location
    path = self.test_data_download(
           ^^^^^^^^^^^^^^^^^^^^^^^^
  File "/opt/hostedtoolcache/Python/3.12.12/x64/lib/python3.12/site-packages/galaxy/tool_util/verify/interactor.py", line 525, in test_data_download
    raise AssertionError(f"Test input file ({filename}) cannot be found.")
AssertionError: Test input file (sam_to_bam_in1.sam) cannot be found.
"><![CDATA[
                { "execution_problem": "Input staging problem: Traceback (most recent call last):\n  File \"/opt/hostedtoolcache/Python/3.12.12/x64/lib/python3.12/site-packages/galaxy/tool_util/verify/interactor.py\", line 1436, in verify_tool\n    stage_data_in_history(\n  File \"/opt/hostedtoolcache/Python/3.12.12/x64/lib/python3.12/site-packages/galaxy/tool_util/verify/interactor.py\", line 163, in stage_data_in_history\n    test_dict = galaxy_interactor.remote_to_input(\n                ^^^^^^^^^^^^^^^^^^^^^^^^^^^^^^^^^^\n  File \"/opt/hostedtoolcache/Python/3.12.12/x64/lib/python3.12/site-packages/galaxy/tool_util/verify/interactor.py\", line 582, in remote_to_input\n    path_or_location = self._get_path_or_location(\n                       ^^^^^^^^^^^^^^^^^^^^^^^^^^^\n  File \"/opt/hostedtoolcache/Python/3.12.12/x64/lib/python3.12/site-packages/galaxy/tool_util/verify/interactor.py\", line 619, in _get_path_or_location\n    path = self.test_data_download(\n           ^^^^^^^^^^^^^^^^^^^^^^^^\n  File \"/opt/hostedtoolcache/Python/3.12.12/x64/lib/python3.12/site-packages/galaxy/tool_util/verify/interactor.py\", line 525, in test_data_download\n    raise AssertionError(f\"Test input file ({filename}) cannot be found.\")\nAssertionError: Test input file (sam_to_bam_in1.sam) cannot be found.\n", "status": "error", "test_index": 0, "time_seconds": 0.12548184394836426, "tool_id": "samtools_view", "tool_version": "1.9+galaxy3"}
            ]]></error>
        
    </testcase>
    
    <testcase classname="samtools_view (Test #2)" name="1" time="">
        
            <error type="error" message=""><![CDATA[
                { "status": "skip", "test_index": 1, "tool_id": "samtools_view", "tool_version": "1.9+galaxy3"}
            ]]></error>
        
    </testcase>
    
    <testcase classname="samtools_view (Test #11)" name="10" time="0.05243802070617676">
        
            <error type="error" message="Input staging problem: Traceback (most recent call last):
  File "/opt/hostedtoolcache/Python/3.12.12/x64/lib/python3.12/site-packages/galaxy/tool_util/verify/interactor.py", line 1436, in verify_tool
    stage_data_in_history(
  File "/opt/hostedtoolcache/Python/3.12.12/x64/lib/python3.12/site-packages/galaxy/tool_util/verify/interactor.py", line 163, in stage_data_in_history
    test_dict = galaxy_interactor.remote_to_input(
                ^^^^^^^^^^^^^^^^^^^^^^^^^^^^^^^^^^
  File "/opt/hostedtoolcache/Python/3.12.12/x64/lib/python3.12/site-packages/galaxy/tool_util/verify/interactor.py", line 582, in remote_to_input
    path_or_location = self._get_path_or_location(
                       ^^^^^^^^^^^^^^^^^^^^^^^^^^^
  File "/opt/hostedtoolcache/Python/3.12.12/x64/lib/python3.12/site-packages/galaxy/tool_util/verify/interactor.py", line 619, in _get_path_or_location
    path = self.test_data_download(
           ^^^^^^^^^^^^^^^^^^^^^^^^
  File "/opt/hostedtoolcache/Python/3.12.12/x64/lib/python3.12/site-packages/galaxy/tool_util/verify/interactor.py", line 525, in test_data_download
    raise AssertionError(f"Test input file ({filename}) cannot be found.")
AssertionError: Test input file (bam_to_sam_in1.bam) cannot be found.
"><![CDATA[
                { "execution_problem": "Input staging problem: Traceback (most recent call last):\n  File \"/opt/hostedtoolcache/Python/3.12.12/x64/lib/python3.12/site-packages/galaxy/tool_util/verify/interactor.py\", line 1436, in verify_tool\n    stage_data_in_history(\n  File \"/opt/hostedtoolcache/Python/3.12.12/x64/lib/python3.12/site-packages/galaxy/tool_util/verify/interactor.py\", line 163, in stage_data_in_history\n    test_dict = galaxy_interactor.remote_to_input(\n                ^^^^^^^^^^^^^^^^^^^^^^^^^^^^^^^^^^\n  File \"/opt/hostedtoolcache/Python/3.12.12/x64/lib/python3.12/site-packages/galaxy/tool_util/verify/interactor.py\", line 582, in remote_to_input\n    path_or_location = self._get_path_or_location(\n                       ^^^^^^^^^^^^^^^^^^^^^^^^^^^\n  File \"/opt/hostedtoolcache/Python/3.12.12/x64/lib/python3.12/site-packages/galaxy/tool_util/verify/interactor.py\", line 619, in _get_path_or_location\n    path = self.test_data_download(\n           ^^^^^^^^^^^^^^^^^^^^^^^^\n  File \"/opt/hostedtoolcache/Python/3.12.12/x64/lib/python3.12/site-packages/galaxy/tool_util/verify/interactor.py\", line 525, in test_data_download\n    raise AssertionError(f\"Test input file ({filename}) cannot be found.\")\nAssertionError: Test input file (bam_to_sam_in1.bam) cannot be found.\n", "status": "error", "test_index": 10, "time_seconds": 0.05243802070617676, "tool_id": "samtools_view", "tool_version": "1.9+galaxy3"}
            ]]></error>
        
    </testcase>
    
    <testcase classname="samtools_view (Test #12)" name="11" time="0.052004098892211914">
        
            <error type="error" message="Input staging problem: Traceback (most recent call last):
  File "/opt/hostedtoolcache/Python/3.12.12/x64/lib/python3.12/site-packages/galaxy/tool_util/verify/interactor.py", line 1436, in verify_tool
    stage_data_in_history(
  File "/opt/hostedtoolcache/Python/3.12.12/x64/lib/python3.12/site-packages/galaxy/tool_util/verify/interactor.py", line 163, in stage_data_in_history
    test_dict = galaxy_interactor.remote_to_input(
                ^^^^^^^^^^^^^^^^^^^^^^^^^^^^^^^^^^
  File "/opt/hostedtoolcache/Python/3.12.12/x64/lib/python3.12/site-packages/galaxy/tool_util/verify/interactor.py", line 582, in remote_to_input
    path_or_location = self._get_path_or_location(
                       ^^^^^^^^^^^^^^^^^^^^^^^^^^^
  File "/opt/hostedtoolcache/Python/3.12.12/x64/lib/python3.12/site-packages/galaxy/tool_util/verify/interactor.py", line 619, in _get_path_or_location
    path = self.test_data_download(
           ^^^^^^^^^^^^^^^^^^^^^^^^
  File "/opt/hostedtoolcache/Python/3.12.12/x64/lib/python3.12/site-packages/galaxy/tool_util/verify/interactor.py", line 525, in test_data_download
    raise AssertionError(f"Test input file ({filename}) cannot be found.")
AssertionError: Test input file (bam_to_sam_in1.bam) cannot be found.
"><![CDATA[
                { "execution_problem": "Input staging problem: Traceback (most recent call last):\n  File \"/opt/hostedtoolcache/Python/3.12.12/x64/lib/python3.12/site-packages/galaxy/tool_util/verify/interactor.py\", line 1436, in verify_tool\n    stage_data_in_history(\n  File \"/opt/hostedtoolcache/Python/3.12.12/x64/lib/python3.12/site-packages/galaxy/tool_util/verify/interactor.py\", line 163, in stage_data_in_history\n    test_dict = galaxy_interactor.remote_to_input(\n                ^^^^^^^^^^^^^^^^^^^^^^^^^^^^^^^^^^\n  File \"/opt/hostedtoolcache/Python/3.12.12/x64/lib/python3.12/site-packages/galaxy/tool_util/verify/interactor.py\", line 582, in remote_to_input\n    path_or_location = self._get_path_or_location(\n                       ^^^^^^^^^^^^^^^^^^^^^^^^^^^\n  File \"/opt/hostedtoolcache/Python/3.12.12/x64/lib/python3.12/site-packages/galaxy/tool_util/verify/interactor.py\", line 619, in _get_path_or_location\n    path = self.test_data_download(\n           ^^^^^^^^^^^^^^^^^^^^^^^^\n  File \"/opt/hostedtoolcache/Python/3.12.12/x64/lib/python3.12/site-packages/galaxy/tool_util/verify/interactor.py\", line 525, in test_data_download\n    raise AssertionError(f\"Test input file ({filename}) cannot be found.\")\nAssertionError: Test input file (bam_to_sam_in1.bam) cannot be found.\n", "status": "error", "test_index": 11, "time_seconds": 0.052004098892211914, "tool_id": "samtools_view", "tool_version": "1.9+galaxy3"}
            ]]></error>
        
    </testcase>
    
    <testcase classname="samtools_view (Test #13)" name="12" time="0.05368351936340332">
        
            <error type="error" message="Input staging problem: Traceback (most recent call last):
  File "/opt/hostedtoolcache/Python/3.12.12/x64/lib/python3.12/site-packages/galaxy/tool_util/verify/interactor.py", line 1436, in verify_tool
    stage_data_in_history(
  File "/opt/hostedtoolcache/Python/3.12.12/x64/lib/python3.12/site-packages/galaxy/tool_util/verify/interactor.py", line 163, in stage_data_in_history
    test_dict = galaxy_interactor.remote_to_input(
                ^^^^^^^^^^^^^^^^^^^^^^^^^^^^^^^^^^
  File "/opt/hostedtoolcache/Python/3.12.12/x64/lib/python3.12/site-packages/galaxy/tool_util/verify/interactor.py", line 582, in remote_to_input
    path_or_location = self._get_path_or_location(
                       ^^^^^^^^^^^^^^^^^^^^^^^^^^^
  File "/opt/hostedtoolcache/Python/3.12.12/x64/lib/python3.12/site-packages/galaxy/tool_util/verify/interactor.py", line 619, in _get_path_or_location
    path = self.test_data_download(
           ^^^^^^^^^^^^^^^^^^^^^^^^
  File "/opt/hostedtoolcache/Python/3.12.12/x64/lib/python3.12/site-packages/galaxy/tool_util/verify/interactor.py", line 525, in test_data_download
    raise AssertionError(f"Test input file ({filename}) cannot be found.")
AssertionError: Test input file (bam_to_sam_in1.bam) cannot be found.
"><![CDATA[
                { "execution_problem": "Input staging problem: Traceback (most recent call last):\n  File \"/opt/hostedtoolcache/Python/3.12.12/x64/lib/python3.12/site-packages/galaxy/tool_util/verify/interactor.py\", line 1436, in verify_tool\n    stage_data_in_history(\n  File \"/opt/hostedtoolcache/Python/3.12.12/x64/lib/python3.12/site-packages/galaxy/tool_util/verify/interactor.py\", line 163, in stage_data_in_history\n    test_dict = galaxy_interactor.remote_to_input(\n                ^^^^^^^^^^^^^^^^^^^^^^^^^^^^^^^^^^\n  File \"/opt/hostedtoolcache/Python/3.12.12/x64/lib/python3.12/site-packages/galaxy/tool_util/verify/interactor.py\", line 582, in remote_to_input\n    path_or_location = self._get_path_or_location(\n                       ^^^^^^^^^^^^^^^^^^^^^^^^^^^\n  File \"/opt/hostedtoolcache/Python/3.12.12/x64/lib/python3.12/site-packages/galaxy/tool_util/verify/interactor.py\", line 619, in _get_path_or_location\n    path = self.test_data_download(\n           ^^^^^^^^^^^^^^^^^^^^^^^^\n  File \"/opt/hostedtoolcache/Python/3.12.12/x64/lib/python3.12/site-packages/galaxy/tool_util/verify/interactor.py\", line 525, in test_data_download\n    raise AssertionError(f\"Test input file ({filename}) cannot be found.\")\nAssertionError: Test input file (bam_to_sam_in1.bam) cannot be found.\n", "status": "error", "test_index": 12, "time_seconds": 0.05368351936340332, "tool_id": "samtools_view", "tool_version": "1.9+galaxy3"}
            ]]></error>
        
    </testcase>
    
    <testcase classname="samtools_view (Test #14)" name="13" time="0.05157327651977539">
        
            <error type="error" message="Input staging problem: Traceback (most recent call last):
  File "/opt/hostedtoolcache/Python/3.12.12/x64/lib/python3.12/site-packages/galaxy/tool_util/verify/interactor.py", line 1436, in verify_tool
    stage_data_in_history(
  File "/opt/hostedtoolcache/Python/3.12.12/x64/lib/python3.12/site-packages/galaxy/tool_util/verify/interactor.py", line 163, in stage_data_in_history
    test_dict = galaxy_interactor.remote_to_input(
                ^^^^^^^^^^^^^^^^^^^^^^^^^^^^^^^^^^
  File "/opt/hostedtoolcache/Python/3.12.12/x64/lib/python3.12/site-packages/galaxy/tool_util/verify/interactor.py", line 582, in remote_to_input
    path_or_location = self._get_path_or_location(
                       ^^^^^^^^^^^^^^^^^^^^^^^^^^^
  File "/opt/hostedtoolcache/Python/3.12.12/x64/lib/python3.12/site-packages/galaxy/tool_util/verify/interactor.py", line 619, in _get_path_or_location
    path = self.test_data_download(
           ^^^^^^^^^^^^^^^^^^^^^^^^
  File "/opt/hostedtoolcache/Python/3.12.12/x64/lib/python3.12/site-packages/galaxy/tool_util/verify/interactor.py", line 525, in test_data_download
    raise AssertionError(f"Test input file ({filename}) cannot be found.")
AssertionError: Test input file (test.bam) cannot be found.
"><![CDATA[
                { "execution_problem": "Input staging problem: Traceback (most recent call last):\n  File \"/opt/hostedtoolcache/Python/3.12.12/x64/lib/python3.12/site-packages/galaxy/tool_util/verify/interactor.py\", line 1436, in verify_tool\n    stage_data_in_history(\n  File \"/opt/hostedtoolcache/Python/3.12.12/x64/lib/python3.12/site-packages/galaxy/tool_util/verify/interactor.py\", line 163, in stage_data_in_history\n    test_dict = galaxy_interactor.remote_to_input(\n                ^^^^^^^^^^^^^^^^^^^^^^^^^^^^^^^^^^\n  File \"/opt/hostedtoolcache/Python/3.12.12/x64/lib/python3.12/site-packages/galaxy/tool_util/verify/interactor.py\", line 582, in remote_to_input\n    path_or_location = self._get_path_or_location(\n                       ^^^^^^^^^^^^^^^^^^^^^^^^^^^\n  File \"/opt/hostedtoolcache/Python/3.12.12/x64/lib/python3.12/site-packages/galaxy/tool_util/verify/interactor.py\", line 619, in _get_path_or_location\n    path = self.test_data_download(\n           ^^^^^^^^^^^^^^^^^^^^^^^^\n  File \"/opt/hostedtoolcache/Python/3.12.12/x64/lib/python3.12/site-packages/galaxy/tool_util/verify/interactor.py\", line 525, in test_data_download\n    raise AssertionError(f\"Test input file ({filename}) cannot be found.\")\nAssertionError: Test input file (test.bam) cannot be found.\n", "status": "error", "test_index": 13, "time_seconds": 0.05157327651977539, "tool_id": "samtools_view", "tool_version": "1.9+galaxy3"}
            ]]></error>
        
    </testcase>
    
    <testcase classname="samtools_view (Test #15)" name="14" time="0.05315685272216797">
        
            <error type="error" message="Input staging problem: Traceback (most recent call last):
  File "/opt/hostedtoolcache/Python/3.12.12/x64/lib/python3.12/site-packages/galaxy/tool_util/verify/interactor.py", line 1436, in verify_tool
    stage_data_in_history(
  File "/opt/hostedtoolcache/Python/3.12.12/x64/lib/python3.12/site-packages/galaxy/tool_util/verify/interactor.py", line 163, in stage_data_in_history
    test_dict = galaxy_interactor.remote_to_input(
                ^^^^^^^^^^^^^^^^^^^^^^^^^^^^^^^^^^
  File "/opt/hostedtoolcache/Python/3.12.12/x64/lib/python3.12/site-packages/galaxy/tool_util/verify/interactor.py", line 582, in remote_to_input
    path_or_location = self._get_path_or_location(
                       ^^^^^^^^^^^^^^^^^^^^^^^^^^^
  File "/opt/hostedtoolcache/Python/3.12.12/x64/lib/python3.12/site-packages/galaxy/tool_util/verify/interactor.py", line 619, in _get_path_or_location
    path = self.test_data_download(
           ^^^^^^^^^^^^^^^^^^^^^^^^
  File "/opt/hostedtoolcache/Python/3.12.12/x64/lib/python3.12/site-packages/galaxy/tool_util/verify/interactor.py", line 525, in test_data_download
    raise AssertionError(f"Test input file ({filename}) cannot be found.")
AssertionError: Test input file (test.sam) cannot be found.
"><![CDATA[
                { "execution_problem": "Input staging problem: Traceback (most recent call last):\n  File \"/opt/hostedtoolcache/Python/3.12.12/x64/lib/python3.12/site-packages/galaxy/tool_util/verify/interactor.py\", line 1436, in verify_tool\n    stage_data_in_history(\n  File \"/opt/hostedtoolcache/Python/3.12.12/x64/lib/python3.12/site-packages/galaxy/tool_util/verify/interactor.py\", line 163, in stage_data_in_history\n    test_dict = galaxy_interactor.remote_to_input(\n                ^^^^^^^^^^^^^^^^^^^^^^^^^^^^^^^^^^\n  File \"/opt/hostedtoolcache/Python/3.12.12/x64/lib/python3.12/site-packages/galaxy/tool_util/verify/interactor.py\", line 582, in remote_to_input\n    path_or_location = self._get_path_or_location(\n                       ^^^^^^^^^^^^^^^^^^^^^^^^^^^\n  File \"/opt/hostedtoolcache/Python/3.12.12/x64/lib/python3.12/site-packages/galaxy/tool_util/verify/interactor.py\", line 619, in _get_path_or_location\n    path = self.test_data_download(\n           ^^^^^^^^^^^^^^^^^^^^^^^^\n  File \"/opt/hostedtoolcache/Python/3.12.12/x64/lib/python3.12/site-packages/galaxy/tool_util/verify/interactor.py\", line 525, in test_data_download\n    raise AssertionError(f\"Test input file ({filename}) cannot be found.\")\nAssertionError: Test input file (test.sam) cannot be found.\n", "status": "error", "test_index": 14, "time_seconds": 0.05315685272216797, "tool_id": "samtools_view", "tool_version": "1.9+galaxy3"}
            ]]></error>
        
    </testcase>
    
    <testcase classname="samtools_view (Test #16)" name="15" time="0.05152010917663574">
        
            <error type="error" message="Input staging problem: Traceback (most recent call last):
  File "/opt/hostedtoolcache/Python/3.12.12/x64/lib/python3.12/site-packages/galaxy/tool_util/verify/interactor.py", line 1436, in verify_tool
    stage_data_in_history(
  File "/opt/hostedtoolcache/Python/3.12.12/x64/lib/python3.12/site-packages/galaxy/tool_util/verify/interactor.py", line 163, in stage_data_in_history
    test_dict = galaxy_interactor.remote_to_input(
                ^^^^^^^^^^^^^^^^^^^^^^^^^^^^^^^^^^
  File "/opt/hostedtoolcache/Python/3.12.12/x64/lib/python3.12/site-packages/galaxy/tool_util/verify/interactor.py", line 582, in remote_to_input
    path_or_location = self._get_path_or_location(
                       ^^^^^^^^^^^^^^^^^^^^^^^^^^^
  File "/opt/hostedtoolcache/Python/3.12.12/x64/lib/python3.12/site-packages/galaxy/tool_util/verify/interactor.py", line 619, in _get_path_or_location
    path = self.test_data_download(
           ^^^^^^^^^^^^^^^^^^^^^^^^
  File "/opt/hostedtoolcache/Python/3.12.12/x64/lib/python3.12/site-packages/galaxy/tool_util/verify/interactor.py", line 525, in test_data_download
    raise AssertionError(f"Test input file ({filename}) cannot be found.")
AssertionError: Test input file (test.bam) cannot be found.
"><![CDATA[
                { "execution_problem": "Input staging problem: Traceback (most recent call last):\n  File \"/opt/hostedtoolcache/Python/3.12.12/x64/lib/python3.12/site-packages/galaxy/tool_util/verify/interactor.py\", line 1436, in verify_tool\n    stage_data_in_history(\n  File \"/opt/hostedtoolcache/Python/3.12.12/x64/lib/python3.12/site-packages/galaxy/tool_util/verify/interactor.py\", line 163, in stage_data_in_history\n    test_dict = galaxy_interactor.remote_to_input(\n                ^^^^^^^^^^^^^^^^^^^^^^^^^^^^^^^^^^\n  File \"/opt/hostedtoolcache/Python/3.12.12/x64/lib/python3.12/site-packages/galaxy/tool_util/verify/interactor.py\", line 582, in remote_to_input\n    path_or_location = self._get_path_or_location(\n                       ^^^^^^^^^^^^^^^^^^^^^^^^^^^\n  File \"/opt/hostedtoolcache/Python/3.12.12/x64/lib/python3.12/site-packages/galaxy/tool_util/verify/interactor.py\", line 619, in _get_path_or_location\n    path = self.test_data_download(\n           ^^^^^^^^^^^^^^^^^^^^^^^^\n  File \"/opt/hostedtoolcache/Python/3.12.12/x64/lib/python3.12/site-packages/galaxy/tool_util/verify/interactor.py\", line 525, in test_data_download\n    raise AssertionError(f\"Test input file ({filename}) cannot be found.\")\nAssertionError: Test input file (test.bam) cannot be found.\n", "status": "error", "test_index": 15, "time_seconds": 0.05152010917663574, "tool_id": "samtools_view", "tool_version": "1.9+galaxy3"}
            ]]></error>
        
    </testcase>
    
    <testcase classname="samtools_view (Test #17)" name="16" time="">
        
            <error type="error" message=""><![CDATA[
                { "status": "skip", "test_index": 16, "tool_id": "samtools_view", "tool_version": "1.9+galaxy3"}
            ]]></error>
        
    </testcase>
    
    <testcase classname="samtools_view (Test #18)" name="17" time="0.05113792419433594">
        
            <error type="error" message="Input staging problem: Traceback (most recent call last):
  File "/opt/hostedtoolcache/Python/3.12.12/x64/lib/python3.12/site-packages/galaxy/tool_util/verify/interactor.py", line 1436, in verify_tool
    stage_data_in_history(
  File "/opt/hostedtoolcache/Python/3.12.12/x64/lib/python3.12/site-packages/galaxy/tool_util/verify/interactor.py", line 163, in stage_data_in_history
    test_dict = galaxy_interactor.remote_to_input(
                ^^^^^^^^^^^^^^^^^^^^^^^^^^^^^^^^^^
  File "/opt/hostedtoolcache/Python/3.12.12/x64/lib/python3.12/site-packages/galaxy/tool_util/verify/interactor.py", line 582, in remote_to_input
    path_or_location = self._get_path_or_location(
                       ^^^^^^^^^^^^^^^^^^^^^^^^^^^
  File "/opt/hostedtoolcache/Python/3.12.12/x64/lib/python3.12/site-packages/galaxy/tool_util/verify/interactor.py", line 619, in _get_path_or_location
    path = self.test_data_download(
           ^^^^^^^^^^^^^^^^^^^^^^^^
  File "/opt/hostedtoolcache/Python/3.12.12/x64/lib/python3.12/site-packages/galaxy/tool_util/verify/interactor.py", line 525, in test_data_download
    raise AssertionError(f"Test input file ({filename}) cannot be found.")
AssertionError: Test input file (test.bam) cannot be found.
"><![CDATA[
                { "execution_problem": "Input staging problem: Traceback (most recent call last):\n  File \"/opt/hostedtoolcache/Python/3.12.12/x64/lib/python3.12/site-packages/galaxy/tool_util/verify/interactor.py\", line 1436, in verify_tool\n    stage_data_in_history(\n  File \"/opt/hostedtoolcache/Python/3.12.12/x64/lib/python3.12/site-packages/galaxy/tool_util/verify/interactor.py\", line 163, in stage_data_in_history\n    test_dict = galaxy_interactor.remote_to_input(\n                ^^^^^^^^^^^^^^^^^^^^^^^^^^^^^^^^^^\n  File \"/opt/hostedtoolcache/Python/3.12.12/x64/lib/python3.12/site-packages/galaxy/tool_util/verify/interactor.py\", line 582, in remote_to_input\n    path_or_location = self._get_path_or_location(\n                       ^^^^^^^^^^^^^^^^^^^^^^^^^^^\n  File \"/opt/hostedtoolcache/Python/3.12.12/x64/lib/python3.12/site-packages/galaxy/tool_util/verify/interactor.py\", line 619, in _get_path_or_location\n    path = self.test_data_download(\n           ^^^^^^^^^^^^^^^^^^^^^^^^\n  File \"/opt/hostedtoolcache/Python/3.12.12/x64/lib/python3.12/site-packages/galaxy/tool_util/verify/interactor.py\", line 525, in test_data_download\n    raise AssertionError(f\"Test input file ({filename}) cannot be found.\")\nAssertionError: Test input file (test.bam) cannot be found.\n", "status": "error", "test_index": 17, "time_seconds": 0.05113792419433594, "tool_id": "samtools_view", "tool_version": "1.9+galaxy3"}
            ]]></error>
        
    </testcase>
    
    <testcase classname="samtools_view (Test #19)" name="18" time="0.05182528495788574">
        
            <error type="error" message="Input staging problem: Traceback (most recent call last):
  File "/opt/hostedtoolcache/Python/3.12.12/x64/lib/python3.12/site-packages/galaxy/tool_util/verify/interactor.py", line 1436, in verify_tool
    stage_data_in_history(
  File "/opt/hostedtoolcache/Python/3.12.12/x64/lib/python3.12/site-packages/galaxy/tool_util/verify/interactor.py", line 163, in stage_data_in_history
    test_dict = galaxy_interactor.remote_to_input(
                ^^^^^^^^^^^^^^^^^^^^^^^^^^^^^^^^^^
  File "/opt/hostedtoolcache/Python/3.12.12/x64/lib/python3.12/site-packages/galaxy/tool_util/verify/interactor.py", line 582, in remote_to_input
    path_or_location = self._get_path_or_location(
                       ^^^^^^^^^^^^^^^^^^^^^^^^^^^
  File "/opt/hostedtoolcache/Python/3.12.12/x64/lib/python3.12/site-packages/galaxy/tool_util/verify/interactor.py", line 619, in _get_path_or_location
    path = self.test_data_download(
           ^^^^^^^^^^^^^^^^^^^^^^^^
  File "/opt/hostedtoolcache/Python/3.12.12/x64/lib/python3.12/site-packages/galaxy/tool_util/verify/interactor.py", line 525, in test_data_download
    raise AssertionError(f"Test input file ({filename}) cannot be found.")
AssertionError: Test input file (test.cram) cannot be found.
"><![CDATA[
                { "execution_problem": "Input staging problem: Traceback (most recent call last):\n  File \"/opt/hostedtoolcache/Python/3.12.12/x64/lib/python3.12/site-packages/galaxy/tool_util/verify/interactor.py\", line 1436, in verify_tool\n    stage_data_in_history(\n  File \"/opt/hostedtoolcache/Python/3.12.12/x64/lib/python3.12/site-packages/galaxy/tool_util/verify/interactor.py\", line 163, in stage_data_in_history\n    test_dict = galaxy_interactor.remote_to_input(\n                ^^^^^^^^^^^^^^^^^^^^^^^^^^^^^^^^^^\n  File \"/opt/hostedtoolcache/Python/3.12.12/x64/lib/python3.12/site-packages/galaxy/tool_util/verify/interactor.py\", line 582, in remote_to_input\n    path_or_location = self._get_path_or_location(\n                       ^^^^^^^^^^^^^^^^^^^^^^^^^^^\n  File \"/opt/hostedtoolcache/Python/3.12.12/x64/lib/python3.12/site-packages/galaxy/tool_util/verify/interactor.py\", line 619, in _get_path_or_location\n    path = self.test_data_download(\n           ^^^^^^^^^^^^^^^^^^^^^^^^\n  File \"/opt/hostedtoolcache/Python/3.12.12/x64/lib/python3.12/site-packages/galaxy/tool_util/verify/interactor.py\", line 525, in test_data_download\n    raise AssertionError(f\"Test input file ({filename}) cannot be found.\")\nAssertionError: Test input file (test.cram) cannot be found.\n", "status": "error", "test_index": 18, "time_seconds": 0.05182528495788574, "tool_id": "samtools_view", "tool_version": "1.9+galaxy3"}
            ]]></error>
        
    </testcase>
    
    <testcase classname="samtools_view (Test #20)" name="19" time="0.05411410331726074">
        
            <error type="error" message="Input staging problem: Traceback (most recent call last):
  File "/opt/hostedtoolcache/Python/3.12.12/x64/lib/python3.12/site-packages/galaxy/tool_util/verify/interactor.py", line 1436, in verify_tool
    stage_data_in_history(
  File "/opt/hostedtoolcache/Python/3.12.12/x64/lib/python3.12/site-packages/galaxy/tool_util/verify/interactor.py", line 163, in stage_data_in_history
    test_dict = galaxy_interactor.remote_to_input(
                ^^^^^^^^^^^^^^^^^^^^^^^^^^^^^^^^^^
  File "/opt/hostedtoolcache/Python/3.12.12/x64/lib/python3.12/site-packages/galaxy/tool_util/verify/interactor.py", line 582, in remote_to_input
    path_or_location = self._get_path_or_location(
                       ^^^^^^^^^^^^^^^^^^^^^^^^^^^
  File "/opt/hostedtoolcache/Python/3.12.12/x64/lib/python3.12/site-packages/galaxy/tool_util/verify/interactor.py", line 619, in _get_path_or_location
    path = self.test_data_download(
           ^^^^^^^^^^^^^^^^^^^^^^^^
  File "/opt/hostedtoolcache/Python/3.12.12/x64/lib/python3.12/site-packages/galaxy/tool_util/verify/interactor.py", line 525, in test_data_download
    raise AssertionError(f"Test input file ({filename}) cannot be found.")
AssertionError: Test input file (test.cram) cannot be found.
"><![CDATA[
                { "execution_problem": "Input staging problem: Traceback (most recent call last):\n  File \"/opt/hostedtoolcache/Python/3.12.12/x64/lib/python3.12/site-packages/galaxy/tool_util/verify/interactor.py\", line 1436, in verify_tool\n    stage_data_in_history(\n  File \"/opt/hostedtoolcache/Python/3.12.12/x64/lib/python3.12/site-packages/galaxy/tool_util/verify/interactor.py\", line 163, in stage_data_in_history\n    test_dict = galaxy_interactor.remote_to_input(\n                ^^^^^^^^^^^^^^^^^^^^^^^^^^^^^^^^^^\n  File \"/opt/hostedtoolcache/Python/3.12.12/x64/lib/python3.12/site-packages/galaxy/tool_util/verify/interactor.py\", line 582, in remote_to_input\n    path_or_location = self._get_path_or_location(\n                       ^^^^^^^^^^^^^^^^^^^^^^^^^^^\n  File \"/opt/hostedtoolcache/Python/3.12.12/x64/lib/python3.12/site-packages/galaxy/tool_util/verify/interactor.py\", line 619, in _get_path_or_location\n    path = self.test_data_download(\n           ^^^^^^^^^^^^^^^^^^^^^^^^\n  File \"/opt/hostedtoolcache/Python/3.12.12/x64/lib/python3.12/site-packages/galaxy/tool_util/verify/interactor.py\", line 525, in test_data_download\n    raise AssertionError(f\"Test input file ({filename}) cannot be found.\")\nAssertionError: Test input file (test.cram) cannot be found.\n", "status": "error", "test_index": 19, "time_seconds": 0.05411410331726074, "tool_id": "samtools_view", "tool_version": "1.9+galaxy3"}
            ]]></error>
        
    </testcase>
    
    <testcase classname="samtools_view (Test #3)" name="2" time="0.05248427391052246">
        
            <error type="error" message="Input staging problem: Traceback (most recent call last):
  File "/opt/hostedtoolcache/Python/3.12.12/x64/lib/python3.12/site-packages/galaxy/tool_util/verify/interactor.py", line 1436, in verify_tool
    stage_data_in_history(
  File "/opt/hostedtoolcache/Python/3.12.12/x64/lib/python3.12/site-packages/galaxy/tool_util/verify/interactor.py", line 163, in stage_data_in_history
    test_dict = galaxy_interactor.remote_to_input(
                ^^^^^^^^^^^^^^^^^^^^^^^^^^^^^^^^^^
  File "/opt/hostedtoolcache/Python/3.12.12/x64/lib/python3.12/site-packages/galaxy/tool_util/verify/interactor.py", line 582, in remote_to_input
    path_or_location = self._get_path_or_location(
                       ^^^^^^^^^^^^^^^^^^^^^^^^^^^
  File "/opt/hostedtoolcache/Python/3.12.12/x64/lib/python3.12/site-packages/galaxy/tool_util/verify/interactor.py", line 619, in _get_path_or_location
    path = self.test_data_download(
           ^^^^^^^^^^^^^^^^^^^^^^^^
  File "/opt/hostedtoolcache/Python/3.12.12/x64/lib/python3.12/site-packages/galaxy/tool_util/verify/interactor.py", line 525, in test_data_download
    raise AssertionError(f"Test input file ({filename}) cannot be found.")
AssertionError: Test input file (sam_to_bam_noheader_in2.sam) cannot be found.
"><![CDATA[
                { "execution_problem": "Input staging problem: Traceback (most recent call last):\n  File \"/opt/hostedtoolcache/Python/3.12.12/x64/lib/python3.12/site-packages/galaxy/tool_util/verify/interactor.py\", line 1436, in verify_tool\n    stage_data_in_history(\n  File \"/opt/hostedtoolcache/Python/3.12.12/x64/lib/python3.12/site-packages/galaxy/tool_util/verify/interactor.py\", line 163, in stage_data_in_history\n    test_dict = galaxy_interactor.remote_to_input(\n                ^^^^^^^^^^^^^^^^^^^^^^^^^^^^^^^^^^\n  File \"/opt/hostedtoolcache/Python/3.12.12/x64/lib/python3.12/site-packages/galaxy/tool_util/verify/interactor.py\", line 582, in remote_to_input\n    path_or_location = self._get_path_or_location(\n                       ^^^^^^^^^^^^^^^^^^^^^^^^^^^\n  File \"/opt/hostedtoolcache/Python/3.12.12/x64/lib/python3.12/site-packages/galaxy/tool_util/verify/interactor.py\", line 619, in _get_path_or_location\n    path = self.test_data_download(\n           ^^^^^^^^^^^^^^^^^^^^^^^^\n  File \"/opt/hostedtoolcache/Python/3.12.12/x64/lib/python3.12/site-packages/galaxy/tool_util/verify/interactor.py\", line 525, in test_data_download\n    raise AssertionError(f\"Test input file ({filename}) cannot be found.\")\nAssertionError: Test input file (sam_to_bam_noheader_in2.sam) cannot be found.\n", "status": "error", "test_index": 2, "time_seconds": 0.05248427391052246, "tool_id": "samtools_view", "tool_version": "1.9+galaxy3"}
            ]]></error>
        
    </testcase>
    
    <testcase classname="samtools_view (Test #21)" name="20" time="0.051396846771240234">
        
            <error type="error" message="Input staging problem: Traceback (most recent call last):
  File "/opt/hostedtoolcache/Python/3.12.12/x64/lib/python3.12/site-packages/galaxy/tool_util/verify/interactor.py", line 1436, in verify_tool
    stage_data_in_history(
  File "/opt/hostedtoolcache/Python/3.12.12/x64/lib/python3.12/site-packages/galaxy/tool_util/verify/interactor.py", line 163, in stage_data_in_history
    test_dict = galaxy_interactor.remote_to_input(
                ^^^^^^^^^^^^^^^^^^^^^^^^^^^^^^^^^^
  File "/opt/hostedtoolcache/Python/3.12.12/x64/lib/python3.12/site-packages/galaxy/tool_util/verify/interactor.py", line 582, in remote_to_input
    path_or_location = self._get_path_or_location(
                       ^^^^^^^^^^^^^^^^^^^^^^^^^^^
  File "/opt/hostedtoolcache/Python/3.12.12/x64/lib/python3.12/site-packages/galaxy/tool_util/verify/interactor.py", line 619, in _get_path_or_location
    path = self.test_data_download(
           ^^^^^^^^^^^^^^^^^^^^^^^^
  File "/opt/hostedtoolcache/Python/3.12.12/x64/lib/python3.12/site-packages/galaxy/tool_util/verify/interactor.py", line 525, in test_data_download
    raise AssertionError(f"Test input file ({filename}) cannot be found.")
AssertionError: Test input file (test.sam) cannot be found.
"><![CDATA[
                { "execution_problem": "Input staging problem: Traceback (most recent call last):\n  File \"/opt/hostedtoolcache/Python/3.12.12/x64/lib/python3.12/site-packages/galaxy/tool_util/verify/interactor.py\", line 1436, in verify_tool\n    stage_data_in_history(\n  File \"/opt/hostedtoolcache/Python/3.12.12/x64/lib/python3.12/site-packages/galaxy/tool_util/verify/interactor.py\", line 163, in stage_data_in_history\n    test_dict = galaxy_interactor.remote_to_input(\n                ^^^^^^^^^^^^^^^^^^^^^^^^^^^^^^^^^^\n  File \"/opt/hostedtoolcache/Python/3.12.12/x64/lib/python3.12/site-packages/galaxy/tool_util/verify/interactor.py\", line 582, in remote_to_input\n    path_or_location = self._get_path_or_location(\n                       ^^^^^^^^^^^^^^^^^^^^^^^^^^^\n  File \"/opt/hostedtoolcache/Python/3.12.12/x64/lib/python3.12/site-packages/galaxy/tool_util/verify/interactor.py\", line 619, in _get_path_or_location\n    path = self.test_data_download(\n           ^^^^^^^^^^^^^^^^^^^^^^^^\n  File \"/opt/hostedtoolcache/Python/3.12.12/x64/lib/python3.12/site-packages/galaxy/tool_util/verify/interactor.py\", line 525, in test_data_download\n    raise AssertionError(f\"Test input file ({filename}) cannot be found.\")\nAssertionError: Test input file (test.sam) cannot be found.\n", "status": "error", "test_index": 20, "time_seconds": 0.051396846771240234, "tool_id": "samtools_view", "tool_version": "1.9+galaxy3"}
            ]]></error>
        
    </testcase>
    
    <testcase classname="samtools_view (Test #22)" name="21" time="0.05123305320739746">
        
            <error type="error" message="Input staging problem: Traceback (most recent call last):
  File "/opt/hostedtoolcache/Python/3.12.12/x64/lib/python3.12/site-packages/galaxy/tool_util/verify/interactor.py", line 1436, in verify_tool
    stage_data_in_history(
  File "/opt/hostedtoolcache/Python/3.12.12/x64/lib/python3.12/site-packages/galaxy/tool_util/verify/interactor.py", line 163, in stage_data_in_history
    test_dict = galaxy_interactor.remote_to_input(
                ^^^^^^^^^^^^^^^^^^^^^^^^^^^^^^^^^^
  File "/opt/hostedtoolcache/Python/3.12.12/x64/lib/python3.12/site-packages/galaxy/tool_util/verify/interactor.py", line 582, in remote_to_input
    path_or_location = self._get_path_or_location(
                       ^^^^^^^^^^^^^^^^^^^^^^^^^^^
  File "/opt/hostedtoolcache/Python/3.12.12/x64/lib/python3.12/site-packages/galaxy/tool_util/verify/interactor.py", line 619, in _get_path_or_location
    path = self.test_data_download(
           ^^^^^^^^^^^^^^^^^^^^^^^^
  File "/opt/hostedtoolcache/Python/3.12.12/x64/lib/python3.12/site-packages/galaxy/tool_util/verify/interactor.py", line 525, in test_data_download
    raise AssertionError(f"Test input file ({filename}) cannot be found.")
AssertionError: Test input file (test.sam) cannot be found.
"><![CDATA[
                { "execution_problem": "Input staging problem: Traceback (most recent call last):\n  File \"/opt/hostedtoolcache/Python/3.12.12/x64/lib/python3.12/site-packages/galaxy/tool_util/verify/interactor.py\", line 1436, in verify_tool\n    stage_data_in_history(\n  File \"/opt/hostedtoolcache/Python/3.12.12/x64/lib/python3.12/site-packages/galaxy/tool_util/verify/interactor.py\", line 163, in stage_data_in_history\n    test_dict = galaxy_interactor.remote_to_input(\n                ^^^^^^^^^^^^^^^^^^^^^^^^^^^^^^^^^^\n  File \"/opt/hostedtoolcache/Python/3.12.12/x64/lib/python3.12/site-packages/galaxy/tool_util/verify/interactor.py\", line 582, in remote_to_input\n    path_or_location = self._get_path_or_location(\n                       ^^^^^^^^^^^^^^^^^^^^^^^^^^^\n  File \"/opt/hostedtoolcache/Python/3.12.12/x64/lib/python3.12/site-packages/galaxy/tool_util/verify/interactor.py\", line 619, in _get_path_or_location\n    path = self.test_data_download(\n           ^^^^^^^^^^^^^^^^^^^^^^^^\n  File \"/opt/hostedtoolcache/Python/3.12.12/x64/lib/python3.12/site-packages/galaxy/tool_util/verify/interactor.py\", line 525, in test_data_download\n    raise AssertionError(f\"Test input file ({filename}) cannot be found.\")\nAssertionError: Test input file (test.sam) cannot be found.\n", "status": "error", "test_index": 21, "time_seconds": 0.05123305320739746, "tool_id": "samtools_view", "tool_version": "1.9+galaxy3"}
            ]]></error>
        
    </testcase>
    
    <testcase classname="samtools_view (Test #23)" name="22" time="0.05205416679382324">
        
            <error type="error" message="Input staging problem: Traceback (most recent call last):
  File "/opt/hostedtoolcache/Python/3.12.12/x64/lib/python3.12/site-packages/galaxy/tool_util/verify/interactor.py", line 1436, in verify_tool
    stage_data_in_history(
  File "/opt/hostedtoolcache/Python/3.12.12/x64/lib/python3.12/site-packages/galaxy/tool_util/verify/interactor.py", line 163, in stage_data_in_history
    test_dict = galaxy_interactor.remote_to_input(
                ^^^^^^^^^^^^^^^^^^^^^^^^^^^^^^^^^^
  File "/opt/hostedtoolcache/Python/3.12.12/x64/lib/python3.12/site-packages/galaxy/tool_util/verify/interactor.py", line 582, in remote_to_input
    path_or_location = self._get_path_or_location(
                       ^^^^^^^^^^^^^^^^^^^^^^^^^^^
  File "/opt/hostedtoolcache/Python/3.12.12/x64/lib/python3.12/site-packages/galaxy/tool_util/verify/interactor.py", line 619, in _get_path_or_location
    path = self.test_data_download(
           ^^^^^^^^^^^^^^^^^^^^^^^^
  File "/opt/hostedtoolcache/Python/3.12.12/x64/lib/python3.12/site-packages/galaxy/tool_util/verify/interactor.py", line 525, in test_data_download
    raise AssertionError(f"Test input file ({filename}) cannot be found.")
AssertionError: Test input file (no_reads.sam) cannot be found.
"><![CDATA[
                { "execution_problem": "Input staging problem: Traceback (most recent call last):\n  File \"/opt/hostedtoolcache/Python/3.12.12/x64/lib/python3.12/site-packages/galaxy/tool_util/verify/interactor.py\", line 1436, in verify_tool\n    stage_data_in_history(\n  File \"/opt/hostedtoolcache/Python/3.12.12/x64/lib/python3.12/site-packages/galaxy/tool_util/verify/interactor.py\", line 163, in stage_data_in_history\n    test_dict = galaxy_interactor.remote_to_input(\n                ^^^^^^^^^^^^^^^^^^^^^^^^^^^^^^^^^^\n  File \"/opt/hostedtoolcache/Python/3.12.12/x64/lib/python3.12/site-packages/galaxy/tool_util/verify/interactor.py\", line 582, in remote_to_input\n    path_or_location = self._get_path_or_location(\n                       ^^^^^^^^^^^^^^^^^^^^^^^^^^^\n  File \"/opt/hostedtoolcache/Python/3.12.12/x64/lib/python3.12/site-packages/galaxy/tool_util/verify/interactor.py\", line 619, in _get_path_or_location\n    path = self.test_data_download(\n           ^^^^^^^^^^^^^^^^^^^^^^^^\n  File \"/opt/hostedtoolcache/Python/3.12.12/x64/lib/python3.12/site-packages/galaxy/tool_util/verify/interactor.py\", line 525, in test_data_download\n    raise AssertionError(f\"Test input file ({filename}) cannot be found.\")\nAssertionError: Test input file (no_reads.sam) cannot be found.\n", "status": "error", "test_index": 22, "time_seconds": 0.05205416679382324, "tool_id": "samtools_view", "tool_version": "1.9+galaxy3"}
            ]]></error>
        
    </testcase>
    
    <testcase classname="samtools_view (Test #24)" name="23" time="0.05392146110534668">
        
            <error type="error" message="Input staging problem: Traceback (most recent call last):
  File "/opt/hostedtoolcache/Python/3.12.12/x64/lib/python3.12/site-packages/galaxy/tool_util/verify/interactor.py", line 1436, in verify_tool
    stage_data_in_history(
  File "/opt/hostedtoolcache/Python/3.12.12/x64/lib/python3.12/site-packages/galaxy/tool_util/verify/interactor.py", line 163, in stage_data_in_history
    test_dict = galaxy_interactor.remote_to_input(
                ^^^^^^^^^^^^^^^^^^^^^^^^^^^^^^^^^^
  File "/opt/hostedtoolcache/Python/3.12.12/x64/lib/python3.12/site-packages/galaxy/tool_util/verify/interactor.py", line 582, in remote_to_input
    path_or_location = self._get_path_or_location(
                       ^^^^^^^^^^^^^^^^^^^^^^^^^^^
  File "/opt/hostedtoolcache/Python/3.12.12/x64/lib/python3.12/site-packages/galaxy/tool_util/verify/interactor.py", line 619, in _get_path_or_location
    path = self.test_data_download(
           ^^^^^^^^^^^^^^^^^^^^^^^^
  File "/opt/hostedtoolcache/Python/3.12.12/x64/lib/python3.12/site-packages/galaxy/tool_util/verify/interactor.py", line 525, in test_data_download
    raise AssertionError(f"Test input file ({filename}) cannot be found.")
AssertionError: Test input file (no_reads.bam) cannot be found.
"><![CDATA[
                { "execution_problem": "Input staging problem: Traceback (most recent call last):\n  File \"/opt/hostedtoolcache/Python/3.12.12/x64/lib/python3.12/site-packages/galaxy/tool_util/verify/interactor.py\", line 1436, in verify_tool\n    stage_data_in_history(\n  File \"/opt/hostedtoolcache/Python/3.12.12/x64/lib/python3.12/site-packages/galaxy/tool_util/verify/interactor.py\", line 163, in stage_data_in_history\n    test_dict = galaxy_interactor.remote_to_input(\n                ^^^^^^^^^^^^^^^^^^^^^^^^^^^^^^^^^^\n  File \"/opt/hostedtoolcache/Python/3.12.12/x64/lib/python3.12/site-packages/galaxy/tool_util/verify/interactor.py\", line 582, in remote_to_input\n    path_or_location = self._get_path_or_location(\n                       ^^^^^^^^^^^^^^^^^^^^^^^^^^^\n  File \"/opt/hostedtoolcache/Python/3.12.12/x64/lib/python3.12/site-packages/galaxy/tool_util/verify/interactor.py\", line 619, in _get_path_or_location\n    path = self.test_data_download(\n           ^^^^^^^^^^^^^^^^^^^^^^^^\n  File \"/opt/hostedtoolcache/Python/3.12.12/x64/lib/python3.12/site-packages/galaxy/tool_util/verify/interactor.py\", line 525, in test_data_download\n    raise AssertionError(f\"Test input file ({filename}) cannot be found.\")\nAssertionError: Test input file (no_reads.bam) cannot be found.\n", "status": "error", "test_index": 23, "time_seconds": 0.05392146110534668, "tool_id": "samtools_view", "tool_version": "1.9+galaxy3"}
            ]]></error>
        
    </testcase>
    
    <testcase classname="samtools_view (Test #25)" name="24" time="0.05244898796081543">
        
            <error type="error" message="Input staging problem: Traceback (most recent call last):
  File "/opt/hostedtoolcache/Python/3.12.12/x64/lib/python3.12/site-packages/galaxy/tool_util/verify/interactor.py", line 1436, in verify_tool
    stage_data_in_history(
  File "/opt/hostedtoolcache/Python/3.12.12/x64/lib/python3.12/site-packages/galaxy/tool_util/verify/interactor.py", line 163, in stage_data_in_history
    test_dict = galaxy_interactor.remote_to_input(
                ^^^^^^^^^^^^^^^^^^^^^^^^^^^^^^^^^^
  File "/opt/hostedtoolcache/Python/3.12.12/x64/lib/python3.12/site-packages/galaxy/tool_util/verify/interactor.py", line 582, in remote_to_input
    path_or_location = self._get_path_or_location(
                       ^^^^^^^^^^^^^^^^^^^^^^^^^^^
  File "/opt/hostedtoolcache/Python/3.12.12/x64/lib/python3.12/site-packages/galaxy/tool_util/verify/interactor.py", line 619, in _get_path_or_location
    path = self.test_data_download(
           ^^^^^^^^^^^^^^^^^^^^^^^^
  File "/opt/hostedtoolcache/Python/3.12.12/x64/lib/python3.12/site-packages/galaxy/tool_util/verify/interactor.py", line 525, in test_data_download
    raise AssertionError(f"Test input file ({filename}) cannot be found.")
AssertionError: Test input file (test.sam) cannot be found.
"><![CDATA[
                { "execution_problem": "Input staging problem: Traceback (most recent call last):\n  File \"/opt/hostedtoolcache/Python/3.12.12/x64/lib/python3.12/site-packages/galaxy/tool_util/verify/interactor.py\", line 1436, in verify_tool\n    stage_data_in_history(\n  File \"/opt/hostedtoolcache/Python/3.12.12/x64/lib/python3.12/site-packages/galaxy/tool_util/verify/interactor.py\", line 163, in stage_data_in_history\n    test_dict = galaxy_interactor.remote_to_input(\n                ^^^^^^^^^^^^^^^^^^^^^^^^^^^^^^^^^^\n  File \"/opt/hostedtoolcache/Python/3.12.12/x64/lib/python3.12/site-packages/galaxy/tool_util/verify/interactor.py\", line 582, in remote_to_input\n    path_or_location = self._get_path_or_location(\n                       ^^^^^^^^^^^^^^^^^^^^^^^^^^^\n  File \"/opt/hostedtoolcache/Python/3.12.12/x64/lib/python3.12/site-packages/galaxy/tool_util/verify/interactor.py\", line 619, in _get_path_or_location\n    path = self.test_data_download(\n           ^^^^^^^^^^^^^^^^^^^^^^^^\n  File \"/opt/hostedtoolcache/Python/3.12.12/x64/lib/python3.12/site-packages/galaxy/tool_util/verify/interactor.py\", line 525, in test_data_download\n    raise AssertionError(f\"Test input file ({filename}) cannot be found.\")\nAssertionError: Test input file (test.sam) cannot be found.\n", "status": "error", "test_index": 24, "time_seconds": 0.05244898796081543, "tool_id": "samtools_view", "tool_version": "1.9+galaxy3"}
            ]]></error>
        
    </testcase>
    
    <testcase classname="samtools_view (Test #26)" name="25" time="0.050478219985961914">
        
            <error type="error" message="Input staging problem: Traceback (most recent call last):
  File "/opt/hostedtoolcache/Python/3.12.12/x64/lib/python3.12/site-packages/galaxy/tool_util/verify/interactor.py", line 1436, in verify_tool
    stage_data_in_history(
  File "/opt/hostedtoolcache/Python/3.12.12/x64/lib/python3.12/site-packages/galaxy/tool_util/verify/interactor.py", line 163, in stage_data_in_history
    test_dict = galaxy_interactor.remote_to_input(
                ^^^^^^^^^^^^^^^^^^^^^^^^^^^^^^^^^^
  File "/opt/hostedtoolcache/Python/3.12.12/x64/lib/python3.12/site-packages/galaxy/tool_util/verify/interactor.py", line 582, in remote_to_input
    path_or_location = self._get_path_or_location(
                       ^^^^^^^^^^^^^^^^^^^^^^^^^^^
  File "/opt/hostedtoolcache/Python/3.12.12/x64/lib/python3.12/site-packages/galaxy/tool_util/verify/interactor.py", line 619, in _get_path_or_location
    path = self.test_data_download(
           ^^^^^^^^^^^^^^^^^^^^^^^^
  File "/opt/hostedtoolcache/Python/3.12.12/x64/lib/python3.12/site-packages/galaxy/tool_util/verify/interactor.py", line 525, in test_data_download
    raise AssertionError(f"Test input file ({filename}) cannot be found.")
AssertionError: Test input file (test.bam) cannot be found.
"><![CDATA[
                { "execution_problem": "Input staging problem: Traceback (most recent call last):\n  File \"/opt/hostedtoolcache/Python/3.12.12/x64/lib/python3.12/site-packages/galaxy/tool_util/verify/interactor.py\", line 1436, in verify_tool\n    stage_data_in_history(\n  File \"/opt/hostedtoolcache/Python/3.12.12/x64/lib/python3.12/site-packages/galaxy/tool_util/verify/interactor.py\", line 163, in stage_data_in_history\n    test_dict = galaxy_interactor.remote_to_input(\n                ^^^^^^^^^^^^^^^^^^^^^^^^^^^^^^^^^^\n  File \"/opt/hostedtoolcache/Python/3.12.12/x64/lib/python3.12/site-packages/galaxy/tool_util/verify/interactor.py\", line 582, in remote_to_input\n    path_or_location = self._get_path_or_location(\n                       ^^^^^^^^^^^^^^^^^^^^^^^^^^^\n  File \"/opt/hostedtoolcache/Python/3.12.12/x64/lib/python3.12/site-packages/galaxy/tool_util/verify/interactor.py\", line 619, in _get_path_or_location\n    path = self.test_data_download(\n           ^^^^^^^^^^^^^^^^^^^^^^^^\n  File \"/opt/hostedtoolcache/Python/3.12.12/x64/lib/python3.12/site-packages/galaxy/tool_util/verify/interactor.py\", line 525, in test_data_download\n    raise AssertionError(f\"Test input file ({filename}) cannot be found.\")\nAssertionError: Test input file (test.bam) cannot be found.\n", "status": "error", "test_index": 25, "time_seconds": 0.050478219985961914, "tool_id": "samtools_view", "tool_version": "1.9+galaxy3"}
            ]]></error>
        
    </testcase>
    
    <testcase classname="samtools_view (Test #27)" name="26" time="0.05245161056518555">
        
            <error type="error" message="Input staging problem: Traceback (most recent call last):
  File "/opt/hostedtoolcache/Python/3.12.12/x64/lib/python3.12/site-packages/galaxy/tool_util/verify/interactor.py", line 1436, in verify_tool
    stage_data_in_history(
  File "/opt/hostedtoolcache/Python/3.12.12/x64/lib/python3.12/site-packages/galaxy/tool_util/verify/interactor.py", line 163, in stage_data_in_history
    test_dict = galaxy_interactor.remote_to_input(
                ^^^^^^^^^^^^^^^^^^^^^^^^^^^^^^^^^^
  File "/opt/hostedtoolcache/Python/3.12.12/x64/lib/python3.12/site-packages/galaxy/tool_util/verify/interactor.py", line 582, in remote_to_input
    path_or_location = self._get_path_or_location(
                       ^^^^^^^^^^^^^^^^^^^^^^^^^^^
  File "/opt/hostedtoolcache/Python/3.12.12/x64/lib/python3.12/site-packages/galaxy/tool_util/verify/interactor.py", line 619, in _get_path_or_location
    path = self.test_data_download(
           ^^^^^^^^^^^^^^^^^^^^^^^^
  File "/opt/hostedtoolcache/Python/3.12.12/x64/lib/python3.12/site-packages/galaxy/tool_util/verify/interactor.py", line 525, in test_data_download
    raise AssertionError(f"Test input file ({filename}) cannot be found.")
AssertionError: Test input file (test.bam) cannot be found.
"><![CDATA[
                { "execution_problem": "Input staging problem: Traceback (most recent call last):\n  File \"/opt/hostedtoolcache/Python/3.12.12/x64/lib/python3.12/site-packages/galaxy/tool_util/verify/interactor.py\", line 1436, in verify_tool\n    stage_data_in_history(\n  File \"/opt/hostedtoolcache/Python/3.12.12/x64/lib/python3.12/site-packages/galaxy/tool_util/verify/interactor.py\", line 163, in stage_data_in_history\n    test_dict = galaxy_interactor.remote_to_input(\n                ^^^^^^^^^^^^^^^^^^^^^^^^^^^^^^^^^^\n  File \"/opt/hostedtoolcache/Python/3.12.12/x64/lib/python3.12/site-packages/galaxy/tool_util/verify/interactor.py\", line 582, in remote_to_input\n    path_or_location = self._get_path_or_location(\n                       ^^^^^^^^^^^^^^^^^^^^^^^^^^^\n  File \"/opt/hostedtoolcache/Python/3.12.12/x64/lib/python3.12/site-packages/galaxy/tool_util/verify/interactor.py\", line 619, in _get_path_or_location\n    path = self.test_data_download(\n           ^^^^^^^^^^^^^^^^^^^^^^^^\n  File \"/opt/hostedtoolcache/Python/3.12.12/x64/lib/python3.12/site-packages/galaxy/tool_util/verify/interactor.py\", line 525, in test_data_download\n    raise AssertionError(f\"Test input file ({filename}) cannot be found.\")\nAssertionError: Test input file (test.bam) cannot be found.\n", "status": "error", "test_index": 26, "time_seconds": 0.05245161056518555, "tool_id": "samtools_view", "tool_version": "1.9+galaxy3"}
            ]]></error>
        
    </testcase>
    
    <testcase classname="samtools_view (Test #28)" name="27" time="0.05118107795715332">
        
            <error type="error" message="Input staging problem: Traceback (most recent call last):
  File "/opt/hostedtoolcache/Python/3.12.12/x64/lib/python3.12/site-packages/galaxy/tool_util/verify/interactor.py", line 1436, in verify_tool
    stage_data_in_history(
  File "/opt/hostedtoolcache/Python/3.12.12/x64/lib/python3.12/site-packages/galaxy/tool_util/verify/interactor.py", line 163, in stage_data_in_history
    test_dict = galaxy_interactor.remote_to_input(
                ^^^^^^^^^^^^^^^^^^^^^^^^^^^^^^^^^^
  File "/opt/hostedtoolcache/Python/3.12.12/x64/lib/python3.12/site-packages/galaxy/tool_util/verify/interactor.py", line 582, in remote_to_input
    path_or_location = self._get_path_or_location(
                       ^^^^^^^^^^^^^^^^^^^^^^^^^^^
  File "/opt/hostedtoolcache/Python/3.12.12/x64/lib/python3.12/site-packages/galaxy/tool_util/verify/interactor.py", line 619, in _get_path_or_location
    path = self.test_data_download(
           ^^^^^^^^^^^^^^^^^^^^^^^^
  File "/opt/hostedtoolcache/Python/3.12.12/x64/lib/python3.12/site-packages/galaxy/tool_util/verify/interactor.py", line 525, in test_data_download
    raise AssertionError(f"Test input file ({filename}) cannot be found.")
AssertionError: Test input file (test.bam) cannot be found.
"><![CDATA[
                { "execution_problem": "Input staging problem: Traceback (most recent call last):\n  File \"/opt/hostedtoolcache/Python/3.12.12/x64/lib/python3.12/site-packages/galaxy/tool_util/verify/interactor.py\", line 1436, in verify_tool\n    stage_data_in_history(\n  File \"/opt/hostedtoolcache/Python/3.12.12/x64/lib/python3.12/site-packages/galaxy/tool_util/verify/interactor.py\", line 163, in stage_data_in_history\n    test_dict = galaxy_interactor.remote_to_input(\n                ^^^^^^^^^^^^^^^^^^^^^^^^^^^^^^^^^^\n  File \"/opt/hostedtoolcache/Python/3.12.12/x64/lib/python3.12/site-packages/galaxy/tool_util/verify/interactor.py\", line 582, in remote_to_input\n    path_or_location = self._get_path_or_location(\n                       ^^^^^^^^^^^^^^^^^^^^^^^^^^^\n  File \"/opt/hostedtoolcache/Python/3.12.12/x64/lib/python3.12/site-packages/galaxy/tool_util/verify/interactor.py\", line 619, in _get_path_or_location\n    path = self.test_data_download(\n           ^^^^^^^^^^^^^^^^^^^^^^^^\n  File \"/opt/hostedtoolcache/Python/3.12.12/x64/lib/python3.12/site-packages/galaxy/tool_util/verify/interactor.py\", line 525, in test_data_download\n    raise AssertionError(f\"Test input file ({filename}) cannot be found.\")\nAssertionError: Test input file (test.bam) cannot be found.\n", "status": "error", "test_index": 27, "time_seconds": 0.05118107795715332, "tool_id": "samtools_view", "tool_version": "1.9+galaxy3"}
            ]]></error>
        
    </testcase>
    
    <testcase classname="samtools_view (Test #29)" name="28" time="0.05220150947570801">
        
            <error type="error" message="Input staging problem: Traceback (most recent call last):
  File "/opt/hostedtoolcache/Python/3.12.12/x64/lib/python3.12/site-packages/galaxy/tool_util/verify/interactor.py", line 1436, in verify_tool
    stage_data_in_history(
  File "/opt/hostedtoolcache/Python/3.12.12/x64/lib/python3.12/site-packages/galaxy/tool_util/verify/interactor.py", line 163, in stage_data_in_history
    test_dict = galaxy_interactor.remote_to_input(
                ^^^^^^^^^^^^^^^^^^^^^^^^^^^^^^^^^^
  File "/opt/hostedtoolcache/Python/3.12.12/x64/lib/python3.12/site-packages/galaxy/tool_util/verify/interactor.py", line 582, in remote_to_input
    path_or_location = self._get_path_or_location(
                       ^^^^^^^^^^^^^^^^^^^^^^^^^^^
  File "/opt/hostedtoolcache/Python/3.12.12/x64/lib/python3.12/site-packages/galaxy/tool_util/verify/interactor.py", line 619, in _get_path_or_location
    path = self.test_data_download(
           ^^^^^^^^^^^^^^^^^^^^^^^^
  File "/opt/hostedtoolcache/Python/3.12.12/x64/lib/python3.12/site-packages/galaxy/tool_util/verify/interactor.py", line 525, in test_data_download
    raise AssertionError(f"Test input file ({filename}) cannot be found.")
AssertionError: Test input file (test.bam) cannot be found.
"><![CDATA[
                { "execution_problem": "Input staging problem: Traceback (most recent call last):\n  File \"/opt/hostedtoolcache/Python/3.12.12/x64/lib/python3.12/site-packages/galaxy/tool_util/verify/interactor.py\", line 1436, in verify_tool\n    stage_data_in_history(\n  File \"/opt/hostedtoolcache/Python/3.12.12/x64/lib/python3.12/site-packages/galaxy/tool_util/verify/interactor.py\", line 163, in stage_data_in_history\n    test_dict = galaxy_interactor.remote_to_input(\n                ^^^^^^^^^^^^^^^^^^^^^^^^^^^^^^^^^^\n  File \"/opt/hostedtoolcache/Python/3.12.12/x64/lib/python3.12/site-packages/galaxy/tool_util/verify/interactor.py\", line 582, in remote_to_input\n    path_or_location = self._get_path_or_location(\n                       ^^^^^^^^^^^^^^^^^^^^^^^^^^^\n  File \"/opt/hostedtoolcache/Python/3.12.12/x64/lib/python3.12/site-packages/galaxy/tool_util/verify/interactor.py\", line 619, in _get_path_or_location\n    path = self.test_data_download(\n           ^^^^^^^^^^^^^^^^^^^^^^^^\n  File \"/opt/hostedtoolcache/Python/3.12.12/x64/lib/python3.12/site-packages/galaxy/tool_util/verify/interactor.py\", line 525, in test_data_download\n    raise AssertionError(f\"Test input file ({filename}) cannot be found.\")\nAssertionError: Test input file (test.bam) cannot be found.\n", "status": "error", "test_index": 28, "time_seconds": 0.05220150947570801, "tool_id": "samtools_view", "tool_version": "1.9+galaxy3"}
            ]]></error>
        
    </testcase>
    
    <testcase classname="samtools_view (Test #4)" name="3" time="0.05257892608642578">
        
            <error type="error" message="Input staging problem: Traceback (most recent call last):
  File "/opt/hostedtoolcache/Python/3.12.12/x64/lib/python3.12/site-packages/galaxy/tool_util/verify/interactor.py", line 1436, in verify_tool
    stage_data_in_history(
  File "/opt/hostedtoolcache/Python/3.12.12/x64/lib/python3.12/site-packages/galaxy/tool_util/verify/interactor.py", line 163, in stage_data_in_history
    test_dict = galaxy_interactor.remote_to_input(
                ^^^^^^^^^^^^^^^^^^^^^^^^^^^^^^^^^^
  File "/opt/hostedtoolcache/Python/3.12.12/x64/lib/python3.12/site-packages/galaxy/tool_util/verify/interactor.py", line 582, in remote_to_input
    path_or_location = self._get_path_or_location(
                       ^^^^^^^^^^^^^^^^^^^^^^^^^^^
  File "/opt/hostedtoolcache/Python/3.12.12/x64/lib/python3.12/site-packages/galaxy/tool_util/verify/interactor.py", line 619, in _get_path_or_location
    path = self.test_data_download(
           ^^^^^^^^^^^^^^^^^^^^^^^^
  File "/opt/hostedtoolcache/Python/3.12.12/x64/lib/python3.12/site-packages/galaxy/tool_util/verify/interactor.py", line 525, in test_data_download
    raise AssertionError(f"Test input file ({filename}) cannot be found.")
AssertionError: Test input file (test.cram) cannot be found.
"><![CDATA[
                { "execution_problem": "Input staging problem: Traceback (most recent call last):\n  File \"/opt/hostedtoolcache/Python/3.12.12/x64/lib/python3.12/site-packages/galaxy/tool_util/verify/interactor.py\", line 1436, in verify_tool\n    stage_data_in_history(\n  File \"/opt/hostedtoolcache/Python/3.12.12/x64/lib/python3.12/site-packages/galaxy/tool_util/verify/interactor.py\", line 163, in stage_data_in_history\n    test_dict = galaxy_interactor.remote_to_input(\n                ^^^^^^^^^^^^^^^^^^^^^^^^^^^^^^^^^^\n  File \"/opt/hostedtoolcache/Python/3.12.12/x64/lib/python3.12/site-packages/galaxy/tool_util/verify/interactor.py\", line 582, in remote_to_input\n    path_or_location = self._get_path_or_location(\n                       ^^^^^^^^^^^^^^^^^^^^^^^^^^^\n  File \"/opt/hostedtoolcache/Python/3.12.12/x64/lib/python3.12/site-packages/galaxy/tool_util/verify/interactor.py\", line 619, in _get_path_or_location\n    path = self.test_data_download(\n           ^^^^^^^^^^^^^^^^^^^^^^^^\n  File \"/opt/hostedtoolcache/Python/3.12.12/x64/lib/python3.12/site-packages/galaxy/tool_util/verify/interactor.py\", line 525, in test_data_download\n    raise AssertionError(f\"Test input file ({filename}) cannot be found.\")\nAssertionError: Test input file (test.cram) cannot be found.\n", "status": "error", "test_index": 3, "time_seconds": 0.05257892608642578, "tool_id": "samtools_view", "tool_version": "1.9+galaxy3"}
            ]]></error>
        
    </testcase>
    
    <testcase classname="samtools_view (Test #5)" name="4" time="0.05352520942687988">
        
            <error type="error" message="Input staging problem: Traceback (most recent call last):
  File "/opt/hostedtoolcache/Python/3.12.12/x64/lib/python3.12/site-packages/galaxy/tool_util/verify/interactor.py", line 1436, in verify_tool
    stage_data_in_history(
  File "/opt/hostedtoolcache/Python/3.12.12/x64/lib/python3.12/site-packages/galaxy/tool_util/verify/interactor.py", line 163, in stage_data_in_history
    test_dict = galaxy_interactor.remote_to_input(
                ^^^^^^^^^^^^^^^^^^^^^^^^^^^^^^^^^^
  File "/opt/hostedtoolcache/Python/3.12.12/x64/lib/python3.12/site-packages/galaxy/tool_util/verify/interactor.py", line 582, in remote_to_input
    path_or_location = self._get_path_or_location(
                       ^^^^^^^^^^^^^^^^^^^^^^^^^^^
  File "/opt/hostedtoolcache/Python/3.12.12/x64/lib/python3.12/site-packages/galaxy/tool_util/verify/interactor.py", line 619, in _get_path_or_location
    path = self.test_data_download(
           ^^^^^^^^^^^^^^^^^^^^^^^^
  File "/opt/hostedtoolcache/Python/3.12.12/x64/lib/python3.12/site-packages/galaxy/tool_util/verify/interactor.py", line 525, in test_data_download
    raise AssertionError(f"Test input file ({filename}) cannot be found.")
AssertionError: Test input file (1_sort.bam) cannot be found.
"><![CDATA[
                { "execution_problem": "Input staging problem: Traceback (most recent call last):\n  File \"/opt/hostedtoolcache/Python/3.12.12/x64/lib/python3.12/site-packages/galaxy/tool_util/verify/interactor.py\", line 1436, in verify_tool\n    stage_data_in_history(\n  File \"/opt/hostedtoolcache/Python/3.12.12/x64/lib/python3.12/site-packages/galaxy/tool_util/verify/interactor.py\", line 163, in stage_data_in_history\n    test_dict = galaxy_interactor.remote_to_input(\n                ^^^^^^^^^^^^^^^^^^^^^^^^^^^^^^^^^^\n  File \"/opt/hostedtoolcache/Python/3.12.12/x64/lib/python3.12/site-packages/galaxy/tool_util/verify/interactor.py\", line 582, in remote_to_input\n    path_or_location = self._get_path_or_location(\n                       ^^^^^^^^^^^^^^^^^^^^^^^^^^^\n  File \"/opt/hostedtoolcache/Python/3.12.12/x64/lib/python3.12/site-packages/galaxy/tool_util/verify/interactor.py\", line 619, in _get_path_or_location\n    path = self.test_data_download(\n           ^^^^^^^^^^^^^^^^^^^^^^^^\n  File \"/opt/hostedtoolcache/Python/3.12.12/x64/lib/python3.12/site-packages/galaxy/tool_util/verify/interactor.py\", line 525, in test_data_download\n    raise AssertionError(f\"Test input file ({filename}) cannot be found.\")\nAssertionError: Test input file (1_sort.bam) cannot be found.\n", "status": "error", "test_index": 4, "time_seconds": 0.05352520942687988, "tool_id": "samtools_view", "tool_version": "1.9+galaxy3"}
            ]]></error>
        
    </testcase>
    
    <testcase classname="samtools_view (Test #6)" name="5" time="0.053078413009643555">
        
            <error type="error" message="Input staging problem: Traceback (most recent call last):
  File "/opt/hostedtoolcache/Python/3.12.12/x64/lib/python3.12/site-packages/galaxy/tool_util/verify/interactor.py", line 1436, in verify_tool
    stage_data_in_history(
  File "/opt/hostedtoolcache/Python/3.12.12/x64/lib/python3.12/site-packages/galaxy/tool_util/verify/interactor.py", line 163, in stage_data_in_history
    test_dict = galaxy_interactor.remote_to_input(
                ^^^^^^^^^^^^^^^^^^^^^^^^^^^^^^^^^^
  File "/opt/hostedtoolcache/Python/3.12.12/x64/lib/python3.12/site-packages/galaxy/tool_util/verify/interactor.py", line 582, in remote_to_input
    path_or_location = self._get_path_or_location(
                       ^^^^^^^^^^^^^^^^^^^^^^^^^^^
  File "/opt/hostedtoolcache/Python/3.12.12/x64/lib/python3.12/site-packages/galaxy/tool_util/verify/interactor.py", line 619, in _get_path_or_location
    path = self.test_data_download(
           ^^^^^^^^^^^^^^^^^^^^^^^^
  File "/opt/hostedtoolcache/Python/3.12.12/x64/lib/python3.12/site-packages/galaxy/tool_util/verify/interactor.py", line 525, in test_data_download
    raise AssertionError(f"Test input file ({filename}) cannot be found.")
AssertionError: Test input file (1_sort.bam) cannot be found.
"><![CDATA[
                { "execution_problem": "Input staging problem: Traceback (most recent call last):\n  File \"/opt/hostedtoolcache/Python/3.12.12/x64/lib/python3.12/site-packages/galaxy/tool_util/verify/interactor.py\", line 1436, in verify_tool\n    stage_data_in_history(\n  File \"/opt/hostedtoolcache/Python/3.12.12/x64/lib/python3.12/site-packages/galaxy/tool_util/verify/interactor.py\", line 163, in stage_data_in_history\n    test_dict = galaxy_interactor.remote_to_input(\n                ^^^^^^^^^^^^^^^^^^^^^^^^^^^^^^^^^^\n  File \"/opt/hostedtoolcache/Python/3.12.12/x64/lib/python3.12/site-packages/galaxy/tool_util/verify/interactor.py\", line 582, in remote_to_input\n    path_or_location = self._get_path_or_location(\n                       ^^^^^^^^^^^^^^^^^^^^^^^^^^^\n  File \"/opt/hostedtoolcache/Python/3.12.12/x64/lib/python3.12/site-packages/galaxy/tool_util/verify/interactor.py\", line 619, in _get_path_or_location\n    path = self.test_data_download(\n           ^^^^^^^^^^^^^^^^^^^^^^^^\n  File \"/opt/hostedtoolcache/Python/3.12.12/x64/lib/python3.12/site-packages/galaxy/tool_util/verify/interactor.py\", line 525, in test_data_download\n    raise AssertionError(f\"Test input file ({filename}) cannot be found.\")\nAssertionError: Test input file (1_sort.bam) cannot be found.\n", "status": "error", "test_index": 5, "time_seconds": 0.053078413009643555, "tool_id": "samtools_view", "tool_version": "1.9+galaxy3"}
            ]]></error>
        
    </testcase>
    
    <testcase classname="samtools_view (Test #7)" name="6" time="0.05190324783325195">
        
            <error type="error" message="Input staging problem: Traceback (most recent call last):
  File "/opt/hostedtoolcache/Python/3.12.12/x64/lib/python3.12/site-packages/galaxy/tool_util/verify/interactor.py", line 1436, in verify_tool
    stage_data_in_history(
  File "/opt/hostedtoolcache/Python/3.12.12/x64/lib/python3.12/site-packages/galaxy/tool_util/verify/interactor.py", line 163, in stage_data_in_history
    test_dict = galaxy_interactor.remote_to_input(
                ^^^^^^^^^^^^^^^^^^^^^^^^^^^^^^^^^^
  File "/opt/hostedtoolcache/Python/3.12.12/x64/lib/python3.12/site-packages/galaxy/tool_util/verify/interactor.py", line 582, in remote_to_input
    path_or_location = self._get_path_or_location(
                       ^^^^^^^^^^^^^^^^^^^^^^^^^^^
  File "/opt/hostedtoolcache/Python/3.12.12/x64/lib/python3.12/site-packages/galaxy/tool_util/verify/interactor.py", line 619, in _get_path_or_location
    path = self.test_data_download(
           ^^^^^^^^^^^^^^^^^^^^^^^^
  File "/opt/hostedtoolcache/Python/3.12.12/x64/lib/python3.12/site-packages/galaxy/tool_util/verify/interactor.py", line 525, in test_data_download
    raise AssertionError(f"Test input file ({filename}) cannot be found.")
AssertionError: Test input file (1_sort_read_names.bam) cannot be found.
"><![CDATA[
                { "execution_problem": "Input staging problem: Traceback (most recent call last):\n  File \"/opt/hostedtoolcache/Python/3.12.12/x64/lib/python3.12/site-packages/galaxy/tool_util/verify/interactor.py\", line 1436, in verify_tool\n    stage_data_in_history(\n  File \"/opt/hostedtoolcache/Python/3.12.12/x64/lib/python3.12/site-packages/galaxy/tool_util/verify/interactor.py\", line 163, in stage_data_in_history\n    test_dict = galaxy_interactor.remote_to_input(\n                ^^^^^^^^^^^^^^^^^^^^^^^^^^^^^^^^^^\n  File \"/opt/hostedtoolcache/Python/3.12.12/x64/lib/python3.12/site-packages/galaxy/tool_util/verify/interactor.py\", line 582, in remote_to_input\n    path_or_location = self._get_path_or_location(\n                       ^^^^^^^^^^^^^^^^^^^^^^^^^^^\n  File \"/opt/hostedtoolcache/Python/3.12.12/x64/lib/python3.12/site-packages/galaxy/tool_util/verify/interactor.py\", line 619, in _get_path_or_location\n    path = self.test_data_download(\n           ^^^^^^^^^^^^^^^^^^^^^^^^\n  File \"/opt/hostedtoolcache/Python/3.12.12/x64/lib/python3.12/site-packages/galaxy/tool_util/verify/interactor.py\", line 525, in test_data_download\n    raise AssertionError(f\"Test input file ({filename}) cannot be found.\")\nAssertionError: Test input file (1_sort_read_names.bam) cannot be found.\n", "status": "error", "test_index": 6, "time_seconds": 0.05190324783325195, "tool_id": "samtools_view", "tool_version": "1.9+galaxy3"}
            ]]></error>
        
    </testcase>
    
    <testcase classname="samtools_view (Test #8)" name="7" time="0.0563054084777832">
        
            <error type="error" message="Input staging problem: Traceback (most recent call last):
  File "/opt/hostedtoolcache/Python/3.12.12/x64/lib/python3.12/site-packages/galaxy/tool_util/verify/interactor.py", line 1436, in verify_tool
    stage_data_in_history(
  File "/opt/hostedtoolcache/Python/3.12.12/x64/lib/python3.12/site-packages/galaxy/tool_util/verify/interactor.py", line 163, in stage_data_in_history
    test_dict = galaxy_interactor.remote_to_input(
                ^^^^^^^^^^^^^^^^^^^^^^^^^^^^^^^^^^
  File "/opt/hostedtoolcache/Python/3.12.12/x64/lib/python3.12/site-packages/galaxy/tool_util/verify/interactor.py", line 582, in remote_to_input
    path_or_location = self._get_path_or_location(
                       ^^^^^^^^^^^^^^^^^^^^^^^^^^^
  File "/opt/hostedtoolcache/Python/3.12.12/x64/lib/python3.12/site-packages/galaxy/tool_util/verify/interactor.py", line 619, in _get_path_or_location
    path = self.test_data_download(
           ^^^^^^^^^^^^^^^^^^^^^^^^
  File "/opt/hostedtoolcache/Python/3.12.12/x64/lib/python3.12/site-packages/galaxy/tool_util/verify/interactor.py", line 525, in test_data_download
    raise AssertionError(f"Test input file ({filename}) cannot be found.")
AssertionError: Test input file (1_sort_read_names.bam) cannot be found.
"><![CDATA[
                { "execution_problem": "Input staging problem: Traceback (most recent call last):\n  File \"/opt/hostedtoolcache/Python/3.12.12/x64/lib/python3.12/site-packages/galaxy/tool_util/verify/interactor.py\", line 1436, in verify_tool\n    stage_data_in_history(\n  File \"/opt/hostedtoolcache/Python/3.12.12/x64/lib/python3.12/site-packages/galaxy/tool_util/verify/interactor.py\", line 163, in stage_data_in_history\n    test_dict = galaxy_interactor.remote_to_input(\n                ^^^^^^^^^^^^^^^^^^^^^^^^^^^^^^^^^^\n  File \"/opt/hostedtoolcache/Python/3.12.12/x64/lib/python3.12/site-packages/galaxy/tool_util/verify/interactor.py\", line 582, in remote_to_input\n    path_or_location = self._get_path_or_location(\n                       ^^^^^^^^^^^^^^^^^^^^^^^^^^^\n  File \"/opt/hostedtoolcache/Python/3.12.12/x64/lib/python3.12/site-packages/galaxy/tool_util/verify/interactor.py\", line 619, in _get_path_or_location\n    path = self.test_data_download(\n           ^^^^^^^^^^^^^^^^^^^^^^^^\n  File \"/opt/hostedtoolcache/Python/3.12.12/x64/lib/python3.12/site-packages/galaxy/tool_util/verify/interactor.py\", line 525, in test_data_download\n    raise AssertionError(f\"Test input file ({filename}) cannot be found.\")\nAssertionError: Test input file (1_sort_read_names.bam) cannot be found.\n", "status": "error", "test_index": 7, "time_seconds": 0.0563054084777832, "tool_id": "samtools_view", "tool_version": "1.9+galaxy3"}
            ]]></error>
        
    </testcase>
    
    <testcase classname="samtools_view (Test #9)" name="8" time="0.05109715461730957">
        
            <error type="error" message="Input staging problem: Traceback (most recent call last):
  File "/opt/hostedtoolcache/Python/3.12.12/x64/lib/python3.12/site-packages/galaxy/tool_util/verify/interactor.py", line 1436, in verify_tool
    stage_data_in_history(
  File "/opt/hostedtoolcache/Python/3.12.12/x64/lib/python3.12/site-packages/galaxy/tool_util/verify/interactor.py", line 163, in stage_data_in_history
    test_dict = galaxy_interactor.remote_to_input(
                ^^^^^^^^^^^^^^^^^^^^^^^^^^^^^^^^^^
  File "/opt/hostedtoolcache/Python/3.12.12/x64/lib/python3.12/site-packages/galaxy/tool_util/verify/interactor.py", line 582, in remote_to_input
    path_or_location = self._get_path_or_location(
                       ^^^^^^^^^^^^^^^^^^^^^^^^^^^
  File "/opt/hostedtoolcache/Python/3.12.12/x64/lib/python3.12/site-packages/galaxy/tool_util/verify/interactor.py", line 619, in _get_path_or_location
    path = self.test_data_download(
           ^^^^^^^^^^^^^^^^^^^^^^^^
  File "/opt/hostedtoolcache/Python/3.12.12/x64/lib/python3.12/site-packages/galaxy/tool_util/verify/interactor.py", line 525, in test_data_download
    raise AssertionError(f"Test input file ({filename}) cannot be found.")
AssertionError: Test input file (1_sort_read_names.bam) cannot be found.
"><![CDATA[
                { "execution_problem": "Input staging problem: Traceback (most recent call last):\n  File \"/opt/hostedtoolcache/Python/3.12.12/x64/lib/python3.12/site-packages/galaxy/tool_util/verify/interactor.py\", line 1436, in verify_tool\n    stage_data_in_history(\n  File \"/opt/hostedtoolcache/Python/3.12.12/x64/lib/python3.12/site-packages/galaxy/tool_util/verify/interactor.py\", line 163, in stage_data_in_history\n    test_dict = galaxy_interactor.remote_to_input(\n                ^^^^^^^^^^^^^^^^^^^^^^^^^^^^^^^^^^\n  File \"/opt/hostedtoolcache/Python/3.12.12/x64/lib/python3.12/site-packages/galaxy/tool_util/verify/interactor.py\", line 582, in remote_to_input\n    path_or_location = self._get_path_or_location(\n                       ^^^^^^^^^^^^^^^^^^^^^^^^^^^\n  File \"/opt/hostedtoolcache/Python/3.12.12/x64/lib/python3.12/site-packages/galaxy/tool_util/verify/interactor.py\", line 619, in _get_path_or_location\n    path = self.test_data_download(\n           ^^^^^^^^^^^^^^^^^^^^^^^^\n  File \"/opt/hostedtoolcache/Python/3.12.12/x64/lib/python3.12/site-packages/galaxy/tool_util/verify/interactor.py\", line 525, in test_data_download\n    raise AssertionError(f\"Test input file ({filename}) cannot be found.\")\nAssertionError: Test input file (1_sort_read_names.bam) cannot be found.\n", "status": "error", "test_index": 8, "time_seconds": 0.05109715461730957, "tool_id": "samtools_view", "tool_version": "1.9+galaxy3"}
            ]]></error>
        
    </testcase>
    
    <testcase classname="samtools_view (Test #10)" name="9" time="0.052030086517333984">
        
            <error type="error" message="Input staging problem: Traceback (most recent call last):
  File "/opt/hostedtoolcache/Python/3.12.12/x64/lib/python3.12/site-packages/galaxy/tool_util/verify/interactor.py", line 1436, in verify_tool
    stage_data_in_history(
  File "/opt/hostedtoolcache/Python/3.12.12/x64/lib/python3.12/site-packages/galaxy/tool_util/verify/interactor.py", line 163, in stage_data_in_history
    test_dict = galaxy_interactor.remote_to_input(
                ^^^^^^^^^^^^^^^^^^^^^^^^^^^^^^^^^^
  File "/opt/hostedtoolcache/Python/3.12.12/x64/lib/python3.12/site-packages/galaxy/tool_util/verify/interactor.py", line 582, in remote_to_input
    path_or_location = self._get_path_or_location(
                       ^^^^^^^^^^^^^^^^^^^^^^^^^^^
  File "/opt/hostedtoolcache/Python/3.12.12/x64/lib/python3.12/site-packages/galaxy/tool_util/verify/interactor.py", line 619, in _get_path_or_location
    path = self.test_data_download(
           ^^^^^^^^^^^^^^^^^^^^^^^^
  File "/opt/hostedtoolcache/Python/3.12.12/x64/lib/python3.12/site-packages/galaxy/tool_util/verify/interactor.py", line 525, in test_data_download
    raise AssertionError(f"Test input file ({filename}) cannot be found.")
AssertionError: Test input file (1_sort_read_names.bam) cannot be found.
"><![CDATA[
                { "execution_problem": "Input staging problem: Traceback (most recent call last):\n  File \"/opt/hostedtoolcache/Python/3.12.12/x64/lib/python3.12/site-packages/galaxy/tool_util/verify/interactor.py\", line 1436, in verify_tool\n    stage_data_in_history(\n  File \"/opt/hostedtoolcache/Python/3.12.12/x64/lib/python3.12/site-packages/galaxy/tool_util/verify/interactor.py\", line 163, in stage_data_in_history\n    test_dict = galaxy_interactor.remote_to_input(\n                ^^^^^^^^^^^^^^^^^^^^^^^^^^^^^^^^^^\n  File \"/opt/hostedtoolcache/Python/3.12.12/x64/lib/python3.12/site-packages/galaxy/tool_util/verify/interactor.py\", line 582, in remote_to_input\n    path_or_location = self._get_path_or_location(\n                       ^^^^^^^^^^^^^^^^^^^^^^^^^^^\n  File \"/opt/hostedtoolcache/Python/3.12.12/x64/lib/python3.12/site-packages/galaxy/tool_util/verify/interactor.py\", line 619, in _get_path_or_location\n    path = self.test_data_download(\n           ^^^^^^^^^^^^^^^^^^^^^^^^\n  File \"/opt/hostedtoolcache/Python/3.12.12/x64/lib/python3.12/site-packages/galaxy/tool_util/verify/interactor.py\", line 525, in test_data_download\n    raise AssertionError(f\"Test input file ({filename}) cannot be found.\")\nAssertionError: Test input file (1_sort_read_names.bam) cannot be found.\n", "status": "error", "test_index": 9, "time_seconds": 0.052030086517333984, "tool_id": "samtools_view", "tool_version": "1.9+galaxy3"}
            ]]></error>
        
    </testcase>
    
    <testcase classname="vcffixup (Test #1)" name="0" time="39.547603607177734">
        
            
            <system-out><![CDATA[
            
            ]]></system-out>
            <system-err><![CDATA[
            
            ]]></system-err>
        
    </testcase>
    
    <testcase classname="vcftools_annotate (Test #1)" name="0" time="10.76516842842102">
        
            <error type="error" message="Input staging problem: Traceback (most recent call last):
  File "/opt/hostedtoolcache/Python/3.12.12/x64/lib/python3.12/site-packages/galaxy/tool_util/verify/interactor.py", line 1436, in verify_tool
    stage_data_in_history(
  File "/opt/hostedtoolcache/Python/3.12.12/x64/lib/python3.12/site-packages/galaxy/tool_util/verify/interactor.py", line 175, in stage_data_in_history
    staging_interface.handle_jobs()
  File "/opt/hostedtoolcache/Python/3.12.12/x64/lib/python3.12/site-packages/galaxy/tool_util/verify/interactor.py", line 212, in handle_jobs
    self.galaxy_interactor.wait_for_job(job_response["id"], job_response["history_id"], self.maxseconds)
  File "/opt/hostedtoolcache/Python/3.12.12/x64/lib/python3.12/site-packages/galaxy/tool_util/verify/interactor.py", line 399, in wait_for_job
    self.wait_for(lambda: self.__job_ready(job_id, history_id), maxseconds=maxseconds)
  File "/opt/hostedtoolcache/Python/3.12.12/x64/lib/python3.12/site-packages/galaxy/tool_util/verify/interactor.py", line 403, in wait_for
    wait_on(func, what, walltime_exceeded)
  File "/opt/hostedtoolcache/Python/3.12.12/x64/lib/python3.12/site-packages/galaxy/tool_util/verify/wait.py", line 38, in wait_on
    value = function()
            ^^^^^^^^^^
  File "/opt/hostedtoolcache/Python/3.12.12/x64/lib/python3.12/site-packages/galaxy/tool_util/verify/interactor.py", line 399, in <lambda>
    self.wait_for(lambda: self.__job_ready(job_id, history_id), maxseconds=maxseconds)
                          ^^^^^^^^^^^^^^^^^^^^^^^^^^^^^^^^^^^^
  File "/opt/hostedtoolcache/Python/3.12.12/x64/lib/python3.12/site-packages/galaxy/tool_util/verify/interactor.py", line 749, in __job_ready
    return self._state_ready(job_id, error_msg="Job in error state.")
           ^^^^^^^^^^^^^^^^^^^^^^^^^^^^^^^^^^^^^^^^^^^^^^^^^^^^^^^^^^
  File "/opt/hostedtoolcache/Python/3.12.12/x64/lib/python3.12/site-packages/galaxy/tool_util/verify/interactor.py", line 841, in _state_ready
    raise Exception(
Exception: Job in error state.. tool_id: __DATA_FETCH__, exit_code: None, stderr: .
"><![CDATA[
                { "execution_problem": "Input staging problem: Traceback (most recent call last):\n  File \"/opt/hostedtoolcache/Python/3.12.12/x64/lib/python3.12/site-packages/galaxy/tool_util/verify/interactor.py\", line 1436, in verify_tool\n    stage_data_in_history(\n  File \"/opt/hostedtoolcache/Python/3.12.12/x64/lib/python3.12/site-packages/galaxy/tool_util/verify/interactor.py\", line 175, in stage_data_in_history\n    staging_interface.handle_jobs()\n  File \"/opt/hostedtoolcache/Python/3.12.12/x64/lib/python3.12/site-packages/galaxy/tool_util/verify/interactor.py\", line 212, in handle_jobs\n    self.galaxy_interactor.wait_for_job(job_response[\"id\"], job_response[\"history_id\"], self.maxseconds)\n  File \"/opt/hostedtoolcache/Python/3.12.12/x64/lib/python3.12/site-packages/galaxy/tool_util/verify/interactor.py\", line 399, in wait_for_job\n    self.wait_for(lambda: self.__job_ready(job_id, history_id), maxseconds=maxseconds)\n  File \"/opt/hostedtoolcache/Python/3.12.12/x64/lib/python3.12/site-packages/galaxy/tool_util/verify/interactor.py\", line 403, in wait_for\n    wait_on(func, what, walltime_exceeded)\n  File \"/opt/hostedtoolcache/Python/3.12.12/x64/lib/python3.12/site-packages/galaxy/tool_util/verify/wait.py\", line 38, in wait_on\n    value = function()\n            ^^^^^^^^^^\n  File \"/opt/hostedtoolcache/Python/3.12.12/x64/lib/python3.12/site-packages/galaxy/tool_util/verify/interactor.py\", line 399, in \u003clambda\u003e\n    self.wait_for(lambda: self.__job_ready(job_id, history_id), maxseconds=maxseconds)\n                          ^^^^^^^^^^^^^^^^^^^^^^^^^^^^^^^^^^^^\n  File \"/opt/hostedtoolcache/Python/3.12.12/x64/lib/python3.12/site-packages/galaxy/tool_util/verify/interactor.py\", line 749, in __job_ready\n    return self._state_ready(job_id, error_msg=\"Job in error state.\")\n           ^^^^^^^^^^^^^^^^^^^^^^^^^^^^^^^^^^^^^^^^^^^^^^^^^^^^^^^^^^\n  File \"/opt/hostedtoolcache/Python/3.12.12/x64/lib/python3.12/site-packages/galaxy/tool_util/verify/interactor.py\", line 841, in _state_ready\n    raise Exception(\nException: Job in error state.. tool_id: __DATA_FETCH__, exit_code: None, stderr: .\n", "status": "error", "test_index": 0, "time_seconds": 10.76516842842102, "tool_id": "vcftools_annotate", "tool_version": "0.1"}
            ]]></error>
        
    </testcase>
    
</testsuite>