<?xml version="1.0" encoding="UTF-8"?>
<testsuite name="Results (powered by Planemo)"
           tests="53"
           errors="5"
           failures="6"
           skip="0">
    
    <testcase classname="bam_to_sam (Test #1)" name="0" time="37.16340184211731">
        
            
            <system-out><![CDATA[
            
            ]]></system-out>
            <system-err><![CDATA[
            
            ]]></system-err>
        
    </testcase>
    
    <testcase classname="bam_to_sam (Test #2)" name="1" time="33.21269392967224">
        
            
            <system-out><![CDATA[
            
            ]]></system-out>
            <system-err><![CDATA[
            
            ]]></system-err>
        
    </testcase>
    
    <testcase classname="bam_to_sam (Test #3)" name="2" time="34.144325256347656">
        
            
            <system-out><![CDATA[
            
            ]]></system-out>
            <system-err><![CDATA[
            
            ]]></system-err>
        
    </testcase>
    
    <testcase classname="bcftools_merge (Test #1)" name="0" time="51.5997896194458">
        
            
            <system-out><![CDATA[
            
            ]]></system-out>
            <system-err><![CDATA[
            
            ]]></system-err>
        
    </testcase>
    
    <testcase classname="bcftools_merge (Test #2)" name="1" time="35.28119158744812">
        
            
            <system-out><![CDATA[
            
            ]]></system-out>
            <system-err><![CDATA[
            
            ]]></system-err>
        
    </testcase>
    
    <testcase classname="bcftools_merge (Test #3)" name="2" time="11.57485818862915">
        
            <error type="error" message="Input staging problem: Traceback (most recent call last):
  File "/opt/hostedtoolcache/Python/3.12.12/x64/lib/python3.12/site-packages/galaxy/tool_util/verify/interactor.py", line 1436, in verify_tool
    stage_data_in_history(
  File "/opt/hostedtoolcache/Python/3.12.12/x64/lib/python3.12/site-packages/galaxy/tool_util/verify/interactor.py", line 175, in stage_data_in_history
    staging_interface.handle_jobs()
  File "/opt/hostedtoolcache/Python/3.12.12/x64/lib/python3.12/site-packages/galaxy/tool_util/verify/interactor.py", line 212, in handle_jobs
    self.galaxy_interactor.wait_for_job(job_response["id"], job_response["history_id"], self.maxseconds)
  File "/opt/hostedtoolcache/Python/3.12.12/x64/lib/python3.12/site-packages/galaxy/tool_util/verify/interactor.py", line 399, in wait_for_job
    self.wait_for(lambda: self.__job_ready(job_id, history_id), maxseconds=maxseconds)
  File "/opt/hostedtoolcache/Python/3.12.12/x64/lib/python3.12/site-packages/galaxy/tool_util/verify/interactor.py", line 403, in wait_for
    wait_on(func, what, walltime_exceeded)
  File "/opt/hostedtoolcache/Python/3.12.12/x64/lib/python3.12/site-packages/galaxy/tool_util/verify/wait.py", line 38, in wait_on
    value = function()
            ^^^^^^^^^^
  File "/opt/hostedtoolcache/Python/3.12.12/x64/lib/python3.12/site-packages/galaxy/tool_util/verify/interactor.py", line 399, in <lambda>
    self.wait_for(lambda: self.__job_ready(job_id, history_id), maxseconds=maxseconds)
                          ^^^^^^^^^^^^^^^^^^^^^^^^^^^^^^^^^^^^
  File "/opt/hostedtoolcache/Python/3.12.12/x64/lib/python3.12/site-packages/galaxy/tool_util/verify/interactor.py", line 749, in __job_ready
    return self._state_ready(job_id, error_msg="Job in error state.")
           ^^^^^^^^^^^^^^^^^^^^^^^^^^^^^^^^^^^^^^^^^^^^^^^^^^^^^^^^^^
  File "/opt/hostedtoolcache/Python/3.12.12/x64/lib/python3.12/site-packages/galaxy/tool_util/verify/interactor.py", line 841, in _state_ready
    raise Exception(
Exception: Job in error state.. tool_id: __DATA_FETCH__, exit_code: None, stderr: .
"><![CDATA[
                { "execution_problem": "Input staging problem: Traceback (most recent call last):\n  File \"/opt/hostedtoolcache/Python/3.12.12/x64/lib/python3.12/site-packages/galaxy/tool_util/verify/interactor.py\", line 1436, in verify_tool\n    stage_data_in_history(\n  File \"/opt/hostedtoolcache/Python/3.12.12/x64/lib/python3.12/site-packages/galaxy/tool_util/verify/interactor.py\", line 175, in stage_data_in_history\n    staging_interface.handle_jobs()\n  File \"/opt/hostedtoolcache/Python/3.12.12/x64/lib/python3.12/site-packages/galaxy/tool_util/verify/interactor.py\", line 212, in handle_jobs\n    self.galaxy_interactor.wait_for_job(job_response[\"id\"], job_response[\"history_id\"], self.maxseconds)\n  File \"/opt/hostedtoolcache/Python/3.12.12/x64/lib/python3.12/site-packages/galaxy/tool_util/verify/interactor.py\", line 399, in wait_for_job\n    self.wait_for(lambda: self.__job_ready(job_id, history_id), maxseconds=maxseconds)\n  File \"/opt/hostedtoolcache/Python/3.12.12/x64/lib/python3.12/site-packages/galaxy/tool_util/verify/interactor.py\", line 403, in wait_for\n    wait_on(func, what, walltime_exceeded)\n  File \"/opt/hostedtoolcache/Python/3.12.12/x64/lib/python3.12/site-packages/galaxy/tool_util/verify/wait.py\", line 38, in wait_on\n    value = function()\n            ^^^^^^^^^^\n  File \"/opt/hostedtoolcache/Python/3.12.12/x64/lib/python3.12/site-packages/galaxy/tool_util/verify/interactor.py\", line 399, in \u003clambda\u003e\n    self.wait_for(lambda: self.__job_ready(job_id, history_id), maxseconds=maxseconds)\n                          ^^^^^^^^^^^^^^^^^^^^^^^^^^^^^^^^^^^^\n  File \"/opt/hostedtoolcache/Python/3.12.12/x64/lib/python3.12/site-packages/galaxy/tool_util/verify/interactor.py\", line 749, in __job_ready\n    return self._state_ready(job_id, error_msg=\"Job in error state.\")\n           ^^^^^^^^^^^^^^^^^^^^^^^^^^^^^^^^^^^^^^^^^^^^^^^^^^^^^^^^^^\n  File \"/opt/hostedtoolcache/Python/3.12.12/x64/lib/python3.12/site-packages/galaxy/tool_util/verify/interactor.py\", line 841, in _state_ready\n    raise Exception(\nException: Job in error state.. tool_id: __DATA_FETCH__, exit_code: None, stderr: .\n", "status": "error", "test_index": 2, "time_seconds": 11.57485818862915, "tool_id": "bcftools_merge", "tool_version": "1.22+galaxy0"}
            ]]></error>
        
    </testcase>
    
    <testcase classname="bcftools_merge (Test #4)" name="3" time="35.167151927948">
        
            
            <system-out><![CDATA[
            
            ]]></system-out>
            <system-err><![CDATA[
            
            ]]></system-err>
        
    </testcase>
    
    <testcase classname="bcftools_merge (Test #5)" name="4" time="32.92785716056824">
        
            
            <system-out><![CDATA[
            
            ]]></system-out>
            <system-err><![CDATA[
            
            ]]></system-err>
        
    </testcase>
    
    <testcase classname="bcftools_merge (Test #6)" name="5" time="34.61044406890869">
        
            
            <system-out><![CDATA[
            
            ]]></system-out>
            <system-err><![CDATA[
            [W::bcf_sr_add_hreader] Using multiple unindexed files may produce errors, make sure chromosomes are in the same order!
            ]]></system-err>
        
    </testcase>
    
    <testcase classname="bcftools_merge (Test #7)" name="6" time="35.56983494758606">
        
            
            <system-out><![CDATA[
            
            ]]></system-out>
            <system-err><![CDATA[
            
            ]]></system-err>
        
    </testcase>
    
    <testcase classname="bcftools_plugin_missing2ref (Test #1)" name="0" time="11.329241752624512">
        
            <error type="error" message="Input staging problem: Traceback (most recent call last):
  File "/opt/hostedtoolcache/Python/3.12.12/x64/lib/python3.12/site-packages/galaxy/tool_util/verify/interactor.py", line 1436, in verify_tool
    stage_data_in_history(
  File "/opt/hostedtoolcache/Python/3.12.12/x64/lib/python3.12/site-packages/galaxy/tool_util/verify/interactor.py", line 175, in stage_data_in_history
    staging_interface.handle_jobs()
  File "/opt/hostedtoolcache/Python/3.12.12/x64/lib/python3.12/site-packages/galaxy/tool_util/verify/interactor.py", line 212, in handle_jobs
    self.galaxy_interactor.wait_for_job(job_response["id"], job_response["history_id"], self.maxseconds)
  File "/opt/hostedtoolcache/Python/3.12.12/x64/lib/python3.12/site-packages/galaxy/tool_util/verify/interactor.py", line 399, in wait_for_job
    self.wait_for(lambda: self.__job_ready(job_id, history_id), maxseconds=maxseconds)
  File "/opt/hostedtoolcache/Python/3.12.12/x64/lib/python3.12/site-packages/galaxy/tool_util/verify/interactor.py", line 403, in wait_for
    wait_on(func, what, walltime_exceeded)
  File "/opt/hostedtoolcache/Python/3.12.12/x64/lib/python3.12/site-packages/galaxy/tool_util/verify/wait.py", line 38, in wait_on
    value = function()
            ^^^^^^^^^^
  File "/opt/hostedtoolcache/Python/3.12.12/x64/lib/python3.12/site-packages/galaxy/tool_util/verify/interactor.py", line 399, in <lambda>
    self.wait_for(lambda: self.__job_ready(job_id, history_id), maxseconds=maxseconds)
                          ^^^^^^^^^^^^^^^^^^^^^^^^^^^^^^^^^^^^
  File "/opt/hostedtoolcache/Python/3.12.12/x64/lib/python3.12/site-packages/galaxy/tool_util/verify/interactor.py", line 749, in __job_ready
    return self._state_ready(job_id, error_msg="Job in error state.")
           ^^^^^^^^^^^^^^^^^^^^^^^^^^^^^^^^^^^^^^^^^^^^^^^^^^^^^^^^^^
  File "/opt/hostedtoolcache/Python/3.12.12/x64/lib/python3.12/site-packages/galaxy/tool_util/verify/interactor.py", line 841, in _state_ready
    raise Exception(
Exception: Job in error state.. tool_id: __DATA_FETCH__, exit_code: None, stderr: .
"><![CDATA[
                { "execution_problem": "Input staging problem: Traceback (most recent call last):\n  File \"/opt/hostedtoolcache/Python/3.12.12/x64/lib/python3.12/site-packages/galaxy/tool_util/verify/interactor.py\", line 1436, in verify_tool\n    stage_data_in_history(\n  File \"/opt/hostedtoolcache/Python/3.12.12/x64/lib/python3.12/site-packages/galaxy/tool_util/verify/interactor.py\", line 175, in stage_data_in_history\n    staging_interface.handle_jobs()\n  File \"/opt/hostedtoolcache/Python/3.12.12/x64/lib/python3.12/site-packages/galaxy/tool_util/verify/interactor.py\", line 212, in handle_jobs\n    self.galaxy_interactor.wait_for_job(job_response[\"id\"], job_response[\"history_id\"], self.maxseconds)\n  File \"/opt/hostedtoolcache/Python/3.12.12/x64/lib/python3.12/site-packages/galaxy/tool_util/verify/interactor.py\", line 399, in wait_for_job\n    self.wait_for(lambda: self.__job_ready(job_id, history_id), maxseconds=maxseconds)\n  File \"/opt/hostedtoolcache/Python/3.12.12/x64/lib/python3.12/site-packages/galaxy/tool_util/verify/interactor.py\", line 403, in wait_for\n    wait_on(func, what, walltime_exceeded)\n  File \"/opt/hostedtoolcache/Python/3.12.12/x64/lib/python3.12/site-packages/galaxy/tool_util/verify/wait.py\", line 38, in wait_on\n    value = function()\n            ^^^^^^^^^^\n  File \"/opt/hostedtoolcache/Python/3.12.12/x64/lib/python3.12/site-packages/galaxy/tool_util/verify/interactor.py\", line 399, in \u003clambda\u003e\n    self.wait_for(lambda: self.__job_ready(job_id, history_id), maxseconds=maxseconds)\n                          ^^^^^^^^^^^^^^^^^^^^^^^^^^^^^^^^^^^^\n  File \"/opt/hostedtoolcache/Python/3.12.12/x64/lib/python3.12/site-packages/galaxy/tool_util/verify/interactor.py\", line 749, in __job_ready\n    return self._state_ready(job_id, error_msg=\"Job in error state.\")\n           ^^^^^^^^^^^^^^^^^^^^^^^^^^^^^^^^^^^^^^^^^^^^^^^^^^^^^^^^^^\n  File \"/opt/hostedtoolcache/Python/3.12.12/x64/lib/python3.12/site-packages/galaxy/tool_util/verify/interactor.py\", line 841, in _state_ready\n    raise Exception(\nException: Job in error state.. tool_id: __DATA_FETCH__, exit_code: None, stderr: .\n", "status": "error", "test_index": 0, "time_seconds": 11.329241752624512, "tool_id": "bcftools_plugin_missing2ref", "tool_version": "1.22+galaxy0"}
            ]]></error>
        
    </testcase>
    
    <testcase classname="column_order_header_sort (Test #1)" name="0" time="93.6713342666626">
        
            
                <error type="error" message="Tool exit code: 0"><![CDATA[
                    { "inputs": {  "input_tabular": {   "id": "f0b6dbbce0cb23dd",   "src": "hda"  },  "key_column": "1" }, "job": {  "command_line": "python \u0027/cvmfs/cloud.galaxyproject.org/tools/toolshed.g2.bx.psu.edu/repos/iuc/column_order_header_sort/6ae9724caf4d/column_order_header_sort/column_order_header_sort.py\u0027 \u0027/galaxy/server/database/objects/c/d/a/dataset_cda20519-b859-4a95-9592-5c3258601c21.dat\u0027 \u0027/galaxy/server/database/objects/a/d/0/dataset_ad094cda-06ab-40e9-9736-a13f503b0987.dat\u0027 \u0027\t\u0027 \u00271\u0027",  "command_version": "",  "copied_from_job_id": null,  "create_time": "2025-12-12T01:03:38.232220",  "dependencies": [],  "exit_code": 0,  "external_id": "gxy-lwm82",  "galaxy_version": "24.1",  "handler": null,  "history_id": "f0b6dbbce0cb23dd",  "id": "4e7055e364579b1e",  "inputs": {   "input_tabular": {    "id": "f0b6dbbce0cb23dd",    "src": "hda",    "uuid": "cda20519-b859-4a95-9592-5c3258601c21"   }  },  "job_messages": [],  "job_metrics": [   {    "name": "runtime_seconds",    "plugin": "core",    "raw_value": "1.0000000",    "title": "Job Runtime (Wall Clock)",    "value": "1 second"   },   {    "name": "end_epoch",    "plugin": "core",    "raw_value": "1765501465.0000000",    "title": "Job End Time",    "value": "2025-12-12 01:04:25"   },   {    "name": "start_epoch",    "plugin": "core",    "raw_value": "1765501464.0000000",    "title": "Job Start Time",    "value": "2025-12-12 01:04:24"   },   {    "name": "galaxy_memory_mb",    "plugin": "core",    "raw_value": "4080.0000000",    "title": "Memory Allocated (MB)",    "value": "4080"   },   {    "name": "galaxy_slots",    "plugin": "core",    "raw_value": "1.0000000",    "title": "Cores Allocated",    "value": "1"   }  ],  "job_runner_name": null,  "job_stderr": "",  "job_stdout": "",  "model_class": "Job",  "output_collections": {},  "outputs": {   "output_tabular": {    "id": "4e7055e364579b1e",    "src": "hda",    "uuid": "ad094cda-06ab-40e9-9736-a13f503b0987"   }  },  "params": {   "__input_ext": "\"tabular\"",   "chromInfo": "\"/cvmfs/data.galaxyproject.org/managed/len/ucsc/?.len\"",   "dbkey": "\"?\"",   "key_column": "\"1\""  },  "state": "ok",  "stderr": "",  "stdout": "",  "tool_id": "toolshed.g2.bx.psu.edu/repos/iuc/column_order_header_sort/column_order_header_sort/0.0.1",  "tool_stderr": "",  "tool_stdout": "",  "update_time": "2025-12-12T01:04:36.469568",  "user_email": "tests@fake.org" }, "output_problems": [  "Output output_tabular:  different than expected, difference (using diff):\n( /tmp/tmpq49nd9g9out_1.tabular v. /tmp/tmpa_v0pfkzout_1.tabular )\n--- local_file\n+++ history_data\n@@ -1,4 +1,4 @@\n #KEY\ta\tb\tc\n one\t1-3\t1-1\t1-2\n two\t1-6\t1-4\t1-5\n-three\t1-9\t1-7\t1-8+three\t1-9\t1-7\t1-8\n" ], "status": "failure", "test_index": 0, "time_seconds": 93.6713342666626, "tool_id": "column_order_header_sort", "tool_version": "0.0.1"}
                ]]></error>
            
            <system-out><![CDATA[
            
            ]]></system-out>
            <system-err><![CDATA[
            
            ]]></system-err>
        
    </testcase>
    
    <testcase classname="deeptools_plot_pca (Test #1)" name="0" time="62.120039224624634">
        
            
            <system-out><![CDATA[
            
            ]]></system-out>
            <system-err><![CDATA[
            
            ]]></system-err>
        
    </testcase>
    
    <testcase classname="deeptools_plot_pca (Test #2)" name="1" time="30.1234290599823">
        
            
                <error type="error" message="Tool exit code: None"><![CDATA[
                    { "inputs": {  "corData": {   "id": "70a7ee5cb86b374c",   "src": "hda"  },  "outFileFormat": "png",  "outFileNameData": true,  "plotTitle": "Test Plot" }, "job": {  "command_line": "plotPCA --corData \u0027/galaxy/server/database/objects/7/1/1/dataset_711c8b4a-38ca-4960-a561-01413e48e29b.dat\u0027 --plotTitle \u0027Test Plot\u0027 --plotFile \u0027/galaxy/server/database/objects/8/b/8/dataset_8b81ee68-20e3-4006-8b32-8878d8578256.dat\u0027 --plotFileFormat \u0027png\u0027 --outFileNameData \u0027/galaxy/server/database/objects/5/4/b/dataset_54b49bff-83fc-4bf7-9d9a-32537307513e.dat\u0027",  "command_version": null,  "copied_from_job_id": null,  "create_time": "2025-12-12T01:28:00.000672",  "dependencies": [],  "exit_code": null,  "external_id": "gxy-zlwsh",  "galaxy_version": "24.1",  "handler": null,  "history_id": "f0b6dbbce0cb23dd",  "id": "7e49093e90e9e4a8",  "inputs": {   "corData": {    "id": "70a7ee5cb86b374c",    "src": "hda",    "uuid": "711c8b4a-38ca-4960-a561-01413e48e29b"   }  },  "job_messages": null,  "job_metrics": [],  "job_runner_name": null,  "job_stderr": null,  "job_stdout": null,  "model_class": "Job",  "output_collections": {},  "outputs": {   "outFileName": {    "id": "2cb11cdd09c639dc",    "src": "hda",    "uuid": "8b81ee68-20e3-4006-8b32-8878d8578256"   },   "output_outFileNameData": {    "id": "453bf6f23ddffc6e",    "src": "hda",    "uuid": "54b49bff-83fc-4bf7-9d9a-32537307513e"   }  },  "params": {   "__input_ext": "\"input\"",   "advancedOpt": "{\"__current_case__\": 0, \"showAdvancedOpt\": \"no\"}",   "chromInfo": "\"/cvmfs/data.galaxyproject.org/managed/len/ucsc/?.len\"",   "dbkey": "\"?\"",   "outFileFormat": "\"png\"",   "outFileNameData": "true",   "plotTitle": "\"Test Plot\""  },  "state": "error",  "stderr": "",  "stdout": "",  "tool_id": "toolshed.g2.bx.psu.edu/repos/bgruening/deeptools_plot_pca/deeptools_plot_pca/3.5.4+galaxy0",  "tool_stderr": "",  "tool_stdout": "",  "update_time": "2025-12-12T01:28:08.625293",  "user_email": "tests@fake.org" }, "output_problems": [  "Job in error state.. tool_id: toolshed.g2.bx.psu.edu/repos/bgruening/deeptools_plot_pca/deeptools_plot_pca/3.5.4+galaxy0, exit_code: None, stderr: .",  "Job in error state.. tool_id: toolshed.g2.bx.psu.edu/repos/bgruening/deeptools_plot_pca/deeptools_plot_pca/3.5.4+galaxy0, exit_code: None, stderr: .",  "Job in error state.. tool_id: toolshed.g2.bx.psu.edu/repos/bgruening/deeptools_plot_pca/deeptools_plot_pca/3.5.4+galaxy0, exit_code: None, stderr: ." ], "status": "failure", "test_index": 1, "time_seconds": 30.1234290599823, "tool_id": "deeptools_plot_pca", "tool_version": "3.5.4+galaxy0"}
                ]]></error>
            
            <system-out><![CDATA[
            
            ]]></system-out>
            <system-err><![CDATA[
            
            ]]></system-err>
        
    </testcase>
    
    <testcase classname="fastp (Test #1)" name="0" time="38.98261880874634">
        
            
            <system-out><![CDATA[
            
            ]]></system-out>
            <system-err><![CDATA[
            Detecting adapter sequence for read1...No adapter detected for read1Read1 before filtering:total reads: 2total bases: 302Q20 bases: 262(86.755%)Q30 bases: 241(79.8013%)Q40 bases: 0(0%)Read1 after filtering:total reads: 2total bases: 302Q20 bases: 262(86.755%)Q30 bases: 241(79.8013%)Q40 bases: 0(0%)Filtering result:reads passed filter: 2reads failed due to low quality: 0reads failed due to too many N: 0reads failed due to too short: 0reads with adapter trimmed: 0bases trimmed due to adapters: 0JSON report: fastp.jsonHTML report: fastp.htmlfastp --thread 4 --report_title fastp report for R1_fq.fastqsanger -i R1_fq.fastqsanger -o first.fastqsanger --dont_eval_duplication fastp v1.0.1, time used: 0 seconds
            ]]></system-err>
        
    </testcase>
    
    <testcase classname="fastp (Test #2)" name="1" time="34.61485171318054">
        
            
            <system-out><![CDATA[
            
            ]]></system-out>
            <system-err><![CDATA[
            Read1 before filtering:total reads: 99total bases: 24849Q20 bases: 23268(93.6376%)Q30 bases: 22391(90.1083%)Q40 bases: 6(0.0241458%)Read2 before filtering:total reads: 99total bases: 24849Q20 bases: 22676(91.2552%)Q30 bases: 21532(86.6514%)Q40 bases: 9(0.0362188%)Read1 after filtering:total reads: 97total bases: 22942Q20 bases: 21680(94.4992%)Q30 bases: 20981(91.4524%)Q40 bases: 6(0.0261529%)Read2 after filtering:total reads: 97total bases: 22942Q20 bases: 21535(93.8671%)Q30 bases: 20672(90.1055%)Q40 bases: 9(0.0392294%)Filtering result:reads passed filter: 194reads failed due to low quality: 2reads failed due to too many N: 2reads failed due to too short: 0reads with adapter trimmed: 68bases trimmed due to adapters: 2824Insert size peak (evaluated by paired-end reads): 308JSON report: fastp.jsonHTML report: fastp.htmlfastp --thread 4 --report_title fastp report for Unnamed Collection.fastqsanger -i Unnamed Collection.fastqsanger -I Unnamed Collection_R2.fastqsanger -o first.fastqsanger -O second.fastqsanger --dont_eval_duplication fastp v1.0.1, time used: 0 seconds
            ]]></system-err>
        
    </testcase>
    
    <testcase classname="fastp (Test #11)" name="10" time="27.690237283706665">
        
            
                <error type="error" message="Tool exit code: None"><![CDATA[
                    { "inputs": {  "output_options|report_json": false,  "single_paired|paired_input": {   "id": "22b63c12d454ed39",   "src": "hdca"  },  "single_paired|single_paired_selector": "paired_collection" }, "job": {  "command_line": "ln -sf \u0027/galaxy/server/database/objects/a/1/f/dataset_a1fc8636-5c2b-43df-9c23-b5903d15534c.dat\u0027 \u0027Unnamed Collection.fastqsanger\u0027 \u0026\u0026 ln -sf \u0027/galaxy/server/database/objects/2/2/4/dataset_224de86c-2ab0-4fc2-8b48-99b6292f7f3b.dat\u0027 \u0027Unnamed Collection_R2.fastqsanger\u0027 \u0026\u0026   fastp  --thread ${GALAXY_SLOTS:-1} --report_title \u0027fastp report for Unnamed Collection.fastqsanger\u0027  -i \u0027Unnamed Collection.fastqsanger\u0027   -I \u0027Unnamed Collection_R2.fastqsanger\u0027 -o first.fastqsanger -O second.fastqsanger                                    --dont_eval_duplication                  \u0026\u0026 mv first.fastqsanger \u0027/galaxy/server/database/objects/9/6/9/dataset_9699e20f-63ee-41a7-8c7b-94c3b34fc88c.dat\u0027 \u0026\u0026 mv second.fastqsanger \u0027/galaxy/server/database/objects/2/7/9/dataset_2799819c-c78e-430e-9f94-a0ebdf792645.dat\u0027",  "command_version": null,  "copied_from_job_id": null,  "create_time": "2025-12-12T01:10:37.001726",  "dependencies": [],  "exit_code": null,  "external_id": "gxy-24ks4",  "galaxy_version": "24.1",  "handler": null,  "history_id": "f0b6dbbce0cb23dd",  "id": "9142f3da1b4f492d",  "inputs": {   "single_paired|paired_input1": {    "id": "a92baeea44501531",    "src": "hda",    "uuid": "a1fc8636-5c2b-43df-9c23-b5903d15534c"   },   "single_paired|paired_input2": {    "id": "c26bc40c2a415133",    "src": "hda",    "uuid": "224de86c-2ab0-4fc2-8b48-99b6292f7f3b"   }  },  "job_messages": null,  "job_metrics": [],  "job_runner_name": null,  "job_stderr": null,  "job_stdout": null,  "model_class": "Job",  "output_collections": {   "output_paired_coll": {    "id": "d33b4faf06556f84",    "src": "hdca"   }  },  "outputs": {   "output_paired_coll|__part__|forward": {    "id": "cabea6fc24b107ee",    "src": "hda",    "uuid": "9699e20f-63ee-41a7-8c7b-94c3b34fc88c"   },   "output_paired_coll|__part__|reverse": {    "id": "024e67dd1d3ffa33",    "src": "hda",    "uuid": "2799819c-c78e-430e-9f94-a0ebdf792645"   },   "report_html": {    "id": "dd33ddf93c072253",    "src": "hda",    "uuid": "0d5f6617-64a7-421e-8591-5b7c2870ef1c"   }  },  "params": {   "__input_ext": "\"input\"",   "chromInfo": "\"/cvmfs/data.galaxyproject.org/managed/len/ucsc/?.len\"",   "dbkey": "\"?\"",   "duplicated_reads": "{\"handling_options\": {\"__current_case__\": 0, \"eval_dups\": \"--dont_eval_duplication\"}}",   "filter_options": "{\"length_filtering_options\": {\"disable_length_filtering\": false, \"length_limit\": \"\", \"length_required\": \"\"}, \"low_complexity_filter\": {\"complexity_threshold\": \"\", \"enable_low_complexity_filter\": false}, \"quality_filtering_options\": {\"disable_quality_filtering\": false, \"n_base_limit\": \"\", \"qualified_quality_phred\": \"\", \"unqualified_percent_limit\": \"\"}}",   "output_options": "{\"report_html\": true, \"report_json\": false}",   "overrepresented_sequence_analysis": "{\"overrepresentation_analysis\": false, \"overrepresentation_sampling\": \"\"}",   "read_mod_options": "{\"base_correction_options\": {\"correction\": false}, \"cutting_by_quality_options\": {\"cut_front_select\": {\"__current_case__\": 1, \"cut_front\": \"\"}, \"cut_right_select\": {\"__current_case__\": 1, \"cut_right\": \"\"}, \"cut_tail_select\": {\"__current_case__\": 1, \"cut_tail\": \"\"}}, \"polyg_tail_trimming\": {\"__current_case__\": 1, \"poly_g_min_len\": \"\", \"trimming_select\": \"\"}, \"polyx_tail_trimming\": {\"__current_case__\": 1, \"polyx_trimming_select\": \"\"}, \"umi_processing\": {\"umi\": false, \"umi_len\": \"\", \"umi_loc\": null, \"umi_prefix\": null}}",   "single_paired": "{\"__current_case__\": 1, \"adapter_trimming_options\": {\"adapter_sequence1\": null, \"adapter_sequence2\": null, \"detect_adapter_for_pe\": false, \"disable_adapter_trimming\": false}, \"global_trimming_options\": {\"trim_front1\": \"\", \"trim_front2\": \"\", \"trim_tail1\": \"\", \"trim_tail2\": \"\"}, \"merge_reads\": {\"__current_case__\": 1, \"merge\": \"\"}, \"paired_input\": {\"values\": [{\"id\": 7, \"src\": \"hdca\"}]}, \"single_paired_selector\": \"paired_collection\"}"  },  "state": "error",  "stderr": "\nWARNNIG: different read numbers of the 0 pack\nRead1 pack size: 99\nRead2 pack size: 100\nIgnore the unmatched reads\n\nRead1 before filtering:\ntotal reads: 99\ntotal bases: 24849\nQ20 bases: 23268(93.6376%)\nQ30 bases: 22391(90.1083%)\nQ40 bases: 6(0.0241458%)\n\nRead2 before filtering:\ntotal reads: 99\ntotal bases: 24849\nQ20 bases: 22676(91.2552%)\nQ30 bases: 21532(86.6514%)\nQ40 bases: 9(0.0362188%)\n\nRead1 after filtering:\ntotal reads: 97\ntotal bases: 22942\nQ20 bases: 21680(94.4992%)\nQ30 bases: 20981(91.4524%)\nQ40 bases: 6(0.0261529%)\n\nRead2 after filtering:\ntotal reads: 97\ntotal bases: 22942\nQ20 bases: 21535(93.8671%)\nQ30 bases: 20672(90.1055%)\nQ40 bases: 9(0.0392294%)\n\nFiltering result:\nreads passed filter: 194\nreads failed due to low quality: 2\nreads failed due to too many N: 2\nreads failed due to too short: 0\nreads with adapter trimmed: 68\nbases trimmed due to adapters: 2824\n\nInsert size peak (evaluated by paired-end reads): 308\n\nJSON report: fastp.json\nHTML report: fastp.html\n\nfastp --thread 4 --report_title fastp report for Unnamed Collection.fastqsanger -i Unnamed Collection.fastqsanger -I Unnamed Collection_R2.fastqsanger -o first.fastqsanger -O second.fastqsanger --dont_eval_duplication \nfastp v1.0.1, time used: 0 seconds\n",  "stdout": "",  "tool_id": "toolshed.g2.bx.psu.edu/repos/iuc/fastp/fastp/1.0.1+galaxy3",  "tool_stderr": "\nWARNNIG: different read numbers of the 0 pack\nRead1 pack size: 99\nRead2 pack size: 100\nIgnore the unmatched reads\n\nRead1 before filtering:\ntotal reads: 99\ntotal bases: 24849\nQ20 bases: 23268(93.6376%)\nQ30 bases: 22391(90.1083%)\nQ40 bases: 6(0.0241458%)\n\nRead2 before filtering:\ntotal reads: 99\ntotal bases: 24849\nQ20 bases: 22676(91.2552%)\nQ30 bases: 21532(86.6514%)\nQ40 bases: 9(0.0362188%)\n\nRead1 after filtering:\ntotal reads: 97\ntotal bases: 22942\nQ20 bases: 21680(94.4992%)\nQ30 bases: 20981(91.4524%)\nQ40 bases: 6(0.0261529%)\n\nRead2 after filtering:\ntotal reads: 97\ntotal bases: 22942\nQ20 bases: 21535(93.8671%)\nQ30 bases: 20672(90.1055%)\nQ40 bases: 9(0.0392294%)\n\nFiltering result:\nreads passed filter: 194\nreads failed due to low quality: 2\nreads failed due to too many N: 2\nreads failed due to too short: 0\nreads with adapter trimmed: 68\nbases trimmed due to adapters: 2824\n\nInsert size peak (evaluated by paired-end reads): 308\n\nJSON report: fastp.json\nHTML report: fastp.html\n\nfastp --thread 4 --report_title fastp report for Unnamed Collection.fastqsanger -i Unnamed Collection.fastqsanger -I Unnamed Collection_R2.fastqsanger -o first.fastqsanger -O second.fastqsanger --dont_eval_duplication \nfastp v1.0.1, time used: 0 seconds\n",  "tool_stdout": "",  "update_time": "2025-12-12T01:10:42.440540",  "user_email": "tests@fake.org" }, "output_problems": [  "Job in error state.. tool_id: toolshed.g2.bx.psu.edu/repos/iuc/fastp/fastp/1.0.1+galaxy3, exit_code: None, stderr: \nWARNNIG: different read numbers of the 0 pack\nRead1 pack size: 99\nRead2 pack size: 100\nIgnore the unmatched reads\n\nRead1 before filtering:\ntotal reads: 99\ntotal bases: 24849\nQ20 bases: 23268(93.6376%)\nQ30 bases: 22391(90.1083%)\nQ40 bases: 6(0.0241458%)\n\nRead2 before filtering:\ntotal reads: 99\ntotal bases: 24849\nQ20 bases: 22676(91.2552%)\nQ30 bases: 21532(86.6514%)\nQ40 bases: 9(0.0362188%)\n\nRead1 after filtering:\ntotal reads: 97\ntotal bases: 22942\nQ20 bases: 21680(94.4992%)\nQ30 bases: 20981(91.4524%)\nQ40 bases: 6(0.0261529%)\n\nRead2 after filtering:\ntotal reads: 97\ntotal bases: 22942\nQ20 bases: 21535(93.8671%)\nQ30 bases: 20672(90.1055%)\nQ40 bases: 9(0.0392294%)\n\nFiltering result:\nreads passed filter: 194\nreads failed due to low quality: 2\nreads failed due to too many N: 2\nreads failed due to too short: 0\nreads with adapter trimmed: 68\nbases trimmed due to adapters: 2824\n\nInsert size peak (evaluated by paired-end reads): 308\n\nJSON report: fastp.json\nHTML report: fastp.html\n\nfastp --thread 4 --report_title fastp report for Unnamed Collection.fastqsanger -i Unnamed Collection.fastqsanger -I Unnamed Collection_R2.fastqsanger -o first.fastqsanger -O second.fastqsanger --dont_eval_duplication \nfastp v1.0.1, time used: 0 seconds\n.",  "Job in error state.. tool_id: toolshed.g2.bx.psu.edu/repos/iuc/fastp/fastp/1.0.1+galaxy3, exit_code: None, stderr: \nWARNNIG: different read numbers of the 0 pack\nRead1 pack size: 99\nRead2 pack size: 100\nIgnore the unmatched reads\n\nRead1 before filtering:\ntotal reads: 99\ntotal bases: 24849\nQ20 bases: 23268(93.6376%)\nQ30 bases: 22391(90.1083%)\nQ40 bases: 6(0.0241458%)\n\nRead2 before filtering:\ntotal reads: 99\ntotal bases: 24849\nQ20 bases: 22676(91.2552%)\nQ30 bases: 21532(86.6514%)\nQ40 bases: 9(0.0362188%)\n\nRead1 after filtering:\ntotal reads: 97\ntotal bases: 22942\nQ20 bases: 21680(94.4992%)\nQ30 bases: 20981(91.4524%)\nQ40 bases: 6(0.0261529%)\n\nRead2 after filtering:\ntotal reads: 97\ntotal bases: 22942\nQ20 bases: 21535(93.8671%)\nQ30 bases: 20672(90.1055%)\nQ40 bases: 9(0.0392294%)\n\nFiltering result:\nreads passed filter: 194\nreads failed due to low quality: 2\nreads failed due to too many N: 2\nreads failed due to too short: 0\nreads with adapter trimmed: 68\nbases trimmed due to adapters: 2824\n\nInsert size peak (evaluated by paired-end reads): 308\n\nJSON report: fastp.json\nHTML report: fastp.html\n\nfastp --thread 4 --report_title fastp report for Unnamed Collection.fastqsanger -i Unnamed Collection.fastqsanger -I Unnamed Collection_R2.fastqsanger -o first.fastqsanger -O second.fastqsanger --dont_eval_duplication \nfastp v1.0.1, time used: 0 seconds\n." ], "status": "failure", "test_index": 10, "time_seconds": 27.690237283706665, "tool_id": "fastp", "tool_version": "1.0.1+galaxy3"}
                ]]></error>
            
            <system-out><![CDATA[
            
            ]]></system-out>
            <system-err><![CDATA[
            WARNNIG: different read numbers of the 0 packRead1 pack size: 99Read2 pack size: 100Ignore the unmatched readsRead1 before filtering:total reads: 99total bases: 24849Q20 bases: 23268(93.6376%)Q30 bases: 22391(90.1083%)Q40 bases: 6(0.0241458%)Read2 before filtering:total reads: 99total bases: 24849Q20 bases: 22676(91.2552%)Q30 bases: 21532(86.6514%)Q40 bases: 9(0.0362188%)Read1 after filtering:total reads: 97total bases: 22942Q20 bases: 21680(94.4992%)Q30 bases: 20981(91.4524%)Q40 bases: 6(0.0261529%)Read2 after filtering:total reads: 97total bases: 22942Q20 bases: 21535(93.8671%)Q30 bases: 20672(90.1055%)Q40 bases: 9(0.0392294%)Filtering result:reads passed filter: 194reads failed due to low quality: 2reads failed due to too many N: 2reads failed due to too short: 0reads with adapter trimmed: 68bases trimmed due to adapters: 2824Insert size peak (evaluated by paired-end reads): 308JSON report: fastp.jsonHTML report: fastp.htmlfastp --thread 4 --report_title fastp report for Unnamed Collection.fastqsanger -i Unnamed Collection.fastqsanger -I Unnamed Collection_R2.fastqsanger -o first.fastqsanger -O second.fastqsanger --dont_eval_duplication fastp v1.0.1, time used: 0 seconds
            ]]></system-err>
        
    </testcase>
    
    <testcase classname="fastp (Test #12)" name="11" time="35.84746503829956">
        
            
            <system-out><![CDATA[
            
            ]]></system-out>
            <system-err><![CDATA[
            Read1 before filtering:total reads: 99total bases: 24849Q20 bases: 23268(93.6376%)Q30 bases: 22391(90.1083%)Q40 bases: 6(0.0241458%)Read2 before filtering:total reads: 99total bases: 24849Q20 bases: 22676(91.2552%)Q30 bases: 21532(86.6514%)Q40 bases: 9(0.0362188%)Merged and filtered:total reads: 97total bases: 25703Q20 bases: 24459(95.1601%)Q30 bases: 23743(92.3744%)Q40 bases: 9(0.0350154%)Filtering result:reads passed filter: 196reads failed due to low quality: 2reads failed due to too many N: 0reads failed due to too short: 0reads with adapter trimmed: 68bases trimmed due to adapters: 2824reads corrected by overlap analysis: 55bases corrected by overlap analysis: 101Insert size peak (evaluated by paired-end reads): 308Read pairs merged: 97% of original read pairs: 97.9798%% in reads after filtering: 100%JSON report: fastp.jsonHTML report: fastp.htmlfastp --thread 4 --report_title fastp report for Unnamed Collection.fastqsanger -i Unnamed Collection.fastqsanger -I Unnamed Collection_R2.fastqsanger --merge --merged_out merged.fastqsanger --out1 unmerged_R1.fastqsanger --out2 unmerged_R2.fastqsanger --unpaired1 unpaired_R1.fastqsanger --unpaired2 unpaired_R2.fastqsanger --dont_eval_duplication fastp v1.0.1, time used: 0 seconds
            ]]></system-err>
        
    </testcase>
    
    <testcase classname="fastp (Test #13)" name="12" time="35.066906690597534">
        
            
            <system-out><![CDATA[
            
            ]]></system-out>
            <system-err><![CDATA[
            Read1 before filtering:total reads: 99total bases: 24849Q20 bases: 23268(93.6376%)Q30 bases: 22391(90.1083%)Q40 bases: 6(0.0241458%)Read2 before filtering:total reads: 99total bases: 24849Q20 bases: 22676(91.2552%)Q30 bases: 21532(86.6514%)Q40 bases: 9(0.0362188%)Merged and filtered:total reads: 100total bases: 26456Q20 bases: 25141(95.0295%)Q30 bases: 24378(92.1454%)Q40 bases: 9(0.0340187%)Filtering result:reads passed filter: 197reads failed due to low quality: 1reads failed due to too many N: 0reads failed due to too short: 0reads with adapter trimmed: 68bases trimmed due to adapters: 2824reads corrected by overlap analysis: 55bases corrected by overlap analysis: 101Insert size peak (evaluated by paired-end reads): 308Read pairs merged: 97% of original read pairs: 97.9798%% in reads after filtering: 97%JSON report: fastp.jsonHTML report: fastp.htmlfastp --thread 4 --report_title fastp report for Unnamed Collection.fastqsanger -i Unnamed Collection.fastqsanger -I Unnamed Collection_R2.fastqsanger --merge --merged_out merged.fastqsanger --include_unmerged --dont_eval_duplication fastp v1.0.1, time used: 0 seconds
            ]]></system-err>
        
    </testcase>
    
    <testcase classname="fastp (Test #14)" name="13" time="37.631505250930786">
        
            
            <system-out><![CDATA[
            
            ]]></system-out>
            <system-err><![CDATA[
            Read1 before filtering:total reads: 99total bases: 24849Q20 bases: 23268(93.6376%)Q30 bases: 22391(90.1083%)Q40 bases: 6(0.0241458%)Read2 before filtering:total reads: 99total bases: 24849Q20 bases: 22676(91.2552%)Q30 bases: 21532(86.6514%)Q40 bases: 9(0.0362188%)Merged and filtered:total reads: 97total bases: 25703Q20 bases: 24459(95.1601%)Q30 bases: 23743(92.3744%)Q40 bases: 9(0.0350154%)Filtering result:reads passed filter: 196reads failed due to low quality: 2reads failed due to too many N: 0reads failed due to too short: 0reads with adapter trimmed: 68bases trimmed due to adapters: 2824reads corrected by overlap analysis: 55bases corrected by overlap analysis: 101Insert size peak (evaluated by paired-end reads): 308Read pairs merged: 97% of original read pairs: 97.9798%% in reads after filtering: 100%JSON report: fastp.jsonHTML report: fastp.htmlfastp --thread 4 --report_title fastp report for Unnamed Collection.fastqsanger.gz -i Unnamed Collection.fastqsanger.gz -I Unnamed Collection_R2.fastqsanger.gz --merge --merged_out merged.fastqsanger.gz --out1 unmerged_R1.fastqsanger.gz --out2 unmerged_R2.fastqsanger.gz --unpaired1 unpaired_R1.fastqsanger.gz --unpaired2 unpaired_R2.fastqsanger.gz --dont_eval_duplication fastp v1.0.1, time used: 0 seconds
            ]]></system-err>
        
    </testcase>
    
    <testcase classname="fastp (Test #15)" name="14" time="33.607013463974">
        
            
            <system-out><![CDATA[
            
            ]]></system-out>
            <system-err><![CDATA[
            Read1 before filtering:total reads: 99total bases: 24849Q20 bases: 23268(93.6376%)Q30 bases: 22391(90.1083%)Q40 bases: 6(0.0241458%)Read2 before filtering:total reads: 99total bases: 24849Q20 bases: 22676(91.2552%)Q30 bases: 21532(86.6514%)Q40 bases: 9(0.0362188%)Merged and filtered:total reads: 100total bases: 26456Q20 bases: 25141(95.0295%)Q30 bases: 24378(92.1454%)Q40 bases: 9(0.0340187%)Filtering result:reads passed filter: 197reads failed due to low quality: 1reads failed due to too many N: 0reads failed due to too short: 0reads with adapter trimmed: 68bases trimmed due to adapters: 2824reads corrected by overlap analysis: 55bases corrected by overlap analysis: 101Insert size peak (evaluated by paired-end reads): 308Read pairs merged: 97% of original read pairs: 97.9798%% in reads after filtering: 97%JSON report: fastp.jsonHTML report: fastp.htmlfastp --thread 4 --report_title fastp report for Unnamed Collection.fastqsanger.gz -i Unnamed Collection.fastqsanger.gz -I Unnamed Collection_R2.fastqsanger.gz --merge --merged_out merged.fastqsanger.gz --include_unmerged --dont_eval_duplication fastp v1.0.1, time used: 0 seconds
            ]]></system-err>
        
    </testcase>
    
    <testcase classname="fastp (Test #16)" name="15" time="27.74014949798584">
        
            
                <error type="error" message="Tool exit code: None"><![CDATA[
                    { "inputs": {  "output_options|report_json": false,  "single_paired|paired_input": {   "id": "69a7f5273a588bab",   "src": "hdca"  },  "single_paired|single_paired_selector": "paired_collection" }, "job": {  "command_line": "ln -sf \u0027/galaxy/server/database/objects/7/4/b/dataset_74b6fbe1-297d-471e-bac0-2795340dbd1d.dat\u0027 \u0027Unnamed Collection.fastqsanger.gz\u0027 \u0026\u0026 ln -sf \u0027/galaxy/server/database/objects/c/6/7/dataset_c67bc6c2-c6de-4142-b9f6-7690627cff0f.dat\u0027 \u0027Unnamed Collection_R2.fastqsanger.gz\u0027 \u0026\u0026   fastp  --thread ${GALAXY_SLOTS:-1} --report_title \u0027fastp report for Unnamed Collection.fastqsanger.gz\u0027  -i \u0027Unnamed Collection.fastqsanger.gz\u0027   -I \u0027Unnamed Collection_R2.fastqsanger.gz\u0027 -o first.fastqsanger.gz -O second.fastqsanger.gz                                    --dont_eval_duplication                  \u0026\u0026 mv first.fastqsanger.gz \u0027/galaxy/server/database/objects/2/1/e/dataset_21e10fea-0ac2-45df-ba0d-69b9e6aff9d1.dat\u0027 \u0026\u0026 mv second.fastqsanger.gz \u0027/galaxy/server/database/objects/f/0/e/dataset_f0e9b95b-f25c-42dd-93c8-6168f9c3f1c3.dat\u0027",  "command_version": null,  "copied_from_job_id": null,  "create_time": "2025-12-12T01:13:27.695841",  "dependencies": [],  "exit_code": null,  "external_id": "gxy-ppcv4",  "galaxy_version": "24.1",  "handler": null,  "history_id": "f0b6dbbce0cb23dd",  "id": "e192602b79855782",  "inputs": {   "single_paired|paired_input1": {    "id": "fffddafcd711ecc2",    "src": "hda",    "uuid": "74b6fbe1-297d-471e-bac0-2795340dbd1d"   },   "single_paired|paired_input2": {    "id": "30320fd49e501141",    "src": "hda",    "uuid": "c67bc6c2-c6de-4142-b9f6-7690627cff0f"   }  },  "job_messages": null,  "job_metrics": [],  "job_runner_name": null,  "job_stderr": null,  "job_stdout": null,  "model_class": "Job",  "output_collections": {   "output_paired_coll": {    "id": "bfe064ad7a8b5e1d",    "src": "hdca"   }  },  "outputs": {   "output_paired_coll|__part__|forward": {    "id": "576dbd234364d0e4",    "src": "hda",    "uuid": "21e10fea-0ac2-45df-ba0d-69b9e6aff9d1"   },   "output_paired_coll|__part__|reverse": {    "id": "24872e5cb25bceaa",    "src": "hda",    "uuid": "f0e9b95b-f25c-42dd-93c8-6168f9c3f1c3"   },   "report_html": {    "id": "13f45f61b1b9f709",    "src": "hda",    "uuid": "661980d0-9c58-48a6-8e52-1584a2421850"   }  },  "params": {   "__input_ext": "\"input\"",   "chromInfo": "\"/cvmfs/data.galaxyproject.org/managed/len/ucsc/?.len\"",   "dbkey": "\"?\"",   "duplicated_reads": "{\"handling_options\": {\"__current_case__\": 0, \"eval_dups\": \"--dont_eval_duplication\"}}",   "filter_options": "{\"length_filtering_options\": {\"disable_length_filtering\": false, \"length_limit\": \"\", \"length_required\": \"\"}, \"low_complexity_filter\": {\"complexity_threshold\": \"\", \"enable_low_complexity_filter\": false}, \"quality_filtering_options\": {\"disable_quality_filtering\": false, \"n_base_limit\": \"\", \"qualified_quality_phred\": \"\", \"unqualified_percent_limit\": \"\"}}",   "output_options": "{\"report_html\": true, \"report_json\": false}",   "overrepresented_sequence_analysis": "{\"overrepresentation_analysis\": false, \"overrepresentation_sampling\": \"\"}",   "read_mod_options": "{\"base_correction_options\": {\"correction\": false}, \"cutting_by_quality_options\": {\"cut_front_select\": {\"__current_case__\": 1, \"cut_front\": \"\"}, \"cut_right_select\": {\"__current_case__\": 1, \"cut_right\": \"\"}, \"cut_tail_select\": {\"__current_case__\": 1, \"cut_tail\": \"\"}}, \"polyg_tail_trimming\": {\"__current_case__\": 1, \"poly_g_min_len\": \"\", \"trimming_select\": \"\"}, \"polyx_tail_trimming\": {\"__current_case__\": 1, \"polyx_trimming_select\": \"\"}, \"umi_processing\": {\"umi\": false, \"umi_len\": \"\", \"umi_loc\": null, \"umi_prefix\": null}}",   "single_paired": "{\"__current_case__\": 1, \"adapter_trimming_options\": {\"adapter_sequence1\": null, \"adapter_sequence2\": null, \"detect_adapter_for_pe\": false, \"disable_adapter_trimming\": false}, \"global_trimming_options\": {\"trim_front1\": \"\", \"trim_front2\": \"\", \"trim_tail1\": \"\", \"trim_tail2\": \"\"}, \"merge_reads\": {\"__current_case__\": 1, \"merge\": \"\"}, \"paired_input\": {\"values\": [{\"id\": 17, \"src\": \"hdca\"}]}, \"single_paired_selector\": \"paired_collection\"}"  },  "state": "error",  "stderr": "Read1 before filtering:\ntotal reads: 99\ntotal bases: 24849\nQ20 bases: 22676(91.2552%)\nQ30 bases: 21532(86.6514%)\nQ40 bases: 9(0.0362188%)\n\nRead2 before filtering:\ntotal reads: 99\ntotal bases: 24849\nQ20 bases: 23268(93.6376%)\nQ30 bases: 22391(90.1083%)\nQ40 bases: 6(0.0241458%)\n\nRead1 after filtering:\ntotal reads: 97\ntotal bases: 22942\nQ20 bases: 21535(93.8671%)\nQ30 bases: 20672(90.1055%)\nQ40 bases: 9(0.0392294%)\n\nRead2 after filtering:\ntotal reads: 97\ntotal bases: 22942\nQ20 bases: 21680(94.4992%)\nQ30 bases: 20981(91.4524%)\nQ40 bases: 6(0.0261529%)\n\nFiltering result:\nreads passed filter: 194\nreads failed due to low quality: 2\nreads failed due to too many N: 2\nreads failed due to too short: 0\nreads with adapter trimmed: 68\nbases trimmed due to adapters: 2824\n\nInsert size peak (evaluated by paired-end reads): 308\n\nJSON report: fastp.json\nHTML report: fastp.html\n\nfastp --thread 4 --report_title fastp report for Unnamed Collection.fastqsanger.gz -i Unnamed Collection.fastqsanger.gz -I Unnamed Collection_R2.fastqsanger.gz -o first.fastqsanger.gz -O second.fastqsanger.gz --dont_eval_duplication \nfastp v1.0.1, time used: 0 seconds\n",  "stdout": "",  "tool_id": "toolshed.g2.bx.psu.edu/repos/iuc/fastp/fastp/1.0.1+galaxy3",  "tool_stderr": "Read1 before filtering:\ntotal reads: 99\ntotal bases: 24849\nQ20 bases: 22676(91.2552%)\nQ30 bases: 21532(86.6514%)\nQ40 bases: 9(0.0362188%)\n\nRead2 before filtering:\ntotal reads: 99\ntotal bases: 24849\nQ20 bases: 23268(93.6376%)\nQ30 bases: 22391(90.1083%)\nQ40 bases: 6(0.0241458%)\n\nRead1 after filtering:\ntotal reads: 97\ntotal bases: 22942\nQ20 bases: 21535(93.8671%)\nQ30 bases: 20672(90.1055%)\nQ40 bases: 9(0.0392294%)\n\nRead2 after filtering:\ntotal reads: 97\ntotal bases: 22942\nQ20 bases: 21680(94.4992%)\nQ30 bases: 20981(91.4524%)\nQ40 bases: 6(0.0261529%)\n\nFiltering result:\nreads passed filter: 194\nreads failed due to low quality: 2\nreads failed due to too many N: 2\nreads failed due to too short: 0\nreads with adapter trimmed: 68\nbases trimmed due to adapters: 2824\n\nInsert size peak (evaluated by paired-end reads): 308\n\nJSON report: fastp.json\nHTML report: fastp.html\n\nfastp --thread 4 --report_title fastp report for Unnamed Collection.fastqsanger.gz -i Unnamed Collection.fastqsanger.gz -I Unnamed Collection_R2.fastqsanger.gz -o first.fastqsanger.gz -O second.fastqsanger.gz --dont_eval_duplication \nfastp v1.0.1, time used: 0 seconds\n",  "tool_stdout": "",  "update_time": "2025-12-12T01:13:33.004802",  "user_email": "tests@fake.org" }, "output_problems": [  "Job in error state.. tool_id: toolshed.g2.bx.psu.edu/repos/iuc/fastp/fastp/1.0.1+galaxy3, exit_code: None, stderr: Read1 before filtering:\ntotal reads: 99\ntotal bases: 24849\nQ20 bases: 22676(91.2552%)\nQ30 bases: 21532(86.6514%)\nQ40 bases: 9(0.0362188%)\n\nRead2 before filtering:\ntotal reads: 99\ntotal bases: 24849\nQ20 bases: 23268(93.6376%)\nQ30 bases: 22391(90.1083%)\nQ40 bases: 6(0.0241458%)\n\nRead1 after filtering:\ntotal reads: 97\ntotal bases: 22942\nQ20 bases: 21535(93.8671%)\nQ30 bases: 20672(90.1055%)\nQ40 bases: 9(0.0392294%)\n\nRead2 after filtering:\ntotal reads: 97\ntotal bases: 22942\nQ20 bases: 21680(94.4992%)\nQ30 bases: 20981(91.4524%)\nQ40 bases: 6(0.0261529%)\n\nFiltering result:\nreads passed filter: 194\nreads failed due to low quality: 2\nreads failed due to too many N: 2\nreads failed due to too short: 0\nreads with adapter trimmed: 68\nbases trimmed due to adapters: 2824\n\nInsert size peak (evaluated by paired-end reads): 308\n\nJSON report: fastp.json\nHTML report: fastp.html\n\nfastp --thread 4 --report_title fastp report for Unnamed Collection.fastqsanger.gz -i Unnamed Collection.fastqsanger.gz -I Unnamed Collection_R2.fastqsanger.gz -o first.fastqsanger.gz -O second.fastqsanger.gz --dont_eval_duplication \nfastp v1.0.1, time used: 0 seconds\n.",  "Job in error state.. tool_id: toolshed.g2.bx.psu.edu/repos/iuc/fastp/fastp/1.0.1+galaxy3, exit_code: None, stderr: Read1 before filtering:\ntotal reads: 99\ntotal bases: 24849\nQ20 bases: 22676(91.2552%)\nQ30 bases: 21532(86.6514%)\nQ40 bases: 9(0.0362188%)\n\nRead2 before filtering:\ntotal reads: 99\ntotal bases: 24849\nQ20 bases: 23268(93.6376%)\nQ30 bases: 22391(90.1083%)\nQ40 bases: 6(0.0241458%)\n\nRead1 after filtering:\ntotal reads: 97\ntotal bases: 22942\nQ20 bases: 21535(93.8671%)\nQ30 bases: 20672(90.1055%)\nQ40 bases: 9(0.0392294%)\n\nRead2 after filtering:\ntotal reads: 97\ntotal bases: 22942\nQ20 bases: 21680(94.4992%)\nQ30 bases: 20981(91.4524%)\nQ40 bases: 6(0.0261529%)\n\nFiltering result:\nreads passed filter: 194\nreads failed due to low quality: 2\nreads failed due to too many N: 2\nreads failed due to too short: 0\nreads with adapter trimmed: 68\nbases trimmed due to adapters: 2824\n\nInsert size peak (evaluated by paired-end reads): 308\n\nJSON report: fastp.json\nHTML report: fastp.html\n\nfastp --thread 4 --report_title fastp report for Unnamed Collection.fastqsanger.gz -i Unnamed Collection.fastqsanger.gz -I Unnamed Collection_R2.fastqsanger.gz -o first.fastqsanger.gz -O second.fastqsanger.gz --dont_eval_duplication \nfastp v1.0.1, time used: 0 seconds\n." ], "status": "failure", "test_index": 15, "time_seconds": 27.74014949798584, "tool_id": "fastp", "tool_version": "1.0.1+galaxy3"}
                ]]></error>
            
            <system-out><![CDATA[
            
            ]]></system-out>
            <system-err><![CDATA[
            Read1 before filtering:total reads: 99total bases: 24849Q20 bases: 22676(91.2552%)Q30 bases: 21532(86.6514%)Q40 bases: 9(0.0362188%)Read2 before filtering:total reads: 99total bases: 24849Q20 bases: 23268(93.6376%)Q30 bases: 22391(90.1083%)Q40 bases: 6(0.0241458%)Read1 after filtering:total reads: 97total bases: 22942Q20 bases: 21535(93.8671%)Q30 bases: 20672(90.1055%)Q40 bases: 9(0.0392294%)Read2 after filtering:total reads: 97total bases: 22942Q20 bases: 21680(94.4992%)Q30 bases: 20981(91.4524%)Q40 bases: 6(0.0261529%)Filtering result:reads passed filter: 194reads failed due to low quality: 2reads failed due to too many N: 2reads failed due to too short: 0reads with adapter trimmed: 68bases trimmed due to adapters: 2824Insert size peak (evaluated by paired-end reads): 308JSON report: fastp.jsonHTML report: fastp.htmlfastp --thread 4 --report_title fastp report for Unnamed Collection.fastqsanger.gz -i Unnamed Collection.fastqsanger.gz -I Unnamed Collection_R2.fastqsanger.gz -o first.fastqsanger.gz -O second.fastqsanger.gz --dont_eval_duplication fastp v1.0.1, time used: 0 seconds
            ]]></system-err>
        
    </testcase>
    
    <testcase classname="fastp (Test #17)" name="16" time="34.48556089401245">
        
            
            <system-out><![CDATA[
            
            ]]></system-out>
            <system-err><![CDATA[
            Detecting adapter sequence for read1...No adapter detected for read1Read1 before filtering:total reads: 2total bases: 302Q20 bases: 262(86.755%)Q30 bases: 241(79.8013%)Q40 bases: 0(0%)Read1 after filtering:total reads: 2total bases: 302Q20 bases: 262(86.755%)Q30 bases: 241(79.8013%)Q40 bases: 0(0%)Filtering result:reads passed filter: 2reads failed due to low quality: 0reads failed due to too many N: 0reads failed due to too short: 0reads with adapter trimmed: 0bases trimmed due to adapters: 0JSON report: fastp.jsonHTML report: fastp.htmlfastp --thread 4 --report_title fastp report for R1_fq_gz.fastqsanger.gz -i R1_fq_gz.fastqsanger.gz -o first.fastqsanger.gz --dont_eval_duplication --cut_front --cut_front_window_size 2 --cut_front_mean_quality 3 --cut_tail --cut_tail_window_size 4 --cut_tail_mean_quality 5 --cut_right --cut_right_window_size 6 --cut_right_mean_quality 7 fastp v1.0.1, time used: 0 seconds
            ]]></system-err>
        
    </testcase>
    
    <testcase classname="fastp (Test #18)" name="17" time="36.198281049728394">
        
            
            <system-out><![CDATA[
            
            ]]></system-out>
            <system-err><![CDATA[
            Detecting adapter sequence for read1...No adapter detected for read1Read1 before filtering:total reads: 3total bases: 453Q20 bases: 410(90.5077%)Q30 bases: 384(84.7682%)Q40 bases: 0(0%)Read1 after filtering:total reads: 2total bases: 302Q20 bases: 262(86.755%)Q30 bases: 241(79.8013%)Q40 bases: 0(0%)Filtering result:reads passed filter: 3reads failed due to low quality: 0reads failed due to too many N: 0reads failed due to too short: 0reads with adapter trimmed: 0bases trimmed due to adapters: 0Duplication rate (may be overestimated since this is SE data): 33.3333%JSON report: fastp.jsonHTML report: fastp.htmlfastp --thread 4 --report_title fastp report for R1_with_dup_fq.fastqsanger -i R1_with_dup_fq.fastqsanger -o first.fastqsanger --dedup fastp v1.0.1, time used: 3 seconds
            ]]></system-err>
        
    </testcase>
    
    <testcase classname="fastp (Test #3)" name="2" time="32.05380129814148">
        
            
            <system-out><![CDATA[
            
            ]]></system-out>
            <system-err><![CDATA[
            Read1 before filtering:total reads: 2total bases: 302Q20 bases: 262(86.755%)Q30 bases: 241(79.8013%)Q40 bases: 0(0%)Read1 after filtering:total reads: 1total bases: 151Q20 bases: 114(75.4967%)Q30 bases: 98(64.9007%)Q40 bases: 0(0%)Filtering result:reads passed filter: 1reads failed due to low quality: 0reads failed due to too many N: 0reads failed due to too short: 1reads with adapter trimmed: 1bases trimmed due to adapters: 139JSON report: fastp.jsonHTML report: fastp.htmlfastp --thread 4 --report_title fastp report for R1_fq.fastqsanger -i R1_fq.fastqsanger -o first.fastqsanger --adapter_sequence ATCG --dont_eval_duplication fastp v1.0.1, time used: 0 seconds
            ]]></system-err>
        
    </testcase>
    
    <testcase classname="fastp (Test #4)" name="3" time="32.34750199317932">
        
            
            <system-out><![CDATA[
            
            ]]></system-out>
            <system-err><![CDATA[
            Detecting adapter sequence for read1...No adapter detected for read1Read1 before filtering:total reads: 2total bases: 302Q20 bases: 262(86.755%)Q30 bases: 241(79.8013%)Q40 bases: 0(0%)Read1 after filtering:total reads: 2total bases: 286Q20 bases: 246(86.014%)Q30 bases: 226(79.021%)Q40 bases: 0(0%)Filtering result:reads passed filter: 2reads failed due to low quality: 0reads failed due to too many N: 0reads failed due to too short: 0reads with adapter trimmed: 0bases trimmed due to adapters: 0JSON report: fastp.jsonHTML report: fastp.htmlfastp --thread 4 --report_title fastp report for R1_fq.fastqsanger -i R1_fq.fastqsanger -o first.fastqsanger --dont_eval_duplication -U --umi_loc read1 --umi_len 8 fastp v1.0.1, time used: 0 seconds
            ]]></system-err>
        
    </testcase>
    
    <testcase classname="fastp (Test #5)" name="4" time="31.239285469055176">
        
            
            <system-out><![CDATA[
            
            ]]></system-out>
            <system-err><![CDATA[
            Detecting adapter sequence for read1...No adapter detected for read1Read1 before filtering:total reads: 2total bases: 302Q20 bases: 262(86.755%)Q30 bases: 241(79.8013%)Q40 bases: 0(0%)Read1 after filtering:total reads: 2total bases: 278Q20 bases: 239(85.9712%)Q30 bases: 220(79.1367%)Q40 bases: 0(0%)Filtering result:reads passed filter: 2reads failed due to low quality: 0reads failed due to too many N: 0reads failed due to too short: 0reads with adapter trimmed: 0bases trimmed due to adapters: 0JSON report: fastp.jsonHTML report: fastp.htmlfastp --thread 4 --report_title fastp report for R1_fq.fastqsanger -i R1_fq.fastqsanger -o first.fastqsanger --dont_eval_duplication -U --umi_loc read1 --umi_len 12 fastp v1.0.1, time used: 0 seconds
            ]]></system-err>
        
    </testcase>
    
    <testcase classname="fastp (Test #6)" name="5" time="32.939817667007446">
        
            
            <system-out><![CDATA[
            
            ]]></system-out>
            <system-err><![CDATA[
            Read1 before filtering:total reads: 99total bases: 24849Q20 bases: 23268(93.6376%)Q30 bases: 22391(90.1083%)Q40 bases: 6(0.0241458%)Read2 before filtering:total reads: 99total bases: 24849Q20 bases: 22676(91.2552%)Q30 bases: 21532(86.6514%)Q40 bases: 9(0.0362188%)Read1 after filtering:total reads: 97total bases: 22166Q20 bases: 20935(94.4464%)Q30 bases: 20255(91.3787%)Q40 bases: 6(0.0270685%)Read2 after filtering:total reads: 97total bases: 22646Q20 bases: 21284(93.9857%)Q30 bases: 20447(90.2897%)Q40 bases: 9(0.0397421%)Filtering result:reads passed filter: 194reads failed due to low quality: 2reads failed due to too many N: 2reads failed due to too short: 0reads with adapter trimmed: 76bases trimmed due to adapters: 3128Insert size peak (evaluated by paired-end reads): 243JSON report: fastp.jsonHTML report: fastp.htmlfastp --thread 4 --report_title fastp report for Unnamed Collection.fastqsanger -i Unnamed Collection.fastqsanger -I Unnamed Collection_R2.fastqsanger -o first.fastqsanger -O second.fastqsanger --dont_eval_duplication -U --umi_loc read1 --umi_len 8 fastp v1.0.1, time used: 0 seconds
            ]]></system-err>
        
    </testcase>
    
    <testcase classname="fastp (Test #7)" name="6" time="35.34792518615723">
        
            
            <system-out><![CDATA[
            
            ]]></system-out>
            <system-err><![CDATA[
            Read1 before filtering:total reads: 99total bases: 24849Q20 bases: 23268(93.6376%)Q30 bases: 22391(90.1083%)Q40 bases: 6(0.0241458%)Read2 before filtering:total reads: 99total bases: 24849Q20 bases: 22676(91.2552%)Q30 bases: 21532(86.6514%)Q40 bases: 9(0.0362188%)Read1 after filtering:total reads: 97total bases: 22678Q20 bases: 21439(94.5366%)Q30 bases: 20756(91.5248%)Q40 bases: 6(0.0264574%)Read2 after filtering:total reads: 97total bases: 22166Q20 bases: 20766(93.684%)Q30 bases: 19910(89.8223%)Q40 bases: 9(0.0406027%)Filtering result:reads passed filter: 194reads failed due to low quality: 2reads failed due to too many N: 2reads failed due to too short: 0reads with adapter trimmed: 68bases trimmed due to adapters: 3096Insert size peak (evaluated by paired-end reads): 300JSON report: fastp.jsonHTML report: fastp.htmlfastp --thread 4 --report_title fastp report for Unnamed Collection.fastqsanger -i Unnamed Collection.fastqsanger -I Unnamed Collection_R2.fastqsanger -o first.fastqsanger -O second.fastqsanger --dont_eval_duplication -U --umi_loc read2 --umi_len 8 fastp v1.0.1, time used: 0 seconds
            ]]></system-err>
        
    </testcase>
    
    <testcase classname="fastp (Test #8)" name="7" time="34.67704224586487">
        
            
            <system-out><![CDATA[
            
            ]]></system-out>
            <system-err><![CDATA[
            Detecting adapter sequence for read1...No adapter detected for read1Read1 before filtering:total reads: 2total bases: 302Q20 bases: 262(86.755%)Q30 bases: 241(79.8013%)Q40 bases: 0(0%)Read1 after filtering:total reads: 2total bases: 302Q20 bases: 262(86.755%)Q30 bases: 241(79.8013%)Q40 bases: 0(0%)Filtering result:reads passed filter: 2reads failed due to low quality: 0reads failed due to too many N: 0reads failed due to too short: 0reads with adapter trimmed: 0bases trimmed due to adapters: 0Duplication rate (may be overestimated since this is SE data): 0%JSON report: fastp.jsonHTML report: fastp.htmlfastp --thread 4 --report_title fastp report for R1_fq.fastqsanger -i R1_fq.fastqsanger -o first.fastqsanger fastp v1.0.1, time used: 1 seconds
            ]]></system-err>
        
    </testcase>
    
    <testcase classname="fastp (Test #9)" name="8" time="31.510376453399658">
        
            
            <system-out><![CDATA[
            
            ]]></system-out>
            <system-err><![CDATA[
            Detecting adapter sequence for read1...No adapter detected for read1Read1 before filtering:total reads: 2total bases: 302Q20 bases: 262(86.755%)Q30 bases: 241(79.8013%)Q40 bases: 0(0%)Read1 after filtering:total reads: 2total bases: 302Q20 bases: 262(86.755%)Q30 bases: 241(79.8013%)Q40 bases: 0(0%)Filtering result:reads passed filter: 2reads failed due to low quality: 0reads failed due to too many N: 0reads failed due to too short: 0reads with adapter trimmed: 0bases trimmed due to adapters: 0JSON report: fastp.jsonHTML report: fastp.htmlfastp --thread 4 --report_title fastp report for R1_fq_gz.fastqsanger.gz -i R1_fq_gz.fastqsanger.gz -o first.fastqsanger.gz --dont_eval_duplication --poly_g_min_len 10 -g fastp v1.0.1, time used: 0 seconds
            ]]></system-err>
        
    </testcase>
    
    <testcase classname="fastp (Test #10)" name="9" time="32.406190633773804">
        
            
            <system-out><![CDATA[
            
            ]]></system-out>
            <system-err><![CDATA[
            Detecting adapter sequence for read1...No adapter detected for read1Read1 before filtering:total reads: 2total bases: 302Q20 bases: 262(86.755%)Q30 bases: 241(79.8013%)Q40 bases: 0(0%)Read1 after filtering:total reads: 2total bases: 302Q20 bases: 262(86.755%)Q30 bases: 241(79.8013%)Q40 bases: 0(0%)Filtering result:reads passed filter: 2reads failed due to low quality: 0reads failed due to too many N: 0reads failed due to too short: 0reads with adapter trimmed: 0bases trimmed due to adapters: 0reads with polyX in 3' end: 0bases trimmed in polyX tail: 0JSON report: fastp.jsonHTML report: fastp.htmlfastp --thread 4 --report_title fastp report for R1_fq_gz.fastqsanger.gz -i R1_fq_gz.fastqsanger.gz -o first.fastqsanger.gz --dont_eval_duplication -x --poly_x_min_len 10 fastp v1.0.1, time used: 0 seconds
            ]]></system-err>
        
    </testcase>
    
    <testcase classname="ivar_variants (Test #1)" name="0" time="46.67493224143982">
        
            
            <system-out><![CDATA[
            A GFF file containing the open reading frames (ORFs) has not been provided. Amino acid translation will not be done.A reference sequence has not been supplied. Amino acid translation will not be done.
            ]]></system-out>
            <system-err><![CDATA[
            [mpileup] 1 samples in 1 input files[mpileup] Max depth set to maximum value (2147483647)
            ]]></system-err>
        
    </testcase>
    
    <testcase classname="ivar_variants (Test #2)" name="1" time="38.827086448669434">
        
            
            <system-out><![CDATA[
            A GFF file containing the open reading frames (ORFs) has not been provided. Amino acid translation will not be done.A reference sequence has not been supplied. Amino acid translation will not be done.sampleDELINSSNPvariants0115
            ]]></system-out>
            <system-err><![CDATA[
            [mpileup] 1 samples in 1 input files[mpileup] Max depth set to maximum value (2147483647)
            ]]></system-err>
        
    </testcase>
    
    <testcase classname="ivar_variants (Test #3)" name="2" time="36.98663949966431">
        
            
            <system-out><![CDATA[
            A GFF file containing the open reading frames (ORFs) has not been provided. Amino acid translation will not be done.A reference sequence has not been supplied. Amino acid translation will not be done.sampleDELINSSNPvariants0010
            ]]></system-out>
            <system-err><![CDATA[
            [mpileup] 1 samples in 1 input files[mpileup] Max depth set to maximum value (2147483647)
            ]]></system-err>
        
    </testcase>
    
    <testcase classname="ivar_variants (Test #4)" name="3" time="41.23257899284363">
        
            
            <system-out><![CDATA[
            
            ]]></system-out>
            <system-err><![CDATA[
            [mpileup] 1 samples in 1 input files[mpileup] Max depth set to maximum value (2147483647)[E::faidx_adjust_position] The sequence "PRV" was not found[E::faidx_adjust_position] The sequence "PRV" was not found[E::faidx_adjust_position] The sequence "PRV" was not found[E::faidx_adjust_position] The sequence "PRV" was not found[E::faidx_adjust_position] The sequence "PRV" was not found[E::faidx_adjust_position] The sequence "PRV" was not found[E::faidx_adjust_position] The sequence "PRV" was not found[E::faidx_adjust_position] The sequence "PRV" was not found[E::faidx_adjust_position] The sequence "PRV" was not found[E::faidx_adjust_position] The sequence "PRV" was not found[E::faidx_adjust_position] The sequence "PRV" was not found[E::faidx_adjust_position] The sequence "PRV" was not found[E::faidx_adjust_position] The sequence "PRV" was not found[E::faidx_adjust_position] The sequence "PRV" was not found[E::faidx_adjust_position] The sequence "PRV" was not found[E::faidx_adjust_position] The sequence "PRV" was not found[E::faidx_adjust_position] The sequence "PRV" was not found[E::faidx_adjust_position] The sequence "PRV" was not found[E::faidx_adjust_position] The sequence "PRV" was not found[E::faidx_adjust_position] The sequence "PRV" was not found[E::faidx_adjust_position] The sequence "PRV" was not found[E::faidx_adjust_position] The sequence "PRV" was not found[E::faidx_adjust_position] The sequence "PRV" was not found[E::faidx_adjust_position] The sequence "PRV" was not found[E::faidx_adjust_position] The sequence "PRV" was not found[E::faidx_adjust_position] The sequence "PRV" was not found[E::faidx_adjust_position] The sequence "PRV" was not found[E::faidx_adjust_position] The sequence "PRV" was not found[E::faidx_adjust_position] The sequence "PRV" was not found[E::faidx_adjust_position] The sequence "PRV" was not found[E::faidx_adjust_position] The sequence "PRV" was not found[E::faidx_adjust_position] The sequence "PRV" was not found[E::faidx_adjust_position] The sequence "PRV" was not found[E::faidx_adjust_position] The sequence "PRV" was not found[E::faidx_adjust_position] The sequence "PRV" was not found[E::faidx_adjust_position] The sequence "PRV" was not found[E::faidx_adjust_position] The sequence "PRV" was not found[E::faidx_adjust_position] The sequence "PRV" was not found[E::faidx_adjust_position] The sequence "PRV" was not found[E::faidx_adjust_position] The sequence "PRV" was not found[E::faidx_adjust_position] The sequence "PRV" was not found[E::faidx_adjust_position] The sequence "PRV" was not found[E::faidx_adjust_position] The sequence "PRV" was not found[E::faidx_adjust_position] The sequence "PRV" was not found[E::faidx_adjust_position] The sequence "PRV" was not found[E::faidx_adjust_position] The sequence "PRV" was not found[E::faidx_adjust_position] The sequence "PRV" was not found[E::faidx_adjust_position] The sequence "PRV" was not found[E::faidx_adjust_position] The sequence "PRV" was not found[E::faidx_adjust_position] The sequence "PRV" was not found[E::faidx_adjust_position] The sequence "PRV" was not found[E::faidx_adjust_position] The sequence "PRV" was not found[E::faidx_adjust_position] The sequence "PRV" was not found[E::faidx_adjust_position] The sequence "PRV" was not found[E::faidx_adjust_position] The sequence "PRV" was not found[E::faidx_adjust_position] The sequence "PRV" was not found[E::faidx_adjust_position] The sequence "PRV" was not found[E::faidx_adjust_position] The sequence "PRV" was not found[E::faidx_adjust_position] The sequence "PRV" was not found[E::faidx_adjust_position] The sequence "PRV" was not found[E::faidx_adjust_position] The sequence "PRV" was not found[E::faidx_adjust_position] The sequence "PRV" was not found[E::faidx_adjust_position] The sequence "PRV" was not found[E::faidx_adjust_position] The sequence "PRV" was not found[E::faidx_adjust_position] The sequence "PRV" was not found[E::faidx_adjust_position] The sequence "PRV" was not found[E::faidx_adjust_position] The sequence "PRV" was not found[E::faidx_adjust_position] The sequence "PRV" was not found[E::faidx_adjust_position] The sequence "PRV" was not found[E::faidx_adjust_position] The sequence "PRV" was not found[E::faidx_adjust_position] The sequence "PRV" was not found[E::faidx_adjust_position] The sequence "PRV" was not found[E::faidx_adjust_position] The sequence "PRV" was not found[E::faidx_adjust_position] The sequence "PRV" was not found[E::faidx_adjust_position] The sequence "PRV" was not found[E::faidx_adjust_position] The sequence "PRV" was not found[E::faidx_adjust_position] The sequence "PRV" was not found[E::faidx_adjust_position] The sequence "PRV" was not found[E::faidx_adjust_position] The sequence "PRV" was not found[E::faidx_adjust_position] The sequence "PRV" was not found[E::faidx_adjust_position] The sequence "PRV" was not found[E::faidx_adjust_position] The sequence "PRV" was not found[E::faidx_adjust_position] The sequence "PRV" was not found[E::faidx_adjust_position] The sequence "PRV" was not found[E::faidx_adjust_position] The sequence "PRV" was not found[E::faidx_adjust_position] The sequence "PRV" was not found[E::faidx_adjust_position] The sequence "PRV" was not found[E::faidx_adjust_position] The sequence "PRV" was not found[E::faidx_adjust_position] The sequence "PRV" was not found[E::faidx_adjust_position] The sequence "PRV" was not found[E::faidx_adjust_position] The sequence "PRV" was not found[E::faidx_adjust_position] The sequence "PRV" was not found[E::faidx_adjust_position] The sequence "PRV" was not found[E::faidx_adjust_position] The sequence "PRV" was not found[E::faidx_adjust_position] The sequence "PRV" was not found[E::faidx_adjust_position] The sequence "PRV" was not found[E::faidx_adjust_position] The sequence "PRV" was not found[E::faidx_adjust_position] The sequence "PRV" was not found[E::faidx_adjust_position] The sequence "PRV" was not found[E::faidx_adjust_position] The sequence "PRV" was not found[E::faidx_adjust_position] The sequence "PRV" was not found[E::faidx_adjust_position] The sequence "PRV" was not found[E::faidx_adjust_position] The sequence "PRV" was not found[E::faidx_adjust_position] The sequence "PRV" was not found[E::faidx_adjust_position] The sequence "PRV" was not found[E::faidx_adjust_position] The sequence "PRV" was not found[E::faidx_adjust_position] The sequence "PRV" was not found[E::faidx_adjust_position] The sequence "PRV" was not found[E::faidx_adjust_position] The sequence "PRV" was not found[E::faidx_adjust_position] The sequence "PRV" was not found[E::faidx_adjust_position] The sequence "PRV" was not found[E::faidx_adjust_position] The sequence "PRV" was not found[E::faidx_adjust_position] The sequence "PRV" was not found[E::faidx_adjust_position] The sequence "PRV" was not found[E::faidx_adjust_position] The sequence "PRV" was not found[E::faidx_adjust_position] The sequence "PRV" was not found[E::faidx_adjust_position] The sequence "PRV" was not found[E::faidx_adjust_position] The sequence "PRV" was not found[E::faidx_adjust_position] The sequence "PRV" was not found[E::faidx_adjust_position] The sequence "PRV" was not found[E::faidx_adjust_position] The sequence "PRV" was not found[E::faidx_adjust_position] The sequence "PRV" was not found[E::faidx_adjust_position] The sequence "PRV" was not found[E::faidx_adjust_position] The sequence "PRV" was not found[E::faidx_adjust_position] The sequence "PRV" was not found[E::faidx_adjust_position] The sequence "PRV" was not found[E::faidx_adjust_position] The sequence "PRV" was not found[E::faidx_adjust_position] The sequence "PRV" was not found[E::faidx_adjust_position] The sequence "PRV" was not found[E::faidx_adjust_position] The sequence "PRV" was not found[E::faidx_adjust_position] The sequence "PRV" was not found[E::faidx_adjust_position] The sequence "PRV" was not found[E::faidx_adjust_position] The sequence "PRV" was not found[E::faidx_adjust_position] The sequence "PRV" was not found[E::faidx_adjust_position] The sequence "PRV" was not found[E::faidx_adjust_position] The sequence "PRV" was not found[E::faidx_adjust_position] The sequence "PRV" was not found[E::faidx_adjust_position] The sequence "PRV" was not found[E::faidx_adjust_position] The sequence "PRV" was not found[E::faidx_adjust_position] The sequence "PRV" was not found[E::faidx_adjust_position] The sequence "PRV" was not found[E::faidx_adjust_position] The sequence "PRV" was not found[E::faidx_adjust_position] The sequence "PRV" was not found[E::faidx_adjust_position] The sequence "PRV" was not found[E::faidx_adjust_position] The sequence "PRV" was not found[E::faidx_adjust_position] The sequence "PRV" was not found[E::faidx_adjust_position] The sequence "PRV" was not found[E::faidx_adjust_position] The sequence "PRV" was not found[E::faidx_adjust_position] The sequence "PRV" was not found[E::faidx_adjust_position] The sequence "PRV" was not found[E::faidx_adjust_position] The sequence "PRV" was not found[E::faidx_adjust_position] The sequence "PRV" was not found[E::faidx_adjust_position] The sequence "PRV" was not found[E::faidx_adjust_position] The sequence "PRV" was not found[E::faidx_adjust_position] The sequence "PRV" was not found[E::faidx_adjust_position] The sequence "PRV" was not found[E::faidx_adjust_position] The sequence "PRV" was not found[E::faidx_adjust_position] The sequence "PRV" was not found[E::faidx_adjust_position] The sequence "PRV" was not found[E::faidx_adjust_position] The sequence "PRV" was not found[E::faidx_adjust_position] The sequence "PRV" was not found[E::faidx_adjust_position] The sequence "PRV" was not found[E::faidx_adjust_position] The sequence "PRV" was not found[E::faidx_adjust_position] The sequence "PRV" was not found[E::faidx_adjust_position] The sequence "PRV" was not found[E::faidx_adjust_position] The sequence "PRV" was not found[E::faidx_adjust_position] The sequence "PRV" was not found[E::faidx_adjust_position] The sequence "PRV" was not found[E::faidx_adjust_position] The sequence "PRV" was not found[E::faidx_adjust_position] The sequence "PRV" was not found[E::faidx_adjust_position] The sequence "PRV" was not found[E::faidx_adjust_position] The sequence "PRV" was not found[E::faidx_adjust_position] The sequence "PRV" was not found[E::faidx_adjust_position] The sequence "PRV" was not found[E::faidx_adjust_position] The sequence "PRV" was not found[E::faidx_adjust_position] The sequence "PRV" was not found[E::faidx_adjust_position] The sequence "PRV" was not found[E::faidx_adjust_position] The sequence "PRV" was not found[E::faidx_adjust_position] The sequence "PRV" was not found[E::faidx_adjust_position] The sequence "PRV" was not found[E::faidx_adjust_position] The sequence "PRV" was not found[E::faidx_adjust_position] The sequence "PRV" was not found[E::faidx_adjust_position] The sequence "PRV" was not found[E::faidx_adjust_position] The sequence "PRV" was not found[E::faidx_adjust_position] The sequence "PRV" was not found[E::faidx_adjust_position] The sequence "PRV" was not found[E::faidx_adjust_position] The sequence "PRV" was not found[E::faidx_adjust_position] The sequence "PRV" was not found[E::faidx_adjust_position] The sequence "PRV" was not found[E::faidx_adjust_position] The sequence "PRV" was not found[E::faidx_adjust_position] The sequence "PRV" was not found[E::faidx_adjust_position] The sequence "PRV" was not found[E::faidx_adjust_position] The sequence "PRV" was not found[E::faidx_adjust_position] The sequence "PRV" was not found[E::faidx_adjust_position] The sequence "PRV" was not found[E::faidx_adjust_position] The sequence "PRV" was not found[E::faidx_adjust_position] The sequence "PRV" was not found[E::faidx_adjust_position] The sequence "PRV" was not found[E::faidx_adjust_position] The sequence "PRV" was not found[E::faidx_adjust_position] The sequence "PRV" was not found[E::faidx_adjust_position] The sequence "PRV" was not found[E::faidx_adjust_position] The sequence "PRV" was not found[E::faidx_adjust_position] The sequence "PRV" was not found[E::faidx_adjust_position] The sequence "PRV" was not found[E::faidx_adjust_position] The sequence "PRV" was not found[E::faidx_adjust_position] The sequence "PRV" was not found[E::faidx_adjust_position] The sequence "PRV" was not found[E::faidx_adjust_position] The sequence "PRV" was not found[E::faidx_adjust_position] The sequence "PRV" was not found[E::faidx_adjust_position] The sequence "PRV" was not found[E::faidx_adjust_position] The sequence "PRV" was not found[E::faidx_adjust_position] The sequence "PRV" was not found[E::faidx_adjust_position] The sequence "PRV" was not found[E::faidx_adjust_position] The sequence "PRV" was not found[E::faidx_adjust_position] The sequence "PRV" was not found[E::faidx_adjust_position] The sequence "PRV" was not found[E::faidx_adjust_position] The sequence "PRV" was not found[E::faidx_adjust_position] The sequence "PRV" was not found[E::faidx_adjust_position] The sequence "PRV" was not found[E::faidx_adjust_position] The sequence "PRV" was not found[E::faidx_adjust_position] The sequence "PRV" was not found[E::faidx_adjust_position] The sequence "PRV" was not found[E::faidx_adjust_position] The sequence "PRV" was not found[E::faidx_adjust_position] The sequence "PRV" was not found[E::faidx_adjust_position] The sequence "PRV" was not found[E::faidx_adjust_position] The sequence "PRV" was not found[E::faidx_adjust_position] The sequence "PRV" was not found[E::faidx_adjust_position] The sequence "PRV" was not found[E::faidx_adjust_position] The sequence "PRV" was not found[E::faidx_adjust_position] The sequence "PRV" was not found[E::faidx_adjust_position] The sequence "PRV" was not found[E::faidx_adjust_position] The sequence "PRV" was not found[E::faidx_adjust_position] The sequence "PRV" was not found[E::faidx_adjust_position] The sequence "PRV" was not found[E::faidx_adjust_position] The sequence "PRV" was not found[E::faidx_adjust_position] The sequence "PRV" was not found[E::faidx_adjust_position] The sequence "PRV" was not found[E::faidx_adjust_position] The sequence "PRV" was not found[E::faidx_adjust_position] The sequence "PRV" was not found[E::faidx_adjust_position] The sequence "PRV" was not found[E::faidx_adjust_position] The sequence "PRV" was not found[E::faidx_adjust_position] The sequence "PRV" was not found[E::faidx_adjust_position] The sequence "PRV" was not found[E::faidx_adjust_position] The sequence "PRV" was not found[E::faidx_adjust_position] The sequence "PRV" was not found[E::faidx_adjust_position] The sequence "PRV" was not found[E::faidx_adjust_position] The sequence "PRV" was not found[E::faidx_adjust_position] The sequence "PRV" was not found[E::faidx_adjust_position] The sequence "PRV" was not found[E::faidx_adjust_position] The sequence "PRV" was not found[E::faidx_adjust_position] The sequence "PRV" was not found[E::faidx_adjust_position] The sequence "PRV" was not found[E::faidx_adjust_position] The sequence "PRV" was not found[E::faidx_adjust_position] The sequence "PRV" was not found[E::faidx_adjust_position] The sequence "PRV" was not found[E::faidx_adjust_position] The sequence "PRV" was not found[E::faidx_adjust_position] The sequence "PRV" was not found[E::faidx_adjust_position] The sequence "PRV" was not found[E::faidx_adjust_position] The sequence "PRV" was not found[E::faidx_adjust_position] The sequence "PRV" was not found[E::faidx_adjust_position] The sequence "PRV" was not found[E::faidx_adjust_position] The sequence "PRV" was not found[E::faidx_adjust_position] The sequence "PRV" was not found[E::faidx_adjust_position] The sequence "PRV" was not found[E::faidx_adjust_position] The sequence "PRV" was not found[E::faidx_adjust_position] The sequence "PRV" was not found[E::faidx_adjust_position] The sequence "PRV" was not found[E::faidx_adjust_position] The sequence "PRV" was not found[E::faidx_adjust_position] The sequence "PRV" was not found[E::faidx_adjust_position] The sequence "PRV" was not found[E::faidx_adjust_position] The sequence "PRV" was not found[E::faidx_adjust_position] The ..d[E::faidx_adjust_position] The sequence "PRV" was not found[E::faidx_adjust_position] The sequence "PRV" was not found[E::faidx_adjust_position] The sequence "PRV" was not found[E::faidx_adjust_position] The sequence "PRV" was not found[E::faidx_adjust_position] The sequence "PRV" was not found[E::faidx_adjust_position] The sequence "PRV" was not found[E::faidx_adjust_position] The sequence "PRV" was not found[E::faidx_adjust_position] The sequence "PRV" was not found[E::faidx_adjust_position] The sequence "PRV" was not found[E::faidx_adjust_position] The sequence "PRV" was not found[E::faidx_adjust_position] The sequence "PRV" was not found[E::faidx_adjust_position] The sequence "PRV" was not found[E::faidx_adjust_position] The sequence "PRV" was not found[E::faidx_adjust_position] The sequence "PRV" was not found[E::faidx_adjust_position] The sequence "PRV" was not found[E::faidx_adjust_position] The sequence "PRV" was not found[E::faidx_adjust_position] The sequence "PRV" was not found[E::faidx_adjust_position] The sequence "PRV" was not found[E::faidx_adjust_position] The sequence "PRV" was not found[E::faidx_adjust_position] The sequence "PRV" was not found[E::faidx_adjust_position] The sequence "PRV" was not found[E::faidx_adjust_position] The sequence "PRV" was not found[E::faidx_adjust_position] The sequence "PRV" was not found[E::faidx_adjust_position] The sequence "PRV" was not found[E::faidx_adjust_position] The sequence "PRV" was not found[E::faidx_adjust_position] The sequence "PRV" was not found[E::faidx_adjust_position] The sequence "PRV" was not found[E::faidx_adjust_position] The sequence "PRV" was not found[E::faidx_adjust_position] The sequence "PRV" was not found[E::faidx_adjust_position] The sequence "PRV" was not found[E::faidx_adjust_position] The sequence "PRV" was not found[E::faidx_adjust_position] The sequence "PRV" was not found[E::faidx_adjust_position] The sequence "PRV" was not found[E::faidx_adjust_position] The sequence "PRV" was not found[E::faidx_adjust_position] The sequence "PRV" was not found[E::faidx_adjust_position] The sequence "PRV" was not found[E::faidx_adjust_position] The sequence "PRV" was not found[E::faidx_adjust_position] The sequence "PRV" was not found[E::faidx_adjust_position] The sequence "PRV" was not found[E::faidx_adjust_position] The sequence "PRV" was not found[E::faidx_adjust_position] The sequence "PRV" was not found[E::faidx_adjust_position] The sequence "PRV" was not found[E::faidx_adjust_position] The sequence "PRV" was not found[E::faidx_adjust_position] The sequence "PRV" was not found[E::faidx_adjust_position] The sequence "PRV" was not found[E::faidx_adjust_position] The sequence "PRV" was not found[E::faidx_adjust_position] The sequence "PRV" was not found[E::faidx_adjust_position] The sequence "PRV" was not found[E::faidx_adjust_position] The sequence "PRV" was not found[E::faidx_adjust_position] The sequence "PRV" was not found[E::faidx_adjust_position] The sequence "PRV" was not found[E::faidx_adjust_position] The sequence "PRV" was not found[E::faidx_adjust_position] The sequence "PRV" was not found[E::faidx_adjust_position] The sequence "PRV" was not found[E::faidx_adjust_position] The sequence "PRV" was not found[E::faidx_adjust_position] The sequence "PRV" was not found[E::faidx_adjust_position] The sequence "PRV" was not found[E::faidx_adjust_position] The sequence "PRV" was not found[E::faidx_adjust_position] The sequence "PRV" was not found[E::faidx_adjust_position] The sequence "PRV" was not found[E::faidx_adjust_position] The sequence "PRV" was not found[E::faidx_adjust_position] The sequence "PRV" was not found[E::faidx_adjust_position] The sequence "PRV" was not found[E::faidx_adjust_position] The sequence "PRV" was not found[E::faidx_adjust_position] The sequence "PRV" was not found[E::faidx_adjust_position] The sequence "PRV" was not found[E::faidx_adjust_position] The sequence "PRV" was not found[E::faidx_adjust_position] The sequence "PRV" was not found[E::faidx_adjust_position] The sequence "PRV" was not found[E::faidx_adjust_position] The sequence "PRV" was not found[E::faidx_adjust_position] The sequence "PRV" was not found[E::faidx_adjust_position] The sequence "PRV" was not found[E::faidx_adjust_position] The sequence "PRV" was not found[E::faidx_adjust_position] The sequence "PRV" was not found[E::faidx_adjust_position] The sequence "PRV" was not found[E::faidx_adjust_position] The sequence "PRV" was not found[E::faidx_adjust_position] The sequence "PRV" was not found[E::faidx_adjust_position] The sequence "PRV" was not found[E::faidx_adjust_position] The sequence "PRV" was not found[E::faidx_adjust_position] The sequence "PRV" was not found[E::faidx_adjust_position] The sequence "PRV" was not found[E::faidx_adjust_position] The sequence "PRV" was not found[E::faidx_adjust_position] The sequence "PRV" was not found[E::faidx_adjust_position] The sequence "PRV" was not found[E::faidx_adjust_position] The sequence "PRV" was not found[E::faidx_adjust_position] The sequence "PRV" was not found[E::faidx_adjust_position] The sequence "PRV" was not found[E::faidx_adjust_position] The sequence "PRV" was not found[E::faidx_adjust_position] The sequence "PRV" was not found[E::faidx_adjust_position] The sequence "PRV" was not found[E::faidx_adjust_position] The sequence "PRV" was not found[E::faidx_adjust_position] The sequence "PRV" was not found[E::faidx_adjust_position] The sequence "PRV" was not found[E::faidx_adjust_position] The sequence "PRV" was not found[E::faidx_adjust_position] The sequence "PRV" was not found[E::faidx_adjust_position] The sequence "PRV" was not found[E::faidx_adjust_position] The sequence "PRV" was not found[E::faidx_adjust_position] The sequence "PRV" was not found[E::faidx_adjust_position] The sequence "PRV" was not found[E::faidx_adjust_position] The sequence "PRV" was not found[E::faidx_adjust_position] The sequence "PRV" was not found[E::faidx_adjust_position] The sequence "PRV" was not found[E::faidx_adjust_position] The sequence "PRV" was not found[E::faidx_adjust_position] The sequence "PRV" was not found[E::faidx_adjust_position] The sequence "PRV" was not found[E::faidx_adjust_position] The sequence "PRV" was not found[E::faidx_adjust_position] The sequence "PRV" was not found[E::faidx_adjust_position] The sequence "PRV" was not found[E::faidx_adjust_position] The sequence "PRV" was not found[E::faidx_adjust_position] The sequence "PRV" was not found[E::faidx_adjust_position] The sequence "PRV" was not found[E::faidx_adjust_position] The sequence "PRV" was not found[E::faidx_adjust_position] The sequence "PRV" was not found[E::faidx_adjust_position] The sequence "PRV" was not found[E::faidx_adjust_position] The sequence "PRV" was not found[E::faidx_adjust_position] The sequence "PRV" was not found[E::faidx_adjust_position] The sequence "PRV" was not found[E::faidx_adjust_position] The sequence "PRV" was not found[E::faidx_adjust_position] The sequence "PRV" was not found[E::faidx_adjust_position] The sequence "PRV" was not found[E::faidx_adjust_position] The sequence "PRV" was not found[E::faidx_adjust_position] The sequence "PRV" was not found[E::faidx_adjust_position] The sequence "PRV" was not found[E::faidx_adjust_position] The sequence "PRV" was not found[E::faidx_adjust_position] The sequence "PRV" was not found[E::faidx_adjust_position] The sequence "PRV" was not found[E::faidx_adjust_position] The sequence "PRV" was not found[E::faidx_adjust_position] The sequence "PRV" was not found[E::faidx_adjust_position] The sequence "PRV" was not found[E::faidx_adjust_position] The sequence "PRV" was not found[E::faidx_adjust_position] The sequence "PRV" was not found[E::faidx_adjust_position] The sequence "PRV" was not found[E::faidx_adjust_position] The sequence "PRV" was not found[E::faidx_adjust_position] The sequence "PRV" was not found[E::faidx_adjust_position] The sequence "PRV" was not found[E::faidx_adjust_position] The sequence "PRV" was not found[E::faidx_adjust_position] The sequence "PRV" was not found[E::faidx_adjust_position] The sequence "PRV" was not found[E::faidx_adjust_position] The sequence "PRV" was not found[E::faidx_adjust_position] The sequence "PRV" was not found[E::faidx_adjust_position] The sequence "PRV" was not found[E::faidx_adjust_position] The sequence "PRV" was not found[E::faidx_adjust_position] The sequence "PRV" was not found[E::faidx_adjust_position] The sequence "PRV" was not found[E::faidx_adjust_position] The sequence "PRV" was not found[E::faidx_adjust_position] The sequence "PRV" was not found[E::faidx_adjust_position] The sequence "PRV" was not found[E::faidx_adjust_position] The sequence "PRV" was not found[E::faidx_adjust_position] The sequence "PRV" was not found[E::faidx_adjust_position] The sequence "PRV" was not found[E::faidx_adjust_position] The sequence "PRV" was not found[E::faidx_adjust_position] The sequence "PRV" was not found[E::faidx_adjust_position] The sequence "PRV" was not found[E::faidx_adjust_position] The sequence "PRV" was not found[E::faidx_adjust_position] The sequence "PRV" was not found[E::faidx_adjust_position] The sequence "PRV" was not found[E::faidx_adjust_position] The sequence "PRV" was not found[E::faidx_adjust_position] The sequence "PRV" was not found[E::faidx_adjust_position] The sequence "PRV" was not found[E::faidx_adjust_position] The sequence "PRV" was not found[E::faidx_adjust_position] The sequence "PRV" was not found[E::faidx_adjust_position] The sequence "PRV" was not found[E::faidx_adjust_position] The sequence "PRV" was not found[E::faidx_adjust_position] The sequence "PRV" was not found[E::faidx_adjust_position] The sequence "PRV" was not found[E::faidx_adjust_position] The sequence "PRV" was not found[E::faidx_adjust_position] The sequence "PRV" was not found[E::faidx_adjust_position] The sequence "PRV" was not found[E::faidx_adjust_position] The sequence "PRV" was not found[E::faidx_adjust_position] The sequence "PRV" was not found[E::faidx_adjust_position] The sequence "PRV" was not found[E::faidx_adjust_position] The sequence "PRV" was not found[E::faidx_adjust_position] The sequence "PRV" was not found[E::faidx_adjust_position] The sequence "PRV" was not found[E::faidx_adjust_position] The sequence "PRV" was not found[E::faidx_adjust_position] The sequence "PRV" was not found[E::faidx_adjust_position] The sequence "PRV" was not found[E::faidx_adjust_position] The sequence "PRV" was not found[E::faidx_adjust_position] The sequence "PRV" was not found[E::faidx_adjust_position] The sequence "PRV" was not found[E::faidx_adjust_position] The sequence "PRV" was not found[E::faidx_adjust_position] The sequence "PRV" was not found[E::faidx_adjust_position] The sequence "PRV" was not found[E::faidx_adjust_position] The sequence "PRV" was not found[E::faidx_adjust_position] The sequence "PRV" was not found[E::faidx_adjust_position] The sequence "PRV" was not found[E::faidx_adjust_position] The sequence "PRV" was not found[E::faidx_adjust_position] The sequence "PRV" was not found[E::faidx_adjust_position] The sequence "PRV" was not found[E::faidx_adjust_position] The sequence "PRV" was not found[E::faidx_adjust_position] The sequence "PRV" was not found[E::faidx_adjust_position] The sequence "PRV" was not found[E::faidx_adjust_position] The sequence "PRV" was not found[E::faidx_adjust_position] The sequence "PRV" was not found[E::faidx_adjust_position] The sequence "PRV" was not found[E::faidx_adjust_position] The sequence "PRV" was not found[E::faidx_adjust_position] The sequence "PRV" was not found[E::faidx_adjust_position] The sequence "PRV" was not found[E::faidx_adjust_position] The sequence "PRV" was not found[E::faidx_adjust_position] The sequence "PRV" was not found[E::faidx_adjust_position] The sequence "PRV" was not found[E::faidx_adjust_position] The sequence "PRV" was not found[E::faidx_adjust_position] The sequence "PRV" was not found[E::faidx_adjust_position] The sequence "PRV" was not found[E::faidx_adjust_position] The sequence "PRV" was not found[E::faidx_adjust_position] The sequence "PRV" was not found[E::faidx_adjust_position] The sequence "PRV" was not found[E::faidx_adjust_position] The sequence "PRV" was not found[E::faidx_adjust_position] The sequence "PRV" was not found[E::faidx_adjust_position] The sequence "PRV" was not found[E::faidx_adjust_position] The sequence "PRV" was not found[E::faidx_adjust_position] The sequence "PRV" was not found[E::faidx_adjust_position] The sequence "PRV" was not found[E::faidx_adjust_position] The sequence "PRV" was not found[E::faidx_adjust_position] The sequence "PRV" was not found[E::faidx_adjust_position] The sequence "PRV" was not found[E::faidx_adjust_position] The sequence "PRV" was not found[E::faidx_adjust_position] The sequence "PRV" was not found[E::faidx_adjust_position] The sequence "PRV" was not found[E::faidx_adjust_position] The sequence "PRV" was not found[E::faidx_adjust_position] The sequence "PRV" was not found[E::faidx_adjust_position] The sequence "PRV" was not found[E::faidx_adjust_position] The sequence "PRV" was not found[E::faidx_adjust_position] The sequence "PRV" was not found[E::faidx_adjust_position] The sequence "PRV" was not found[E::faidx_adjust_position] The sequence "PRV" was not found[E::faidx_adjust_position] The sequence "PRV" was not found[E::faidx_adjust_position] The sequence "PRV" was not found[E::faidx_adjust_position] The sequence "PRV" was not found[E::faidx_adjust_position] The sequence "PRV" was not found[E::faidx_adjust_position] The sequence "PRV" was not found[E::faidx_adjust_position] The sequence "PRV" was not found[E::faidx_adjust_position] The sequence "PRV" was not found[E::faidx_adjust_position] The sequence "PRV" was not found[E::faidx_adjust_position] The sequence "PRV" was not found[E::faidx_adjust_position] The sequence "PRV" was not found[E::faidx_adjust_position] The sequence "PRV" was not found[E::faidx_adjust_position] The sequence "PRV" was not found[E::faidx_adjust_position] The sequence "PRV" was not found[E::faidx_adjust_position] The sequence "PRV" was not found[E::faidx_adjust_position] The sequence "PRV" was not found[E::faidx_adjust_position] The sequence "PRV" was not found[E::faidx_adjust_position] The sequence "PRV" was not found[E::faidx_adjust_position] The sequence "PRV" was not found[E::faidx_adjust_position] The sequence "PRV" was not found[E::faidx_adjust_position] The sequence "PRV" was not found[E::faidx_adjust_position] The sequence "PRV" was not found[E::faidx_adjust_position] The sequence "PRV" was not found[E::faidx_adjust_position] The sequence "PRV" was not found[E::faidx_adjust_position] The sequence "PRV" was not found[E::faidx_adjust_position] The sequence "PRV" was not found[E::faidx_adjust_position] The sequence "PRV" was not found[E::faidx_adjust_position] The sequence "PRV" was not found[E::faidx_adjust_position] The sequence "PRV" was not found[E::faidx_adjust_position] The sequence "PRV" was not found[E::faidx_adjust_position] The sequence "PRV" was not found[E::faidx_adjust_position] The sequence "PRV" was not found[E::faidx_adjust_position] The sequence "PRV" was not found[E::faidx_adjust_position] The sequence "PRV" was not found[E::faidx_adjust_position] The sequence "PRV" was not found[E::faidx_adjust_position] The sequence "PRV" was not found[E::faidx_adjust_position] The sequence "PRV" was not found[E::faidx_adjust_position] The sequence "PRV" was not found[E::faidx_adjust_position] The sequence "PRV" was not found[E::faidx_adjust_position] The sequence "PRV" was not found[E::faidx_adjust_position] The sequence "PRV" was not found[E::faidx_adjust_position] The sequence "PRV" was not found[E::faidx_adjust_position] The sequence "PRV" was not found[E::faidx_adjust_position] The sequence "PRV" was not found[E::faidx_adjust_position] The sequence "PRV" was not found[E::faidx_adjust_position] The sequence "PRV" was not found[E::faidx_adjust_position] The sequence "PRV" was not found[E::faidx_adjust_position] The sequence "PRV" was not found
            ]]></system-err>
        
    </testcase>
    
    <testcase classname="ivar_variants (Test #5)" name="4" time="23.109123945236206">
        
            <error type="error" message="Input staging problem: Traceback (most recent call last):
  File "/opt/hostedtoolcache/Python/3.12.12/x64/lib/python3.12/site-packages/galaxy/tool_util/verify/interactor.py", line 1436, in verify_tool
    stage_data_in_history(
  File "/opt/hostedtoolcache/Python/3.12.12/x64/lib/python3.12/site-packages/galaxy/tool_util/verify/interactor.py", line 175, in stage_data_in_history
    staging_interface.handle_jobs()
  File "/opt/hostedtoolcache/Python/3.12.12/x64/lib/python3.12/site-packages/galaxy/tool_util/verify/interactor.py", line 212, in handle_jobs
    self.galaxy_interactor.wait_for_job(job_response["id"], job_response["history_id"], self.maxseconds)
  File "/opt/hostedtoolcache/Python/3.12.12/x64/lib/python3.12/site-packages/galaxy/tool_util/verify/interactor.py", line 399, in wait_for_job
    self.wait_for(lambda: self.__job_ready(job_id, history_id), maxseconds=maxseconds)
  File "/opt/hostedtoolcache/Python/3.12.12/x64/lib/python3.12/site-packages/galaxy/tool_util/verify/interactor.py", line 403, in wait_for
    wait_on(func, what, walltime_exceeded)
  File "/opt/hostedtoolcache/Python/3.12.12/x64/lib/python3.12/site-packages/galaxy/tool_util/verify/wait.py", line 38, in wait_on
    value = function()
            ^^^^^^^^^^
  File "/opt/hostedtoolcache/Python/3.12.12/x64/lib/python3.12/site-packages/galaxy/tool_util/verify/interactor.py", line 399, in <lambda>
    self.wait_for(lambda: self.__job_ready(job_id, history_id), maxseconds=maxseconds)
                          ^^^^^^^^^^^^^^^^^^^^^^^^^^^^^^^^^^^^
  File "/opt/hostedtoolcache/Python/3.12.12/x64/lib/python3.12/site-packages/galaxy/tool_util/verify/interactor.py", line 749, in __job_ready
    return self._state_ready(job_id, error_msg="Job in error state.")
           ^^^^^^^^^^^^^^^^^^^^^^^^^^^^^^^^^^^^^^^^^^^^^^^^^^^^^^^^^^
  File "/opt/hostedtoolcache/Python/3.12.12/x64/lib/python3.12/site-packages/galaxy/tool_util/verify/interactor.py", line 841, in _state_ready
    raise Exception(
Exception: Job in error state.. tool_id: __DATA_FETCH__, exit_code: None, stderr: .
"><![CDATA[
                { "execution_problem": "Input staging problem: Traceback (most recent call last):\n  File \"/opt/hostedtoolcache/Python/3.12.12/x64/lib/python3.12/site-packages/galaxy/tool_util/verify/interactor.py\", line 1436, in verify_tool\n    stage_data_in_history(\n  File \"/opt/hostedtoolcache/Python/3.12.12/x64/lib/python3.12/site-packages/galaxy/tool_util/verify/interactor.py\", line 175, in stage_data_in_history\n    staging_interface.handle_jobs()\n  File \"/opt/hostedtoolcache/Python/3.12.12/x64/lib/python3.12/site-packages/galaxy/tool_util/verify/interactor.py\", line 212, in handle_jobs\n    self.galaxy_interactor.wait_for_job(job_response[\"id\"], job_response[\"history_id\"], self.maxseconds)\n  File \"/opt/hostedtoolcache/Python/3.12.12/x64/lib/python3.12/site-packages/galaxy/tool_util/verify/interactor.py\", line 399, in wait_for_job\n    self.wait_for(lambda: self.__job_ready(job_id, history_id), maxseconds=maxseconds)\n  File \"/opt/hostedtoolcache/Python/3.12.12/x64/lib/python3.12/site-packages/galaxy/tool_util/verify/interactor.py\", line 403, in wait_for\n    wait_on(func, what, walltime_exceeded)\n  File \"/opt/hostedtoolcache/Python/3.12.12/x64/lib/python3.12/site-packages/galaxy/tool_util/verify/wait.py\", line 38, in wait_on\n    value = function()\n            ^^^^^^^^^^\n  File \"/opt/hostedtoolcache/Python/3.12.12/x64/lib/python3.12/site-packages/galaxy/tool_util/verify/interactor.py\", line 399, in \u003clambda\u003e\n    self.wait_for(lambda: self.__job_ready(job_id, history_id), maxseconds=maxseconds)\n                          ^^^^^^^^^^^^^^^^^^^^^^^^^^^^^^^^^^^^\n  File \"/opt/hostedtoolcache/Python/3.12.12/x64/lib/python3.12/site-packages/galaxy/tool_util/verify/interactor.py\", line 749, in __job_ready\n    return self._state_ready(job_id, error_msg=\"Job in error state.\")\n           ^^^^^^^^^^^^^^^^^^^^^^^^^^^^^^^^^^^^^^^^^^^^^^^^^^^^^^^^^^\n  File \"/opt/hostedtoolcache/Python/3.12.12/x64/lib/python3.12/site-packages/galaxy/tool_util/verify/interactor.py\", line 841, in _state_ready\n    raise Exception(\nException: Job in error state.. tool_id: __DATA_FETCH__, exit_code: None, stderr: .\n", "status": "error", "test_index": 4, "time_seconds": 23.109123945236206, "tool_id": "ivar_variants", "tool_version": "1.4.4+galaxy0"}
            ]]></error>
        
    </testcase>
    
    <testcase classname="lofreq_viterbi (Test #1)" name="0" time="48.40888500213623">
        
            
            <system-out><![CDATA[
            
            ]]></system-out>
            <system-err><![CDATA[
            [bam_sort_core] merging from 0 files and 4 in-memory blocks...
            ]]></system-err>
        
    </testcase>
    
    <testcase classname="lofreq_viterbi (Test #2)" name="1" time="37.25863194465637">
        
            
            <system-out><![CDATA[
            
            ]]></system-out>
            <system-err><![CDATA[
            [bam_sort_core] merging from 0 files and 4 in-memory blocks...
            ]]></system-err>
        
    </testcase>
    
    <testcase classname="poretools_events (Test #1)" name="0" time="12.302002668380737">
        
            <error type="error" message="Input staging problem: Traceback (most recent call last):
  File "/opt/hostedtoolcache/Python/3.12.12/x64/lib/python3.12/site-packages/galaxy/tool_util/verify/interactor.py", line 1436, in verify_tool
    stage_data_in_history(
  File "/opt/hostedtoolcache/Python/3.12.12/x64/lib/python3.12/site-packages/galaxy/tool_util/verify/interactor.py", line 175, in stage_data_in_history
    staging_interface.handle_jobs()
  File "/opt/hostedtoolcache/Python/3.12.12/x64/lib/python3.12/site-packages/galaxy/tool_util/verify/interactor.py", line 212, in handle_jobs
    self.galaxy_interactor.wait_for_job(job_response["id"], job_response["history_id"], self.maxseconds)
  File "/opt/hostedtoolcache/Python/3.12.12/x64/lib/python3.12/site-packages/galaxy/tool_util/verify/interactor.py", line 399, in wait_for_job
    self.wait_for(lambda: self.__job_ready(job_id, history_id), maxseconds=maxseconds)
  File "/opt/hostedtoolcache/Python/3.12.12/x64/lib/python3.12/site-packages/galaxy/tool_util/verify/interactor.py", line 403, in wait_for
    wait_on(func, what, walltime_exceeded)
  File "/opt/hostedtoolcache/Python/3.12.12/x64/lib/python3.12/site-packages/galaxy/tool_util/verify/wait.py", line 38, in wait_on
    value = function()
            ^^^^^^^^^^
  File "/opt/hostedtoolcache/Python/3.12.12/x64/lib/python3.12/site-packages/galaxy/tool_util/verify/interactor.py", line 399, in <lambda>
    self.wait_for(lambda: self.__job_ready(job_id, history_id), maxseconds=maxseconds)
                          ^^^^^^^^^^^^^^^^^^^^^^^^^^^^^^^^^^^^
  File "/opt/hostedtoolcache/Python/3.12.12/x64/lib/python3.12/site-packages/galaxy/tool_util/verify/interactor.py", line 749, in __job_ready
    return self._state_ready(job_id, error_msg="Job in error state.")
           ^^^^^^^^^^^^^^^^^^^^^^^^^^^^^^^^^^^^^^^^^^^^^^^^^^^^^^^^^^
  File "/opt/hostedtoolcache/Python/3.12.12/x64/lib/python3.12/site-packages/galaxy/tool_util/verify/interactor.py", line 841, in _state_ready
    raise Exception(
Exception: Job in error state.. tool_id: __DATA_FETCH__, exit_code: None, stderr: .
"><![CDATA[
                { "execution_problem": "Input staging problem: Traceback (most recent call last):\n  File \"/opt/hostedtoolcache/Python/3.12.12/x64/lib/python3.12/site-packages/galaxy/tool_util/verify/interactor.py\", line 1436, in verify_tool\n    stage_data_in_history(\n  File \"/opt/hostedtoolcache/Python/3.12.12/x64/lib/python3.12/site-packages/galaxy/tool_util/verify/interactor.py\", line 175, in stage_data_in_history\n    staging_interface.handle_jobs()\n  File \"/opt/hostedtoolcache/Python/3.12.12/x64/lib/python3.12/site-packages/galaxy/tool_util/verify/interactor.py\", line 212, in handle_jobs\n    self.galaxy_interactor.wait_for_job(job_response[\"id\"], job_response[\"history_id\"], self.maxseconds)\n  File \"/opt/hostedtoolcache/Python/3.12.12/x64/lib/python3.12/site-packages/galaxy/tool_util/verify/interactor.py\", line 399, in wait_for_job\n    self.wait_for(lambda: self.__job_ready(job_id, history_id), maxseconds=maxseconds)\n  File \"/opt/hostedtoolcache/Python/3.12.12/x64/lib/python3.12/site-packages/galaxy/tool_util/verify/interactor.py\", line 403, in wait_for\n    wait_on(func, what, walltime_exceeded)\n  File \"/opt/hostedtoolcache/Python/3.12.12/x64/lib/python3.12/site-packages/galaxy/tool_util/verify/wait.py\", line 38, in wait_on\n    value = function()\n            ^^^^^^^^^^\n  File \"/opt/hostedtoolcache/Python/3.12.12/x64/lib/python3.12/site-packages/galaxy/tool_util/verify/interactor.py\", line 399, in \u003clambda\u003e\n    self.wait_for(lambda: self.__job_ready(job_id, history_id), maxseconds=maxseconds)\n                          ^^^^^^^^^^^^^^^^^^^^^^^^^^^^^^^^^^^^\n  File \"/opt/hostedtoolcache/Python/3.12.12/x64/lib/python3.12/site-packages/galaxy/tool_util/verify/interactor.py\", line 749, in __job_ready\n    return self._state_ready(job_id, error_msg=\"Job in error state.\")\n           ^^^^^^^^^^^^^^^^^^^^^^^^^^^^^^^^^^^^^^^^^^^^^^^^^^^^^^^^^^\n  File \"/opt/hostedtoolcache/Python/3.12.12/x64/lib/python3.12/site-packages/galaxy/tool_util/verify/interactor.py\", line 841, in _state_ready\n    raise Exception(\nException: Job in error state.. tool_id: __DATA_FETCH__, exit_code: None, stderr: .\n", "status": "error", "test_index": 0, "time_seconds": 12.302002668380737, "tool_id": "poretools_events", "tool_version": "0.6.1a1.1"}
            ]]></error>
        
    </testcase>
    
    <testcase classname="poretools_events (Test #2)" name="1" time="76.95852613449097">
        
            
                <error type="error" message="Tool exit code: 1"><![CDATA[
                    { "inputs": {  "input": {   "id": "a58369229f7a419d",   "src": "hda"  },  "precalled": true }, "job": {  "command_line": "poretools events --pre-basecalled \u0027/galaxy/server/database/objects/e/7/9/dataset_e794aa46-f1d6-4d9e-9d2e-0e82c3c479a0.dat\u0027 \u003e \u0027/galaxy/server/database/objects/e/2/2/dataset_e2243486-c40f-4b44-8945-d59ed89334f1.dat\u0027",  "command_version": "",  "copied_from_job_id": null,  "create_time": "2025-12-12T01:25:37.003892",  "dependencies": [],  "exit_code": 1,  "external_id": "gxy-m8hjp",  "galaxy_version": "24.1",  "handler": null,  "history_id": "f0b6dbbce0cb23dd",  "id": "b758252799f098fb",  "inputs": {   "input": {    "id": "a58369229f7a419d",    "src": "hda",    "uuid": "e794aa46-f1d6-4d9e-9d2e-0e82c3c479a0"   }  },  "job_messages": [   {    "code_desc": "",    "desc": "Fatal error: Exit code 1 ()",    "error_level": 3,    "exit_code": 1,    "type": "exit_code"   },   {    "code_desc": "",    "desc": "Fatal error: ",    "error_level": 3,    "match": "Error:",    "stream": "stderr",    "type": "regex"   }  ],  "job_metrics": [   {    "name": "runtime_seconds",    "plugin": "core",    "raw_value": "0E-7",    "title": "Job Runtime (Wall Clock)",    "value": "0 seconds"   },   {    "name": "end_epoch",    "plugin": "core",    "raw_value": "1765502773.0000000",    "title": "Job End Time",    "value": "2025-12-12 01:26:13"   },   {    "name": "start_epoch",    "plugin": "core",    "raw_value": "1765502773.0000000",    "title": "Job Start Time",    "value": "2025-12-12 01:26:13"   },   {    "name": "galaxy_memory_mb",    "plugin": "core",    "raw_value": "1073.0000000",    "title": "Memory Allocated (MB)",    "value": "1073"   },   {    "name": "galaxy_slots",    "plugin": "core",    "raw_value": "1.0000000",    "title": "Cores Allocated",    "value": "1"   }  ],  "job_runner_name": null,  "job_stderr": "",  "job_stdout": "",  "model_class": "Job",  "output_collections": {},  "outputs": {   "output": {    "id": "994eca00f2da75bd",    "src": "hda",    "uuid": "e2243486-c40f-4b44-8945-d59ed89334f1"   }  },  "params": {   "__input_ext": "\"input\"",   "chromInfo": "\"/cvmfs/data.galaxyproject.org/managed/len/ucsc/?.len\"",   "dbkey": "\"?\"",   "precalled": "true"  },  "state": "error",  "stderr": "Traceback (most recent call last):\n  File \"/usr/local/bin/poretools\", line 11, in \u003cmodule\u003e\n    load_entry_point(\u0027poretools==0.6.0\u0027, \u0027console_scripts\u0027, \u0027poretools\u0027)()\n  File \"/usr/local/lib/python2.7/site-packages/poretools/poretools_main.py\", line 543, in main\n    args.func(parser, args)\n  File \"/usr/local/lib/python2.7/site-packages/poretools/poretools_main.py\", line 55, in run_subtool\n    submodule.run(parser, args)\n  File \"/usr/local/lib/python2.7/site-packages/poretools/events.py\", line 13, in run\n    for fast5 in Fast5File.Fast5FileSet(args.files):\n  File \"/usr/local/lib/python2.7/site-packages/poretools/Fast5File.py\", line 110, in next\n    shutil.rmtree(PORETOOLS_TMPDIR)\n  File \"/usr/local/lib/python2.7/shutil.py\", line 261, in rmtree\n    rmtree(fullname, ignore_errors, onerror)\n  File \"/usr/local/lib/python2.7/shutil.py\", line 270, in rmtree\n    onerror(os.rmdir, path, sys.exc_info())\n  File \"/usr/local/lib/python2.7/shutil.py\", line 268, in rmtree\n    os.rmdir(path)\nOSError: [Errno 39] Directory not empty: \u0027.poretools_tmp/test-data\u0027\n",  "stdout": "",  "tool_id": "toolshed.g2.bx.psu.edu/repos/iuc/poretools_events/poretools_events/0.6.1a1.1",  "tool_stderr": "Traceback (most recent call last):\n  File \"/usr/local/bin/poretools\", line 11, in \u003cmodule\u003e\n    load_entry_point(\u0027poretools==0.6.0\u0027, \u0027console_scripts\u0027, \u0027poretools\u0027)()\n  File \"/usr/local/lib/python2.7/site-packages/poretools/poretools_main.py\", line 543, in main\n    args.func(parser, args)\n  File \"/usr/local/lib/python2.7/site-packages/poretools/poretools_main.py\", line 55, in run_subtool\n    submodule.run(parser, args)\n  File \"/usr/local/lib/python2.7/site-packages/poretools/events.py\", line 13, in run\n    for fast5 in Fast5File.Fast5FileSet(args.files):\n  File \"/usr/local/lib/python2.7/site-packages/poretools/Fast5File.py\", line 110, in next\n    shutil.rmtree(PORETOOLS_TMPDIR)\n  File \"/usr/local/lib/python2.7/shutil.py\", line 261, in rmtree\n    rmtree(fullname, ignore_errors, onerror)\n  File \"/usr/local/lib/python2.7/shutil.py\", line 270, in rmtree\n    onerror(os.rmdir, path, sys.exc_info())\n  File \"/usr/local/lib/python2.7/shutil.py\", line 268, in rmtree\n    os.rmdir(path)\nOSError: [Errno 39] Directory not empty: \u0027.poretools_tmp/test-data\u0027\n",  "tool_stdout": "",  "update_time": "2025-12-12T01:26:33.443209",  "user_email": "tests@fake.org" }, "output_problems": [  "Job in error state.. tool_id: toolshed.g2.bx.psu.edu/repos/iuc/poretools_events/poretools_events/0.6.1a1.1, exit_code: 1, stderr: Traceback (most recent call last):\n  File \"/usr/local/bin/poretools\", line 11, in \u003cmodule\u003e\n    load_entry_point(\u0027poretools==0.6.0\u0027, \u0027console_scripts\u0027, \u0027poretools\u0027)()\n  File \"/usr/local/lib/python2.7/site-packages/poretools/poretools_main.py\", line 543, in main\n    args.func(parser, args)\n  File \"/usr/local/lib/python2.7/site-packages/poretools/poretools_main.py\", line 55, in run_subtool\n    submodule.run(parser, args)\n  File \"/usr/local/lib/python2.7/site-packages/poretools/events.py\", line 13, in run\n    for fast5 in Fast5File.Fast5FileSet(args.files):\n  File \"/usr/local/lib/python2.7/site-packages/poretools/Fast5File.py\", line 110, in next\n    shutil.rmtree(PORETOOLS_TMPDIR)\n  File \"/usr/local/lib/python2.7/shutil.py\", line 261, in rmtree\n    rmtree(fullname, ignore_errors, onerror)\n  File \"/usr/local/lib/python2.7/shutil.py\", line 270, in rmtree\n    onerror(os.rmdir, path, sys.exc_info())\n  File \"/usr/local/lib/python2.7/shutil.py\", line 268, in rmtree\n    os.rmdir(path)\nOSError: [Errno 39] Directory not empty: \u0027.poretools_tmp/test-data\u0027\n.",  "Job in error state.. tool_id: toolshed.g2.bx.psu.edu/repos/iuc/poretools_events/poretools_events/0.6.1a1.1, exit_code: 1, stderr: Traceback (most recent call last):\n  File \"/usr/local/bin/poretools\", line 11, in \u003cmodule\u003e\n    load_entry_point(\u0027poretools==0.6.0\u0027, \u0027console_scripts\u0027, \u0027poretools\u0027)()\n  File \"/usr/local/lib/python2.7/site-packages/poretools/poretools_main.py\", line 543, in main\n    args.func(parser, args)\n  File \"/usr/local/lib/python2.7/site-packages/poretools/poretools_main.py\", line 55, in run_subtool\n    submodule.run(parser, args)\n  File \"/usr/local/lib/python2.7/site-packages/poretools/events.py\", line 13, in run\n    for fast5 in Fast5File.Fast5FileSet(args.files):\n  File \"/usr/local/lib/python2.7/site-packages/poretools/Fast5File.py\", line 110, in next\n    shutil.rmtree(PORETOOLS_TMPDIR)\n  File \"/usr/local/lib/python2.7/shutil.py\", line 261, in rmtree\n    rmtree(fullname, ignore_errors, onerror)\n  File \"/usr/local/lib/python2.7/shutil.py\", line 270, in rmtree\n    onerror(os.rmdir, path, sys.exc_info())\n  File \"/usr/local/lib/python2.7/shutil.py\", line 268, in rmtree\n    os.rmdir(path)\nOSError: [Errno 39] Directory not empty: \u0027.poretools_tmp/test-data\u0027\n." ], "status": "failure", "test_index": 1, "time_seconds": 76.95852613449097, "tool_id": "poretools_events", "tool_version": "0.6.1a1.1"}
                ]]></error>
            
            <system-out><![CDATA[
            
            ]]></system-out>
            <system-err><![CDATA[
            Traceback (most recent call last):  File "/usr/local/bin/poretools", line 11, in <module>    load_entry_point('poretools==0.6.0', 'console_scripts', 'poretools')()  File "/usr/local/lib/python2.7/site-packages/poretools/poretools_main.py", line 543, in main    args.func(parser, args)  File "/usr/local/lib/python2.7/site-packages/poretools/poretools_main.py", line 55, in run_subtool    submodule.run(parser, args)  File "/usr/local/lib/python2.7/site-packages/poretools/events.py", line 13, in run    for fast5 in Fast5File.Fast5FileSet(args.files):  File "/usr/local/lib/python2.7/site-packages/poretools/Fast5File.py", line 110, in next    shutil.rmtree(PORETOOLS_TMPDIR)  File "/usr/local/lib/python2.7/shutil.py", line 261, in rmtree    rmtree(fullname, ignore_errors, onerror)  File "/usr/local/lib/python2.7/shutil.py", line 270, in rmtree    onerror(os.rmdir, path, sys.exc_info())  File "/usr/local/lib/python2.7/shutil.py", line 268, in rmtree    os.rmdir(path)OSError: [Errno 39] Directory not empty: '.poretools_tmp/test-data'
            ]]></system-err>
        
    </testcase>
    
    <testcase classname="samtools_merge (Test #1)" name="0" time="47.19734597206116">
        
            
            <system-out><![CDATA[
            
            ]]></system-out>
            <system-err><![CDATA[
            
            ]]></system-err>
        
    </testcase>
    
    <testcase classname="samtools_merge (Test #2)" name="1" time="33.205475091934204">
        
            
                <error type="error" message="Tool exit code: None"><![CDATA[
                    { "inputs": {  "bamfiles": [   {    "id": "21a53426e1b4e851",    "src": "hda"   },   {    "id": "30207d0953dceaf6",    "src": "hda"   },   {    "id": "180cae40f7b1908e",    "src": "hda"   }  ] }, "job": {  "command_line": "addthreads=${GALAXY_SLOTS:-1} \u0026\u0026 (( addthreads-- )) \u0026\u0026   ln -s \u0027/galaxy/server/database/objects/4/2/1/dataset_421d5b17-d2f4-4165-bbd4-6b2e6aa18007.dat\u0027 0.sam \u0026\u0026  ln -s \u0027/galaxy/server/database/objects/e/6/8/dataset_e68fce3a-ceab-4e6d-b1e2-cfbfc5101a8a.dat\u0027 1.sam \u0026\u0026  ln -s \u0027/galaxy/server/database/objects/9/0/0/dataset_900ec0e9-5b7f-4c24-bcff-d86c2d834eab.dat\u0027 2.sam \u0026\u0026   samtools merge -@ $addthreads -s 1 -f   /galaxy/server/database/objects/a/c/7/dataset_ac7989b7-7e6e-47e3-ab6c-fc09c2f4eaee.dat 0.sam 1.sam 2.sam",  "command_version": null,  "copied_from_job_id": null,  "create_time": "2025-12-12T01:16:02.250801",  "dependencies": [],  "exit_code": null,  "external_id": "gxy-f4vdv",  "galaxy_version": "24.1",  "handler": null,  "history_id": "f0b6dbbce0cb23dd",  "id": "9f0fbddf3b375801",  "inputs": {   "bamfiles": {    "id": "21a53426e1b4e851",    "src": "hda",    "uuid": "421d5b17-d2f4-4165-bbd4-6b2e6aa18007"   },   "bamfiles1": {    "id": "21a53426e1b4e851",    "src": "hda",    "uuid": "421d5b17-d2f4-4165-bbd4-6b2e6aa18007"   },   "bamfiles2": {    "id": "30207d0953dceaf6",    "src": "hda",    "uuid": "e68fce3a-ceab-4e6d-b1e2-cfbfc5101a8a"   },   "bamfiles3": {    "id": "180cae40f7b1908e",    "src": "hda",    "uuid": "900ec0e9-5b7f-4c24-bcff-d86c2d834eab"   }  },  "job_messages": null,  "job_metrics": [],  "job_runner_name": null,  "job_stderr": null,  "job_stdout": null,  "model_class": "Job",  "output_collections": {},  "outputs": {   "output": {    "id": "e8a6230a6b98ee23",    "src": "hda",    "uuid": "ac7989b7-7e6e-47e3-ab6c-fc09c2f4eaee"   }  },  "params": {   "__input_ext": "\"bam\"",   "chromInfo": "\"/cvmfs/data.galaxyproject.org/managed/len/ucsc/?.len\"",   "dbkey": "\"?\"",   "headerbam": null,   "idpg": "false",   "idrg": "false",   "region": null,   "seed": "\"1\""  },  "state": "error",  "stderr": "[bam_translate] PG tag \"colt\" on read \"r001\" encountered with no corresponding entry in header, tag lost. Unknown tags are only reported once per input file for each tag ID.\n",  "stdout": "",  "tool_id": "toolshed.g2.bx.psu.edu/repos/iuc/samtools_merge/samtools_merge/1.9",  "tool_stderr": "[bam_translate] PG tag \"colt\" on read \"r001\" encountered with no corresponding entry in header, tag lost. Unknown tags are only reported once per input file for each tag ID.\n",  "tool_stdout": "",  "update_time": "2025-12-12T01:16:07.634137",  "user_email": "tests@fake.org" }, "output_problems": [  "Job in error state.. tool_id: toolshed.g2.bx.psu.edu/repos/iuc/samtools_merge/samtools_merge/1.9, exit_code: None, stderr: [bam_translate] PG tag \"colt\" on read \"r001\" encountered with no corresponding entry in header, tag lost. Unknown tags are only reported once per input file for each tag ID.\n.",  "Job in error state.. tool_id: toolshed.g2.bx.psu.edu/repos/iuc/samtools_merge/samtools_merge/1.9, exit_code: None, stderr: [bam_translate] PG tag \"colt\" on read \"r001\" encountered with no corresponding entry in header, tag lost. Unknown tags are only reported once per input file for each tag ID.\n." ], "status": "failure", "test_index": 1, "time_seconds": 33.205475091934204, "tool_id": "samtools_merge", "tool_version": "1.9"}
                ]]></error>
            
            <system-out><![CDATA[
            
            ]]></system-out>
            <system-err><![CDATA[
            [bam_translate] PG tag "colt" on read "r001" encountered with no corresponding entry in header, tag lost. Unknown tags are only reported once per input file for each tag ID.
            ]]></system-err>
        
    </testcase>
    
    <testcase classname="samtools_merge (Test #3)" name="2" time="34.12640833854675">
        
            
            <system-out><![CDATA[
            
            ]]></system-out>
            <system-err><![CDATA[
            
            ]]></system-err>
        
    </testcase>
    
    <testcase classname="samtools_merge (Test #4)" name="3" time="20.497673749923706">
        
            <error type="error" message="Input staging problem: Traceback (most recent call last):
  File "/opt/hostedtoolcache/Python/3.12.12/x64/lib/python3.12/site-packages/galaxy/tool_util/verify/interactor.py", line 1436, in verify_tool
    stage_data_in_history(
  File "/opt/hostedtoolcache/Python/3.12.12/x64/lib/python3.12/site-packages/galaxy/tool_util/verify/interactor.py", line 175, in stage_data_in_history
    staging_interface.handle_jobs()
  File "/opt/hostedtoolcache/Python/3.12.12/x64/lib/python3.12/site-packages/galaxy/tool_util/verify/interactor.py", line 212, in handle_jobs
    self.galaxy_interactor.wait_for_job(job_response["id"], job_response["history_id"], self.maxseconds)
  File "/opt/hostedtoolcache/Python/3.12.12/x64/lib/python3.12/site-packages/galaxy/tool_util/verify/interactor.py", line 399, in wait_for_job
    self.wait_for(lambda: self.__job_ready(job_id, history_id), maxseconds=maxseconds)
  File "/opt/hostedtoolcache/Python/3.12.12/x64/lib/python3.12/site-packages/galaxy/tool_util/verify/interactor.py", line 403, in wait_for
    wait_on(func, what, walltime_exceeded)
  File "/opt/hostedtoolcache/Python/3.12.12/x64/lib/python3.12/site-packages/galaxy/tool_util/verify/wait.py", line 38, in wait_on
    value = function()
            ^^^^^^^^^^
  File "/opt/hostedtoolcache/Python/3.12.12/x64/lib/python3.12/site-packages/galaxy/tool_util/verify/interactor.py", line 399, in <lambda>
    self.wait_for(lambda: self.__job_ready(job_id, history_id), maxseconds=maxseconds)
                          ^^^^^^^^^^^^^^^^^^^^^^^^^^^^^^^^^^^^
  File "/opt/hostedtoolcache/Python/3.12.12/x64/lib/python3.12/site-packages/galaxy/tool_util/verify/interactor.py", line 749, in __job_ready
    return self._state_ready(job_id, error_msg="Job in error state.")
           ^^^^^^^^^^^^^^^^^^^^^^^^^^^^^^^^^^^^^^^^^^^^^^^^^^^^^^^^^^
  File "/opt/hostedtoolcache/Python/3.12.12/x64/lib/python3.12/site-packages/galaxy/tool_util/verify/interactor.py", line 841, in _state_ready
    raise Exception(
Exception: Job in error state.. tool_id: __DATA_FETCH__, exit_code: None, stderr: .
"><![CDATA[
                { "execution_problem": "Input staging problem: Traceback (most recent call last):\n  File \"/opt/hostedtoolcache/Python/3.12.12/x64/lib/python3.12/site-packages/galaxy/tool_util/verify/interactor.py\", line 1436, in verify_tool\n    stage_data_in_history(\n  File \"/opt/hostedtoolcache/Python/3.12.12/x64/lib/python3.12/site-packages/galaxy/tool_util/verify/interactor.py\", line 175, in stage_data_in_history\n    staging_interface.handle_jobs()\n  File \"/opt/hostedtoolcache/Python/3.12.12/x64/lib/python3.12/site-packages/galaxy/tool_util/verify/interactor.py\", line 212, in handle_jobs\n    self.galaxy_interactor.wait_for_job(job_response[\"id\"], job_response[\"history_id\"], self.maxseconds)\n  File \"/opt/hostedtoolcache/Python/3.12.12/x64/lib/python3.12/site-packages/galaxy/tool_util/verify/interactor.py\", line 399, in wait_for_job\n    self.wait_for(lambda: self.__job_ready(job_id, history_id), maxseconds=maxseconds)\n  File \"/opt/hostedtoolcache/Python/3.12.12/x64/lib/python3.12/site-packages/galaxy/tool_util/verify/interactor.py\", line 403, in wait_for\n    wait_on(func, what, walltime_exceeded)\n  File \"/opt/hostedtoolcache/Python/3.12.12/x64/lib/python3.12/site-packages/galaxy/tool_util/verify/wait.py\", line 38, in wait_on\n    value = function()\n            ^^^^^^^^^^\n  File \"/opt/hostedtoolcache/Python/3.12.12/x64/lib/python3.12/site-packages/galaxy/tool_util/verify/interactor.py\", line 399, in \u003clambda\u003e\n    self.wait_for(lambda: self.__job_ready(job_id, history_id), maxseconds=maxseconds)\n                          ^^^^^^^^^^^^^^^^^^^^^^^^^^^^^^^^^^^^\n  File \"/opt/hostedtoolcache/Python/3.12.12/x64/lib/python3.12/site-packages/galaxy/tool_util/verify/interactor.py\", line 749, in __job_ready\n    return self._state_ready(job_id, error_msg=\"Job in error state.\")\n           ^^^^^^^^^^^^^^^^^^^^^^^^^^^^^^^^^^^^^^^^^^^^^^^^^^^^^^^^^^\n  File \"/opt/hostedtoolcache/Python/3.12.12/x64/lib/python3.12/site-packages/galaxy/tool_util/verify/interactor.py\", line 841, in _state_ready\n    raise Exception(\nException: Job in error state.. tool_id: __DATA_FETCH__, exit_code: None, stderr: .\n", "status": "error", "test_index": 3, "time_seconds": 20.497673749923706, "tool_id": "samtools_merge", "tool_version": "1.9"}
            ]]></error>
        
    </testcase>
    
    <testcase classname="samtools_merge (Test #5)" name="4" time="34.28501582145691">
        
            
            <system-out><![CDATA[
            
            ]]></system-out>
            <system-err><![CDATA[
            [bam_translate] PG tag "colt" on read "r001" encountered with no corresponding entry in header, tag lost. Unknown tags are only reported once per input file for each tag ID.
            ]]></system-err>
        
    </testcase>
    
    <testcase classname="vcfannotategenotypes (Test #1)" name="0" time="44.45629668235779">
        
            
            <system-out><![CDATA[
            
            ]]></system-out>
            <system-err><![CDATA[
            
            ]]></system-err>
        
    </testcase>
    
    <testcase classname="vcfsort (Test #1)" name="0" time="37.37875008583069">
        
            
            <system-out><![CDATA[
            
            ]]></system-out>
            <system-err><![CDATA[
            
            ]]></system-err>
        
    </testcase>
    
    <testcase classname="volcanoplot (Test #1)" name="0" time="85.07621741294861">
        
            
            <system-out><![CDATA[
            [1] "Header row detected"null device           1 R version 4.5.2 (2025-10-31)Platform: x86_64-conda-linux-gnuRunning under: Debian GNU/Linux 12 (bookworm)Matrix products: defaultBLAS/LAPACK: /usr/local/lib/libopenblasp-r0.3.30.so;  LAPACK version 3.12.0locale: [1] LC_CTYPE=C.UTF-8       LC_NUMERIC=C           LC_TIME=C.UTF-8        [4] LC_COLLATE=C.UTF-8     LC_MONETARY=C.UTF-8    LC_MESSAGES=C.UTF-8    [7] LC_PAPER=C.UTF-8       LC_NAME=C              LC_ADDRESS=C          [10] LC_TELEPHONE=C         LC_MEASUREMENT=C.UTF-8 LC_IDENTIFICATION=C   time zone: NAtzcode source: system (glibc)attached base packages:[1] stats     graphics  grDevices utils     datasets  methods   base     other attached packages:[1] ggrepel_0.9.6 ggplot2_4.0.1 dplyr_1.1.4  loaded via a namespace (and not attached): [1] labeling_0.4.3     RColorBrewer_1.1-3 R6_2.6.1           tidyselect_1.2.1   [5] farver_2.1.2       magrittr_2.0.4     gtable_0.3.6       glue_1.8.0         [9] tibble_3.3.0       pkgconfig_2.0.3    generics_0.1.4     lifecycle_1.0.4   [13] cli_3.6.5          S7_0.2.1           scales_1.4.0       grid_4.5.2        [17] vctrs_0.6.5        withr_3.0.2        compiler_4.5.2     pillar_1.11.1     [21] Rcpp_1.1.0         rlang_1.1.6       
            ]]></system-out>
            <system-err><![CDATA[
            Warning message:In Sys.setlocale("LC_MESSAGES", "en_US.UTF-8") :  OS reports request to set locale to "en_US.UTF-8" cannot be honoredWarning: Your system is mis-configured: /var/db/timezone/localtime is not a symlinkWarning: /var/db/timezone/localtime is not identical to any known timezone file
            ]]></system-err>
        
    </testcase>
    
    <testcase classname="volcanoplot (Test #2)" name="1" time="48.64825630187988">
        
            
            <system-out><![CDATA[
            [1] "Header row detected"null device           1 R version 4.5.2 (2025-10-31)Platform: x86_64-conda-linux-gnuRunning under: Debian GNU/Linux 12 (bookworm)Matrix products: defaultBLAS/LAPACK: /usr/local/lib/libopenblasp-r0.3.30.so;  LAPACK version 3.12.0locale: [1] LC_CTYPE=C.UTF-8       LC_NUMERIC=C           LC_TIME=C.UTF-8        [4] LC_COLLATE=C.UTF-8     LC_MONETARY=C.UTF-8    LC_MESSAGES=C.UTF-8    [7] LC_PAPER=C.UTF-8       LC_NAME=C              LC_ADDRESS=C          [10] LC_TELEPHONE=C         LC_MEASUREMENT=C.UTF-8 LC_IDENTIFICATION=C   time zone: NAtzcode source: system (glibc)attached base packages:[1] stats     graphics  grDevices utils     datasets  methods   base     other attached packages:[1] ggrepel_0.9.6 ggplot2_4.0.1 dplyr_1.1.4  loaded via a namespace (and not attached): [1] labeling_0.4.3     RColorBrewer_1.1-3 R6_2.6.1           tidyselect_1.2.1   [5] farver_2.1.2       magrittr_2.0.4     gtable_0.3.6       glue_1.8.0         [9] tibble_3.3.0       pkgconfig_2.0.3    generics_0.1.4     lifecycle_1.0.4   [13] cli_3.6.5          S7_0.2.1           scales_1.4.0       grid_4.5.2        [17] vctrs_0.6.5        withr_3.0.2        compiler_4.5.2     pillar_1.11.1     [21] Rcpp_1.1.0         rlang_1.1.6       
            ]]></system-out>
            <system-err><![CDATA[
            Warning message:In Sys.setlocale("LC_MESSAGES", "en_US.UTF-8") :  OS reports request to set locale to "en_US.UTF-8" cannot be honoredWarning: Your system is mis-configured: /var/db/timezone/localtime is not a symlinkWarning: /var/db/timezone/localtime is not identical to any known timezone file
            ]]></system-err>
        
    </testcase>
    
    <testcase classname="volcanoplot (Test #3)" name="2" time="54.63068747520447">
        
            
            <system-out><![CDATA[
            null device           1 R version 4.5.2 (2025-10-31)Platform: x86_64-conda-linux-gnuRunning under: Debian GNU/Linux 12 (bookworm)Matrix products: defaultBLAS/LAPACK: /usr/local/lib/libopenblasp-r0.3.30.so;  LAPACK version 3.12.0locale: [1] LC_CTYPE=C.UTF-8       LC_NUMERIC=C           LC_TIME=C.UTF-8        [4] LC_COLLATE=C.UTF-8     LC_MONETARY=C.UTF-8    LC_MESSAGES=C.UTF-8    [7] LC_PAPER=C.UTF-8       LC_NAME=C              LC_ADDRESS=C          [10] LC_TELEPHONE=C         LC_MEASUREMENT=C.UTF-8 LC_IDENTIFICATION=C   time zone: NAtzcode source: system (glibc)attached base packages:[1] stats     graphics  grDevices utils     datasets  methods   base     other attached packages:[1] ggrepel_0.9.6 ggplot2_4.0.1 dplyr_1.1.4  loaded via a namespace (and not attached): [1] labeling_0.4.3     RColorBrewer_1.1-3 R6_2.6.1           tidyselect_1.2.1   [5] farver_2.1.2       magrittr_2.0.4     gtable_0.3.6       glue_1.8.0         [9] tibble_3.3.0       pkgconfig_2.0.3    generics_0.1.4     lifecycle_1.0.4   [13] cli_3.6.5          S7_0.2.1           scales_1.4.0       grid_4.5.2        [17] vctrs_0.6.5        withr_3.0.2        compiler_4.5.2     pillar_1.11.1     [21] Rcpp_1.1.0         rlang_1.1.6       
            ]]></system-out>
            <system-err><![CDATA[
            Warning message:In Sys.setlocale("LC_MESSAGES", "en_US.UTF-8") :  OS reports request to set locale to "en_US.UTF-8" cannot be honoredWarning: Your system is mis-configured: /var/db/timezone/localtime is not a symlinkWarning: /var/db/timezone/localtime is not identical to any known timezone file
            ]]></system-err>
        
    </testcase>
    
    <testcase classname="volcanoplot (Test #4)" name="3" time="47.81513452529907">
        
            
            <system-out><![CDATA[
            [1] "Header row detected"null device           1 R version 4.5.2 (2025-10-31)Platform: x86_64-conda-linux-gnuRunning under: Debian GNU/Linux 12 (bookworm)Matrix products: defaultBLAS/LAPACK: /usr/local/lib/libopenblasp-r0.3.30.so;  LAPACK version 3.12.0locale: [1] LC_CTYPE=C.UTF-8       LC_NUMERIC=C           LC_TIME=C.UTF-8        [4] LC_COLLATE=C.UTF-8     LC_MONETARY=C.UTF-8    LC_MESSAGES=C.UTF-8    [7] LC_PAPER=C.UTF-8       LC_NAME=C              LC_ADDRESS=C          [10] LC_TELEPHONE=C         LC_MEASUREMENT=C.UTF-8 LC_IDENTIFICATION=C   time zone: NAtzcode source: system (glibc)attached base packages:[1] stats     graphics  grDevices utils     datasets  methods   base     other attached packages:[1] ggrepel_0.9.6 ggplot2_4.0.1 dplyr_1.1.4  loaded via a namespace (and not attached): [1] labeling_0.4.3     RColorBrewer_1.1-3 R6_2.6.1           tidyselect_1.2.1   [5] farver_2.1.2       magrittr_2.0.4     gtable_0.3.6       glue_1.8.0         [9] tibble_3.3.0       pkgconfig_2.0.3    generics_0.1.4     lifecycle_1.0.4   [13] cli_3.6.5          S7_0.2.1           scales_1.4.0       grid_4.5.2        [17] vctrs_0.6.5        withr_3.0.2        compiler_4.5.2     pillar_1.11.1     [21] Rcpp_1.1.0         rlang_1.1.6       
            ]]></system-out>
            <system-err><![CDATA[
            Warning message:In Sys.setlocale("LC_MESSAGES", "en_US.UTF-8") :  OS reports request to set locale to "en_US.UTF-8" cannot be honoredWarning message:No shared levels found between `names(values)` of the manual scale and thedata's colour values. Warning: Your system is mis-configured: /var/db/timezone/localtime is not a symlinkWarning: /var/db/timezone/localtime is not identical to any known timezone file
            ]]></system-err>
        
    </testcase>
    
    <testcase classname="volcanoplot (Test #5)" name="4" time="47.643547773361206">
        
            
            <system-out><![CDATA[
            [1] "Header row detected"null device           1 R version 4.5.2 (2025-10-31)Platform: x86_64-conda-linux-gnuRunning under: Debian GNU/Linux 12 (bookworm)Matrix products: defaultBLAS/LAPACK: /usr/local/lib/libopenblasp-r0.3.30.so;  LAPACK version 3.12.0locale: [1] LC_CTYPE=C.UTF-8       LC_NUMERIC=C           LC_TIME=C.UTF-8        [4] LC_COLLATE=C.UTF-8     LC_MONETARY=C.UTF-8    LC_MESSAGES=C.UTF-8    [7] LC_PAPER=C.UTF-8       LC_NAME=C              LC_ADDRESS=C          [10] LC_TELEPHONE=C         LC_MEASUREMENT=C.UTF-8 LC_IDENTIFICATION=C   time zone: NAtzcode source: system (glibc)attached base packages:[1] stats     graphics  grDevices utils     datasets  methods   base     other attached packages:[1] ggrepel_0.9.6 ggplot2_4.0.1 dplyr_1.1.4  loaded via a namespace (and not attached): [1] labeling_0.4.3     RColorBrewer_1.1-3 R6_2.6.1           tidyselect_1.2.1   [5] farver_2.1.2       magrittr_2.0.4     gtable_0.3.6       glue_1.8.0         [9] tibble_3.3.0       pkgconfig_2.0.3    generics_0.1.4     lifecycle_1.0.4   [13] cli_3.6.5          S7_0.2.1           scales_1.4.0       grid_4.5.2        [17] vctrs_0.6.5        withr_3.0.2        compiler_4.5.2     pillar_1.11.1     [21] Rcpp_1.1.0         rlang_1.1.6       
            ]]></system-out>
            <system-err><![CDATA[
            Warning message:In Sys.setlocale("LC_MESSAGES", "en_US.UTF-8") :  OS reports request to set locale to "en_US.UTF-8" cannot be honoredWarning: Your system is mis-configured: /var/db/timezone/localtime is not a symlinkWarning: /var/db/timezone/localtime is not identical to any known timezone file
            ]]></system-err>
        
    </testcase>
    
</testsuite>