<?xml version="1.0" encoding="UTF-8"?>
<testsuite name="Results (powered by Planemo)"
           tests="46"
           errors="32"
           failures="3"
           skip="0">
    
    <testcase classname="bcftools_consensus (Test #1)" name="0" time="0.09724736213684082">
        
            <error type="error" message="Input staging problem: Traceback (most recent call last):
  File "/opt/hostedtoolcache/Python/3.12.12/x64/lib/python3.12/site-packages/galaxy/tool_util/verify/interactor.py", line 1436, in verify_tool
    stage_data_in_history(
  File "/opt/hostedtoolcache/Python/3.12.12/x64/lib/python3.12/site-packages/galaxy/tool_util/verify/interactor.py", line 163, in stage_data_in_history
    test_dict = galaxy_interactor.remote_to_input(
                ^^^^^^^^^^^^^^^^^^^^^^^^^^^^^^^^^^
  File "/opt/hostedtoolcache/Python/3.12.12/x64/lib/python3.12/site-packages/galaxy/tool_util/verify/interactor.py", line 582, in remote_to_input
    path_or_location = self._get_path_or_location(
                       ^^^^^^^^^^^^^^^^^^^^^^^^^^^
  File "/opt/hostedtoolcache/Python/3.12.12/x64/lib/python3.12/site-packages/galaxy/tool_util/verify/interactor.py", line 619, in _get_path_or_location
    path = self.test_data_download(
           ^^^^^^^^^^^^^^^^^^^^^^^^
  File "/opt/hostedtoolcache/Python/3.12.12/x64/lib/python3.12/site-packages/galaxy/tool_util/verify/interactor.py", line 525, in test_data_download
    raise AssertionError(f"Test input file ({filename}) cannot be found.")
AssertionError: Test input file (consensus.vcf) cannot be found.
"><![CDATA[
                { "execution_problem": "Input staging problem: Traceback (most recent call last):\n  File \"/opt/hostedtoolcache/Python/3.12.12/x64/lib/python3.12/site-packages/galaxy/tool_util/verify/interactor.py\", line 1436, in verify_tool\n    stage_data_in_history(\n  File \"/opt/hostedtoolcache/Python/3.12.12/x64/lib/python3.12/site-packages/galaxy/tool_util/verify/interactor.py\", line 163, in stage_data_in_history\n    test_dict = galaxy_interactor.remote_to_input(\n                ^^^^^^^^^^^^^^^^^^^^^^^^^^^^^^^^^^\n  File \"/opt/hostedtoolcache/Python/3.12.12/x64/lib/python3.12/site-packages/galaxy/tool_util/verify/interactor.py\", line 582, in remote_to_input\n    path_or_location = self._get_path_or_location(\n                       ^^^^^^^^^^^^^^^^^^^^^^^^^^^\n  File \"/opt/hostedtoolcache/Python/3.12.12/x64/lib/python3.12/site-packages/galaxy/tool_util/verify/interactor.py\", line 619, in _get_path_or_location\n    path = self.test_data_download(\n           ^^^^^^^^^^^^^^^^^^^^^^^^\n  File \"/opt/hostedtoolcache/Python/3.12.12/x64/lib/python3.12/site-packages/galaxy/tool_util/verify/interactor.py\", line 525, in test_data_download\n    raise AssertionError(f\"Test input file ({filename}) cannot be found.\")\nAssertionError: Test input file (consensus.vcf) cannot be found.\n", "status": "error", "test_index": 0, "time_seconds": 0.09724736213684082, "tool_id": "bcftools_consensus", "tool_version": "1.22+galaxy0"}
            ]]></error>
        
    </testcase>
    
    <testcase classname="bcftools_consensus (Test #2)" name="1" time="">
        
            <error type="error" message=""><![CDATA[
                { "status": "skip", "test_index": 1, "tool_id": "bcftools_consensus", "tool_version": "1.22+galaxy0"}
            ]]></error>
        
    </testcase>
    
    <testcase classname="bcftools_consensus (Test #3)" name="2" time="0.05163264274597168">
        
            <error type="error" message="Input staging problem: Traceback (most recent call last):
  File "/opt/hostedtoolcache/Python/3.12.12/x64/lib/python3.12/site-packages/galaxy/tool_util/verify/interactor.py", line 1436, in verify_tool
    stage_data_in_history(
  File "/opt/hostedtoolcache/Python/3.12.12/x64/lib/python3.12/site-packages/galaxy/tool_util/verify/interactor.py", line 163, in stage_data_in_history
    test_dict = galaxy_interactor.remote_to_input(
                ^^^^^^^^^^^^^^^^^^^^^^^^^^^^^^^^^^
  File "/opt/hostedtoolcache/Python/3.12.12/x64/lib/python3.12/site-packages/galaxy/tool_util/verify/interactor.py", line 582, in remote_to_input
    path_or_location = self._get_path_or_location(
                       ^^^^^^^^^^^^^^^^^^^^^^^^^^^
  File "/opt/hostedtoolcache/Python/3.12.12/x64/lib/python3.12/site-packages/galaxy/tool_util/verify/interactor.py", line 619, in _get_path_or_location
    path = self.test_data_download(
           ^^^^^^^^^^^^^^^^^^^^^^^^
  File "/opt/hostedtoolcache/Python/3.12.12/x64/lib/python3.12/site-packages/galaxy/tool_util/verify/interactor.py", line 525, in test_data_download
    raise AssertionError(f"Test input file ({filename}) cannot be found.")
AssertionError: Test input file (consensus.vcf) cannot be found.
"><![CDATA[
                { "execution_problem": "Input staging problem: Traceback (most recent call last):\n  File \"/opt/hostedtoolcache/Python/3.12.12/x64/lib/python3.12/site-packages/galaxy/tool_util/verify/interactor.py\", line 1436, in verify_tool\n    stage_data_in_history(\n  File \"/opt/hostedtoolcache/Python/3.12.12/x64/lib/python3.12/site-packages/galaxy/tool_util/verify/interactor.py\", line 163, in stage_data_in_history\n    test_dict = galaxy_interactor.remote_to_input(\n                ^^^^^^^^^^^^^^^^^^^^^^^^^^^^^^^^^^\n  File \"/opt/hostedtoolcache/Python/3.12.12/x64/lib/python3.12/site-packages/galaxy/tool_util/verify/interactor.py\", line 582, in remote_to_input\n    path_or_location = self._get_path_or_location(\n                       ^^^^^^^^^^^^^^^^^^^^^^^^^^^\n  File \"/opt/hostedtoolcache/Python/3.12.12/x64/lib/python3.12/site-packages/galaxy/tool_util/verify/interactor.py\", line 619, in _get_path_or_location\n    path = self.test_data_download(\n           ^^^^^^^^^^^^^^^^^^^^^^^^\n  File \"/opt/hostedtoolcache/Python/3.12.12/x64/lib/python3.12/site-packages/galaxy/tool_util/verify/interactor.py\", line 525, in test_data_download\n    raise AssertionError(f\"Test input file ({filename}) cannot be found.\")\nAssertionError: Test input file (consensus.vcf) cannot be found.\n", "status": "error", "test_index": 2, "time_seconds": 0.05163264274597168, "tool_id": "bcftools_consensus", "tool_version": "1.22+galaxy0"}
            ]]></error>
        
    </testcase>
    
    <testcase classname="bcftools_consensus (Test #4)" name="3" time="0.053254127502441406">
        
            <error type="error" message="Input staging problem: Traceback (most recent call last):
  File "/opt/hostedtoolcache/Python/3.12.12/x64/lib/python3.12/site-packages/galaxy/tool_util/verify/interactor.py", line 1436, in verify_tool
    stage_data_in_history(
  File "/opt/hostedtoolcache/Python/3.12.12/x64/lib/python3.12/site-packages/galaxy/tool_util/verify/interactor.py", line 163, in stage_data_in_history
    test_dict = galaxy_interactor.remote_to_input(
                ^^^^^^^^^^^^^^^^^^^^^^^^^^^^^^^^^^
  File "/opt/hostedtoolcache/Python/3.12.12/x64/lib/python3.12/site-packages/galaxy/tool_util/verify/interactor.py", line 582, in remote_to_input
    path_or_location = self._get_path_or_location(
                       ^^^^^^^^^^^^^^^^^^^^^^^^^^^
  File "/opt/hostedtoolcache/Python/3.12.12/x64/lib/python3.12/site-packages/galaxy/tool_util/verify/interactor.py", line 619, in _get_path_or_location
    path = self.test_data_download(
           ^^^^^^^^^^^^^^^^^^^^^^^^
  File "/opt/hostedtoolcache/Python/3.12.12/x64/lib/python3.12/site-packages/galaxy/tool_util/verify/interactor.py", line 525, in test_data_download
    raise AssertionError(f"Test input file ({filename}) cannot be found.")
AssertionError: Test input file (consensus.vcf) cannot be found.
"><![CDATA[
                { "execution_problem": "Input staging problem: Traceback (most recent call last):\n  File \"/opt/hostedtoolcache/Python/3.12.12/x64/lib/python3.12/site-packages/galaxy/tool_util/verify/interactor.py\", line 1436, in verify_tool\n    stage_data_in_history(\n  File \"/opt/hostedtoolcache/Python/3.12.12/x64/lib/python3.12/site-packages/galaxy/tool_util/verify/interactor.py\", line 163, in stage_data_in_history\n    test_dict = galaxy_interactor.remote_to_input(\n                ^^^^^^^^^^^^^^^^^^^^^^^^^^^^^^^^^^\n  File \"/opt/hostedtoolcache/Python/3.12.12/x64/lib/python3.12/site-packages/galaxy/tool_util/verify/interactor.py\", line 582, in remote_to_input\n    path_or_location = self._get_path_or_location(\n                       ^^^^^^^^^^^^^^^^^^^^^^^^^^^\n  File \"/opt/hostedtoolcache/Python/3.12.12/x64/lib/python3.12/site-packages/galaxy/tool_util/verify/interactor.py\", line 619, in _get_path_or_location\n    path = self.test_data_download(\n           ^^^^^^^^^^^^^^^^^^^^^^^^\n  File \"/opt/hostedtoolcache/Python/3.12.12/x64/lib/python3.12/site-packages/galaxy/tool_util/verify/interactor.py\", line 525, in test_data_download\n    raise AssertionError(f\"Test input file ({filename}) cannot be found.\")\nAssertionError: Test input file (consensus.vcf) cannot be found.\n", "status": "error", "test_index": 3, "time_seconds": 0.053254127502441406, "tool_id": "bcftools_consensus", "tool_version": "1.22+galaxy0"}
            ]]></error>
        
    </testcase>
    
    <testcase classname="bcftools_consensus (Test #5)" name="4" time="0.049735307693481445">
        
            <error type="error" message="Input staging problem: Traceback (most recent call last):
  File "/opt/hostedtoolcache/Python/3.12.12/x64/lib/python3.12/site-packages/galaxy/tool_util/verify/interactor.py", line 1436, in verify_tool
    stage_data_in_history(
  File "/opt/hostedtoolcache/Python/3.12.12/x64/lib/python3.12/site-packages/galaxy/tool_util/verify/interactor.py", line 163, in stage_data_in_history
    test_dict = galaxy_interactor.remote_to_input(
                ^^^^^^^^^^^^^^^^^^^^^^^^^^^^^^^^^^
  File "/opt/hostedtoolcache/Python/3.12.12/x64/lib/python3.12/site-packages/galaxy/tool_util/verify/interactor.py", line 582, in remote_to_input
    path_or_location = self._get_path_or_location(
                       ^^^^^^^^^^^^^^^^^^^^^^^^^^^
  File "/opt/hostedtoolcache/Python/3.12.12/x64/lib/python3.12/site-packages/galaxy/tool_util/verify/interactor.py", line 619, in _get_path_or_location
    path = self.test_data_download(
           ^^^^^^^^^^^^^^^^^^^^^^^^
  File "/opt/hostedtoolcache/Python/3.12.12/x64/lib/python3.12/site-packages/galaxy/tool_util/verify/interactor.py", line 525, in test_data_download
    raise AssertionError(f"Test input file ({filename}) cannot be found.")
AssertionError: Test input file (consensus.vcf) cannot be found.
"><![CDATA[
                { "execution_problem": "Input staging problem: Traceback (most recent call last):\n  File \"/opt/hostedtoolcache/Python/3.12.12/x64/lib/python3.12/site-packages/galaxy/tool_util/verify/interactor.py\", line 1436, in verify_tool\n    stage_data_in_history(\n  File \"/opt/hostedtoolcache/Python/3.12.12/x64/lib/python3.12/site-packages/galaxy/tool_util/verify/interactor.py\", line 163, in stage_data_in_history\n    test_dict = galaxy_interactor.remote_to_input(\n                ^^^^^^^^^^^^^^^^^^^^^^^^^^^^^^^^^^\n  File \"/opt/hostedtoolcache/Python/3.12.12/x64/lib/python3.12/site-packages/galaxy/tool_util/verify/interactor.py\", line 582, in remote_to_input\n    path_or_location = self._get_path_or_location(\n                       ^^^^^^^^^^^^^^^^^^^^^^^^^^^\n  File \"/opt/hostedtoolcache/Python/3.12.12/x64/lib/python3.12/site-packages/galaxy/tool_util/verify/interactor.py\", line 619, in _get_path_or_location\n    path = self.test_data_download(\n           ^^^^^^^^^^^^^^^^^^^^^^^^\n  File \"/opt/hostedtoolcache/Python/3.12.12/x64/lib/python3.12/site-packages/galaxy/tool_util/verify/interactor.py\", line 525, in test_data_download\n    raise AssertionError(f\"Test input file ({filename}) cannot be found.\")\nAssertionError: Test input file (consensus.vcf) cannot be found.\n", "status": "error", "test_index": 4, "time_seconds": 0.049735307693481445, "tool_id": "bcftools_consensus", "tool_version": "1.22+galaxy0"}
            ]]></error>
        
    </testcase>
    
    <testcase classname="bcftools_consensus (Test #6)" name="5" time="0.05125141143798828">
        
            <error type="error" message="Input staging problem: Traceback (most recent call last):
  File "/opt/hostedtoolcache/Python/3.12.12/x64/lib/python3.12/site-packages/galaxy/tool_util/verify/interactor.py", line 1436, in verify_tool
    stage_data_in_history(
  File "/opt/hostedtoolcache/Python/3.12.12/x64/lib/python3.12/site-packages/galaxy/tool_util/verify/interactor.py", line 163, in stage_data_in_history
    test_dict = galaxy_interactor.remote_to_input(
                ^^^^^^^^^^^^^^^^^^^^^^^^^^^^^^^^^^
  File "/opt/hostedtoolcache/Python/3.12.12/x64/lib/python3.12/site-packages/galaxy/tool_util/verify/interactor.py", line 582, in remote_to_input
    path_or_location = self._get_path_or_location(
                       ^^^^^^^^^^^^^^^^^^^^^^^^^^^
  File "/opt/hostedtoolcache/Python/3.12.12/x64/lib/python3.12/site-packages/galaxy/tool_util/verify/interactor.py", line 619, in _get_path_or_location
    path = self.test_data_download(
           ^^^^^^^^^^^^^^^^^^^^^^^^
  File "/opt/hostedtoolcache/Python/3.12.12/x64/lib/python3.12/site-packages/galaxy/tool_util/verify/interactor.py", line 525, in test_data_download
    raise AssertionError(f"Test input file ({filename}) cannot be found.")
AssertionError: Test input file (consensus.vcf) cannot be found.
"><![CDATA[
                { "execution_problem": "Input staging problem: Traceback (most recent call last):\n  File \"/opt/hostedtoolcache/Python/3.12.12/x64/lib/python3.12/site-packages/galaxy/tool_util/verify/interactor.py\", line 1436, in verify_tool\n    stage_data_in_history(\n  File \"/opt/hostedtoolcache/Python/3.12.12/x64/lib/python3.12/site-packages/galaxy/tool_util/verify/interactor.py\", line 163, in stage_data_in_history\n    test_dict = galaxy_interactor.remote_to_input(\n                ^^^^^^^^^^^^^^^^^^^^^^^^^^^^^^^^^^\n  File \"/opt/hostedtoolcache/Python/3.12.12/x64/lib/python3.12/site-packages/galaxy/tool_util/verify/interactor.py\", line 582, in remote_to_input\n    path_or_location = self._get_path_or_location(\n                       ^^^^^^^^^^^^^^^^^^^^^^^^^^^\n  File \"/opt/hostedtoolcache/Python/3.12.12/x64/lib/python3.12/site-packages/galaxy/tool_util/verify/interactor.py\", line 619, in _get_path_or_location\n    path = self.test_data_download(\n           ^^^^^^^^^^^^^^^^^^^^^^^^\n  File \"/opt/hostedtoolcache/Python/3.12.12/x64/lib/python3.12/site-packages/galaxy/tool_util/verify/interactor.py\", line 525, in test_data_download\n    raise AssertionError(f\"Test input file ({filename}) cannot be found.\")\nAssertionError: Test input file (consensus.vcf) cannot be found.\n", "status": "error", "test_index": 5, "time_seconds": 0.05125141143798828, "tool_id": "bcftools_consensus", "tool_version": "1.22+galaxy0"}
            ]]></error>
        
    </testcase>
    
    <testcase classname="bcftools_consensus (Test #7)" name="6" time="0.05057549476623535">
        
            <error type="error" message="Input staging problem: Traceback (most recent call last):
  File "/opt/hostedtoolcache/Python/3.12.12/x64/lib/python3.12/site-packages/galaxy/tool_util/verify/interactor.py", line 1436, in verify_tool
    stage_data_in_history(
  File "/opt/hostedtoolcache/Python/3.12.12/x64/lib/python3.12/site-packages/galaxy/tool_util/verify/interactor.py", line 163, in stage_data_in_history
    test_dict = galaxy_interactor.remote_to_input(
                ^^^^^^^^^^^^^^^^^^^^^^^^^^^^^^^^^^
  File "/opt/hostedtoolcache/Python/3.12.12/x64/lib/python3.12/site-packages/galaxy/tool_util/verify/interactor.py", line 582, in remote_to_input
    path_or_location = self._get_path_or_location(
                       ^^^^^^^^^^^^^^^^^^^^^^^^^^^
  File "/opt/hostedtoolcache/Python/3.12.12/x64/lib/python3.12/site-packages/galaxy/tool_util/verify/interactor.py", line 619, in _get_path_or_location
    path = self.test_data_download(
           ^^^^^^^^^^^^^^^^^^^^^^^^
  File "/opt/hostedtoolcache/Python/3.12.12/x64/lib/python3.12/site-packages/galaxy/tool_util/verify/interactor.py", line 525, in test_data_download
    raise AssertionError(f"Test input file ({filename}) cannot be found.")
AssertionError: Test input file (csq.vcf) cannot be found.
"><![CDATA[
                { "execution_problem": "Input staging problem: Traceback (most recent call last):\n  File \"/opt/hostedtoolcache/Python/3.12.12/x64/lib/python3.12/site-packages/galaxy/tool_util/verify/interactor.py\", line 1436, in verify_tool\n    stage_data_in_history(\n  File \"/opt/hostedtoolcache/Python/3.12.12/x64/lib/python3.12/site-packages/galaxy/tool_util/verify/interactor.py\", line 163, in stage_data_in_history\n    test_dict = galaxy_interactor.remote_to_input(\n                ^^^^^^^^^^^^^^^^^^^^^^^^^^^^^^^^^^\n  File \"/opt/hostedtoolcache/Python/3.12.12/x64/lib/python3.12/site-packages/galaxy/tool_util/verify/interactor.py\", line 582, in remote_to_input\n    path_or_location = self._get_path_or_location(\n                       ^^^^^^^^^^^^^^^^^^^^^^^^^^^\n  File \"/opt/hostedtoolcache/Python/3.12.12/x64/lib/python3.12/site-packages/galaxy/tool_util/verify/interactor.py\", line 619, in _get_path_or_location\n    path = self.test_data_download(\n           ^^^^^^^^^^^^^^^^^^^^^^^^\n  File \"/opt/hostedtoolcache/Python/3.12.12/x64/lib/python3.12/site-packages/galaxy/tool_util/verify/interactor.py\", line 525, in test_data_download\n    raise AssertionError(f\"Test input file ({filename}) cannot be found.\")\nAssertionError: Test input file (csq.vcf) cannot be found.\n", "status": "error", "test_index": 6, "time_seconds": 0.05057549476623535, "tool_id": "bcftools_consensus", "tool_version": "1.22+galaxy0"}
            ]]></error>
        
    </testcase>
    
    <testcase classname="bcftools_consensus (Test #8)" name="7" time="0.050824642181396484">
        
            <error type="error" message="Input staging problem: Traceback (most recent call last):
  File "/opt/hostedtoolcache/Python/3.12.12/x64/lib/python3.12/site-packages/galaxy/tool_util/verify/interactor.py", line 1436, in verify_tool
    stage_data_in_history(
  File "/opt/hostedtoolcache/Python/3.12.12/x64/lib/python3.12/site-packages/galaxy/tool_util/verify/interactor.py", line 163, in stage_data_in_history
    test_dict = galaxy_interactor.remote_to_input(
                ^^^^^^^^^^^^^^^^^^^^^^^^^^^^^^^^^^
  File "/opt/hostedtoolcache/Python/3.12.12/x64/lib/python3.12/site-packages/galaxy/tool_util/verify/interactor.py", line 582, in remote_to_input
    path_or_location = self._get_path_or_location(
                       ^^^^^^^^^^^^^^^^^^^^^^^^^^^
  File "/opt/hostedtoolcache/Python/3.12.12/x64/lib/python3.12/site-packages/galaxy/tool_util/verify/interactor.py", line 619, in _get_path_or_location
    path = self.test_data_download(
           ^^^^^^^^^^^^^^^^^^^^^^^^
  File "/opt/hostedtoolcache/Python/3.12.12/x64/lib/python3.12/site-packages/galaxy/tool_util/verify/interactor.py", line 525, in test_data_download
    raise AssertionError(f"Test input file ({filename}) cannot be found.")
AssertionError: Test input file (csq.vcf) cannot be found.
"><![CDATA[
                { "execution_problem": "Input staging problem: Traceback (most recent call last):\n  File \"/opt/hostedtoolcache/Python/3.12.12/x64/lib/python3.12/site-packages/galaxy/tool_util/verify/interactor.py\", line 1436, in verify_tool\n    stage_data_in_history(\n  File \"/opt/hostedtoolcache/Python/3.12.12/x64/lib/python3.12/site-packages/galaxy/tool_util/verify/interactor.py\", line 163, in stage_data_in_history\n    test_dict = galaxy_interactor.remote_to_input(\n                ^^^^^^^^^^^^^^^^^^^^^^^^^^^^^^^^^^\n  File \"/opt/hostedtoolcache/Python/3.12.12/x64/lib/python3.12/site-packages/galaxy/tool_util/verify/interactor.py\", line 582, in remote_to_input\n    path_or_location = self._get_path_or_location(\n                       ^^^^^^^^^^^^^^^^^^^^^^^^^^^\n  File \"/opt/hostedtoolcache/Python/3.12.12/x64/lib/python3.12/site-packages/galaxy/tool_util/verify/interactor.py\", line 619, in _get_path_or_location\n    path = self.test_data_download(\n           ^^^^^^^^^^^^^^^^^^^^^^^^\n  File \"/opt/hostedtoolcache/Python/3.12.12/x64/lib/python3.12/site-packages/galaxy/tool_util/verify/interactor.py\", line 525, in test_data_download\n    raise AssertionError(f\"Test input file ({filename}) cannot be found.\")\nAssertionError: Test input file (csq.vcf) cannot be found.\n", "status": "error", "test_index": 7, "time_seconds": 0.050824642181396484, "tool_id": "bcftools_consensus", "tool_version": "1.22+galaxy0"}
            ]]></error>
        
    </testcase>
    
    <testcase classname="bcftools_plugin_impute_info (Test #1)" name="0" time="21.47710919380188">
        
            <error type="error" message="Input staging problem: Traceback (most recent call last):
  File "/opt/hostedtoolcache/Python/3.12.12/x64/lib/python3.12/site-packages/galaxy/tool_util/verify/interactor.py", line 1436, in verify_tool
    stage_data_in_history(
  File "/opt/hostedtoolcache/Python/3.12.12/x64/lib/python3.12/site-packages/galaxy/tool_util/verify/interactor.py", line 175, in stage_data_in_history
    staging_interface.handle_jobs()
  File "/opt/hostedtoolcache/Python/3.12.12/x64/lib/python3.12/site-packages/galaxy/tool_util/verify/interactor.py", line 212, in handle_jobs
    self.galaxy_interactor.wait_for_job(job_response["id"], job_response["history_id"], self.maxseconds)
  File "/opt/hostedtoolcache/Python/3.12.12/x64/lib/python3.12/site-packages/galaxy/tool_util/verify/interactor.py", line 399, in wait_for_job
    self.wait_for(lambda: self.__job_ready(job_id, history_id), maxseconds=maxseconds)
  File "/opt/hostedtoolcache/Python/3.12.12/x64/lib/python3.12/site-packages/galaxy/tool_util/verify/interactor.py", line 403, in wait_for
    wait_on(func, what, walltime_exceeded)
  File "/opt/hostedtoolcache/Python/3.12.12/x64/lib/python3.12/site-packages/galaxy/tool_util/verify/wait.py", line 38, in wait_on
    value = function()
            ^^^^^^^^^^
  File "/opt/hostedtoolcache/Python/3.12.12/x64/lib/python3.12/site-packages/galaxy/tool_util/verify/interactor.py", line 399, in <lambda>
    self.wait_for(lambda: self.__job_ready(job_id, history_id), maxseconds=maxseconds)
                          ^^^^^^^^^^^^^^^^^^^^^^^^^^^^^^^^^^^^
  File "/opt/hostedtoolcache/Python/3.12.12/x64/lib/python3.12/site-packages/galaxy/tool_util/verify/interactor.py", line 749, in __job_ready
    return self._state_ready(job_id, error_msg="Job in error state.")
           ^^^^^^^^^^^^^^^^^^^^^^^^^^^^^^^^^^^^^^^^^^^^^^^^^^^^^^^^^^
  File "/opt/hostedtoolcache/Python/3.12.12/x64/lib/python3.12/site-packages/galaxy/tool_util/verify/interactor.py", line 841, in _state_ready
    raise Exception(
Exception: Job in error state.. tool_id: __DATA_FETCH__, exit_code: None, stderr: .
"><![CDATA[
                { "execution_problem": "Input staging problem: Traceback (most recent call last):\n  File \"/opt/hostedtoolcache/Python/3.12.12/x64/lib/python3.12/site-packages/galaxy/tool_util/verify/interactor.py\", line 1436, in verify_tool\n    stage_data_in_history(\n  File \"/opt/hostedtoolcache/Python/3.12.12/x64/lib/python3.12/site-packages/galaxy/tool_util/verify/interactor.py\", line 175, in stage_data_in_history\n    staging_interface.handle_jobs()\n  File \"/opt/hostedtoolcache/Python/3.12.12/x64/lib/python3.12/site-packages/galaxy/tool_util/verify/interactor.py\", line 212, in handle_jobs\n    self.galaxy_interactor.wait_for_job(job_response[\"id\"], job_response[\"history_id\"], self.maxseconds)\n  File \"/opt/hostedtoolcache/Python/3.12.12/x64/lib/python3.12/site-packages/galaxy/tool_util/verify/interactor.py\", line 399, in wait_for_job\n    self.wait_for(lambda: self.__job_ready(job_id, history_id), maxseconds=maxseconds)\n  File \"/opt/hostedtoolcache/Python/3.12.12/x64/lib/python3.12/site-packages/galaxy/tool_util/verify/interactor.py\", line 403, in wait_for\n    wait_on(func, what, walltime_exceeded)\n  File \"/opt/hostedtoolcache/Python/3.12.12/x64/lib/python3.12/site-packages/galaxy/tool_util/verify/wait.py\", line 38, in wait_on\n    value = function()\n            ^^^^^^^^^^\n  File \"/opt/hostedtoolcache/Python/3.12.12/x64/lib/python3.12/site-packages/galaxy/tool_util/verify/interactor.py\", line 399, in \u003clambda\u003e\n    self.wait_for(lambda: self.__job_ready(job_id, history_id), maxseconds=maxseconds)\n                          ^^^^^^^^^^^^^^^^^^^^^^^^^^^^^^^^^^^^\n  File \"/opt/hostedtoolcache/Python/3.12.12/x64/lib/python3.12/site-packages/galaxy/tool_util/verify/interactor.py\", line 749, in __job_ready\n    return self._state_ready(job_id, error_msg=\"Job in error state.\")\n           ^^^^^^^^^^^^^^^^^^^^^^^^^^^^^^^^^^^^^^^^^^^^^^^^^^^^^^^^^^\n  File \"/opt/hostedtoolcache/Python/3.12.12/x64/lib/python3.12/site-packages/galaxy/tool_util/verify/interactor.py\", line 841, in _state_ready\n    raise Exception(\nException: Job in error state.. tool_id: __DATA_FETCH__, exit_code: None, stderr: .\n", "status": "error", "test_index": 0, "time_seconds": 21.47710919380188, "tool_id": "bcftools_plugin_impute_info", "tool_version": "1.22+galaxy0"}
            ]]></error>
        
    </testcase>
    
    <testcase classname="bcftools_query (Test #1)" name="0" time="66.27378106117249">
        
            
            <system-out><![CDATA[
            
            ]]></system-out>
            <system-err><![CDATA[
            
            ]]></system-err>
        
    </testcase>
    
    <testcase classname="bcftools_query (Test #2)" name="1" time="30.13882327079773">
        
            
            <system-out><![CDATA[
            
            ]]></system-out>
            <system-err><![CDATA[
            
            ]]></system-err>
        
    </testcase>
    
    <testcase classname="deeptools_multi_bam_summary (Test #1)" name="0" time="45.68622398376465">
        
            
            <system-out><![CDATA[
            
            ]]></system-out>
            <system-err><![CDATA[
            Number of bins found: 1657
            ]]></system-err>
        
    </testcase>
    
    <testcase classname="deeptools_multi_bam_summary (Test #2)" name="1" time="32.50266623497009">
        
            
            <system-out><![CDATA[
            
            ]]></system-out>
            <system-err><![CDATA[
            Number of bins found: 3
            ]]></system-err>
        
    </testcase>
    
    <testcase classname="fastq_manipulation (Test #1)" name="0" time="0.09628558158874512">
        
            <error type="error" message="Input staging problem: Traceback (most recent call last):
  File "/opt/hostedtoolcache/Python/3.12.12/x64/lib/python3.12/site-packages/galaxy/tool_util/verify/interactor.py", line 1436, in verify_tool
    stage_data_in_history(
  File "/opt/hostedtoolcache/Python/3.12.12/x64/lib/python3.12/site-packages/galaxy/tool_util/verify/interactor.py", line 163, in stage_data_in_history
    test_dict = galaxy_interactor.remote_to_input(
                ^^^^^^^^^^^^^^^^^^^^^^^^^^^^^^^^^^
  File "/opt/hostedtoolcache/Python/3.12.12/x64/lib/python3.12/site-packages/galaxy/tool_util/verify/interactor.py", line 582, in remote_to_input
    path_or_location = self._get_path_or_location(
                       ^^^^^^^^^^^^^^^^^^^^^^^^^^^
  File "/opt/hostedtoolcache/Python/3.12.12/x64/lib/python3.12/site-packages/galaxy/tool_util/verify/interactor.py", line 619, in _get_path_or_location
    path = self.test_data_download(
           ^^^^^^^^^^^^^^^^^^^^^^^^
  File "/opt/hostedtoolcache/Python/3.12.12/x64/lib/python3.12/site-packages/galaxy/tool_util/verify/interactor.py", line 525, in test_data_download
    raise AssertionError(f"Test input file ({filename}) cannot be found.")
AssertionError: Test input file (sanger_full_range_original_sanger.fastqsanger) cannot be found.
"><![CDATA[
                { "execution_problem": "Input staging problem: Traceback (most recent call last):\n  File \"/opt/hostedtoolcache/Python/3.12.12/x64/lib/python3.12/site-packages/galaxy/tool_util/verify/interactor.py\", line 1436, in verify_tool\n    stage_data_in_history(\n  File \"/opt/hostedtoolcache/Python/3.12.12/x64/lib/python3.12/site-packages/galaxy/tool_util/verify/interactor.py\", line 163, in stage_data_in_history\n    test_dict = galaxy_interactor.remote_to_input(\n                ^^^^^^^^^^^^^^^^^^^^^^^^^^^^^^^^^^\n  File \"/opt/hostedtoolcache/Python/3.12.12/x64/lib/python3.12/site-packages/galaxy/tool_util/verify/interactor.py\", line 582, in remote_to_input\n    path_or_location = self._get_path_or_location(\n                       ^^^^^^^^^^^^^^^^^^^^^^^^^^^\n  File \"/opt/hostedtoolcache/Python/3.12.12/x64/lib/python3.12/site-packages/galaxy/tool_util/verify/interactor.py\", line 619, in _get_path_or_location\n    path = self.test_data_download(\n           ^^^^^^^^^^^^^^^^^^^^^^^^\n  File \"/opt/hostedtoolcache/Python/3.12.12/x64/lib/python3.12/site-packages/galaxy/tool_util/verify/interactor.py\", line 525, in test_data_download\n    raise AssertionError(f\"Test input file ({filename}) cannot be found.\")\nAssertionError: Test input file (sanger_full_range_original_sanger.fastqsanger) cannot be found.\n", "status": "error", "test_index": 0, "time_seconds": 0.09628558158874512, "tool_id": "fastq_manipulation", "tool_version": "1.1.5+galaxy2"}
            ]]></error>
        
    </testcase>
    
    <testcase classname="fastq_manipulation (Test #2)" name="1" time="0.051545143127441406">
        
            <error type="error" message="Input staging problem: Traceback (most recent call last):
  File "/opt/hostedtoolcache/Python/3.12.12/x64/lib/python3.12/site-packages/galaxy/tool_util/verify/interactor.py", line 1436, in verify_tool
    stage_data_in_history(
  File "/opt/hostedtoolcache/Python/3.12.12/x64/lib/python3.12/site-packages/galaxy/tool_util/verify/interactor.py", line 163, in stage_data_in_history
    test_dict = galaxy_interactor.remote_to_input(
                ^^^^^^^^^^^^^^^^^^^^^^^^^^^^^^^^^^
  File "/opt/hostedtoolcache/Python/3.12.12/x64/lib/python3.12/site-packages/galaxy/tool_util/verify/interactor.py", line 582, in remote_to_input
    path_or_location = self._get_path_or_location(
                       ^^^^^^^^^^^^^^^^^^^^^^^^^^^
  File "/opt/hostedtoolcache/Python/3.12.12/x64/lib/python3.12/site-packages/galaxy/tool_util/verify/interactor.py", line 619, in _get_path_or_location
    path = self.test_data_download(
           ^^^^^^^^^^^^^^^^^^^^^^^^
  File "/opt/hostedtoolcache/Python/3.12.12/x64/lib/python3.12/site-packages/galaxy/tool_util/verify/interactor.py", line 525, in test_data_download
    raise AssertionError(f"Test input file ({filename}) cannot be found.")
AssertionError: Test input file (sanger_full_range_original_sanger.fastqsanger) cannot be found.
"><![CDATA[
                { "execution_problem": "Input staging problem: Traceback (most recent call last):\n  File \"/opt/hostedtoolcache/Python/3.12.12/x64/lib/python3.12/site-packages/galaxy/tool_util/verify/interactor.py\", line 1436, in verify_tool\n    stage_data_in_history(\n  File \"/opt/hostedtoolcache/Python/3.12.12/x64/lib/python3.12/site-packages/galaxy/tool_util/verify/interactor.py\", line 163, in stage_data_in_history\n    test_dict = galaxy_interactor.remote_to_input(\n                ^^^^^^^^^^^^^^^^^^^^^^^^^^^^^^^^^^\n  File \"/opt/hostedtoolcache/Python/3.12.12/x64/lib/python3.12/site-packages/galaxy/tool_util/verify/interactor.py\", line 582, in remote_to_input\n    path_or_location = self._get_path_or_location(\n                       ^^^^^^^^^^^^^^^^^^^^^^^^^^^\n  File \"/opt/hostedtoolcache/Python/3.12.12/x64/lib/python3.12/site-packages/galaxy/tool_util/verify/interactor.py\", line 619, in _get_path_or_location\n    path = self.test_data_download(\n           ^^^^^^^^^^^^^^^^^^^^^^^^\n  File \"/opt/hostedtoolcache/Python/3.12.12/x64/lib/python3.12/site-packages/galaxy/tool_util/verify/interactor.py\", line 525, in test_data_download\n    raise AssertionError(f\"Test input file ({filename}) cannot be found.\")\nAssertionError: Test input file (sanger_full_range_original_sanger.fastqsanger) cannot be found.\n", "status": "error", "test_index": 1, "time_seconds": 0.051545143127441406, "tool_id": "fastq_manipulation", "tool_version": "1.1.5+galaxy2"}
            ]]></error>
        
    </testcase>
    
    <testcase classname="fastq_manipulation (Test #11)" name="10" time="0.05029916763305664">
        
            <error type="error" message="Input staging problem: Traceback (most recent call last):
  File "/opt/hostedtoolcache/Python/3.12.12/x64/lib/python3.12/site-packages/galaxy/tool_util/verify/interactor.py", line 1436, in verify_tool
    stage_data_in_history(
  File "/opt/hostedtoolcache/Python/3.12.12/x64/lib/python3.12/site-packages/galaxy/tool_util/verify/interactor.py", line 163, in stage_data_in_history
    test_dict = galaxy_interactor.remote_to_input(
                ^^^^^^^^^^^^^^^^^^^^^^^^^^^^^^^^^^
  File "/opt/hostedtoolcache/Python/3.12.12/x64/lib/python3.12/site-packages/galaxy/tool_util/verify/interactor.py", line 582, in remote_to_input
    path_or_location = self._get_path_or_location(
                       ^^^^^^^^^^^^^^^^^^^^^^^^^^^
  File "/opt/hostedtoolcache/Python/3.12.12/x64/lib/python3.12/site-packages/galaxy/tool_util/verify/interactor.py", line 619, in _get_path_or_location
    path = self.test_data_download(
           ^^^^^^^^^^^^^^^^^^^^^^^^
  File "/opt/hostedtoolcache/Python/3.12.12/x64/lib/python3.12/site-packages/galaxy/tool_util/verify/interactor.py", line 525, in test_data_download
    raise AssertionError(f"Test input file ({filename}) cannot be found.")
AssertionError: Test input file (sanger_full_range_rev_comp_1_seq.fastqsanger) cannot be found.
"><![CDATA[
                { "execution_problem": "Input staging problem: Traceback (most recent call last):\n  File \"/opt/hostedtoolcache/Python/3.12.12/x64/lib/python3.12/site-packages/galaxy/tool_util/verify/interactor.py\", line 1436, in verify_tool\n    stage_data_in_history(\n  File \"/opt/hostedtoolcache/Python/3.12.12/x64/lib/python3.12/site-packages/galaxy/tool_util/verify/interactor.py\", line 163, in stage_data_in_history\n    test_dict = galaxy_interactor.remote_to_input(\n                ^^^^^^^^^^^^^^^^^^^^^^^^^^^^^^^^^^\n  File \"/opt/hostedtoolcache/Python/3.12.12/x64/lib/python3.12/site-packages/galaxy/tool_util/verify/interactor.py\", line 582, in remote_to_input\n    path_or_location = self._get_path_or_location(\n                       ^^^^^^^^^^^^^^^^^^^^^^^^^^^\n  File \"/opt/hostedtoolcache/Python/3.12.12/x64/lib/python3.12/site-packages/galaxy/tool_util/verify/interactor.py\", line 619, in _get_path_or_location\n    path = self.test_data_download(\n           ^^^^^^^^^^^^^^^^^^^^^^^^\n  File \"/opt/hostedtoolcache/Python/3.12.12/x64/lib/python3.12/site-packages/galaxy/tool_util/verify/interactor.py\", line 525, in test_data_download\n    raise AssertionError(f\"Test input file ({filename}) cannot be found.\")\nAssertionError: Test input file (sanger_full_range_rev_comp_1_seq.fastqsanger) cannot be found.\n", "status": "error", "test_index": 10, "time_seconds": 0.05029916763305664, "tool_id": "fastq_manipulation", "tool_version": "1.1.5+galaxy2"}
            ]]></error>
        
    </testcase>
    
    <testcase classname="fastq_manipulation (Test #12)" name="11" time="0.052565574645996094">
        
            <error type="error" message="Input staging problem: Traceback (most recent call last):
  File "/opt/hostedtoolcache/Python/3.12.12/x64/lib/python3.12/site-packages/galaxy/tool_util/verify/interactor.py", line 1436, in verify_tool
    stage_data_in_history(
  File "/opt/hostedtoolcache/Python/3.12.12/x64/lib/python3.12/site-packages/galaxy/tool_util/verify/interactor.py", line 163, in stage_data_in_history
    test_dict = galaxy_interactor.remote_to_input(
                ^^^^^^^^^^^^^^^^^^^^^^^^^^^^^^^^^^
  File "/opt/hostedtoolcache/Python/3.12.12/x64/lib/python3.12/site-packages/galaxy/tool_util/verify/interactor.py", line 582, in remote_to_input
    path_or_location = self._get_path_or_location(
                       ^^^^^^^^^^^^^^^^^^^^^^^^^^^
  File "/opt/hostedtoolcache/Python/3.12.12/x64/lib/python3.12/site-packages/galaxy/tool_util/verify/interactor.py", line 619, in _get_path_or_location
    path = self.test_data_download(
           ^^^^^^^^^^^^^^^^^^^^^^^^
  File "/opt/hostedtoolcache/Python/3.12.12/x64/lib/python3.12/site-packages/galaxy/tool_util/verify/interactor.py", line 525, in test_data_download
    raise AssertionError(f"Test input file ({filename}) cannot be found.")
AssertionError: Test input file (sanger_full_range_original_sanger.fastqsanger) cannot be found.
"><![CDATA[
                { "execution_problem": "Input staging problem: Traceback (most recent call last):\n  File \"/opt/hostedtoolcache/Python/3.12.12/x64/lib/python3.12/site-packages/galaxy/tool_util/verify/interactor.py\", line 1436, in verify_tool\n    stage_data_in_history(\n  File \"/opt/hostedtoolcache/Python/3.12.12/x64/lib/python3.12/site-packages/galaxy/tool_util/verify/interactor.py\", line 163, in stage_data_in_history\n    test_dict = galaxy_interactor.remote_to_input(\n                ^^^^^^^^^^^^^^^^^^^^^^^^^^^^^^^^^^\n  File \"/opt/hostedtoolcache/Python/3.12.12/x64/lib/python3.12/site-packages/galaxy/tool_util/verify/interactor.py\", line 582, in remote_to_input\n    path_or_location = self._get_path_or_location(\n                       ^^^^^^^^^^^^^^^^^^^^^^^^^^^\n  File \"/opt/hostedtoolcache/Python/3.12.12/x64/lib/python3.12/site-packages/galaxy/tool_util/verify/interactor.py\", line 619, in _get_path_or_location\n    path = self.test_data_download(\n           ^^^^^^^^^^^^^^^^^^^^^^^^\n  File \"/opt/hostedtoolcache/Python/3.12.12/x64/lib/python3.12/site-packages/galaxy/tool_util/verify/interactor.py\", line 525, in test_data_download\n    raise AssertionError(f\"Test input file ({filename}) cannot be found.\")\nAssertionError: Test input file (sanger_full_range_original_sanger.fastqsanger) cannot be found.\n", "status": "error", "test_index": 11, "time_seconds": 0.052565574645996094, "tool_id": "fastq_manipulation", "tool_version": "1.1.5+galaxy2"}
            ]]></error>
        
    </testcase>
    
    <testcase classname="fastq_manipulation (Test #13)" name="12" time="0.05180811882019043">
        
            <error type="error" message="Input staging problem: Traceback (most recent call last):
  File "/opt/hostedtoolcache/Python/3.12.12/x64/lib/python3.12/site-packages/galaxy/tool_util/verify/interactor.py", line 1436, in verify_tool
    stage_data_in_history(
  File "/opt/hostedtoolcache/Python/3.12.12/x64/lib/python3.12/site-packages/galaxy/tool_util/verify/interactor.py", line 163, in stage_data_in_history
    test_dict = galaxy_interactor.remote_to_input(
                ^^^^^^^^^^^^^^^^^^^^^^^^^^^^^^^^^^
  File "/opt/hostedtoolcache/Python/3.12.12/x64/lib/python3.12/site-packages/galaxy/tool_util/verify/interactor.py", line 582, in remote_to_input
    path_or_location = self._get_path_or_location(
                       ^^^^^^^^^^^^^^^^^^^^^^^^^^^
  File "/opt/hostedtoolcache/Python/3.12.12/x64/lib/python3.12/site-packages/galaxy/tool_util/verify/interactor.py", line 619, in _get_path_or_location
    path = self.test_data_download(
           ^^^^^^^^^^^^^^^^^^^^^^^^
  File "/opt/hostedtoolcache/Python/3.12.12/x64/lib/python3.12/site-packages/galaxy/tool_util/verify/interactor.py", line 525, in test_data_download
    raise AssertionError(f"Test input file ({filename}) cannot be found.")
AssertionError: Test input file (sanger_full_range_as_rna.fastqsanger) cannot be found.
"><![CDATA[
                { "execution_problem": "Input staging problem: Traceback (most recent call last):\n  File \"/opt/hostedtoolcache/Python/3.12.12/x64/lib/python3.12/site-packages/galaxy/tool_util/verify/interactor.py\", line 1436, in verify_tool\n    stage_data_in_history(\n  File \"/opt/hostedtoolcache/Python/3.12.12/x64/lib/python3.12/site-packages/galaxy/tool_util/verify/interactor.py\", line 163, in stage_data_in_history\n    test_dict = galaxy_interactor.remote_to_input(\n                ^^^^^^^^^^^^^^^^^^^^^^^^^^^^^^^^^^\n  File \"/opt/hostedtoolcache/Python/3.12.12/x64/lib/python3.12/site-packages/galaxy/tool_util/verify/interactor.py\", line 582, in remote_to_input\n    path_or_location = self._get_path_or_location(\n                       ^^^^^^^^^^^^^^^^^^^^^^^^^^^\n  File \"/opt/hostedtoolcache/Python/3.12.12/x64/lib/python3.12/site-packages/galaxy/tool_util/verify/interactor.py\", line 619, in _get_path_or_location\n    path = self.test_data_download(\n           ^^^^^^^^^^^^^^^^^^^^^^^^\n  File \"/opt/hostedtoolcache/Python/3.12.12/x64/lib/python3.12/site-packages/galaxy/tool_util/verify/interactor.py\", line 525, in test_data_download\n    raise AssertionError(f\"Test input file ({filename}) cannot be found.\")\nAssertionError: Test input file (sanger_full_range_as_rna.fastqsanger) cannot be found.\n", "status": "error", "test_index": 12, "time_seconds": 0.05180811882019043, "tool_id": "fastq_manipulation", "tool_version": "1.1.5+galaxy2"}
            ]]></error>
        
    </testcase>
    
    <testcase classname="fastq_manipulation (Test #14)" name="13" time="0.05099010467529297">
        
            <error type="error" message="Input staging problem: Traceback (most recent call last):
  File "/opt/hostedtoolcache/Python/3.12.12/x64/lib/python3.12/site-packages/galaxy/tool_util/verify/interactor.py", line 1436, in verify_tool
    stage_data_in_history(
  File "/opt/hostedtoolcache/Python/3.12.12/x64/lib/python3.12/site-packages/galaxy/tool_util/verify/interactor.py", line 163, in stage_data_in_history
    test_dict = galaxy_interactor.remote_to_input(
                ^^^^^^^^^^^^^^^^^^^^^^^^^^^^^^^^^^
  File "/opt/hostedtoolcache/Python/3.12.12/x64/lib/python3.12/site-packages/galaxy/tool_util/verify/interactor.py", line 582, in remote_to_input
    path_or_location = self._get_path_or_location(
                       ^^^^^^^^^^^^^^^^^^^^^^^^^^^
  File "/opt/hostedtoolcache/Python/3.12.12/x64/lib/python3.12/site-packages/galaxy/tool_util/verify/interactor.py", line 619, in _get_path_or_location
    path = self.test_data_download(
           ^^^^^^^^^^^^^^^^^^^^^^^^
  File "/opt/hostedtoolcache/Python/3.12.12/x64/lib/python3.12/site-packages/galaxy/tool_util/verify/interactor.py", line 525, in test_data_download
    raise AssertionError(f"Test input file ({filename}) cannot be found.")
AssertionError: Test input file (sanger_full_range_as_rna.fastqsanger.gz) cannot be found.
"><![CDATA[
                { "execution_problem": "Input staging problem: Traceback (most recent call last):\n  File \"/opt/hostedtoolcache/Python/3.12.12/x64/lib/python3.12/site-packages/galaxy/tool_util/verify/interactor.py\", line 1436, in verify_tool\n    stage_data_in_history(\n  File \"/opt/hostedtoolcache/Python/3.12.12/x64/lib/python3.12/site-packages/galaxy/tool_util/verify/interactor.py\", line 163, in stage_data_in_history\n    test_dict = galaxy_interactor.remote_to_input(\n                ^^^^^^^^^^^^^^^^^^^^^^^^^^^^^^^^^^\n  File \"/opt/hostedtoolcache/Python/3.12.12/x64/lib/python3.12/site-packages/galaxy/tool_util/verify/interactor.py\", line 582, in remote_to_input\n    path_or_location = self._get_path_or_location(\n                       ^^^^^^^^^^^^^^^^^^^^^^^^^^^\n  File \"/opt/hostedtoolcache/Python/3.12.12/x64/lib/python3.12/site-packages/galaxy/tool_util/verify/interactor.py\", line 619, in _get_path_or_location\n    path = self.test_data_download(\n           ^^^^^^^^^^^^^^^^^^^^^^^^\n  File \"/opt/hostedtoolcache/Python/3.12.12/x64/lib/python3.12/site-packages/galaxy/tool_util/verify/interactor.py\", line 525, in test_data_download\n    raise AssertionError(f\"Test input file ({filename}) cannot be found.\")\nAssertionError: Test input file (sanger_full_range_as_rna.fastqsanger.gz) cannot be found.\n", "status": "error", "test_index": 13, "time_seconds": 0.05099010467529297, "tool_id": "fastq_manipulation", "tool_version": "1.1.5+galaxy2"}
            ]]></error>
        
    </testcase>
    
    <testcase classname="fastq_manipulation (Test #15)" name="14" time="0.05088496208190918">
        
            <error type="error" message="Input staging problem: Traceback (most recent call last):
  File "/opt/hostedtoolcache/Python/3.12.12/x64/lib/python3.12/site-packages/galaxy/tool_util/verify/interactor.py", line 1436, in verify_tool
    stage_data_in_history(
  File "/opt/hostedtoolcache/Python/3.12.12/x64/lib/python3.12/site-packages/galaxy/tool_util/verify/interactor.py", line 163, in stage_data_in_history
    test_dict = galaxy_interactor.remote_to_input(
                ^^^^^^^^^^^^^^^^^^^^^^^^^^^^^^^^^^
  File "/opt/hostedtoolcache/Python/3.12.12/x64/lib/python3.12/site-packages/galaxy/tool_util/verify/interactor.py", line 582, in remote_to_input
    path_or_location = self._get_path_or_location(
                       ^^^^^^^^^^^^^^^^^^^^^^^^^^^
  File "/opt/hostedtoolcache/Python/3.12.12/x64/lib/python3.12/site-packages/galaxy/tool_util/verify/interactor.py", line 619, in _get_path_or_location
    path = self.test_data_download(
           ^^^^^^^^^^^^^^^^^^^^^^^^
  File "/opt/hostedtoolcache/Python/3.12.12/x64/lib/python3.12/site-packages/galaxy/tool_util/verify/interactor.py", line 525, in test_data_download
    raise AssertionError(f"Test input file ({filename}) cannot be found.")
AssertionError: Test input file (sanger_full_range_as_rna.fastqsanger.bz2) cannot be found.
"><![CDATA[
                { "execution_problem": "Input staging problem: Traceback (most recent call last):\n  File \"/opt/hostedtoolcache/Python/3.12.12/x64/lib/python3.12/site-packages/galaxy/tool_util/verify/interactor.py\", line 1436, in verify_tool\n    stage_data_in_history(\n  File \"/opt/hostedtoolcache/Python/3.12.12/x64/lib/python3.12/site-packages/galaxy/tool_util/verify/interactor.py\", line 163, in stage_data_in_history\n    test_dict = galaxy_interactor.remote_to_input(\n                ^^^^^^^^^^^^^^^^^^^^^^^^^^^^^^^^^^\n  File \"/opt/hostedtoolcache/Python/3.12.12/x64/lib/python3.12/site-packages/galaxy/tool_util/verify/interactor.py\", line 582, in remote_to_input\n    path_or_location = self._get_path_or_location(\n                       ^^^^^^^^^^^^^^^^^^^^^^^^^^^\n  File \"/opt/hostedtoolcache/Python/3.12.12/x64/lib/python3.12/site-packages/galaxy/tool_util/verify/interactor.py\", line 619, in _get_path_or_location\n    path = self.test_data_download(\n           ^^^^^^^^^^^^^^^^^^^^^^^^\n  File \"/opt/hostedtoolcache/Python/3.12.12/x64/lib/python3.12/site-packages/galaxy/tool_util/verify/interactor.py\", line 525, in test_data_download\n    raise AssertionError(f\"Test input file ({filename}) cannot be found.\")\nAssertionError: Test input file (sanger_full_range_as_rna.fastqsanger.bz2) cannot be found.\n", "status": "error", "test_index": 14, "time_seconds": 0.05088496208190918, "tool_id": "fastq_manipulation", "tool_version": "1.1.5+galaxy2"}
            ]]></error>
        
    </testcase>
    
    <testcase classname="fastq_manipulation (Test #3)" name="2" time="0.05261850357055664">
        
            <error type="error" message="Input staging problem: Traceback (most recent call last):
  File "/opt/hostedtoolcache/Python/3.12.12/x64/lib/python3.12/site-packages/galaxy/tool_util/verify/interactor.py", line 1436, in verify_tool
    stage_data_in_history(
  File "/opt/hostedtoolcache/Python/3.12.12/x64/lib/python3.12/site-packages/galaxy/tool_util/verify/interactor.py", line 163, in stage_data_in_history
    test_dict = galaxy_interactor.remote_to_input(
                ^^^^^^^^^^^^^^^^^^^^^^^^^^^^^^^^^^
  File "/opt/hostedtoolcache/Python/3.12.12/x64/lib/python3.12/site-packages/galaxy/tool_util/verify/interactor.py", line 582, in remote_to_input
    path_or_location = self._get_path_or_location(
                       ^^^^^^^^^^^^^^^^^^^^^^^^^^^
  File "/opt/hostedtoolcache/Python/3.12.12/x64/lib/python3.12/site-packages/galaxy/tool_util/verify/interactor.py", line 619, in _get_path_or_location
    path = self.test_data_download(
           ^^^^^^^^^^^^^^^^^^^^^^^^
  File "/opt/hostedtoolcache/Python/3.12.12/x64/lib/python3.12/site-packages/galaxy/tool_util/verify/interactor.py", line 525, in test_data_download
    raise AssertionError(f"Test input file ({filename}) cannot be found.")
AssertionError: Test input file (sanger_full_range_original_sanger.fastqsanger) cannot be found.
"><![CDATA[
                { "execution_problem": "Input staging problem: Traceback (most recent call last):\n  File \"/opt/hostedtoolcache/Python/3.12.12/x64/lib/python3.12/site-packages/galaxy/tool_util/verify/interactor.py\", line 1436, in verify_tool\n    stage_data_in_history(\n  File \"/opt/hostedtoolcache/Python/3.12.12/x64/lib/python3.12/site-packages/galaxy/tool_util/verify/interactor.py\", line 163, in stage_data_in_history\n    test_dict = galaxy_interactor.remote_to_input(\n                ^^^^^^^^^^^^^^^^^^^^^^^^^^^^^^^^^^\n  File \"/opt/hostedtoolcache/Python/3.12.12/x64/lib/python3.12/site-packages/galaxy/tool_util/verify/interactor.py\", line 582, in remote_to_input\n    path_or_location = self._get_path_or_location(\n                       ^^^^^^^^^^^^^^^^^^^^^^^^^^^\n  File \"/opt/hostedtoolcache/Python/3.12.12/x64/lib/python3.12/site-packages/galaxy/tool_util/verify/interactor.py\", line 619, in _get_path_or_location\n    path = self.test_data_download(\n           ^^^^^^^^^^^^^^^^^^^^^^^^\n  File \"/opt/hostedtoolcache/Python/3.12.12/x64/lib/python3.12/site-packages/galaxy/tool_util/verify/interactor.py\", line 525, in test_data_download\n    raise AssertionError(f\"Test input file ({filename}) cannot be found.\")\nAssertionError: Test input file (sanger_full_range_original_sanger.fastqsanger) cannot be found.\n", "status": "error", "test_index": 2, "time_seconds": 0.05261850357055664, "tool_id": "fastq_manipulation", "tool_version": "1.1.5+galaxy2"}
            ]]></error>
        
    </testcase>
    
    <testcase classname="fastq_manipulation (Test #4)" name="3" time="0.05042219161987305">
        
            <error type="error" message="Input staging problem: Traceback (most recent call last):
  File "/opt/hostedtoolcache/Python/3.12.12/x64/lib/python3.12/site-packages/galaxy/tool_util/verify/interactor.py", line 1436, in verify_tool
    stage_data_in_history(
  File "/opt/hostedtoolcache/Python/3.12.12/x64/lib/python3.12/site-packages/galaxy/tool_util/verify/interactor.py", line 163, in stage_data_in_history
    test_dict = galaxy_interactor.remote_to_input(
                ^^^^^^^^^^^^^^^^^^^^^^^^^^^^^^^^^^
  File "/opt/hostedtoolcache/Python/3.12.12/x64/lib/python3.12/site-packages/galaxy/tool_util/verify/interactor.py", line 582, in remote_to_input
    path_or_location = self._get_path_or_location(
                       ^^^^^^^^^^^^^^^^^^^^^^^^^^^
  File "/opt/hostedtoolcache/Python/3.12.12/x64/lib/python3.12/site-packages/galaxy/tool_util/verify/interactor.py", line 619, in _get_path_or_location
    path = self.test_data_download(
           ^^^^^^^^^^^^^^^^^^^^^^^^
  File "/opt/hostedtoolcache/Python/3.12.12/x64/lib/python3.12/site-packages/galaxy/tool_util/verify/interactor.py", line 525, in test_data_download
    raise AssertionError(f"Test input file ({filename}) cannot be found.")
AssertionError: Test input file (sanger_full_range_original_sanger.fastqsanger) cannot be found.
"><![CDATA[
                { "execution_problem": "Input staging problem: Traceback (most recent call last):\n  File \"/opt/hostedtoolcache/Python/3.12.12/x64/lib/python3.12/site-packages/galaxy/tool_util/verify/interactor.py\", line 1436, in verify_tool\n    stage_data_in_history(\n  File \"/opt/hostedtoolcache/Python/3.12.12/x64/lib/python3.12/site-packages/galaxy/tool_util/verify/interactor.py\", line 163, in stage_data_in_history\n    test_dict = galaxy_interactor.remote_to_input(\n                ^^^^^^^^^^^^^^^^^^^^^^^^^^^^^^^^^^\n  File \"/opt/hostedtoolcache/Python/3.12.12/x64/lib/python3.12/site-packages/galaxy/tool_util/verify/interactor.py\", line 582, in remote_to_input\n    path_or_location = self._get_path_or_location(\n                       ^^^^^^^^^^^^^^^^^^^^^^^^^^^\n  File \"/opt/hostedtoolcache/Python/3.12.12/x64/lib/python3.12/site-packages/galaxy/tool_util/verify/interactor.py\", line 619, in _get_path_or_location\n    path = self.test_data_download(\n           ^^^^^^^^^^^^^^^^^^^^^^^^\n  File \"/opt/hostedtoolcache/Python/3.12.12/x64/lib/python3.12/site-packages/galaxy/tool_util/verify/interactor.py\", line 525, in test_data_download\n    raise AssertionError(f\"Test input file ({filename}) cannot be found.\")\nAssertionError: Test input file (sanger_full_range_original_sanger.fastqsanger) cannot be found.\n", "status": "error", "test_index": 3, "time_seconds": 0.05042219161987305, "tool_id": "fastq_manipulation", "tool_version": "1.1.5+galaxy2"}
            ]]></error>
        
    </testcase>
    
    <testcase classname="fastq_manipulation (Test #5)" name="4" time="0.05120992660522461">
        
            <error type="error" message="Input staging problem: Traceback (most recent call last):
  File "/opt/hostedtoolcache/Python/3.12.12/x64/lib/python3.12/site-packages/galaxy/tool_util/verify/interactor.py", line 1436, in verify_tool
    stage_data_in_history(
  File "/opt/hostedtoolcache/Python/3.12.12/x64/lib/python3.12/site-packages/galaxy/tool_util/verify/interactor.py", line 163, in stage_data_in_history
    test_dict = galaxy_interactor.remote_to_input(
                ^^^^^^^^^^^^^^^^^^^^^^^^^^^^^^^^^^
  File "/opt/hostedtoolcache/Python/3.12.12/x64/lib/python3.12/site-packages/galaxy/tool_util/verify/interactor.py", line 582, in remote_to_input
    path_or_location = self._get_path_or_location(
                       ^^^^^^^^^^^^^^^^^^^^^^^^^^^
  File "/opt/hostedtoolcache/Python/3.12.12/x64/lib/python3.12/site-packages/galaxy/tool_util/verify/interactor.py", line 619, in _get_path_or_location
    path = self.test_data_download(
           ^^^^^^^^^^^^^^^^^^^^^^^^
  File "/opt/hostedtoolcache/Python/3.12.12/x64/lib/python3.12/site-packages/galaxy/tool_util/verify/interactor.py", line 525, in test_data_download
    raise AssertionError(f"Test input file ({filename}) cannot be found.")
AssertionError: Test input file (sanger_full_range_original_sanger.fastqsanger) cannot be found.
"><![CDATA[
                { "execution_problem": "Input staging problem: Traceback (most recent call last):\n  File \"/opt/hostedtoolcache/Python/3.12.12/x64/lib/python3.12/site-packages/galaxy/tool_util/verify/interactor.py\", line 1436, in verify_tool\n    stage_data_in_history(\n  File \"/opt/hostedtoolcache/Python/3.12.12/x64/lib/python3.12/site-packages/galaxy/tool_util/verify/interactor.py\", line 163, in stage_data_in_history\n    test_dict = galaxy_interactor.remote_to_input(\n                ^^^^^^^^^^^^^^^^^^^^^^^^^^^^^^^^^^\n  File \"/opt/hostedtoolcache/Python/3.12.12/x64/lib/python3.12/site-packages/galaxy/tool_util/verify/interactor.py\", line 582, in remote_to_input\n    path_or_location = self._get_path_or_location(\n                       ^^^^^^^^^^^^^^^^^^^^^^^^^^^\n  File \"/opt/hostedtoolcache/Python/3.12.12/x64/lib/python3.12/site-packages/galaxy/tool_util/verify/interactor.py\", line 619, in _get_path_or_location\n    path = self.test_data_download(\n           ^^^^^^^^^^^^^^^^^^^^^^^^\n  File \"/opt/hostedtoolcache/Python/3.12.12/x64/lib/python3.12/site-packages/galaxy/tool_util/verify/interactor.py\", line 525, in test_data_download\n    raise AssertionError(f\"Test input file ({filename}) cannot be found.\")\nAssertionError: Test input file (sanger_full_range_original_sanger.fastqsanger) cannot be found.\n", "status": "error", "test_index": 4, "time_seconds": 0.05120992660522461, "tool_id": "fastq_manipulation", "tool_version": "1.1.5+galaxy2"}
            ]]></error>
        
    </testcase>
    
    <testcase classname="fastq_manipulation (Test #6)" name="5" time="0.05186176300048828">
        
            <error type="error" message="Input staging problem: Traceback (most recent call last):
  File "/opt/hostedtoolcache/Python/3.12.12/x64/lib/python3.12/site-packages/galaxy/tool_util/verify/interactor.py", line 1436, in verify_tool
    stage_data_in_history(
  File "/opt/hostedtoolcache/Python/3.12.12/x64/lib/python3.12/site-packages/galaxy/tool_util/verify/interactor.py", line 163, in stage_data_in_history
    test_dict = galaxy_interactor.remote_to_input(
                ^^^^^^^^^^^^^^^^^^^^^^^^^^^^^^^^^^
  File "/opt/hostedtoolcache/Python/3.12.12/x64/lib/python3.12/site-packages/galaxy/tool_util/verify/interactor.py", line 582, in remote_to_input
    path_or_location = self._get_path_or_location(
                       ^^^^^^^^^^^^^^^^^^^^^^^^^^^
  File "/opt/hostedtoolcache/Python/3.12.12/x64/lib/python3.12/site-packages/galaxy/tool_util/verify/interactor.py", line 619, in _get_path_or_location
    path = self.test_data_download(
           ^^^^^^^^^^^^^^^^^^^^^^^^
  File "/opt/hostedtoolcache/Python/3.12.12/x64/lib/python3.12/site-packages/galaxy/tool_util/verify/interactor.py", line 525, in test_data_download
    raise AssertionError(f"Test input file ({filename}) cannot be found.")
AssertionError: Test input file (sanger_full_range_original_sanger.fastqsanger) cannot be found.
"><![CDATA[
                { "execution_problem": "Input staging problem: Traceback (most recent call last):\n  File \"/opt/hostedtoolcache/Python/3.12.12/x64/lib/python3.12/site-packages/galaxy/tool_util/verify/interactor.py\", line 1436, in verify_tool\n    stage_data_in_history(\n  File \"/opt/hostedtoolcache/Python/3.12.12/x64/lib/python3.12/site-packages/galaxy/tool_util/verify/interactor.py\", line 163, in stage_data_in_history\n    test_dict = galaxy_interactor.remote_to_input(\n                ^^^^^^^^^^^^^^^^^^^^^^^^^^^^^^^^^^\n  File \"/opt/hostedtoolcache/Python/3.12.12/x64/lib/python3.12/site-packages/galaxy/tool_util/verify/interactor.py\", line 582, in remote_to_input\n    path_or_location = self._get_path_or_location(\n                       ^^^^^^^^^^^^^^^^^^^^^^^^^^^\n  File \"/opt/hostedtoolcache/Python/3.12.12/x64/lib/python3.12/site-packages/galaxy/tool_util/verify/interactor.py\", line 619, in _get_path_or_location\n    path = self.test_data_download(\n           ^^^^^^^^^^^^^^^^^^^^^^^^\n  File \"/opt/hostedtoolcache/Python/3.12.12/x64/lib/python3.12/site-packages/galaxy/tool_util/verify/interactor.py\", line 525, in test_data_download\n    raise AssertionError(f\"Test input file ({filename}) cannot be found.\")\nAssertionError: Test input file (sanger_full_range_original_sanger.fastqsanger) cannot be found.\n", "status": "error", "test_index": 5, "time_seconds": 0.05186176300048828, "tool_id": "fastq_manipulation", "tool_version": "1.1.5+galaxy2"}
            ]]></error>
        
    </testcase>
    
    <testcase classname="fastq_manipulation (Test #7)" name="6" time="0.05112195014953613">
        
            <error type="error" message="Input staging problem: Traceback (most recent call last):
  File "/opt/hostedtoolcache/Python/3.12.12/x64/lib/python3.12/site-packages/galaxy/tool_util/verify/interactor.py", line 1436, in verify_tool
    stage_data_in_history(
  File "/opt/hostedtoolcache/Python/3.12.12/x64/lib/python3.12/site-packages/galaxy/tool_util/verify/interactor.py", line 163, in stage_data_in_history
    test_dict = galaxy_interactor.remote_to_input(
                ^^^^^^^^^^^^^^^^^^^^^^^^^^^^^^^^^^
  File "/opt/hostedtoolcache/Python/3.12.12/x64/lib/python3.12/site-packages/galaxy/tool_util/verify/interactor.py", line 582, in remote_to_input
    path_or_location = self._get_path_or_location(
                       ^^^^^^^^^^^^^^^^^^^^^^^^^^^
  File "/opt/hostedtoolcache/Python/3.12.12/x64/lib/python3.12/site-packages/galaxy/tool_util/verify/interactor.py", line 619, in _get_path_or_location
    path = self.test_data_download(
           ^^^^^^^^^^^^^^^^^^^^^^^^
  File "/opt/hostedtoolcache/Python/3.12.12/x64/lib/python3.12/site-packages/galaxy/tool_util/verify/interactor.py", line 525, in test_data_download
    raise AssertionError(f"Test input file ({filename}) cannot be found.")
AssertionError: Test input file (sanger_full_range_original_sanger.fastqsanger) cannot be found.
"><![CDATA[
                { "execution_problem": "Input staging problem: Traceback (most recent call last):\n  File \"/opt/hostedtoolcache/Python/3.12.12/x64/lib/python3.12/site-packages/galaxy/tool_util/verify/interactor.py\", line 1436, in verify_tool\n    stage_data_in_history(\n  File \"/opt/hostedtoolcache/Python/3.12.12/x64/lib/python3.12/site-packages/galaxy/tool_util/verify/interactor.py\", line 163, in stage_data_in_history\n    test_dict = galaxy_interactor.remote_to_input(\n                ^^^^^^^^^^^^^^^^^^^^^^^^^^^^^^^^^^\n  File \"/opt/hostedtoolcache/Python/3.12.12/x64/lib/python3.12/site-packages/galaxy/tool_util/verify/interactor.py\", line 582, in remote_to_input\n    path_or_location = self._get_path_or_location(\n                       ^^^^^^^^^^^^^^^^^^^^^^^^^^^\n  File \"/opt/hostedtoolcache/Python/3.12.12/x64/lib/python3.12/site-packages/galaxy/tool_util/verify/interactor.py\", line 619, in _get_path_or_location\n    path = self.test_data_download(\n           ^^^^^^^^^^^^^^^^^^^^^^^^\n  File \"/opt/hostedtoolcache/Python/3.12.12/x64/lib/python3.12/site-packages/galaxy/tool_util/verify/interactor.py\", line 525, in test_data_download\n    raise AssertionError(f\"Test input file ({filename}) cannot be found.\")\nAssertionError: Test input file (sanger_full_range_original_sanger.fastqsanger) cannot be found.\n", "status": "error", "test_index": 6, "time_seconds": 0.05112195014953613, "tool_id": "fastq_manipulation", "tool_version": "1.1.5+galaxy2"}
            ]]></error>
        
    </testcase>
    
    <testcase classname="fastq_manipulation (Test #8)" name="7" time="0.05163908004760742">
        
            <error type="error" message="Input staging problem: Traceback (most recent call last):
  File "/opt/hostedtoolcache/Python/3.12.12/x64/lib/python3.12/site-packages/galaxy/tool_util/verify/interactor.py", line 1436, in verify_tool
    stage_data_in_history(
  File "/opt/hostedtoolcache/Python/3.12.12/x64/lib/python3.12/site-packages/galaxy/tool_util/verify/interactor.py", line 163, in stage_data_in_history
    test_dict = galaxy_interactor.remote_to_input(
                ^^^^^^^^^^^^^^^^^^^^^^^^^^^^^^^^^^
  File "/opt/hostedtoolcache/Python/3.12.12/x64/lib/python3.12/site-packages/galaxy/tool_util/verify/interactor.py", line 582, in remote_to_input
    path_or_location = self._get_path_or_location(
                       ^^^^^^^^^^^^^^^^^^^^^^^^^^^
  File "/opt/hostedtoolcache/Python/3.12.12/x64/lib/python3.12/site-packages/galaxy/tool_util/verify/interactor.py", line 619, in _get_path_or_location
    path = self.test_data_download(
           ^^^^^^^^^^^^^^^^^^^^^^^^
  File "/opt/hostedtoolcache/Python/3.12.12/x64/lib/python3.12/site-packages/galaxy/tool_util/verify/interactor.py", line 525, in test_data_download
    raise AssertionError(f"Test input file ({filename}) cannot be found.")
AssertionError: Test input file (misc_dna_original_sanger.fastqsanger) cannot be found.
"><![CDATA[
                { "execution_problem": "Input staging problem: Traceback (most recent call last):\n  File \"/opt/hostedtoolcache/Python/3.12.12/x64/lib/python3.12/site-packages/galaxy/tool_util/verify/interactor.py\", line 1436, in verify_tool\n    stage_data_in_history(\n  File \"/opt/hostedtoolcache/Python/3.12.12/x64/lib/python3.12/site-packages/galaxy/tool_util/verify/interactor.py\", line 163, in stage_data_in_history\n    test_dict = galaxy_interactor.remote_to_input(\n                ^^^^^^^^^^^^^^^^^^^^^^^^^^^^^^^^^^\n  File \"/opt/hostedtoolcache/Python/3.12.12/x64/lib/python3.12/site-packages/galaxy/tool_util/verify/interactor.py\", line 582, in remote_to_input\n    path_or_location = self._get_path_or_location(\n                       ^^^^^^^^^^^^^^^^^^^^^^^^^^^\n  File \"/opt/hostedtoolcache/Python/3.12.12/x64/lib/python3.12/site-packages/galaxy/tool_util/verify/interactor.py\", line 619, in _get_path_or_location\n    path = self.test_data_download(\n           ^^^^^^^^^^^^^^^^^^^^^^^^\n  File \"/opt/hostedtoolcache/Python/3.12.12/x64/lib/python3.12/site-packages/galaxy/tool_util/verify/interactor.py\", line 525, in test_data_download\n    raise AssertionError(f\"Test input file ({filename}) cannot be found.\")\nAssertionError: Test input file (misc_dna_original_sanger.fastqsanger) cannot be found.\n", "status": "error", "test_index": 7, "time_seconds": 0.05163908004760742, "tool_id": "fastq_manipulation", "tool_version": "1.1.5+galaxy2"}
            ]]></error>
        
    </testcase>
    
    <testcase classname="fastq_manipulation (Test #9)" name="8" time="0.051932573318481445">
        
            <error type="error" message="Input staging problem: Traceback (most recent call last):
  File "/opt/hostedtoolcache/Python/3.12.12/x64/lib/python3.12/site-packages/galaxy/tool_util/verify/interactor.py", line 1436, in verify_tool
    stage_data_in_history(
  File "/opt/hostedtoolcache/Python/3.12.12/x64/lib/python3.12/site-packages/galaxy/tool_util/verify/interactor.py", line 163, in stage_data_in_history
    test_dict = galaxy_interactor.remote_to_input(
                ^^^^^^^^^^^^^^^^^^^^^^^^^^^^^^^^^^
  File "/opt/hostedtoolcache/Python/3.12.12/x64/lib/python3.12/site-packages/galaxy/tool_util/verify/interactor.py", line 582, in remote_to_input
    path_or_location = self._get_path_or_location(
                       ^^^^^^^^^^^^^^^^^^^^^^^^^^^
  File "/opt/hostedtoolcache/Python/3.12.12/x64/lib/python3.12/site-packages/galaxy/tool_util/verify/interactor.py", line 619, in _get_path_or_location
    path = self.test_data_download(
           ^^^^^^^^^^^^^^^^^^^^^^^^
  File "/opt/hostedtoolcache/Python/3.12.12/x64/lib/python3.12/site-packages/galaxy/tool_util/verify/interactor.py", line 525, in test_data_download
    raise AssertionError(f"Test input file ({filename}) cannot be found.")
AssertionError: Test input file (misc_rna_original_sanger.fastqsanger) cannot be found.
"><![CDATA[
                { "execution_problem": "Input staging problem: Traceback (most recent call last):\n  File \"/opt/hostedtoolcache/Python/3.12.12/x64/lib/python3.12/site-packages/galaxy/tool_util/verify/interactor.py\", line 1436, in verify_tool\n    stage_data_in_history(\n  File \"/opt/hostedtoolcache/Python/3.12.12/x64/lib/python3.12/site-packages/galaxy/tool_util/verify/interactor.py\", line 163, in stage_data_in_history\n    test_dict = galaxy_interactor.remote_to_input(\n                ^^^^^^^^^^^^^^^^^^^^^^^^^^^^^^^^^^\n  File \"/opt/hostedtoolcache/Python/3.12.12/x64/lib/python3.12/site-packages/galaxy/tool_util/verify/interactor.py\", line 582, in remote_to_input\n    path_or_location = self._get_path_or_location(\n                       ^^^^^^^^^^^^^^^^^^^^^^^^^^^\n  File \"/opt/hostedtoolcache/Python/3.12.12/x64/lib/python3.12/site-packages/galaxy/tool_util/verify/interactor.py\", line 619, in _get_path_or_location\n    path = self.test_data_download(\n           ^^^^^^^^^^^^^^^^^^^^^^^^\n  File \"/opt/hostedtoolcache/Python/3.12.12/x64/lib/python3.12/site-packages/galaxy/tool_util/verify/interactor.py\", line 525, in test_data_download\n    raise AssertionError(f\"Test input file ({filename}) cannot be found.\")\nAssertionError: Test input file (misc_rna_original_sanger.fastqsanger) cannot be found.\n", "status": "error", "test_index": 8, "time_seconds": 0.051932573318481445, "tool_id": "fastq_manipulation", "tool_version": "1.1.5+galaxy2"}
            ]]></error>
        
    </testcase>
    
    <testcase classname="fastq_manipulation (Test #10)" name="9" time="0.05129432678222656">
        
            <error type="error" message="Input staging problem: Traceback (most recent call last):
  File "/opt/hostedtoolcache/Python/3.12.12/x64/lib/python3.12/site-packages/galaxy/tool_util/verify/interactor.py", line 1436, in verify_tool
    stage_data_in_history(
  File "/opt/hostedtoolcache/Python/3.12.12/x64/lib/python3.12/site-packages/galaxy/tool_util/verify/interactor.py", line 163, in stage_data_in_history
    test_dict = galaxy_interactor.remote_to_input(
                ^^^^^^^^^^^^^^^^^^^^^^^^^^^^^^^^^^
  File "/opt/hostedtoolcache/Python/3.12.12/x64/lib/python3.12/site-packages/galaxy/tool_util/verify/interactor.py", line 582, in remote_to_input
    path_or_location = self._get_path_or_location(
                       ^^^^^^^^^^^^^^^^^^^^^^^^^^^
  File "/opt/hostedtoolcache/Python/3.12.12/x64/lib/python3.12/site-packages/galaxy/tool_util/verify/interactor.py", line 619, in _get_path_or_location
    path = self.test_data_download(
           ^^^^^^^^^^^^^^^^^^^^^^^^
  File "/opt/hostedtoolcache/Python/3.12.12/x64/lib/python3.12/site-packages/galaxy/tool_util/verify/interactor.py", line 525, in test_data_download
    raise AssertionError(f"Test input file ({filename}) cannot be found.")
AssertionError: Test input file (sanger_full_range_original_sanger.fastqsanger) cannot be found.
"><![CDATA[
                { "execution_problem": "Input staging problem: Traceback (most recent call last):\n  File \"/opt/hostedtoolcache/Python/3.12.12/x64/lib/python3.12/site-packages/galaxy/tool_util/verify/interactor.py\", line 1436, in verify_tool\n    stage_data_in_history(\n  File \"/opt/hostedtoolcache/Python/3.12.12/x64/lib/python3.12/site-packages/galaxy/tool_util/verify/interactor.py\", line 163, in stage_data_in_history\n    test_dict = galaxy_interactor.remote_to_input(\n                ^^^^^^^^^^^^^^^^^^^^^^^^^^^^^^^^^^\n  File \"/opt/hostedtoolcache/Python/3.12.12/x64/lib/python3.12/site-packages/galaxy/tool_util/verify/interactor.py\", line 582, in remote_to_input\n    path_or_location = self._get_path_or_location(\n                       ^^^^^^^^^^^^^^^^^^^^^^^^^^^\n  File \"/opt/hostedtoolcache/Python/3.12.12/x64/lib/python3.12/site-packages/galaxy/tool_util/verify/interactor.py\", line 619, in _get_path_or_location\n    path = self.test_data_download(\n           ^^^^^^^^^^^^^^^^^^^^^^^^\n  File \"/opt/hostedtoolcache/Python/3.12.12/x64/lib/python3.12/site-packages/galaxy/tool_util/verify/interactor.py\", line 525, in test_data_download\n    raise AssertionError(f\"Test input file ({filename}) cannot be found.\")\nAssertionError: Test input file (sanger_full_range_original_sanger.fastqsanger) cannot be found.\n", "status": "error", "test_index": 9, "time_seconds": 0.05129432678222656, "tool_id": "fastq_manipulation", "tool_version": "1.1.5+galaxy2"}
            ]]></error>
        
    </testcase>
    
    <testcase classname="ivar_trim (Test #1)" name="0" time="45.898383140563965">
        
            
            <system-out><![CDATA[
            
            ]]></system-out>
            <system-err><![CDATA[
            Found 196 primers in BED fileReading from sorted.bam-------Results: Primer NameRead CountnCoV-2019_1_LEFT25nCoV-2019_2_LEFT10nCoV-2019_1_RIGHT9nCoV-2019_3_LEFT22nCoV-2019_2_RIGHT17nCoV-2019_4_LEFT20nCoV-2019_3_RIGHT29nCoV-2019_5_LEFT4nCoV-2019_4_RIGHT5nCoV-2019_6_LEFT17nCoV-2019_5_RIGHT16nCoV-2019_7_LEFT21nCoV-2019_6_RIGHT10nCoV-2019_8_LEFT5nCoV-2019_7_RIGHT14nCoV-2019_9_LEFT18nCoV-2019_8_RIGHT10nCoV-2019_10_LEFT20nCoV-2019_9_RIGHT11nCoV-2019_11_LEFT15nCoV-2019_10_RIGHT11nCoV-2019_12_LEFT48nCoV-2019_11_RIGHT31nCoV-2019_13_LEFT31nCoV-2019_12_RIGHT11nCoV-2019_14_LEFT53nCoV-2019_13_RIGHT64nCoV-2019_15_LEFT64nCoV-2019_14_RIGHT89nCoV-2019_16_LEFT168nCoV-2019_15_RIGHT57nCoV-2019_17_LEFT100nCoV-2019_16_RIGHT112nCoV-2019_18_LEFT19nCoV-2019_17_RIGHT23nCoV-2019_19_LEFT72nCoV-2019_18_RIGHT42nCoV-2019_20_LEFT31nCoV-2019_19_RIGHT43nCoV-2019_21_LEFT126nCoV-2019_20_RIGHT63nCoV-2019_22_LEFT55nCoV-2019_21_RIGHT23nCoV-2019_23_LEFT46nCoV-2019_22_RIGHT58nCoV-2019_24_LEFT22nCoV-2019_23_RIGHT2nCoV-2019_25_LEFT7nCoV-2019_24_RIGHT6nCoV-2019_26_LEFT13nCoV-2019_25_RIGHT11nCoV-2019_27_LEFT70nCoV-2019_26_RIGHT14nCoV-2019_28_LEFT15nCoV-2019_27_RIGHT31nCoV-2019_29_LEFT4nCoV-2019_28_RIGHT6nCoV-2019_30_LEFT10nCoV-2019_29_RIGHT70nCoV-2019_31_LEFT33nCoV-2019_30_RIGHT26nCoV-2019_32_LEFT119nCoV-2019_31_RIGHT75nCoV-2019_33_LEFT23nCoV-2019_32_RIGHT52nCoV-2019_34_LEFT51nCoV-2019_33_RIGHT43nCoV-2019_35_LEFT44nCoV-2019_34_RIGHT40nCoV-2019_36_LEFT113nCoV-2019_35_RIGHT86nCoV-2019_37_LEFT74nCoV-2019_36_RIGHT131nCoV-2019_38_LEFT185nCoV-2019_37_RIGHT163nCoV-2019_39_LEFT97nCoV-2019_38_RIGHT113nCoV-2019_40_LEFT67nCoV-2019_39_RIGHT39nCoV-2019_41_LEFT31nCoV-2019_40_RIGHT17nCoV-2019_42_LEFT39nCoV-2019_41_RIGHT5nCoV-2019_43_LEFT47nCoV-2019_42_RIGHT89nCoV-2019_44_LEFT51nCoV-2019_43_RIGHT23nCoV-2019_45_LEFT43nCoV-2019_44_RIGHT70nCoV-2019_46_LEFT11nCoV-2019_45_RIGHT16nCoV-2019_47_LEFT27nCoV-2019_46_RIGHT35nCoV-2019_48_LEFT74nCoV-2019_47_RIGHT25nCoV-2019_49_LEFT40nCoV-2019_48_RIGHT41nCoV-2019_50_LEFT26nCoV-2019_49_RIGHT54nCoV-2019_51_LEFT81nCoV-2019_50_RIGHT19nCoV-2019_52_LEFT33nCoV-2019_51_RIGHT47nCoV-2019_53_LEFT75nCoV-2019_52_RIGHT28nCoV-2019_54_LEFT44nCoV-2019_53_RIGHT35nCoV-2019_55_LEFT66nCoV-2019_54_RIGHT13nCoV-2019_56_LEFT35nCoV-2019_55_RIGHT96nCoV-2019_57_LEFT112nCoV-2019_56_RIGHT69nCoV-2019_58_LEFT15nCoV-2019_57_RIGHT78nCoV-2019_59_LEFT35nCoV-2019_58_RIGHT6nCoV-2019_60_LEFT22nCoV-2019_59_RIGHT23nCoV-2019_61_LEFT33nCoV-2019_60_RIGHT19nCoV-2019_62_LEFT16nCoV-2019_61_RIGHT33nCoV-2019_63_LEFT47nCoV-2019_62_RIGHT17nCoV-2019_64_LEFT6nCoV-2019_63_RIGHT31nCoV-2019_65_LEFT6nCoV-2019_64_RIGHT8nCoV-2019_66_LEFT29nCoV-2019_65_RIGHT59nCoV-2019_67_LEFT6nCoV-2019_66_RIGHT2nCoV-2019_68_LEFT8nCoV-2019_67_RIGHT0nCoV-2019_69_LEFT17nCoV-2019_68_RIGHT9nCoV-2019_70_LEFT0nCoV-2019_69_RIGHT5nCoV-2019_71_LEFT1nCoV-2019_70_RIGHT1nCoV-2019_72_LEFT7nCoV-2019_71_RIGHT5nCoV-2019_73_LEFT0nCoV-2019_72_RIGHT4nCoV-2019_74_LEFT0nCoV-2019_73_RIGHT4nCoV-2019_75_LEFT2nCoV-2019_74_RIGHT0nCoV-2019_76_LEFT2nCoV-2019_75_RIGHT1nCoV-2019_77_LEFT27nCoV-2019_76_RIGHT13nCoV-2019_78_LEFT63nCoV-2019_77_RIGHT87nCoV-2019_79_LEFT5nCoV-2019_78_RIGHT23nCoV-2019_80_LEFT92nCoV-2019_79_RIGHT17nCoV-2019_81_LEFT28nCoV-2019_80_RIGHT33nCoV-2019_82_LEFT150nCoV-2019_81_RIGHT79nCoV-2019_83_LEFT22nCoV-2019_82_RIGHT50nCoV-2019_84_LEFT32nCoV-2019_83_RIGHT41nCoV-2019_85_LEFT77nCoV-2019_84_RIGHT50nCoV-2019_86_LEFT54nCoV-2019_85_RIGHT37nCoV-2019_87_LEFT48nCoV-2019_86_RIGHT30nCoV-2019_88_LEFT58nCoV-2019_87_RIGHT3nCoV-2019_89_LEFT37nCoV-2019_88_RIGHT91nCoV-2019_90_LEFT28nCoV-2019_89_RIGHT30nCoV-2019_91_LEFT27nCoV-2019_90_RIGHT21nCoV-2019_92_LEFT9nCoV-2019_91_RIGHT2nCoV-2019_93_LEFT38nCoV-2019_92_RIGHT14nCoV-2019_94_LEFT116nCoV-2019_93_RIGHT23nCoV-2019_95_LEFT39nCoV-2019_94_RIGHT55nCoV-2019_96_LEFT24nCoV-2019_95_RIGHT8nCoV-2019_97_LEFT0nCoV-2019_96_RIGHT17nCoV-2019_98_LEFT2nCoV-2019_97_RIGHT1nCoV-2019_98_RIGHT2Trimmed primers from 13.29% (6871) of reads.3.5% (1811) of reads were quality trimmed below the minimum length of 30 bp and were not written to file.84.15% (43493) of reads started outside of primer regions. Since the -e flag was given, these reads were written to file.58.16% (30061) of reads had their insert size smaller than their read length[bam_sort_core] merging from 0 files and 8 in-memory blocks...
            ]]></system-err>
        
    </testcase>
    
    <testcase classname="ivar_trim (Test #2)" name="1" time="16.483487367630005">
        
            <error type="error" message="Input staging problem: Traceback (most recent call last):
  File "/opt/hostedtoolcache/Python/3.12.12/x64/lib/python3.12/site-packages/galaxy/tool_util/verify/interactor.py", line 1436, in verify_tool
    stage_data_in_history(
  File "/opt/hostedtoolcache/Python/3.12.12/x64/lib/python3.12/site-packages/galaxy/tool_util/verify/interactor.py", line 175, in stage_data_in_history
    staging_interface.handle_jobs()
  File "/opt/hostedtoolcache/Python/3.12.12/x64/lib/python3.12/site-packages/galaxy/tool_util/verify/interactor.py", line 212, in handle_jobs
    self.galaxy_interactor.wait_for_job(job_response["id"], job_response["history_id"], self.maxseconds)
  File "/opt/hostedtoolcache/Python/3.12.12/x64/lib/python3.12/site-packages/galaxy/tool_util/verify/interactor.py", line 399, in wait_for_job
    self.wait_for(lambda: self.__job_ready(job_id, history_id), maxseconds=maxseconds)
  File "/opt/hostedtoolcache/Python/3.12.12/x64/lib/python3.12/site-packages/galaxy/tool_util/verify/interactor.py", line 403, in wait_for
    wait_on(func, what, walltime_exceeded)
  File "/opt/hostedtoolcache/Python/3.12.12/x64/lib/python3.12/site-packages/galaxy/tool_util/verify/wait.py", line 38, in wait_on
    value = function()
            ^^^^^^^^^^
  File "/opt/hostedtoolcache/Python/3.12.12/x64/lib/python3.12/site-packages/galaxy/tool_util/verify/interactor.py", line 399, in <lambda>
    self.wait_for(lambda: self.__job_ready(job_id, history_id), maxseconds=maxseconds)
                          ^^^^^^^^^^^^^^^^^^^^^^^^^^^^^^^^^^^^
  File "/opt/hostedtoolcache/Python/3.12.12/x64/lib/python3.12/site-packages/galaxy/tool_util/verify/interactor.py", line 749, in __job_ready
    return self._state_ready(job_id, error_msg="Job in error state.")
           ^^^^^^^^^^^^^^^^^^^^^^^^^^^^^^^^^^^^^^^^^^^^^^^^^^^^^^^^^^
  File "/opt/hostedtoolcache/Python/3.12.12/x64/lib/python3.12/site-packages/galaxy/tool_util/verify/interactor.py", line 841, in _state_ready
    raise Exception(
Exception: Job in error state.. tool_id: __DATA_FETCH__, exit_code: None, stderr: .
"><![CDATA[
                { "execution_problem": "Input staging problem: Traceback (most recent call last):\n  File \"/opt/hostedtoolcache/Python/3.12.12/x64/lib/python3.12/site-packages/galaxy/tool_util/verify/interactor.py\", line 1436, in verify_tool\n    stage_data_in_history(\n  File \"/opt/hostedtoolcache/Python/3.12.12/x64/lib/python3.12/site-packages/galaxy/tool_util/verify/interactor.py\", line 175, in stage_data_in_history\n    staging_interface.handle_jobs()\n  File \"/opt/hostedtoolcache/Python/3.12.12/x64/lib/python3.12/site-packages/galaxy/tool_util/verify/interactor.py\", line 212, in handle_jobs\n    self.galaxy_interactor.wait_for_job(job_response[\"id\"], job_response[\"history_id\"], self.maxseconds)\n  File \"/opt/hostedtoolcache/Python/3.12.12/x64/lib/python3.12/site-packages/galaxy/tool_util/verify/interactor.py\", line 399, in wait_for_job\n    self.wait_for(lambda: self.__job_ready(job_id, history_id), maxseconds=maxseconds)\n  File \"/opt/hostedtoolcache/Python/3.12.12/x64/lib/python3.12/site-packages/galaxy/tool_util/verify/interactor.py\", line 403, in wait_for\n    wait_on(func, what, walltime_exceeded)\n  File \"/opt/hostedtoolcache/Python/3.12.12/x64/lib/python3.12/site-packages/galaxy/tool_util/verify/wait.py\", line 38, in wait_on\n    value = function()\n            ^^^^^^^^^^\n  File \"/opt/hostedtoolcache/Python/3.12.12/x64/lib/python3.12/site-packages/galaxy/tool_util/verify/interactor.py\", line 399, in \u003clambda\u003e\n    self.wait_for(lambda: self.__job_ready(job_id, history_id), maxseconds=maxseconds)\n                          ^^^^^^^^^^^^^^^^^^^^^^^^^^^^^^^^^^^^\n  File \"/opt/hostedtoolcache/Python/3.12.12/x64/lib/python3.12/site-packages/galaxy/tool_util/verify/interactor.py\", line 749, in __job_ready\n    return self._state_ready(job_id, error_msg=\"Job in error state.\")\n           ^^^^^^^^^^^^^^^^^^^^^^^^^^^^^^^^^^^^^^^^^^^^^^^^^^^^^^^^^^\n  File \"/opt/hostedtoolcache/Python/3.12.12/x64/lib/python3.12/site-packages/galaxy/tool_util/verify/interactor.py\", line 841, in _state_ready\n    raise Exception(\nException: Job in error state.. tool_id: __DATA_FETCH__, exit_code: None, stderr: .\n", "status": "error", "test_index": 1, "time_seconds": 16.483487367630005, "tool_id": "ivar_trim", "tool_version": "1.4.4+galaxy1"}
            ]]></error>
        
    </testcase>
    
    <testcase classname="ivar_trim (Test #3)" name="2" time="18.777488708496094">
        
            <error type="error" message="Input staging problem: Traceback (most recent call last):
  File "/opt/hostedtoolcache/Python/3.12.12/x64/lib/python3.12/site-packages/galaxy/tool_util/verify/interactor.py", line 1436, in verify_tool
    stage_data_in_history(
  File "/opt/hostedtoolcache/Python/3.12.12/x64/lib/python3.12/site-packages/galaxy/tool_util/verify/interactor.py", line 175, in stage_data_in_history
    staging_interface.handle_jobs()
  File "/opt/hostedtoolcache/Python/3.12.12/x64/lib/python3.12/site-packages/galaxy/tool_util/verify/interactor.py", line 212, in handle_jobs
    self.galaxy_interactor.wait_for_job(job_response["id"], job_response["history_id"], self.maxseconds)
  File "/opt/hostedtoolcache/Python/3.12.12/x64/lib/python3.12/site-packages/galaxy/tool_util/verify/interactor.py", line 399, in wait_for_job
    self.wait_for(lambda: self.__job_ready(job_id, history_id), maxseconds=maxseconds)
  File "/opt/hostedtoolcache/Python/3.12.12/x64/lib/python3.12/site-packages/galaxy/tool_util/verify/interactor.py", line 403, in wait_for
    wait_on(func, what, walltime_exceeded)
  File "/opt/hostedtoolcache/Python/3.12.12/x64/lib/python3.12/site-packages/galaxy/tool_util/verify/wait.py", line 38, in wait_on
    value = function()
            ^^^^^^^^^^
  File "/opt/hostedtoolcache/Python/3.12.12/x64/lib/python3.12/site-packages/galaxy/tool_util/verify/interactor.py", line 399, in <lambda>
    self.wait_for(lambda: self.__job_ready(job_id, history_id), maxseconds=maxseconds)
                          ^^^^^^^^^^^^^^^^^^^^^^^^^^^^^^^^^^^^
  File "/opt/hostedtoolcache/Python/3.12.12/x64/lib/python3.12/site-packages/galaxy/tool_util/verify/interactor.py", line 749, in __job_ready
    return self._state_ready(job_id, error_msg="Job in error state.")
           ^^^^^^^^^^^^^^^^^^^^^^^^^^^^^^^^^^^^^^^^^^^^^^^^^^^^^^^^^^
  File "/opt/hostedtoolcache/Python/3.12.12/x64/lib/python3.12/site-packages/galaxy/tool_util/verify/interactor.py", line 841, in _state_ready
    raise Exception(
Exception: Job in error state.. tool_id: __DATA_FETCH__, exit_code: None, stderr: .
"><![CDATA[
                { "execution_problem": "Input staging problem: Traceback (most recent call last):\n  File \"/opt/hostedtoolcache/Python/3.12.12/x64/lib/python3.12/site-packages/galaxy/tool_util/verify/interactor.py\", line 1436, in verify_tool\n    stage_data_in_history(\n  File \"/opt/hostedtoolcache/Python/3.12.12/x64/lib/python3.12/site-packages/galaxy/tool_util/verify/interactor.py\", line 175, in stage_data_in_history\n    staging_interface.handle_jobs()\n  File \"/opt/hostedtoolcache/Python/3.12.12/x64/lib/python3.12/site-packages/galaxy/tool_util/verify/interactor.py\", line 212, in handle_jobs\n    self.galaxy_interactor.wait_for_job(job_response[\"id\"], job_response[\"history_id\"], self.maxseconds)\n  File \"/opt/hostedtoolcache/Python/3.12.12/x64/lib/python3.12/site-packages/galaxy/tool_util/verify/interactor.py\", line 399, in wait_for_job\n    self.wait_for(lambda: self.__job_ready(job_id, history_id), maxseconds=maxseconds)\n  File \"/opt/hostedtoolcache/Python/3.12.12/x64/lib/python3.12/site-packages/galaxy/tool_util/verify/interactor.py\", line 403, in wait_for\n    wait_on(func, what, walltime_exceeded)\n  File \"/opt/hostedtoolcache/Python/3.12.12/x64/lib/python3.12/site-packages/galaxy/tool_util/verify/wait.py\", line 38, in wait_on\n    value = function()\n            ^^^^^^^^^^\n  File \"/opt/hostedtoolcache/Python/3.12.12/x64/lib/python3.12/site-packages/galaxy/tool_util/verify/interactor.py\", line 399, in \u003clambda\u003e\n    self.wait_for(lambda: self.__job_ready(job_id, history_id), maxseconds=maxseconds)\n                          ^^^^^^^^^^^^^^^^^^^^^^^^^^^^^^^^^^^^\n  File \"/opt/hostedtoolcache/Python/3.12.12/x64/lib/python3.12/site-packages/galaxy/tool_util/verify/interactor.py\", line 749, in __job_ready\n    return self._state_ready(job_id, error_msg=\"Job in error state.\")\n           ^^^^^^^^^^^^^^^^^^^^^^^^^^^^^^^^^^^^^^^^^^^^^^^^^^^^^^^^^^\n  File \"/opt/hostedtoolcache/Python/3.12.12/x64/lib/python3.12/site-packages/galaxy/tool_util/verify/interactor.py\", line 841, in _state_ready\n    raise Exception(\nException: Job in error state.. tool_id: __DATA_FETCH__, exit_code: None, stderr: .\n", "status": "error", "test_index": 2, "time_seconds": 18.777488708496094, "tool_id": "ivar_trim", "tool_version": "1.4.4+galaxy1"}
            ]]></error>
        
    </testcase>
    
    <testcase classname="ivar_trim (Test #4)" name="3" time="33.04061937332153">
        
            
            <system-out><![CDATA[
            
            ]]></system-out>
            <system-err><![CDATA[
            Found 68 primers in BED fileReading from sorted.bamMinimum Read Length based on 1000 reads: 125-------Results: Primer NameRead Count400_2_out_L227400_1_out_R156400_3_out_L*76400_2_out_R238400_4_out_L91400_3_out_R*76400_5_out_L1548400_4_out_R98400_6_out_L37400_5_out_R1541400_7_out_L540400_6_out_R38400_8_out_L*143400_7_out_R538400_9_out_L*90400_8_out_R*143400_10_out_L400400_9_out_R*93400_11_out_L2536400_10_out_R402400_12_out_L146400_11_out_R2534400_13_out_L299400_12_out_R141400_14_out_L*676400_13_out_R307400_15_out_L183400_14_out_R*671400_16_out_L*419400_15_out_R180400_17_out_L**2322400_16_out_R*417400_18_out_L**32400_17_out_R**2315400_19_out_L67400_18_out_R**6400_20_out_L*1653400_19_out_R69400_21_out_L*18400_20_out_R*1681400_22_out_L**18400_21_out_R*13400_23_out_L297400_22_out_R**2400_24_out_L**61400_23_out_R292400_25_out_L**4363400_24_out_R**68400_26_out_L310400_25_out_R**4382400_27_out_L95400_26_out_R305400_28_out_L17400_27_out_R21400_29_out_L185400_28_out_R17400_30_out_L1512400_29_out_R187400_31_out_L266400_30_out_R1510400_32_out_L413400_31_out_R273400_33_out_L*546400_32_out_R411400_34_out_L*699400_33_out_R*536400_35_out_L0400_34_out_R*699Trimmed primers from 99.17% (40620) of reads.18.42% (7545) of reads were quality trimmed below the minimum length of 125 bp and were not written to file.0.67% (274) of reads that started outside of primer regions were not written to file0.57% (232) of reads had their insert size smaller than their read length[bam_sort_core] merging from 0 files and 8 in-memory blocks...
            ]]></system-err>
        
    </testcase>
    
    <testcase classname="ivar_trim (Test #5)" name="4" time="">
        
            <error type="error" message=""><![CDATA[
                { "status": "skip", "test_index": 4, "tool_id": "ivar_trim", "tool_version": "1.4.4+galaxy1"}
            ]]></error>
        
    </testcase>
    
    <testcase classname="ivar_trim (Test #6)" name="5" time="">
        
            <error type="error" message=""><![CDATA[
                { "status": "skip", "test_index": 5, "tool_id": "ivar_trim", "tool_version": "1.4.4+galaxy1"}
            ]]></error>
        
    </testcase>
    
    <testcase classname="medaka_variant (Test #1)" name="0" time="19.091016054153442">
        
            <error type="error" message="Input staging problem: Traceback (most recent call last):
  File "/opt/hostedtoolcache/Python/3.12.12/x64/lib/python3.12/site-packages/galaxy/tool_util/verify/interactor.py", line 1436, in verify_tool
    stage_data_in_history(
  File "/opt/hostedtoolcache/Python/3.12.12/x64/lib/python3.12/site-packages/galaxy/tool_util/verify/interactor.py", line 175, in stage_data_in_history
    staging_interface.handle_jobs()
  File "/opt/hostedtoolcache/Python/3.12.12/x64/lib/python3.12/site-packages/galaxy/tool_util/verify/interactor.py", line 212, in handle_jobs
    self.galaxy_interactor.wait_for_job(job_response["id"], job_response["history_id"], self.maxseconds)
  File "/opt/hostedtoolcache/Python/3.12.12/x64/lib/python3.12/site-packages/galaxy/tool_util/verify/interactor.py", line 399, in wait_for_job
    self.wait_for(lambda: self.__job_ready(job_id, history_id), maxseconds=maxseconds)
  File "/opt/hostedtoolcache/Python/3.12.12/x64/lib/python3.12/site-packages/galaxy/tool_util/verify/interactor.py", line 403, in wait_for
    wait_on(func, what, walltime_exceeded)
  File "/opt/hostedtoolcache/Python/3.12.12/x64/lib/python3.12/site-packages/galaxy/tool_util/verify/wait.py", line 38, in wait_on
    value = function()
            ^^^^^^^^^^
  File "/opt/hostedtoolcache/Python/3.12.12/x64/lib/python3.12/site-packages/galaxy/tool_util/verify/interactor.py", line 399, in <lambda>
    self.wait_for(lambda: self.__job_ready(job_id, history_id), maxseconds=maxseconds)
                          ^^^^^^^^^^^^^^^^^^^^^^^^^^^^^^^^^^^^
  File "/opt/hostedtoolcache/Python/3.12.12/x64/lib/python3.12/site-packages/galaxy/tool_util/verify/interactor.py", line 749, in __job_ready
    return self._state_ready(job_id, error_msg="Job in error state.")
           ^^^^^^^^^^^^^^^^^^^^^^^^^^^^^^^^^^^^^^^^^^^^^^^^^^^^^^^^^^
  File "/opt/hostedtoolcache/Python/3.12.12/x64/lib/python3.12/site-packages/galaxy/tool_util/verify/interactor.py", line 841, in _state_ready
    raise Exception(
Exception: Job in error state.. tool_id: __DATA_FETCH__, exit_code: None, stderr: .
"><![CDATA[
                { "execution_problem": "Input staging problem: Traceback (most recent call last):\n  File \"/opt/hostedtoolcache/Python/3.12.12/x64/lib/python3.12/site-packages/galaxy/tool_util/verify/interactor.py\", line 1436, in verify_tool\n    stage_data_in_history(\n  File \"/opt/hostedtoolcache/Python/3.12.12/x64/lib/python3.12/site-packages/galaxy/tool_util/verify/interactor.py\", line 175, in stage_data_in_history\n    staging_interface.handle_jobs()\n  File \"/opt/hostedtoolcache/Python/3.12.12/x64/lib/python3.12/site-packages/galaxy/tool_util/verify/interactor.py\", line 212, in handle_jobs\n    self.galaxy_interactor.wait_for_job(job_response[\"id\"], job_response[\"history_id\"], self.maxseconds)\n  File \"/opt/hostedtoolcache/Python/3.12.12/x64/lib/python3.12/site-packages/galaxy/tool_util/verify/interactor.py\", line 399, in wait_for_job\n    self.wait_for(lambda: self.__job_ready(job_id, history_id), maxseconds=maxseconds)\n  File \"/opt/hostedtoolcache/Python/3.12.12/x64/lib/python3.12/site-packages/galaxy/tool_util/verify/interactor.py\", line 403, in wait_for\n    wait_on(func, what, walltime_exceeded)\n  File \"/opt/hostedtoolcache/Python/3.12.12/x64/lib/python3.12/site-packages/galaxy/tool_util/verify/wait.py\", line 38, in wait_on\n    value = function()\n            ^^^^^^^^^^\n  File \"/opt/hostedtoolcache/Python/3.12.12/x64/lib/python3.12/site-packages/galaxy/tool_util/verify/interactor.py\", line 399, in \u003clambda\u003e\n    self.wait_for(lambda: self.__job_ready(job_id, history_id), maxseconds=maxseconds)\n                          ^^^^^^^^^^^^^^^^^^^^^^^^^^^^^^^^^^^^\n  File \"/opt/hostedtoolcache/Python/3.12.12/x64/lib/python3.12/site-packages/galaxy/tool_util/verify/interactor.py\", line 749, in __job_ready\n    return self._state_ready(job_id, error_msg=\"Job in error state.\")\n           ^^^^^^^^^^^^^^^^^^^^^^^^^^^^^^^^^^^^^^^^^^^^^^^^^^^^^^^^^^\n  File \"/opt/hostedtoolcache/Python/3.12.12/x64/lib/python3.12/site-packages/galaxy/tool_util/verify/interactor.py\", line 841, in _state_ready\n    raise Exception(\nException: Job in error state.. tool_id: __DATA_FETCH__, exit_code: None, stderr: .\n", "status": "error", "test_index": 0, "time_seconds": 19.091016054153442, "tool_id": "medaka_variant", "tool_version": "2.1.1+galaxy0"}
            ]]></error>
        
    </testcase>
    
    <testcase classname="medaka_variant (Test #2)" name="1" time="73.84340071678162">
        
            
                <error type="error" message="Tool exit code: 1"><![CDATA[
                    { "inputs": {  "ambig_ref": true,  "output_annotated|in_bam": {   "id": "ad6a849a229f016e",   "src": "hda"  },  "output_annotated|output_annotated_select": "true",  "output_log_bool": true,  "pool|input": {   "id": "bcb1be8f3284d85b",   "src": "hda"  },  "pool|pool_mode": "No",  "reference_source|ref_file": {   "id": "b75057d1fc7cfbbe",   "src": "hda"  },  "reference_source|reference_source_selector": "history" }, "job": {  "command_line": "gunzip -c \u0027/galaxy/server/database/objects/3/2/0/dataset_320396b8-423f-45ab-87ba-ab93bd5f6f87.dat\u0027 \u003e reference.fa \u0026\u0026    medaka vcf --debug  --ambig_ref  \u0027/galaxy/server/database/objects/c/e/3/dataset_ce3714c7-f851-47fd-a208-c46ed82c14f1.dat\u0027 reference.fa raw.vcf 2\u003e\u00261 | tee log.txt \u0026\u0026 ln -s \u0027/galaxy/server/database/objects/5/9/5/dataset_595b35a1-410a-4854-b542-cc1927599d33.dat\u0027 in.bam \u0026\u0026 ln -s \u0027/galaxy/server/database/objects/_metadata_files/d/7/1/metadata_d710a399-5943-4171-b0d5-daa9654a564f.dat\u0027 in.bai \u0026\u0026 medaka tools annotate --dpsp --pad 25 raw.vcf reference.fa in.bam tmp.vcf \u0026\u0026 python \u0027/cvmfs/cloud.galaxyproject.org/tools/toolshed.g2.bx.psu.edu/repos/iuc/medaka_variant/16fc9856b20a/medaka_variant/convert_VCF_info_fields.py\u0027 tmp.vcf \u0027/galaxy/server/database/objects/e/4/9/dataset_e49a723b-d211-4e11-bfc9-ae81d765e1c6.dat\u0027",  "command_version": "Traceback (most recent call last):\n  File \"/usr/local/bin/medaka\", line 7, in \u003cmodule\u003e\n    from medaka.medaka import main\n  File \"/usr/local/lib/python3.12/site-packages/medaka/medaka.py\", line 5, in \u003cmodule\u003e\n    import medaka.torch_ext\n  File \"/usr/local/lib/python3.12/site-packages/medaka/torch_ext.py\", line 16, in \u003cmodule\u003e\n    import medaka.common\n  File \"/usr/local/lib/python3.12/site-packages/medaka/common.py\", line 21, in \u003cmodule\u003e\n    import libmedaka\nModuleNotFoundError: No module named \u0027_cffi_backend\u0027",  "copied_from_job_id": null,  "create_time": "2025-12-23T01:03:59.349221",  "dependencies": [],  "exit_code": 1,  "external_id": "gxy-67gv4",  "galaxy_version": "24.1",  "handler": null,  "history_id": "723b425e3e53720f",  "id": "0e641730aa3a658a",  "inputs": {   "output_annotated|in_bam": {    "id": "ad6a849a229f016e",    "src": "hda",    "uuid": "595b35a1-410a-4854-b542-cc1927599d33"   },   "pool|input": {    "id": "bcb1be8f3284d85b",    "src": "hda",    "uuid": "ce3714c7-f851-47fd-a208-c46ed82c14f1"   },   "reference_source|ref_file": {    "id": "b75057d1fc7cfbbe",    "src": "hda",    "uuid": "320396b8-423f-45ab-87ba-ab93bd5f6f87"   }  },  "job_messages": [   {    "code_desc": "",    "desc": "Fatal error: Exit code 1 ()",    "error_level": 3,    "exit_code": 1,    "type": "exit_code"   }  ],  "job_metrics": [   {    "name": "runtime_seconds",    "plugin": "core",    "raw_value": "1.0000000",    "title": "Job Runtime (Wall Clock)",    "value": "1 second"   },   {    "name": "end_epoch",    "plugin": "core",    "raw_value": "1766451870.0000000",    "title": "Job End Time",    "value": "2025-12-23 01:04:30"   },   {    "name": "start_epoch",    "plugin": "core",    "raw_value": "1766451869.0000000",    "title": "Job Start Time",    "value": "2025-12-23 01:04:29"   },   {    "name": "galaxy_memory_mb",    "plugin": "core",    "raw_value": "51539.0000000",    "title": "Memory Allocated (MB)",    "value": "51539"   },   {    "name": "galaxy_slots",    "plugin": "core",    "raw_value": "1.0000000",    "title": "Cores Allocated",    "value": "1"   }  ],  "job_runner_name": null,  "job_stderr": "",  "job_stdout": "",  "model_class": "Job",  "output_collections": {},  "outputs": {   "out_log": {    "id": "89140506c11a2596",    "src": "hda",    "uuid": "cd91c2b2-2f5d-4328-be16-abea328f92e1"   },   "out_variants": {    "id": "0e641730aa3a658a",    "src": "hda",    "uuid": "e49a723b-d211-4e11-bfc9-ae81d765e1c6"   }  },  "params": {   "__input_ext": "\"input\"",   "ambig_ref": "true",   "chromInfo": "\"/cvmfs/data.galaxyproject.org/managed/len/ucsc/?.len\"",   "dbkey": "\"?\"",   "gvcf": "false",   "output_annotated": "{\"__current_case__\": 0, \"in_bam\": {\"values\": [{\"id\": 11, \"src\": \"hda\"}]}, \"output_annotated_select\": \"true\", \"pad\": \"25\"}",   "output_log_bool": "true",   "pool": "{\"__current_case__\": 1, \"input\": {\"values\": [{\"id\": 9, \"src\": \"hda\"}]}, \"pool_mode\": \"No\"}",   "reference_source": "{\"__current_case__\": 1, \"ref_file\": {\"values\": [{\"id\": 10, \"src\": \"hda\"}]}, \"reference_source_selector\": \"history\"}",   "regions": "\"\"",   "verbose": "false"  },  "state": "error",  "stderr": "",  "stdout": "",  "tool_id": "toolshed.g2.bx.psu.edu/repos/iuc/medaka_variant/medaka_variant/2.1.1+galaxy0",  "tool_stderr": "",  "tool_stdout": "",  "update_time": "2025-12-23T01:04:48.564217",  "user_email": "tests@fake.org" }, "output_problems": [  "Job in error state.. tool_id: toolshed.g2.bx.psu.edu/repos/iuc/medaka_variant/medaka_variant/2.1.1+galaxy0, exit_code: 1, stderr: .",  "Job in error state.. tool_id: toolshed.g2.bx.psu.edu/repos/iuc/medaka_variant/medaka_variant/2.1.1+galaxy0, exit_code: 1, stderr: .",  "Job in error state.. tool_id: toolshed.g2.bx.psu.edu/repos/iuc/medaka_variant/medaka_variant/2.1.1+galaxy0, exit_code: 1, stderr: ." ], "status": "failure", "test_index": 1, "time_seconds": 73.84340071678162, "tool_id": "medaka_variant", "tool_version": "2.1.1+galaxy0"}
                ]]></error>
            
            <system-out><![CDATA[
            
            ]]></system-out>
            <system-err><![CDATA[
            
            ]]></system-err>
        
    </testcase>
    
    <testcase classname="medaka_variant (Test #3)" name="2" time="35.00204110145569">
        
            
                <error type="error" message="Tool exit code: 1"><![CDATA[
                    { "inputs": {  "output_annotated|output_annotated_select": "false",  "output_log_bool": false,  "pool|input": {   "id": "d34b6fd2da22e463",   "src": "hda"  },  "pool|pool_mode": "No",  "reference_source|ref_file": {   "id": "5a1581bd539defa5",   "src": "hda"  },  "reference_source|reference_source_selector": "history" }, "job": {  "command_line": "cp \u0027/galaxy/server/database/objects/f/1/1/dataset_f117bec8-f78d-4df7-9475-78178a5484a3.dat\u0027 reference.fa \u0026\u0026    medaka vcf --debug    \u0027/galaxy/server/database/objects/d/5/6/dataset_d56fd435-8d74-40a6-ae75-daec68ddc3f0.dat\u0027 reference.fa \u0027/galaxy/server/database/objects/f/f/a/dataset_ffa64e3b-576e-4d21-8ba4-e87d687a6f4a.dat\u0027 2\u003e\u00261 | tee log.txt",  "command_version": "Traceback (most recent call last):\n  File \"/usr/local/bin/medaka\", line 7, in \u003cmodule\u003e\n    from medaka.medaka import main\n  File \"/usr/local/lib/python3.12/site-packages/medaka/medaka.py\", line 5, in \u003cmodule\u003e\n    import medaka.torch_ext\n  File \"/usr/local/lib/python3.12/site-packages/medaka/torch_ext.py\", line 16, in \u003cmodule\u003e\n    import medaka.common\n  File \"/usr/local/lib/python3.12/site-packages/medaka/common.py\", line 21, in \u003cmodule\u003e\n    import libmedaka\nModuleNotFoundError: No module named \u0027_cffi_backend\u0027",  "copied_from_job_id": null,  "create_time": "2025-12-23T01:05:09.463506",  "dependencies": [],  "exit_code": 1,  "external_id": "gxy-5c95n",  "galaxy_version": "24.1",  "handler": null,  "history_id": "723b425e3e53720f",  "id": "5a1581bd539defa5",  "inputs": {   "pool|input": {    "id": "d34b6fd2da22e463",    "src": "hda",    "uuid": "d56fd435-8d74-40a6-ae75-daec68ddc3f0"   },   "reference_source|ref_file": {    "id": "5a1581bd539defa5",    "src": "hda",    "uuid": "f117bec8-f78d-4df7-9475-78178a5484a3"   }  },  "job_messages": [   {    "code_desc": "",    "desc": "Fatal error: Exit code 1 ()",    "error_level": 3,    "exit_code": 1,    "type": "exit_code"   }  ],  "job_metrics": [   {    "name": "runtime_seconds",    "plugin": "core",    "raw_value": "1.0000000",    "title": "Job Runtime (Wall Clock)",    "value": "1 second"   },   {    "name": "end_epoch",    "plugin": "core",    "raw_value": "1766451912.0000000",    "title": "Job End Time",    "value": "2025-12-23 01:05:12"   },   {    "name": "start_epoch",    "plugin": "core",    "raw_value": "1766451911.0000000",    "title": "Job Start Time",    "value": "2025-12-23 01:05:11"   },   {    "name": "galaxy_memory_mb",    "plugin": "core",    "raw_value": "51539.0000000",    "title": "Memory Allocated (MB)",    "value": "51539"   },   {    "name": "galaxy_slots",    "plugin": "core",    "raw_value": "1.0000000",    "title": "Cores Allocated",    "value": "1"   }  ],  "job_runner_name": null,  "job_stderr": "",  "job_stdout": "",  "model_class": "Job",  "output_collections": {},  "outputs": {   "out_variants": {    "id": "4cb7470a5c1c7f42",    "src": "hda",    "uuid": "ffa64e3b-576e-4d21-8ba4-e87d687a6f4a"   }  },  "params": {   "__input_ext": "\"input\"",   "ambig_ref": "false",   "chromInfo": "\"/cvmfs/data.galaxyproject.org/managed/len/ucsc/?.len\"",   "dbkey": "\"?\"",   "gvcf": "false",   "output_annotated": "{\"__current_case__\": 1, \"output_annotated_select\": \"false\"}",   "output_log_bool": "false",   "pool": "{\"__current_case__\": 1, \"input\": {\"values\": [{\"id\": 14, \"src\": \"hda\"}]}, \"pool_mode\": \"No\"}",   "reference_source": "{\"__current_case__\": 1, \"ref_file\": {\"values\": [{\"id\": 15, \"src\": \"hda\"}]}, \"reference_source_selector\": \"history\"}",   "regions": "\"\"",   "verbose": "false"  },  "state": "error",  "stderr": "",  "stdout": "",  "tool_id": "toolshed.g2.bx.psu.edu/repos/iuc/medaka_variant/medaka_variant/2.1.1+galaxy0",  "tool_stderr": "",  "tool_stdout": "",  "update_time": "2025-12-23T01:05:23.019494",  "user_email": "tests@fake.org" }, "output_problems": [  "Job in error state.. tool_id: toolshed.g2.bx.psu.edu/repos/iuc/medaka_variant/medaka_variant/2.1.1+galaxy0, exit_code: 1, stderr: .",  "Job in error state.. tool_id: toolshed.g2.bx.psu.edu/repos/iuc/medaka_variant/medaka_variant/2.1.1+galaxy0, exit_code: 1, stderr: ." ], "status": "failure", "test_index": 2, "time_seconds": 35.00204110145569, "tool_id": "medaka_variant", "tool_version": "2.1.1+galaxy0"}
                ]]></error>
            
            <system-out><![CDATA[
            
            ]]></system-out>
            <system-err><![CDATA[
            
            ]]></system-err>
        
    </testcase>
    
    <testcase classname="poretools_times (Test #1)" name="0" time="55.7715859413147">
        
            
            <system-out><![CDATA[
            
            ]]></system-out>
            <system-err><![CDATA[
            
            ]]></system-err>
        
    </testcase>
    
    <testcase classname="sailfish (Test #1)" name="0" time="47.97511577606201">
        
            
            <system-out><![CDATA[
            
            ]]></system-out>
            <system-err><![CDATA[
            Version Info: Could not resolve upgrade information in the alotted time.Check for upgrades manually at www.cs.cmu.edu/~ckingsf/sailfish.writing log to ./index_dir/logs/sailfish_index.logRapMap Indexer[Step 1 of 4] : counting k-mersElapsed time: 0.00098849sReplaced 0 non-ATCG nucleotidesClipped poly-A tails from 0 transcriptsBuilding rank-select dictionary and saving to disk doneElapsed time: 1.2401e-05sWriting sequence data to file . . . doneElapsed time: 5.853e-05s[info] Building 32-bit suffix array (length of generalized text is 28577)Building suffix array . . . successsaving to disk . . . doneElapsed time: 0.00011988sdoneElapsed time: 0.00249006sprocessed 0 positionskhash had 18955 keyssaving hash to disk . . . doneElapsed time: 0.00124701sVersion Info: Could not resolve upgrade information in the alotted time.Check for upgrades manually at www.cs.cmu.edu/~ckingsf/sailfish.# sailfish (quasi-mapping-based) v0.9.2# [ program ] => sailfish # [ command ] => quant # [ index ] => { ./index_dir }# [ mates1 ] => { ./mate1.fastq }# [ mates2 ] => { ./mate2.fastq }# [ libType ] => { IU }# [ output ] => { ./results }# [ threads ] => { 8 }# [ gcSizeSamp ] => { 1 }# [ gcSpeedSamp ] => { 1 }# [ fldMean ] => { 200 }# [ fldSD ] => { 80 }# [ maxReadOcc ] => { 200 }# [ maxFragLen ] => { 1000 }# [ txpAggregationKey ] => { gene_id }# [ numBiasSamples ] => { 1000000 }# [ numFragSamples ] => { 10000 }# [ numGibbsSamples ] => { 0 }# [ numBootstraps ] => { 0 }Logs will be written to ./results/logs[2025-12-23 01:10:17.499] [jointLog] [info] parsing read library formatthere is 1 libLoading 32-bit quasi indexIndex contained 15 targetsLoaded targets[2025-12-23 01:10:17.555] [jointLog] [info] Loading Quasi index[2025-12-23 01:10:17.558] [jointLog] [info] done[2025-12-23 01:10:17.576] [jointLog] [info] Gathered fragment lengths from all threads[2025-12-23 01:10:17.576] [jointLog] [warning] Sailfish saw fewer then 10000 uniquely mapped reads so 200 will be used as the mean fragment length and 80 as the standard deviation for effective length correction[2025-12-23 01:10:17.576] [jointLog] [info] Estimating effective lengthsDone Quasi-Mapping [2025-12-23 01:10:17.585] [jointLog] [info] Computed 21 rich equivalence classes for further processing[2025-12-23 01:10:17.585] [jointLog] [info] Counted 10000 total reads in the equivalence classes [2025-12-23 01:10:17.585] [jointLog] [info] Starting optimizer:[2025-12-23 01:10:17.585] [jointLog] [info] Optimizing over 21 equivalence classes[2025-12-23 01:10:17.585] [jointLog] [info] iteration = 0 | max rel diff. = 14.873[2025-12-23 01:10:17.585] [jointLog] [info] iteration = 64 | max rel diff. = 0.00117687[2025-12-23 01:10:17.585] [jointLog] [info] Finished optimizer[2025-12-23 01:10:17.585] [jointLog] [info] writing output [2025-12-23 01:10:17.556] [stderrLog] [info] Loading Suffix Array [2025-12-23 01:10:17.557] [stderrLog] [info] Loading Position Hash[2025-12-23 01:10:17.557] [stderrLog] [info] Loading Transcript Info [2025-12-23 01:10:17.558] [stderrLog] [info] Loading Rank-Select Bit Array[2025-12-23 01:10:17.558] [stderrLog] [info] There were 15 set bits in the bit array[2025-12-23 01:10:17.558] [stderrLog] [info] Computing transcript lengths[2025-12-23 01:10:17.558] [stderrLog] [info] Waiting to finish loading hash[2025-12-23 01:10:17.558] [stderrLog] [info] Done loading index
            ]]></system-err>
        
    </testcase>
    
    <testcase classname="sailfish (Test #2)" name="1" time="32.223161458969116">
        
            
                <error type="error" message="Tool exit code: None"><![CDATA[
                    { "inputs": {  "biasCorrect": false,  "refTranscriptSource|TranscriptSource": "history",  "refTranscriptSource|ownFile": {   "id": "abbdebdc6cd65219",   "src": "hda"  },  "single_or_paired|input_mate1": {   "id": "2620877fc18f4fe9",   "src": "hda"  },  "single_or_paired|input_mate2": {   "id": "eb8a90e46a6a9096",   "src": "hda"  },  "single_or_paired|single_or_paired_opts": "paired" }, "job": {  "command_line": "sailfish index --transcripts /galaxy/server/database/objects/9/3/e/dataset_93e7d998-af1f-4dd2-826b-2a2286ee0247.dat --kmerSize 21 --out ./index_dir --threads \"${GALAXY_SLOTS:-4}\" \u0026\u0026 ln -s /galaxy/server/database/objects/4/5/2/dataset_45248a99-b21a-4740-896d-94ed17506b3a.dat ./mate1.fastq \u0026\u0026 ln -s /galaxy/server/database/objects/f/5/9/dataset_f59f1b1d-534d-40f6-9189-e5e4ab6b369f.dat ./mate2.fastq \u0026\u0026 sailfish quant --index ./index_dir --mates1 \u003c(zcat ./mate1.fastq) --mates2 \u003c(zcat ./mate2.fastq) --libType \"IU\" --output ./results   --threads \"${GALAXY_SLOTS:-4}\"  --gcSizeSamp 1 --gcSpeedSamp 1 --fldMean 200 --fldSD 80 --maxReadOcc 200      --maxFragLen 1000 --txpAggregationKey \u0027gene_id\u0027    --numBiasSamples 1000000 --numFragSamples 10000 --numGibbsSamples 0 --numBootstraps 0",  "command_version": null,  "copied_from_job_id": null,  "create_time": "2025-12-23T01:10:55.844424",  "dependencies": [],  "exit_code": null,  "external_id": "gxy-8b2ws",  "galaxy_version": "24.1",  "handler": null,  "history_id": "723b425e3e53720f",  "id": "eb8a90e46a6a9096",  "inputs": {   "refTranscriptSource|ownFile": {    "id": "abbdebdc6cd65219",    "src": "hda",    "uuid": "93e7d998-af1f-4dd2-826b-2a2286ee0247"   },   "single_or_paired|input_mate1": {    "id": "2620877fc18f4fe9",    "src": "hda",    "uuid": "45248a99-b21a-4740-896d-94ed17506b3a"   },   "single_or_paired|input_mate2": {    "id": "eb8a90e46a6a9096",    "src": "hda",    "uuid": "f59f1b1d-534d-40f6-9189-e5e4ab6b369f"   }  },  "job_messages": null,  "job_metrics": [],  "job_runner_name": null,  "job_stderr": null,  "job_stdout": null,  "model_class": "Job",  "output_collections": {},  "outputs": {   "output_quant": {    "id": "8dfbc4a02fc595ce",    "src": "hda",    "uuid": "96a4864d-d3f9-4b42-bace-bda1a3b1acde"   }  },  "params": {   "__input_ext": "\"fasta\"",   "allowDovetail": "false",   "biasCorrect": "false",   "chromInfo": "\"/cvmfs/data.galaxyproject.org/managed/len/ucsc/?.len\"",   "dbkey": "\"?\"",   "discardOrphans": "false",   "dumpEq": "false",   "enforceLibCompat": "false",   "fldMean": "\"200\"",   "fldSD": "\"80\"",   "gcBiasCorrect": "false",   "gcSizeSamp": "\"1\"",   "gcSpeedSamp": "\"1\"",   "geneMap": null,   "ignoreLibCompat": "false",   "maxFragLen": "\"1000\"",   "maxReadOcc": "\"200\"",   "noEffectiveLengthCorrection": "false",   "numBiasSamples": "\"1000000\"",   "numBootstraps": "\"0\"",   "numFragSamples": "\"10000\"",   "numGibbsSamples": "\"0\"",   "refTranscriptSource": "{\"TranscriptSource\": \"history\", \"__current_case__\": 1, \"kmerSize\": \"21\", \"ownFile\": {\"values\": [{\"id\": 38, \"src\": \"hda\"}]}}",   "single_or_paired": "{\"__current_case__\": 1, \"input_mate1\": {\"values\": [{\"id\": 39, \"src\": \"hda\"}]}, \"input_mate2\": {\"values\": [{\"id\": 40, \"src\": \"hda\"}]}, \"orientation\": \"I\", \"single_or_paired_opts\": \"paired\", \"strandedness\": \"U\"}",   "strictIntersect": "false",   "txpAggregationKey": "\"gene_id\"",   "unsmoothedFLD": "false",   "useVBOpt": "false"  },  "state": "error",  "stderr": "Version Info: Could not resolve upgrade information in the alotted time.\nCheck for upgrades manually at www.cs.cmu.edu/~ckingsf/sailfish.\nwriting log to ./index_dir/logs/sailfish_index.log\nRapMap Indexer\n\n[Step 1 of 4] : counting k-mers\nElapsed time: 0.000975011s\n\nReplaced 0 non-ATCG nucleotides\nClipped poly-A tails from 0 transcripts\nBuilding rank-select dictionary and saving to disk done\nElapsed time: 1.333e-05s\nWriting sequence data to file . . . done\nElapsed time: 4.1699e-05s\n[info] Building 32-bit suffix array (length of generalized text is 28577)\nBuilding suffix array . . . success\nsaving to disk . . . done\nElapsed time: 8.425e-05s\ndone\nElapsed time: 0.00250577s\n\r\rprocessed 0 positions\nkhash had 18955 keys\nsaving hash to disk . . . done\nElapsed time: 0.00137528s\nVersion Info: Could not resolve upgrade information in the alotted time.\nCheck for upgrades manually at www.cs.cmu.edu/~ckingsf/sailfish.\n# sailfish (quasi-mapping-based) v0.9.2\n# [ program ] =\u003e sailfish \n# [ command ] =\u003e quant \n# [ index ] =\u003e { ./index_dir }\n# [ mates1 ] =\u003e { /dev/fd/63 }\n# [ mates2 ] =\u003e { /dev/fd/62 }\n# [ libType ] =\u003e { IU }\n# [ output ] =\u003e { ./results }\n# [ threads ] =\u003e { 8 }\n# [ gcSizeSamp ] =\u003e { 1 }\n# [ gcSpeedSamp ] =\u003e { 1 }\n# [ fldMean ] =\u003e { 200 }\n# [ fldSD ] =\u003e { 80 }\n# [ maxReadOcc ] =\u003e { 200 }\n# [ maxFragLen ] =\u003e { 1000 }\n# [ txpAggregationKey ] =\u003e { gene_id }\n# [ numBiasSamples ] =\u003e { 1000000 }\n# [ numFragSamples ] =\u003e { 10000 }\n# [ numGibbsSamples ] =\u003e { 0 }\n# [ numBootstraps ] =\u003e { 0 }\nLogs will be written to ./results/logs\n[2025-12-23 01:10:57.668] [jointLog] [info] parsing read library format\nthere is 1 lib\nLoading 32-bit quasi indexIndex contained 15 targets\nLoaded targets\n\n\n\n[2025-12-23 01:10:57.723] [jointLog] [info] Loading Quasi index\n[2025-12-23 01:10:57.727] [jointLog] [info] done\n[2025-12-23 01:10:57.743] [jointLog] [info] Gathered fragment lengths from all threads\n[2025-12-23 01:10:57.743] [jointLog] [warning] Sailfish saw fewer then 10000 uniquely mapped reads so 200 will be used as the mean fragment length and 80 as the standard deviation for effective length correction\n[2025-12-23 01:10:57.744] [jointLog] [info] Estimating effective lengths\nDone Quasi-Mapping \n\n[2025-12-23 01:10:57.751] [jointLog] [info] Computed 21 rich equivalence classes for further processing\n[2025-12-23 01:10:57.751] [jointLog] [info] Counted 10000 total reads in the equivalence classes \n[2025-12-23 01:10:57.752] [jointLog] [info] Starting optimizer:\n\n[2025-12-23 01:10:57.752] [jointLog] [info] Optimizing over 21 equivalence classes\n[2025-12-23 01:10:57.752] [jointLog] [info] iteration = 0 | max rel diff. = 14.873\n[2025-12-23 01:10:57.752] [jointLog] [info] iteration = 64 | max rel diff. = 0.00117687\n[2025-12-23 01:10:57.752] [jointLog] [info] Finished optimizer\n[2025-12-23 01:10:57.752] [jointLog] [info] writing output \n\n[2025-12-23 01:10:57.725] [stderrLog] [info] Loading Position Hash\n[2025-12-23 01:10:57.725] [stderrLog] [info] Loading Suffix Array \n[2025-12-23 01:10:57.725] [stderrLog] [info] Loading Transcript Info \n[2025-12-23 01:10:57.726] [stderrLog] [info] Loading Rank-Select Bit Array\n[2025-12-23 01:10:57.726] [stderrLog] [info] There were 15 set bits in the bit array\n[2025-12-23 01:10:57.727] [stderrLog] [info] Computing transcript lengths\n[2025-12-23 01:10:57.727] [stderrLog] [info] Waiting to finish loading hash\n[2025-12-23 01:10:57.727] [stderrLog] [info] Done loading index\n",  "stdout": "",  "tool_id": "toolshed.g2.bx.psu.edu/repos/bgruening/sailfish/sailfish/0.10.1.1",  "tool_stderr": "Version Info: Could not resolve upgrade information in the alotted time.\nCheck for upgrades manually at www.cs.cmu.edu/~ckingsf/sailfish.\nwriting log to ./index_dir/logs/sailfish_index.log\nRapMap Indexer\n\n[Step 1 of 4] : counting k-mers\nElapsed time: 0.000975011s\n\nReplaced 0 non-ATCG nucleotides\nClipped poly-A tails from 0 transcripts\nBuilding rank-select dictionary and saving to disk done\nElapsed time: 1.333e-05s\nWriting sequence data to file . . . done\nElapsed time: 4.1699e-05s\n[info] Building 32-bit suffix array (length of generalized text is 28577)\nBuilding suffix array . . . success\nsaving to disk . . . done\nElapsed time: 8.425e-05s\ndone\nElapsed time: 0.00250577s\n\r\rprocessed 0 positions\nkhash had 18955 keys\nsaving hash to disk . . . done\nElapsed time: 0.00137528s\nVersion Info: Could not resolve upgrade information in the alotted time.\nCheck for upgrades manually at www.cs.cmu.edu/~ckingsf/sailfish.\n# sailfish (quasi-mapping-based) v0.9.2\n# [ program ] =\u003e sailfish \n# [ command ] =\u003e quant \n# [ index ] =\u003e { ./index_dir }\n# [ mates1 ] =\u003e { /dev/fd/63 }\n# [ mates2 ] =\u003e { /dev/fd/62 }\n# [ libType ] =\u003e { IU }\n# [ output ] =\u003e { ./results }\n# [ threads ] =\u003e { 8 }\n# [ gcSizeSamp ] =\u003e { 1 }\n# [ gcSpeedSamp ] =\u003e { 1 }\n# [ fldMean ] =\u003e { 200 }\n# [ fldSD ] =\u003e { 80 }\n# [ maxReadOcc ] =\u003e { 200 }\n# [ maxFragLen ] =\u003e { 1000 }\n# [ txpAggregationKey ] =\u003e { gene_id }\n# [ numBiasSamples ] =\u003e { 1000000 }\n# [ numFragSamples ] =\u003e { 10000 }\n# [ numGibbsSamples ] =\u003e { 0 }\n# [ numBootstraps ] =\u003e { 0 }\nLogs will be written to ./results/logs\n[2025-12-23 01:10:57.668] [jointLog] [info] parsing read library format\nthere is 1 lib\nLoading 32-bit quasi indexIndex contained 15 targets\nLoaded targets\n\n\n\n[2025-12-23 01:10:57.723] [jointLog] [info] Loading Quasi index\n[2025-12-23 01:10:57.727] [jointLog] [info] done\n[2025-12-23 01:10:57.743] [jointLog] [info] Gathered fragment lengths from all threads\n[2025-12-23 01:10:57.743] [jointLog] [warning] Sailfish saw fewer then 10000 uniquely mapped reads so 200 will be used as the mean fragment length and 80 as the standard deviation for effective length correction\n[2025-12-23 01:10:57.744] [jointLog] [info] Estimating effective lengths\nDone Quasi-Mapping \n\n[2025-12-23 01:10:57.751] [jointLog] [info] Computed 21 rich equivalence classes for further processing\n[2025-12-23 01:10:57.751] [jointLog] [info] Counted 10000 total reads in the equivalence classes \n[2025-12-23 01:10:57.752] [jointLog] [info] Starting optimizer:\n\n[2025-12-23 01:10:57.752] [jointLog] [info] Optimizing over 21 equivalence classes\n[2025-12-23 01:10:57.752] [jointLog] [info] iteration = 0 | max rel diff. = 14.873\n[2025-12-23 01:10:57.752] [jointLog] [info] iteration = 64 | max rel diff. = 0.00117687\n[2025-12-23 01:10:57.752] [jointLog] [info] Finished optimizer\n[2025-12-23 01:10:57.752] [jointLog] [info] writing output \n\n[2025-12-23 01:10:57.725] [stderrLog] [info] Loading Position Hash\n[2025-12-23 01:10:57.725] [stderrLog] [info] Loading Suffix Array \n[2025-12-23 01:10:57.725] [stderrLog] [info] Loading Transcript Info \n[2025-12-23 01:10:57.726] [stderrLog] [info] Loading Rank-Select Bit Array\n[2025-12-23 01:10:57.726] [stderrLog] [info] There were 15 set bits in the bit array\n[2025-12-23 01:10:57.727] [stderrLog] [info] Computing transcript lengths\n[2025-12-23 01:10:57.727] [stderrLog] [info] Waiting to finish loading hash\n[2025-12-23 01:10:57.727] [stderrLog] [info] Done loading index\n",  "tool_stdout": "",  "update_time": "2025-12-23T01:11:00.826783",  "user_email": "tests@fake.org" }, "output_problems": [  "Job in error state.. tool_id: toolshed.g2.bx.psu.edu/repos/bgruening/sailfish/sailfish/0.10.1.1, exit_code: None, stderr: Version Info: Could not resolve upgrade information in the alotted time.\nCheck for upgrades manually at www.cs.cmu.edu/~ckingsf/sailfish.\nwriting log to ./index_dir/logs/sailfish_index.log\nRapMap Indexer\n\n[Step 1 of 4] : counting k-mers\nElapsed time: 0.000975011s\n\nReplaced 0 non-ATCG nucleotides\nClipped poly-A tails from 0 transcripts\nBuilding rank-select dictionary and saving to disk done\nElapsed time: 1.333e-05s\nWriting sequence data to file . . . done\nElapsed time: 4.1699e-05s\n[info] Building 32-bit suffix array (length of generalized text is 28577)\nBuilding suffix array . . . success\nsaving to disk . . . done\nElapsed time: 8.425e-05s\ndone\nElapsed time: 0.00250577s\n\r\rprocessed 0 positions\nkhash had 18955 keys\nsaving hash to disk . . . done\nElapsed time: 0.00137528s\nVersion Info: Could not resolve upgrade information in the alotted time.\nCheck for upgrades manually at www.cs.cmu.edu/~ckingsf/sailfish.\n# sailfish (quasi-mapping-based) v0.9.2\n# [ program ] =\u003e sailfish \n# [ command ] =\u003e quant \n# [ index ] =\u003e { ./index_dir }\n# [ mates1 ] =\u003e { /dev/fd/63 }\n# [ mates2 ] =\u003e { /dev/fd/62 }\n# [ libType ] =\u003e { IU }\n# [ output ] =\u003e { ./results }\n# [ threads ] =\u003e { 8 }\n# [ gcSizeSamp ] =\u003e { 1 }\n# [ gcSpeedSamp ] =\u003e { 1 }\n# [ fldMean ] =\u003e { 200 }\n# [ fldSD ] =\u003e { 80 }\n# [ maxReadOcc ] =\u003e { 200 }\n# [ maxFragLen ] =\u003e { 1000 }\n# [ txpAggregationKey ] =\u003e { gene_id }\n# [ numBiasSamples ] =\u003e { 1000000 }\n# [ numFragSamples ] =\u003e { 10000 }\n# [ numGibbsSamples ] =\u003e { 0 }\n# [ numBootstraps ] =\u003e { 0 }\nLogs will be written to ./results/logs\n[2025-12-23 01:10:57.668] [jointLog] [info] parsing read library format\nthere is 1 lib\nLoading 32-bit quasi indexIndex contained 15 targets\nLoaded targets\n\n\n\n[2025-12-23 01:10:57.723] [jointLog] [info] Loading Quasi index\n[2025-12-23 01:10:57.727] [jointLog] [info] done\n[2025-12-23 01:10:57.743] [jointLog] [info] Gathered fragment lengths from all threads\n[2025-12-23 01:10:57.743] [jointLog] [warning] Sailfish saw fewer then 10000 uniquely mapped reads so 200 will be used as the mean fragment length and 80 as the standard deviation for effective length correction\n[2025-12-23 01:10:57.744] [jointLog] [info] Estimating effective lengths\nDone Quasi-Mapping \n\n[2025-12-23 01:10:57.751] [jointLog] [info] Computed 21 rich equivalence classes for further processing\n[2025-12-23 01:10:57.751] [jointLog] [info] Counted 10000 total reads in the equivalence classes \n[2025-12-23 01:10:57.752] [jointLog] [info] Starting optimizer:\n\n[2025-12-23 01:10:57.752] [jointLog] [info] Optimizing over 21 equivalence classes\n[2025-12-23 01:10:57.752] [jointLog] [info] iteration = 0 | max rel diff. = 14.873\n[2025-12-23 01:10:57.752] [jointLog] [info] iteration = 64 | max rel diff. = 0.00117687\n[2025-12-23 01:10:57.752] [jointLog] [info] Finished optimizer\n[2025-12-23 01:10:57.752] [jointLog] [info] writing output \n\n[2025-12-23 01:10:57.725] [stderrLog] [info] Loading Position Hash\n[2025-12-23 01:10:57.725] [stderrLog] [info] Loading Suffix Array \n[2025-12-23 01:10:57.725] [stderrLog] [info] Loading Transcript Info \n[2025-12-23 01:10:57.726] [stderrLog] [info] Loading Rank-Select Bit Array\n[2025-12-23 01:10:57.726] [stderrLog] [info] There were 15 set bits in the bit array\n[2025-12-23 01:10:57.727] [stderrLog] [info] Computing transcript lengths\n[2025-12-23 01:10:57.727] [stderrLog] [info] Waiting to finish loading hash\n[2025-12-23 01:10:57.727] [stderrLog] [info] Done loading index\n.",  "Job in error state.. tool_id: toolshed.g2.bx.psu.edu/repos/bgruening/sailfish/sailfish/0.10.1.1, exit_code: None, stderr: Version Info: Could not resolve upgrade information in the alotted time.\nCheck for upgrades manually at www.cs.cmu.edu/~ckingsf/sailfish.\nwriting log to ./index_dir/logs/sailfish_index.log\nRapMap Indexer\n\n[Step 1 of 4] : counting k-mers\nElapsed time: 0.000975011s\n\nReplaced 0 non-ATCG nucleotides\nClipped poly-A tails from 0 transcripts\nBuilding rank-select dictionary and saving to disk done\nElapsed time: 1.333e-05s\nWriting sequence data to file . . . done\nElapsed time: 4.1699e-05s\n[info] Building 32-bit suffix array (length of generalized text is 28577)\nBuilding suffix array . . . success\nsaving to disk . . . done\nElapsed time: 8.425e-05s\ndone\nElapsed time: 0.00250577s\n\r\rprocessed 0 positions\nkhash had 18955 keys\nsaving hash to disk . . . done\nElapsed time: 0.00137528s\nVersion Info: Could not resolve upgrade information in the alotted time.\nCheck for upgrades manually at www.cs.cmu.edu/~ckingsf/sailfish.\n# sailfish (quasi-mapping-based) v0.9.2\n# [ program ] =\u003e sailfish \n# [ command ] =\u003e quant \n# [ index ] =\u003e { ./index_dir }\n# [ mates1 ] =\u003e { /dev/fd/63 }\n# [ mates2 ] =\u003e { /dev/fd/62 }\n# [ libType ] =\u003e { IU }\n# [ output ] =\u003e { ./results }\n# [ threads ] =\u003e { 8 }\n# [ gcSizeSamp ] =\u003e { 1 }\n# [ gcSpeedSamp ] =\u003e { 1 }\n# [ fldMean ] =\u003e { 200 }\n# [ fldSD ] =\u003e { 80 }\n# [ maxReadOcc ] =\u003e { 200 }\n# [ maxFragLen ] =\u003e { 1000 }\n# [ txpAggregationKey ] =\u003e { gene_id }\n# [ numBiasSamples ] =\u003e { 1000000 }\n# [ numFragSamples ] =\u003e { 10000 }\n# [ numGibbsSamples ] =\u003e { 0 }\n# [ numBootstraps ] =\u003e { 0 }\nLogs will be written to ./results/logs\n[2025-12-23 01:10:57.668] [jointLog] [info] parsing read library format\nthere is 1 lib\nLoading 32-bit quasi indexIndex contained 15 targets\nLoaded targets\n\n\n\n[2025-12-23 01:10:57.723] [jointLog] [info] Loading Quasi index\n[2025-12-23 01:10:57.727] [jointLog] [info] done\n[2025-12-23 01:10:57.743] [jointLog] [info] Gathered fragment lengths from all threads\n[2025-12-23 01:10:57.743] [jointLog] [warning] Sailfish saw fewer then 10000 uniquely mapped reads so 200 will be used as the mean fragment length and 80 as the standard deviation for effective length correction\n[2025-12-23 01:10:57.744] [jointLog] [info] Estimating effective lengths\nDone Quasi-Mapping \n\n[2025-12-23 01:10:57.751] [jointLog] [info] Computed 21 rich equivalence classes for further processing\n[2025-12-23 01:10:57.751] [jointLog] [info] Counted 10000 total reads in the equivalence classes \n[2025-12-23 01:10:57.752] [jointLog] [info] Starting optimizer:\n\n[2025-12-23 01:10:57.752] [jointLog] [info] Optimizing over 21 equivalence classes\n[2025-12-23 01:10:57.752] [jointLog] [info] iteration = 0 | max rel diff. = 14.873\n[2025-12-23 01:10:57.752] [jointLog] [info] iteration = 64 | max rel diff. = 0.00117687\n[2025-12-23 01:10:57.752] [jointLog] [info] Finished optimizer\n[2025-12-23 01:10:57.752] [jointLog] [info] writing output \n\n[2025-12-23 01:10:57.725] [stderrLog] [info] Loading Position Hash\n[2025-12-23 01:10:57.725] [stderrLog] [info] Loading Suffix Array \n[2025-12-23 01:10:57.725] [stderrLog] [info] Loading Transcript Info \n[2025-12-23 01:10:57.726] [stderrLog] [info] Loading Rank-Select Bit Array\n[2025-12-23 01:10:57.726] [stderrLog] [info] There were 15 set bits in the bit array\n[2025-12-23 01:10:57.727] [stderrLog] [info] Computing transcript lengths\n[2025-12-23 01:10:57.727] [stderrLog] [info] Waiting to finish loading hash\n[2025-12-23 01:10:57.727] [stderrLog] [info] Done loading index\n." ], "status": "failure", "test_index": 1, "time_seconds": 32.223161458969116, "tool_id": "sailfish", "tool_version": "0.10.1.1"}
                ]]></error>
            
            <system-out><![CDATA[
            
            ]]></system-out>
            <system-err><![CDATA[
            Version Info: Could not resolve upgrade information in the alotted time.Check for upgrades manually at www.cs.cmu.edu/~ckingsf/sailfish.writing log to ./index_dir/logs/sailfish_index.logRapMap Indexer[Step 1 of 4] : counting k-mersElapsed time: 0.000975011sReplaced 0 non-ATCG nucleotidesClipped poly-A tails from 0 transcriptsBuilding rank-select dictionary and saving to disk doneElapsed time: 1.333e-05sWriting sequence data to file . . . doneElapsed time: 4.1699e-05s[info] Building 32-bit suffix array (length of generalized text is 28577)Building suffix array . . . successsaving to disk . . . doneElapsed time: 8.425e-05sdoneElapsed time: 0.00250577sprocessed 0 positionskhash had 18955 keyssaving hash to disk . . . doneElapsed time: 0.00137528sVersion Info: Could not resolve upgrade information in the alotted time.Check for upgrades manually at www.cs.cmu.edu/~ckingsf/sailfish.# sailfish (quasi-mapping-based) v0.9.2# [ program ] => sailfish # [ command ] => quant # [ index ] => { ./index_dir }# [ mates1 ] => { /dev/fd/63 }# [ mates2 ] => { /dev/fd/62 }# [ libType ] => { IU }# [ output ] => { ./results }# [ threads ] => { 8 }# [ gcSizeSamp ] => { 1 }# [ gcSpeedSamp ] => { 1 }# [ fldMean ] => { 200 }# [ fldSD ] => { 80 }# [ maxReadOcc ] => { 200 }# [ maxFragLen ] => { 1000 }# [ txpAggregationKey ] => { gene_id }# [ numBiasSamples ] => { 1000000 }# [ numFragSamples ] => { 10000 }# [ numGibbsSamples ] => { 0 }# [ numBootstraps ] => { 0 }Logs will be written to ./results/logs[2025-12-23 01:10:57.668] [jointLog] [info] parsing read library formatthere is 1 libLoading 32-bit quasi indexIndex contained 15 targetsLoaded targets[2025-12-23 01:10:57.723] [jointLog] [info] Loading Quasi index[2025-12-23 01:10:57.727] [jointLog] [info] done[2025-12-23 01:10:57.743] [jointLog] [info] Gathered fragment lengths from all threads[2025-12-23 01:10:57.743] [jointLog] [warning] Sailfish saw fewer then 10000 uniquely mapped reads so 200 will be used as the mean fragment length and 80 as the standard deviation for effective length correction[2025-12-23 01:10:57.744] [jointLog] [info] Estimating effective lengthsDone Quasi-Mapping [2025-12-23 01:10:57.751] [jointLog] [info] Computed 21 rich equivalence classes for further processing[2025-12-23 01:10:57.751] [jointLog] [info] Counted 10000 total reads in the equivalence classes [2025-12-23 01:10:57.752] [jointLog] [info] Starting optimizer:[2025-12-23 01:10:57.752] [jointLog] [info] Optimizing over 21 equivalence classes[2025-12-23 01:10:57.752] [jointLog] [info] iteration = 0 | max rel diff. = 14.873[2025-12-23 01:10:57.752] [jointLog] [info] iteration = 64 | max rel diff. = 0.00117687[2025-12-23 01:10:57.752] [jointLog] [info] Finished optimizer[2025-12-23 01:10:57.752] [jointLog] [info] writing output [2025-12-23 01:10:57.725] [stderrLog] [info] Loading Position Hash[2025-12-23 01:10:57.725] [stderrLog] [info] Loading Suffix Array [2025-12-23 01:10:57.725] [stderrLog] [info] Loading Transcript Info [2025-12-23 01:10:57.726] [stderrLog] [info] Loading Rank-Select Bit Array[2025-12-23 01:10:57.726] [stderrLog] [info] There were 15 set bits in the bit array[2025-12-23 01:10:57.727] [stderrLog] [info] Computing transcript lengths[2025-12-23 01:10:57.727] [stderrLog] [info] Waiting to finish loading hash[2025-12-23 01:10:57.727] [stderrLog] [info] Done loading index
            ]]></system-err>
        
    </testcase>
    
    <testcase classname="sailfish (Test #3)" name="2" time="12.097430944442749">
        
            <error type="error" message="Input staging problem: Traceback (most recent call last):
  File "/opt/hostedtoolcache/Python/3.12.12/x64/lib/python3.12/site-packages/galaxy/tool_util/verify/interactor.py", line 1436, in verify_tool
    stage_data_in_history(
  File "/opt/hostedtoolcache/Python/3.12.12/x64/lib/python3.12/site-packages/galaxy/tool_util/verify/interactor.py", line 175, in stage_data_in_history
    staging_interface.handle_jobs()
  File "/opt/hostedtoolcache/Python/3.12.12/x64/lib/python3.12/site-packages/galaxy/tool_util/verify/interactor.py", line 212, in handle_jobs
    self.galaxy_interactor.wait_for_job(job_response["id"], job_response["history_id"], self.maxseconds)
  File "/opt/hostedtoolcache/Python/3.12.12/x64/lib/python3.12/site-packages/galaxy/tool_util/verify/interactor.py", line 399, in wait_for_job
    self.wait_for(lambda: self.__job_ready(job_id, history_id), maxseconds=maxseconds)
  File "/opt/hostedtoolcache/Python/3.12.12/x64/lib/python3.12/site-packages/galaxy/tool_util/verify/interactor.py", line 403, in wait_for
    wait_on(func, what, walltime_exceeded)
  File "/opt/hostedtoolcache/Python/3.12.12/x64/lib/python3.12/site-packages/galaxy/tool_util/verify/wait.py", line 38, in wait_on
    value = function()
            ^^^^^^^^^^
  File "/opt/hostedtoolcache/Python/3.12.12/x64/lib/python3.12/site-packages/galaxy/tool_util/verify/interactor.py", line 399, in <lambda>
    self.wait_for(lambda: self.__job_ready(job_id, history_id), maxseconds=maxseconds)
                          ^^^^^^^^^^^^^^^^^^^^^^^^^^^^^^^^^^^^
  File "/opt/hostedtoolcache/Python/3.12.12/x64/lib/python3.12/site-packages/galaxy/tool_util/verify/interactor.py", line 749, in __job_ready
    return self._state_ready(job_id, error_msg="Job in error state.")
           ^^^^^^^^^^^^^^^^^^^^^^^^^^^^^^^^^^^^^^^^^^^^^^^^^^^^^^^^^^
  File "/opt/hostedtoolcache/Python/3.12.12/x64/lib/python3.12/site-packages/galaxy/tool_util/verify/interactor.py", line 841, in _state_ready
    raise Exception(
Exception: Job in error state.. tool_id: __DATA_FETCH__, exit_code: None, stderr: .
"><![CDATA[
                { "execution_problem": "Input staging problem: Traceback (most recent call last):\n  File \"/opt/hostedtoolcache/Python/3.12.12/x64/lib/python3.12/site-packages/galaxy/tool_util/verify/interactor.py\", line 1436, in verify_tool\n    stage_data_in_history(\n  File \"/opt/hostedtoolcache/Python/3.12.12/x64/lib/python3.12/site-packages/galaxy/tool_util/verify/interactor.py\", line 175, in stage_data_in_history\n    staging_interface.handle_jobs()\n  File \"/opt/hostedtoolcache/Python/3.12.12/x64/lib/python3.12/site-packages/galaxy/tool_util/verify/interactor.py\", line 212, in handle_jobs\n    self.galaxy_interactor.wait_for_job(job_response[\"id\"], job_response[\"history_id\"], self.maxseconds)\n  File \"/opt/hostedtoolcache/Python/3.12.12/x64/lib/python3.12/site-packages/galaxy/tool_util/verify/interactor.py\", line 399, in wait_for_job\n    self.wait_for(lambda: self.__job_ready(job_id, history_id), maxseconds=maxseconds)\n  File \"/opt/hostedtoolcache/Python/3.12.12/x64/lib/python3.12/site-packages/galaxy/tool_util/verify/interactor.py\", line 403, in wait_for\n    wait_on(func, what, walltime_exceeded)\n  File \"/opt/hostedtoolcache/Python/3.12.12/x64/lib/python3.12/site-packages/galaxy/tool_util/verify/wait.py\", line 38, in wait_on\n    value = function()\n            ^^^^^^^^^^\n  File \"/opt/hostedtoolcache/Python/3.12.12/x64/lib/python3.12/site-packages/galaxy/tool_util/verify/interactor.py\", line 399, in \u003clambda\u003e\n    self.wait_for(lambda: self.__job_ready(job_id, history_id), maxseconds=maxseconds)\n                          ^^^^^^^^^^^^^^^^^^^^^^^^^^^^^^^^^^^^\n  File \"/opt/hostedtoolcache/Python/3.12.12/x64/lib/python3.12/site-packages/galaxy/tool_util/verify/interactor.py\", line 749, in __job_ready\n    return self._state_ready(job_id, error_msg=\"Job in error state.\")\n           ^^^^^^^^^^^^^^^^^^^^^^^^^^^^^^^^^^^^^^^^^^^^^^^^^^^^^^^^^^\n  File \"/opt/hostedtoolcache/Python/3.12.12/x64/lib/python3.12/site-packages/galaxy/tool_util/verify/interactor.py\", line 841, in _state_ready\n    raise Exception(\nException: Job in error state.. tool_id: __DATA_FETCH__, exit_code: None, stderr: .\n", "status": "error", "test_index": 2, "time_seconds": 12.097430944442749, "tool_id": "sailfish", "tool_version": "0.10.1.1"}
            ]]></error>
        
    </testcase>
    
    <testcase classname="sailfish (Test #4)" name="3" time="25.106805562973022">
        
            <error type="error" message="Input staging problem: Traceback (most recent call last):
  File "/opt/hostedtoolcache/Python/3.12.12/x64/lib/python3.12/site-packages/galaxy/tool_util/verify/interactor.py", line 1436, in verify_tool
    stage_data_in_history(
  File "/opt/hostedtoolcache/Python/3.12.12/x64/lib/python3.12/site-packages/galaxy/tool_util/verify/interactor.py", line 175, in stage_data_in_history
    staging_interface.handle_jobs()
  File "/opt/hostedtoolcache/Python/3.12.12/x64/lib/python3.12/site-packages/galaxy/tool_util/verify/interactor.py", line 212, in handle_jobs
    self.galaxy_interactor.wait_for_job(job_response["id"], job_response["history_id"], self.maxseconds)
  File "/opt/hostedtoolcache/Python/3.12.12/x64/lib/python3.12/site-packages/galaxy/tool_util/verify/interactor.py", line 399, in wait_for_job
    self.wait_for(lambda: self.__job_ready(job_id, history_id), maxseconds=maxseconds)
  File "/opt/hostedtoolcache/Python/3.12.12/x64/lib/python3.12/site-packages/galaxy/tool_util/verify/interactor.py", line 403, in wait_for
    wait_on(func, what, walltime_exceeded)
  File "/opt/hostedtoolcache/Python/3.12.12/x64/lib/python3.12/site-packages/galaxy/tool_util/verify/wait.py", line 38, in wait_on
    value = function()
            ^^^^^^^^^^
  File "/opt/hostedtoolcache/Python/3.12.12/x64/lib/python3.12/site-packages/galaxy/tool_util/verify/interactor.py", line 399, in <lambda>
    self.wait_for(lambda: self.__job_ready(job_id, history_id), maxseconds=maxseconds)
                          ^^^^^^^^^^^^^^^^^^^^^^^^^^^^^^^^^^^^
  File "/opt/hostedtoolcache/Python/3.12.12/x64/lib/python3.12/site-packages/galaxy/tool_util/verify/interactor.py", line 749, in __job_ready
    return self._state_ready(job_id, error_msg="Job in error state.")
           ^^^^^^^^^^^^^^^^^^^^^^^^^^^^^^^^^^^^^^^^^^^^^^^^^^^^^^^^^^
  File "/opt/hostedtoolcache/Python/3.12.12/x64/lib/python3.12/site-packages/galaxy/tool_util/verify/interactor.py", line 841, in _state_ready
    raise Exception(
Exception: Job in error state.. tool_id: __DATA_FETCH__, exit_code: None, stderr: .
"><![CDATA[
                { "execution_problem": "Input staging problem: Traceback (most recent call last):\n  File \"/opt/hostedtoolcache/Python/3.12.12/x64/lib/python3.12/site-packages/galaxy/tool_util/verify/interactor.py\", line 1436, in verify_tool\n    stage_data_in_history(\n  File \"/opt/hostedtoolcache/Python/3.12.12/x64/lib/python3.12/site-packages/galaxy/tool_util/verify/interactor.py\", line 175, in stage_data_in_history\n    staging_interface.handle_jobs()\n  File \"/opt/hostedtoolcache/Python/3.12.12/x64/lib/python3.12/site-packages/galaxy/tool_util/verify/interactor.py\", line 212, in handle_jobs\n    self.galaxy_interactor.wait_for_job(job_response[\"id\"], job_response[\"history_id\"], self.maxseconds)\n  File \"/opt/hostedtoolcache/Python/3.12.12/x64/lib/python3.12/site-packages/galaxy/tool_util/verify/interactor.py\", line 399, in wait_for_job\n    self.wait_for(lambda: self.__job_ready(job_id, history_id), maxseconds=maxseconds)\n  File \"/opt/hostedtoolcache/Python/3.12.12/x64/lib/python3.12/site-packages/galaxy/tool_util/verify/interactor.py\", line 403, in wait_for\n    wait_on(func, what, walltime_exceeded)\n  File \"/opt/hostedtoolcache/Python/3.12.12/x64/lib/python3.12/site-packages/galaxy/tool_util/verify/wait.py\", line 38, in wait_on\n    value = function()\n            ^^^^^^^^^^\n  File \"/opt/hostedtoolcache/Python/3.12.12/x64/lib/python3.12/site-packages/galaxy/tool_util/verify/interactor.py\", line 399, in \u003clambda\u003e\n    self.wait_for(lambda: self.__job_ready(job_id, history_id), maxseconds=maxseconds)\n                          ^^^^^^^^^^^^^^^^^^^^^^^^^^^^^^^^^^^^\n  File \"/opt/hostedtoolcache/Python/3.12.12/x64/lib/python3.12/site-packages/galaxy/tool_util/verify/interactor.py\", line 749, in __job_ready\n    return self._state_ready(job_id, error_msg=\"Job in error state.\")\n           ^^^^^^^^^^^^^^^^^^^^^^^^^^^^^^^^^^^^^^^^^^^^^^^^^^^^^^^^^^\n  File \"/opt/hostedtoolcache/Python/3.12.12/x64/lib/python3.12/site-packages/galaxy/tool_util/verify/interactor.py\", line 841, in _state_ready\n    raise Exception(\nException: Job in error state.. tool_id: __DATA_FETCH__, exit_code: None, stderr: .\n", "status": "error", "test_index": 3, "time_seconds": 25.106805562973022, "tool_id": "sailfish", "tool_version": "0.10.1.1"}
            ]]></error>
        
    </testcase>
    
    <testcase classname="sam_pileup (Test #1)" name="0" time="0.0979611873626709">
        
            <error type="error" message="Input staging problem: Traceback (most recent call last):
  File "/opt/hostedtoolcache/Python/3.12.12/x64/lib/python3.12/site-packages/galaxy/tool_util/verify/interactor.py", line 1436, in verify_tool
    stage_data_in_history(
  File "/opt/hostedtoolcache/Python/3.12.12/x64/lib/python3.12/site-packages/galaxy/tool_util/verify/interactor.py", line 163, in stage_data_in_history
    test_dict = galaxy_interactor.remote_to_input(
                ^^^^^^^^^^^^^^^^^^^^^^^^^^^^^^^^^^
  File "/opt/hostedtoolcache/Python/3.12.12/x64/lib/python3.12/site-packages/galaxy/tool_util/verify/interactor.py", line 582, in remote_to_input
    path_or_location = self._get_path_or_location(
                       ^^^^^^^^^^^^^^^^^^^^^^^^^^^
  File "/opt/hostedtoolcache/Python/3.12.12/x64/lib/python3.12/site-packages/galaxy/tool_util/verify/interactor.py", line 619, in _get_path_or_location
    path = self.test_data_download(
           ^^^^^^^^^^^^^^^^^^^^^^^^
  File "/opt/hostedtoolcache/Python/3.12.12/x64/lib/python3.12/site-packages/galaxy/tool_util/verify/interactor.py", line 525, in test_data_download
    raise AssertionError(f"Test input file ({filename}) cannot be found.")
AssertionError: Test input file (sam_pileup_in1.bam) cannot be found.
"><![CDATA[
                { "execution_problem": "Input staging problem: Traceback (most recent call last):\n  File \"/opt/hostedtoolcache/Python/3.12.12/x64/lib/python3.12/site-packages/galaxy/tool_util/verify/interactor.py\", line 1436, in verify_tool\n    stage_data_in_history(\n  File \"/opt/hostedtoolcache/Python/3.12.12/x64/lib/python3.12/site-packages/galaxy/tool_util/verify/interactor.py\", line 163, in stage_data_in_history\n    test_dict = galaxy_interactor.remote_to_input(\n                ^^^^^^^^^^^^^^^^^^^^^^^^^^^^^^^^^^\n  File \"/opt/hostedtoolcache/Python/3.12.12/x64/lib/python3.12/site-packages/galaxy/tool_util/verify/interactor.py\", line 582, in remote_to_input\n    path_or_location = self._get_path_or_location(\n                       ^^^^^^^^^^^^^^^^^^^^^^^^^^^\n  File \"/opt/hostedtoolcache/Python/3.12.12/x64/lib/python3.12/site-packages/galaxy/tool_util/verify/interactor.py\", line 619, in _get_path_or_location\n    path = self.test_data_download(\n           ^^^^^^^^^^^^^^^^^^^^^^^^\n  File \"/opt/hostedtoolcache/Python/3.12.12/x64/lib/python3.12/site-packages/galaxy/tool_util/verify/interactor.py\", line 525, in test_data_download\n    raise AssertionError(f\"Test input file ({filename}) cannot be found.\")\nAssertionError: Test input file (sam_pileup_in1.bam) cannot be found.\n", "status": "error", "test_index": 0, "time_seconds": 0.0979611873626709, "tool_id": "sam_pileup", "tool_version": "1.1.3"}
            ]]></error>
        
    </testcase>
    
    <testcase classname="samtools_calmd (Test #1)" name="0" time="0.09760427474975586">
        
            <error type="error" message="Input staging problem: Traceback (most recent call last):
  File "/opt/hostedtoolcache/Python/3.12.12/x64/lib/python3.12/site-packages/galaxy/tool_util/verify/interactor.py", line 1436, in verify_tool
    stage_data_in_history(
  File "/opt/hostedtoolcache/Python/3.12.12/x64/lib/python3.12/site-packages/galaxy/tool_util/verify/interactor.py", line 163, in stage_data_in_history
    test_dict = galaxy_interactor.remote_to_input(
                ^^^^^^^^^^^^^^^^^^^^^^^^^^^^^^^^^^
  File "/opt/hostedtoolcache/Python/3.12.12/x64/lib/python3.12/site-packages/galaxy/tool_util/verify/interactor.py", line 582, in remote_to_input
    path_or_location = self._get_path_or_location(
                       ^^^^^^^^^^^^^^^^^^^^^^^^^^^
  File "/opt/hostedtoolcache/Python/3.12.12/x64/lib/python3.12/site-packages/galaxy/tool_util/verify/interactor.py", line 619, in _get_path_or_location
    path = self.test_data_download(
           ^^^^^^^^^^^^^^^^^^^^^^^^
  File "/opt/hostedtoolcache/Python/3.12.12/x64/lib/python3.12/site-packages/galaxy/tool_util/verify/interactor.py", line 525, in test_data_download
    raise AssertionError(f"Test input file ({filename}) cannot be found.")
AssertionError: Test input file (phiX.bam) cannot be found.
"><![CDATA[
                { "execution_problem": "Input staging problem: Traceback (most recent call last):\n  File \"/opt/hostedtoolcache/Python/3.12.12/x64/lib/python3.12/site-packages/galaxy/tool_util/verify/interactor.py\", line 1436, in verify_tool\n    stage_data_in_history(\n  File \"/opt/hostedtoolcache/Python/3.12.12/x64/lib/python3.12/site-packages/galaxy/tool_util/verify/interactor.py\", line 163, in stage_data_in_history\n    test_dict = galaxy_interactor.remote_to_input(\n                ^^^^^^^^^^^^^^^^^^^^^^^^^^^^^^^^^^\n  File \"/opt/hostedtoolcache/Python/3.12.12/x64/lib/python3.12/site-packages/galaxy/tool_util/verify/interactor.py\", line 582, in remote_to_input\n    path_or_location = self._get_path_or_location(\n                       ^^^^^^^^^^^^^^^^^^^^^^^^^^^\n  File \"/opt/hostedtoolcache/Python/3.12.12/x64/lib/python3.12/site-packages/galaxy/tool_util/verify/interactor.py\", line 619, in _get_path_or_location\n    path = self.test_data_download(\n           ^^^^^^^^^^^^^^^^^^^^^^^^\n  File \"/opt/hostedtoolcache/Python/3.12.12/x64/lib/python3.12/site-packages/galaxy/tool_util/verify/interactor.py\", line 525, in test_data_download\n    raise AssertionError(f\"Test input file ({filename}) cannot be found.\")\nAssertionError: Test input file (phiX.bam) cannot be found.\n", "status": "error", "test_index": 0, "time_seconds": 0.09760427474975586, "tool_id": "samtools_calmd", "tool_version": "2.0.7"}
            ]]></error>
        
    </testcase>
    
    <testcase classname="samtools_calmd (Test #2)" name="1" time="0.05363655090332031">
        
            <error type="error" message="Input staging problem: Traceback (most recent call last):
  File "/opt/hostedtoolcache/Python/3.12.12/x64/lib/python3.12/site-packages/galaxy/tool_util/verify/interactor.py", line 1436, in verify_tool
    stage_data_in_history(
  File "/opt/hostedtoolcache/Python/3.12.12/x64/lib/python3.12/site-packages/galaxy/tool_util/verify/interactor.py", line 163, in stage_data_in_history
    test_dict = galaxy_interactor.remote_to_input(
                ^^^^^^^^^^^^^^^^^^^^^^^^^^^^^^^^^^
  File "/opt/hostedtoolcache/Python/3.12.12/x64/lib/python3.12/site-packages/galaxy/tool_util/verify/interactor.py", line 582, in remote_to_input
    path_or_location = self._get_path_or_location(
                       ^^^^^^^^^^^^^^^^^^^^^^^^^^^
  File "/opt/hostedtoolcache/Python/3.12.12/x64/lib/python3.12/site-packages/galaxy/tool_util/verify/interactor.py", line 619, in _get_path_or_location
    path = self.test_data_download(
           ^^^^^^^^^^^^^^^^^^^^^^^^
  File "/opt/hostedtoolcache/Python/3.12.12/x64/lib/python3.12/site-packages/galaxy/tool_util/verify/interactor.py", line 525, in test_data_download
    raise AssertionError(f"Test input file ({filename}) cannot be found.")
AssertionError: Test input file (phiX.bam) cannot be found.
"><![CDATA[
                { "execution_problem": "Input staging problem: Traceback (most recent call last):\n  File \"/opt/hostedtoolcache/Python/3.12.12/x64/lib/python3.12/site-packages/galaxy/tool_util/verify/interactor.py\", line 1436, in verify_tool\n    stage_data_in_history(\n  File \"/opt/hostedtoolcache/Python/3.12.12/x64/lib/python3.12/site-packages/galaxy/tool_util/verify/interactor.py\", line 163, in stage_data_in_history\n    test_dict = galaxy_interactor.remote_to_input(\n                ^^^^^^^^^^^^^^^^^^^^^^^^^^^^^^^^^^\n  File \"/opt/hostedtoolcache/Python/3.12.12/x64/lib/python3.12/site-packages/galaxy/tool_util/verify/interactor.py\", line 582, in remote_to_input\n    path_or_location = self._get_path_or_location(\n                       ^^^^^^^^^^^^^^^^^^^^^^^^^^^\n  File \"/opt/hostedtoolcache/Python/3.12.12/x64/lib/python3.12/site-packages/galaxy/tool_util/verify/interactor.py\", line 619, in _get_path_or_location\n    path = self.test_data_download(\n           ^^^^^^^^^^^^^^^^^^^^^^^^\n  File \"/opt/hostedtoolcache/Python/3.12.12/x64/lib/python3.12/site-packages/galaxy/tool_util/verify/interactor.py\", line 525, in test_data_download\n    raise AssertionError(f\"Test input file ({filename}) cannot be found.\")\nAssertionError: Test input file (phiX.bam) cannot be found.\n", "status": "error", "test_index": 1, "time_seconds": 0.05363655090332031, "tool_id": "samtools_calmd", "tool_version": "2.0.7"}
            ]]></error>
        
    </testcase>
    
    <testcase classname="vcfgeno2haplo (Test #1)" name="0" time="0.09431028366088867">
        
            <error type="error" message="Input staging problem: Traceback (most recent call last):
  File "/opt/hostedtoolcache/Python/3.12.12/x64/lib/python3.12/site-packages/galaxy/tool_util/verify/interactor.py", line 1436, in verify_tool
    stage_data_in_history(
  File "/opt/hostedtoolcache/Python/3.12.12/x64/lib/python3.12/site-packages/galaxy/tool_util/verify/interactor.py", line 163, in stage_data_in_history
    test_dict = galaxy_interactor.remote_to_input(
                ^^^^^^^^^^^^^^^^^^^^^^^^^^^^^^^^^^
  File "/opt/hostedtoolcache/Python/3.12.12/x64/lib/python3.12/site-packages/galaxy/tool_util/verify/interactor.py", line 582, in remote_to_input
    path_or_location = self._get_path_or_location(
                       ^^^^^^^^^^^^^^^^^^^^^^^^^^^
  File "/opt/hostedtoolcache/Python/3.12.12/x64/lib/python3.12/site-packages/galaxy/tool_util/verify/interactor.py", line 619, in _get_path_or_location
    path = self.test_data_download(
           ^^^^^^^^^^^^^^^^^^^^^^^^
  File "/opt/hostedtoolcache/Python/3.12.12/x64/lib/python3.12/site-packages/galaxy/tool_util/verify/interactor.py", line 525, in test_data_download
    raise AssertionError(f"Test input file ({filename}) cannot be found.")
AssertionError: Test input file (vcflib-test-genome-phix.fa) cannot be found.
"><![CDATA[
                { "execution_problem": "Input staging problem: Traceback (most recent call last):\n  File \"/opt/hostedtoolcache/Python/3.12.12/x64/lib/python3.12/site-packages/galaxy/tool_util/verify/interactor.py\", line 1436, in verify_tool\n    stage_data_in_history(\n  File \"/opt/hostedtoolcache/Python/3.12.12/x64/lib/python3.12/site-packages/galaxy/tool_util/verify/interactor.py\", line 163, in stage_data_in_history\n    test_dict = galaxy_interactor.remote_to_input(\n                ^^^^^^^^^^^^^^^^^^^^^^^^^^^^^^^^^^\n  File \"/opt/hostedtoolcache/Python/3.12.12/x64/lib/python3.12/site-packages/galaxy/tool_util/verify/interactor.py\", line 582, in remote_to_input\n    path_or_location = self._get_path_or_location(\n                       ^^^^^^^^^^^^^^^^^^^^^^^^^^^\n  File \"/opt/hostedtoolcache/Python/3.12.12/x64/lib/python3.12/site-packages/galaxy/tool_util/verify/interactor.py\", line 619, in _get_path_or_location\n    path = self.test_data_download(\n           ^^^^^^^^^^^^^^^^^^^^^^^^\n  File \"/opt/hostedtoolcache/Python/3.12.12/x64/lib/python3.12/site-packages/galaxy/tool_util/verify/interactor.py\", line 525, in test_data_download\n    raise AssertionError(f\"Test input file ({filename}) cannot be found.\")\nAssertionError: Test input file (vcflib-test-genome-phix.fa) cannot be found.\n", "status": "error", "test_index": 0, "time_seconds": 0.09431028366088867, "tool_id": "vcfgeno2haplo", "tool_version": "1.0.0_rc3+galaxy0"}
            ]]></error>
        
    </testcase>
    
</testsuite>