<?xml version="1.0" encoding="UTF-8"?>
<testsuite name="Results (powered by Planemo)"
           tests="45"
           errors="18"
           failures="4"
           skip="0">
    
    <testcase classname="bcftools_cnv (Test #1)" name="0" time="130.08730053901672">
        
            
            <system-out><![CDATA[
            
            ]]></system-out>
            <system-err><![CDATA[
            Number of lines: total/processed: 184/184
            ]]></system-err>
        
    </testcase>
    
    <testcase classname="bcftools_cnv (Test #2)" name="1" time="29.791278839111328">
        
            
                <error type="error" message="Tool exit code: None"><![CDATA[
                    { "inputs": {  "input_file": {   "id": "9105ef7ecbf031d8",   "src": "hda"  },  "plotting|generate_plots": "none" }, "job": {  "command_line": "bgzip -c \u0027/galaxy/server/database/objects/8/b/6/dataset_8b6635c1-5f81-41ad-8021-7d9c676e221f.dat\u0027 \u003e input.vcf.gz \u0026\u0026 bcftools index input.vcf.gz \u0026\u0026            bcftools cnv  --output-dir cnv_tmp     --aberrant \"1.0,1.0\" --BAF-weight 1.0 --BAF-dev \"0.04,0.04\" --LRR-weight 0.2 --LRR-dev \"0.2,0.2\" --LRR-smooth-win 10 --same-prob 0.5 --err-prob 0.0001 --xy-prob 1e-09            input.vcf.gz   \u0026\u0026 mv cnv_tmp/cn.*.tab \u0027/galaxy/server/database/objects/e/4/b/dataset_e4b8b023-5206-4ced-801a-d223c2fd7320.dat\u0027 \u0026\u0026 mv cnv_tmp/summary.*.tab \u0027/galaxy/server/database/objects/e/c/2/dataset_ec21bf9d-d709-463d-ba23-bbb448d4c756.dat\u0027",  "command_version": null,  "copied_from_job_id": null,  "create_time": "2026-01-23T13:18:29.678470",  "dependencies": [],  "exit_code": null,  "external_id": "gxy-gx45c",  "galaxy_version": "24.1",  "handler": null,  "history_id": "5f57c7b38aacaa1b",  "id": "8d35b6bf3286e00e",  "inputs": {   "input_file": {    "id": "9105ef7ecbf031d8",    "src": "hda",    "uuid": "8b6635c1-5f81-41ad-8021-7d9c676e221f"   }  },  "job_messages": null,  "job_metrics": [],  "job_runner_name": null,  "job_stderr": null,  "job_stdout": null,  "model_class": "Job",  "output_collections": {},  "outputs": {   "output_cn": {    "id": "c4798fac8adebbfb",    "src": "hda",    "uuid": "e4b8b023-5206-4ced-801a-d223c2fd7320"   },   "output_summary": {    "id": "4b8698b9f9833b17",    "src": "hda",    "uuid": "ec21bf9d-d709-463d-ba23-bbb448d4c756"   }  },  "params": {   "AF_file": null,   "__input_ext": "\"input\"",   "chromInfo": "\"/cvmfs/data.galaxyproject.org/managed/len/ucsc/?.len\"",   "control_sample": null,   "dbkey": "\"?\"",   "plotting": "{\"__current_case__\": 2, \"generate_plots\": \"none\"}",   "query_sample": null,   "sec_hmm": "{\"aberrant_control\": \"1.0\", \"aberrant_optimization\": {\"__current_case__\": 0, \"do_optimize\": \"no\"}, \"aberrant_query\": \"1.0\", \"err_prob\": \"0.0001\", \"same_prob\": \"0.5\", \"score_usage\": {\"__current_case__\": 0, \"baf_dev_control\": \"0.04\", \"baf_dev_query\": \"0.04\", \"baf_weight\": \"1.0\", \"compute_on\": \"baf+lrr\", \"lrr_dev_control\": \"0.2\", \"lrr_dev_query\": \"0.2\", \"lrr_smooth_win\": \"10\", \"lrr_weight\": \"0.2\"}, \"xy_prob\": \"1e-09\"}",   "sec_restrict": "{\"regions\": {\"__current_case__\": 0, \"regions_src\": \"__none__\"}, \"targets\": {\"__current_case__\": 0, \"targets_src\": \"__none__\"}}"  },  "state": "error",  "stderr": "Number of lines: total/processed: 184/184\n",  "stdout": "",  "tool_id": "toolshed.g2.bx.psu.edu/repos/iuc/bcftools_cnv/bcftools_cnv/1.22+galaxy0",  "tool_stderr": "Number of lines: total/processed: 184/184\n",  "tool_stdout": "",  "update_time": "2026-01-23T13:18:35.738288",  "user_email": "tests@fake.org" }, "output_problems": [  "Job in error state.. tool_id: toolshed.g2.bx.psu.edu/repos/iuc/bcftools_cnv/bcftools_cnv/1.22+galaxy0, exit_code: None, stderr: Number of lines: total/processed: 184/184\n." ], "status": "failure", "test_index": 1, "time_seconds": 29.791278839111328, "tool_id": "bcftools_cnv", "tool_version": "1.22+galaxy0"}
                ]]></error>
            
            <system-out><![CDATA[
            
            ]]></system-out>
            <system-err><![CDATA[
            Number of lines: total/processed: 184/184
            ]]></system-err>
        
    </testcase>
    
    <testcase classname="bcftools_cnv (Test #3)" name="2" time="40.98165678977966">
        
            
            <system-out><![CDATA[
            
            ]]></system-out>
            <system-err><![CDATA[
            Number of lines: total/processed: 184/184
            ]]></system-err>
        
    </testcase>
    
    <testcase classname="bcftools_cnv (Test #4)" name="3" time="35.973015546798706">
        
            
            <system-out><![CDATA[
            
            ]]></system-out>
            <system-err><![CDATA[
            Number of lines: total/processed: 184/184
            ]]></system-err>
        
    </testcase>
    
    <testcase classname="bcftools_cnv (Test #5)" name="4" time="30.571571111679077">
        
            
                <error type="error" message="Tool exit code: None"><![CDATA[
                    { "inputs": {  "input_file": {   "id": "766cd47762bfc909",   "src": "hda"  },  "sec_restrict|regions|region_specs_0|chrom": "10",  "sec_restrict|regions|region_specs_1|chrom": "11",  "sec_restrict|regions|regions_src": "regions" }, "job": {  "command_line": "bgzip -c \u0027/galaxy/server/database/objects/3/8/3/dataset_3831779f-d0c1-46f9-9da2-fbb611802bff.dat\u0027 \u003e input.vcf.gz \u0026\u0026 bcftools index input.vcf.gz \u0026\u0026            bcftools cnv  --output-dir cnv_tmp    -p 0  --aberrant \"1.0,1.0\" --BAF-weight 1.0 --BAF-dev \"0.04,0.04\" --LRR-weight 0.2 --LRR-dev \"0.2,0.2\" --LRR-smooth-win 10 --same-prob 0.5 --err-prob 0.0001 --xy-prob 1e-09          --regions \u002710,11\u0027 --regions-overlap 1         input.vcf.gz   \u0026\u0026 mv cnv_tmp/cn.*.tab \u0027/galaxy/server/database/objects/4/1/4/dataset_414a6f04-b5d7-466c-8a8b-dcc69257e478.dat\u0027 \u0026\u0026 mv cnv_tmp/summary.*.tab \u0027/galaxy/server/database/objects/d/0/8/dataset_d086dfa6-b17f-401a-897a-89c47117131a.dat\u0027  \u0026\u0026 (echo \u0027\u003chtml\u003e\u003cbody\u003e\u003chead\u003e\u003ctitle\u003eCopy-number variation plots (bcftools cnv)\u003c/title\u003e\u003cstyle type=\"text/css\"\u003e @media print { img { max-width:100% !important; page-break-inside: avoid; } \u003c/style\u003e\u0027 \u003e /galaxy/server/database/objects/9/b/f/dataset_9bfd516f-455e-4526-9a0f-1e303761be0a.dat; for plot in cnv_tmp/*.png; do [ -f \"$plot\" ] || break; echo \u0027\u003cdiv\u003e\u003cimg src=\"data:image/png;base64,\u0027 \u003e\u003e /galaxy/server/database/objects/9/b/f/dataset_9bfd516f-455e-4526-9a0f-1e303761be0a.dat; python -m base64 $plot \u003e\u003e /galaxy/server/database/objects/9/b/f/dataset_9bfd516f-455e-4526-9a0f-1e303761be0a.dat; echo \u0027\" /\u003e\u003c/div\u003e\u003chr\u003e\u0027 \u003e\u003e /galaxy/server/database/objects/9/b/f/dataset_9bfd516f-455e-4526-9a0f-1e303761be0a.dat; done; echo \u0027\u003c/body\u003e\u003c/html\u003e\u0027 \u003e\u003e /galaxy/server/database/objects/9/b/f/dataset_9bfd516f-455e-4526-9a0f-1e303761be0a.dat;)",  "command_version": null,  "copied_from_job_id": null,  "create_time": "2026-01-23T13:20:15.725703",  "dependencies": [],  "exit_code": null,  "external_id": "gxy-t6l7k",  "galaxy_version": "24.1",  "handler": null,  "history_id": "5f57c7b38aacaa1b",  "id": "23c641fdfaac86aa",  "inputs": {   "input_file": {    "id": "766cd47762bfc909",    "src": "hda",    "uuid": "3831779f-d0c1-46f9-9da2-fbb611802bff"   }  },  "job_messages": null,  "job_metrics": [],  "job_runner_name": null,  "job_stderr": null,  "job_stdout": null,  "model_class": "Job",  "output_collections": {},  "outputs": {   "output_cn": {    "id": "a833de3e5f60b2f6",    "src": "hda",    "uuid": "414a6f04-b5d7-466c-8a8b-dcc69257e478"   },   "output_plots": {    "id": "dedc38b516578cd9",    "src": "hda",    "uuid": "9bfd516f-455e-4526-9a0f-1e303761be0a"   },   "output_summary": {    "id": "ce478c673fcf8df7",    "src": "hda",    "uuid": "d086dfa6-b17f-401a-897a-89c47117131a"   }  },  "params": {   "AF_file": null,   "__input_ext": "\"input\"",   "chromInfo": "\"/cvmfs/data.galaxyproject.org/managed/len/ucsc/?.len\"",   "control_sample": null,   "dbkey": "\"?\"",   "plotting": "{\"__current_case__\": 0, \"generate_plots\": \"all\", \"plot_threshold\": \"0\"}",   "query_sample": null,   "sec_hmm": "{\"aberrant_control\": \"1.0\", \"aberrant_optimization\": {\"__current_case__\": 0, \"do_optimize\": \"no\"}, \"aberrant_query\": \"1.0\", \"err_prob\": \"0.0001\", \"same_prob\": \"0.5\", \"score_usage\": {\"__current_case__\": 0, \"baf_dev_control\": \"0.04\", \"baf_dev_query\": \"0.04\", \"baf_weight\": \"1.0\", \"compute_on\": \"baf+lrr\", \"lrr_dev_control\": \"0.2\", \"lrr_dev_query\": \"0.2\", \"lrr_smooth_win\": \"10\", \"lrr_weight\": \"0.2\"}, \"xy_prob\": \"1e-09\"}",   "sec_restrict": "{\"regions\": {\"__current_case__\": 1, \"region_specs\": [{\"__index__\": 0, \"chrom\": \"10\", \"start\": null, \"stop\": null}, {\"__index__\": 1, \"chrom\": \"11\", \"start\": null, \"stop\": null}], \"regions_overlap\": \"1\", \"regions_src\": \"regions\"}, \"targets\": {\"__current_case__\": 0, \"targets_src\": \"__none__\"}}"  },  "state": "error",  "stderr": "Number of lines: total/processed: 184/184\n",  "stdout": "",  "tool_id": "toolshed.g2.bx.psu.edu/repos/iuc/bcftools_cnv/bcftools_cnv/1.22+galaxy0",  "tool_stderr": "Number of lines: total/processed: 184/184\n",  "tool_stdout": "",  "update_time": "2026-01-23T13:20:23.279068",  "user_email": "tests@fake.org" }, "output_problems": [  "Job in error state.. tool_id: toolshed.g2.bx.psu.edu/repos/iuc/bcftools_cnv/bcftools_cnv/1.22+galaxy0, exit_code: None, stderr: Number of lines: total/processed: 184/184\n." ], "status": "failure", "test_index": 4, "time_seconds": 30.571571111679077, "tool_id": "bcftools_cnv", "tool_version": "1.22+galaxy0"}
                ]]></error>
            
            <system-out><![CDATA[
            
            ]]></system-out>
            <system-err><![CDATA[
            Number of lines: total/processed: 184/184
            ]]></system-err>
        
    </testcase>
    
    <testcase classname="bcftools_roh (Test #1)" name="0" time="44.12352418899536">
        
            
            <system-out><![CDATA[
            
            ]]></system-out>
            <system-err><![CDATA[
            Number of target samples: 1Number of --estimate-AF samples: 0Number of sites in the buffer/overlap: unlimitedNumber of lines total/processed: 8890/8889Number of lines filtered/no AF/no alt/multiallelic/dup: 0/0/0/1/0
            ]]></system-err>
        
    </testcase>
    
    <testcase classname="bcftools_roh (Test #2)" name="1" time="38.574496269226074">
        
            
            <system-out><![CDATA[
            
            ]]></system-out>
            <system-err><![CDATA[
            Number of target samples: 1Number of --estimate-AF samples: 0Number of sites in the buffer/overlap: unlimitedNumber of lines total/processed: 8890/8889Number of lines filtered/no AF/no alt/multiallelic/dup: 0/0/0/1/0
            ]]></system-err>
        
    </testcase>
    
    <testcase classname="bcftools_roh (Test #3)" name="2" time="37.90201210975647">
        
            
            <system-out><![CDATA[
            
            ]]></system-out>
            <system-err><![CDATA[
            Number of target samples: 1Number of --estimate-AF samples: 0Number of sites in the buffer/overlap: unlimitedNumber of lines total/processed: 8890/8889Number of lines filtered/no AF/no alt/multiallelic/dup: 0/0/0/1/0
            ]]></system-err>
        
    </testcase>
    
    <testcase classname="bcftools_roh (Test #4)" name="3" time="37.29986071586609">
        
            
            <system-out><![CDATA[
            
            ]]></system-out>
            <system-err><![CDATA[
            Number of target samples: 1Number of --estimate-AF samples: 0Number of sites in the buffer/overlap: unlimitedNumber of lines total/processed: 8890/8889Number of lines filtered/no AF/no alt/multiallelic/dup: 0/0/0/1/0
            ]]></system-err>
        
    </testcase>
    
    <testcase classname="deeptools_bam_coverage (Test #1)" name="0" time="39.81857872009277">
        
            
            <system-out><![CDATA[
            
            ]]></system-out>
            <system-err><![CDATA[
            bamFilesList: ['one.bam']binLength: 10numberOfSamples: NoneblackListFileName: NoneskipZeroOverZero: Falsebed_and_bin: FalsegenomeChunkSize: NonedefaultFragmentLength: read lengthnumberOfProcessors: 8verbose: Falseregion: NonebedFile: NoneminMappingQuality: NoneignoreDuplicates: FalsechrsToSkip: []stepSize: 10center_read: FalsesamFlag_include: NonesamFlag_exclude: NoneminFragmentLength: 0maxFragmentLength: 0zerosToNans: FalsesmoothLength: Nonesave_data: Falseout_file_for_raw_data: NonemaxPairedFragmentLength: 1000
            ]]></system-err>
        
    </testcase>
    
    <testcase classname="deeptools_bam_coverage (Test #2)" name="1" time="39.78607654571533">
        
            
            <system-out><![CDATA[
            
            ]]></system-out>
            <system-err><![CDATA[
            normalization: 1x (effective genome size 2451960000)bamFilesList: ['one.bam']binLength: 10numberOfSamples: NoneblackListFileName: NoneskipZeroOverZero: Falsebed_and_bin: FalsegenomeChunkSize: NonedefaultFragmentLength: read lengthnumberOfProcessors: 8verbose: Falseregion: NonebedFile: NoneminMappingQuality: NoneignoreDuplicates: FalsechrsToSkip: []stepSize: 10center_read: FalsesamFlag_include: NonesamFlag_exclude: NoneminFragmentLength: 0maxFragmentLength: 0zerosToNans: FalsesmoothLength: Nonesave_data: Falseout_file_for_raw_data: NonemaxPairedFragmentLength: 1000
            ]]></system-err>
        
    </testcase>
    
    <testcase classname="deeptools_bam_coverage (Test #3)" name="2" time="31.72246241569519">
        
            
                <error type="error" message="Tool exit code: None"><![CDATA[
                    { "inputs": {  "advancedOpt|showAdvancedOpt": "no",  "bamInput": {   "id": "4bf26a6e99c6c4a8",   "src": "hda"  },  "binSize": "10",  "outFileFormat": "bedgraph",  "scaling|effectiveGenomeSize|effectiveGenomeSize": "2451960000",  "scaling|effectiveGenomeSize|effectiveGenomeSize_opt": "specific" }, "job": {  "command_line": "ln -s \u0027/galaxy/server/database/objects/6/5/5/dataset_6559ea14-fd58-4108-aab2-174552e3adeb.dat\u0027 one.bam \u0026\u0026 ln -s \u0027/galaxy/server/database/objects/_metadata_files/0/c/b/metadata_0cb75323-7abd-4bc2-8083-3359f34b5723.dat\u0027 one.bam.bai \u0026\u0026  bamCoverage --numberOfProcessors \"${GALAXY_SLOTS:-4}\"  --bam one.bam --outFileName \u0027/galaxy/server/database/objects/3/f/b/dataset_3fb7904e-2b16-4770-be3a-07684d6b86df.dat\u0027 --outFileFormat \u0027bedgraph\u0027  --binSize 10  --normalizeUsing RPGC --effectiveGenomeSize 2451960000",  "command_version": null,  "copied_from_job_id": null,  "create_time": "2026-01-23T13:31:31.756892",  "dependencies": [],  "exit_code": null,  "external_id": "gxy-fzvdx",  "galaxy_version": "24.1",  "handler": null,  "history_id": "5f57c7b38aacaa1b",  "id": "de6020a1adee9c69",  "inputs": {   "bamInput": {    "id": "4bf26a6e99c6c4a8",    "src": "hda",    "uuid": "6559ea14-fd58-4108-aab2-174552e3adeb"   }  },  "job_messages": null,  "job_metrics": [],  "job_runner_name": null,  "job_stderr": null,  "job_stdout": null,  "model_class": "Job",  "output_collections": {},  "outputs": {   "outFileName": {    "id": "0d24b5cb05fb7d96",    "src": "hda",    "uuid": "3fb7904e-2b16-4770-be3a-07684d6b86df"   }  },  "params": {   "__input_ext": "\"input\"",   "advancedOpt": "{\"__current_case__\": 0, \"showAdvancedOpt\": \"no\"}",   "binSize": "\"10\"",   "chromInfo": "\"/cvmfs/data.galaxyproject.org/managed/len/ucsc/?.len\"",   "dbkey": "\"?\"",   "exactScaling": "false",   "outFileFormat": "\"bedgraph\"",   "region": "\"\"",   "scaling": "{\"__current_case__\": 4, \"effectiveGenomeSize\": {\"__current_case__\": 0, \"effectiveGenomeSize\": \"2451960000\", \"effectiveGenomeSize_opt\": \"specific\"}, \"type\": \"1x\"}"  },  "state": "error",  "stderr": "normalization: 1x (effective genome size 2451960000)\nbamFilesList: [\u0027one.bam\u0027]\nbinLength: 10\nnumberOfSamples: None\nblackListFileName: None\nskipZeroOverZero: False\nbed_and_bin: False\ngenomeChunkSize: None\ndefaultFragmentLength: read length\nnumberOfProcessors: 8\nverbose: False\nregion: None\nbedFile: None\nminMappingQuality: None\nignoreDuplicates: False\nchrsToSkip: []\nstepSize: 10\ncenter_read: False\nsamFlag_include: None\nsamFlag_exclude: None\nminFragmentLength: 0\nmaxFragmentLength: 0\nzerosToNans: False\nsmoothLength: None\nsave_data: False\nout_file_for_raw_data: None\nmaxPairedFragmentLength: 1000\n",  "stdout": "",  "tool_id": "toolshed.g2.bx.psu.edu/repos/bgruening/deeptools_bam_coverage/deeptools_bam_coverage/3.5.4+galaxy0",  "tool_stderr": "normalization: 1x (effective genome size 2451960000)\nbamFilesList: [\u0027one.bam\u0027]\nbinLength: 10\nnumberOfSamples: None\nblackListFileName: None\nskipZeroOverZero: False\nbed_and_bin: False\ngenomeChunkSize: None\ndefaultFragmentLength: read length\nnumberOfProcessors: 8\nverbose: False\nregion: None\nbedFile: None\nminMappingQuality: None\nignoreDuplicates: False\nchrsToSkip: []\nstepSize: 10\ncenter_read: False\nsamFlag_include: None\nsamFlag_exclude: None\nminFragmentLength: 0\nmaxFragmentLength: 0\nzerosToNans: False\nsmoothLength: None\nsave_data: False\nout_file_for_raw_data: None\nmaxPairedFragmentLength: 1000\n",  "tool_stdout": "",  "update_time": "2026-01-23T13:31:38.748944",  "user_email": "tests@fake.org" }, "output_problems": [  "Job in error state.. tool_id: toolshed.g2.bx.psu.edu/repos/bgruening/deeptools_bam_coverage/deeptools_bam_coverage/3.5.4+galaxy0, exit_code: None, stderr: normalization: 1x (effective genome size 2451960000)\nbamFilesList: [\u0027one.bam\u0027]\nbinLength: 10\nnumberOfSamples: None\nblackListFileName: None\nskipZeroOverZero: False\nbed_and_bin: False\ngenomeChunkSize: None\ndefaultFragmentLength: read length\nnumberOfProcessors: 8\nverbose: False\nregion: None\nbedFile: None\nminMappingQuality: None\nignoreDuplicates: False\nchrsToSkip: []\nstepSize: 10\ncenter_read: False\nsamFlag_include: None\nsamFlag_exclude: None\nminFragmentLength: 0\nmaxFragmentLength: 0\nzerosToNans: False\nsmoothLength: None\nsave_data: False\nout_file_for_raw_data: None\nmaxPairedFragmentLength: 1000\n." ], "status": "failure", "test_index": 2, "time_seconds": 31.72246241569519, "tool_id": "deeptools_bam_coverage", "tool_version": "3.5.4+galaxy0"}
                ]]></error>
            
            <system-out><![CDATA[
            
            ]]></system-out>
            <system-err><![CDATA[
            normalization: 1x (effective genome size 2451960000)bamFilesList: ['one.bam']binLength: 10numberOfSamples: NoneblackListFileName: NoneskipZeroOverZero: Falsebed_and_bin: FalsegenomeChunkSize: NonedefaultFragmentLength: read lengthnumberOfProcessors: 8verbose: Falseregion: NonebedFile: NoneminMappingQuality: NoneignoreDuplicates: FalsechrsToSkip: []stepSize: 10center_read: FalsesamFlag_include: NonesamFlag_exclude: NoneminFragmentLength: 0maxFragmentLength: 0zerosToNans: FalsesmoothLength: Nonesave_data: Falseout_file_for_raw_data: NonemaxPairedFragmentLength: 1000
            ]]></system-err>
        
    </testcase>
    
    <testcase classname="deeptools_bam_coverage (Test #4)" name="3" time="13.942539930343628">
        
            <error type="error" message="Input staging problem: Traceback (most recent call last):
  File "/opt/hostedtoolcache/Python/3.12.12/x64/lib/python3.12/site-packages/galaxy/tool_util/verify/interactor.py", line 1466, in verify_tool
    stage_data_in_history(
  File "/opt/hostedtoolcache/Python/3.12.12/x64/lib/python3.12/site-packages/galaxy/tool_util/verify/interactor.py", line 175, in stage_data_in_history
    staging_interface.handle_jobs()
  File "/opt/hostedtoolcache/Python/3.12.12/x64/lib/python3.12/site-packages/galaxy/tool_util/verify/interactor.py", line 212, in handle_jobs
    self.galaxy_interactor.wait_for_job(job_response["id"], job_response["history_id"], self.maxseconds)
  File "/opt/hostedtoolcache/Python/3.12.12/x64/lib/python3.12/site-packages/galaxy/tool_util/verify/interactor.py", line 398, in wait_for_job
    self.wait_for(lambda: self.__job_ready(job_id, history_id), maxseconds=maxseconds)
  File "/opt/hostedtoolcache/Python/3.12.12/x64/lib/python3.12/site-packages/galaxy/tool_util/verify/interactor.py", line 402, in wait_for
    wait_on(func, what, walltime_exceeded)
  File "/opt/hostedtoolcache/Python/3.12.12/x64/lib/python3.12/site-packages/galaxy/tool_util/verify/wait.py", line 38, in wait_on
    value = function()
            ^^^^^^^^^^
  File "/opt/hostedtoolcache/Python/3.12.12/x64/lib/python3.12/site-packages/galaxy/tool_util/verify/interactor.py", line 398, in <lambda>
    self.wait_for(lambda: self.__job_ready(job_id, history_id), maxseconds=maxseconds)
                          ^^^^^^^^^^^^^^^^^^^^^^^^^^^^^^^^^^^^
  File "/opt/hostedtoolcache/Python/3.12.12/x64/lib/python3.12/site-packages/galaxy/tool_util/verify/interactor.py", line 751, in __job_ready
    return self._state_ready(job_id, error_msg="Job in error state.")
           ^^^^^^^^^^^^^^^^^^^^^^^^^^^^^^^^^^^^^^^^^^^^^^^^^^^^^^^^^^
  File "/opt/hostedtoolcache/Python/3.12.12/x64/lib/python3.12/site-packages/galaxy/tool_util/verify/interactor.py", line 847, in _state_ready
    raise Exception(
Exception: Job in error state.. tool_id: __DATA_FETCH__, exit_code: None, stderr: .
"><![CDATA[
                { "execution_problem": "Input staging problem: Traceback (most recent call last):\n  File \"/opt/hostedtoolcache/Python/3.12.12/x64/lib/python3.12/site-packages/galaxy/tool_util/verify/interactor.py\", line 1466, in verify_tool\n    stage_data_in_history(\n  File \"/opt/hostedtoolcache/Python/3.12.12/x64/lib/python3.12/site-packages/galaxy/tool_util/verify/interactor.py\", line 175, in stage_data_in_history\n    staging_interface.handle_jobs()\n  File \"/opt/hostedtoolcache/Python/3.12.12/x64/lib/python3.12/site-packages/galaxy/tool_util/verify/interactor.py\", line 212, in handle_jobs\n    self.galaxy_interactor.wait_for_job(job_response[\"id\"], job_response[\"history_id\"], self.maxseconds)\n  File \"/opt/hostedtoolcache/Python/3.12.12/x64/lib/python3.12/site-packages/galaxy/tool_util/verify/interactor.py\", line 398, in wait_for_job\n    self.wait_for(lambda: self.__job_ready(job_id, history_id), maxseconds=maxseconds)\n  File \"/opt/hostedtoolcache/Python/3.12.12/x64/lib/python3.12/site-packages/galaxy/tool_util/verify/interactor.py\", line 402, in wait_for\n    wait_on(func, what, walltime_exceeded)\n  File \"/opt/hostedtoolcache/Python/3.12.12/x64/lib/python3.12/site-packages/galaxy/tool_util/verify/wait.py\", line 38, in wait_on\n    value = function()\n            ^^^^^^^^^^\n  File \"/opt/hostedtoolcache/Python/3.12.12/x64/lib/python3.12/site-packages/galaxy/tool_util/verify/interactor.py\", line 398, in \u003clambda\u003e\n    self.wait_for(lambda: self.__job_ready(job_id, history_id), maxseconds=maxseconds)\n                          ^^^^^^^^^^^^^^^^^^^^^^^^^^^^^^^^^^^^\n  File \"/opt/hostedtoolcache/Python/3.12.12/x64/lib/python3.12/site-packages/galaxy/tool_util/verify/interactor.py\", line 751, in __job_ready\n    return self._state_ready(job_id, error_msg=\"Job in error state.\")\n           ^^^^^^^^^^^^^^^^^^^^^^^^^^^^^^^^^^^^^^^^^^^^^^^^^^^^^^^^^^\n  File \"/opt/hostedtoolcache/Python/3.12.12/x64/lib/python3.12/site-packages/galaxy/tool_util/verify/interactor.py\", line 847, in _state_ready\n    raise Exception(\nException: Job in error state.. tool_id: __DATA_FETCH__, exit_code: None, stderr: .\n", "status": "error", "test_index": 3, "time_seconds": 13.942539930343628, "tool_id": "deeptools_bam_coverage", "tool_version": "3.5.4+galaxy0"}
            ]]></error>
        
    </testcase>
    
    <testcase classname="deeptools_bam_coverage (Test #5)" name="4" time="39.46477246284485">
        
            
            <system-out><![CDATA[
            
            ]]></system-out>
            <system-err><![CDATA[
            normalization: 1x (effective genome size 2451960000)bamFilesList: ['one.bam']binLength: 10numberOfSamples: NoneblackListFileName: NoneskipZeroOverZero: Falsebed_and_bin: FalsegenomeChunkSize: NonedefaultFragmentLength: read lengthnumberOfProcessors: 8verbose: Falseregion: NonebedFile: NoneminMappingQuality: 1ignoreDuplicates: FalsechrsToSkip: []stepSize: 10center_read: FalsesamFlag_include: NonesamFlag_exclude: NoneminFragmentLength: 0maxFragmentLength: 0zerosToNans: FalsesmoothLength: Nonesave_data: Falseout_file_for_raw_data: NonemaxPairedFragmentLength: 1000
            ]]></system-err>
        
    </testcase>
    
    <testcase classname="deeptools_bam_coverage (Test #6)" name="5" time="29.464292764663696">
        
            
                <error type="error" message="Tool exit code: None"><![CDATA[
                    { "inputs": {  "advancedOpt|filterRNAstrand": "reverse",  "advancedOpt|showAdvancedOpt": "yes",  "bamInput": {   "id": "6854e72907220b9e",   "src": "hda"  },  "binSize": "10",  "outFileFormat": "bigwig",  "scaling|effectiveGenomeSize|effectiveGenomeSize": "2451960000",  "scaling|effectiveGenomeSize|effectiveGenomeSize_opt": "specific" }, "job": {  "command_line": "ln -s \u0027/galaxy/server/database/objects/1/b/9/dataset_1b993b06-260f-430e-9acc-a03874231cd2.dat\u0027 one.bam \u0026\u0026 ln -s \u0027/galaxy/server/database/objects/_metadata_files/7/d/0/metadata_7d0bd075-ad37-464a-ab6a-6fd9d18346d5.dat\u0027 one.bam.bai \u0026\u0026  bamCoverage --numberOfProcessors \"${GALAXY_SLOTS:-4}\"  --bam one.bam --outFileName \u0027/galaxy/server/database/objects/4/0/d/dataset_40ddf394-7d9c-4d1a-8055-9db6f4c9473e.dat\u0027 --outFileFormat \u0027bigwig\u0027  --binSize 10  --normalizeUsing RPGC --effectiveGenomeSize 2451960000    --scaleFactor 1.0      --minMappingQuality \u00271\u0027     --filterRNAstrand \u0027reverse\u0027",  "command_version": null,  "copied_from_job_id": null,  "create_time": "2026-01-23T13:32:56.202886",  "dependencies": [],  "exit_code": null,  "external_id": "gxy-nbmf6",  "galaxy_version": "24.1",  "handler": null,  "history_id": "5f57c7b38aacaa1b",  "id": "f9a0bb70fb9d4c61",  "inputs": {   "bamInput": {    "id": "6854e72907220b9e",    "src": "hda",    "uuid": "1b993b06-260f-430e-9acc-a03874231cd2"   }  },  "job_messages": null,  "job_metrics": [],  "job_runner_name": null,  "job_stderr": null,  "job_stdout": null,  "model_class": "Job",  "output_collections": {},  "outputs": {   "outFileName": {    "id": "5ff7da8a9ff763de",    "src": "hda",    "uuid": "40ddf394-7d9c-4d1a-8055-9db6f4c9473e"   }  },  "params": {   "__input_ext": "\"input\"",   "advancedOpt": "{\"MNase\": false, \"Offset\": \"\", \"__current_case__\": 1, \"blackListFileName\": null, \"centerReads\": false, \"doExtendCustom\": {\"__current_case__\": 0, \"doExtend\": \"no\"}, \"filterRNAstrand\": \"reverse\", \"ignoreDuplicates\": false, \"ignoreForNormalization\": \"\", \"maxFragmentLength\": \"0\", \"minFragmentLength\": \"0\", \"minMappingQuality\": \"1\", \"samFlagExclude\": \"\", \"samFlagInclude\": \"\", \"scaleFactor\": \"1.0\", \"showAdvancedOpt\": \"yes\", \"skipNAs\": false, \"smoothLength\": \"\"}",   "binSize": "\"10\"",   "chromInfo": "\"/cvmfs/data.galaxyproject.org/managed/len/ucsc/?.len\"",   "dbkey": "\"?\"",   "exactScaling": "false",   "outFileFormat": "\"bigwig\"",   "region": "\"\"",   "scaling": "{\"__current_case__\": 4, \"effectiveGenomeSize\": {\"__current_case__\": 0, \"effectiveGenomeSize\": \"2451960000\", \"effectiveGenomeSize_opt\": \"specific\"}, \"type\": \"1x\"}"  },  "state": "error",  "stderr": "normalization: 1x (effective genome size 2451960000)\nbamFilesList: [\u0027one.bam\u0027]\nbinLength: 10\nnumberOfSamples: None\nblackListFileName: None\nskipZeroOverZero: False\nbed_and_bin: False\ngenomeChunkSize: None\ndefaultFragmentLength: read length\nnumberOfProcessors: 8\nverbose: False\nregion: None\nbedFile: None\nminMappingQuality: 1\nignoreDuplicates: False\nchrsToSkip: []\nstepSize: 10\ncenter_read: False\nsamFlag_include: None\nsamFlag_exclude: None\nminFragmentLength: 0\nmaxFragmentLength: 0\nzerosToNans: False\nsmoothLength: None\nsave_data: False\nout_file_for_raw_data: None\nmaxPairedFragmentLength: 1000\nfilter_strand: reverse\nOffset: [1, -1]\n",  "stdout": "Due to filtering, 51.08108108108108% of the aforementioned alignments will be used 1115.6108108108108\n",  "tool_id": "toolshed.g2.bx.psu.edu/repos/bgruening/deeptools_bam_coverage/deeptools_bam_coverage/3.5.4+galaxy0",  "tool_stderr": "normalization: 1x (effective genome size 2451960000)\nbamFilesList: [\u0027one.bam\u0027]\nbinLength: 10\nnumberOfSamples: None\nblackListFileName: None\nskipZeroOverZero: False\nbed_and_bin: False\ngenomeChunkSize: None\ndefaultFragmentLength: read length\nnumberOfProcessors: 8\nverbose: False\nregion: None\nbedFile: None\nminMappingQuality: 1\nignoreDuplicates: False\nchrsToSkip: []\nstepSize: 10\ncenter_read: False\nsamFlag_include: None\nsamFlag_exclude: None\nminFragmentLength: 0\nmaxFragmentLength: 0\nzerosToNans: False\nsmoothLength: None\nsave_data: False\nout_file_for_raw_data: None\nmaxPairedFragmentLength: 1000\nfilter_strand: reverse\nOffset: [1, -1]\n",  "tool_stdout": "Due to filtering, 51.08108108108108% of the aforementioned alignments will be used 1115.6108108108108\n",  "update_time": "2026-01-23T13:33:01.807178",  "user_email": "tests@fake.org" }, "output_problems": [  "Job in error state.. tool_id: toolshed.g2.bx.psu.edu/repos/bgruening/deeptools_bam_coverage/deeptools_bam_coverage/3.5.4+galaxy0, exit_code: None, stderr: normalization: 1x (effective genome size 2451960000)\nbamFilesList: [\u0027one.bam\u0027]\nbinLength: 10\nnumberOfSamples: None\nblackListFileName: None\nskipZeroOverZero: False\nbed_and_bin: False\ngenomeChunkSize: None\ndefaultFragmentLength: read length\nnumberOfProcessors: 8\nverbose: False\nregion: None\nbedFile: None\nminMappingQuality: 1\nignoreDuplicates: False\nchrsToSkip: []\nstepSize: 10\ncenter_read: False\nsamFlag_include: None\nsamFlag_exclude: None\nminFragmentLength: 0\nmaxFragmentLength: 0\nzerosToNans: False\nsmoothLength: None\nsave_data: False\nout_file_for_raw_data: None\nmaxPairedFragmentLength: 1000\nfilter_strand: reverse\nOffset: [1, -1]\n." ], "status": "failure", "test_index": 5, "time_seconds": 29.464292764663696, "tool_id": "deeptools_bam_coverage", "tool_version": "3.5.4+galaxy0"}
                ]]></error>
            
            <system-out><![CDATA[
            Due to filtering, 51.08108108108108% of the aforementioned alignments will be used 1115.6108108108108
            ]]></system-out>
            <system-err><![CDATA[
            normalization: 1x (effective genome size 2451960000)bamFilesList: ['one.bam']binLength: 10numberOfSamples: NoneblackListFileName: NoneskipZeroOverZero: Falsebed_and_bin: FalsegenomeChunkSize: NonedefaultFragmentLength: read lengthnumberOfProcessors: 8verbose: Falseregion: NonebedFile: NoneminMappingQuality: 1ignoreDuplicates: FalsechrsToSkip: []stepSize: 10center_read: FalsesamFlag_include: NonesamFlag_exclude: NoneminFragmentLength: 0maxFragmentLength: 0zerosToNans: FalsesmoothLength: Nonesave_data: Falseout_file_for_raw_data: NonemaxPairedFragmentLength: 1000filter_strand: reverseOffset: [1, -1]
            ]]></system-err>
        
    </testcase>
    
    <testcase classname="deeptools_bam_coverage (Test #7)" name="6" time="40.095773220062256">
        
            
            <system-out><![CDATA[
            
            ]]></system-out>
            <system-err><![CDATA[
            bamFilesList: ['one.bam']binLength: 10numberOfSamples: NoneblackListFileName: NoneskipZeroOverZero: Falsebed_and_bin: FalsegenomeChunkSize: NonedefaultFragmentLength: 242numberOfProcessors: 8verbose: Falseregion: NonebedFile: NoneminMappingQuality: NoneignoreDuplicates: FalsechrsToSkip: []stepSize: 10center_read: FalsesamFlag_include: NonesamFlag_exclude: NoneminFragmentLength: 0maxFragmentLength: 0zerosToNans: FalsesmoothLength: Nonesave_data: Falseout_file_for_raw_data: NonemaxPairedFragmentLength: 968filter_strand: NoneOffset: [-4, -1]
            ]]></system-err>
        
    </testcase>
    
    <testcase classname="deeptools_compute_matrix (Test #1)" name="0" time="55.08141756057739">
        
            
            <system-out><![CDATA[
            
            ]]></system-out>
            <system-err><![CDATA[
            
            ]]></system-err>
        
    </testcase>
    
    <testcase classname="deeptools_compute_matrix (Test #2)" name="1" time="40.966002225875854">
        
            
            <system-out><![CDATA[
            
            ]]></system-out>
            <system-err><![CDATA[
            
            ]]></system-err>
        
    </testcase>
    
    <testcase classname="deeptools_compute_matrix (Test #3)" name="2" time="13.018580436706543">
        
            <error type="error" message="Input staging problem: Traceback (most recent call last):
  File "/opt/hostedtoolcache/Python/3.12.12/x64/lib/python3.12/site-packages/galaxy/tool_util/verify/interactor.py", line 1466, in verify_tool
    stage_data_in_history(
  File "/opt/hostedtoolcache/Python/3.12.12/x64/lib/python3.12/site-packages/galaxy/tool_util/verify/interactor.py", line 175, in stage_data_in_history
    staging_interface.handle_jobs()
  File "/opt/hostedtoolcache/Python/3.12.12/x64/lib/python3.12/site-packages/galaxy/tool_util/verify/interactor.py", line 212, in handle_jobs
    self.galaxy_interactor.wait_for_job(job_response["id"], job_response["history_id"], self.maxseconds)
  File "/opt/hostedtoolcache/Python/3.12.12/x64/lib/python3.12/site-packages/galaxy/tool_util/verify/interactor.py", line 398, in wait_for_job
    self.wait_for(lambda: self.__job_ready(job_id, history_id), maxseconds=maxseconds)
  File "/opt/hostedtoolcache/Python/3.12.12/x64/lib/python3.12/site-packages/galaxy/tool_util/verify/interactor.py", line 402, in wait_for
    wait_on(func, what, walltime_exceeded)
  File "/opt/hostedtoolcache/Python/3.12.12/x64/lib/python3.12/site-packages/galaxy/tool_util/verify/wait.py", line 38, in wait_on
    value = function()
            ^^^^^^^^^^
  File "/opt/hostedtoolcache/Python/3.12.12/x64/lib/python3.12/site-packages/galaxy/tool_util/verify/interactor.py", line 398, in <lambda>
    self.wait_for(lambda: self.__job_ready(job_id, history_id), maxseconds=maxseconds)
                          ^^^^^^^^^^^^^^^^^^^^^^^^^^^^^^^^^^^^
  File "/opt/hostedtoolcache/Python/3.12.12/x64/lib/python3.12/site-packages/galaxy/tool_util/verify/interactor.py", line 751, in __job_ready
    return self._state_ready(job_id, error_msg="Job in error state.")
           ^^^^^^^^^^^^^^^^^^^^^^^^^^^^^^^^^^^^^^^^^^^^^^^^^^^^^^^^^^
  File "/opt/hostedtoolcache/Python/3.12.12/x64/lib/python3.12/site-packages/galaxy/tool_util/verify/interactor.py", line 847, in _state_ready
    raise Exception(
Exception: Job in error state.. tool_id: __DATA_FETCH__, exit_code: None, stderr: .
"><![CDATA[
                { "execution_problem": "Input staging problem: Traceback (most recent call last):\n  File \"/opt/hostedtoolcache/Python/3.12.12/x64/lib/python3.12/site-packages/galaxy/tool_util/verify/interactor.py\", line 1466, in verify_tool\n    stage_data_in_history(\n  File \"/opt/hostedtoolcache/Python/3.12.12/x64/lib/python3.12/site-packages/galaxy/tool_util/verify/interactor.py\", line 175, in stage_data_in_history\n    staging_interface.handle_jobs()\n  File \"/opt/hostedtoolcache/Python/3.12.12/x64/lib/python3.12/site-packages/galaxy/tool_util/verify/interactor.py\", line 212, in handle_jobs\n    self.galaxy_interactor.wait_for_job(job_response[\"id\"], job_response[\"history_id\"], self.maxseconds)\n  File \"/opt/hostedtoolcache/Python/3.12.12/x64/lib/python3.12/site-packages/galaxy/tool_util/verify/interactor.py\", line 398, in wait_for_job\n    self.wait_for(lambda: self.__job_ready(job_id, history_id), maxseconds=maxseconds)\n  File \"/opt/hostedtoolcache/Python/3.12.12/x64/lib/python3.12/site-packages/galaxy/tool_util/verify/interactor.py\", line 402, in wait_for\n    wait_on(func, what, walltime_exceeded)\n  File \"/opt/hostedtoolcache/Python/3.12.12/x64/lib/python3.12/site-packages/galaxy/tool_util/verify/wait.py\", line 38, in wait_on\n    value = function()\n            ^^^^^^^^^^\n  File \"/opt/hostedtoolcache/Python/3.12.12/x64/lib/python3.12/site-packages/galaxy/tool_util/verify/interactor.py\", line 398, in \u003clambda\u003e\n    self.wait_for(lambda: self.__job_ready(job_id, history_id), maxseconds=maxseconds)\n                          ^^^^^^^^^^^^^^^^^^^^^^^^^^^^^^^^^^^^\n  File \"/opt/hostedtoolcache/Python/3.12.12/x64/lib/python3.12/site-packages/galaxy/tool_util/verify/interactor.py\", line 751, in __job_ready\n    return self._state_ready(job_id, error_msg=\"Job in error state.\")\n           ^^^^^^^^^^^^^^^^^^^^^^^^^^^^^^^^^^^^^^^^^^^^^^^^^^^^^^^^^^\n  File \"/opt/hostedtoolcache/Python/3.12.12/x64/lib/python3.12/site-packages/galaxy/tool_util/verify/interactor.py\", line 847, in _state_ready\n    raise Exception(\nException: Job in error state.. tool_id: __DATA_FETCH__, exit_code: None, stderr: .\n", "status": "error", "test_index": 2, "time_seconds": 13.018580436706543, "tool_id": "deeptools_compute_matrix", "tool_version": "3.5.4+galaxy0"}
            ]]></error>
        
    </testcase>
    
    <testcase classname="fastqc (Test #1)" name="0" time="0.13373184204101562">
        
            <error type="error" message="Input staging problem: Traceback (most recent call last):
  File "/opt/hostedtoolcache/Python/3.12.12/x64/lib/python3.12/site-packages/galaxy/tool_util/verify/interactor.py", line 1466, in verify_tool
    stage_data_in_history(
  File "/opt/hostedtoolcache/Python/3.12.12/x64/lib/python3.12/site-packages/galaxy/tool_util/verify/interactor.py", line 163, in stage_data_in_history
    test_dict = galaxy_interactor.remote_to_input(
                ^^^^^^^^^^^^^^^^^^^^^^^^^^^^^^^^^^
  File "/opt/hostedtoolcache/Python/3.12.12/x64/lib/python3.12/site-packages/galaxy/tool_util/verify/interactor.py", line 581, in remote_to_input
    path_or_location = self._get_path_or_location(
                       ^^^^^^^^^^^^^^^^^^^^^^^^^^^
  File "/opt/hostedtoolcache/Python/3.12.12/x64/lib/python3.12/site-packages/galaxy/tool_util/verify/interactor.py", line 618, in _get_path_or_location
    path = self.test_data_download(
           ^^^^^^^^^^^^^^^^^^^^^^^^
  File "/opt/hostedtoolcache/Python/3.12.12/x64/lib/python3.12/site-packages/galaxy/tool_util/verify/interactor.py", line 524, in test_data_download
    raise AssertionError(f"Test input file ({filename}) cannot be found.")
AssertionError: Test input file (1000trimmed.fastq) cannot be found.
"><![CDATA[
                { "execution_problem": "Input staging problem: Traceback (most recent call last):\n  File \"/opt/hostedtoolcache/Python/3.12.12/x64/lib/python3.12/site-packages/galaxy/tool_util/verify/interactor.py\", line 1466, in verify_tool\n    stage_data_in_history(\n  File \"/opt/hostedtoolcache/Python/3.12.12/x64/lib/python3.12/site-packages/galaxy/tool_util/verify/interactor.py\", line 163, in stage_data_in_history\n    test_dict = galaxy_interactor.remote_to_input(\n                ^^^^^^^^^^^^^^^^^^^^^^^^^^^^^^^^^^\n  File \"/opt/hostedtoolcache/Python/3.12.12/x64/lib/python3.12/site-packages/galaxy/tool_util/verify/interactor.py\", line 581, in remote_to_input\n    path_or_location = self._get_path_or_location(\n                       ^^^^^^^^^^^^^^^^^^^^^^^^^^^\n  File \"/opt/hostedtoolcache/Python/3.12.12/x64/lib/python3.12/site-packages/galaxy/tool_util/verify/interactor.py\", line 618, in _get_path_or_location\n    path = self.test_data_download(\n           ^^^^^^^^^^^^^^^^^^^^^^^^\n  File \"/opt/hostedtoolcache/Python/3.12.12/x64/lib/python3.12/site-packages/galaxy/tool_util/verify/interactor.py\", line 524, in test_data_download\n    raise AssertionError(f\"Test input file ({filename}) cannot be found.\")\nAssertionError: Test input file (1000trimmed.fastq) cannot be found.\n", "status": "error", "test_index": 0, "time_seconds": 0.13373184204101562, "tool_id": "fastqc", "tool_version": "0.74+galaxy1"}
            ]]></error>
        
    </testcase>
    
    <testcase classname="fastqc (Test #2)" name="1" time="0.07217669486999512">
        
            <error type="error" message="Input staging problem: Traceback (most recent call last):
  File "/opt/hostedtoolcache/Python/3.12.12/x64/lib/python3.12/site-packages/galaxy/tool_util/verify/interactor.py", line 1466, in verify_tool
    stage_data_in_history(
  File "/opt/hostedtoolcache/Python/3.12.12/x64/lib/python3.12/site-packages/galaxy/tool_util/verify/interactor.py", line 163, in stage_data_in_history
    test_dict = galaxy_interactor.remote_to_input(
                ^^^^^^^^^^^^^^^^^^^^^^^^^^^^^^^^^^
  File "/opt/hostedtoolcache/Python/3.12.12/x64/lib/python3.12/site-packages/galaxy/tool_util/verify/interactor.py", line 581, in remote_to_input
    path_or_location = self._get_path_or_location(
                       ^^^^^^^^^^^^^^^^^^^^^^^^^^^
  File "/opt/hostedtoolcache/Python/3.12.12/x64/lib/python3.12/site-packages/galaxy/tool_util/verify/interactor.py", line 618, in _get_path_or_location
    path = self.test_data_download(
           ^^^^^^^^^^^^^^^^^^^^^^^^
  File "/opt/hostedtoolcache/Python/3.12.12/x64/lib/python3.12/site-packages/galaxy/tool_util/verify/interactor.py", line 524, in test_data_download
    raise AssertionError(f"Test input file ({filename}) cannot be found.")
AssertionError: Test input file (1000trimmed.fastq) cannot be found.
"><![CDATA[
                { "execution_problem": "Input staging problem: Traceback (most recent call last):\n  File \"/opt/hostedtoolcache/Python/3.12.12/x64/lib/python3.12/site-packages/galaxy/tool_util/verify/interactor.py\", line 1466, in verify_tool\n    stage_data_in_history(\n  File \"/opt/hostedtoolcache/Python/3.12.12/x64/lib/python3.12/site-packages/galaxy/tool_util/verify/interactor.py\", line 163, in stage_data_in_history\n    test_dict = galaxy_interactor.remote_to_input(\n                ^^^^^^^^^^^^^^^^^^^^^^^^^^^^^^^^^^\n  File \"/opt/hostedtoolcache/Python/3.12.12/x64/lib/python3.12/site-packages/galaxy/tool_util/verify/interactor.py\", line 581, in remote_to_input\n    path_or_location = self._get_path_or_location(\n                       ^^^^^^^^^^^^^^^^^^^^^^^^^^^\n  File \"/opt/hostedtoolcache/Python/3.12.12/x64/lib/python3.12/site-packages/galaxy/tool_util/verify/interactor.py\", line 618, in _get_path_or_location\n    path = self.test_data_download(\n           ^^^^^^^^^^^^^^^^^^^^^^^^\n  File \"/opt/hostedtoolcache/Python/3.12.12/x64/lib/python3.12/site-packages/galaxy/tool_util/verify/interactor.py\", line 524, in test_data_download\n    raise AssertionError(f\"Test input file ({filename}) cannot be found.\")\nAssertionError: Test input file (1000trimmed.fastq) cannot be found.\n", "status": "error", "test_index": 1, "time_seconds": 0.07217669486999512, "tool_id": "fastqc", "tool_version": "0.74+galaxy1"}
            ]]></error>
        
    </testcase>
    
    <testcase classname="fastqc (Test #3)" name="2" time="0.07257723808288574">
        
            <error type="error" message="Input staging problem: Traceback (most recent call last):
  File "/opt/hostedtoolcache/Python/3.12.12/x64/lib/python3.12/site-packages/galaxy/tool_util/verify/interactor.py", line 1466, in verify_tool
    stage_data_in_history(
  File "/opt/hostedtoolcache/Python/3.12.12/x64/lib/python3.12/site-packages/galaxy/tool_util/verify/interactor.py", line 163, in stage_data_in_history
    test_dict = galaxy_interactor.remote_to_input(
                ^^^^^^^^^^^^^^^^^^^^^^^^^^^^^^^^^^
  File "/opt/hostedtoolcache/Python/3.12.12/x64/lib/python3.12/site-packages/galaxy/tool_util/verify/interactor.py", line 581, in remote_to_input
    path_or_location = self._get_path_or_location(
                       ^^^^^^^^^^^^^^^^^^^^^^^^^^^
  File "/opt/hostedtoolcache/Python/3.12.12/x64/lib/python3.12/site-packages/galaxy/tool_util/verify/interactor.py", line 618, in _get_path_or_location
    path = self.test_data_download(
           ^^^^^^^^^^^^^^^^^^^^^^^^
  File "/opt/hostedtoolcache/Python/3.12.12/x64/lib/python3.12/site-packages/galaxy/tool_util/verify/interactor.py", line 524, in test_data_download
    raise AssertionError(f"Test input file ({filename}) cannot be found.")
AssertionError: Test input file (1000trimmed.fastq) cannot be found.
"><![CDATA[
                { "execution_problem": "Input staging problem: Traceback (most recent call last):\n  File \"/opt/hostedtoolcache/Python/3.12.12/x64/lib/python3.12/site-packages/galaxy/tool_util/verify/interactor.py\", line 1466, in verify_tool\n    stage_data_in_history(\n  File \"/opt/hostedtoolcache/Python/3.12.12/x64/lib/python3.12/site-packages/galaxy/tool_util/verify/interactor.py\", line 163, in stage_data_in_history\n    test_dict = galaxy_interactor.remote_to_input(\n                ^^^^^^^^^^^^^^^^^^^^^^^^^^^^^^^^^^\n  File \"/opt/hostedtoolcache/Python/3.12.12/x64/lib/python3.12/site-packages/galaxy/tool_util/verify/interactor.py\", line 581, in remote_to_input\n    path_or_location = self._get_path_or_location(\n                       ^^^^^^^^^^^^^^^^^^^^^^^^^^^\n  File \"/opt/hostedtoolcache/Python/3.12.12/x64/lib/python3.12/site-packages/galaxy/tool_util/verify/interactor.py\", line 618, in _get_path_or_location\n    path = self.test_data_download(\n           ^^^^^^^^^^^^^^^^^^^^^^^^\n  File \"/opt/hostedtoolcache/Python/3.12.12/x64/lib/python3.12/site-packages/galaxy/tool_util/verify/interactor.py\", line 524, in test_data_download\n    raise AssertionError(f\"Test input file ({filename}) cannot be found.\")\nAssertionError: Test input file (1000trimmed.fastq) cannot be found.\n", "status": "error", "test_index": 2, "time_seconds": 0.07257723808288574, "tool_id": "fastqc", "tool_version": "0.74+galaxy1"}
            ]]></error>
        
    </testcase>
    
    <testcase classname="fastqc (Test #4)" name="3" time="0.07039189338684082">
        
            <error type="error" message="Input staging problem: Traceback (most recent call last):
  File "/opt/hostedtoolcache/Python/3.12.12/x64/lib/python3.12/site-packages/galaxy/tool_util/verify/interactor.py", line 1466, in verify_tool
    stage_data_in_history(
  File "/opt/hostedtoolcache/Python/3.12.12/x64/lib/python3.12/site-packages/galaxy/tool_util/verify/interactor.py", line 163, in stage_data_in_history
    test_dict = galaxy_interactor.remote_to_input(
                ^^^^^^^^^^^^^^^^^^^^^^^^^^^^^^^^^^
  File "/opt/hostedtoolcache/Python/3.12.12/x64/lib/python3.12/site-packages/galaxy/tool_util/verify/interactor.py", line 581, in remote_to_input
    path_or_location = self._get_path_or_location(
                       ^^^^^^^^^^^^^^^^^^^^^^^^^^^
  File "/opt/hostedtoolcache/Python/3.12.12/x64/lib/python3.12/site-packages/galaxy/tool_util/verify/interactor.py", line 618, in _get_path_or_location
    path = self.test_data_download(
           ^^^^^^^^^^^^^^^^^^^^^^^^
  File "/opt/hostedtoolcache/Python/3.12.12/x64/lib/python3.12/site-packages/galaxy/tool_util/verify/interactor.py", line 524, in test_data_download
    raise AssertionError(f"Test input file ({filename}) cannot be found.")
AssertionError: Test input file (1000trimmed.fastq) cannot be found.
"><![CDATA[
                { "execution_problem": "Input staging problem: Traceback (most recent call last):\n  File \"/opt/hostedtoolcache/Python/3.12.12/x64/lib/python3.12/site-packages/galaxy/tool_util/verify/interactor.py\", line 1466, in verify_tool\n    stage_data_in_history(\n  File \"/opt/hostedtoolcache/Python/3.12.12/x64/lib/python3.12/site-packages/galaxy/tool_util/verify/interactor.py\", line 163, in stage_data_in_history\n    test_dict = galaxy_interactor.remote_to_input(\n                ^^^^^^^^^^^^^^^^^^^^^^^^^^^^^^^^^^\n  File \"/opt/hostedtoolcache/Python/3.12.12/x64/lib/python3.12/site-packages/galaxy/tool_util/verify/interactor.py\", line 581, in remote_to_input\n    path_or_location = self._get_path_or_location(\n                       ^^^^^^^^^^^^^^^^^^^^^^^^^^^\n  File \"/opt/hostedtoolcache/Python/3.12.12/x64/lib/python3.12/site-packages/galaxy/tool_util/verify/interactor.py\", line 618, in _get_path_or_location\n    path = self.test_data_download(\n           ^^^^^^^^^^^^^^^^^^^^^^^^\n  File \"/opt/hostedtoolcache/Python/3.12.12/x64/lib/python3.12/site-packages/galaxy/tool_util/verify/interactor.py\", line 524, in test_data_download\n    raise AssertionError(f\"Test input file ({filename}) cannot be found.\")\nAssertionError: Test input file (1000trimmed.fastq) cannot be found.\n", "status": "error", "test_index": 3, "time_seconds": 0.07039189338684082, "tool_id": "fastqc", "tool_version": "0.74+galaxy1"}
            ]]></error>
        
    </testcase>
    
    <testcase classname="fastqc (Test #5)" name="4" time="0.0720987319946289">
        
            <error type="error" message="Input staging problem: Traceback (most recent call last):
  File "/opt/hostedtoolcache/Python/3.12.12/x64/lib/python3.12/site-packages/galaxy/tool_util/verify/interactor.py", line 1466, in verify_tool
    stage_data_in_history(
  File "/opt/hostedtoolcache/Python/3.12.12/x64/lib/python3.12/site-packages/galaxy/tool_util/verify/interactor.py", line 163, in stage_data_in_history
    test_dict = galaxy_interactor.remote_to_input(
                ^^^^^^^^^^^^^^^^^^^^^^^^^^^^^^^^^^
  File "/opt/hostedtoolcache/Python/3.12.12/x64/lib/python3.12/site-packages/galaxy/tool_util/verify/interactor.py", line 581, in remote_to_input
    path_or_location = self._get_path_or_location(
                       ^^^^^^^^^^^^^^^^^^^^^^^^^^^
  File "/opt/hostedtoolcache/Python/3.12.12/x64/lib/python3.12/site-packages/galaxy/tool_util/verify/interactor.py", line 618, in _get_path_or_location
    path = self.test_data_download(
           ^^^^^^^^^^^^^^^^^^^^^^^^
  File "/opt/hostedtoolcache/Python/3.12.12/x64/lib/python3.12/site-packages/galaxy/tool_util/verify/interactor.py", line 524, in test_data_download
    raise AssertionError(f"Test input file ({filename}) cannot be found.")
AssertionError: Test input file (1000trimmed.fastq) cannot be found.
"><![CDATA[
                { "execution_problem": "Input staging problem: Traceback (most recent call last):\n  File \"/opt/hostedtoolcache/Python/3.12.12/x64/lib/python3.12/site-packages/galaxy/tool_util/verify/interactor.py\", line 1466, in verify_tool\n    stage_data_in_history(\n  File \"/opt/hostedtoolcache/Python/3.12.12/x64/lib/python3.12/site-packages/galaxy/tool_util/verify/interactor.py\", line 163, in stage_data_in_history\n    test_dict = galaxy_interactor.remote_to_input(\n                ^^^^^^^^^^^^^^^^^^^^^^^^^^^^^^^^^^\n  File \"/opt/hostedtoolcache/Python/3.12.12/x64/lib/python3.12/site-packages/galaxy/tool_util/verify/interactor.py\", line 581, in remote_to_input\n    path_or_location = self._get_path_or_location(\n                       ^^^^^^^^^^^^^^^^^^^^^^^^^^^\n  File \"/opt/hostedtoolcache/Python/3.12.12/x64/lib/python3.12/site-packages/galaxy/tool_util/verify/interactor.py\", line 618, in _get_path_or_location\n    path = self.test_data_download(\n           ^^^^^^^^^^^^^^^^^^^^^^^^\n  File \"/opt/hostedtoolcache/Python/3.12.12/x64/lib/python3.12/site-packages/galaxy/tool_util/verify/interactor.py\", line 524, in test_data_download\n    raise AssertionError(f\"Test input file ({filename}) cannot be found.\")\nAssertionError: Test input file (1000trimmed.fastq) cannot be found.\n", "status": "error", "test_index": 4, "time_seconds": 0.0720987319946289, "tool_id": "fastqc", "tool_version": "0.74+galaxy1"}
            ]]></error>
        
    </testcase>
    
    <testcase classname="fastqc (Test #6)" name="5" time="0.07079672813415527">
        
            <error type="error" message="Input staging problem: Traceback (most recent call last):
  File "/opt/hostedtoolcache/Python/3.12.12/x64/lib/python3.12/site-packages/galaxy/tool_util/verify/interactor.py", line 1466, in verify_tool
    stage_data_in_history(
  File "/opt/hostedtoolcache/Python/3.12.12/x64/lib/python3.12/site-packages/galaxy/tool_util/verify/interactor.py", line 163, in stage_data_in_history
    test_dict = galaxy_interactor.remote_to_input(
                ^^^^^^^^^^^^^^^^^^^^^^^^^^^^^^^^^^
  File "/opt/hostedtoolcache/Python/3.12.12/x64/lib/python3.12/site-packages/galaxy/tool_util/verify/interactor.py", line 581, in remote_to_input
    path_or_location = self._get_path_or_location(
                       ^^^^^^^^^^^^^^^^^^^^^^^^^^^
  File "/opt/hostedtoolcache/Python/3.12.12/x64/lib/python3.12/site-packages/galaxy/tool_util/verify/interactor.py", line 618, in _get_path_or_location
    path = self.test_data_download(
           ^^^^^^^^^^^^^^^^^^^^^^^^
  File "/opt/hostedtoolcache/Python/3.12.12/x64/lib/python3.12/site-packages/galaxy/tool_util/verify/interactor.py", line 524, in test_data_download
    raise AssertionError(f"Test input file ({filename}) cannot be found.")
AssertionError: Test input file (1000trimmed.fastq) cannot be found.
"><![CDATA[
                { "execution_problem": "Input staging problem: Traceback (most recent call last):\n  File \"/opt/hostedtoolcache/Python/3.12.12/x64/lib/python3.12/site-packages/galaxy/tool_util/verify/interactor.py\", line 1466, in verify_tool\n    stage_data_in_history(\n  File \"/opt/hostedtoolcache/Python/3.12.12/x64/lib/python3.12/site-packages/galaxy/tool_util/verify/interactor.py\", line 163, in stage_data_in_history\n    test_dict = galaxy_interactor.remote_to_input(\n                ^^^^^^^^^^^^^^^^^^^^^^^^^^^^^^^^^^\n  File \"/opt/hostedtoolcache/Python/3.12.12/x64/lib/python3.12/site-packages/galaxy/tool_util/verify/interactor.py\", line 581, in remote_to_input\n    path_or_location = self._get_path_or_location(\n                       ^^^^^^^^^^^^^^^^^^^^^^^^^^^\n  File \"/opt/hostedtoolcache/Python/3.12.12/x64/lib/python3.12/site-packages/galaxy/tool_util/verify/interactor.py\", line 618, in _get_path_or_location\n    path = self.test_data_download(\n           ^^^^^^^^^^^^^^^^^^^^^^^^\n  File \"/opt/hostedtoolcache/Python/3.12.12/x64/lib/python3.12/site-packages/galaxy/tool_util/verify/interactor.py\", line 524, in test_data_download\n    raise AssertionError(f\"Test input file ({filename}) cannot be found.\")\nAssertionError: Test input file (1000trimmed.fastq) cannot be found.\n", "status": "error", "test_index": 5, "time_seconds": 0.07079672813415527, "tool_id": "fastqc", "tool_version": "0.74+galaxy1"}
            ]]></error>
        
    </testcase>
    
    <testcase classname="fastqc (Test #7)" name="6" time="0.07119512557983398">
        
            <error type="error" message="Input staging problem: Traceback (most recent call last):
  File "/opt/hostedtoolcache/Python/3.12.12/x64/lib/python3.12/site-packages/galaxy/tool_util/verify/interactor.py", line 1466, in verify_tool
    stage_data_in_history(
  File "/opt/hostedtoolcache/Python/3.12.12/x64/lib/python3.12/site-packages/galaxy/tool_util/verify/interactor.py", line 163, in stage_data_in_history
    test_dict = galaxy_interactor.remote_to_input(
                ^^^^^^^^^^^^^^^^^^^^^^^^^^^^^^^^^^
  File "/opt/hostedtoolcache/Python/3.12.12/x64/lib/python3.12/site-packages/galaxy/tool_util/verify/interactor.py", line 581, in remote_to_input
    path_or_location = self._get_path_or_location(
                       ^^^^^^^^^^^^^^^^^^^^^^^^^^^
  File "/opt/hostedtoolcache/Python/3.12.12/x64/lib/python3.12/site-packages/galaxy/tool_util/verify/interactor.py", line 618, in _get_path_or_location
    path = self.test_data_download(
           ^^^^^^^^^^^^^^^^^^^^^^^^
  File "/opt/hostedtoolcache/Python/3.12.12/x64/lib/python3.12/site-packages/galaxy/tool_util/verify/interactor.py", line 524, in test_data_download
    raise AssertionError(f"Test input file ({filename}) cannot be found.")
AssertionError: Test input file (1000trimmed.fastq) cannot be found.
"><![CDATA[
                { "execution_problem": "Input staging problem: Traceback (most recent call last):\n  File \"/opt/hostedtoolcache/Python/3.12.12/x64/lib/python3.12/site-packages/galaxy/tool_util/verify/interactor.py\", line 1466, in verify_tool\n    stage_data_in_history(\n  File \"/opt/hostedtoolcache/Python/3.12.12/x64/lib/python3.12/site-packages/galaxy/tool_util/verify/interactor.py\", line 163, in stage_data_in_history\n    test_dict = galaxy_interactor.remote_to_input(\n                ^^^^^^^^^^^^^^^^^^^^^^^^^^^^^^^^^^\n  File \"/opt/hostedtoolcache/Python/3.12.12/x64/lib/python3.12/site-packages/galaxy/tool_util/verify/interactor.py\", line 581, in remote_to_input\n    path_or_location = self._get_path_or_location(\n                       ^^^^^^^^^^^^^^^^^^^^^^^^^^^\n  File \"/opt/hostedtoolcache/Python/3.12.12/x64/lib/python3.12/site-packages/galaxy/tool_util/verify/interactor.py\", line 618, in _get_path_or_location\n    path = self.test_data_download(\n           ^^^^^^^^^^^^^^^^^^^^^^^^\n  File \"/opt/hostedtoolcache/Python/3.12.12/x64/lib/python3.12/site-packages/galaxy/tool_util/verify/interactor.py\", line 524, in test_data_download\n    raise AssertionError(f\"Test input file ({filename}) cannot be found.\")\nAssertionError: Test input file (1000trimmed.fastq) cannot be found.\n", "status": "error", "test_index": 6, "time_seconds": 0.07119512557983398, "tool_id": "fastqc", "tool_version": "0.74+galaxy1"}
            ]]></error>
        
    </testcase>
    
    <testcase classname="fastqc (Test #8)" name="7" time="0.07028555870056152">
        
            <error type="error" message="Input staging problem: Traceback (most recent call last):
  File "/opt/hostedtoolcache/Python/3.12.12/x64/lib/python3.12/site-packages/galaxy/tool_util/verify/interactor.py", line 1466, in verify_tool
    stage_data_in_history(
  File "/opt/hostedtoolcache/Python/3.12.12/x64/lib/python3.12/site-packages/galaxy/tool_util/verify/interactor.py", line 163, in stage_data_in_history
    test_dict = galaxy_interactor.remote_to_input(
                ^^^^^^^^^^^^^^^^^^^^^^^^^^^^^^^^^^
  File "/opt/hostedtoolcache/Python/3.12.12/x64/lib/python3.12/site-packages/galaxy/tool_util/verify/interactor.py", line 581, in remote_to_input
    path_or_location = self._get_path_or_location(
                       ^^^^^^^^^^^^^^^^^^^^^^^^^^^
  File "/opt/hostedtoolcache/Python/3.12.12/x64/lib/python3.12/site-packages/galaxy/tool_util/verify/interactor.py", line 618, in _get_path_or_location
    path = self.test_data_download(
           ^^^^^^^^^^^^^^^^^^^^^^^^
  File "/opt/hostedtoolcache/Python/3.12.12/x64/lib/python3.12/site-packages/galaxy/tool_util/verify/interactor.py", line 524, in test_data_download
    raise AssertionError(f"Test input file ({filename}) cannot be found.")
AssertionError: Test input file (hisat_output_1.bam) cannot be found.
"><![CDATA[
                { "execution_problem": "Input staging problem: Traceback (most recent call last):\n  File \"/opt/hostedtoolcache/Python/3.12.12/x64/lib/python3.12/site-packages/galaxy/tool_util/verify/interactor.py\", line 1466, in verify_tool\n    stage_data_in_history(\n  File \"/opt/hostedtoolcache/Python/3.12.12/x64/lib/python3.12/site-packages/galaxy/tool_util/verify/interactor.py\", line 163, in stage_data_in_history\n    test_dict = galaxy_interactor.remote_to_input(\n                ^^^^^^^^^^^^^^^^^^^^^^^^^^^^^^^^^^\n  File \"/opt/hostedtoolcache/Python/3.12.12/x64/lib/python3.12/site-packages/galaxy/tool_util/verify/interactor.py\", line 581, in remote_to_input\n    path_or_location = self._get_path_or_location(\n                       ^^^^^^^^^^^^^^^^^^^^^^^^^^^\n  File \"/opt/hostedtoolcache/Python/3.12.12/x64/lib/python3.12/site-packages/galaxy/tool_util/verify/interactor.py\", line 618, in _get_path_or_location\n    path = self.test_data_download(\n           ^^^^^^^^^^^^^^^^^^^^^^^^\n  File \"/opt/hostedtoolcache/Python/3.12.12/x64/lib/python3.12/site-packages/galaxy/tool_util/verify/interactor.py\", line 524, in test_data_download\n    raise AssertionError(f\"Test input file ({filename}) cannot be found.\")\nAssertionError: Test input file (hisat_output_1.bam) cannot be found.\n", "status": "error", "test_index": 7, "time_seconds": 0.07028555870056152, "tool_id": "fastqc", "tool_version": "0.74+galaxy1"}
            ]]></error>
        
    </testcase>
    
    <testcase classname="lofreq_indelqual (Test #1)" name="0" time="47.527212381362915">
        
            
            <system-out><![CDATA[
            
            ]]></system-out>
            <system-err><![CDATA[
            
            ]]></system-err>
        
    </testcase>
    
    <testcase classname="lofreq_indelqual (Test #2)" name="1" time="13.563013553619385">
        
            <error type="error" message="Input staging problem: Traceback (most recent call last):
  File "/opt/hostedtoolcache/Python/3.12.12/x64/lib/python3.12/site-packages/galaxy/tool_util/verify/interactor.py", line 1466, in verify_tool
    stage_data_in_history(
  File "/opt/hostedtoolcache/Python/3.12.12/x64/lib/python3.12/site-packages/galaxy/tool_util/verify/interactor.py", line 175, in stage_data_in_history
    staging_interface.handle_jobs()
  File "/opt/hostedtoolcache/Python/3.12.12/x64/lib/python3.12/site-packages/galaxy/tool_util/verify/interactor.py", line 212, in handle_jobs
    self.galaxy_interactor.wait_for_job(job_response["id"], job_response["history_id"], self.maxseconds)
  File "/opt/hostedtoolcache/Python/3.12.12/x64/lib/python3.12/site-packages/galaxy/tool_util/verify/interactor.py", line 398, in wait_for_job
    self.wait_for(lambda: self.__job_ready(job_id, history_id), maxseconds=maxseconds)
  File "/opt/hostedtoolcache/Python/3.12.12/x64/lib/python3.12/site-packages/galaxy/tool_util/verify/interactor.py", line 402, in wait_for
    wait_on(func, what, walltime_exceeded)
  File "/opt/hostedtoolcache/Python/3.12.12/x64/lib/python3.12/site-packages/galaxy/tool_util/verify/wait.py", line 38, in wait_on
    value = function()
            ^^^^^^^^^^
  File "/opt/hostedtoolcache/Python/3.12.12/x64/lib/python3.12/site-packages/galaxy/tool_util/verify/interactor.py", line 398, in <lambda>
    self.wait_for(lambda: self.__job_ready(job_id, history_id), maxseconds=maxseconds)
                          ^^^^^^^^^^^^^^^^^^^^^^^^^^^^^^^^^^^^
  File "/opt/hostedtoolcache/Python/3.12.12/x64/lib/python3.12/site-packages/galaxy/tool_util/verify/interactor.py", line 751, in __job_ready
    return self._state_ready(job_id, error_msg="Job in error state.")
           ^^^^^^^^^^^^^^^^^^^^^^^^^^^^^^^^^^^^^^^^^^^^^^^^^^^^^^^^^^
  File "/opt/hostedtoolcache/Python/3.12.12/x64/lib/python3.12/site-packages/galaxy/tool_util/verify/interactor.py", line 847, in _state_ready
    raise Exception(
Exception: Job in error state.. tool_id: __DATA_FETCH__, exit_code: None, stderr: .
"><![CDATA[
                { "execution_problem": "Input staging problem: Traceback (most recent call last):\n  File \"/opt/hostedtoolcache/Python/3.12.12/x64/lib/python3.12/site-packages/galaxy/tool_util/verify/interactor.py\", line 1466, in verify_tool\n    stage_data_in_history(\n  File \"/opt/hostedtoolcache/Python/3.12.12/x64/lib/python3.12/site-packages/galaxy/tool_util/verify/interactor.py\", line 175, in stage_data_in_history\n    staging_interface.handle_jobs()\n  File \"/opt/hostedtoolcache/Python/3.12.12/x64/lib/python3.12/site-packages/galaxy/tool_util/verify/interactor.py\", line 212, in handle_jobs\n    self.galaxy_interactor.wait_for_job(job_response[\"id\"], job_response[\"history_id\"], self.maxseconds)\n  File \"/opt/hostedtoolcache/Python/3.12.12/x64/lib/python3.12/site-packages/galaxy/tool_util/verify/interactor.py\", line 398, in wait_for_job\n    self.wait_for(lambda: self.__job_ready(job_id, history_id), maxseconds=maxseconds)\n  File \"/opt/hostedtoolcache/Python/3.12.12/x64/lib/python3.12/site-packages/galaxy/tool_util/verify/interactor.py\", line 402, in wait_for\n    wait_on(func, what, walltime_exceeded)\n  File \"/opt/hostedtoolcache/Python/3.12.12/x64/lib/python3.12/site-packages/galaxy/tool_util/verify/wait.py\", line 38, in wait_on\n    value = function()\n            ^^^^^^^^^^\n  File \"/opt/hostedtoolcache/Python/3.12.12/x64/lib/python3.12/site-packages/galaxy/tool_util/verify/interactor.py\", line 398, in \u003clambda\u003e\n    self.wait_for(lambda: self.__job_ready(job_id, history_id), maxseconds=maxseconds)\n                          ^^^^^^^^^^^^^^^^^^^^^^^^^^^^^^^^^^^^\n  File \"/opt/hostedtoolcache/Python/3.12.12/x64/lib/python3.12/site-packages/galaxy/tool_util/verify/interactor.py\", line 751, in __job_ready\n    return self._state_ready(job_id, error_msg=\"Job in error state.\")\n           ^^^^^^^^^^^^^^^^^^^^^^^^^^^^^^^^^^^^^^^^^^^^^^^^^^^^^^^^^^\n  File \"/opt/hostedtoolcache/Python/3.12.12/x64/lib/python3.12/site-packages/galaxy/tool_util/verify/interactor.py\", line 847, in _state_ready\n    raise Exception(\nException: Job in error state.. tool_id: __DATA_FETCH__, exit_code: None, stderr: .\n", "status": "error", "test_index": 1, "time_seconds": 13.563013553619385, "tool_id": "lofreq_indelqual", "tool_version": "2.1.5+galaxy1"}
            ]]></error>
        
    </testcase>
    
    <testcase classname="lofreq_indelqual (Test #3)" name="2" time="39.38188314437866">
        
            
            <system-out><![CDATA[
            
            ]]></system-out>
            <system-err><![CDATA[
            
            ]]></system-err>
        
    </testcase>
    
    <testcase classname="mummer_nucmer (Test #1)" name="0" time="13.091654062271118">
        
            <error type="error" message="Input staging problem: Traceback (most recent call last):
  File "/opt/hostedtoolcache/Python/3.12.12/x64/lib/python3.12/site-packages/galaxy/tool_util/verify/interactor.py", line 1466, in verify_tool
    stage_data_in_history(
  File "/opt/hostedtoolcache/Python/3.12.12/x64/lib/python3.12/site-packages/galaxy/tool_util/verify/interactor.py", line 175, in stage_data_in_history
    staging_interface.handle_jobs()
  File "/opt/hostedtoolcache/Python/3.12.12/x64/lib/python3.12/site-packages/galaxy/tool_util/verify/interactor.py", line 212, in handle_jobs
    self.galaxy_interactor.wait_for_job(job_response["id"], job_response["history_id"], self.maxseconds)
  File "/opt/hostedtoolcache/Python/3.12.12/x64/lib/python3.12/site-packages/galaxy/tool_util/verify/interactor.py", line 398, in wait_for_job
    self.wait_for(lambda: self.__job_ready(job_id, history_id), maxseconds=maxseconds)
  File "/opt/hostedtoolcache/Python/3.12.12/x64/lib/python3.12/site-packages/galaxy/tool_util/verify/interactor.py", line 402, in wait_for
    wait_on(func, what, walltime_exceeded)
  File "/opt/hostedtoolcache/Python/3.12.12/x64/lib/python3.12/site-packages/galaxy/tool_util/verify/wait.py", line 38, in wait_on
    value = function()
            ^^^^^^^^^^
  File "/opt/hostedtoolcache/Python/3.12.12/x64/lib/python3.12/site-packages/galaxy/tool_util/verify/interactor.py", line 398, in <lambda>
    self.wait_for(lambda: self.__job_ready(job_id, history_id), maxseconds=maxseconds)
                          ^^^^^^^^^^^^^^^^^^^^^^^^^^^^^^^^^^^^
  File "/opt/hostedtoolcache/Python/3.12.12/x64/lib/python3.12/site-packages/galaxy/tool_util/verify/interactor.py", line 751, in __job_ready
    return self._state_ready(job_id, error_msg="Job in error state.")
           ^^^^^^^^^^^^^^^^^^^^^^^^^^^^^^^^^^^^^^^^^^^^^^^^^^^^^^^^^^
  File "/opt/hostedtoolcache/Python/3.12.12/x64/lib/python3.12/site-packages/galaxy/tool_util/verify/interactor.py", line 847, in _state_ready
    raise Exception(
Exception: Job in error state.. tool_id: __DATA_FETCH__, exit_code: None, stderr: .
"><![CDATA[
                { "execution_problem": "Input staging problem: Traceback (most recent call last):\n  File \"/opt/hostedtoolcache/Python/3.12.12/x64/lib/python3.12/site-packages/galaxy/tool_util/verify/interactor.py\", line 1466, in verify_tool\n    stage_data_in_history(\n  File \"/opt/hostedtoolcache/Python/3.12.12/x64/lib/python3.12/site-packages/galaxy/tool_util/verify/interactor.py\", line 175, in stage_data_in_history\n    staging_interface.handle_jobs()\n  File \"/opt/hostedtoolcache/Python/3.12.12/x64/lib/python3.12/site-packages/galaxy/tool_util/verify/interactor.py\", line 212, in handle_jobs\n    self.galaxy_interactor.wait_for_job(job_response[\"id\"], job_response[\"history_id\"], self.maxseconds)\n  File \"/opt/hostedtoolcache/Python/3.12.12/x64/lib/python3.12/site-packages/galaxy/tool_util/verify/interactor.py\", line 398, in wait_for_job\n    self.wait_for(lambda: self.__job_ready(job_id, history_id), maxseconds=maxseconds)\n  File \"/opt/hostedtoolcache/Python/3.12.12/x64/lib/python3.12/site-packages/galaxy/tool_util/verify/interactor.py\", line 402, in wait_for\n    wait_on(func, what, walltime_exceeded)\n  File \"/opt/hostedtoolcache/Python/3.12.12/x64/lib/python3.12/site-packages/galaxy/tool_util/verify/wait.py\", line 38, in wait_on\n    value = function()\n            ^^^^^^^^^^\n  File \"/opt/hostedtoolcache/Python/3.12.12/x64/lib/python3.12/site-packages/galaxy/tool_util/verify/interactor.py\", line 398, in \u003clambda\u003e\n    self.wait_for(lambda: self.__job_ready(job_id, history_id), maxseconds=maxseconds)\n                          ^^^^^^^^^^^^^^^^^^^^^^^^^^^^^^^^^^^^\n  File \"/opt/hostedtoolcache/Python/3.12.12/x64/lib/python3.12/site-packages/galaxy/tool_util/verify/interactor.py\", line 751, in __job_ready\n    return self._state_ready(job_id, error_msg=\"Job in error state.\")\n           ^^^^^^^^^^^^^^^^^^^^^^^^^^^^^^^^^^^^^^^^^^^^^^^^^^^^^^^^^^\n  File \"/opt/hostedtoolcache/Python/3.12.12/x64/lib/python3.12/site-packages/galaxy/tool_util/verify/interactor.py\", line 847, in _state_ready\n    raise Exception(\nException: Job in error state.. tool_id: __DATA_FETCH__, exit_code: None, stderr: .\n", "status": "error", "test_index": 0, "time_seconds": 13.091654062271118, "tool_id": "mummer_nucmer", "tool_version": "4.0.0rc1+galaxy3"}
            ]]></error>
        
    </testcase>
    
    <testcase classname="mummer_nucmer (Test #2)" name="1" time="70.98621249198914">
        
            
            <system-out><![CDATA[
            
            ]]></system-out>
            <system-err><![CDATA[
            [bam_fillmd1] different MD for read 'NC_000070.6:c41098183-41092724': '5c3a0g6c30c2g2t0c0c2c2c11c20c2a11c23g10g77' -> '5C3A0G6C30C2G2T0C0C2C2C11C20C2A11C23G10G4'[bam_fillmd1] different MD for read 'NC_000070.6:c41098183-41092724': '7c0a0g6c2t4c2a23t7c8g8t8c2c8c2c5a11c5c26c17c2c23g8c2c5t2t2a5t2g11t1c19c5^cccag2^ca7c6t5^g0c6c0c2^a4c4c1a0t0g0a4^c1g4c7c4a3t11g5c2g14c5t2g20g5c2c28a27t0g4g5105' -> '7C0A0G6C2T4C2A23T7C8G8T8C2C8C2C5A11C5C26C17C2C23G8C2C5T2T2A5T2G11T1C19C5^CCCAG2^CA7C6T5^G0C6C0C2^A4C4C1A0T0G0A4^C1G4C7C4A3T11G5C2G14C5T2G20G5C2C28A27T0G4G26'
            ]]></system-err>
        
    </testcase>
    
    <testcase classname="mummer_nucmer (Test #3)" name="2" time="39.25010323524475">
        
            
            <system-out><![CDATA[
            
            ]]></system-out>
            <system-err><![CDATA[
            
            ]]></system-err>
        
    </testcase>
    
    <testcase classname="poretools_hist (Test #1)" name="0" time="62.2156777381897">
        
            
            <system-out><![CDATA[
            
            ]]></system-out>
            <system-err><![CDATA[
            
            ]]></system-err>
        
    </testcase>
    
    <testcase classname="poretools_hist (Test #2)" name="1" time="40.54287886619568">
        
            
            <system-out><![CDATA[
            
            ]]></system-out>
            <system-err><![CDATA[
            
            ]]></system-err>
        
    </testcase>
    
    <testcase classname="poretools_hist (Test #3)" name="2" time="39.60680150985718">
        
            
            <system-out><![CDATA[
            
            ]]></system-out>
            <system-err><![CDATA[
            
            ]]></system-err>
        
    </testcase>
    
    <testcase classname="samtools_markdup (Test #1)" name="0" time="0.13190817832946777">
        
            <error type="error" message="Input staging problem: Traceback (most recent call last):
  File "/opt/hostedtoolcache/Python/3.12.12/x64/lib/python3.12/site-packages/galaxy/tool_util/verify/interactor.py", line 1466, in verify_tool
    stage_data_in_history(
  File "/opt/hostedtoolcache/Python/3.12.12/x64/lib/python3.12/site-packages/galaxy/tool_util/verify/interactor.py", line 163, in stage_data_in_history
    test_dict = galaxy_interactor.remote_to_input(
                ^^^^^^^^^^^^^^^^^^^^^^^^^^^^^^^^^^
  File "/opt/hostedtoolcache/Python/3.12.12/x64/lib/python3.12/site-packages/galaxy/tool_util/verify/interactor.py", line 581, in remote_to_input
    path_or_location = self._get_path_or_location(
                       ^^^^^^^^^^^^^^^^^^^^^^^^^^^
  File "/opt/hostedtoolcache/Python/3.12.12/x64/lib/python3.12/site-packages/galaxy/tool_util/verify/interactor.py", line 618, in _get_path_or_location
    path = self.test_data_download(
           ^^^^^^^^^^^^^^^^^^^^^^^^
  File "/opt/hostedtoolcache/Python/3.12.12/x64/lib/python3.12/site-packages/galaxy/tool_util/verify/interactor.py", line 524, in test_data_download
    raise AssertionError(f"Test input file ({filename}) cannot be found.")
AssertionError: Test input file (5_markdup.sam) cannot be found.
"><![CDATA[
                { "execution_problem": "Input staging problem: Traceback (most recent call last):\n  File \"/opt/hostedtoolcache/Python/3.12.12/x64/lib/python3.12/site-packages/galaxy/tool_util/verify/interactor.py\", line 1466, in verify_tool\n    stage_data_in_history(\n  File \"/opt/hostedtoolcache/Python/3.12.12/x64/lib/python3.12/site-packages/galaxy/tool_util/verify/interactor.py\", line 163, in stage_data_in_history\n    test_dict = galaxy_interactor.remote_to_input(\n                ^^^^^^^^^^^^^^^^^^^^^^^^^^^^^^^^^^\n  File \"/opt/hostedtoolcache/Python/3.12.12/x64/lib/python3.12/site-packages/galaxy/tool_util/verify/interactor.py\", line 581, in remote_to_input\n    path_or_location = self._get_path_or_location(\n                       ^^^^^^^^^^^^^^^^^^^^^^^^^^^\n  File \"/opt/hostedtoolcache/Python/3.12.12/x64/lib/python3.12/site-packages/galaxy/tool_util/verify/interactor.py\", line 618, in _get_path_or_location\n    path = self.test_data_download(\n           ^^^^^^^^^^^^^^^^^^^^^^^^\n  File \"/opt/hostedtoolcache/Python/3.12.12/x64/lib/python3.12/site-packages/galaxy/tool_util/verify/interactor.py\", line 524, in test_data_download\n    raise AssertionError(f\"Test input file ({filename}) cannot be found.\")\nAssertionError: Test input file (5_markdup.sam) cannot be found.\n", "status": "error", "test_index": 0, "time_seconds": 0.13190817832946777, "tool_id": "samtools_markdup", "tool_version": "1.9+galaxy2"}
            ]]></error>
        
    </testcase>
    
    <testcase classname="samtools_markdup (Test #2)" name="1" time="0.07125258445739746">
        
            <error type="error" message="Input staging problem: Traceback (most recent call last):
  File "/opt/hostedtoolcache/Python/3.12.12/x64/lib/python3.12/site-packages/galaxy/tool_util/verify/interactor.py", line 1466, in verify_tool
    stage_data_in_history(
  File "/opt/hostedtoolcache/Python/3.12.12/x64/lib/python3.12/site-packages/galaxy/tool_util/verify/interactor.py", line 163, in stage_data_in_history
    test_dict = galaxy_interactor.remote_to_input(
                ^^^^^^^^^^^^^^^^^^^^^^^^^^^^^^^^^^
  File "/opt/hostedtoolcache/Python/3.12.12/x64/lib/python3.12/site-packages/galaxy/tool_util/verify/interactor.py", line 581, in remote_to_input
    path_or_location = self._get_path_or_location(
                       ^^^^^^^^^^^^^^^^^^^^^^^^^^^
  File "/opt/hostedtoolcache/Python/3.12.12/x64/lib/python3.12/site-packages/galaxy/tool_util/verify/interactor.py", line 618, in _get_path_or_location
    path = self.test_data_download(
           ^^^^^^^^^^^^^^^^^^^^^^^^
  File "/opt/hostedtoolcache/Python/3.12.12/x64/lib/python3.12/site-packages/galaxy/tool_util/verify/interactor.py", line 524, in test_data_download
    raise AssertionError(f"Test input file ({filename}) cannot be found.")
AssertionError: Test input file (6_remove_dups.sam) cannot be found.
"><![CDATA[
                { "execution_problem": "Input staging problem: Traceback (most recent call last):\n  File \"/opt/hostedtoolcache/Python/3.12.12/x64/lib/python3.12/site-packages/galaxy/tool_util/verify/interactor.py\", line 1466, in verify_tool\n    stage_data_in_history(\n  File \"/opt/hostedtoolcache/Python/3.12.12/x64/lib/python3.12/site-packages/galaxy/tool_util/verify/interactor.py\", line 163, in stage_data_in_history\n    test_dict = galaxy_interactor.remote_to_input(\n                ^^^^^^^^^^^^^^^^^^^^^^^^^^^^^^^^^^\n  File \"/opt/hostedtoolcache/Python/3.12.12/x64/lib/python3.12/site-packages/galaxy/tool_util/verify/interactor.py\", line 581, in remote_to_input\n    path_or_location = self._get_path_or_location(\n                       ^^^^^^^^^^^^^^^^^^^^^^^^^^^\n  File \"/opt/hostedtoolcache/Python/3.12.12/x64/lib/python3.12/site-packages/galaxy/tool_util/verify/interactor.py\", line 618, in _get_path_or_location\n    path = self.test_data_download(\n           ^^^^^^^^^^^^^^^^^^^^^^^^\n  File \"/opt/hostedtoolcache/Python/3.12.12/x64/lib/python3.12/site-packages/galaxy/tool_util/verify/interactor.py\", line 524, in test_data_download\n    raise AssertionError(f\"Test input file ({filename}) cannot be found.\")\nAssertionError: Test input file (6_remove_dups.sam) cannot be found.\n", "status": "error", "test_index": 1, "time_seconds": 0.07125258445739746, "tool_id": "samtools_markdup", "tool_version": "1.9+galaxy2"}
            ]]></error>
        
    </testcase>
    
    <testcase classname="samtools_markdup (Test #3)" name="2" time="0.07110810279846191">
        
            <error type="error" message="Input staging problem: Traceback (most recent call last):
  File "/opt/hostedtoolcache/Python/3.12.12/x64/lib/python3.12/site-packages/galaxy/tool_util/verify/interactor.py", line 1466, in verify_tool
    stage_data_in_history(
  File "/opt/hostedtoolcache/Python/3.12.12/x64/lib/python3.12/site-packages/galaxy/tool_util/verify/interactor.py", line 163, in stage_data_in_history
    test_dict = galaxy_interactor.remote_to_input(
                ^^^^^^^^^^^^^^^^^^^^^^^^^^^^^^^^^^
  File "/opt/hostedtoolcache/Python/3.12.12/x64/lib/python3.12/site-packages/galaxy/tool_util/verify/interactor.py", line 581, in remote_to_input
    path_or_location = self._get_path_or_location(
                       ^^^^^^^^^^^^^^^^^^^^^^^^^^^
  File "/opt/hostedtoolcache/Python/3.12.12/x64/lib/python3.12/site-packages/galaxy/tool_util/verify/interactor.py", line 618, in _get_path_or_location
    path = self.test_data_download(
           ^^^^^^^^^^^^^^^^^^^^^^^^
  File "/opt/hostedtoolcache/Python/3.12.12/x64/lib/python3.12/site-packages/galaxy/tool_util/verify/interactor.py", line 524, in test_data_download
    raise AssertionError(f"Test input file ({filename}) cannot be found.")
AssertionError: Test input file (7_mark_supp_dup.bam) cannot be found.
"><![CDATA[
                { "execution_problem": "Input staging problem: Traceback (most recent call last):\n  File \"/opt/hostedtoolcache/Python/3.12.12/x64/lib/python3.12/site-packages/galaxy/tool_util/verify/interactor.py\", line 1466, in verify_tool\n    stage_data_in_history(\n  File \"/opt/hostedtoolcache/Python/3.12.12/x64/lib/python3.12/site-packages/galaxy/tool_util/verify/interactor.py\", line 163, in stage_data_in_history\n    test_dict = galaxy_interactor.remote_to_input(\n                ^^^^^^^^^^^^^^^^^^^^^^^^^^^^^^^^^^\n  File \"/opt/hostedtoolcache/Python/3.12.12/x64/lib/python3.12/site-packages/galaxy/tool_util/verify/interactor.py\", line 581, in remote_to_input\n    path_or_location = self._get_path_or_location(\n                       ^^^^^^^^^^^^^^^^^^^^^^^^^^^\n  File \"/opt/hostedtoolcache/Python/3.12.12/x64/lib/python3.12/site-packages/galaxy/tool_util/verify/interactor.py\", line 618, in _get_path_or_location\n    path = self.test_data_download(\n           ^^^^^^^^^^^^^^^^^^^^^^^^\n  File \"/opt/hostedtoolcache/Python/3.12.12/x64/lib/python3.12/site-packages/galaxy/tool_util/verify/interactor.py\", line 524, in test_data_download\n    raise AssertionError(f\"Test input file ({filename}) cannot be found.\")\nAssertionError: Test input file (7_mark_supp_dup.bam) cannot be found.\n", "status": "error", "test_index": 2, "time_seconds": 0.07110810279846191, "tool_id": "samtools_markdup", "tool_version": "1.9+galaxy2"}
            ]]></error>
        
    </testcase>
    
    <testcase classname="samtools_markdup (Test #4)" name="3" time="0.07256937026977539">
        
            <error type="error" message="Input staging problem: Traceback (most recent call last):
  File "/opt/hostedtoolcache/Python/3.12.12/x64/lib/python3.12/site-packages/galaxy/tool_util/verify/interactor.py", line 1466, in verify_tool
    stage_data_in_history(
  File "/opt/hostedtoolcache/Python/3.12.12/x64/lib/python3.12/site-packages/galaxy/tool_util/verify/interactor.py", line 163, in stage_data_in_history
    test_dict = galaxy_interactor.remote_to_input(
                ^^^^^^^^^^^^^^^^^^^^^^^^^^^^^^^^^^
  File "/opt/hostedtoolcache/Python/3.12.12/x64/lib/python3.12/site-packages/galaxy/tool_util/verify/interactor.py", line 581, in remote_to_input
    path_or_location = self._get_path_or_location(
                       ^^^^^^^^^^^^^^^^^^^^^^^^^^^
  File "/opt/hostedtoolcache/Python/3.12.12/x64/lib/python3.12/site-packages/galaxy/tool_util/verify/interactor.py", line 618, in _get_path_or_location
    path = self.test_data_download(
           ^^^^^^^^^^^^^^^^^^^^^^^^
  File "/opt/hostedtoolcache/Python/3.12.12/x64/lib/python3.12/site-packages/galaxy/tool_util/verify/interactor.py", line 524, in test_data_download
    raise AssertionError(f"Test input file ({filename}) cannot be found.")
AssertionError: Test input file (5_markdup.sam) cannot be found.
"><![CDATA[
                { "execution_problem": "Input staging problem: Traceback (most recent call last):\n  File \"/opt/hostedtoolcache/Python/3.12.12/x64/lib/python3.12/site-packages/galaxy/tool_util/verify/interactor.py\", line 1466, in verify_tool\n    stage_data_in_history(\n  File \"/opt/hostedtoolcache/Python/3.12.12/x64/lib/python3.12/site-packages/galaxy/tool_util/verify/interactor.py\", line 163, in stage_data_in_history\n    test_dict = galaxy_interactor.remote_to_input(\n                ^^^^^^^^^^^^^^^^^^^^^^^^^^^^^^^^^^\n  File \"/opt/hostedtoolcache/Python/3.12.12/x64/lib/python3.12/site-packages/galaxy/tool_util/verify/interactor.py\", line 581, in remote_to_input\n    path_or_location = self._get_path_or_location(\n                       ^^^^^^^^^^^^^^^^^^^^^^^^^^^\n  File \"/opt/hostedtoolcache/Python/3.12.12/x64/lib/python3.12/site-packages/galaxy/tool_util/verify/interactor.py\", line 618, in _get_path_or_location\n    path = self.test_data_download(\n           ^^^^^^^^^^^^^^^^^^^^^^^^\n  File \"/opt/hostedtoolcache/Python/3.12.12/x64/lib/python3.12/site-packages/galaxy/tool_util/verify/interactor.py\", line 524, in test_data_download\n    raise AssertionError(f\"Test input file ({filename}) cannot be found.\")\nAssertionError: Test input file (5_markdup.sam) cannot be found.\n", "status": "error", "test_index": 3, "time_seconds": 0.07256937026977539, "tool_id": "samtools_markdup", "tool_version": "1.9+galaxy2"}
            ]]></error>
        
    </testcase>
    
    <testcase classname="sqlite_to_tabular (Test #1)" name="0" time="0.13512158393859863">
        
            <error type="error" message="Input staging problem: Traceback (most recent call last):
  File "/opt/hostedtoolcache/Python/3.12.12/x64/lib/python3.12/site-packages/galaxy/tool_util/verify/interactor.py", line 1466, in verify_tool
    stage_data_in_history(
  File "/opt/hostedtoolcache/Python/3.12.12/x64/lib/python3.12/site-packages/galaxy/tool_util/verify/interactor.py", line 163, in stage_data_in_history
    test_dict = galaxy_interactor.remote_to_input(
                ^^^^^^^^^^^^^^^^^^^^^^^^^^^^^^^^^^
  File "/opt/hostedtoolcache/Python/3.12.12/x64/lib/python3.12/site-packages/galaxy/tool_util/verify/interactor.py", line 581, in remote_to_input
    path_or_location = self._get_path_or_location(
                       ^^^^^^^^^^^^^^^^^^^^^^^^^^^
  File "/opt/hostedtoolcache/Python/3.12.12/x64/lib/python3.12/site-packages/galaxy/tool_util/verify/interactor.py", line 618, in _get_path_or_location
    path = self.test_data_download(
           ^^^^^^^^^^^^^^^^^^^^^^^^
  File "/opt/hostedtoolcache/Python/3.12.12/x64/lib/python3.12/site-packages/galaxy/tool_util/verify/interactor.py", line 524, in test_data_download
    raise AssertionError(f"Test input file ({filename}) cannot be found.")
AssertionError: Test input file (testdb.sqlite) cannot be found.
"><![CDATA[
                { "execution_problem": "Input staging problem: Traceback (most recent call last):\n  File \"/opt/hostedtoolcache/Python/3.12.12/x64/lib/python3.12/site-packages/galaxy/tool_util/verify/interactor.py\", line 1466, in verify_tool\n    stage_data_in_history(\n  File \"/opt/hostedtoolcache/Python/3.12.12/x64/lib/python3.12/site-packages/galaxy/tool_util/verify/interactor.py\", line 163, in stage_data_in_history\n    test_dict = galaxy_interactor.remote_to_input(\n                ^^^^^^^^^^^^^^^^^^^^^^^^^^^^^^^^^^\n  File \"/opt/hostedtoolcache/Python/3.12.12/x64/lib/python3.12/site-packages/galaxy/tool_util/verify/interactor.py\", line 581, in remote_to_input\n    path_or_location = self._get_path_or_location(\n                       ^^^^^^^^^^^^^^^^^^^^^^^^^^^\n  File \"/opt/hostedtoolcache/Python/3.12.12/x64/lib/python3.12/site-packages/galaxy/tool_util/verify/interactor.py\", line 618, in _get_path_or_location\n    path = self.test_data_download(\n           ^^^^^^^^^^^^^^^^^^^^^^^^\n  File \"/opt/hostedtoolcache/Python/3.12.12/x64/lib/python3.12/site-packages/galaxy/tool_util/verify/interactor.py\", line 524, in test_data_download\n    raise AssertionError(f\"Test input file ({filename}) cannot be found.\")\nAssertionError: Test input file (testdb.sqlite) cannot be found.\n", "status": "error", "test_index": 0, "time_seconds": 0.13512158393859863, "tool_id": "sqlite_to_tabular", "tool_version": "3.2.1"}
            ]]></error>
        
    </testcase>
    
    <testcase classname="vcfbedintersect (Test #1)" name="0" time="46.52809715270996">
        
            
            <system-out><![CDATA[
            
            ]]></system-out>
            <system-err><![CDATA[
            
            ]]></system-err>
        
    </testcase>
    
    <testcase classname="vcfbedintersect (Test #2)" name="1" time="12.426545143127441">
        
            <error type="error" message="Input staging problem: Traceback (most recent call last):
  File "/opt/hostedtoolcache/Python/3.12.12/x64/lib/python3.12/site-packages/galaxy/tool_util/verify/interactor.py", line 1466, in verify_tool
    stage_data_in_history(
  File "/opt/hostedtoolcache/Python/3.12.12/x64/lib/python3.12/site-packages/galaxy/tool_util/verify/interactor.py", line 175, in stage_data_in_history
    staging_interface.handle_jobs()
  File "/opt/hostedtoolcache/Python/3.12.12/x64/lib/python3.12/site-packages/galaxy/tool_util/verify/interactor.py", line 212, in handle_jobs
    self.galaxy_interactor.wait_for_job(job_response["id"], job_response["history_id"], self.maxseconds)
  File "/opt/hostedtoolcache/Python/3.12.12/x64/lib/python3.12/site-packages/galaxy/tool_util/verify/interactor.py", line 398, in wait_for_job
    self.wait_for(lambda: self.__job_ready(job_id, history_id), maxseconds=maxseconds)
  File "/opt/hostedtoolcache/Python/3.12.12/x64/lib/python3.12/site-packages/galaxy/tool_util/verify/interactor.py", line 402, in wait_for
    wait_on(func, what, walltime_exceeded)
  File "/opt/hostedtoolcache/Python/3.12.12/x64/lib/python3.12/site-packages/galaxy/tool_util/verify/wait.py", line 38, in wait_on
    value = function()
            ^^^^^^^^^^
  File "/opt/hostedtoolcache/Python/3.12.12/x64/lib/python3.12/site-packages/galaxy/tool_util/verify/interactor.py", line 398, in <lambda>
    self.wait_for(lambda: self.__job_ready(job_id, history_id), maxseconds=maxseconds)
                          ^^^^^^^^^^^^^^^^^^^^^^^^^^^^^^^^^^^^
  File "/opt/hostedtoolcache/Python/3.12.12/x64/lib/python3.12/site-packages/galaxy/tool_util/verify/interactor.py", line 751, in __job_ready
    return self._state_ready(job_id, error_msg="Job in error state.")
           ^^^^^^^^^^^^^^^^^^^^^^^^^^^^^^^^^^^^^^^^^^^^^^^^^^^^^^^^^^
  File "/opt/hostedtoolcache/Python/3.12.12/x64/lib/python3.12/site-packages/galaxy/tool_util/verify/interactor.py", line 847, in _state_ready
    raise Exception(
Exception: Job in error state.. tool_id: __DATA_FETCH__, exit_code: None, stderr: .
"><![CDATA[
                { "execution_problem": "Input staging problem: Traceback (most recent call last):\n  File \"/opt/hostedtoolcache/Python/3.12.12/x64/lib/python3.12/site-packages/galaxy/tool_util/verify/interactor.py\", line 1466, in verify_tool\n    stage_data_in_history(\n  File \"/opt/hostedtoolcache/Python/3.12.12/x64/lib/python3.12/site-packages/galaxy/tool_util/verify/interactor.py\", line 175, in stage_data_in_history\n    staging_interface.handle_jobs()\n  File \"/opt/hostedtoolcache/Python/3.12.12/x64/lib/python3.12/site-packages/galaxy/tool_util/verify/interactor.py\", line 212, in handle_jobs\n    self.galaxy_interactor.wait_for_job(job_response[\"id\"], job_response[\"history_id\"], self.maxseconds)\n  File \"/opt/hostedtoolcache/Python/3.12.12/x64/lib/python3.12/site-packages/galaxy/tool_util/verify/interactor.py\", line 398, in wait_for_job\n    self.wait_for(lambda: self.__job_ready(job_id, history_id), maxseconds=maxseconds)\n  File \"/opt/hostedtoolcache/Python/3.12.12/x64/lib/python3.12/site-packages/galaxy/tool_util/verify/interactor.py\", line 402, in wait_for\n    wait_on(func, what, walltime_exceeded)\n  File \"/opt/hostedtoolcache/Python/3.12.12/x64/lib/python3.12/site-packages/galaxy/tool_util/verify/wait.py\", line 38, in wait_on\n    value = function()\n            ^^^^^^^^^^\n  File \"/opt/hostedtoolcache/Python/3.12.12/x64/lib/python3.12/site-packages/galaxy/tool_util/verify/interactor.py\", line 398, in \u003clambda\u003e\n    self.wait_for(lambda: self.__job_ready(job_id, history_id), maxseconds=maxseconds)\n                          ^^^^^^^^^^^^^^^^^^^^^^^^^^^^^^^^^^^^\n  File \"/opt/hostedtoolcache/Python/3.12.12/x64/lib/python3.12/site-packages/galaxy/tool_util/verify/interactor.py\", line 751, in __job_ready\n    return self._state_ready(job_id, error_msg=\"Job in error state.\")\n           ^^^^^^^^^^^^^^^^^^^^^^^^^^^^^^^^^^^^^^^^^^^^^^^^^^^^^^^^^^\n  File \"/opt/hostedtoolcache/Python/3.12.12/x64/lib/python3.12/site-packages/galaxy/tool_util/verify/interactor.py\", line 847, in _state_ready\n    raise Exception(\nException: Job in error state.. tool_id: __DATA_FETCH__, exit_code: None, stderr: .\n", "status": "error", "test_index": 1, "time_seconds": 12.426545143127441, "tool_id": "vcfbedintersect", "tool_version": "1.0.0_rc3+galaxy0"}
            ]]></error>
        
    </testcase>
    
    <testcase classname="vcfvcfintersect (Test #1)" name="0" time="43.577497482299805">
        
            
            <system-out><![CDATA[
            
            ]]></system-out>
            <system-err><![CDATA[
            index file localref.fa.fai not found, generating...
            ]]></system-err>
        
    </testcase>
    
    <testcase classname="vcfvcfintersect (Test #2)" name="1" time="42.46048331260681">
        
            
            <system-out><![CDATA[
            
            ]]></system-out>
            <system-err><![CDATA[
            index file localref.fa.fai not found, generating...
            ]]></system-err>
        
    </testcase>
    
</testsuite>