<?xml version="1.0" encoding="UTF-8"?>
<testsuite name="Results (powered by Planemo)"
           tests="44"
           errors="22"
           failures="5"
           skip="0">
    
    <testcase classname="bcftools_consensus (Test #1)" name="0" time="83.34522891044617">
        
            
            <system-out><![CDATA[
            
            ]]></system-out>
            <system-err><![CDATA[
            Note: the --sample option not given, applying all records regardless of the genotypeThe site 1:5 overlaps with another variant, skipping...Applied 12 variants
            ]]></system-err>
        
    </testcase>
    
    <testcase classname="bcftools_consensus (Test #2)" name="1" time="">
        
            <error type="error" message=""><![CDATA[
                { "status": "skip", "test_index": 1, "tool_id": "bcftools_consensus", "tool_version": "1.15.1+galaxy4"}
            ]]></error>
        
    </testcase>
    
    <testcase classname="bcftools_consensus (Test #3)" name="2" time="13.14499020576477">
        
            <error type="error" message="Input staging problem: Traceback (most recent call last):
  File "/opt/hostedtoolcache/Python/3.12.12/x64/lib/python3.12/site-packages/galaxy/tool_util/verify/interactor.py", line 1436, in verify_tool
    stage_data_in_history(
  File "/opt/hostedtoolcache/Python/3.12.12/x64/lib/python3.12/site-packages/galaxy/tool_util/verify/interactor.py", line 175, in stage_data_in_history
    staging_interface.handle_jobs()
  File "/opt/hostedtoolcache/Python/3.12.12/x64/lib/python3.12/site-packages/galaxy/tool_util/verify/interactor.py", line 212, in handle_jobs
    self.galaxy_interactor.wait_for_job(job_response["id"], job_response["history_id"], self.maxseconds)
  File "/opt/hostedtoolcache/Python/3.12.12/x64/lib/python3.12/site-packages/galaxy/tool_util/verify/interactor.py", line 399, in wait_for_job
    self.wait_for(lambda: self.__job_ready(job_id, history_id), maxseconds=maxseconds)
  File "/opt/hostedtoolcache/Python/3.12.12/x64/lib/python3.12/site-packages/galaxy/tool_util/verify/interactor.py", line 403, in wait_for
    wait_on(func, what, walltime_exceeded)
  File "/opt/hostedtoolcache/Python/3.12.12/x64/lib/python3.12/site-packages/galaxy/tool_util/verify/wait.py", line 38, in wait_on
    value = function()
            ^^^^^^^^^^
  File "/opt/hostedtoolcache/Python/3.12.12/x64/lib/python3.12/site-packages/galaxy/tool_util/verify/interactor.py", line 399, in <lambda>
    self.wait_for(lambda: self.__job_ready(job_id, history_id), maxseconds=maxseconds)
                          ^^^^^^^^^^^^^^^^^^^^^^^^^^^^^^^^^^^^
  File "/opt/hostedtoolcache/Python/3.12.12/x64/lib/python3.12/site-packages/galaxy/tool_util/verify/interactor.py", line 749, in __job_ready
    return self._state_ready(job_id, error_msg="Job in error state.")
           ^^^^^^^^^^^^^^^^^^^^^^^^^^^^^^^^^^^^^^^^^^^^^^^^^^^^^^^^^^
  File "/opt/hostedtoolcache/Python/3.12.12/x64/lib/python3.12/site-packages/galaxy/tool_util/verify/interactor.py", line 841, in _state_ready
    raise Exception(
Exception: Job in error state.. tool_id: __DATA_FETCH__, exit_code: None, stderr: .
"><![CDATA[
                { "execution_problem": "Input staging problem: Traceback (most recent call last):\n  File \"/opt/hostedtoolcache/Python/3.12.12/x64/lib/python3.12/site-packages/galaxy/tool_util/verify/interactor.py\", line 1436, in verify_tool\n    stage_data_in_history(\n  File \"/opt/hostedtoolcache/Python/3.12.12/x64/lib/python3.12/site-packages/galaxy/tool_util/verify/interactor.py\", line 175, in stage_data_in_history\n    staging_interface.handle_jobs()\n  File \"/opt/hostedtoolcache/Python/3.12.12/x64/lib/python3.12/site-packages/galaxy/tool_util/verify/interactor.py\", line 212, in handle_jobs\n    self.galaxy_interactor.wait_for_job(job_response[\"id\"], job_response[\"history_id\"], self.maxseconds)\n  File \"/opt/hostedtoolcache/Python/3.12.12/x64/lib/python3.12/site-packages/galaxy/tool_util/verify/interactor.py\", line 399, in wait_for_job\n    self.wait_for(lambda: self.__job_ready(job_id, history_id), maxseconds=maxseconds)\n  File \"/opt/hostedtoolcache/Python/3.12.12/x64/lib/python3.12/site-packages/galaxy/tool_util/verify/interactor.py\", line 403, in wait_for\n    wait_on(func, what, walltime_exceeded)\n  File \"/opt/hostedtoolcache/Python/3.12.12/x64/lib/python3.12/site-packages/galaxy/tool_util/verify/wait.py\", line 38, in wait_on\n    value = function()\n            ^^^^^^^^^^\n  File \"/opt/hostedtoolcache/Python/3.12.12/x64/lib/python3.12/site-packages/galaxy/tool_util/verify/interactor.py\", line 399, in \u003clambda\u003e\n    self.wait_for(lambda: self.__job_ready(job_id, history_id), maxseconds=maxseconds)\n                          ^^^^^^^^^^^^^^^^^^^^^^^^^^^^^^^^^^^^\n  File \"/opt/hostedtoolcache/Python/3.12.12/x64/lib/python3.12/site-packages/galaxy/tool_util/verify/interactor.py\", line 749, in __job_ready\n    return self._state_ready(job_id, error_msg=\"Job in error state.\")\n           ^^^^^^^^^^^^^^^^^^^^^^^^^^^^^^^^^^^^^^^^^^^^^^^^^^^^^^^^^^\n  File \"/opt/hostedtoolcache/Python/3.12.12/x64/lib/python3.12/site-packages/galaxy/tool_util/verify/interactor.py\", line 841, in _state_ready\n    raise Exception(\nException: Job in error state.. tool_id: __DATA_FETCH__, exit_code: None, stderr: .\n", "status": "error", "test_index": 2, "time_seconds": 13.14499020576477, "tool_id": "bcftools_consensus", "tool_version": "1.15.1+galaxy4"}
            ]]></error>
        
    </testcase>
    
    <testcase classname="bcftools_consensus (Test #4)" name="3" time="20.407248735427856">
        
            <error type="error" message="Input staging problem: Traceback (most recent call last):
  File "/opt/hostedtoolcache/Python/3.12.12/x64/lib/python3.12/site-packages/galaxy/tool_util/verify/interactor.py", line 1436, in verify_tool
    stage_data_in_history(
  File "/opt/hostedtoolcache/Python/3.12.12/x64/lib/python3.12/site-packages/galaxy/tool_util/verify/interactor.py", line 175, in stage_data_in_history
    staging_interface.handle_jobs()
  File "/opt/hostedtoolcache/Python/3.12.12/x64/lib/python3.12/site-packages/galaxy/tool_util/verify/interactor.py", line 212, in handle_jobs
    self.galaxy_interactor.wait_for_job(job_response["id"], job_response["history_id"], self.maxseconds)
  File "/opt/hostedtoolcache/Python/3.12.12/x64/lib/python3.12/site-packages/galaxy/tool_util/verify/interactor.py", line 399, in wait_for_job
    self.wait_for(lambda: self.__job_ready(job_id, history_id), maxseconds=maxseconds)
  File "/opt/hostedtoolcache/Python/3.12.12/x64/lib/python3.12/site-packages/galaxy/tool_util/verify/interactor.py", line 403, in wait_for
    wait_on(func, what, walltime_exceeded)
  File "/opt/hostedtoolcache/Python/3.12.12/x64/lib/python3.12/site-packages/galaxy/tool_util/verify/wait.py", line 38, in wait_on
    value = function()
            ^^^^^^^^^^
  File "/opt/hostedtoolcache/Python/3.12.12/x64/lib/python3.12/site-packages/galaxy/tool_util/verify/interactor.py", line 399, in <lambda>
    self.wait_for(lambda: self.__job_ready(job_id, history_id), maxseconds=maxseconds)
                          ^^^^^^^^^^^^^^^^^^^^^^^^^^^^^^^^^^^^
  File "/opt/hostedtoolcache/Python/3.12.12/x64/lib/python3.12/site-packages/galaxy/tool_util/verify/interactor.py", line 749, in __job_ready
    return self._state_ready(job_id, error_msg="Job in error state.")
           ^^^^^^^^^^^^^^^^^^^^^^^^^^^^^^^^^^^^^^^^^^^^^^^^^^^^^^^^^^
  File "/opt/hostedtoolcache/Python/3.12.12/x64/lib/python3.12/site-packages/galaxy/tool_util/verify/interactor.py", line 841, in _state_ready
    raise Exception(
Exception: Job in error state.. tool_id: __DATA_FETCH__, exit_code: None, stderr: .
"><![CDATA[
                { "execution_problem": "Input staging problem: Traceback (most recent call last):\n  File \"/opt/hostedtoolcache/Python/3.12.12/x64/lib/python3.12/site-packages/galaxy/tool_util/verify/interactor.py\", line 1436, in verify_tool\n    stage_data_in_history(\n  File \"/opt/hostedtoolcache/Python/3.12.12/x64/lib/python3.12/site-packages/galaxy/tool_util/verify/interactor.py\", line 175, in stage_data_in_history\n    staging_interface.handle_jobs()\n  File \"/opt/hostedtoolcache/Python/3.12.12/x64/lib/python3.12/site-packages/galaxy/tool_util/verify/interactor.py\", line 212, in handle_jobs\n    self.galaxy_interactor.wait_for_job(job_response[\"id\"], job_response[\"history_id\"], self.maxseconds)\n  File \"/opt/hostedtoolcache/Python/3.12.12/x64/lib/python3.12/site-packages/galaxy/tool_util/verify/interactor.py\", line 399, in wait_for_job\n    self.wait_for(lambda: self.__job_ready(job_id, history_id), maxseconds=maxseconds)\n  File \"/opt/hostedtoolcache/Python/3.12.12/x64/lib/python3.12/site-packages/galaxy/tool_util/verify/interactor.py\", line 403, in wait_for\n    wait_on(func, what, walltime_exceeded)\n  File \"/opt/hostedtoolcache/Python/3.12.12/x64/lib/python3.12/site-packages/galaxy/tool_util/verify/wait.py\", line 38, in wait_on\n    value = function()\n            ^^^^^^^^^^\n  File \"/opt/hostedtoolcache/Python/3.12.12/x64/lib/python3.12/site-packages/galaxy/tool_util/verify/interactor.py\", line 399, in \u003clambda\u003e\n    self.wait_for(lambda: self.__job_ready(job_id, history_id), maxseconds=maxseconds)\n                          ^^^^^^^^^^^^^^^^^^^^^^^^^^^^^^^^^^^^\n  File \"/opt/hostedtoolcache/Python/3.12.12/x64/lib/python3.12/site-packages/galaxy/tool_util/verify/interactor.py\", line 749, in __job_ready\n    return self._state_ready(job_id, error_msg=\"Job in error state.\")\n           ^^^^^^^^^^^^^^^^^^^^^^^^^^^^^^^^^^^^^^^^^^^^^^^^^^^^^^^^^^\n  File \"/opt/hostedtoolcache/Python/3.12.12/x64/lib/python3.12/site-packages/galaxy/tool_util/verify/interactor.py\", line 841, in _state_ready\n    raise Exception(\nException: Job in error state.. tool_id: __DATA_FETCH__, exit_code: None, stderr: .\n", "status": "error", "test_index": 3, "time_seconds": 20.407248735427856, "tool_id": "bcftools_consensus", "tool_version": "1.15.1+galaxy4"}
            ]]></error>
        
    </testcase>
    
    <testcase classname="bcftools_consensus (Test #5)" name="4" time="38.63985347747803">
        
            
            <system-out><![CDATA[
            
            ]]></system-out>
            <system-err><![CDATA[
            Note: the --sample option not given, applying all records regardless of the genotypeThe site 1:5 overlaps with another variant, skipping...Applied 6 variants
            ]]></system-err>
        
    </testcase>
    
    <testcase classname="bcftools_consensus (Test #6)" name="5" time="26.51845097541809">
        
            
                <error type="error" message="Tool exit code: None"><![CDATA[
                    { "inputs": {  "input_file": {   "id": "ccc894309a05d8ad",   "src": "hda"  },  "reference_source|fasta_ref": {   "id": "8257713d6fbbc3e1",   "src": "hda"  },  "reference_source|reference_source_selector": "history",  "sec_default|mark_del": "DEL",  "sec_default|mark_ins": "uc",  "sec_default|mark_snv": "uc",  "sec_restrict|include": "TYPE=\"snp\"" }, "job": {  "command_line": "export BCFTOOLS_PLUGINS=`which bcftools | sed \u0027s,bin/bcftools,libexec/bcftools,\u0027`;     bgzip -c \u0027/galaxy/server/database/objects/7/9/f/dataset_79f71f32-7ea2-4580-b92a-350bb261e942.dat\u0027 \u003e input.vcf.gz \u0026\u0026 bcftools index input.vcf.gz \u0026\u0026     ln -s \u0027/galaxy/server/database/objects/e/0/a/dataset_e0aa9a3e-d835-4880-9246-65a8c1d172b7.dat\u0027 ref.fa \u0026\u0026 samtools faidx ref.fa \u0026\u0026    bcftools consensus   --fasta-ref ref.fa       --mark-del \u0027DEL\u0027  --mark-ins uc  --mark-snv uc      --include \u0027TYPE=\"snp\"\u0027       --output \u0027/galaxy/server/database/objects/9/6/c/dataset_96c9a0d5-eed7-4f1f-80ee-b18e78cce212.dat\u0027  input.vcf.gz",  "command_version": null,  "copied_from_job_id": null,  "create_time": "2025-11-18T01:01:09.780907",  "dependencies": [],  "exit_code": null,  "external_id": "gxy-znfwg",  "galaxy_version": "24.1",  "handler": null,  "history_id": "ce577b0903c0060c",  "id": "8257713d6fbbc3e1",  "inputs": {   "input_file": {    "id": "ccc894309a05d8ad",    "src": "hda",    "uuid": "79f71f32-7ea2-4580-b92a-350bb261e942"   },   "reference_source|fasta_ref": {    "id": "8257713d6fbbc3e1",    "src": "hda",    "uuid": "e0aa9a3e-d835-4880-9246-65a8c1d172b7"   }  },  "job_messages": null,  "job_metrics": [],  "job_runner_name": null,  "job_stderr": null,  "job_stdout": null,  "model_class": "Job",  "output_collections": {},  "outputs": {   "output_file": {    "id": "be85355326143e90",    "src": "hda",    "uuid": "96c9a0d5-eed7-4f1f-80ee-b18e78cce212"   }  },  "params": {   "__input_ext": "\"input\"",   "absent": "\"\"",   "chain": "false",   "chromInfo": "\"/cvmfs/data.galaxyproject.org/managed/len/ucsc/?.len\"",   "dbkey": "\"?\"",   "reference_source": "{\"__current_case__\": 1, \"fasta_ref\": {\"values\": [{\"id\": 15, \"src\": \"hda\"}]}, \"reference_source_selector\": \"history\"}",   "rename": "false",   "sec_default": "{\"conditional_mask\": {\"__current_case__\": 0, \"selector\": \"disabled\"}, \"iupac_codes\": false, \"mark_del\": \"DEL\", \"mark_ins\": \"uc\", \"mark_snv\": \"uc\", \"mask\": null, \"sample\": null, \"select_haplotype\": null}",   "sec_restrict": "{\"exclude\": null, \"include\": \"TYPE=\\\"snp\\\"\"}"  },  "state": "error",  "stderr": "Note: the --sample option not given, applying all records regardless of the genotype\nThe site 1:5 overlaps with another variant, skipping...\nApplied 6 variants\n",  "stdout": "",  "tool_id": "toolshed.g2.bx.psu.edu/repos/iuc/bcftools_consensus/bcftools_consensus/1.15.1+galaxy4",  "tool_stderr": "Note: the --sample option not given, applying all records regardless of the genotype\nThe site 1:5 overlaps with another variant, skipping...\nApplied 6 variants\n",  "tool_stdout": "",  "update_time": "2025-11-18T01:01:15.090976",  "user_email": "tests@fake.org" }, "output_problems": [  "Job in error state.. tool_id: toolshed.g2.bx.psu.edu/repos/iuc/bcftools_consensus/bcftools_consensus/1.15.1+galaxy4, exit_code: None, stderr: Note: the --sample option not given, applying all records regardless of the genotype\nThe site 1:5 overlaps with another variant, skipping...\nApplied 6 variants\n.",  "Job in error state.. tool_id: toolshed.g2.bx.psu.edu/repos/iuc/bcftools_consensus/bcftools_consensus/1.15.1+galaxy4, exit_code: None, stderr: Note: the --sample option not given, applying all records regardless of the genotype\nThe site 1:5 overlaps with another variant, skipping...\nApplied 6 variants\n." ], "status": "failure", "test_index": 5, "time_seconds": 26.51845097541809, "tool_id": "bcftools_consensus", "tool_version": "1.15.1+galaxy4"}
                ]]></error>
            
            <system-out><![CDATA[
            
            ]]></system-out>
            <system-err><![CDATA[
            Note: the --sample option not given, applying all records regardless of the genotypeThe site 1:5 overlaps with another variant, skipping...Applied 6 variants
            ]]></system-err>
        
    </testcase>
    
    <testcase classname="bcftools_plugin_impute_info (Test #1)" name="0" time="43.065837383270264">
        
            
            <system-out><![CDATA[
            
            ]]></system-out>
            <system-err><![CDATA[
            [impute-info.c] Warning: info tag not added to sites that are not biallelic diploidLines total/info-added/unchanged-no-tag/unchanged-not-biallelic-diploid:33/32/0/1
            ]]></system-err>
        
    </testcase>
    
    <testcase classname="bcftools_query (Test #1)" name="0" time="32.10879635810852">
        
            
            <system-out><![CDATA[
            
            ]]></system-out>
            <system-err><![CDATA[
            
            ]]></system-err>
        
    </testcase>
    
    <testcase classname="bcftools_query (Test #2)" name="1" time="34.3982253074646">
        
            
            <system-out><![CDATA[
            
            ]]></system-out>
            <system-err><![CDATA[
            
            ]]></system-err>
        
    </testcase>
    
    <testcase classname="deeptools_multi_bam_summary (Test #1)" name="0" time="56.91791820526123">
        
            
            <system-out><![CDATA[
            
            ]]></system-out>
            <system-err><![CDATA[
            Number of bins found: 1657
            ]]></system-err>
        
    </testcase>
    
    <testcase classname="deeptools_multi_bam_summary (Test #2)" name="1" time="34.80171084403992">
        
            
            <system-out><![CDATA[
            
            ]]></system-out>
            <system-err><![CDATA[
            Number of bins found: 3
            ]]></system-err>
        
    </testcase>
    
    <testcase classname="fastq_manipulation (Test #1)" name="0" time="0.2987651824951172">
        
            <error type="error" message="Input staging problem: Traceback (most recent call last):
  File "/opt/hostedtoolcache/Python/3.12.12/x64/lib/python3.12/site-packages/galaxy/tool_util/verify/interactor.py", line 1436, in verify_tool
    stage_data_in_history(
  File "/opt/hostedtoolcache/Python/3.12.12/x64/lib/python3.12/site-packages/galaxy/tool_util/verify/interactor.py", line 163, in stage_data_in_history
    test_dict = galaxy_interactor.remote_to_input(
                ^^^^^^^^^^^^^^^^^^^^^^^^^^^^^^^^^^
  File "/opt/hostedtoolcache/Python/3.12.12/x64/lib/python3.12/site-packages/galaxy/tool_util/verify/interactor.py", line 582, in remote_to_input
    path_or_location = self._get_path_or_location(
                       ^^^^^^^^^^^^^^^^^^^^^^^^^^^
  File "/opt/hostedtoolcache/Python/3.12.12/x64/lib/python3.12/site-packages/galaxy/tool_util/verify/interactor.py", line 619, in _get_path_or_location
    path = self.test_data_download(
           ^^^^^^^^^^^^^^^^^^^^^^^^
  File "/opt/hostedtoolcache/Python/3.12.12/x64/lib/python3.12/site-packages/galaxy/tool_util/verify/interactor.py", line 525, in test_data_download
    raise AssertionError(f"Test input file ({filename}) cannot be found.")
AssertionError: Test input file (sanger_full_range_original_sanger.fastqsanger) cannot be found.
"><![CDATA[
                { "execution_problem": "Input staging problem: Traceback (most recent call last):\n  File \"/opt/hostedtoolcache/Python/3.12.12/x64/lib/python3.12/site-packages/galaxy/tool_util/verify/interactor.py\", line 1436, in verify_tool\n    stage_data_in_history(\n  File \"/opt/hostedtoolcache/Python/3.12.12/x64/lib/python3.12/site-packages/galaxy/tool_util/verify/interactor.py\", line 163, in stage_data_in_history\n    test_dict = galaxy_interactor.remote_to_input(\n                ^^^^^^^^^^^^^^^^^^^^^^^^^^^^^^^^^^\n  File \"/opt/hostedtoolcache/Python/3.12.12/x64/lib/python3.12/site-packages/galaxy/tool_util/verify/interactor.py\", line 582, in remote_to_input\n    path_or_location = self._get_path_or_location(\n                       ^^^^^^^^^^^^^^^^^^^^^^^^^^^\n  File \"/opt/hostedtoolcache/Python/3.12.12/x64/lib/python3.12/site-packages/galaxy/tool_util/verify/interactor.py\", line 619, in _get_path_or_location\n    path = self.test_data_download(\n           ^^^^^^^^^^^^^^^^^^^^^^^^\n  File \"/opt/hostedtoolcache/Python/3.12.12/x64/lib/python3.12/site-packages/galaxy/tool_util/verify/interactor.py\", line 525, in test_data_download\n    raise AssertionError(f\"Test input file ({filename}) cannot be found.\")\nAssertionError: Test input file (sanger_full_range_original_sanger.fastqsanger) cannot be found.\n", "status": "error", "test_index": 0, "time_seconds": 0.2987651824951172, "tool_id": "fastq_manipulation", "tool_version": "1.1.5+galaxy2"}
            ]]></error>
        
    </testcase>
    
    <testcase classname="fastq_manipulation (Test #2)" name="1" time="0.15486907958984375">
        
            <error type="error" message="Input staging problem: Traceback (most recent call last):
  File "/opt/hostedtoolcache/Python/3.12.12/x64/lib/python3.12/site-packages/galaxy/tool_util/verify/interactor.py", line 1436, in verify_tool
    stage_data_in_history(
  File "/opt/hostedtoolcache/Python/3.12.12/x64/lib/python3.12/site-packages/galaxy/tool_util/verify/interactor.py", line 163, in stage_data_in_history
    test_dict = galaxy_interactor.remote_to_input(
                ^^^^^^^^^^^^^^^^^^^^^^^^^^^^^^^^^^
  File "/opt/hostedtoolcache/Python/3.12.12/x64/lib/python3.12/site-packages/galaxy/tool_util/verify/interactor.py", line 582, in remote_to_input
    path_or_location = self._get_path_or_location(
                       ^^^^^^^^^^^^^^^^^^^^^^^^^^^
  File "/opt/hostedtoolcache/Python/3.12.12/x64/lib/python3.12/site-packages/galaxy/tool_util/verify/interactor.py", line 619, in _get_path_or_location
    path = self.test_data_download(
           ^^^^^^^^^^^^^^^^^^^^^^^^
  File "/opt/hostedtoolcache/Python/3.12.12/x64/lib/python3.12/site-packages/galaxy/tool_util/verify/interactor.py", line 525, in test_data_download
    raise AssertionError(f"Test input file ({filename}) cannot be found.")
AssertionError: Test input file (sanger_full_range_original_sanger.fastqsanger) cannot be found.
"><![CDATA[
                { "execution_problem": "Input staging problem: Traceback (most recent call last):\n  File \"/opt/hostedtoolcache/Python/3.12.12/x64/lib/python3.12/site-packages/galaxy/tool_util/verify/interactor.py\", line 1436, in verify_tool\n    stage_data_in_history(\n  File \"/opt/hostedtoolcache/Python/3.12.12/x64/lib/python3.12/site-packages/galaxy/tool_util/verify/interactor.py\", line 163, in stage_data_in_history\n    test_dict = galaxy_interactor.remote_to_input(\n                ^^^^^^^^^^^^^^^^^^^^^^^^^^^^^^^^^^\n  File \"/opt/hostedtoolcache/Python/3.12.12/x64/lib/python3.12/site-packages/galaxy/tool_util/verify/interactor.py\", line 582, in remote_to_input\n    path_or_location = self._get_path_or_location(\n                       ^^^^^^^^^^^^^^^^^^^^^^^^^^^\n  File \"/opt/hostedtoolcache/Python/3.12.12/x64/lib/python3.12/site-packages/galaxy/tool_util/verify/interactor.py\", line 619, in _get_path_or_location\n    path = self.test_data_download(\n           ^^^^^^^^^^^^^^^^^^^^^^^^\n  File \"/opt/hostedtoolcache/Python/3.12.12/x64/lib/python3.12/site-packages/galaxy/tool_util/verify/interactor.py\", line 525, in test_data_download\n    raise AssertionError(f\"Test input file ({filename}) cannot be found.\")\nAssertionError: Test input file (sanger_full_range_original_sanger.fastqsanger) cannot be found.\n", "status": "error", "test_index": 1, "time_seconds": 0.15486907958984375, "tool_id": "fastq_manipulation", "tool_version": "1.1.5+galaxy2"}
            ]]></error>
        
    </testcase>
    
    <testcase classname="fastq_manipulation (Test #11)" name="10" time="0.1545724868774414">
        
            <error type="error" message="Input staging problem: Traceback (most recent call last):
  File "/opt/hostedtoolcache/Python/3.12.12/x64/lib/python3.12/site-packages/galaxy/tool_util/verify/interactor.py", line 1436, in verify_tool
    stage_data_in_history(
  File "/opt/hostedtoolcache/Python/3.12.12/x64/lib/python3.12/site-packages/galaxy/tool_util/verify/interactor.py", line 163, in stage_data_in_history
    test_dict = galaxy_interactor.remote_to_input(
                ^^^^^^^^^^^^^^^^^^^^^^^^^^^^^^^^^^
  File "/opt/hostedtoolcache/Python/3.12.12/x64/lib/python3.12/site-packages/galaxy/tool_util/verify/interactor.py", line 582, in remote_to_input
    path_or_location = self._get_path_or_location(
                       ^^^^^^^^^^^^^^^^^^^^^^^^^^^
  File "/opt/hostedtoolcache/Python/3.12.12/x64/lib/python3.12/site-packages/galaxy/tool_util/verify/interactor.py", line 619, in _get_path_or_location
    path = self.test_data_download(
           ^^^^^^^^^^^^^^^^^^^^^^^^
  File "/opt/hostedtoolcache/Python/3.12.12/x64/lib/python3.12/site-packages/galaxy/tool_util/verify/interactor.py", line 525, in test_data_download
    raise AssertionError(f"Test input file ({filename}) cannot be found.")
AssertionError: Test input file (sanger_full_range_rev_comp_1_seq.fastqsanger) cannot be found.
"><![CDATA[
                { "execution_problem": "Input staging problem: Traceback (most recent call last):\n  File \"/opt/hostedtoolcache/Python/3.12.12/x64/lib/python3.12/site-packages/galaxy/tool_util/verify/interactor.py\", line 1436, in verify_tool\n    stage_data_in_history(\n  File \"/opt/hostedtoolcache/Python/3.12.12/x64/lib/python3.12/site-packages/galaxy/tool_util/verify/interactor.py\", line 163, in stage_data_in_history\n    test_dict = galaxy_interactor.remote_to_input(\n                ^^^^^^^^^^^^^^^^^^^^^^^^^^^^^^^^^^\n  File \"/opt/hostedtoolcache/Python/3.12.12/x64/lib/python3.12/site-packages/galaxy/tool_util/verify/interactor.py\", line 582, in remote_to_input\n    path_or_location = self._get_path_or_location(\n                       ^^^^^^^^^^^^^^^^^^^^^^^^^^^\n  File \"/opt/hostedtoolcache/Python/3.12.12/x64/lib/python3.12/site-packages/galaxy/tool_util/verify/interactor.py\", line 619, in _get_path_or_location\n    path = self.test_data_download(\n           ^^^^^^^^^^^^^^^^^^^^^^^^\n  File \"/opt/hostedtoolcache/Python/3.12.12/x64/lib/python3.12/site-packages/galaxy/tool_util/verify/interactor.py\", line 525, in test_data_download\n    raise AssertionError(f\"Test input file ({filename}) cannot be found.\")\nAssertionError: Test input file (sanger_full_range_rev_comp_1_seq.fastqsanger) cannot be found.\n", "status": "error", "test_index": 10, "time_seconds": 0.1545724868774414, "tool_id": "fastq_manipulation", "tool_version": "1.1.5+galaxy2"}
            ]]></error>
        
    </testcase>
    
    <testcase classname="fastq_manipulation (Test #12)" name="11" time="0.1513669490814209">
        
            <error type="error" message="Input staging problem: Traceback (most recent call last):
  File "/opt/hostedtoolcache/Python/3.12.12/x64/lib/python3.12/site-packages/galaxy/tool_util/verify/interactor.py", line 1436, in verify_tool
    stage_data_in_history(
  File "/opt/hostedtoolcache/Python/3.12.12/x64/lib/python3.12/site-packages/galaxy/tool_util/verify/interactor.py", line 163, in stage_data_in_history
    test_dict = galaxy_interactor.remote_to_input(
                ^^^^^^^^^^^^^^^^^^^^^^^^^^^^^^^^^^
  File "/opt/hostedtoolcache/Python/3.12.12/x64/lib/python3.12/site-packages/galaxy/tool_util/verify/interactor.py", line 582, in remote_to_input
    path_or_location = self._get_path_or_location(
                       ^^^^^^^^^^^^^^^^^^^^^^^^^^^
  File "/opt/hostedtoolcache/Python/3.12.12/x64/lib/python3.12/site-packages/galaxy/tool_util/verify/interactor.py", line 619, in _get_path_or_location
    path = self.test_data_download(
           ^^^^^^^^^^^^^^^^^^^^^^^^
  File "/opt/hostedtoolcache/Python/3.12.12/x64/lib/python3.12/site-packages/galaxy/tool_util/verify/interactor.py", line 525, in test_data_download
    raise AssertionError(f"Test input file ({filename}) cannot be found.")
AssertionError: Test input file (sanger_full_range_original_sanger.fastqsanger) cannot be found.
"><![CDATA[
                { "execution_problem": "Input staging problem: Traceback (most recent call last):\n  File \"/opt/hostedtoolcache/Python/3.12.12/x64/lib/python3.12/site-packages/galaxy/tool_util/verify/interactor.py\", line 1436, in verify_tool\n    stage_data_in_history(\n  File \"/opt/hostedtoolcache/Python/3.12.12/x64/lib/python3.12/site-packages/galaxy/tool_util/verify/interactor.py\", line 163, in stage_data_in_history\n    test_dict = galaxy_interactor.remote_to_input(\n                ^^^^^^^^^^^^^^^^^^^^^^^^^^^^^^^^^^\n  File \"/opt/hostedtoolcache/Python/3.12.12/x64/lib/python3.12/site-packages/galaxy/tool_util/verify/interactor.py\", line 582, in remote_to_input\n    path_or_location = self._get_path_or_location(\n                       ^^^^^^^^^^^^^^^^^^^^^^^^^^^\n  File \"/opt/hostedtoolcache/Python/3.12.12/x64/lib/python3.12/site-packages/galaxy/tool_util/verify/interactor.py\", line 619, in _get_path_or_location\n    path = self.test_data_download(\n           ^^^^^^^^^^^^^^^^^^^^^^^^\n  File \"/opt/hostedtoolcache/Python/3.12.12/x64/lib/python3.12/site-packages/galaxy/tool_util/verify/interactor.py\", line 525, in test_data_download\n    raise AssertionError(f\"Test input file ({filename}) cannot be found.\")\nAssertionError: Test input file (sanger_full_range_original_sanger.fastqsanger) cannot be found.\n", "status": "error", "test_index": 11, "time_seconds": 0.1513669490814209, "tool_id": "fastq_manipulation", "tool_version": "1.1.5+galaxy2"}
            ]]></error>
        
    </testcase>
    
    <testcase classname="fastq_manipulation (Test #13)" name="12" time="0.15343213081359863">
        
            <error type="error" message="Input staging problem: Traceback (most recent call last):
  File "/opt/hostedtoolcache/Python/3.12.12/x64/lib/python3.12/site-packages/galaxy/tool_util/verify/interactor.py", line 1436, in verify_tool
    stage_data_in_history(
  File "/opt/hostedtoolcache/Python/3.12.12/x64/lib/python3.12/site-packages/galaxy/tool_util/verify/interactor.py", line 163, in stage_data_in_history
    test_dict = galaxy_interactor.remote_to_input(
                ^^^^^^^^^^^^^^^^^^^^^^^^^^^^^^^^^^
  File "/opt/hostedtoolcache/Python/3.12.12/x64/lib/python3.12/site-packages/galaxy/tool_util/verify/interactor.py", line 582, in remote_to_input
    path_or_location = self._get_path_or_location(
                       ^^^^^^^^^^^^^^^^^^^^^^^^^^^
  File "/opt/hostedtoolcache/Python/3.12.12/x64/lib/python3.12/site-packages/galaxy/tool_util/verify/interactor.py", line 619, in _get_path_or_location
    path = self.test_data_download(
           ^^^^^^^^^^^^^^^^^^^^^^^^
  File "/opt/hostedtoolcache/Python/3.12.12/x64/lib/python3.12/site-packages/galaxy/tool_util/verify/interactor.py", line 525, in test_data_download
    raise AssertionError(f"Test input file ({filename}) cannot be found.")
AssertionError: Test input file (sanger_full_range_as_rna.fastqsanger) cannot be found.
"><![CDATA[
                { "execution_problem": "Input staging problem: Traceback (most recent call last):\n  File \"/opt/hostedtoolcache/Python/3.12.12/x64/lib/python3.12/site-packages/galaxy/tool_util/verify/interactor.py\", line 1436, in verify_tool\n    stage_data_in_history(\n  File \"/opt/hostedtoolcache/Python/3.12.12/x64/lib/python3.12/site-packages/galaxy/tool_util/verify/interactor.py\", line 163, in stage_data_in_history\n    test_dict = galaxy_interactor.remote_to_input(\n                ^^^^^^^^^^^^^^^^^^^^^^^^^^^^^^^^^^\n  File \"/opt/hostedtoolcache/Python/3.12.12/x64/lib/python3.12/site-packages/galaxy/tool_util/verify/interactor.py\", line 582, in remote_to_input\n    path_or_location = self._get_path_or_location(\n                       ^^^^^^^^^^^^^^^^^^^^^^^^^^^\n  File \"/opt/hostedtoolcache/Python/3.12.12/x64/lib/python3.12/site-packages/galaxy/tool_util/verify/interactor.py\", line 619, in _get_path_or_location\n    path = self.test_data_download(\n           ^^^^^^^^^^^^^^^^^^^^^^^^\n  File \"/opt/hostedtoolcache/Python/3.12.12/x64/lib/python3.12/site-packages/galaxy/tool_util/verify/interactor.py\", line 525, in test_data_download\n    raise AssertionError(f\"Test input file ({filename}) cannot be found.\")\nAssertionError: Test input file (sanger_full_range_as_rna.fastqsanger) cannot be found.\n", "status": "error", "test_index": 12, "time_seconds": 0.15343213081359863, "tool_id": "fastq_manipulation", "tool_version": "1.1.5+galaxy2"}
            ]]></error>
        
    </testcase>
    
    <testcase classname="fastq_manipulation (Test #14)" name="13" time="0.1542208194732666">
        
            <error type="error" message="Input staging problem: Traceback (most recent call last):
  File "/opt/hostedtoolcache/Python/3.12.12/x64/lib/python3.12/site-packages/galaxy/tool_util/verify/interactor.py", line 1436, in verify_tool
    stage_data_in_history(
  File "/opt/hostedtoolcache/Python/3.12.12/x64/lib/python3.12/site-packages/galaxy/tool_util/verify/interactor.py", line 163, in stage_data_in_history
    test_dict = galaxy_interactor.remote_to_input(
                ^^^^^^^^^^^^^^^^^^^^^^^^^^^^^^^^^^
  File "/opt/hostedtoolcache/Python/3.12.12/x64/lib/python3.12/site-packages/galaxy/tool_util/verify/interactor.py", line 582, in remote_to_input
    path_or_location = self._get_path_or_location(
                       ^^^^^^^^^^^^^^^^^^^^^^^^^^^
  File "/opt/hostedtoolcache/Python/3.12.12/x64/lib/python3.12/site-packages/galaxy/tool_util/verify/interactor.py", line 619, in _get_path_or_location
    path = self.test_data_download(
           ^^^^^^^^^^^^^^^^^^^^^^^^
  File "/opt/hostedtoolcache/Python/3.12.12/x64/lib/python3.12/site-packages/galaxy/tool_util/verify/interactor.py", line 525, in test_data_download
    raise AssertionError(f"Test input file ({filename}) cannot be found.")
AssertionError: Test input file (sanger_full_range_as_rna.fastqsanger.gz) cannot be found.
"><![CDATA[
                { "execution_problem": "Input staging problem: Traceback (most recent call last):\n  File \"/opt/hostedtoolcache/Python/3.12.12/x64/lib/python3.12/site-packages/galaxy/tool_util/verify/interactor.py\", line 1436, in verify_tool\n    stage_data_in_history(\n  File \"/opt/hostedtoolcache/Python/3.12.12/x64/lib/python3.12/site-packages/galaxy/tool_util/verify/interactor.py\", line 163, in stage_data_in_history\n    test_dict = galaxy_interactor.remote_to_input(\n                ^^^^^^^^^^^^^^^^^^^^^^^^^^^^^^^^^^\n  File \"/opt/hostedtoolcache/Python/3.12.12/x64/lib/python3.12/site-packages/galaxy/tool_util/verify/interactor.py\", line 582, in remote_to_input\n    path_or_location = self._get_path_or_location(\n                       ^^^^^^^^^^^^^^^^^^^^^^^^^^^\n  File \"/opt/hostedtoolcache/Python/3.12.12/x64/lib/python3.12/site-packages/galaxy/tool_util/verify/interactor.py\", line 619, in _get_path_or_location\n    path = self.test_data_download(\n           ^^^^^^^^^^^^^^^^^^^^^^^^\n  File \"/opt/hostedtoolcache/Python/3.12.12/x64/lib/python3.12/site-packages/galaxy/tool_util/verify/interactor.py\", line 525, in test_data_download\n    raise AssertionError(f\"Test input file ({filename}) cannot be found.\")\nAssertionError: Test input file (sanger_full_range_as_rna.fastqsanger.gz) cannot be found.\n", "status": "error", "test_index": 13, "time_seconds": 0.1542208194732666, "tool_id": "fastq_manipulation", "tool_version": "1.1.5+galaxy2"}
            ]]></error>
        
    </testcase>
    
    <testcase classname="fastq_manipulation (Test #15)" name="14" time="0.15278935432434082">
        
            <error type="error" message="Input staging problem: Traceback (most recent call last):
  File "/opt/hostedtoolcache/Python/3.12.12/x64/lib/python3.12/site-packages/galaxy/tool_util/verify/interactor.py", line 1436, in verify_tool
    stage_data_in_history(
  File "/opt/hostedtoolcache/Python/3.12.12/x64/lib/python3.12/site-packages/galaxy/tool_util/verify/interactor.py", line 163, in stage_data_in_history
    test_dict = galaxy_interactor.remote_to_input(
                ^^^^^^^^^^^^^^^^^^^^^^^^^^^^^^^^^^
  File "/opt/hostedtoolcache/Python/3.12.12/x64/lib/python3.12/site-packages/galaxy/tool_util/verify/interactor.py", line 582, in remote_to_input
    path_or_location = self._get_path_or_location(
                       ^^^^^^^^^^^^^^^^^^^^^^^^^^^
  File "/opt/hostedtoolcache/Python/3.12.12/x64/lib/python3.12/site-packages/galaxy/tool_util/verify/interactor.py", line 619, in _get_path_or_location
    path = self.test_data_download(
           ^^^^^^^^^^^^^^^^^^^^^^^^
  File "/opt/hostedtoolcache/Python/3.12.12/x64/lib/python3.12/site-packages/galaxy/tool_util/verify/interactor.py", line 525, in test_data_download
    raise AssertionError(f"Test input file ({filename}) cannot be found.")
AssertionError: Test input file (sanger_full_range_as_rna.fastqsanger.bz2) cannot be found.
"><![CDATA[
                { "execution_problem": "Input staging problem: Traceback (most recent call last):\n  File \"/opt/hostedtoolcache/Python/3.12.12/x64/lib/python3.12/site-packages/galaxy/tool_util/verify/interactor.py\", line 1436, in verify_tool\n    stage_data_in_history(\n  File \"/opt/hostedtoolcache/Python/3.12.12/x64/lib/python3.12/site-packages/galaxy/tool_util/verify/interactor.py\", line 163, in stage_data_in_history\n    test_dict = galaxy_interactor.remote_to_input(\n                ^^^^^^^^^^^^^^^^^^^^^^^^^^^^^^^^^^\n  File \"/opt/hostedtoolcache/Python/3.12.12/x64/lib/python3.12/site-packages/galaxy/tool_util/verify/interactor.py\", line 582, in remote_to_input\n    path_or_location = self._get_path_or_location(\n                       ^^^^^^^^^^^^^^^^^^^^^^^^^^^\n  File \"/opt/hostedtoolcache/Python/3.12.12/x64/lib/python3.12/site-packages/galaxy/tool_util/verify/interactor.py\", line 619, in _get_path_or_location\n    path = self.test_data_download(\n           ^^^^^^^^^^^^^^^^^^^^^^^^\n  File \"/opt/hostedtoolcache/Python/3.12.12/x64/lib/python3.12/site-packages/galaxy/tool_util/verify/interactor.py\", line 525, in test_data_download\n    raise AssertionError(f\"Test input file ({filename}) cannot be found.\")\nAssertionError: Test input file (sanger_full_range_as_rna.fastqsanger.bz2) cannot be found.\n", "status": "error", "test_index": 14, "time_seconds": 0.15278935432434082, "tool_id": "fastq_manipulation", "tool_version": "1.1.5+galaxy2"}
            ]]></error>
        
    </testcase>
    
    <testcase classname="fastq_manipulation (Test #3)" name="2" time="0.15435194969177246">
        
            <error type="error" message="Input staging problem: Traceback (most recent call last):
  File "/opt/hostedtoolcache/Python/3.12.12/x64/lib/python3.12/site-packages/galaxy/tool_util/verify/interactor.py", line 1436, in verify_tool
    stage_data_in_history(
  File "/opt/hostedtoolcache/Python/3.12.12/x64/lib/python3.12/site-packages/galaxy/tool_util/verify/interactor.py", line 163, in stage_data_in_history
    test_dict = galaxy_interactor.remote_to_input(
                ^^^^^^^^^^^^^^^^^^^^^^^^^^^^^^^^^^
  File "/opt/hostedtoolcache/Python/3.12.12/x64/lib/python3.12/site-packages/galaxy/tool_util/verify/interactor.py", line 582, in remote_to_input
    path_or_location = self._get_path_or_location(
                       ^^^^^^^^^^^^^^^^^^^^^^^^^^^
  File "/opt/hostedtoolcache/Python/3.12.12/x64/lib/python3.12/site-packages/galaxy/tool_util/verify/interactor.py", line 619, in _get_path_or_location
    path = self.test_data_download(
           ^^^^^^^^^^^^^^^^^^^^^^^^
  File "/opt/hostedtoolcache/Python/3.12.12/x64/lib/python3.12/site-packages/galaxy/tool_util/verify/interactor.py", line 525, in test_data_download
    raise AssertionError(f"Test input file ({filename}) cannot be found.")
AssertionError: Test input file (sanger_full_range_original_sanger.fastqsanger) cannot be found.
"><![CDATA[
                { "execution_problem": "Input staging problem: Traceback (most recent call last):\n  File \"/opt/hostedtoolcache/Python/3.12.12/x64/lib/python3.12/site-packages/galaxy/tool_util/verify/interactor.py\", line 1436, in verify_tool\n    stage_data_in_history(\n  File \"/opt/hostedtoolcache/Python/3.12.12/x64/lib/python3.12/site-packages/galaxy/tool_util/verify/interactor.py\", line 163, in stage_data_in_history\n    test_dict = galaxy_interactor.remote_to_input(\n                ^^^^^^^^^^^^^^^^^^^^^^^^^^^^^^^^^^\n  File \"/opt/hostedtoolcache/Python/3.12.12/x64/lib/python3.12/site-packages/galaxy/tool_util/verify/interactor.py\", line 582, in remote_to_input\n    path_or_location = self._get_path_or_location(\n                       ^^^^^^^^^^^^^^^^^^^^^^^^^^^\n  File \"/opt/hostedtoolcache/Python/3.12.12/x64/lib/python3.12/site-packages/galaxy/tool_util/verify/interactor.py\", line 619, in _get_path_or_location\n    path = self.test_data_download(\n           ^^^^^^^^^^^^^^^^^^^^^^^^\n  File \"/opt/hostedtoolcache/Python/3.12.12/x64/lib/python3.12/site-packages/galaxy/tool_util/verify/interactor.py\", line 525, in test_data_download\n    raise AssertionError(f\"Test input file ({filename}) cannot be found.\")\nAssertionError: Test input file (sanger_full_range_original_sanger.fastqsanger) cannot be found.\n", "status": "error", "test_index": 2, "time_seconds": 0.15435194969177246, "tool_id": "fastq_manipulation", "tool_version": "1.1.5+galaxy2"}
            ]]></error>
        
    </testcase>
    
    <testcase classname="fastq_manipulation (Test #4)" name="3" time="0.15275168418884277">
        
            <error type="error" message="Input staging problem: Traceback (most recent call last):
  File "/opt/hostedtoolcache/Python/3.12.12/x64/lib/python3.12/site-packages/galaxy/tool_util/verify/interactor.py", line 1436, in verify_tool
    stage_data_in_history(
  File "/opt/hostedtoolcache/Python/3.12.12/x64/lib/python3.12/site-packages/galaxy/tool_util/verify/interactor.py", line 163, in stage_data_in_history
    test_dict = galaxy_interactor.remote_to_input(
                ^^^^^^^^^^^^^^^^^^^^^^^^^^^^^^^^^^
  File "/opt/hostedtoolcache/Python/3.12.12/x64/lib/python3.12/site-packages/galaxy/tool_util/verify/interactor.py", line 582, in remote_to_input
    path_or_location = self._get_path_or_location(
                       ^^^^^^^^^^^^^^^^^^^^^^^^^^^
  File "/opt/hostedtoolcache/Python/3.12.12/x64/lib/python3.12/site-packages/galaxy/tool_util/verify/interactor.py", line 619, in _get_path_or_location
    path = self.test_data_download(
           ^^^^^^^^^^^^^^^^^^^^^^^^
  File "/opt/hostedtoolcache/Python/3.12.12/x64/lib/python3.12/site-packages/galaxy/tool_util/verify/interactor.py", line 525, in test_data_download
    raise AssertionError(f"Test input file ({filename}) cannot be found.")
AssertionError: Test input file (sanger_full_range_original_sanger.fastqsanger) cannot be found.
"><![CDATA[
                { "execution_problem": "Input staging problem: Traceback (most recent call last):\n  File \"/opt/hostedtoolcache/Python/3.12.12/x64/lib/python3.12/site-packages/galaxy/tool_util/verify/interactor.py\", line 1436, in verify_tool\n    stage_data_in_history(\n  File \"/opt/hostedtoolcache/Python/3.12.12/x64/lib/python3.12/site-packages/galaxy/tool_util/verify/interactor.py\", line 163, in stage_data_in_history\n    test_dict = galaxy_interactor.remote_to_input(\n                ^^^^^^^^^^^^^^^^^^^^^^^^^^^^^^^^^^\n  File \"/opt/hostedtoolcache/Python/3.12.12/x64/lib/python3.12/site-packages/galaxy/tool_util/verify/interactor.py\", line 582, in remote_to_input\n    path_or_location = self._get_path_or_location(\n                       ^^^^^^^^^^^^^^^^^^^^^^^^^^^\n  File \"/opt/hostedtoolcache/Python/3.12.12/x64/lib/python3.12/site-packages/galaxy/tool_util/verify/interactor.py\", line 619, in _get_path_or_location\n    path = self.test_data_download(\n           ^^^^^^^^^^^^^^^^^^^^^^^^\n  File \"/opt/hostedtoolcache/Python/3.12.12/x64/lib/python3.12/site-packages/galaxy/tool_util/verify/interactor.py\", line 525, in test_data_download\n    raise AssertionError(f\"Test input file ({filename}) cannot be found.\")\nAssertionError: Test input file (sanger_full_range_original_sanger.fastqsanger) cannot be found.\n", "status": "error", "test_index": 3, "time_seconds": 0.15275168418884277, "tool_id": "fastq_manipulation", "tool_version": "1.1.5+galaxy2"}
            ]]></error>
        
    </testcase>
    
    <testcase classname="fastq_manipulation (Test #5)" name="4" time="0.15372872352600098">
        
            <error type="error" message="Input staging problem: Traceback (most recent call last):
  File "/opt/hostedtoolcache/Python/3.12.12/x64/lib/python3.12/site-packages/galaxy/tool_util/verify/interactor.py", line 1436, in verify_tool
    stage_data_in_history(
  File "/opt/hostedtoolcache/Python/3.12.12/x64/lib/python3.12/site-packages/galaxy/tool_util/verify/interactor.py", line 163, in stage_data_in_history
    test_dict = galaxy_interactor.remote_to_input(
                ^^^^^^^^^^^^^^^^^^^^^^^^^^^^^^^^^^
  File "/opt/hostedtoolcache/Python/3.12.12/x64/lib/python3.12/site-packages/galaxy/tool_util/verify/interactor.py", line 582, in remote_to_input
    path_or_location = self._get_path_or_location(
                       ^^^^^^^^^^^^^^^^^^^^^^^^^^^
  File "/opt/hostedtoolcache/Python/3.12.12/x64/lib/python3.12/site-packages/galaxy/tool_util/verify/interactor.py", line 619, in _get_path_or_location
    path = self.test_data_download(
           ^^^^^^^^^^^^^^^^^^^^^^^^
  File "/opt/hostedtoolcache/Python/3.12.12/x64/lib/python3.12/site-packages/galaxy/tool_util/verify/interactor.py", line 525, in test_data_download
    raise AssertionError(f"Test input file ({filename}) cannot be found.")
AssertionError: Test input file (sanger_full_range_original_sanger.fastqsanger) cannot be found.
"><![CDATA[
                { "execution_problem": "Input staging problem: Traceback (most recent call last):\n  File \"/opt/hostedtoolcache/Python/3.12.12/x64/lib/python3.12/site-packages/galaxy/tool_util/verify/interactor.py\", line 1436, in verify_tool\n    stage_data_in_history(\n  File \"/opt/hostedtoolcache/Python/3.12.12/x64/lib/python3.12/site-packages/galaxy/tool_util/verify/interactor.py\", line 163, in stage_data_in_history\n    test_dict = galaxy_interactor.remote_to_input(\n                ^^^^^^^^^^^^^^^^^^^^^^^^^^^^^^^^^^\n  File \"/opt/hostedtoolcache/Python/3.12.12/x64/lib/python3.12/site-packages/galaxy/tool_util/verify/interactor.py\", line 582, in remote_to_input\n    path_or_location = self._get_path_or_location(\n                       ^^^^^^^^^^^^^^^^^^^^^^^^^^^\n  File \"/opt/hostedtoolcache/Python/3.12.12/x64/lib/python3.12/site-packages/galaxy/tool_util/verify/interactor.py\", line 619, in _get_path_or_location\n    path = self.test_data_download(\n           ^^^^^^^^^^^^^^^^^^^^^^^^\n  File \"/opt/hostedtoolcache/Python/3.12.12/x64/lib/python3.12/site-packages/galaxy/tool_util/verify/interactor.py\", line 525, in test_data_download\n    raise AssertionError(f\"Test input file ({filename}) cannot be found.\")\nAssertionError: Test input file (sanger_full_range_original_sanger.fastqsanger) cannot be found.\n", "status": "error", "test_index": 4, "time_seconds": 0.15372872352600098, "tool_id": "fastq_manipulation", "tool_version": "1.1.5+galaxy2"}
            ]]></error>
        
    </testcase>
    
    <testcase classname="fastq_manipulation (Test #6)" name="5" time="0.15475988388061523">
        
            <error type="error" message="Input staging problem: Traceback (most recent call last):
  File "/opt/hostedtoolcache/Python/3.12.12/x64/lib/python3.12/site-packages/galaxy/tool_util/verify/interactor.py", line 1436, in verify_tool
    stage_data_in_history(
  File "/opt/hostedtoolcache/Python/3.12.12/x64/lib/python3.12/site-packages/galaxy/tool_util/verify/interactor.py", line 163, in stage_data_in_history
    test_dict = galaxy_interactor.remote_to_input(
                ^^^^^^^^^^^^^^^^^^^^^^^^^^^^^^^^^^
  File "/opt/hostedtoolcache/Python/3.12.12/x64/lib/python3.12/site-packages/galaxy/tool_util/verify/interactor.py", line 582, in remote_to_input
    path_or_location = self._get_path_or_location(
                       ^^^^^^^^^^^^^^^^^^^^^^^^^^^
  File "/opt/hostedtoolcache/Python/3.12.12/x64/lib/python3.12/site-packages/galaxy/tool_util/verify/interactor.py", line 619, in _get_path_or_location
    path = self.test_data_download(
           ^^^^^^^^^^^^^^^^^^^^^^^^
  File "/opt/hostedtoolcache/Python/3.12.12/x64/lib/python3.12/site-packages/galaxy/tool_util/verify/interactor.py", line 525, in test_data_download
    raise AssertionError(f"Test input file ({filename}) cannot be found.")
AssertionError: Test input file (sanger_full_range_original_sanger.fastqsanger) cannot be found.
"><![CDATA[
                { "execution_problem": "Input staging problem: Traceback (most recent call last):\n  File \"/opt/hostedtoolcache/Python/3.12.12/x64/lib/python3.12/site-packages/galaxy/tool_util/verify/interactor.py\", line 1436, in verify_tool\n    stage_data_in_history(\n  File \"/opt/hostedtoolcache/Python/3.12.12/x64/lib/python3.12/site-packages/galaxy/tool_util/verify/interactor.py\", line 163, in stage_data_in_history\n    test_dict = galaxy_interactor.remote_to_input(\n                ^^^^^^^^^^^^^^^^^^^^^^^^^^^^^^^^^^\n  File \"/opt/hostedtoolcache/Python/3.12.12/x64/lib/python3.12/site-packages/galaxy/tool_util/verify/interactor.py\", line 582, in remote_to_input\n    path_or_location = self._get_path_or_location(\n                       ^^^^^^^^^^^^^^^^^^^^^^^^^^^\n  File \"/opt/hostedtoolcache/Python/3.12.12/x64/lib/python3.12/site-packages/galaxy/tool_util/verify/interactor.py\", line 619, in _get_path_or_location\n    path = self.test_data_download(\n           ^^^^^^^^^^^^^^^^^^^^^^^^\n  File \"/opt/hostedtoolcache/Python/3.12.12/x64/lib/python3.12/site-packages/galaxy/tool_util/verify/interactor.py\", line 525, in test_data_download\n    raise AssertionError(f\"Test input file ({filename}) cannot be found.\")\nAssertionError: Test input file (sanger_full_range_original_sanger.fastqsanger) cannot be found.\n", "status": "error", "test_index": 5, "time_seconds": 0.15475988388061523, "tool_id": "fastq_manipulation", "tool_version": "1.1.5+galaxy2"}
            ]]></error>
        
    </testcase>
    
    <testcase classname="fastq_manipulation (Test #7)" name="6" time="0.1541733741760254">
        
            <error type="error" message="Input staging problem: Traceback (most recent call last):
  File "/opt/hostedtoolcache/Python/3.12.12/x64/lib/python3.12/site-packages/galaxy/tool_util/verify/interactor.py", line 1436, in verify_tool
    stage_data_in_history(
  File "/opt/hostedtoolcache/Python/3.12.12/x64/lib/python3.12/site-packages/galaxy/tool_util/verify/interactor.py", line 163, in stage_data_in_history
    test_dict = galaxy_interactor.remote_to_input(
                ^^^^^^^^^^^^^^^^^^^^^^^^^^^^^^^^^^
  File "/opt/hostedtoolcache/Python/3.12.12/x64/lib/python3.12/site-packages/galaxy/tool_util/verify/interactor.py", line 582, in remote_to_input
    path_or_location = self._get_path_or_location(
                       ^^^^^^^^^^^^^^^^^^^^^^^^^^^
  File "/opt/hostedtoolcache/Python/3.12.12/x64/lib/python3.12/site-packages/galaxy/tool_util/verify/interactor.py", line 619, in _get_path_or_location
    path = self.test_data_download(
           ^^^^^^^^^^^^^^^^^^^^^^^^
  File "/opt/hostedtoolcache/Python/3.12.12/x64/lib/python3.12/site-packages/galaxy/tool_util/verify/interactor.py", line 525, in test_data_download
    raise AssertionError(f"Test input file ({filename}) cannot be found.")
AssertionError: Test input file (sanger_full_range_original_sanger.fastqsanger) cannot be found.
"><![CDATA[
                { "execution_problem": "Input staging problem: Traceback (most recent call last):\n  File \"/opt/hostedtoolcache/Python/3.12.12/x64/lib/python3.12/site-packages/galaxy/tool_util/verify/interactor.py\", line 1436, in verify_tool\n    stage_data_in_history(\n  File \"/opt/hostedtoolcache/Python/3.12.12/x64/lib/python3.12/site-packages/galaxy/tool_util/verify/interactor.py\", line 163, in stage_data_in_history\n    test_dict = galaxy_interactor.remote_to_input(\n                ^^^^^^^^^^^^^^^^^^^^^^^^^^^^^^^^^^\n  File \"/opt/hostedtoolcache/Python/3.12.12/x64/lib/python3.12/site-packages/galaxy/tool_util/verify/interactor.py\", line 582, in remote_to_input\n    path_or_location = self._get_path_or_location(\n                       ^^^^^^^^^^^^^^^^^^^^^^^^^^^\n  File \"/opt/hostedtoolcache/Python/3.12.12/x64/lib/python3.12/site-packages/galaxy/tool_util/verify/interactor.py\", line 619, in _get_path_or_location\n    path = self.test_data_download(\n           ^^^^^^^^^^^^^^^^^^^^^^^^\n  File \"/opt/hostedtoolcache/Python/3.12.12/x64/lib/python3.12/site-packages/galaxy/tool_util/verify/interactor.py\", line 525, in test_data_download\n    raise AssertionError(f\"Test input file ({filename}) cannot be found.\")\nAssertionError: Test input file (sanger_full_range_original_sanger.fastqsanger) cannot be found.\n", "status": "error", "test_index": 6, "time_seconds": 0.1541733741760254, "tool_id": "fastq_manipulation", "tool_version": "1.1.5+galaxy2"}
            ]]></error>
        
    </testcase>
    
    <testcase classname="fastq_manipulation (Test #8)" name="7" time="0.1550917625427246">
        
            <error type="error" message="Input staging problem: Traceback (most recent call last):
  File "/opt/hostedtoolcache/Python/3.12.12/x64/lib/python3.12/site-packages/galaxy/tool_util/verify/interactor.py", line 1436, in verify_tool
    stage_data_in_history(
  File "/opt/hostedtoolcache/Python/3.12.12/x64/lib/python3.12/site-packages/galaxy/tool_util/verify/interactor.py", line 163, in stage_data_in_history
    test_dict = galaxy_interactor.remote_to_input(
                ^^^^^^^^^^^^^^^^^^^^^^^^^^^^^^^^^^
  File "/opt/hostedtoolcache/Python/3.12.12/x64/lib/python3.12/site-packages/galaxy/tool_util/verify/interactor.py", line 582, in remote_to_input
    path_or_location = self._get_path_or_location(
                       ^^^^^^^^^^^^^^^^^^^^^^^^^^^
  File "/opt/hostedtoolcache/Python/3.12.12/x64/lib/python3.12/site-packages/galaxy/tool_util/verify/interactor.py", line 619, in _get_path_or_location
    path = self.test_data_download(
           ^^^^^^^^^^^^^^^^^^^^^^^^
  File "/opt/hostedtoolcache/Python/3.12.12/x64/lib/python3.12/site-packages/galaxy/tool_util/verify/interactor.py", line 525, in test_data_download
    raise AssertionError(f"Test input file ({filename}) cannot be found.")
AssertionError: Test input file (misc_dna_original_sanger.fastqsanger) cannot be found.
"><![CDATA[
                { "execution_problem": "Input staging problem: Traceback (most recent call last):\n  File \"/opt/hostedtoolcache/Python/3.12.12/x64/lib/python3.12/site-packages/galaxy/tool_util/verify/interactor.py\", line 1436, in verify_tool\n    stage_data_in_history(\n  File \"/opt/hostedtoolcache/Python/3.12.12/x64/lib/python3.12/site-packages/galaxy/tool_util/verify/interactor.py\", line 163, in stage_data_in_history\n    test_dict = galaxy_interactor.remote_to_input(\n                ^^^^^^^^^^^^^^^^^^^^^^^^^^^^^^^^^^\n  File \"/opt/hostedtoolcache/Python/3.12.12/x64/lib/python3.12/site-packages/galaxy/tool_util/verify/interactor.py\", line 582, in remote_to_input\n    path_or_location = self._get_path_or_location(\n                       ^^^^^^^^^^^^^^^^^^^^^^^^^^^\n  File \"/opt/hostedtoolcache/Python/3.12.12/x64/lib/python3.12/site-packages/galaxy/tool_util/verify/interactor.py\", line 619, in _get_path_or_location\n    path = self.test_data_download(\n           ^^^^^^^^^^^^^^^^^^^^^^^^\n  File \"/opt/hostedtoolcache/Python/3.12.12/x64/lib/python3.12/site-packages/galaxy/tool_util/verify/interactor.py\", line 525, in test_data_download\n    raise AssertionError(f\"Test input file ({filename}) cannot be found.\")\nAssertionError: Test input file (misc_dna_original_sanger.fastqsanger) cannot be found.\n", "status": "error", "test_index": 7, "time_seconds": 0.1550917625427246, "tool_id": "fastq_manipulation", "tool_version": "1.1.5+galaxy2"}
            ]]></error>
        
    </testcase>
    
    <testcase classname="fastq_manipulation (Test #9)" name="8" time="0.15239691734313965">
        
            <error type="error" message="Input staging problem: Traceback (most recent call last):
  File "/opt/hostedtoolcache/Python/3.12.12/x64/lib/python3.12/site-packages/galaxy/tool_util/verify/interactor.py", line 1436, in verify_tool
    stage_data_in_history(
  File "/opt/hostedtoolcache/Python/3.12.12/x64/lib/python3.12/site-packages/galaxy/tool_util/verify/interactor.py", line 163, in stage_data_in_history
    test_dict = galaxy_interactor.remote_to_input(
                ^^^^^^^^^^^^^^^^^^^^^^^^^^^^^^^^^^
  File "/opt/hostedtoolcache/Python/3.12.12/x64/lib/python3.12/site-packages/galaxy/tool_util/verify/interactor.py", line 582, in remote_to_input
    path_or_location = self._get_path_or_location(
                       ^^^^^^^^^^^^^^^^^^^^^^^^^^^
  File "/opt/hostedtoolcache/Python/3.12.12/x64/lib/python3.12/site-packages/galaxy/tool_util/verify/interactor.py", line 619, in _get_path_or_location
    path = self.test_data_download(
           ^^^^^^^^^^^^^^^^^^^^^^^^
  File "/opt/hostedtoolcache/Python/3.12.12/x64/lib/python3.12/site-packages/galaxy/tool_util/verify/interactor.py", line 525, in test_data_download
    raise AssertionError(f"Test input file ({filename}) cannot be found.")
AssertionError: Test input file (misc_rna_original_sanger.fastqsanger) cannot be found.
"><![CDATA[
                { "execution_problem": "Input staging problem: Traceback (most recent call last):\n  File \"/opt/hostedtoolcache/Python/3.12.12/x64/lib/python3.12/site-packages/galaxy/tool_util/verify/interactor.py\", line 1436, in verify_tool\n    stage_data_in_history(\n  File \"/opt/hostedtoolcache/Python/3.12.12/x64/lib/python3.12/site-packages/galaxy/tool_util/verify/interactor.py\", line 163, in stage_data_in_history\n    test_dict = galaxy_interactor.remote_to_input(\n                ^^^^^^^^^^^^^^^^^^^^^^^^^^^^^^^^^^\n  File \"/opt/hostedtoolcache/Python/3.12.12/x64/lib/python3.12/site-packages/galaxy/tool_util/verify/interactor.py\", line 582, in remote_to_input\n    path_or_location = self._get_path_or_location(\n                       ^^^^^^^^^^^^^^^^^^^^^^^^^^^\n  File \"/opt/hostedtoolcache/Python/3.12.12/x64/lib/python3.12/site-packages/galaxy/tool_util/verify/interactor.py\", line 619, in _get_path_or_location\n    path = self.test_data_download(\n           ^^^^^^^^^^^^^^^^^^^^^^^^\n  File \"/opt/hostedtoolcache/Python/3.12.12/x64/lib/python3.12/site-packages/galaxy/tool_util/verify/interactor.py\", line 525, in test_data_download\n    raise AssertionError(f\"Test input file ({filename}) cannot be found.\")\nAssertionError: Test input file (misc_rna_original_sanger.fastqsanger) cannot be found.\n", "status": "error", "test_index": 8, "time_seconds": 0.15239691734313965, "tool_id": "fastq_manipulation", "tool_version": "1.1.5+galaxy2"}
            ]]></error>
        
    </testcase>
    
    <testcase classname="fastq_manipulation (Test #10)" name="9" time="0.15188217163085938">
        
            <error type="error" message="Input staging problem: Traceback (most recent call last):
  File "/opt/hostedtoolcache/Python/3.12.12/x64/lib/python3.12/site-packages/galaxy/tool_util/verify/interactor.py", line 1436, in verify_tool
    stage_data_in_history(
  File "/opt/hostedtoolcache/Python/3.12.12/x64/lib/python3.12/site-packages/galaxy/tool_util/verify/interactor.py", line 163, in stage_data_in_history
    test_dict = galaxy_interactor.remote_to_input(
                ^^^^^^^^^^^^^^^^^^^^^^^^^^^^^^^^^^
  File "/opt/hostedtoolcache/Python/3.12.12/x64/lib/python3.12/site-packages/galaxy/tool_util/verify/interactor.py", line 582, in remote_to_input
    path_or_location = self._get_path_or_location(
                       ^^^^^^^^^^^^^^^^^^^^^^^^^^^
  File "/opt/hostedtoolcache/Python/3.12.12/x64/lib/python3.12/site-packages/galaxy/tool_util/verify/interactor.py", line 619, in _get_path_or_location
    path = self.test_data_download(
           ^^^^^^^^^^^^^^^^^^^^^^^^
  File "/opt/hostedtoolcache/Python/3.12.12/x64/lib/python3.12/site-packages/galaxy/tool_util/verify/interactor.py", line 525, in test_data_download
    raise AssertionError(f"Test input file ({filename}) cannot be found.")
AssertionError: Test input file (sanger_full_range_original_sanger.fastqsanger) cannot be found.
"><![CDATA[
                { "execution_problem": "Input staging problem: Traceback (most recent call last):\n  File \"/opt/hostedtoolcache/Python/3.12.12/x64/lib/python3.12/site-packages/galaxy/tool_util/verify/interactor.py\", line 1436, in verify_tool\n    stage_data_in_history(\n  File \"/opt/hostedtoolcache/Python/3.12.12/x64/lib/python3.12/site-packages/galaxy/tool_util/verify/interactor.py\", line 163, in stage_data_in_history\n    test_dict = galaxy_interactor.remote_to_input(\n                ^^^^^^^^^^^^^^^^^^^^^^^^^^^^^^^^^^\n  File \"/opt/hostedtoolcache/Python/3.12.12/x64/lib/python3.12/site-packages/galaxy/tool_util/verify/interactor.py\", line 582, in remote_to_input\n    path_or_location = self._get_path_or_location(\n                       ^^^^^^^^^^^^^^^^^^^^^^^^^^^\n  File \"/opt/hostedtoolcache/Python/3.12.12/x64/lib/python3.12/site-packages/galaxy/tool_util/verify/interactor.py\", line 619, in _get_path_or_location\n    path = self.test_data_download(\n           ^^^^^^^^^^^^^^^^^^^^^^^^\n  File \"/opt/hostedtoolcache/Python/3.12.12/x64/lib/python3.12/site-packages/galaxy/tool_util/verify/interactor.py\", line 525, in test_data_download\n    raise AssertionError(f\"Test input file ({filename}) cannot be found.\")\nAssertionError: Test input file (sanger_full_range_original_sanger.fastqsanger) cannot be found.\n", "status": "error", "test_index": 9, "time_seconds": 0.15188217163085938, "tool_id": "fastq_manipulation", "tool_version": "1.1.5+galaxy2"}
            ]]></error>
        
    </testcase>
    
    <testcase classname="ivar_trim (Test #1)" name="0" time="51.25389504432678">
        
            
            <system-out><![CDATA[
            
            ]]></system-out>
            <system-err><![CDATA[
            Found 196 primers in BED fileReading from sorted.bam-------Results: Primer NameRead CountnCoV-2019_1_LEFT25nCoV-2019_2_LEFT10nCoV-2019_1_RIGHT9nCoV-2019_3_LEFT22nCoV-2019_2_RIGHT17nCoV-2019_4_LEFT20nCoV-2019_3_RIGHT29nCoV-2019_5_LEFT4nCoV-2019_4_RIGHT5nCoV-2019_6_LEFT17nCoV-2019_5_RIGHT16nCoV-2019_7_LEFT21nCoV-2019_6_RIGHT10nCoV-2019_8_LEFT5nCoV-2019_7_RIGHT14nCoV-2019_9_LEFT18nCoV-2019_8_RIGHT10nCoV-2019_10_LEFT20nCoV-2019_9_RIGHT11nCoV-2019_11_LEFT15nCoV-2019_10_RIGHT11nCoV-2019_12_LEFT48nCoV-2019_11_RIGHT31nCoV-2019_13_LEFT31nCoV-2019_12_RIGHT11nCoV-2019_14_LEFT53nCoV-2019_13_RIGHT64nCoV-2019_15_LEFT64nCoV-2019_14_RIGHT89nCoV-2019_16_LEFT168nCoV-2019_15_RIGHT57nCoV-2019_17_LEFT100nCoV-2019_16_RIGHT112nCoV-2019_18_LEFT19nCoV-2019_17_RIGHT23nCoV-2019_19_LEFT72nCoV-2019_18_RIGHT42nCoV-2019_20_LEFT31nCoV-2019_19_RIGHT43nCoV-2019_21_LEFT126nCoV-2019_20_RIGHT63nCoV-2019_22_LEFT55nCoV-2019_21_RIGHT23nCoV-2019_23_LEFT46nCoV-2019_22_RIGHT58nCoV-2019_24_LEFT22nCoV-2019_23_RIGHT2nCoV-2019_25_LEFT7nCoV-2019_24_RIGHT6nCoV-2019_26_LEFT13nCoV-2019_25_RIGHT11nCoV-2019_27_LEFT70nCoV-2019_26_RIGHT14nCoV-2019_28_LEFT15nCoV-2019_27_RIGHT31nCoV-2019_29_LEFT4nCoV-2019_28_RIGHT6nCoV-2019_30_LEFT10nCoV-2019_29_RIGHT70nCoV-2019_31_LEFT33nCoV-2019_30_RIGHT26nCoV-2019_32_LEFT119nCoV-2019_31_RIGHT75nCoV-2019_33_LEFT23nCoV-2019_32_RIGHT52nCoV-2019_34_LEFT51nCoV-2019_33_RIGHT43nCoV-2019_35_LEFT44nCoV-2019_34_RIGHT40nCoV-2019_36_LEFT113nCoV-2019_35_RIGHT86nCoV-2019_37_LEFT74nCoV-2019_36_RIGHT131nCoV-2019_38_LEFT185nCoV-2019_37_RIGHT163nCoV-2019_39_LEFT97nCoV-2019_38_RIGHT113nCoV-2019_40_LEFT67nCoV-2019_39_RIGHT39nCoV-2019_41_LEFT31nCoV-2019_40_RIGHT17nCoV-2019_42_LEFT39nCoV-2019_41_RIGHT5nCoV-2019_43_LEFT47nCoV-2019_42_RIGHT89nCoV-2019_44_LEFT51nCoV-2019_43_RIGHT23nCoV-2019_45_LEFT43nCoV-2019_44_RIGHT70nCoV-2019_46_LEFT11nCoV-2019_45_RIGHT16nCoV-2019_47_LEFT27nCoV-2019_46_RIGHT35nCoV-2019_48_LEFT74nCoV-2019_47_RIGHT25nCoV-2019_49_LEFT40nCoV-2019_48_RIGHT41nCoV-2019_50_LEFT26nCoV-2019_49_RIGHT54nCoV-2019_51_LEFT81nCoV-2019_50_RIGHT19nCoV-2019_52_LEFT33nCoV-2019_51_RIGHT47nCoV-2019_53_LEFT75nCoV-2019_52_RIGHT28nCoV-2019_54_LEFT44nCoV-2019_53_RIGHT35nCoV-2019_55_LEFT66nCoV-2019_54_RIGHT13nCoV-2019_56_LEFT35nCoV-2019_55_RIGHT96nCoV-2019_57_LEFT112nCoV-2019_56_RIGHT69nCoV-2019_58_LEFT15nCoV-2019_57_RIGHT78nCoV-2019_59_LEFT35nCoV-2019_58_RIGHT6nCoV-2019_60_LEFT22nCoV-2019_59_RIGHT23nCoV-2019_61_LEFT33nCoV-2019_60_RIGHT19nCoV-2019_62_LEFT16nCoV-2019_61_RIGHT33nCoV-2019_63_LEFT47nCoV-2019_62_RIGHT17nCoV-2019_64_LEFT6nCoV-2019_63_RIGHT31nCoV-2019_65_LEFT6nCoV-2019_64_RIGHT8nCoV-2019_66_LEFT29nCoV-2019_65_RIGHT59nCoV-2019_67_LEFT6nCoV-2019_66_RIGHT2nCoV-2019_68_LEFT8nCoV-2019_67_RIGHT0nCoV-2019_69_LEFT17nCoV-2019_68_RIGHT9nCoV-2019_70_LEFT0nCoV-2019_69_RIGHT5nCoV-2019_71_LEFT1nCoV-2019_70_RIGHT1nCoV-2019_72_LEFT7nCoV-2019_71_RIGHT5nCoV-2019_73_LEFT0nCoV-2019_72_RIGHT4nCoV-2019_74_LEFT0nCoV-2019_73_RIGHT4nCoV-2019_75_LEFT2nCoV-2019_74_RIGHT0nCoV-2019_76_LEFT2nCoV-2019_75_RIGHT1nCoV-2019_77_LEFT27nCoV-2019_76_RIGHT13nCoV-2019_78_LEFT63nCoV-2019_77_RIGHT87nCoV-2019_79_LEFT5nCoV-2019_78_RIGHT23nCoV-2019_80_LEFT92nCoV-2019_79_RIGHT17nCoV-2019_81_LEFT28nCoV-2019_80_RIGHT33nCoV-2019_82_LEFT150nCoV-2019_81_RIGHT79nCoV-2019_83_LEFT22nCoV-2019_82_RIGHT50nCoV-2019_84_LEFT32nCoV-2019_83_RIGHT41nCoV-2019_85_LEFT77nCoV-2019_84_RIGHT50nCoV-2019_86_LEFT54nCoV-2019_85_RIGHT37nCoV-2019_87_LEFT48nCoV-2019_86_RIGHT30nCoV-2019_88_LEFT58nCoV-2019_87_RIGHT3nCoV-2019_89_LEFT37nCoV-2019_88_RIGHT91nCoV-2019_90_LEFT28nCoV-2019_89_RIGHT30nCoV-2019_91_LEFT27nCoV-2019_90_RIGHT21nCoV-2019_92_LEFT9nCoV-2019_91_RIGHT2nCoV-2019_93_LEFT38nCoV-2019_92_RIGHT14nCoV-2019_94_LEFT116nCoV-2019_93_RIGHT23nCoV-2019_95_LEFT39nCoV-2019_94_RIGHT55nCoV-2019_96_LEFT24nCoV-2019_95_RIGHT8nCoV-2019_97_LEFT0nCoV-2019_96_RIGHT17nCoV-2019_98_LEFT2nCoV-2019_97_RIGHT1nCoV-2019_98_RIGHT2Trimmed primers from 13.29% (6871) of reads.3.5% (1811) of reads were quality trimmed below the minimum length of 30 bp and were not written to file.84.15% (43493) of reads started outside of primer regions. Since the -e flag was given, these reads were written to file.58.16% (30061) of reads had their insert size smaller than their read length[bam_sort_core] merging from 0 files and 8 in-memory blocks...
            ]]></system-err>
        
    </testcase>
    
    <testcase classname="ivar_trim (Test #2)" name="1" time="37.18570017814636">
        
            
            <system-out><![CDATA[
            
            ]]></system-out>
            <system-err><![CDATA[
            Found 196 primers in BED fileReading from sorted.bam-------Results: Primer NameRead CountnCoV-2019_1_LEFT25nCoV-2019_2_LEFT10nCoV-2019_1_RIGHT9nCoV-2019_3_LEFT22nCoV-2019_2_RIGHT17nCoV-2019_4_LEFT20nCoV-2019_3_RIGHT29nCoV-2019_5_LEFT4nCoV-2019_4_RIGHT5nCoV-2019_6_LEFT17nCoV-2019_5_RIGHT16nCoV-2019_7_LEFT21nCoV-2019_6_RIGHT10nCoV-2019_8_LEFT5nCoV-2019_7_RIGHT14nCoV-2019_9_LEFT18nCoV-2019_8_RIGHT10nCoV-2019_10_LEFT20nCoV-2019_9_RIGHT11nCoV-2019_11_LEFT15nCoV-2019_10_RIGHT11nCoV-2019_12_LEFT48nCoV-2019_11_RIGHT31nCoV-2019_13_LEFT31nCoV-2019_12_RIGHT11nCoV-2019_14_LEFT53nCoV-2019_13_RIGHT64nCoV-2019_15_LEFT64nCoV-2019_14_RIGHT89nCoV-2019_16_LEFT168nCoV-2019_15_RIGHT57nCoV-2019_17_LEFT100nCoV-2019_16_RIGHT112nCoV-2019_18_LEFT19nCoV-2019_17_RIGHT23nCoV-2019_19_LEFT72nCoV-2019_18_RIGHT42nCoV-2019_20_LEFT31nCoV-2019_19_RIGHT43nCoV-2019_21_LEFT126nCoV-2019_20_RIGHT63nCoV-2019_22_LEFT55nCoV-2019_21_RIGHT23nCoV-2019_23_LEFT46nCoV-2019_22_RIGHT58nCoV-2019_24_LEFT22nCoV-2019_23_RIGHT2nCoV-2019_25_LEFT7nCoV-2019_24_RIGHT6nCoV-2019_26_LEFT13nCoV-2019_25_RIGHT11nCoV-2019_27_LEFT70nCoV-2019_26_RIGHT14nCoV-2019_28_LEFT15nCoV-2019_27_RIGHT31nCoV-2019_29_LEFT4nCoV-2019_28_RIGHT6nCoV-2019_30_LEFT10nCoV-2019_29_RIGHT70nCoV-2019_31_LEFT33nCoV-2019_30_RIGHT26nCoV-2019_32_LEFT119nCoV-2019_31_RIGHT75nCoV-2019_33_LEFT23nCoV-2019_32_RIGHT52nCoV-2019_34_LEFT51nCoV-2019_33_RIGHT43nCoV-2019_35_LEFT44nCoV-2019_34_RIGHT40nCoV-2019_36_LEFT113nCoV-2019_35_RIGHT86nCoV-2019_37_LEFT74nCoV-2019_36_RIGHT131nCoV-2019_38_LEFT185nCoV-2019_37_RIGHT163nCoV-2019_39_LEFT97nCoV-2019_38_RIGHT113nCoV-2019_40_LEFT67nCoV-2019_39_RIGHT39nCoV-2019_41_LEFT31nCoV-2019_40_RIGHT17nCoV-2019_42_LEFT39nCoV-2019_41_RIGHT5nCoV-2019_43_LEFT47nCoV-2019_42_RIGHT89nCoV-2019_44_LEFT51nCoV-2019_43_RIGHT23nCoV-2019_45_LEFT43nCoV-2019_44_RIGHT70nCoV-2019_46_LEFT11nCoV-2019_45_RIGHT16nCoV-2019_47_LEFT27nCoV-2019_46_RIGHT35nCoV-2019_48_LEFT74nCoV-2019_47_RIGHT25nCoV-2019_49_LEFT40nCoV-2019_48_RIGHT41nCoV-2019_50_LEFT26nCoV-2019_49_RIGHT54nCoV-2019_51_LEFT81nCoV-2019_50_RIGHT19nCoV-2019_52_LEFT33nCoV-2019_51_RIGHT47nCoV-2019_53_LEFT75nCoV-2019_52_RIGHT28nCoV-2019_54_LEFT44nCoV-2019_53_RIGHT35nCoV-2019_55_LEFT66nCoV-2019_54_RIGHT13nCoV-2019_56_LEFT35nCoV-2019_55_RIGHT96nCoV-2019_57_LEFT112nCoV-2019_56_RIGHT69nCoV-2019_58_LEFT15nCoV-2019_57_RIGHT78nCoV-2019_59_LEFT35nCoV-2019_58_RIGHT6nCoV-2019_60_LEFT22nCoV-2019_59_RIGHT23nCoV-2019_61_LEFT33nCoV-2019_60_RIGHT19nCoV-2019_62_LEFT16nCoV-2019_61_RIGHT33nCoV-2019_63_LEFT47nCoV-2019_62_RIGHT17nCoV-2019_64_LEFT6nCoV-2019_63_RIGHT31nCoV-2019_65_LEFT6nCoV-2019_64_RIGHT8nCoV-2019_66_LEFT29nCoV-2019_65_RIGHT59nCoV-2019_67_LEFT6nCoV-2019_66_RIGHT2nCoV-2019_68_LEFT8nCoV-2019_67_RIGHT0nCoV-2019_69_LEFT17nCoV-2019_68_RIGHT9nCoV-2019_70_LEFT0nCoV-2019_69_RIGHT5nCoV-2019_71_LEFT1nCoV-2019_70_RIGHT1nCoV-2019_72_LEFT7nCoV-2019_71_RIGHT5nCoV-2019_73_LEFT0nCoV-2019_72_RIGHT4nCoV-2019_74_LEFT0nCoV-2019_73_RIGHT4nCoV-2019_75_LEFT2nCoV-2019_74_RIGHT0nCoV-2019_76_LEFT2nCoV-2019_75_RIGHT1nCoV-2019_77_LEFT27nCoV-2019_76_RIGHT13nCoV-2019_78_LEFT63nCoV-2019_77_RIGHT87nCoV-2019_79_LEFT5nCoV-2019_78_RIGHT23nCoV-2019_80_LEFT92nCoV-2019_79_RIGHT17nCoV-2019_81_LEFT28nCoV-2019_80_RIGHT33nCoV-2019_82_LEFT150nCoV-2019_81_RIGHT79nCoV-2019_83_LEFT22nCoV-2019_82_RIGHT50nCoV-2019_84_LEFT32nCoV-2019_83_RIGHT41nCoV-2019_85_LEFT77nCoV-2019_84_RIGHT50nCoV-2019_86_LEFT54nCoV-2019_85_RIGHT37nCoV-2019_87_LEFT48nCoV-2019_86_RIGHT30nCoV-2019_88_LEFT58nCoV-2019_87_RIGHT3nCoV-2019_89_LEFT37nCoV-2019_88_RIGHT91nCoV-2019_90_LEFT28nCoV-2019_89_RIGHT30nCoV-2019_91_LEFT27nCoV-2019_90_RIGHT21nCoV-2019_92_LEFT9nCoV-2019_91_RIGHT2nCoV-2019_93_LEFT38nCoV-2019_92_RIGHT14nCoV-2019_94_LEFT116nCoV-2019_93_RIGHT23nCoV-2019_95_LEFT39nCoV-2019_94_RIGHT55nCoV-2019_96_LEFT24nCoV-2019_95_RIGHT8nCoV-2019_97_LEFT0nCoV-2019_96_RIGHT17nCoV-2019_98_LEFT2nCoV-2019_97_RIGHT1nCoV-2019_98_RIGHT2Trimmed primers from 13.29% (6871) of reads.3.5% (1811) of reads were quality trimmed below the minimum length of 30 bp and were not written to file.84.15% (43493) of reads started outside of primer regions. Since the -e flag was given, these reads were written to file.58.16% (30061) of reads had their insert size smaller than their read length[bam_sort_core] merging from 0 files and 8 in-memory blocks...
            ]]></system-err>
        
    </testcase>
    
    <testcase classname="ivar_trim (Test #3)" name="2" time="36.20990824699402">
        
            
            <system-out><![CDATA[
            
            ]]></system-out>
            <system-err><![CDATA[
            Found 68 primers in BED fileReading from sorted.bam-------Results: Primer NameRead Count400_2_out_L265400_1_out_R116400_3_out_L*47400_2_out_R269400_4_out_L123400_3_out_R*55400_5_out_L1083400_4_out_R123400_6_out_L139400_5_out_R1044400_7_out_L246400_6_out_R140400_8_out_L*164400_7_out_R251400_9_out_L*105400_8_out_R*164400_10_out_L358400_9_out_R*104400_11_out_L1538400_10_out_R358400_12_out_L297400_11_out_R1541400_13_out_L209400_12_out_R293400_14_out_L*736400_13_out_R229400_15_out_L87400_14_out_R*735400_16_out_L*498400_15_out_R82400_17_out_L**1420400_16_out_R*493400_18_out_L**9400_17_out_R**1415400_19_out_L43400_18_out_R**9400_20_out_L*2128400_19_out_R50400_21_out_L*18400_20_out_R*2158400_22_out_L**33400_21_out_R*10400_23_out_L179400_22_out_R**5400_24_out_L**80400_23_out_R169400_25_out_L**3035400_24_out_R**80400_26_out_L423400_25_out_R**3073400_27_out_L104400_26_out_R428400_28_out_L41400_27_out_R6400_29_out_L113400_28_out_R43400_30_out_L1057400_29_out_R118400_31_out_L166400_30_out_R1054400_32_out_L280400_31_out_R170400_33_out_L*436400_32_out_R283400_34_out_L*688400_33_out_R*433400_35_out_L0400_34_out_R*688Trimmed primers from 99.24% (32302) of reads.10.73% (3493) of reads were quality trimmed below the minimum length of 30 bp and were not written to file.0.65% (212) of reads that started outside of primer regions were not written to file0.91% (296) of reads had their insert size smaller than their read length[bam_sort_core] merging from 0 files and 8 in-memory blocks...
            ]]></system-err>
        
    </testcase>
    
    <testcase classname="ivar_trim (Test #4)" name="3" time="35.03590250015259">
        
            
            <system-out><![CDATA[
            
            ]]></system-out>
            <system-err><![CDATA[
            Found 68 primers in BED fileReading from sorted.bamMinimum Read Length based on 1000 reads: 125-------Results: Primer NameRead Count400_2_out_L227400_1_out_R156400_3_out_L*76400_2_out_R238400_4_out_L91400_3_out_R*76400_5_out_L1548400_4_out_R98400_6_out_L37400_5_out_R1541400_7_out_L540400_6_out_R38400_8_out_L*143400_7_out_R538400_9_out_L*90400_8_out_R*143400_10_out_L400400_9_out_R*93400_11_out_L2536400_10_out_R402400_12_out_L146400_11_out_R2534400_13_out_L299400_12_out_R141400_14_out_L*676400_13_out_R307400_15_out_L183400_14_out_R*671400_16_out_L*419400_15_out_R180400_17_out_L**2322400_16_out_R*417400_18_out_L**32400_17_out_R**2315400_19_out_L67400_18_out_R**6400_20_out_L*1653400_19_out_R69400_21_out_L*18400_20_out_R*1681400_22_out_L**18400_21_out_R*13400_23_out_L297400_22_out_R**2400_24_out_L**61400_23_out_R292400_25_out_L**4363400_24_out_R**68400_26_out_L310400_25_out_R**4382400_27_out_L95400_26_out_R305400_28_out_L17400_27_out_R21400_29_out_L185400_28_out_R17400_30_out_L1512400_29_out_R187400_31_out_L266400_30_out_R1510400_32_out_L413400_31_out_R273400_33_out_L*546400_32_out_R411400_34_out_L*699400_33_out_R*536400_35_out_L0400_34_out_R*699Trimmed primers from 99.17% (40620) of reads.18.42% (7545) of reads were quality trimmed below the minimum length of 125 bp and were not written to file.0.67% (274) of reads that started outside of primer regions were not written to file0.57% (232) of reads had their insert size smaller than their read length[bam_sort_core] merging from 0 files and 8 in-memory blocks...
            ]]></system-err>
        
    </testcase>
    
    <testcase classname="ivar_trim (Test #5)" name="4" time="">
        
            <error type="error" message=""><![CDATA[
                { "status": "skip", "test_index": 4, "tool_id": "ivar_trim", "tool_version": "1.4.4+galaxy1"}
            ]]></error>
        
    </testcase>
    
    <testcase classname="ivar_trim (Test #6)" name="5" time="">
        
            <error type="error" message=""><![CDATA[
                { "status": "skip", "test_index": 5, "tool_id": "ivar_trim", "tool_version": "1.4.4+galaxy1"}
            ]]></error>
        
    </testcase>
    
    <testcase classname="medaka_variant (Test #1)" name="0" time="38.394267320632935">
        
            
                <error type="error" message="Tool exit code: 127"><![CDATA[
                    { "inputs": {  "ambig_ref": true,  "output_annotated|in_bam": {   "id": "d3dba155035566cc",   "src": "hda"  },  "output_annotated|output_annotated_select": "true",  "output_log_bool": true,  "pool|inputs": [   {    "id": "5eec98d8bcaccf12",    "src": "hda"   },   {    "id": "5eec98d8bcaccf12",    "src": "hda"   }  ],  "pool|pool_mode": "Yes",  "reference_source|ref_file": {   "id": "47cb38dc86e3e84c",   "src": "hda"  },  "reference_source|reference_source_selector": "history" }, "job": {  "command_line": "cp \u0027/galaxy/server/database/objects/8/7/f/dataset_87fe2802-0433-47fc-9685-334f92b288d5.dat\u0027 reference.fa \u0026\u0026    medaka vcf --debug  --ambig_ref  \u0027/galaxy/server/database/objects/8/7/a/dataset_87a852f6-8257-43c3-80f2-40ac22cadae2.dat\u0027 \u0027/galaxy/server/database/objects/8/7/a/dataset_87a852f6-8257-43c3-80f2-40ac22cadae2.dat\u0027 reference.fa raw.vcf 2\u003e\u00261 | tee log.txt \u0026\u0026 ln -s \u0027/galaxy/server/database/objects/1/0/8/dataset_108850fb-29fd-48f8-86c5-dfe7b5725e4e.dat\u0027 in.bam \u0026\u0026 ln -s \u0027/galaxy/server/database/objects/_metadata_files/5/3/7/metadata_5371ab5b-060f-43fe-bcb0-60cb685db8cf.dat\u0027 in.bai \u0026\u0026 medaka tools annotate --dpsp --pad 25 raw.vcf reference.fa in.bam tmp.vcf \u0026\u0026 python \u0027/cvmfs/cloud.galaxyproject.org/tools/toolshed.g2.bx.psu.edu/repos/iuc/medaka_variant/16fc9856b20a/medaka_variant/convert_VCF_info_fields.py\u0027 tmp.vcf \u0027/galaxy/server/database/objects/0/b/6/dataset_0b63cfef-f1b4-4246-9d1c-c49cdce4b169.dat\u0027",  "command_version": "/galaxy/server/database/jobs_directory/000/28/tool_script.sh: line 10: medaka: command not found",  "copied_from_job_id": null,  "create_time": "2025-11-18T01:04:18.114409",  "dependencies": [],  "exit_code": 127,  "external_id": "gxy-lj7dd",  "galaxy_version": "24.1",  "handler": null,  "history_id": "ce577b0903c0060c",  "id": "d3dba155035566cc",  "inputs": {   "output_annotated|in_bam": {    "id": "d3dba155035566cc",    "src": "hda",    "uuid": "108850fb-29fd-48f8-86c5-dfe7b5725e4e"   },   "pool|inputs": {    "id": "5eec98d8bcaccf12",    "src": "hda",    "uuid": "87a852f6-8257-43c3-80f2-40ac22cadae2"   },   "pool|inputs1": {    "id": "5eec98d8bcaccf12",    "src": "hda",    "uuid": "87a852f6-8257-43c3-80f2-40ac22cadae2"   },   "pool|inputs2": {    "id": "5eec98d8bcaccf12",    "src": "hda",    "uuid": "87a852f6-8257-43c3-80f2-40ac22cadae2"   },   "reference_source|ref_file": {    "id": "47cb38dc86e3e84c",    "src": "hda",    "uuid": "87fe2802-0433-47fc-9685-334f92b288d5"   }  },  "job_messages": [   {    "code_desc": "",    "desc": "Fatal error: Exit code 127 ()",    "error_level": 3,    "exit_code": 127,    "type": "exit_code"   }  ],  "job_metrics": [   {    "name": "galaxy_slots",    "plugin": "core",    "raw_value": "1.0000000",    "title": "Cores Allocated",    "value": "1"   },   {    "name": "galaxy_memory_mb",    "plugin": "core",    "raw_value": "51539.0000000",    "title": "Memory Allocated (MB)",    "value": "51539"   },   {    "name": "start_epoch",    "plugin": "core",    "raw_value": "1763427860.0000000",    "title": "Job Start Time",    "value": "2025-11-18 01:04:20"   },   {    "name": "end_epoch",    "plugin": "core",    "raw_value": "1763427860.0000000",    "title": "Job End Time",    "value": "2025-11-18 01:04:20"   },   {    "name": "runtime_seconds",    "plugin": "core",    "raw_value": "0E-7",    "title": "Job Runtime (Wall Clock)",    "value": "0 seconds"   }  ],  "job_runner_name": null,  "job_stderr": "",  "job_stdout": "",  "model_class": "Job",  "output_collections": {},  "outputs": {   "out_log": {    "id": "ba9b1485f0209c87",    "src": "hda",    "uuid": "5bb1063b-161a-4ed4-a101-ee81c484d5cc"   },   "out_variants": {    "id": "2d615e129b68acb7",    "src": "hda",    "uuid": "0b63cfef-f1b4-4246-9d1c-c49cdce4b169"   }  },  "params": {   "__input_ext": "\"input\"",   "ambig_ref": "true",   "chromInfo": "\"/cvmfs/data.galaxyproject.org/managed/len/ucsc/?.len\"",   "dbkey": "\"?\"",   "gvcf": "false",   "output_annotated": "{\"__current_case__\": 0, \"in_bam\": {\"values\": [{\"id\": 28, \"src\": \"hda\"}]}, \"output_annotated_select\": \"true\", \"pad\": \"25\"}",   "output_log_bool": "true",   "pool": "{\"__current_case__\": 0, \"inputs\": {\"values\": [{\"id\": 26, \"src\": \"hda\"}, {\"id\": 26, \"src\": \"hda\"}]}, \"pool_mode\": \"Yes\"}",   "reference_source": "{\"__current_case__\": 1, \"ref_file\": {\"values\": [{\"id\": 27, \"src\": \"hda\"}]}, \"reference_source_selector\": \"history\"}",   "regions": "\"\"",   "verbose": "false"  },  "state": "error",  "stderr": "",  "stdout": "",  "tool_id": "toolshed.g2.bx.psu.edu/repos/iuc/medaka_variant/medaka_variant/2.1.1+galaxy0",  "tool_stderr": "",  "tool_stdout": "",  "update_time": "2025-11-18T01:04:31.179105",  "user_email": "tests@fake.org" }, "output_problems": [  "Job in error state.. tool_id: toolshed.g2.bx.psu.edu/repos/iuc/medaka_variant/medaka_variant/2.1.1+galaxy0, exit_code: 127, stderr: .",  "Job in error state.. tool_id: toolshed.g2.bx.psu.edu/repos/iuc/medaka_variant/medaka_variant/2.1.1+galaxy0, exit_code: 127, stderr: .",  "Job in error state.. tool_id: toolshed.g2.bx.psu.edu/repos/iuc/medaka_variant/medaka_variant/2.1.1+galaxy0, exit_code: 127, stderr: ." ], "status": "failure", "test_index": 0, "time_seconds": 38.394267320632935, "tool_id": "medaka_variant", "tool_version": "2.1.1+galaxy0"}
                ]]></error>
            
            <system-out><![CDATA[
            
            ]]></system-out>
            <system-err><![CDATA[
            
            ]]></system-err>
        
    </testcase>
    
    <testcase classname="medaka_variant (Test #2)" name="1" time="36.90570878982544">
        
            
                <error type="error" message="Tool exit code: 127"><![CDATA[
                    { "inputs": {  "ambig_ref": true,  "output_annotated|in_bam": {   "id": "45721bfabab5d498",   "src": "hda"  },  "output_annotated|output_annotated_select": "true",  "output_log_bool": true,  "pool|input": {   "id": "814a82da66b65509",   "src": "hda"  },  "pool|pool_mode": "No",  "reference_source|ref_file": {   "id": "fa0f6bc80f104868",   "src": "hda"  },  "reference_source|reference_source_selector": "history" }, "job": {  "command_line": "gunzip -c \u0027/galaxy/server/database/objects/1/0/b/dataset_10bc4642-1090-41e2-a2b0-b6263d4069ef.dat\u0027 \u003e reference.fa \u0026\u0026    medaka vcf --debug  --ambig_ref  \u0027/galaxy/server/database/objects/8/0/4/dataset_80452511-56ce-4bb8-8bcd-8fd09012cd8d.dat\u0027 reference.fa raw.vcf 2\u003e\u00261 | tee log.txt \u0026\u0026 ln -s \u0027/galaxy/server/database/objects/9/4/7/dataset_9472951e-e693-4a0c-92b8-8b1c28ef67ad.dat\u0027 in.bam \u0026\u0026 ln -s \u0027/galaxy/server/database/objects/_metadata_files/d/e/c/metadata_dec6b522-57db-44e7-ab84-f4a7768ce9b0.dat\u0027 in.bai \u0026\u0026 medaka tools annotate --dpsp --pad 25 raw.vcf reference.fa in.bam tmp.vcf \u0026\u0026 python \u0027/cvmfs/cloud.galaxyproject.org/tools/toolshed.g2.bx.psu.edu/repos/iuc/medaka_variant/16fc9856b20a/medaka_variant/convert_VCF_info_fields.py\u0027 tmp.vcf \u0027/galaxy/server/database/objects/3/5/7/dataset_357bdca0-4dcf-4f21-8189-c51ea48d9cb0.dat\u0027",  "command_version": "/galaxy/server/database/jobs_directory/000/32/tool_script.sh: line 10: medaka: command not found",  "copied_from_job_id": null,  "create_time": "2025-11-18T01:04:56.000223",  "dependencies": [],  "exit_code": 127,  "external_id": "gxy-s6vkz",  "galaxy_version": "24.1",  "handler": null,  "history_id": "ce577b0903c0060c",  "id": "fa0f6bc80f104868",  "inputs": {   "output_annotated|in_bam": {    "id": "45721bfabab5d498",    "src": "hda",    "uuid": "9472951e-e693-4a0c-92b8-8b1c28ef67ad"   },   "pool|input": {    "id": "814a82da66b65509",    "src": "hda",    "uuid": "80452511-56ce-4bb8-8bcd-8fd09012cd8d"   },   "reference_source|ref_file": {    "id": "fa0f6bc80f104868",    "src": "hda",    "uuid": "10bc4642-1090-41e2-a2b0-b6263d4069ef"   }  },  "job_messages": [   {    "code_desc": "",    "desc": "Fatal error: Exit code 127 ()",    "error_level": 3,    "exit_code": 127,    "type": "exit_code"   }  ],  "job_metrics": [   {    "name": "runtime_seconds",    "plugin": "core",    "raw_value": "0E-7",    "title": "Job Runtime (Wall Clock)",    "value": "0 seconds"   },   {    "name": "end_epoch",    "plugin": "core",    "raw_value": "1763427897.0000000",    "title": "Job End Time",    "value": "2025-11-18 01:04:57"   },   {    "name": "start_epoch",    "plugin": "core",    "raw_value": "1763427897.0000000",    "title": "Job Start Time",    "value": "2025-11-18 01:04:57"   },   {    "name": "galaxy_memory_mb",    "plugin": "core",    "raw_value": "51539.0000000",    "title": "Memory Allocated (MB)",    "value": "51539"   },   {    "name": "galaxy_slots",    "plugin": "core",    "raw_value": "1.0000000",    "title": "Cores Allocated",    "value": "1"   }  ],  "job_runner_name": null,  "job_stderr": "",  "job_stdout": "",  "model_class": "Job",  "output_collections": {},  "outputs": {   "out_log": {    "id": "e1ecb4596c2a2814",    "src": "hda",    "uuid": "ffaff9fe-d484-479e-99da-e75b3b0eda50"   },   "out_variants": {    "id": "80795b8bb4914e9d",    "src": "hda",    "uuid": "357bdca0-4dcf-4f21-8189-c51ea48d9cb0"   }  },  "params": {   "__input_ext": "\"input\"",   "ambig_ref": "true",   "chromInfo": "\"/cvmfs/data.galaxyproject.org/managed/len/ucsc/?.len\"",   "dbkey": "\"?\"",   "gvcf": "false",   "output_annotated": "{\"__current_case__\": 0, \"in_bam\": {\"values\": [{\"id\": 33, \"src\": \"hda\"}]}, \"output_annotated_select\": \"true\", \"pad\": \"25\"}",   "output_log_bool": "true",   "pool": "{\"__current_case__\": 1, \"input\": {\"values\": [{\"id\": 31, \"src\": \"hda\"}]}, \"pool_mode\": \"No\"}",   "reference_source": "{\"__current_case__\": 1, \"ref_file\": {\"values\": [{\"id\": 32, \"src\": \"hda\"}]}, \"reference_source_selector\": \"history\"}",   "regions": "\"\"",   "verbose": "false"  },  "state": "error",  "stderr": "",  "stdout": "",  "tool_id": "toolshed.g2.bx.psu.edu/repos/iuc/medaka_variant/medaka_variant/2.1.1+galaxy0",  "tool_stderr": "",  "tool_stdout": "",  "update_time": "2025-11-18T01:05:08.030879",  "user_email": "tests@fake.org" }, "output_problems": [  "Job in error state.. tool_id: toolshed.g2.bx.psu.edu/repos/iuc/medaka_variant/medaka_variant/2.1.1+galaxy0, exit_code: 127, stderr: .",  "Job in error state.. tool_id: toolshed.g2.bx.psu.edu/repos/iuc/medaka_variant/medaka_variant/2.1.1+galaxy0, exit_code: 127, stderr: .",  "Job in error state.. tool_id: toolshed.g2.bx.psu.edu/repos/iuc/medaka_variant/medaka_variant/2.1.1+galaxy0, exit_code: 127, stderr: ." ], "status": "failure", "test_index": 1, "time_seconds": 36.90570878982544, "tool_id": "medaka_variant", "tool_version": "2.1.1+galaxy0"}
                ]]></error>
            
            <system-out><![CDATA[
            
            ]]></system-out>
            <system-err><![CDATA[
            
            ]]></system-err>
        
    </testcase>
    
    <testcase classname="medaka_variant (Test #3)" name="2" time="32.457653760910034">
        
            
                <error type="error" message="Tool exit code: 127"><![CDATA[
                    { "inputs": {  "output_annotated|output_annotated_select": "false",  "output_log_bool": false,  "pool|input": {   "id": "ff3da90f33ceefeb",   "src": "hda"  },  "pool|pool_mode": "No",  "reference_source|ref_file": {   "id": "10e38b75925a2a70",   "src": "hda"  },  "reference_source|reference_source_selector": "history" }, "job": {  "command_line": "cp \u0027/galaxy/server/database/objects/a/f/7/dataset_af74f6c7-3c08-434a-a5c1-f3ad6b2f0104.dat\u0027 reference.fa \u0026\u0026    medaka vcf --debug    \u0027/galaxy/server/database/objects/c/0/1/dataset_c0164f7f-efdb-46c1-9dc8-d2968316e3d1.dat\u0027 reference.fa \u0027/galaxy/server/database/objects/0/8/8/dataset_08886316-1c09-49e3-a16e-1ca5500d0940.dat\u0027 2\u003e\u00261 | tee log.txt",  "command_version": "/galaxy/server/database/jobs_directory/000/35/tool_script.sh: line 10: medaka: command not found",  "copied_from_job_id": null,  "create_time": "2025-11-18T01:05:28.973237",  "dependencies": [],  "exit_code": 127,  "external_id": "gxy-sjp8p",  "galaxy_version": "24.1",  "handler": null,  "history_id": "ce577b0903c0060c",  "id": "e1ecb4596c2a2814",  "inputs": {   "pool|input": {    "id": "ff3da90f33ceefeb",    "src": "hda",    "uuid": "c0164f7f-efdb-46c1-9dc8-d2968316e3d1"   },   "reference_source|ref_file": {    "id": "10e38b75925a2a70",    "src": "hda",    "uuid": "af74f6c7-3c08-434a-a5c1-f3ad6b2f0104"   }  },  "job_messages": [   {    "code_desc": "",    "desc": "Fatal error: Exit code 127 ()",    "error_level": 3,    "exit_code": 127,    "type": "exit_code"   }  ],  "job_metrics": [   {    "name": "runtime_seconds",    "plugin": "core",    "raw_value": "0E-7",    "title": "Job Runtime (Wall Clock)",    "value": "0 seconds"   },   {    "name": "end_epoch",    "plugin": "core",    "raw_value": "1763427930.0000000",    "title": "Job End Time",    "value": "2025-11-18 01:05:30"   },   {    "name": "start_epoch",    "plugin": "core",    "raw_value": "1763427930.0000000",    "title": "Job Start Time",    "value": "2025-11-18 01:05:30"   },   {    "name": "galaxy_memory_mb",    "plugin": "core",    "raw_value": "51539.0000000",    "title": "Memory Allocated (MB)",    "value": "51539"   },   {    "name": "galaxy_slots",    "plugin": "core",    "raw_value": "1.0000000",    "title": "Cores Allocated",    "value": "1"   }  ],  "job_runner_name": null,  "job_stderr": "",  "job_stdout": "",  "model_class": "Job",  "output_collections": {},  "outputs": {   "out_variants": {    "id": "d92a4b1f4997bc65",    "src": "hda",    "uuid": "08886316-1c09-49e3-a16e-1ca5500d0940"   }  },  "params": {   "__input_ext": "\"input\"",   "ambig_ref": "false",   "chromInfo": "\"/cvmfs/data.galaxyproject.org/managed/len/ucsc/?.len\"",   "dbkey": "\"?\"",   "gvcf": "false",   "output_annotated": "{\"__current_case__\": 1, \"output_annotated_select\": \"false\"}",   "output_log_bool": "false",   "pool": "{\"__current_case__\": 1, \"input\": {\"values\": [{\"id\": 36, \"src\": \"hda\"}]}, \"pool_mode\": \"No\"}",   "reference_source": "{\"__current_case__\": 1, \"ref_file\": {\"values\": [{\"id\": 37, \"src\": \"hda\"}]}, \"reference_source_selector\": \"history\"}",   "regions": "\"\"",   "verbose": "false"  },  "state": "error",  "stderr": "",  "stdout": "",  "tool_id": "toolshed.g2.bx.psu.edu/repos/iuc/medaka_variant/medaka_variant/2.1.1+galaxy0",  "tool_stderr": "",  "tool_stdout": "",  "update_time": "2025-11-18T01:05:40.864886",  "user_email": "tests@fake.org" }, "output_problems": [  "Job in error state.. tool_id: toolshed.g2.bx.psu.edu/repos/iuc/medaka_variant/medaka_variant/2.1.1+galaxy0, exit_code: 127, stderr: .",  "Job in error state.. tool_id: toolshed.g2.bx.psu.edu/repos/iuc/medaka_variant/medaka_variant/2.1.1+galaxy0, exit_code: 127, stderr: ." ], "status": "failure", "test_index": 2, "time_seconds": 32.457653760910034, "tool_id": "medaka_variant", "tool_version": "2.1.1+galaxy0"}
                ]]></error>
            
            <system-out><![CDATA[
            
            ]]></system-out>
            <system-err><![CDATA[
            
            ]]></system-err>
        
    </testcase>
    
    <testcase classname="poretools_times (Test #1)" name="0" time="12.948925495147705">
        
            <error type="error" message="Input staging problem: Traceback (most recent call last):
  File "/opt/hostedtoolcache/Python/3.12.12/x64/lib/python3.12/site-packages/galaxy/tool_util/verify/interactor.py", line 1436, in verify_tool
    stage_data_in_history(
  File "/opt/hostedtoolcache/Python/3.12.12/x64/lib/python3.12/site-packages/galaxy/tool_util/verify/interactor.py", line 175, in stage_data_in_history
    staging_interface.handle_jobs()
  File "/opt/hostedtoolcache/Python/3.12.12/x64/lib/python3.12/site-packages/galaxy/tool_util/verify/interactor.py", line 212, in handle_jobs
    self.galaxy_interactor.wait_for_job(job_response["id"], job_response["history_id"], self.maxseconds)
  File "/opt/hostedtoolcache/Python/3.12.12/x64/lib/python3.12/site-packages/galaxy/tool_util/verify/interactor.py", line 399, in wait_for_job
    self.wait_for(lambda: self.__job_ready(job_id, history_id), maxseconds=maxseconds)
  File "/opt/hostedtoolcache/Python/3.12.12/x64/lib/python3.12/site-packages/galaxy/tool_util/verify/interactor.py", line 403, in wait_for
    wait_on(func, what, walltime_exceeded)
  File "/opt/hostedtoolcache/Python/3.12.12/x64/lib/python3.12/site-packages/galaxy/tool_util/verify/wait.py", line 38, in wait_on
    value = function()
            ^^^^^^^^^^
  File "/opt/hostedtoolcache/Python/3.12.12/x64/lib/python3.12/site-packages/galaxy/tool_util/verify/interactor.py", line 399, in <lambda>
    self.wait_for(lambda: self.__job_ready(job_id, history_id), maxseconds=maxseconds)
                          ^^^^^^^^^^^^^^^^^^^^^^^^^^^^^^^^^^^^
  File "/opt/hostedtoolcache/Python/3.12.12/x64/lib/python3.12/site-packages/galaxy/tool_util/verify/interactor.py", line 749, in __job_ready
    return self._state_ready(job_id, error_msg="Job in error state.")
           ^^^^^^^^^^^^^^^^^^^^^^^^^^^^^^^^^^^^^^^^^^^^^^^^^^^^^^^^^^
  File "/opt/hostedtoolcache/Python/3.12.12/x64/lib/python3.12/site-packages/galaxy/tool_util/verify/interactor.py", line 841, in _state_ready
    raise Exception(
Exception: Job in error state.. tool_id: __DATA_FETCH__, exit_code: None, stderr: .
"><![CDATA[
                { "execution_problem": "Input staging problem: Traceback (most recent call last):\n  File \"/opt/hostedtoolcache/Python/3.12.12/x64/lib/python3.12/site-packages/galaxy/tool_util/verify/interactor.py\", line 1436, in verify_tool\n    stage_data_in_history(\n  File \"/opt/hostedtoolcache/Python/3.12.12/x64/lib/python3.12/site-packages/galaxy/tool_util/verify/interactor.py\", line 175, in stage_data_in_history\n    staging_interface.handle_jobs()\n  File \"/opt/hostedtoolcache/Python/3.12.12/x64/lib/python3.12/site-packages/galaxy/tool_util/verify/interactor.py\", line 212, in handle_jobs\n    self.galaxy_interactor.wait_for_job(job_response[\"id\"], job_response[\"history_id\"], self.maxseconds)\n  File \"/opt/hostedtoolcache/Python/3.12.12/x64/lib/python3.12/site-packages/galaxy/tool_util/verify/interactor.py\", line 399, in wait_for_job\n    self.wait_for(lambda: self.__job_ready(job_id, history_id), maxseconds=maxseconds)\n  File \"/opt/hostedtoolcache/Python/3.12.12/x64/lib/python3.12/site-packages/galaxy/tool_util/verify/interactor.py\", line 403, in wait_for\n    wait_on(func, what, walltime_exceeded)\n  File \"/opt/hostedtoolcache/Python/3.12.12/x64/lib/python3.12/site-packages/galaxy/tool_util/verify/wait.py\", line 38, in wait_on\n    value = function()\n            ^^^^^^^^^^\n  File \"/opt/hostedtoolcache/Python/3.12.12/x64/lib/python3.12/site-packages/galaxy/tool_util/verify/interactor.py\", line 399, in \u003clambda\u003e\n    self.wait_for(lambda: self.__job_ready(job_id, history_id), maxseconds=maxseconds)\n                          ^^^^^^^^^^^^^^^^^^^^^^^^^^^^^^^^^^^^\n  File \"/opt/hostedtoolcache/Python/3.12.12/x64/lib/python3.12/site-packages/galaxy/tool_util/verify/interactor.py\", line 749, in __job_ready\n    return self._state_ready(job_id, error_msg=\"Job in error state.\")\n           ^^^^^^^^^^^^^^^^^^^^^^^^^^^^^^^^^^^^^^^^^^^^^^^^^^^^^^^^^^\n  File \"/opt/hostedtoolcache/Python/3.12.12/x64/lib/python3.12/site-packages/galaxy/tool_util/verify/interactor.py\", line 841, in _state_ready\n    raise Exception(\nException: Job in error state.. tool_id: __DATA_FETCH__, exit_code: None, stderr: .\n", "status": "error", "test_index": 0, "time_seconds": 12.948925495147705, "tool_id": "poretools_times", "tool_version": "0.6.1a1.0"}
            ]]></error>
        
    </testcase>
    
    <testcase classname="sailfish (Test #1)" name="0" time="56.02234125137329">
        
            
            <system-out><![CDATA[
            
            ]]></system-out>
            <system-err><![CDATA[
            Version Info: Could not resolve upgrade information in the alotted time.Check for upgrades manually at www.cs.cmu.edu/~ckingsf/sailfish.writing log to ./index_dir/logs/sailfish_index.logRapMap Indexer[Step 1 of 4] : counting k-mersElapsed time: 0.00116872sReplaced 0 non-ATCG nucleotidesClipped poly-A tails from 0 transcriptsBuilding rank-select dictionary and saving to disk doneElapsed time: 1.346e-05sWriting sequence data to file . . . doneElapsed time: 5.418e-05s[info] Building 32-bit suffix array (length of generalized text is 28577)Building suffix array . . . successsaving to disk . . . doneElapsed time: 8.971e-05sdoneElapsed time: 0.00246904sprocessed 0 positionskhash had 18955 keyssaving hash to disk . . . doneElapsed time: 0.00161066sVersion Info: Could not resolve upgrade information in the alotted time.Check for upgrades manually at www.cs.cmu.edu/~ckingsf/sailfish.# sailfish (quasi-mapping-based) v0.9.2# [ program ] => sailfish # [ command ] => quant # [ index ] => { ./index_dir }# [ mates1 ] => { ./mate1.fastq }# [ mates2 ] => { ./mate2.fastq }# [ libType ] => { IU }# [ output ] => { ./results }# [ threads ] => { 8 }# [ gcSizeSamp ] => { 1 }# [ gcSpeedSamp ] => { 1 }# [ fldMean ] => { 200 }# [ fldSD ] => { 80 }# [ maxReadOcc ] => { 200 }# [ maxFragLen ] => { 1000 }# [ txpAggregationKey ] => { gene_id }# [ numBiasSamples ] => { 1000000 }# [ numFragSamples ] => { 10000 }# [ numGibbsSamples ] => { 0 }# [ numBootstraps ] => { 0 }Logs will be written to ./results/logs[2025-11-18 01:10:57.368] [jointLog] [info] parsing read library formatthere is 1 libLoading 32-bit quasi indexIndex contained 15 targetsLoaded targets[2025-11-18 01:10:57.426] [jointLog] [info] Loading Quasi index[2025-11-18 01:10:57.429] [jointLog] [info] done[2025-11-18 01:10:57.449] [jointLog] [info] Gathered fragment lengths from all threads[2025-11-18 01:10:57.449] [jointLog] [warning] Sailfish saw fewer then 10000 uniquely mapped reads so 200 will be used as the mean fragment length and 80 as the standard deviation for effective length correction[2025-11-18 01:10:57.450] [jointLog] [info] Estimating effective lengthsDone Quasi-Mapping [2025-11-18 01:10:57.458] [jointLog] [info] Computed 21 rich equivalence classes for further processing[2025-11-18 01:10:57.458] [jointLog] [info] Counted 10000 total reads in the equivalence classes [2025-11-18 01:10:57.459] [jointLog] [info] Starting optimizer:[2025-11-18 01:10:57.459] [jointLog] [info] Optimizing over 21 equivalence classes[2025-11-18 01:10:57.459] [jointLog] [info] iteration = 0 | max rel diff. = 14.873[2025-11-18 01:10:57.459] [jointLog] [info] iteration = 64 | max rel diff. = 0.00117687[2025-11-18 01:10:57.459] [jointLog] [info] Finished optimizer[2025-11-18 01:10:57.459] [jointLog] [info] writing output [2025-11-18 01:10:57.427] [stderrLog] [info] Loading Suffix Array [2025-11-18 01:10:57.428] [stderrLog] [info] Loading Position Hash[2025-11-18 01:10:57.428] [stderrLog] [info] Loading Transcript Info [2025-11-18 01:10:57.429] [stderrLog] [info] Loading Rank-Select Bit Array[2025-11-18 01:10:57.429] [stderrLog] [info] There were 15 set bits in the bit array[2025-11-18 01:10:57.429] [stderrLog] [info] Computing transcript lengths[2025-11-18 01:10:57.429] [stderrLog] [info] Waiting to finish loading hash[2025-11-18 01:10:57.429] [stderrLog] [info] Done loading index
            ]]></system-err>
        
    </testcase>
    
    <testcase classname="sailfish (Test #2)" name="1" time="21.71528720855713">
        
            <error type="error" message="Input staging problem: Traceback (most recent call last):
  File "/opt/hostedtoolcache/Python/3.12.12/x64/lib/python3.12/site-packages/galaxy/tool_util/verify/interactor.py", line 1436, in verify_tool
    stage_data_in_history(
  File "/opt/hostedtoolcache/Python/3.12.12/x64/lib/python3.12/site-packages/galaxy/tool_util/verify/interactor.py", line 175, in stage_data_in_history
    staging_interface.handle_jobs()
  File "/opt/hostedtoolcache/Python/3.12.12/x64/lib/python3.12/site-packages/galaxy/tool_util/verify/interactor.py", line 212, in handle_jobs
    self.galaxy_interactor.wait_for_job(job_response["id"], job_response["history_id"], self.maxseconds)
  File "/opt/hostedtoolcache/Python/3.12.12/x64/lib/python3.12/site-packages/galaxy/tool_util/verify/interactor.py", line 399, in wait_for_job
    self.wait_for(lambda: self.__job_ready(job_id, history_id), maxseconds=maxseconds)
  File "/opt/hostedtoolcache/Python/3.12.12/x64/lib/python3.12/site-packages/galaxy/tool_util/verify/interactor.py", line 403, in wait_for
    wait_on(func, what, walltime_exceeded)
  File "/opt/hostedtoolcache/Python/3.12.12/x64/lib/python3.12/site-packages/galaxy/tool_util/verify/wait.py", line 38, in wait_on
    value = function()
            ^^^^^^^^^^
  File "/opt/hostedtoolcache/Python/3.12.12/x64/lib/python3.12/site-packages/galaxy/tool_util/verify/interactor.py", line 399, in <lambda>
    self.wait_for(lambda: self.__job_ready(job_id, history_id), maxseconds=maxseconds)
                          ^^^^^^^^^^^^^^^^^^^^^^^^^^^^^^^^^^^^
  File "/opt/hostedtoolcache/Python/3.12.12/x64/lib/python3.12/site-packages/galaxy/tool_util/verify/interactor.py", line 749, in __job_ready
    return self._state_ready(job_id, error_msg="Job in error state.")
           ^^^^^^^^^^^^^^^^^^^^^^^^^^^^^^^^^^^^^^^^^^^^^^^^^^^^^^^^^^
  File "/opt/hostedtoolcache/Python/3.12.12/x64/lib/python3.12/site-packages/galaxy/tool_util/verify/interactor.py", line 841, in _state_ready
    raise Exception(
Exception: Job in error state.. tool_id: __DATA_FETCH__, exit_code: None, stderr: .
"><![CDATA[
                { "execution_problem": "Input staging problem: Traceback (most recent call last):\n  File \"/opt/hostedtoolcache/Python/3.12.12/x64/lib/python3.12/site-packages/galaxy/tool_util/verify/interactor.py\", line 1436, in verify_tool\n    stage_data_in_history(\n  File \"/opt/hostedtoolcache/Python/3.12.12/x64/lib/python3.12/site-packages/galaxy/tool_util/verify/interactor.py\", line 175, in stage_data_in_history\n    staging_interface.handle_jobs()\n  File \"/opt/hostedtoolcache/Python/3.12.12/x64/lib/python3.12/site-packages/galaxy/tool_util/verify/interactor.py\", line 212, in handle_jobs\n    self.galaxy_interactor.wait_for_job(job_response[\"id\"], job_response[\"history_id\"], self.maxseconds)\n  File \"/opt/hostedtoolcache/Python/3.12.12/x64/lib/python3.12/site-packages/galaxy/tool_util/verify/interactor.py\", line 399, in wait_for_job\n    self.wait_for(lambda: self.__job_ready(job_id, history_id), maxseconds=maxseconds)\n  File \"/opt/hostedtoolcache/Python/3.12.12/x64/lib/python3.12/site-packages/galaxy/tool_util/verify/interactor.py\", line 403, in wait_for\n    wait_on(func, what, walltime_exceeded)\n  File \"/opt/hostedtoolcache/Python/3.12.12/x64/lib/python3.12/site-packages/galaxy/tool_util/verify/wait.py\", line 38, in wait_on\n    value = function()\n            ^^^^^^^^^^\n  File \"/opt/hostedtoolcache/Python/3.12.12/x64/lib/python3.12/site-packages/galaxy/tool_util/verify/interactor.py\", line 399, in \u003clambda\u003e\n    self.wait_for(lambda: self.__job_ready(job_id, history_id), maxseconds=maxseconds)\n                          ^^^^^^^^^^^^^^^^^^^^^^^^^^^^^^^^^^^^\n  File \"/opt/hostedtoolcache/Python/3.12.12/x64/lib/python3.12/site-packages/galaxy/tool_util/verify/interactor.py\", line 749, in __job_ready\n    return self._state_ready(job_id, error_msg=\"Job in error state.\")\n           ^^^^^^^^^^^^^^^^^^^^^^^^^^^^^^^^^^^^^^^^^^^^^^^^^^^^^^^^^^\n  File \"/opt/hostedtoolcache/Python/3.12.12/x64/lib/python3.12/site-packages/galaxy/tool_util/verify/interactor.py\", line 841, in _state_ready\n    raise Exception(\nException: Job in error state.. tool_id: __DATA_FETCH__, exit_code: None, stderr: .\n", "status": "error", "test_index": 1, "time_seconds": 21.71528720855713, "tool_id": "sailfish", "tool_version": "0.10.1.1"}
            ]]></error>
        
    </testcase>
    
    <testcase classname="sailfish (Test #3)" name="2" time="40.68345284461975">
        
            
            <system-out><![CDATA[
            
            ]]></system-out>
            <system-err><![CDATA[
            Version Info: Could not resolve upgrade information in the alotted time.Check for upgrades manually at www.cs.cmu.edu/~ckingsf/sailfish.writing log to ./index_dir/logs/sailfish_index.logRapMap Indexer[Step 1 of 4] : counting k-mersElapsed time: 0.00105537sReplaced 0 non-ATCG nucleotidesClipped poly-A tails from 0 transcriptsBuilding rank-select dictionary and saving to disk doneElapsed time: 4.609e-05sWriting sequence data to file . . . doneElapsed time: 6.168e-05s[info] Building 32-bit suffix array (length of generalized text is 28577)Building suffix array . . . successsaving to disk . . . doneElapsed time: 0.00011181sdoneElapsed time: 0.00786301sprocessed 0 positionskhash had 18955 keyssaving hash to disk . . . doneElapsed time: 0.00121684sVersion Info: Could not resolve upgrade information in the alotted time.Check for upgrades manually at www.cs.cmu.edu/~ckingsf/sailfish.# sailfish (quasi-mapping-based) v0.9.2# [ program ] => sailfish # [ command ] => quant # [ index ] => { ./index_dir }# [ mates1 ] => { ./mate1.fastq }# [ mates2 ] => { ./mate2.fastq }# [ libType ] => { IU }# [ output ] => { ./results }# [ biasCorrect ] => { }# [ threads ] => { 8 }# [ gcSizeSamp ] => { 1 }# [ gcSpeedSamp ] => { 1 }# [ fldMean ] => { 200 }# [ fldSD ] => { 80 }# [ maxReadOcc ] => { 200 }# [ maxFragLen ] => { 1000 }# [ txpAggregationKey ] => { gene_id }# [ numBiasSamples ] => { 1000000 }# [ numFragSamples ] => { 10000 }# [ numGibbsSamples ] => { 0 }# [ numBootstraps ] => { 0 }Logs will be written to ./results/logs[2025-11-18 01:12:02.246] [jointLog] [info] parsing read library formatthere is 1 libLoading 32-bit quasi indexIndex contained 15 targetsLoaded targets[2025-11-18 01:12:02.303] [jointLog] [info] Loading Quasi index[2025-11-18 01:12:02.306] [jointLog] [info] done[2025-11-18 01:12:02.326] [jointLog] [info] Gathered fragment lengths from all threads[2025-11-18 01:12:02.326] [jointLog] [warning] Sailfish saw fewer then 10000 uniquely mapped reads so 200 will be used as the mean fragment length and 80 as the standard deviation for effective length correction[2025-11-18 01:12:02.327] [jointLog] [info] Estimating effective lengthsDone Quasi-Mapping [2025-11-18 01:12:02.335] [jointLog] [info] Computed 21 rich equivalence classes for further processing[2025-11-18 01:12:02.335] [jointLog] [info] Counted 10000 total reads in the equivalence classes [2025-11-18 01:12:02.335] [jointLog] [info] Starting optimizer:[2025-11-18 01:12:02.336] [jointLog] [info] Optimizing over 21 equivalence classes[2025-11-18 01:12:02.336] [jointLog] [info] iteration = 0 | max rel diff. = 14.873[2025-11-18 01:12:02.336] [jointLog] [info] iteration 50, recomputing effective lengths[2025-11-18 01:12:02.337] [jointLog] [info] iteration = 63 | max rel diff. = 0.00199953[2025-11-18 01:12:02.337] [jointLog] [info] Finished optimizer[2025-11-18 01:12:02.337] [jointLog] [info] writing output [2025-11-18 01:12:02.304] [stderrLog] [info] Loading Suffix Array [2025-11-18 01:12:02.305] [stderrLog] [info] Loading Position Hash[2025-11-18 01:12:02.305] [stderrLog] [info] Loading Transcript Info [2025-11-18 01:12:02.306] [stderrLog] [info] Loading Rank-Select Bit Array[2025-11-18 01:12:02.306] [stderrLog] [info] There were 15 set bits in the bit array[2025-11-18 01:12:02.306] [stderrLog] [info] Computing transcript lengths[2025-11-18 01:12:02.306] [stderrLog] [info] Waiting to finish loading hash[2025-11-18 01:12:02.306] [stderrLog] [info] Done loading index
            ]]></system-err>
        
    </testcase>
    
    <testcase classname="sailfish (Test #4)" name="3" time="36.81697726249695">
        
            
                <error type="error" message="Tool exit code: None"><![CDATA[
                    { "inputs": {  "biasCorrect": true,  "geneMap": {   "id": "c00ee13383f08e30",   "src": "hda"  },  "refTranscriptSource|TranscriptSource": "history",  "refTranscriptSource|ownFile": {   "id": "dd9584db2096a2c4",   "src": "hda"  },  "single_or_paired|input_mate1": {   "id": "0e621177fd16599e",   "src": "hda"  },  "single_or_paired|input_mate2": {   "id": "0c9425bd5fe6e24c",   "src": "hda"  },  "single_or_paired|single_or_paired_opts": "paired" }, "job": {  "command_line": "sailfish index --transcripts /galaxy/server/database/objects/d/8/4/dataset_d84d891f-5c58-4743-ba48-a9fa4843f8e6.dat --kmerSize 21 --out ./index_dir --threads \"${GALAXY_SLOTS:-4}\" \u0026\u0026 ln -s /galaxy/server/database/objects/d/1/5/dataset_d15a62f4-ca05-4696-aedf-43badd1b1a49.dat ./mate1.fastq \u0026\u0026 ln -s /galaxy/server/database/objects/1/4/a/dataset_14ac4ce1-8776-45bc-a51f-fcd55e225c8c.dat ./mate2.fastq \u0026\u0026 ln -s \"/galaxy/server/database/objects/4/c/b/dataset_4cbaf71c-ccc8-4ecc-b79d-be4beef1bcc9.dat\" ./geneMap.tabular \u0026\u0026 sailfish quant --index ./index_dir --mates1 ./mate1.fastq --mates2 ./mate2.fastq --libType \"IU\" --output ./results --biasCorrect  --threads \"${GALAXY_SLOTS:-4}\"  --gcSizeSamp 1 --gcSpeedSamp 1 --fldMean 200 --fldSD 80 --maxReadOcc 200 --geneMap ./geneMap.tabular      --maxFragLen 1000 --txpAggregationKey \u0027gene_id\u0027    --numBiasSamples 1000000 --numFragSamples 10000 --numGibbsSamples 0 --numBootstraps 0",  "command_version": null,  "copied_from_job_id": null,  "create_time": "2025-11-18T01:12:43.758273",  "dependencies": [],  "exit_code": null,  "external_id": "gxy-p5vdk",  "galaxy_version": "24.1",  "handler": null,  "history_id": "ce577b0903c0060c",  "id": "0e621177fd16599e",  "inputs": {   "geneMap": {    "id": "c00ee13383f08e30",    "src": "hda",    "uuid": "4cbaf71c-ccc8-4ecc-b79d-be4beef1bcc9"   },   "refTranscriptSource|ownFile": {    "id": "dd9584db2096a2c4",    "src": "hda",    "uuid": "d84d891f-5c58-4743-ba48-a9fa4843f8e6"   },   "single_or_paired|input_mate1": {    "id": "0e621177fd16599e",    "src": "hda",    "uuid": "d15a62f4-ca05-4696-aedf-43badd1b1a49"   },   "single_or_paired|input_mate2": {    "id": "0c9425bd5fe6e24c",    "src": "hda",    "uuid": "14ac4ce1-8776-45bc-a51f-fcd55e225c8c"   }  },  "job_messages": null,  "job_metrics": [],  "job_runner_name": null,  "job_stderr": null,  "job_stdout": null,  "model_class": "Job",  "output_collections": {},  "outputs": {   "output_gene_quant": {    "id": "05c6a2338d5faad8",    "src": "hda",    "uuid": "d47dc6e4-0f3e-4d13-9a99-778e6d1340ad"   },   "output_quant": {    "id": "607002755bff0f6e",    "src": "hda",    "uuid": "09802c8d-3993-451e-a726-bba0dd5b3a0e"   }  },  "params": {   "__input_ext": "\"fasta\"",   "allowDovetail": "false",   "biasCorrect": "true",   "chromInfo": "\"/cvmfs/data.galaxyproject.org/managed/len/ucsc/?.len\"",   "dbkey": "\"?\"",   "discardOrphans": "false",   "dumpEq": "false",   "enforceLibCompat": "false",   "fldMean": "\"200\"",   "fldSD": "\"80\"",   "gcBiasCorrect": "false",   "gcSizeSamp": "\"1\"",   "gcSpeedSamp": "\"1\"",   "ignoreLibCompat": "false",   "maxFragLen": "\"1000\"",   "maxReadOcc": "\"200\"",   "noEffectiveLengthCorrection": "false",   "numBiasSamples": "\"1000000\"",   "numBootstraps": "\"0\"",   "numFragSamples": "\"10000\"",   "numGibbsSamples": "\"0\"",   "refTranscriptSource": "{\"TranscriptSource\": \"history\", \"__current_case__\": 1, \"kmerSize\": \"21\", \"ownFile\": {\"values\": [{\"id\": 68, \"src\": \"hda\"}]}}",   "single_or_paired": "{\"__current_case__\": 1, \"input_mate1\": {\"values\": [{\"id\": 69, \"src\": \"hda\"}]}, \"input_mate2\": {\"values\": [{\"id\": 70, \"src\": \"hda\"}]}, \"orientation\": \"I\", \"single_or_paired_opts\": \"paired\", \"strandedness\": \"U\"}",   "strictIntersect": "false",   "txpAggregationKey": "\"gene_id\"",   "unsmoothedFLD": "false",   "useVBOpt": "false"  },  "state": "error",  "stderr": "Version Info: Could not resolve upgrade information in the alotted time.\nCheck for upgrades manually at www.cs.cmu.edu/~ckingsf/sailfish.\nwriting log to ./index_dir/logs/sailfish_index.log\nRapMap Indexer\n\n[Step 1 of 4] : counting k-mers\nElapsed time: 0.00089006s\n\nReplaced 0 non-ATCG nucleotides\nClipped poly-A tails from 0 transcripts\nBuilding rank-select dictionary and saving to disk done\nElapsed time: 1.367e-05s\nWriting sequence data to file . . . done\nElapsed time: 0.00011085s\n[info] Building 32-bit suffix array (length of generalized text is 28577)\nBuilding suffix array . . . success\nsaving to disk . . . done\nElapsed time: 0.00013445s\ndone\nElapsed time: 0.00846215s\n\r\rprocessed 0 positions\nkhash had 18955 keys\nsaving hash to disk . . . done\nElapsed time: 0.00099664s\nVersion Info: Could not resolve upgrade information in the alotted time.\nCheck for upgrades manually at www.cs.cmu.edu/~ckingsf/sailfish.\n# sailfish (quasi-mapping-based) v0.9.2\n# [ program ] =\u003e sailfish \n# [ command ] =\u003e quant \n# [ index ] =\u003e { ./index_dir }\n# [ mates1 ] =\u003e { ./mate1.fastq }\n# [ mates2 ] =\u003e { ./mate2.fastq }\n# [ libType ] =\u003e { IU }\n# [ output ] =\u003e { ./results }\n# [ biasCorrect ] =\u003e { }\n# [ threads ] =\u003e { 8 }\n# [ gcSizeSamp ] =\u003e { 1 }\n# [ gcSpeedSamp ] =\u003e { 1 }\n# [ fldMean ] =\u003e { 200 }\n# [ fldSD ] =\u003e { 80 }\n# [ maxReadOcc ] =\u003e { 200 }\n# [ geneMap ] =\u003e { ./geneMap.tabular }\n# [ maxFragLen ] =\u003e { 1000 }\n# [ txpAggregationKey ] =\u003e { gene_id }\n# [ numBiasSamples ] =\u003e { 1000000 }\n# [ numFragSamples ] =\u003e { 10000 }\n# [ numGibbsSamples ] =\u003e { 0 }\n# [ numBootstraps ] =\u003e { 0 }\nLogs will be written to ./results/logs\n[2025-11-18 01:12:46.485] [jointLog] [info] parsing read library format\nthere is 1 lib\nLoading 32-bit quasi indexIndex contained 15 targets\nLoaded targets\n\n\n[2025-11-18 01:12:46.543] [jointLog] [info] Loading Quasi index\n[2025-11-18 01:12:46.547] [jointLog] [info] done\n\n[2025-11-18 01:12:46.567] [jointLog] [info] Gathered fragment lengths from all threads\n[2025-11-18 01:12:46.567] [jointLog] [warning] Sailfish saw fewer then 10000 uniquely mapped reads so 200 will be used as the mean fragment length and 80 as the standard deviation for effective length correction\n[2025-11-18 01:12:46.568] [jointLog] [info] Estimating effective lengths\nDone Quasi-Mapping \n\n[2025-11-18 01:12:46.577] [jointLog] [info] Computed 21 rich equivalence classes for further processing\n[2025-11-18 01:12:46.577] [jointLog] [info] Counted 10000 total reads in the equivalence classes \n[2025-11-18 01:12:46.577] [jointLog] [info] Starting optimizer:\n\n[2025-11-18 01:12:46.577] [jointLog] [info] Optimizing over 21 equivalence classes\n[2025-11-18 01:12:46.577] [jointLog] [info] iteration = 0 | max rel diff. = 14.873\n[2025-11-18 01:12:46.577] [jointLog] [info] iteration 50, recomputing effective lengths\n[2025-11-18 01:12:46.579] [jointLog] [info] iteration = 63 | max rel diff. = 0.00199953\n[2025-11-18 01:12:46.579] [jointLog] [info] Finished optimizer\n[2025-11-18 01:12:46.579] [jointLog] [info] writing output \n\n[2025-11-18 01:12:46.544] [stderrLog] [info] Loading Suffix Array \n[2025-11-18 01:12:46.545] [stderrLog] [info] Loading Position Hash\n[2025-11-18 01:12:46.545] [stderrLog] [info] Loading Transcript Info \n[2025-11-18 01:12:46.546] [stderrLog] [info] Loading Rank-Select Bit Array\n[2025-11-18 01:12:46.546] [stderrLog] [info] There were 15 set bits in the bit array\n[2025-11-18 01:12:46.546] [stderrLog] [info] Computing transcript lengths\n[2025-11-18 01:12:46.546] [stderrLog] [info] Waiting to finish loading hash\n[2025-11-18 01:12:46.547] [stderrLog] [info] Done loading index\nComputing gene-level abundance estimates\nThere were 3 transcripts mapping to 3 genes\nWARNING: couldn\u0027t find transcript named [NR_031764]; returning transcript  as it\u0027s own gene\n\ndone\nAggregating expressions to gene level . . . done\n",  "stdout": "",  "tool_id": "toolshed.g2.bx.psu.edu/repos/bgruening/sailfish/sailfish/0.10.1.1",  "tool_stderr": "Version Info: Could not resolve upgrade information in the alotted time.\nCheck for upgrades manually at www.cs.cmu.edu/~ckingsf/sailfish.\nwriting log to ./index_dir/logs/sailfish_index.log\nRapMap Indexer\n\n[Step 1 of 4] : counting k-mers\nElapsed time: 0.00089006s\n\nReplaced 0 non-ATCG nucleotides\nClipped poly-A tails from 0 transcripts\nBuilding rank-select dictionary and saving to disk done\nElapsed time: 1.367e-05s\nWriting sequence data to file . . . done\nElapsed time: 0.00011085s\n[info] Building 32-bit suffix array (length of generalized text is 28577)\nBuilding suffix array . . . success\nsaving to disk . . . done\nElapsed time: 0.00013445s\ndone\nElapsed time: 0.00846215s\n\r\rprocessed 0 positions\nkhash had 18955 keys\nsaving hash to disk . . . done\nElapsed time: 0.00099664s\nVersion Info: Could not resolve upgrade information in the alotted time.\nCheck for upgrades manually at www.cs.cmu.edu/~ckingsf/sailfish.\n# sailfish (quasi-mapping-based) v0.9.2\n# [ program ] =\u003e sailfish \n# [ command ] =\u003e quant \n# [ index ] =\u003e { ./index_dir }\n# [ mates1 ] =\u003e { ./mate1.fastq }\n# [ mates2 ] =\u003e { ./mate2.fastq }\n# [ libType ] =\u003e { IU }\n# [ output ] =\u003e { ./results }\n# [ biasCorrect ] =\u003e { }\n# [ threads ] =\u003e { 8 }\n# [ gcSizeSamp ] =\u003e { 1 }\n# [ gcSpeedSamp ] =\u003e { 1 }\n# [ fldMean ] =\u003e { 200 }\n# [ fldSD ] =\u003e { 80 }\n# [ maxReadOcc ] =\u003e { 200 }\n# [ geneMap ] =\u003e { ./geneMap.tabular }\n# [ maxFragLen ] =\u003e { 1000 }\n# [ txpAggregationKey ] =\u003e { gene_id }\n# [ numBiasSamples ] =\u003e { 1000000 }\n# [ numFragSamples ] =\u003e { 10000 }\n# [ numGibbsSamples ] =\u003e { 0 }\n# [ numBootstraps ] =\u003e { 0 }\nLogs will be written to ./results/logs\n[2025-11-18 01:12:46.485] [jointLog] [info] parsing read library format\nthere is 1 lib\nLoading 32-bit quasi indexIndex contained 15 targets\nLoaded targets\n\n\n[2025-11-18 01:12:46.543] [jointLog] [info] Loading Quasi index\n[2025-11-18 01:12:46.547] [jointLog] [info] done\n\n[2025-11-18 01:12:46.567] [jointLog] [info] Gathered fragment lengths from all threads\n[2025-11-18 01:12:46.567] [jointLog] [warning] Sailfish saw fewer then 10000 uniquely mapped reads so 200 will be used as the mean fragment length and 80 as the standard deviation for effective length correction\n[2025-11-18 01:12:46.568] [jointLog] [info] Estimating effective lengths\nDone Quasi-Mapping \n\n[2025-11-18 01:12:46.577] [jointLog] [info] Computed 21 rich equivalence classes for further processing\n[2025-11-18 01:12:46.577] [jointLog] [info] Counted 10000 total reads in the equivalence classes \n[2025-11-18 01:12:46.577] [jointLog] [info] Starting optimizer:\n\n[2025-11-18 01:12:46.577] [jointLog] [info] Optimizing over 21 equivalence classes\n[2025-11-18 01:12:46.577] [jointLog] [info] iteration = 0 | max rel diff. = 14.873\n[2025-11-18 01:12:46.577] [jointLog] [info] iteration 50, recomputing effective lengths\n[2025-11-18 01:12:46.579] [jointLog] [info] iteration = 63 | max rel diff. = 0.00199953\n[2025-11-18 01:12:46.579] [jointLog] [info] Finished optimizer\n[2025-11-18 01:12:46.579] [jointLog] [info] writing output \n\n[2025-11-18 01:12:46.544] [stderrLog] [info] Loading Suffix Array \n[2025-11-18 01:12:46.545] [stderrLog] [info] Loading Position Hash\n[2025-11-18 01:12:46.545] [stderrLog] [info] Loading Transcript Info \n[2025-11-18 01:12:46.546] [stderrLog] [info] Loading Rank-Select Bit Array\n[2025-11-18 01:12:46.546] [stderrLog] [info] There were 15 set bits in the bit array\n[2025-11-18 01:12:46.546] [stderrLog] [info] Computing transcript lengths\n[2025-11-18 01:12:46.546] [stderrLog] [info] Waiting to finish loading hash\n[2025-11-18 01:12:46.547] [stderrLog] [info] Done loading index\nComputing gene-level abundance estimates\nThere were 3 transcripts mapping to 3 genes\nWARNING: couldn\u0027t find transcript named [NR_031764]; returning transcript  as it\u0027s own gene\n\ndone\nAggregating expressions to gene level . . . done\n",  "tool_stdout": "",  "update_time": "2025-11-18T01:12:49.898427",  "user_email": "tests@fake.org" }, "output_problems": [  "Job in error state.. tool_id: toolshed.g2.bx.psu.edu/repos/bgruening/sailfish/sailfish/0.10.1.1, exit_code: None, stderr: Version Info: Could not resolve upgrade information in the alotted time.\nCheck for upgrades manually at www.cs.cmu.edu/~ckingsf/sailfish.\nwriting log to ./index_dir/logs/sailfish_index.log\nRapMap Indexer\n\n[Step 1 of 4] : counting k-mers\nElapsed time: 0.00089006s\n\nReplaced 0 non-ATCG nucleotides\nClipped poly-A tails from 0 transcripts\nBuilding rank-select dictionary and saving to disk done\nElapsed time: 1.367e-05s\nWriting sequence data to file . . . done\nElapsed time: 0.00011085s\n[info] Building 32-bit suffix array (length of generalized text is 28577)\nBuilding suffix array . . . success\nsaving to disk . . . done\nElapsed time: 0.00013445s\ndone\nElapsed time: 0.00846215s\n\r\rprocessed 0 positions\nkhash had 18955 keys\nsaving hash to disk . . . done\nElapsed time: 0.00099664s\nVersion Info: Could not resolve upgrade information in the alotted time.\nCheck for upgrades manually at www.cs.cmu.edu/~ckingsf/sailfish.\n# sailfish (quasi-mapping-based) v0.9.2\n# [ program ] =\u003e sailfish \n# [ command ] =\u003e quant \n# [ index ] =\u003e { ./index_dir }\n# [ mates1 ] =\u003e { ./mate1.fastq }\n# [ mates2 ] =\u003e { ./mate2.fastq }\n# [ libType ] =\u003e { IU }\n# [ output ] =\u003e { ./results }\n# [ biasCorrect ] =\u003e { }\n# [ threads ] =\u003e { 8 }\n# [ gcSizeSamp ] =\u003e { 1 }\n# [ gcSpeedSamp ] =\u003e { 1 }\n# [ fldMean ] =\u003e { 200 }\n# [ fldSD ] =\u003e { 80 }\n# [ maxReadOcc ] =\u003e { 200 }\n# [ geneMap ] =\u003e { ./geneMap.tabular }\n# [ maxFragLen ] =\u003e { 1000 }\n# [ txpAggregationKey ] =\u003e { gene_id }\n# [ numBiasSamples ] =\u003e { 1000000 }\n# [ numFragSamples ] =\u003e { 10000 }\n# [ numGibbsSamples ] =\u003e { 0 }\n# [ numBootstraps ] =\u003e { 0 }\nLogs will be written to ./results/logs\n[2025-11-18 01:12:46.485] [jointLog] [info] parsing read library format\nthere is 1 lib\nLoading 32-bit quasi indexIndex contained 15 targets\nLoaded targets\n\n\n[2025-11-18 01:12:46.543] [jointLog] [info] Loading Quasi index\n[2025-11-18 01:12:46.547] [jointLog] [info] done\n\n[2025-11-18 01:12:46.567] [jointLog] [info] Gathered fragment lengths from all threads\n[2025-11-18 01:12:46.567] [jointLog] [warning] Sailfish saw fewer then 10000 uniquely mapped reads so 200 will be used as the mean fragment length and 80 as the standard deviation for effective length correction\n[2025-11-18 01:12:46.568] [jointLog] [info] Estimating effective lengths\nDone Quasi-Mapping \n\n[2025-11-18 01:12:46.577] [jointLog] [info] Computed 21 rich equivalence classes for further processing\n[2025-11-18 01:12:46.577] [jointLog] [info] Counted 10000 total reads in the equivalence classes \n[2025-11-18 01:12:46.577] [jointLog] [info] Starting optimizer:\n\n[2025-11-18 01:12:46.577] [jointLog] [info] Optimizing over 21 equivalence classes\n[2025-11-18 01:12:46.577] [jointLog] [info] iteration = 0 | max rel diff. = 14.873\n[2025-11-18 01:12:46.577] [jointLog] [info] iteration 50, recomputing effective lengths\n[2025-11-18 01:12:46.579] [jointLog] [info] iteration = 63 | max rel diff. = 0.00199953\n[2025-11-18 01:12:46.579] [jointLog] [info] Finished optimizer\n[2025-11-18 01:12:46.579] [jointLog] [info] writing output \n\n[2025-11-18 01:12:46.544] [stderrLog] [info] Loading Suffix Array \n[2025-11-18 01:12:46.545] [stderrLog] [info] Loading Position Hash\n[2025-11-18 01:12:46.545] [stderrLog] [info] Loading Transcript Info \n[2025-11-18 01:12:46.546] [stderrLog] [info] Loading Rank-Select Bit Array\n[2025-11-18 01:12:46.546] [stderrLog] [info] There were 15 set bits in the bit array\n[2025-11-18 01:12:46.546] [stderrLog] [info] Computing transcript lengths\n[2025-11-18 01:12:46.546] [stderrLog] [info] Waiting to finish loading hash\n[2025-11-18 01:12:46.547] [stderrLog] [info] Done loading index\nComputing gene-level abundance estimates\nThere were 3 transcripts mapping to 3 genes\nWARNING: couldn\u0027t find transcript named [NR_031764]; returning transcript  as it\u0027s own gene\n\ndone\nAggregating expressions to gene level . . . done\n.",  "Job in error state.. tool_id: toolshed.g2.bx.psu.edu/repos/bgruening/sailfish/sailfish/0.10.1.1, exit_code: None, stderr: Version Info: Could not resolve upgrade information in the alotted time.\nCheck for upgrades manually at www.cs.cmu.edu/~ckingsf/sailfish.\nwriting log to ./index_dir/logs/sailfish_index.log\nRapMap Indexer\n\n[Step 1 of 4] : counting k-mers\nElapsed time: 0.00089006s\n\nReplaced 0 non-ATCG nucleotides\nClipped poly-A tails from 0 transcripts\nBuilding rank-select dictionary and saving to disk done\nElapsed time: 1.367e-05s\nWriting sequence data to file . . . done\nElapsed time: 0.00011085s\n[info] Building 32-bit suffix array (length of generalized text is 28577)\nBuilding suffix array . . . success\nsaving to disk . . . done\nElapsed time: 0.00013445s\ndone\nElapsed time: 0.00846215s\n\r\rprocessed 0 positions\nkhash had 18955 keys\nsaving hash to disk . . . done\nElapsed time: 0.00099664s\nVersion Info: Could not resolve upgrade information in the alotted time.\nCheck for upgrades manually at www.cs.cmu.edu/~ckingsf/sailfish.\n# sailfish (quasi-mapping-based) v0.9.2\n# [ program ] =\u003e sailfish \n# [ command ] =\u003e quant \n# [ index ] =\u003e { ./index_dir }\n# [ mates1 ] =\u003e { ./mate1.fastq }\n# [ mates2 ] =\u003e { ./mate2.fastq }\n# [ libType ] =\u003e { IU }\n# [ output ] =\u003e { ./results }\n# [ biasCorrect ] =\u003e { }\n# [ threads ] =\u003e { 8 }\n# [ gcSizeSamp ] =\u003e { 1 }\n# [ gcSpeedSamp ] =\u003e { 1 }\n# [ fldMean ] =\u003e { 200 }\n# [ fldSD ] =\u003e { 80 }\n# [ maxReadOcc ] =\u003e { 200 }\n# [ geneMap ] =\u003e { ./geneMap.tabular }\n# [ maxFragLen ] =\u003e { 1000 }\n# [ txpAggregationKey ] =\u003e { gene_id }\n# [ numBiasSamples ] =\u003e { 1000000 }\n# [ numFragSamples ] =\u003e { 10000 }\n# [ numGibbsSamples ] =\u003e { 0 }\n# [ numBootstraps ] =\u003e { 0 }\nLogs will be written to ./results/logs\n[2025-11-18 01:12:46.485] [jointLog] [info] parsing read library format\nthere is 1 lib\nLoading 32-bit quasi indexIndex contained 15 targets\nLoaded targets\n\n\n[2025-11-18 01:12:46.543] [jointLog] [info] Loading Quasi index\n[2025-11-18 01:12:46.547] [jointLog] [info] done\n\n[2025-11-18 01:12:46.567] [jointLog] [info] Gathered fragment lengths from all threads\n[2025-11-18 01:12:46.567] [jointLog] [warning] Sailfish saw fewer then 10000 uniquely mapped reads so 200 will be used as the mean fragment length and 80 as the standard deviation for effective length correction\n[2025-11-18 01:12:46.568] [jointLog] [info] Estimating effective lengths\nDone Quasi-Mapping \n\n[2025-11-18 01:12:46.577] [jointLog] [info] Computed 21 rich equivalence classes for further processing\n[2025-11-18 01:12:46.577] [jointLog] [info] Counted 10000 total reads in the equivalence classes \n[2025-11-18 01:12:46.577] [jointLog] [info] Starting optimizer:\n\n[2025-11-18 01:12:46.577] [jointLog] [info] Optimizing over 21 equivalence classes\n[2025-11-18 01:12:46.577] [jointLog] [info] iteration = 0 | max rel diff. = 14.873\n[2025-11-18 01:12:46.577] [jointLog] [info] iteration 50, recomputing effective lengths\n[2025-11-18 01:12:46.579] [jointLog] [info] iteration = 63 | max rel diff. = 0.00199953\n[2025-11-18 01:12:46.579] [jointLog] [info] Finished optimizer\n[2025-11-18 01:12:46.579] [jointLog] [info] writing output \n\n[2025-11-18 01:12:46.544] [stderrLog] [info] Loading Suffix Array \n[2025-11-18 01:12:46.545] [stderrLog] [info] Loading Position Hash\n[2025-11-18 01:12:46.545] [stderrLog] [info] Loading Transcript Info \n[2025-11-18 01:12:46.546] [stderrLog] [info] Loading Rank-Select Bit Array\n[2025-11-18 01:12:46.546] [stderrLog] [info] There were 15 set bits in the bit array\n[2025-11-18 01:12:46.546] [stderrLog] [info] Computing transcript lengths\n[2025-11-18 01:12:46.546] [stderrLog] [info] Waiting to finish loading hash\n[2025-11-18 01:12:46.547] [stderrLog] [info] Done loading index\nComputing gene-level abundance estimates\nThere were 3 transcripts mapping to 3 genes\nWARNING: couldn\u0027t find transcript named [NR_031764]; returning transcript  as it\u0027s own gene\n\ndone\nAggregating expressions to gene level . . . done\n.",  "Job in error state.. tool_id: toolshed.g2.bx.psu.edu/repos/bgruening/sailfish/sailfish/0.10.1.1, exit_code: None, stderr: Version Info: Could not resolve upgrade information in the alotted time.\nCheck for upgrades manually at www.cs.cmu.edu/~ckingsf/sailfish.\nwriting log to ./index_dir/logs/sailfish_index.log\nRapMap Indexer\n\n[Step 1 of 4] : counting k-mers\nElapsed time: 0.00089006s\n\nReplaced 0 non-ATCG nucleotides\nClipped poly-A tails from 0 transcripts\nBuilding rank-select dictionary and saving to disk done\nElapsed time: 1.367e-05s\nWriting sequence data to file . . . done\nElapsed time: 0.00011085s\n[info] Building 32-bit suffix array (length of generalized text is 28577)\nBuilding suffix array . . . success\nsaving to disk . . . done\nElapsed time: 0.00013445s\ndone\nElapsed time: 0.00846215s\n\r\rprocessed 0 positions\nkhash had 18955 keys\nsaving hash to disk . . . done\nElapsed time: 0.00099664s\nVersion Info: Could not resolve upgrade information in the alotted time.\nCheck for upgrades manually at www.cs.cmu.edu/~ckingsf/sailfish.\n# sailfish (quasi-mapping-based) v0.9.2\n# [ program ] =\u003e sailfish \n# [ command ] =\u003e quant \n# [ index ] =\u003e { ./index_dir }\n# [ mates1 ] =\u003e { ./mate1.fastq }\n# [ mates2 ] =\u003e { ./mate2.fastq }\n# [ libType ] =\u003e { IU }\n# [ output ] =\u003e { ./results }\n# [ biasCorrect ] =\u003e { }\n# [ threads ] =\u003e { 8 }\n# [ gcSizeSamp ] =\u003e { 1 }\n# [ gcSpeedSamp ] =\u003e { 1 }\n# [ fldMean ] =\u003e { 200 }\n# [ fldSD ] =\u003e { 80 }\n# [ maxReadOcc ] =\u003e { 200 }\n# [ geneMap ] =\u003e { ./geneMap.tabular }\n# [ maxFragLen ] =\u003e { 1000 }\n# [ txpAggregationKey ] =\u003e { gene_id }\n# [ numBiasSamples ] =\u003e { 1000000 }\n# [ numFragSamples ] =\u003e { 10000 }\n# [ numGibbsSamples ] =\u003e { 0 }\n# [ numBootstraps ] =\u003e { 0 }\nLogs will be written to ./results/logs\n[2025-11-18 01:12:46.485] [jointLog] [info] parsing read library format\nthere is 1 lib\nLoading 32-bit quasi indexIndex contained 15 targets\nLoaded targets\n\n\n[2025-11-18 01:12:46.543] [jointLog] [info] Loading Quasi index\n[2025-11-18 01:12:46.547] [jointLog] [info] done\n\n[2025-11-18 01:12:46.567] [jointLog] [info] Gathered fragment lengths from all threads\n[2025-11-18 01:12:46.567] [jointLog] [warning] Sailfish saw fewer then 10000 uniquely mapped reads so 200 will be used as the mean fragment length and 80 as the standard deviation for effective length correction\n[2025-11-18 01:12:46.568] [jointLog] [info] Estimating effective lengths\nDone Quasi-Mapping \n\n[2025-11-18 01:12:46.577] [jointLog] [info] Computed 21 rich equivalence classes for further processing\n[2025-11-18 01:12:46.577] [jointLog] [info] Counted 10000 total reads in the equivalence classes \n[2025-11-18 01:12:46.577] [jointLog] [info] Starting optimizer:\n\n[2025-11-18 01:12:46.577] [jointLog] [info] Optimizing over 21 equivalence classes\n[2025-11-18 01:12:46.577] [jointLog] [info] iteration = 0 | max rel diff. = 14.873\n[2025-11-18 01:12:46.577] [jointLog] [info] iteration 50, recomputing effective lengths\n[2025-11-18 01:12:46.579] [jointLog] [info] iteration = 63 | max rel diff. = 0.00199953\n[2025-11-18 01:12:46.579] [jointLog] [info] Finished optimizer\n[2025-11-18 01:12:46.579] [jointLog] [info] writing output \n\n[2025-11-18 01:12:46.544] [stderrLog] [info] Loading Suffix Array \n[2025-11-18 01:12:46.545] [stderrLog] [info] Loading Position Hash\n[2025-11-18 01:12:46.545] [stderrLog] [info] Loading Transcript Info \n[2025-11-18 01:12:46.546] [stderrLog] [info] Loading Rank-Select Bit Array\n[2025-11-18 01:12:46.546] [stderrLog] [info] There were 15 set bits in the bit array\n[2025-11-18 01:12:46.546] [stderrLog] [info] Computing transcript lengths\n[2025-11-18 01:12:46.546] [stderrLog] [info] Waiting to finish loading hash\n[2025-11-18 01:12:46.547] [stderrLog] [info] Done loading index\nComputing gene-level abundance estimates\nThere were 3 transcripts mapping to 3 genes\nWARNING: couldn\u0027t find transcript named [NR_031764]; returning transcript  as it\u0027s own gene\n\ndone\nAggregating expressions to gene level . . . done\n." ], "status": "failure", "test_index": 3, "time_seconds": 36.81697726249695, "tool_id": "sailfish", "tool_version": "0.10.1.1"}
                ]]></error>
            
            <system-out><![CDATA[
            
            ]]></system-out>
            <system-err><![CDATA[
            Version Info: Could not resolve upgrade information in the alotted time.Check for upgrades manually at www.cs.cmu.edu/~ckingsf/sailfish.writing log to ./index_dir/logs/sailfish_index.logRapMap Indexer[Step 1 of 4] : counting k-mersElapsed time: 0.00089006sReplaced 0 non-ATCG nucleotidesClipped poly-A tails from 0 transcriptsBuilding rank-select dictionary and saving to disk doneElapsed time: 1.367e-05sWriting sequence data to file . . . doneElapsed time: 0.00011085s[info] Building 32-bit suffix array (length of generalized text is 28577)Building suffix array . . . successsaving to disk . . . doneElapsed time: 0.00013445sdoneElapsed time: 0.00846215sprocessed 0 positionskhash had 18955 keyssaving hash to disk . . . doneElapsed time: 0.00099664sVersion Info: Could not resolve upgrade information in the alotted time.Check for upgrades manually at www.cs.cmu.edu/~ckingsf/sailfish.# sailfish (quasi-mapping-based) v0.9.2# [ program ] => sailfish # [ command ] => quant # [ index ] => { ./index_dir }# [ mates1 ] => { ./mate1.fastq }# [ mates2 ] => { ./mate2.fastq }# [ libType ] => { IU }# [ output ] => { ./results }# [ biasCorrect ] => { }# [ threads ] => { 8 }# [ gcSizeSamp ] => { 1 }# [ gcSpeedSamp ] => { 1 }# [ fldMean ] => { 200 }# [ fldSD ] => { 80 }# [ maxReadOcc ] => { 200 }# [ geneMap ] => { ./geneMap.tabular }# [ maxFragLen ] => { 1000 }# [ txpAggregationKey ] => { gene_id }# [ numBiasSamples ] => { 1000000 }# [ numFragSamples ] => { 10000 }# [ numGibbsSamples ] => { 0 }# [ numBootstraps ] => { 0 }Logs will be written to ./results/logs[2025-11-18 01:12:46.485] [jointLog] [info] parsing read library formatthere is 1 libLoading 32-bit quasi indexIndex contained 15 targetsLoaded targets[2025-11-18 01:12:46.543] [jointLog] [info] Loading Quasi index[2025-11-18 01:12:46.547] [jointLog] [info] done[2025-11-18 01:12:46.567] [jointLog] [info] Gathered fragment lengths from all threads[2025-11-18 01:12:46.567] [jointLog] [warning] Sailfish saw fewer then 10000 uniquely mapped reads so 200 will be used as the mean fragment length and 80 as the standard deviation for effective length correction[2025-11-18 01:12:46.568] [jointLog] [info] Estimating effective lengthsDone Quasi-Mapping [2025-11-18 01:12:46.577] [jointLog] [info] Computed 21 rich equivalence classes for further processing[2025-11-18 01:12:46.577] [jointLog] [info] Counted 10000 total reads in the equivalence classes [2025-11-18 01:12:46.577] [jointLog] [info] Starting optimizer:[2025-11-18 01:12:46.577] [jointLog] [info] Optimizing over 21 equivalence classes[2025-11-18 01:12:46.577] [jointLog] [info] iteration = 0 | max rel diff. = 14.873[2025-11-18 01:12:46.577] [jointLog] [info] iteration 50, recomputing effective lengths[2025-11-18 01:12:46.579] [jointLog] [info] iteration = 63 | max rel diff. = 0.00199953[2025-11-18 01:12:46.579] [jointLog] [info] Finished optimizer[2025-11-18 01:12:46.579] [jointLog] [info] writing output [2025-11-18 01:12:46.544] [stderrLog] [info] Loading Suffix Array [2025-11-18 01:12:46.545] [stderrLog] [info] Loading Position Hash[2025-11-18 01:12:46.545] [stderrLog] [info] Loading Transcript Info [2025-11-18 01:12:46.546] [stderrLog] [info] Loading Rank-Select Bit Array[2025-11-18 01:12:46.546] [stderrLog] [info] There were 15 set bits in the bit array[2025-11-18 01:12:46.546] [stderrLog] [info] Computing transcript lengths[2025-11-18 01:12:46.546] [stderrLog] [info] Waiting to finish loading hash[2025-11-18 01:12:46.547] [stderrLog] [info] Done loading indexComputing gene-level abundance estimatesThere were 3 transcripts mapping to 3 genesWARNING: couldn't find transcript named [NR_031764]; returning transcript  as it's own genedoneAggregating expressions to gene level . . . done
            ]]></system-err>
        
    </testcase>
    
    <testcase classname="sam_pileup (Test #1)" name="0" time="0.3013162612915039">
        
            <error type="error" message="Input staging problem: Traceback (most recent call last):
  File "/opt/hostedtoolcache/Python/3.12.12/x64/lib/python3.12/site-packages/galaxy/tool_util/verify/interactor.py", line 1436, in verify_tool
    stage_data_in_history(
  File "/opt/hostedtoolcache/Python/3.12.12/x64/lib/python3.12/site-packages/galaxy/tool_util/verify/interactor.py", line 163, in stage_data_in_history
    test_dict = galaxy_interactor.remote_to_input(
                ^^^^^^^^^^^^^^^^^^^^^^^^^^^^^^^^^^
  File "/opt/hostedtoolcache/Python/3.12.12/x64/lib/python3.12/site-packages/galaxy/tool_util/verify/interactor.py", line 582, in remote_to_input
    path_or_location = self._get_path_or_location(
                       ^^^^^^^^^^^^^^^^^^^^^^^^^^^
  File "/opt/hostedtoolcache/Python/3.12.12/x64/lib/python3.12/site-packages/galaxy/tool_util/verify/interactor.py", line 619, in _get_path_or_location
    path = self.test_data_download(
           ^^^^^^^^^^^^^^^^^^^^^^^^
  File "/opt/hostedtoolcache/Python/3.12.12/x64/lib/python3.12/site-packages/galaxy/tool_util/verify/interactor.py", line 525, in test_data_download
    raise AssertionError(f"Test input file ({filename}) cannot be found.")
AssertionError: Test input file (sam_pileup_in1.bam) cannot be found.
"><![CDATA[
                { "execution_problem": "Input staging problem: Traceback (most recent call last):\n  File \"/opt/hostedtoolcache/Python/3.12.12/x64/lib/python3.12/site-packages/galaxy/tool_util/verify/interactor.py\", line 1436, in verify_tool\n    stage_data_in_history(\n  File \"/opt/hostedtoolcache/Python/3.12.12/x64/lib/python3.12/site-packages/galaxy/tool_util/verify/interactor.py\", line 163, in stage_data_in_history\n    test_dict = galaxy_interactor.remote_to_input(\n                ^^^^^^^^^^^^^^^^^^^^^^^^^^^^^^^^^^\n  File \"/opt/hostedtoolcache/Python/3.12.12/x64/lib/python3.12/site-packages/galaxy/tool_util/verify/interactor.py\", line 582, in remote_to_input\n    path_or_location = self._get_path_or_location(\n                       ^^^^^^^^^^^^^^^^^^^^^^^^^^^\n  File \"/opt/hostedtoolcache/Python/3.12.12/x64/lib/python3.12/site-packages/galaxy/tool_util/verify/interactor.py\", line 619, in _get_path_or_location\n    path = self.test_data_download(\n           ^^^^^^^^^^^^^^^^^^^^^^^^\n  File \"/opt/hostedtoolcache/Python/3.12.12/x64/lib/python3.12/site-packages/galaxy/tool_util/verify/interactor.py\", line 525, in test_data_download\n    raise AssertionError(f\"Test input file ({filename}) cannot be found.\")\nAssertionError: Test input file (sam_pileup_in1.bam) cannot be found.\n", "status": "error", "test_index": 0, "time_seconds": 0.3013162612915039, "tool_id": "sam_pileup", "tool_version": "1.1.3"}
            ]]></error>
        
    </testcase>
    
    <testcase classname="samtools_calmd (Test #1)" name="0" time="0.3027493953704834">
        
            <error type="error" message="Input staging problem: Traceback (most recent call last):
  File "/opt/hostedtoolcache/Python/3.12.12/x64/lib/python3.12/site-packages/galaxy/tool_util/verify/interactor.py", line 1436, in verify_tool
    stage_data_in_history(
  File "/opt/hostedtoolcache/Python/3.12.12/x64/lib/python3.12/site-packages/galaxy/tool_util/verify/interactor.py", line 163, in stage_data_in_history
    test_dict = galaxy_interactor.remote_to_input(
                ^^^^^^^^^^^^^^^^^^^^^^^^^^^^^^^^^^
  File "/opt/hostedtoolcache/Python/3.12.12/x64/lib/python3.12/site-packages/galaxy/tool_util/verify/interactor.py", line 582, in remote_to_input
    path_or_location = self._get_path_or_location(
                       ^^^^^^^^^^^^^^^^^^^^^^^^^^^
  File "/opt/hostedtoolcache/Python/3.12.12/x64/lib/python3.12/site-packages/galaxy/tool_util/verify/interactor.py", line 619, in _get_path_or_location
    path = self.test_data_download(
           ^^^^^^^^^^^^^^^^^^^^^^^^
  File "/opt/hostedtoolcache/Python/3.12.12/x64/lib/python3.12/site-packages/galaxy/tool_util/verify/interactor.py", line 525, in test_data_download
    raise AssertionError(f"Test input file ({filename}) cannot be found.")
AssertionError: Test input file (phiX.bam) cannot be found.
"><![CDATA[
                { "execution_problem": "Input staging problem: Traceback (most recent call last):\n  File \"/opt/hostedtoolcache/Python/3.12.12/x64/lib/python3.12/site-packages/galaxy/tool_util/verify/interactor.py\", line 1436, in verify_tool\n    stage_data_in_history(\n  File \"/opt/hostedtoolcache/Python/3.12.12/x64/lib/python3.12/site-packages/galaxy/tool_util/verify/interactor.py\", line 163, in stage_data_in_history\n    test_dict = galaxy_interactor.remote_to_input(\n                ^^^^^^^^^^^^^^^^^^^^^^^^^^^^^^^^^^\n  File \"/opt/hostedtoolcache/Python/3.12.12/x64/lib/python3.12/site-packages/galaxy/tool_util/verify/interactor.py\", line 582, in remote_to_input\n    path_or_location = self._get_path_or_location(\n                       ^^^^^^^^^^^^^^^^^^^^^^^^^^^\n  File \"/opt/hostedtoolcache/Python/3.12.12/x64/lib/python3.12/site-packages/galaxy/tool_util/verify/interactor.py\", line 619, in _get_path_or_location\n    path = self.test_data_download(\n           ^^^^^^^^^^^^^^^^^^^^^^^^\n  File \"/opt/hostedtoolcache/Python/3.12.12/x64/lib/python3.12/site-packages/galaxy/tool_util/verify/interactor.py\", line 525, in test_data_download\n    raise AssertionError(f\"Test input file ({filename}) cannot be found.\")\nAssertionError: Test input file (phiX.bam) cannot be found.\n", "status": "error", "test_index": 0, "time_seconds": 0.3027493953704834, "tool_id": "samtools_calmd", "tool_version": "2.0.6"}
            ]]></error>
        
    </testcase>
    
    <testcase classname="samtools_calmd (Test #2)" name="1" time="0.15326833724975586">
        
            <error type="error" message="Input staging problem: Traceback (most recent call last):
  File "/opt/hostedtoolcache/Python/3.12.12/x64/lib/python3.12/site-packages/galaxy/tool_util/verify/interactor.py", line 1436, in verify_tool
    stage_data_in_history(
  File "/opt/hostedtoolcache/Python/3.12.12/x64/lib/python3.12/site-packages/galaxy/tool_util/verify/interactor.py", line 163, in stage_data_in_history
    test_dict = galaxy_interactor.remote_to_input(
                ^^^^^^^^^^^^^^^^^^^^^^^^^^^^^^^^^^
  File "/opt/hostedtoolcache/Python/3.12.12/x64/lib/python3.12/site-packages/galaxy/tool_util/verify/interactor.py", line 582, in remote_to_input
    path_or_location = self._get_path_or_location(
                       ^^^^^^^^^^^^^^^^^^^^^^^^^^^
  File "/opt/hostedtoolcache/Python/3.12.12/x64/lib/python3.12/site-packages/galaxy/tool_util/verify/interactor.py", line 619, in _get_path_or_location
    path = self.test_data_download(
           ^^^^^^^^^^^^^^^^^^^^^^^^
  File "/opt/hostedtoolcache/Python/3.12.12/x64/lib/python3.12/site-packages/galaxy/tool_util/verify/interactor.py", line 525, in test_data_download
    raise AssertionError(f"Test input file ({filename}) cannot be found.")
AssertionError: Test input file (phiX.bam) cannot be found.
"><![CDATA[
                { "execution_problem": "Input staging problem: Traceback (most recent call last):\n  File \"/opt/hostedtoolcache/Python/3.12.12/x64/lib/python3.12/site-packages/galaxy/tool_util/verify/interactor.py\", line 1436, in verify_tool\n    stage_data_in_history(\n  File \"/opt/hostedtoolcache/Python/3.12.12/x64/lib/python3.12/site-packages/galaxy/tool_util/verify/interactor.py\", line 163, in stage_data_in_history\n    test_dict = galaxy_interactor.remote_to_input(\n                ^^^^^^^^^^^^^^^^^^^^^^^^^^^^^^^^^^\n  File \"/opt/hostedtoolcache/Python/3.12.12/x64/lib/python3.12/site-packages/galaxy/tool_util/verify/interactor.py\", line 582, in remote_to_input\n    path_or_location = self._get_path_or_location(\n                       ^^^^^^^^^^^^^^^^^^^^^^^^^^^\n  File \"/opt/hostedtoolcache/Python/3.12.12/x64/lib/python3.12/site-packages/galaxy/tool_util/verify/interactor.py\", line 619, in _get_path_or_location\n    path = self.test_data_download(\n           ^^^^^^^^^^^^^^^^^^^^^^^^\n  File \"/opt/hostedtoolcache/Python/3.12.12/x64/lib/python3.12/site-packages/galaxy/tool_util/verify/interactor.py\", line 525, in test_data_download\n    raise AssertionError(f\"Test input file ({filename}) cannot be found.\")\nAssertionError: Test input file (phiX.bam) cannot be found.\n", "status": "error", "test_index": 1, "time_seconds": 0.15326833724975586, "tool_id": "samtools_calmd", "tool_version": "2.0.6"}
            ]]></error>
        
    </testcase>
    
    <testcase classname="vcfgeno2haplo (Test #1)" name="0" time="40.98798131942749">
        
            
            <system-out><![CDATA[
            
            ]]></system-out>
            <system-err><![CDATA[
            index file localref.fa.fai not found, generating...no alternate alleles remain at phiX174:1015 after haplotype validation
            ]]></system-err>
        
    </testcase>
    
</testsuite>