<?xml version="1.0" encoding="UTF-8"?>
<testsuite name="Results (powered by Planemo)"
           tests="86"
           errors="6"
           failures="5"
           skip="0">
    
    <testcase classname="bcftools_convert_from_vcf (Test #1)" name="0" time="44.44737482070923">
        
            
            <system-out><![CDATA[
            
            ]]></system-out>
            <system-err><![CDATA[
            Gen file: /galaxy/server/database/objects/2/8/1/dataset_281b290f-b4ff-4b23-879b-080c716036eb.datSample file: /galaxy/server/database/objects/9/7/0/dataset_97058275-19e5-4786-a8ea-10322caf6b00.datWarning: non-biallelic records are skipped. Consider splitting multi-allelic records into biallelic records using 'bcftools norm -m-'.32 records written, 1 skipped: 0/1/0/0 no-ALT/non-biallelic/filtered/duplicated
            ]]></system-err>
        
    </testcase>
    
    <testcase classname="bcftools_convert_from_vcf (Test #2)" name="1" time="37.8158540725708">
        
            
            <system-out><![CDATA[
            
            ]]></system-out>
            <system-err><![CDATA[
            Gen file: /galaxy/server/database/objects/1/3/7/dataset_137ddc38-6b92-4be0-9c6c-c0068095b0c8.datSample file: /galaxy/server/database/objects/a/a/5/dataset_aa5028fa-990c-485b-8ce2-1f46640c3440.datWarning: non-biallelic records are skipped. Consider splitting multi-allelic records into biallelic records using 'bcftools norm -m-'.32 records written, 1 skipped: 0/1/0/0 no-ALT/non-biallelic/filtered/duplicated
            ]]></system-err>
        
    </testcase>
    
    <testcase classname="bcftools_convert_from_vcf (Test #3)" name="2" time="39.34247303009033">
        
            
            <system-out><![CDATA[
            
            ]]></system-out>
            <system-err><![CDATA[
            Gen file: /galaxy/server/database/objects/d/b/e/dataset_dbeeaadf-5557-4cc8-9467-19d8d4ab18d4.datSample file: /galaxy/server/database/objects/f/2/0/dataset_f20213d1-3539-42e0-9c5d-3d1f85d9f25c.datWarning: non-biallelic records are skipped. Consider splitting multi-allelic records into biallelic records using 'bcftools norm -m-'.10 records written, 8 skipped: 0/6/0/2 no-ALT/non-biallelic/filtered/duplicated
            ]]></system-err>
        
    </testcase>
    
    <testcase classname="bcftools_convert_from_vcf (Test #4)" name="3" time="37.449822664260864">
        
            
            <system-out><![CDATA[
            
            ]]></system-out>
            <system-err><![CDATA[
            Hap file: /galaxy/server/database/objects/1/2/9/dataset_1298f35d-8939-4eac-9dca-0874110b9e08.datSample file: /galaxy/server/database/objects/6/c/1/dataset_6c14cc9d-834f-4161-975b-167d7a85d060.datWarning: non-biallelic records are skipped. Consider splitting multi-allelic records into biallelic records using 'bcftools norm -m-'.32 records written, 1 skipped: 0/1/0 no-ALT/non-biallelic/filtered
            ]]></system-err>
        
    </testcase>
    
    <testcase classname="bcftools_convert_from_vcf (Test #5)" name="4" time="40.119147062301636">
        
            
            <system-out><![CDATA[
            
            ]]></system-out>
            <system-err><![CDATA[
            Hap file: /galaxy/server/database/objects/8/1/3/dataset_81325771-c01c-435d-b5b3-c2aaeceededf.datLegend file: /galaxy/server/database/objects/e/7/b/dataset_e7becdae-1de1-4b39-8a49-d9fde5f54fec.datSample file: /galaxy/server/database/objects/4/b/1/dataset_4b1b9f86-185b-4228-ab33-78c0bb774f28.datWarning: non-biallelic records are skipped. Consider splitting multi-allelic records into biallelic records using 'bcftools norm -m-'.32 records written, 1 skipped: 0/1/0 no-ALT/non-biallelic/filtered
            ]]></system-err>
        
    </testcase>
    
    <testcase classname="bcftools_convert_from_vcf (Test #6)" name="5" time="39.32086992263794">
        
            
            <system-out><![CDATA[
            
            ]]></system-out>
            <system-err><![CDATA[
            Hap file: /galaxy/server/database/objects/6/0/7/dataset_60799193-810f-47eb-8c0d-3b3970e24b77.datLegend file: /galaxy/server/database/objects/4/a/6/dataset_4a6918df-f3f4-46f8-ad82-571f90b14441.datSample file: /galaxy/server/database/objects/c/8/8/dataset_c88f8302-8067-4ea1-a448-75cc4651e057.datWarning: non-biallelic records are skipped. Consider splitting multi-allelic records into biallelic records using 'bcftools norm -m-'.32 records written, 1 skipped: 0/1/0 no-ALT/non-biallelic/filtered
            ]]></system-err>
        
    </testcase>
    
    <testcase classname="bcftools_convert_from_vcf (Test #7)" name="6" time="37.8178231716156">
        
            
            <system-out><![CDATA[
            
            ]]></system-out>
            <system-err><![CDATA[
            Gen file: /galaxy/server/database/objects/9/b/2/dataset_9b2532de-1a44-4cf2-b8df-0c30535ed5ec.datSample file: /galaxy/server/database/objects/2/d/3/dataset_2d307c58-46a6-4933-9286-f0e3e085294b.datWarning: non-biallelic records are skipped. Consider splitting multi-allelic records into biallelic records using 'bcftools norm -m-'.32 records written, 1 skipped: 0/1/0/0 no-ALT/non-biallelic/filtered/duplicated
            ]]></system-err>
        
    </testcase>
    
    <testcase classname="bcftools_plugin_dosage (Test #1)" name="0" time="37.61350417137146">
        
            
            <system-out><![CDATA[
            
            ]]></system-out>
            <system-err><![CDATA[
            
            ]]></system-err>
        
    </testcase>
    
    <testcase classname="bwameth (Test #1)" name="0" time="72.49633741378784">
        
            
            <system-out><![CDATA[
            
            ]]></system-out>
            <system-err><![CDATA[
            converting c2t in index_dir/genome.fa to index_dir/genome.fa.bwameth.c2tindexing with bwa-mem: index_dir/genome.fa.bwameth.c2t[bwa_index] Pack FASTA... 0.02 sec[bwa_index] Construct BWT for the packed sequence...[BWTIncCreate] textLength=3600000, availableWord=4573648[bwt_gen] Finished constructing BWT in 5 iterations.[bwa_index] 0.85 seconds elapse.[bwa_index] Update BWT... 0.01 sec[bwa_index] Pack forward-only FASTA... 0.01 sec[bwa_index] Construct SA from BWT and Occ... 0.20 sec[main] Version: 0.7.19-r1273[main] CMD: bwa index -a bwtsw index_dir/genome.fa.bwameth.c2t[main] Real time: 1.216 sec; CPU: 1.101 sec--------------------Found BWA MEM indexrunning: /usr/local/bin/python /usr/local/bin/bwameth.py c2t input_f.fastq.gz input_r.fastq.gz |bwa mem -T 40 -B 2 -L 10 -CM -U 100 -p -R '@RG\tID:input_\tSM:input_' -t 8  index_dir/genome.fa.bwameth.c2t /dev/stdin--------------------[M::bwa_idx_load_from_disk] read 0 ALT contigsconverting reads in input_f.fastq.gz,input_r.fastq.gz[M::process] read 200 sequences (20200 bp)...[M::process] 0 single-end sequences; 200 paired-end sequences[M::mem_pestat] # candidate unique pairs for (FF, FR, RF, RR): (0, 97, 0, 0)[M::mem_pestat] skip orientation FF as there are not enough pairs[M::mem_pestat] analyzing insert size distribution for orientation FR...[M::mem_pestat] (25, 50, 75) percentile: (108, 141, 169)[M::mem_pestat] low and high boundaries for computing mean and std.dev: (1, 291)[M::mem_pestat] mean and std.dev: (138.16, 39.31)[M::mem_pestat] low and high boundaries for proper pairs: (1, 352)[M::mem_pestat] skip orientation RF as there are not enough pairs[M::mem_pestat] skip orientation RR as there are not enough pairs[M::mem_process_seqs] Processed 200 reads in 0.026 CPU sec, 0.008 real sec[main] Version: 0.7.19-r1273[main] CMD: bwa mem -T 40 -B 2 -L 10 -CM -U 100 -p -R @RG\tID:input_\tSM:input_ -t 8 index_dir/genome.fa.bwameth.c2t /dev/stdin[main] Real time: 0.130 sec; CPU: 0.034 sec
            ]]></system-err>
        
    </testcase>
    
    <testcase classname="bwameth (Test #2)" name="1" time="53.11211013793945">
        
            
                <error type="error" message="Tool exit code: None"><![CDATA[
                    { "inputs": {  "referenceSource|reference": {   "id": "a99d5b5862cf9d7c",   "src": "hda"  },  "referenceSource|source": "history",  "single_or_paired|input_mate1": {   "id": "23f428ebc02f990f",   "src": "hdca"  },  "single_or_paired|single_or_paired_opts": "paired_collection" }, "job": {  "command_line": "mkdir index_dir \u0026\u0026 ln -s \u0027/galaxy/server/database/objects/7/3/5/dataset_73582bfa-788e-4d6e-b3d6-c16e37d7644d.dat\u0027 index_dir/genome.fa \u0026\u0026 bwameth.py index index_dir/genome.fa \u0026\u0026  ln -s \u0027/galaxy/server/database/objects/b/3/1/dataset_b31f3fda-2a76-474e-a887-067286d48921.dat\u0027 input_f.fastq.gz \u0026\u0026  ln -s \u0027/galaxy/server/database/objects/a/9/c/dataset_a9ce14f3-6ee2-49ad-bed4-8708d6105265.dat\u0027 input_r.fastq.gz \u0026\u0026  bwameth.py -t \"${GALAXY_SLOTS:-4}\" --reference \u0027index_dir/genome.fa\u0027   input_f.fastq.gz input_r.fastq.gz | samtools sort -l 0 -T \"${TMPDIR:-.}\" -O bam | samtools view -O bam -@ ${GALAXY_SLOTS:-1}  -o output.bam",  "command_version": null,  "copied_from_job_id": null,  "create_time": "2026-01-26T14:00:52.229264",  "dependencies": [],  "exit_code": null,  "external_id": "gxy-h86vc",  "galaxy_version": "24.1",  "handler": null,  "history_id": "2b0a11dd84482e07",  "id": "d61e2e33e5964091",  "inputs": {   "referenceSource|reference": {    "id": "e17f4321b6910031",    "src": "hda",    "uuid": "73582bfa-788e-4d6e-b3d6-c16e37d7644d"   },   "single_or_paired|input_mate11": {    "id": "8d0b0da0b4dbabdb",    "src": "hda",    "uuid": "b31f3fda-2a76-474e-a887-067286d48921"   },   "single_or_paired|input_mate12": {    "id": "665b101d27dad87b",    "src": "hda",    "uuid": "a9ce14f3-6ee2-49ad-bed4-8708d6105265"   }  },  "job_messages": null,  "job_metrics": [],  "job_runner_name": null,  "job_stderr": null,  "job_stdout": null,  "model_class": "Job",  "output_collections": {},  "outputs": {   "output": {    "id": "eefd0220774d5518",    "src": "hda",    "uuid": "df0a78a8-15a1-427d-a75d-a80da389bed0"   }  },  "params": {   "__input_ext": "\"input\"",   "chromInfo": "\"/cvmfs/data.galaxyproject.org/managed/len/ucsc/?.len\"",   "dbkey": "\"?\"",   "readGroup": "\"\"",   "referenceSource": "{\"__current_case__\": 0, \"reference\": {\"values\": [{\"id\": 181, \"src\": \"hda\"}]}, \"source\": \"history\"}",   "single_or_paired": "{\"__current_case__\": 2, \"input_mate1\": {\"values\": [{\"id\": 12, \"src\": \"hdca\"}]}, \"single_or_paired_opts\": \"paired_collection\"}"  },  "state": "error",  "stderr": "converting c2t in index_dir/genome.fa to index_dir/genome.fa.bwameth.c2t\nindexing with bwa-mem: index_dir/genome.fa.bwameth.c2t\n[bwa_index] Pack FASTA... 0.02 sec\n[bwa_index] Construct BWT for the packed sequence...\n[BWTIncCreate] textLength=3600000, availableWord=4573648\n[bwt_gen] Finished constructing BWT in 5 iterations.\n[bwa_index] 0.78 seconds elapse.\n[bwa_index] Update BWT... 0.01 sec\n[bwa_index] Pack forward-only FASTA... 0.01 sec\n[bwa_index] Construct SA from BWT and Occ... 0.18 sec\n[main] Version: 0.7.19-r1273\n[main] CMD: bwa index -a bwtsw index_dir/genome.fa.bwameth.c2t\n[main] Real time: 1.095 sec; CPU: 1.005 sec\n--------------------\nFound BWA MEM index\nrunning: /usr/local/bin/python /usr/local/bin/bwameth.py c2t input_f.fastq.gz input_r.fastq.gz |bwa mem -T 40 -B 2 -L 10 -CM -U 100 -p -R \u0027@RG\\tID:input_\\tSM:input_\u0027 -t 8  index_dir/genome.fa.bwameth.c2t /dev/stdin\n--------------------\n[M::bwa_idx_load_from_disk] read 0 ALT contigs\nconverting reads in input_f.fastq.gz,input_r.fastq.gz\n[M::process] read 200 sequences (20200 bp)...\n[M::process] 0 single-end sequences; 200 paired-end sequences\n[M::mem_pestat] # candidate unique pairs for (FF, FR, RF, RR): (0, 97, 0, 0)\n[M::mem_pestat] skip orientation FF as there are not enough pairs\n[M::mem_pestat] analyzing insert size distribution for orientation FR...\n[M::mem_pestat] (25, 50, 75) percentile: (108, 141, 169)\n[M::mem_pestat] low and high boundaries for computing mean and std.dev: (1, 291)\n[M::mem_pestat] mean and std.dev: (138.16, 39.31)\n[M::mem_pestat] low and high boundaries for proper pairs: (1, 352)\n[M::mem_pestat] skip orientation RF as there are not enough pairs\n[M::mem_pestat] skip orientation RR as there are not enough pairs\n[M::mem_process_seqs] Processed 200 reads in 0.026 CPU sec, 0.008 real sec\n[main] Version: 0.7.19-r1273\n[main] CMD: bwa mem -T 40 -B 2 -L 10 -CM -U 100 -p -R @RG\\tID:input_\\tSM:input_ -t 8 index_dir/genome.fa.bwameth.c2t /dev/stdin\n[main] Real time: 0.127 sec; CPU: 0.033 sec\n",  "stdout": "",  "tool_id": "toolshed.g2.bx.psu.edu/repos/iuc/bwameth/bwameth/0.2.9+galaxy0",  "tool_stderr": "converting c2t in index_dir/genome.fa to index_dir/genome.fa.bwameth.c2t\nindexing with bwa-mem: index_dir/genome.fa.bwameth.c2t\n[bwa_index] Pack FASTA... 0.02 sec\n[bwa_index] Construct BWT for the packed sequence...\n[BWTIncCreate] textLength=3600000, availableWord=4573648\n[bwt_gen] Finished constructing BWT in 5 iterations.\n[bwa_index] 0.78 seconds elapse.\n[bwa_index] Update BWT... 0.01 sec\n[bwa_index] Pack forward-only FASTA... 0.01 sec\n[bwa_index] Construct SA from BWT and Occ... 0.18 sec\n[main] Version: 0.7.19-r1273\n[main] CMD: bwa index -a bwtsw index_dir/genome.fa.bwameth.c2t\n[main] Real time: 1.095 sec; CPU: 1.005 sec\n--------------------\nFound BWA MEM index\nrunning: /usr/local/bin/python /usr/local/bin/bwameth.py c2t input_f.fastq.gz input_r.fastq.gz |bwa mem -T 40 -B 2 -L 10 -CM -U 100 -p -R \u0027@RG\\tID:input_\\tSM:input_\u0027 -t 8  index_dir/genome.fa.bwameth.c2t /dev/stdin\n--------------------\n[M::bwa_idx_load_from_disk] read 0 ALT contigs\nconverting reads in input_f.fastq.gz,input_r.fastq.gz\n[M::process] read 200 sequences (20200 bp)...\n[M::process] 0 single-end sequences; 200 paired-end sequences\n[M::mem_pestat] # candidate unique pairs for (FF, FR, RF, RR): (0, 97, 0, 0)\n[M::mem_pestat] skip orientation FF as there are not enough pairs\n[M::mem_pestat] analyzing insert size distribution for orientation FR...\n[M::mem_pestat] (25, 50, 75) percentile: (108, 141, 169)\n[M::mem_pestat] low and high boundaries for computing mean and std.dev: (1, 291)\n[M::mem_pestat] mean and std.dev: (138.16, 39.31)\n[M::mem_pestat] low and high boundaries for proper pairs: (1, 352)\n[M::mem_pestat] skip orientation RF as there are not enough pairs\n[M::mem_pestat] skip orientation RR as there are not enough pairs\n[M::mem_process_seqs] Processed 200 reads in 0.026 CPU sec, 0.008 real sec\n[main] Version: 0.7.19-r1273\n[main] CMD: bwa mem -T 40 -B 2 -L 10 -CM -U 100 -p -R @RG\\tID:input_\\tSM:input_ -t 8 index_dir/genome.fa.bwameth.c2t /dev/stdin\n[main] Real time: 0.127 sec; CPU: 0.033 sec\n",  "tool_stdout": "",  "update_time": "2026-01-26T14:01:14.887198",  "user_email": "tests@fake.org" }, "output_problems": [  "Job in error state.. tool_id: toolshed.g2.bx.psu.edu/repos/iuc/bwameth/bwameth/0.2.9+galaxy0, exit_code: None, stderr: converting c2t in index_dir/genome.fa to index_dir/genome.fa.bwameth.c2t\nindexing with bwa-mem: index_dir/genome.fa.bwameth.c2t\n[bwa_index] Pack FASTA... 0.02 sec\n[bwa_index] Construct BWT for the packed sequence...\n[BWTIncCreate] textLength=3600000, availableWord=4573648\n[bwt_gen] Finished constructing BWT in 5 iterations.\n[bwa_index] 0.78 seconds elapse.\n[bwa_index] Update BWT... 0.01 sec\n[bwa_index] Pack forward-only FASTA... 0.01 sec\n[bwa_index] Construct SA from BWT and Occ... 0.18 sec\n[main] Version: 0.7.19-r1273\n[main] CMD: bwa index -a bwtsw index_dir/genome.fa.bwameth.c2t\n[main] Real time: 1.095 sec; CPU: 1.005 sec\n--------------------\nFound BWA MEM index\nrunning: /usr/local/bin/python /usr/local/bin/bwameth.py c2t input_f.fastq.gz input_r.fastq.gz |bwa mem -T 40 -B 2 -L 10 -CM -U 100 -p -R \u0027@RG\\tID:input_\\tSM:input_\u0027 -t 8  index_dir/genome.fa.bwameth.c2t /dev/stdin\n--------------------\n[M::bwa_idx_load_from_disk] read 0 ALT contigs\nconverting reads in input_f.fastq.gz,input_r.fastq.gz\n[M::process] read 200 sequences (20200 bp)...\n[M::process] 0 single-end sequences; 200 paired-end sequences\n[M::mem_pestat] # candidate unique pairs for (FF, FR, RF, RR): (0, 97, 0, 0)\n[M::mem_pestat] skip orientation FF as there are not enough pairs\n[M::mem_pestat] analyzing insert size distribution for orientation FR...\n[M::mem_pestat] (25, 50, 75) percentile: (108, 141, 169)\n[M::mem_pestat] low and high boundaries for computing mean and std.dev: (1, 291)\n[M::mem_pestat] mean and std.dev: (138.16, 39.31)\n[M::mem_pestat] low and high boundaries for proper pairs: (1, 352)\n[M::mem_pestat] skip orientation RF as there are not enough pairs\n[M::mem_pestat] skip orientation RR as there are not enough pairs\n[M::mem_process_seqs] Processed 200 reads in 0.026 CPU sec, 0.008 real sec\n[main] Version: 0.7.19-r1273\n[main] CMD: bwa mem -T 40 -B 2 -L 10 -CM -U 100 -p -R @RG\\tID:input_\\tSM:input_ -t 8 index_dir/genome.fa.bwameth.c2t /dev/stdin\n[main] Real time: 0.127 sec; CPU: 0.033 sec\n." ], "status": "failure", "test_index": 1, "time_seconds": 53.11211013793945, "tool_id": "bwameth", "tool_version": "0.2.9+galaxy0"}
                ]]></error>
            
            <system-out><![CDATA[
            
            ]]></system-out>
            <system-err><![CDATA[
            converting c2t in index_dir/genome.fa to index_dir/genome.fa.bwameth.c2tindexing with bwa-mem: index_dir/genome.fa.bwameth.c2t[bwa_index] Pack FASTA... 0.02 sec[bwa_index] Construct BWT for the packed sequence...[BWTIncCreate] textLength=3600000, availableWord=4573648[bwt_gen] Finished constructing BWT in 5 iterations.[bwa_index] 0.78 seconds elapse.[bwa_index] Update BWT... 0.01 sec[bwa_index] Pack forward-only FASTA... 0.01 sec[bwa_index] Construct SA from BWT and Occ... 0.18 sec[main] Version: 0.7.19-r1273[main] CMD: bwa index -a bwtsw index_dir/genome.fa.bwameth.c2t[main] Real time: 1.095 sec; CPU: 1.005 sec--------------------Found BWA MEM indexrunning: /usr/local/bin/python /usr/local/bin/bwameth.py c2t input_f.fastq.gz input_r.fastq.gz |bwa mem -T 40 -B 2 -L 10 -CM -U 100 -p -R '@RG\tID:input_\tSM:input_' -t 8  index_dir/genome.fa.bwameth.c2t /dev/stdin--------------------[M::bwa_idx_load_from_disk] read 0 ALT contigsconverting reads in input_f.fastq.gz,input_r.fastq.gz[M::process] read 200 sequences (20200 bp)...[M::process] 0 single-end sequences; 200 paired-end sequences[M::mem_pestat] # candidate unique pairs for (FF, FR, RF, RR): (0, 97, 0, 0)[M::mem_pestat] skip orientation FF as there are not enough pairs[M::mem_pestat] analyzing insert size distribution for orientation FR...[M::mem_pestat] (25, 50, 75) percentile: (108, 141, 169)[M::mem_pestat] low and high boundaries for computing mean and std.dev: (1, 291)[M::mem_pestat] mean and std.dev: (138.16, 39.31)[M::mem_pestat] low and high boundaries for proper pairs: (1, 352)[M::mem_pestat] skip orientation RF as there are not enough pairs[M::mem_pestat] skip orientation RR as there are not enough pairs[M::mem_process_seqs] Processed 200 reads in 0.026 CPU sec, 0.008 real sec[main] Version: 0.7.19-r1273[main] CMD: bwa mem -T 40 -B 2 -L 10 -CM -U 100 -p -R @RG\tID:input_\tSM:input_ -t 8 index_dir/genome.fa.bwameth.c2t /dev/stdin[main] Real time: 0.127 sec; CPU: 0.033 sec
            ]]></system-err>
        
    </testcase>
    
    <testcase classname="deeptools_correct_gc_bias (Test #1)" name="0" time="24.52970814704895">
        
            <error type="error" message="Input staging problem: Traceback (most recent call last):
  File "/opt/hostedtoolcache/Python/3.12.12/x64/lib/python3.12/site-packages/galaxy/tool_util/verify/interactor.py", line 1466, in verify_tool
    stage_data_in_history(
  File "/opt/hostedtoolcache/Python/3.12.12/x64/lib/python3.12/site-packages/galaxy/tool_util/verify/interactor.py", line 175, in stage_data_in_history
    staging_interface.handle_jobs()
  File "/opt/hostedtoolcache/Python/3.12.12/x64/lib/python3.12/site-packages/galaxy/tool_util/verify/interactor.py", line 212, in handle_jobs
    self.galaxy_interactor.wait_for_job(job_response["id"], job_response["history_id"], self.maxseconds)
  File "/opt/hostedtoolcache/Python/3.12.12/x64/lib/python3.12/site-packages/galaxy/tool_util/verify/interactor.py", line 398, in wait_for_job
    self.wait_for(lambda: self.__job_ready(job_id, history_id), maxseconds=maxseconds)
  File "/opt/hostedtoolcache/Python/3.12.12/x64/lib/python3.12/site-packages/galaxy/tool_util/verify/interactor.py", line 402, in wait_for
    wait_on(func, what, walltime_exceeded)
  File "/opt/hostedtoolcache/Python/3.12.12/x64/lib/python3.12/site-packages/galaxy/tool_util/verify/wait.py", line 38, in wait_on
    value = function()
            ^^^^^^^^^^
  File "/opt/hostedtoolcache/Python/3.12.12/x64/lib/python3.12/site-packages/galaxy/tool_util/verify/interactor.py", line 398, in <lambda>
    self.wait_for(lambda: self.__job_ready(job_id, history_id), maxseconds=maxseconds)
                          ^^^^^^^^^^^^^^^^^^^^^^^^^^^^^^^^^^^^
  File "/opt/hostedtoolcache/Python/3.12.12/x64/lib/python3.12/site-packages/galaxy/tool_util/verify/interactor.py", line 751, in __job_ready
    return self._state_ready(job_id, error_msg="Job in error state.")
           ^^^^^^^^^^^^^^^^^^^^^^^^^^^^^^^^^^^^^^^^^^^^^^^^^^^^^^^^^^
  File "/opt/hostedtoolcache/Python/3.12.12/x64/lib/python3.12/site-packages/galaxy/tool_util/verify/interactor.py", line 847, in _state_ready
    raise Exception(
Exception: Job in error state.. tool_id: __DATA_FETCH__, exit_code: None, stderr: .
"><![CDATA[
                { "execution_problem": "Input staging problem: Traceback (most recent call last):\n  File \"/opt/hostedtoolcache/Python/3.12.12/x64/lib/python3.12/site-packages/galaxy/tool_util/verify/interactor.py\", line 1466, in verify_tool\n    stage_data_in_history(\n  File \"/opt/hostedtoolcache/Python/3.12.12/x64/lib/python3.12/site-packages/galaxy/tool_util/verify/interactor.py\", line 175, in stage_data_in_history\n    staging_interface.handle_jobs()\n  File \"/opt/hostedtoolcache/Python/3.12.12/x64/lib/python3.12/site-packages/galaxy/tool_util/verify/interactor.py\", line 212, in handle_jobs\n    self.galaxy_interactor.wait_for_job(job_response[\"id\"], job_response[\"history_id\"], self.maxseconds)\n  File \"/opt/hostedtoolcache/Python/3.12.12/x64/lib/python3.12/site-packages/galaxy/tool_util/verify/interactor.py\", line 398, in wait_for_job\n    self.wait_for(lambda: self.__job_ready(job_id, history_id), maxseconds=maxseconds)\n  File \"/opt/hostedtoolcache/Python/3.12.12/x64/lib/python3.12/site-packages/galaxy/tool_util/verify/interactor.py\", line 402, in wait_for\n    wait_on(func, what, walltime_exceeded)\n  File \"/opt/hostedtoolcache/Python/3.12.12/x64/lib/python3.12/site-packages/galaxy/tool_util/verify/wait.py\", line 38, in wait_on\n    value = function()\n            ^^^^^^^^^^\n  File \"/opt/hostedtoolcache/Python/3.12.12/x64/lib/python3.12/site-packages/galaxy/tool_util/verify/interactor.py\", line 398, in \u003clambda\u003e\n    self.wait_for(lambda: self.__job_ready(job_id, history_id), maxseconds=maxseconds)\n                          ^^^^^^^^^^^^^^^^^^^^^^^^^^^^^^^^^^^^\n  File \"/opt/hostedtoolcache/Python/3.12.12/x64/lib/python3.12/site-packages/galaxy/tool_util/verify/interactor.py\", line 751, in __job_ready\n    return self._state_ready(job_id, error_msg=\"Job in error state.\")\n           ^^^^^^^^^^^^^^^^^^^^^^^^^^^^^^^^^^^^^^^^^^^^^^^^^^^^^^^^^^\n  File \"/opt/hostedtoolcache/Python/3.12.12/x64/lib/python3.12/site-packages/galaxy/tool_util/verify/interactor.py\", line 847, in _state_ready\n    raise Exception(\nException: Job in error state.. tool_id: __DATA_FETCH__, exit_code: None, stderr: .\n", "status": "error", "test_index": 0, "time_seconds": 24.52970814704895, "tool_id": "deeptools_correct_gc_bias", "tool_version": "3.5.4+galaxy0"}
            ]]></error>
        
    </testcase>
    
    <testcase classname="edger (Test #1)" name="0" time="69.62614011764526">
        
            
            <system-out><![CDATA[
            
            ]]></system-out>
            <system-err><![CDATA[
            Warning message:In Sys.setlocale("LC_MESSAGES", "en_US.UTF-8") :  OS reports request to set locale to "en_US.UTF-8" cannot be honoredWarning message:In plot.xy(xy, type, ...) : NAs introduced by coercionWarning message:In plot.xy(xy, type, ...) : NAs introduced by coercion
            ]]></system-err>
        
    </testcase>
    
    <testcase classname="edger (Test #2)" name="1" time="43.194241523742676">
        
            
            <system-out><![CDATA[
            
            ]]></system-out>
            <system-err><![CDATA[
            Warning message:In Sys.setlocale("LC_MESSAGES", "en_US.UTF-8") :  OS reports request to set locale to "en_US.UTF-8" cannot be honoredWarning message:In plot.xy(xy, type, ...) : NAs introduced by coercionWarning message:In plot.xy(xy, type, ...) : NAs introduced by coercion
            ]]></system-err>
        
    </testcase>
    
    <testcase classname="edger (Test #11)" name="10" time="44.32664203643799">
        
            
            <system-out><![CDATA[
            
            ]]></system-out>
            <system-err><![CDATA[
            Warning message:In Sys.setlocale("LC_MESSAGES", "en_US.UTF-8") :  OS reports request to set locale to "en_US.UTF-8" cannot be honoredWarning message:In plot.xy(xy, type, ...) : NAs introduced by coercionWarning message:In plot.xy(xy, type, ...) : NAs introduced by coercion
            ]]></system-err>
        
    </testcase>
    
    <testcase classname="edger (Test #12)" name="11" time="33.003235816955566">
        
            
                <error type="error" message="Tool exit code: None"><![CDATA[
                    { "inputs": {  "adv|normalisationOption": "TMM",  "contrasts|contrastOpt": "manual",  "contrasts|rep_contrast_0|contrast": "Mut-WT",  "f|filt|cformat|cntReq": "1000",  "f|filt|cformat|format_select": "counts",  "f|filt|cformat|samples|count_select": "total",  "f|filt|filt_select": "yes",  "input|counts": {   "id": "9d8075d832d4855d",   "src": "hda"  },  "input|fact|ffile": "no",  "input|fact|rep_factor_0|factorName": "Genotype",  "input|fact|rep_factor_0|groupNames": "Mut,Mut,Mut,WT,WT,WT",  "input|format": "matrix" }, "job": {  "command_line": "Rscript \u0027/cvmfs/cloud.galaxyproject.org/tools/toolshed.g2.bx.psu.edu/repos/iuc/edger/fd9902d118e5/edger/edger.R\u0027  -R \u0027/galaxy/server/database/objects/0/c/6/dataset_0c60d6f1-c2b5-4719-a1f2-c6f816f713d9.dat\u0027 -o \u0027/galaxy/server/database/objects/0/c/6/dataset_0c60d6f1-c2b5-4719-a1f2-c6f816f713d9_files\u0027  -m \u0027/galaxy/server/database/objects/e/8/c/dataset_e8c22893-6482-4aef-998b-fd19d8f29123.dat\u0027 -i \u0027Genotype::Mut,Mut,Mut,WT,WT,WT\u0027    -C \u0027Mut-WT\u0027  -z \u00271000\u0027 -y   -l \u00270.0\u0027 -p \u00270.05\u0027 -d \u0027BH\u0027 -n \u0027TMM\u0027 -b  \u0026\u0026 mkdir ./output_dir  \u0026\u0026 cp \u0027/galaxy/server/database/objects/0/c/6/dataset_0c60d6f1-c2b5-4719-a1f2-c6f816f713d9_files\u0027/*.tsv output_dir/",  "command_version": null,  "copied_from_job_id": null,  "create_time": "2026-01-26T14:09:32.098628",  "dependencies": [],  "exit_code": null,  "external_id": "gxy-vbzhk",  "galaxy_version": "24.1",  "handler": null,  "history_id": "2b0a11dd84482e07",  "id": "e17f4321b6910031",  "inputs": {   "input|counts": {    "id": "9d8075d832d4855d",    "src": "hda",    "uuid": "e8c22893-6482-4aef-998b-fd19d8f29123"   }  },  "job_messages": null,  "job_metrics": [],  "job_runner_name": null,  "job_stderr": null,  "job_stdout": null,  "model_class": "Job",  "output_collections": {   "outTables": {    "id": "4347f562eecbd8be",    "src": "hdca"   }  },  "outputs": {   "outReport": {    "id": "e639f0cef9a1fed9",    "src": "hda",    "uuid": "0c60d6f1-c2b5-4719-a1f2-c6f816f713d9"   }  },  "params": {   "__input_ext": "\"tabular\"",   "adv": "{\"lfc\": \"0.0\", \"lrtOption\": false, \"normalisationOption\": \"TMM\", \"pAdjust\": \"BH\", \"pVal\": \"0.05\", \"robOption\": true}",   "anno": "{\"__current_case__\": 1, \"annoOpt\": \"no\"}",   "chromInfo": "\"/cvmfs/data.galaxyproject.org/managed/len/ucsc/?.len\"",   "contrasts": "{\"__current_case__\": 0, \"contrastOpt\": \"manual\", \"rep_contrast\": [{\"__index__\": 0, \"contrast\": \"Mut-WT\"}]}",   "dbkey": "\"?\"",   "f": "{\"filt\": {\"__current_case__\": 0, \"cformat\": {\"__current_case__\": 1, \"cntReq\": \"1000\", \"format_select\": \"counts\", \"samples\": {\"__current_case__\": 0, \"count_select\": \"total\"}}, \"filt_select\": \"yes\"}}",   "formula": null,   "input": "{\"__current_case__\": 1, \"counts\": {\"values\": [{\"id\": 223, \"src\": \"hda\"}]}, \"fact\": {\"__current_case__\": 1, \"ffile\": \"no\", \"rep_factor\": [{\"__index__\": 0, \"factorName\": \"Genotype\", \"groupNames\": \"Mut,Mut,Mut,WT,WT,WT\"}]}, \"format\": \"matrix\"}",   "out": "{\"normCounts\": false, \"rdaOption\": false, \"rscript\": false}"  },  "state": "error",  "stderr": "Warning message:\nIn Sys.setlocale(\"LC_MESSAGES\", \"en_US.UTF-8\") :\n  OS reports request to set locale to \"en_US.UTF-8\" cannot be honored\nWarning message:\nIn plot.xy(xy, type, ...) : NAs introduced by coercion\nWarning message:\nIn plot.xy(xy, type, ...) : NAs introduced by coercion\n",  "stdout": "",  "tool_id": "toolshed.g2.bx.psu.edu/repos/iuc/edger/edger/3.36.0+galaxy7",  "tool_stderr": "Warning message:\nIn Sys.setlocale(\"LC_MESSAGES\", \"en_US.UTF-8\") :\n  OS reports request to set locale to \"en_US.UTF-8\" cannot be honored\nWarning message:\nIn plot.xy(xy, type, ...) : NAs introduced by coercion\nWarning message:\nIn plot.xy(xy, type, ...) : NAs introduced by coercion\n",  "tool_stdout": "",  "update_time": "2026-01-26T14:09:41.653770",  "user_email": "tests@fake.org" }, "output_problems": [  "Job in error state.. tool_id: toolshed.g2.bx.psu.edu/repos/iuc/edger/edger/3.36.0+galaxy7, exit_code: None, stderr: Warning message:\nIn Sys.setlocale(\"LC_MESSAGES\", \"en_US.UTF-8\") :\n  OS reports request to set locale to \"en_US.UTF-8\" cannot be honored\nWarning message:\nIn plot.xy(xy, type, ...) : NAs introduced by coercion\nWarning message:\nIn plot.xy(xy, type, ...) : NAs introduced by coercion\n.",  "Output collection \u0027outTables\u0027: expected to have 1 elements, but it had 0." ], "status": "failure", "test_index": 11, "time_seconds": 33.003235816955566, "tool_id": "edger", "tool_version": "3.36.0+galaxy7"}
                ]]></error>
            
            <system-out><![CDATA[
            
            ]]></system-out>
            <system-err><![CDATA[
            Warning message:In Sys.setlocale("LC_MESSAGES", "en_US.UTF-8") :  OS reports request to set locale to "en_US.UTF-8" cannot be honoredWarning message:In plot.xy(xy, type, ...) : NAs introduced by coercionWarning message:In plot.xy(xy, type, ...) : NAs introduced by coercion
            ]]></system-err>
        
    </testcase>
    
    <testcase classname="edger (Test #13)" name="12" time="47.104209423065186">
        
            
            <system-out><![CDATA[
            
            ]]></system-out>
            <system-err><![CDATA[
            Warning message:In Sys.setlocale("LC_MESSAGES", "en_US.UTF-8") :  OS reports request to set locale to "en_US.UTF-8" cannot be honoredWarning message:In plot.xy(xy, type, ...) : NAs introduced by coercionWarning message:In plot.xy(xy, type, ...) : NAs introduced by coercionWarning messages:1: In plot.xy(xy, type, ...) : NAs introduced by coercion2: In plot.xy(xy, type, ...) : NAs introduced by coercion
            ]]></system-err>
        
    </testcase>
    
    <testcase classname="edger (Test #14)" name="13" time="48.48263430595398">
        
            
            <system-out><![CDATA[
            
            ]]></system-out>
            <system-err><![CDATA[
            Warning message:In Sys.setlocale("LC_MESSAGES", "en_US.UTF-8") :  OS reports request to set locale to "en_US.UTF-8" cannot be honoredWarning message:In plot.xy(xy, type, ...) : NAs introduced by coercionWarning message:In plot.xy(xy, type, ...) : NAs introduced by coercionWarning messages:1: In plot.xy(xy, type, ...) : NAs introduced by coercion2: In plot.xy(xy, type, ...) : NAs introduced by coercion
            ]]></system-err>
        
    </testcase>
    
    <testcase classname="edger (Test #15)" name="14" time="48.336426734924316">
        
            
            <system-out><![CDATA[
            
            ]]></system-out>
            <system-err><![CDATA[
            Warning message:In Sys.setlocale("LC_MESSAGES", "en_US.UTF-8") :  OS reports request to set locale to "en_US.UTF-8" cannot be honoredWarning message:In plot.xy(xy, type, ...) : NAs introduced by coercionWarning message:In plot.xy(xy, type, ...) : NAs introduced by coercionWarning messages:1: In plot.xy(xy, type, ...) : NAs introduced by coercion2: In plot.xy(xy, type, ...) : NAs introduced by coercion
            ]]></system-err>
        
    </testcase>
    
    <testcase classname="edger (Test #3)" name="2" time="44.98788046836853">
        
            
            <system-out><![CDATA[
            
            ]]></system-out>
            <system-err><![CDATA[
            Warning message:In Sys.setlocale("LC_MESSAGES", "en_US.UTF-8") :  OS reports request to set locale to "en_US.UTF-8" cannot be honoredWarning message:In plot.xy(xy, type, ...) : NAs introduced by coercionWarning message:In plot.xy(xy, type, ...) : NAs introduced by coercion
            ]]></system-err>
        
    </testcase>
    
    <testcase classname="edger (Test #4)" name="3" time="42.923009157180786">
        
            
            <system-out><![CDATA[
            
            ]]></system-out>
            <system-err><![CDATA[
            Warning message:In Sys.setlocale("LC_MESSAGES", "en_US.UTF-8") :  OS reports request to set locale to "en_US.UTF-8" cannot be honoredWarning message:In plot.xy(xy, type, ...) : NAs introduced by coercionWarning message:In plot.xy(xy, type, ...) : NAs introduced by coercion
            ]]></system-err>
        
    </testcase>
    
    <testcase classname="edger (Test #5)" name="4" time="44.184303283691406">
        
            
            <system-out><![CDATA[
            
            ]]></system-out>
            <system-err><![CDATA[
            Warning message:In Sys.setlocale("LC_MESSAGES", "en_US.UTF-8") :  OS reports request to set locale to "en_US.UTF-8" cannot be honoredWarning message:In plot.xy(xy, type, ...) : NAs introduced by coercionWarning message:In plot.xy(xy, type, ...) : NAs introduced by coercionWarning messages:1: In plot.xy(xy, type, ...) : NAs introduced by coercion2: In plot.xy(xy, type, ...) : NAs introduced by coercion
            ]]></system-err>
        
    </testcase>
    
    <testcase classname="edger (Test #6)" name="5" time="13.149931192398071">
        
            <error type="error" message="Input staging problem: Traceback (most recent call last):
  File "/opt/hostedtoolcache/Python/3.12.12/x64/lib/python3.12/site-packages/galaxy/tool_util/verify/interactor.py", line 1466, in verify_tool
    stage_data_in_history(
  File "/opt/hostedtoolcache/Python/3.12.12/x64/lib/python3.12/site-packages/galaxy/tool_util/verify/interactor.py", line 175, in stage_data_in_history
    staging_interface.handle_jobs()
  File "/opt/hostedtoolcache/Python/3.12.12/x64/lib/python3.12/site-packages/galaxy/tool_util/verify/interactor.py", line 212, in handle_jobs
    self.galaxy_interactor.wait_for_job(job_response["id"], job_response["history_id"], self.maxseconds)
  File "/opt/hostedtoolcache/Python/3.12.12/x64/lib/python3.12/site-packages/galaxy/tool_util/verify/interactor.py", line 398, in wait_for_job
    self.wait_for(lambda: self.__job_ready(job_id, history_id), maxseconds=maxseconds)
  File "/opt/hostedtoolcache/Python/3.12.12/x64/lib/python3.12/site-packages/galaxy/tool_util/verify/interactor.py", line 402, in wait_for
    wait_on(func, what, walltime_exceeded)
  File "/opt/hostedtoolcache/Python/3.12.12/x64/lib/python3.12/site-packages/galaxy/tool_util/verify/wait.py", line 38, in wait_on
    value = function()
            ^^^^^^^^^^
  File "/opt/hostedtoolcache/Python/3.12.12/x64/lib/python3.12/site-packages/galaxy/tool_util/verify/interactor.py", line 398, in <lambda>
    self.wait_for(lambda: self.__job_ready(job_id, history_id), maxseconds=maxseconds)
                          ^^^^^^^^^^^^^^^^^^^^^^^^^^^^^^^^^^^^
  File "/opt/hostedtoolcache/Python/3.12.12/x64/lib/python3.12/site-packages/galaxy/tool_util/verify/interactor.py", line 751, in __job_ready
    return self._state_ready(job_id, error_msg="Job in error state.")
           ^^^^^^^^^^^^^^^^^^^^^^^^^^^^^^^^^^^^^^^^^^^^^^^^^^^^^^^^^^
  File "/opt/hostedtoolcache/Python/3.12.12/x64/lib/python3.12/site-packages/galaxy/tool_util/verify/interactor.py", line 847, in _state_ready
    raise Exception(
Exception: Job in error state.. tool_id: __DATA_FETCH__, exit_code: None, stderr: .
"><![CDATA[
                { "execution_problem": "Input staging problem: Traceback (most recent call last):\n  File \"/opt/hostedtoolcache/Python/3.12.12/x64/lib/python3.12/site-packages/galaxy/tool_util/verify/interactor.py\", line 1466, in verify_tool\n    stage_data_in_history(\n  File \"/opt/hostedtoolcache/Python/3.12.12/x64/lib/python3.12/site-packages/galaxy/tool_util/verify/interactor.py\", line 175, in stage_data_in_history\n    staging_interface.handle_jobs()\n  File \"/opt/hostedtoolcache/Python/3.12.12/x64/lib/python3.12/site-packages/galaxy/tool_util/verify/interactor.py\", line 212, in handle_jobs\n    self.galaxy_interactor.wait_for_job(job_response[\"id\"], job_response[\"history_id\"], self.maxseconds)\n  File \"/opt/hostedtoolcache/Python/3.12.12/x64/lib/python3.12/site-packages/galaxy/tool_util/verify/interactor.py\", line 398, in wait_for_job\n    self.wait_for(lambda: self.__job_ready(job_id, history_id), maxseconds=maxseconds)\n  File \"/opt/hostedtoolcache/Python/3.12.12/x64/lib/python3.12/site-packages/galaxy/tool_util/verify/interactor.py\", line 402, in wait_for\n    wait_on(func, what, walltime_exceeded)\n  File \"/opt/hostedtoolcache/Python/3.12.12/x64/lib/python3.12/site-packages/galaxy/tool_util/verify/wait.py\", line 38, in wait_on\n    value = function()\n            ^^^^^^^^^^\n  File \"/opt/hostedtoolcache/Python/3.12.12/x64/lib/python3.12/site-packages/galaxy/tool_util/verify/interactor.py\", line 398, in \u003clambda\u003e\n    self.wait_for(lambda: self.__job_ready(job_id, history_id), maxseconds=maxseconds)\n                          ^^^^^^^^^^^^^^^^^^^^^^^^^^^^^^^^^^^^\n  File \"/opt/hostedtoolcache/Python/3.12.12/x64/lib/python3.12/site-packages/galaxy/tool_util/verify/interactor.py\", line 751, in __job_ready\n    return self._state_ready(job_id, error_msg=\"Job in error state.\")\n           ^^^^^^^^^^^^^^^^^^^^^^^^^^^^^^^^^^^^^^^^^^^^^^^^^^^^^^^^^^\n  File \"/opt/hostedtoolcache/Python/3.12.12/x64/lib/python3.12/site-packages/galaxy/tool_util/verify/interactor.py\", line 847, in _state_ready\n    raise Exception(\nException: Job in error state.. tool_id: __DATA_FETCH__, exit_code: None, stderr: .\n", "status": "error", "test_index": 5, "time_seconds": 13.149931192398071, "tool_id": "edger", "tool_version": "3.36.0+galaxy7"}
            ]]></error>
        
    </testcase>
    
    <testcase classname="edger (Test #7)" name="6" time="43.9758026599884">
        
            
            <system-out><![CDATA[
            
            ]]></system-out>
            <system-err><![CDATA[
            Warning message:In Sys.setlocale("LC_MESSAGES", "en_US.UTF-8") :  OS reports request to set locale to "en_US.UTF-8" cannot be honoredWarning message:In plot.xy(xy, type, ...) : NAs introduced by coercionWarning message:In plot.xy(xy, type, ...) : NAs introduced by coercion
            ]]></system-err>
        
    </testcase>
    
    <testcase classname="edger (Test #8)" name="7" time="43.970165729522705">
        
            
            <system-out><![CDATA[
            
            ]]></system-out>
            <system-err><![CDATA[
            Warning message:In Sys.setlocale("LC_MESSAGES", "en_US.UTF-8") :  OS reports request to set locale to "en_US.UTF-8" cannot be honoredWarning message:In plot.xy(xy, type, ...) : NAs introduced by coercionWarning message:In plot.xy(xy, type, ...) : NAs introduced by coercion
            ]]></system-err>
        
    </testcase>
    
    <testcase classname="edger (Test #9)" name="8" time="34.959009885787964">
        
            <error type="error" message="Input staging problem: Traceback (most recent call last):
  File "/opt/hostedtoolcache/Python/3.12.12/x64/lib/python3.12/site-packages/galaxy/tool_util/verify/interactor.py", line 1466, in verify_tool
    stage_data_in_history(
  File "/opt/hostedtoolcache/Python/3.12.12/x64/lib/python3.12/site-packages/galaxy/tool_util/verify/interactor.py", line 175, in stage_data_in_history
    staging_interface.handle_jobs()
  File "/opt/hostedtoolcache/Python/3.12.12/x64/lib/python3.12/site-packages/galaxy/tool_util/verify/interactor.py", line 212, in handle_jobs
    self.galaxy_interactor.wait_for_job(job_response["id"], job_response["history_id"], self.maxseconds)
  File "/opt/hostedtoolcache/Python/3.12.12/x64/lib/python3.12/site-packages/galaxy/tool_util/verify/interactor.py", line 398, in wait_for_job
    self.wait_for(lambda: self.__job_ready(job_id, history_id), maxseconds=maxseconds)
  File "/opt/hostedtoolcache/Python/3.12.12/x64/lib/python3.12/site-packages/galaxy/tool_util/verify/interactor.py", line 402, in wait_for
    wait_on(func, what, walltime_exceeded)
  File "/opt/hostedtoolcache/Python/3.12.12/x64/lib/python3.12/site-packages/galaxy/tool_util/verify/wait.py", line 38, in wait_on
    value = function()
            ^^^^^^^^^^
  File "/opt/hostedtoolcache/Python/3.12.12/x64/lib/python3.12/site-packages/galaxy/tool_util/verify/interactor.py", line 398, in <lambda>
    self.wait_for(lambda: self.__job_ready(job_id, history_id), maxseconds=maxseconds)
                          ^^^^^^^^^^^^^^^^^^^^^^^^^^^^^^^^^^^^
  File "/opt/hostedtoolcache/Python/3.12.12/x64/lib/python3.12/site-packages/galaxy/tool_util/verify/interactor.py", line 751, in __job_ready
    return self._state_ready(job_id, error_msg="Job in error state.")
           ^^^^^^^^^^^^^^^^^^^^^^^^^^^^^^^^^^^^^^^^^^^^^^^^^^^^^^^^^^
  File "/opt/hostedtoolcache/Python/3.12.12/x64/lib/python3.12/site-packages/galaxy/tool_util/verify/interactor.py", line 847, in _state_ready
    raise Exception(
Exception: Job in error state.. tool_id: __DATA_FETCH__, exit_code: None, stderr: .
"><![CDATA[
                { "execution_problem": "Input staging problem: Traceback (most recent call last):\n  File \"/opt/hostedtoolcache/Python/3.12.12/x64/lib/python3.12/site-packages/galaxy/tool_util/verify/interactor.py\", line 1466, in verify_tool\n    stage_data_in_history(\n  File \"/opt/hostedtoolcache/Python/3.12.12/x64/lib/python3.12/site-packages/galaxy/tool_util/verify/interactor.py\", line 175, in stage_data_in_history\n    staging_interface.handle_jobs()\n  File \"/opt/hostedtoolcache/Python/3.12.12/x64/lib/python3.12/site-packages/galaxy/tool_util/verify/interactor.py\", line 212, in handle_jobs\n    self.galaxy_interactor.wait_for_job(job_response[\"id\"], job_response[\"history_id\"], self.maxseconds)\n  File \"/opt/hostedtoolcache/Python/3.12.12/x64/lib/python3.12/site-packages/galaxy/tool_util/verify/interactor.py\", line 398, in wait_for_job\n    self.wait_for(lambda: self.__job_ready(job_id, history_id), maxseconds=maxseconds)\n  File \"/opt/hostedtoolcache/Python/3.12.12/x64/lib/python3.12/site-packages/galaxy/tool_util/verify/interactor.py\", line 402, in wait_for\n    wait_on(func, what, walltime_exceeded)\n  File \"/opt/hostedtoolcache/Python/3.12.12/x64/lib/python3.12/site-packages/galaxy/tool_util/verify/wait.py\", line 38, in wait_on\n    value = function()\n            ^^^^^^^^^^\n  File \"/opt/hostedtoolcache/Python/3.12.12/x64/lib/python3.12/site-packages/galaxy/tool_util/verify/interactor.py\", line 398, in \u003clambda\u003e\n    self.wait_for(lambda: self.__job_ready(job_id, history_id), maxseconds=maxseconds)\n                          ^^^^^^^^^^^^^^^^^^^^^^^^^^^^^^^^^^^^\n  File \"/opt/hostedtoolcache/Python/3.12.12/x64/lib/python3.12/site-packages/galaxy/tool_util/verify/interactor.py\", line 751, in __job_ready\n    return self._state_ready(job_id, error_msg=\"Job in error state.\")\n           ^^^^^^^^^^^^^^^^^^^^^^^^^^^^^^^^^^^^^^^^^^^^^^^^^^^^^^^^^^\n  File \"/opt/hostedtoolcache/Python/3.12.12/x64/lib/python3.12/site-packages/galaxy/tool_util/verify/interactor.py\", line 847, in _state_ready\n    raise Exception(\nException: Job in error state.. tool_id: __DATA_FETCH__, exit_code: None, stderr: .\n", "status": "error", "test_index": 8, "time_seconds": 34.959009885787964, "tool_id": "edger", "tool_version": "3.36.0+galaxy7"}
            ]]></error>
        
    </testcase>
    
    <testcase classname="edger (Test #10)" name="9" time="43.5989134311676">
        
            
            <system-out><![CDATA[
            
            ]]></system-out>
            <system-err><![CDATA[
            Warning message:In Sys.setlocale("LC_MESSAGES", "en_US.UTF-8") :  OS reports request to set locale to "en_US.UTF-8" cannot be honoredWarning message:In plot.xy(xy, type, ...) : NAs introduced by coercionWarning message:In plot.xy(xy, type, ...) : NAs introduced by coercion
            ]]></system-err>
        
    </testcase>
    
    <testcase classname="fastq_groomer (Test #1)" name="0" time="46.114274740219116">
        
            
            <system-out><![CDATA[
            Groomed 2 sanger reads into sanger reads.Based upon quality and sequence, the input data is valid for: sanger, sanger.gz, sanger.bz2Input ASCII range: '!'(33) - '~'(126)Input decimal range: 0 - 93
            ]]></system-out>
            <system-err><![CDATA[
            
            ]]></system-err>
        
    </testcase>
    
    <testcase classname="fastq_groomer (Test #2)" name="1" time="37.144094944000244">
        
            
            <system-out><![CDATA[
            Groomed 2 sanger reads into sanger reads.Based upon quality and sequence, the input data is valid for: sanger, sanger.gz, sanger.bz2Input ASCII range: '!'(33) - '~'(126)Input decimal range: 0 - 93
            ]]></system-out>
            <system-err><![CDATA[
            
            ]]></system-err>
        
    </testcase>
    
    <testcase classname="fastq_groomer (Test #11)" name="10" time="37.62039041519165">
        
            
            <system-out><![CDATA[
            Groomed 2 illumina reads into solexa reads.Converted between Solexa and PHRED scores.Based upon quality and sequence, the input data is valid for: illumina, illumina.gz, illumina.bz2, solexa, solexa.gz, solexa.bz2, sanger, sanger.gz, sanger.bz2Input ASCII range: '@'(64) - '~'(126)Input decimal range: 0 - 62
            ]]></system-out>
            <system-err><![CDATA[
            
            ]]></system-err>
        
    </testcase>
    
    <testcase classname="fastq_groomer (Test #12)" name="11" time="38.222806215286255">
        
            
            <system-out><![CDATA[
            Groomed 2 illumina reads into cssanger reads.Based upon quality and sequence, the input data is valid for: illumina, illumina.gz, illumina.bz2, solexa, solexa.gz, solexa.bz2, sanger, sanger.gz, sanger.bz2Input ASCII range: '@'(64) - '~'(126)Input decimal range: 0 - 62
            ]]></system-out>
            <system-err><![CDATA[
            
            ]]></system-err>
        
    </testcase>
    
    <testcase classname="fastq_groomer (Test #13)" name="12" time="36.447041749954224">
        
            
            <system-out><![CDATA[
            Groomed 2 sanger reads into sanger reads.Based upon quality and sequence, the input data is valid for: sanger, sanger.gz, sanger.bz2Input ASCII range: '!'(33) - '~'(126)Input decimal range: 0 - 93
            ]]></system-out>
            <system-err><![CDATA[
            
            ]]></system-err>
        
    </testcase>
    
    <testcase classname="fastq_groomer (Test #14)" name="13" time="37.220794677734375">
        
            
            <system-out><![CDATA[
            Groomed 2 sanger reads into illumina reads.Based upon quality and sequence, the input data is valid for: sanger, sanger.gz, sanger.bz2Input ASCII range: '!'(33) - '~'(126)Input decimal range: 0 - 93
            ]]></system-out>
            <system-err><![CDATA[
            
            ]]></system-err>
        
    </testcase>
    
    <testcase classname="fastq_groomer (Test #15)" name="14" time="38.70504903793335">
        
            
            <system-out><![CDATA[
            Groomed 2 sanger reads into solexa reads.Converted between Solexa and PHRED scores.Based upon quality and sequence, the input data is valid for: sanger, sanger.gz, sanger.bz2Input ASCII range: '!'(33) - '~'(126)Input decimal range: 0 - 93
            ]]></system-out>
            <system-err><![CDATA[
            
            ]]></system-err>
        
    </testcase>
    
    <testcase classname="fastq_groomer (Test #16)" name="15" time="39.19386100769043">
        
            
            <system-out><![CDATA[
            Groomed 2 sanger reads into cssanger reads.Based upon quality and sequence, the input data is valid for: sanger, sanger.gz, sanger.bz2Input ASCII range: '!'(33) - '~'(126)Input decimal range: 0 - 93
            ]]></system-out>
            <system-err><![CDATA[
            
            ]]></system-err>
        
    </testcase>
    
    <testcase classname="fastq_groomer (Test #17)" name="16" time="38.507237911224365">
        
            
            <system-out><![CDATA[
            Groomed 2 solexa reads into solexa reads.Based upon quality and sequence, the input data is valid for: solexa, solexa.gz, solexa.bz2, sanger, sanger.gz, sanger.bz2Input ASCII range: ';'(59) - '~'(126)Input decimal range: -5 - 62
            ]]></system-out>
            <system-err><![CDATA[
            
            ]]></system-err>
        
    </testcase>
    
    <testcase classname="fastq_groomer (Test #18)" name="17" time="38.459338665008545">
        
            
            <system-out><![CDATA[
            Groomed 2 solexa reads into illumina reads.Converted between Solexa and PHRED scores.Based upon quality and sequence, the input data is valid for: solexa, solexa.gz, solexa.bz2, sanger, sanger.gz, sanger.bz2Input ASCII range: ';'(59) - '~'(126)Input decimal range: -5 - 62
            ]]></system-out>
            <system-err><![CDATA[
            
            ]]></system-err>
        
    </testcase>
    
    <testcase classname="fastq_groomer (Test #19)" name="18" time="38.90993642807007">
        
            
            <system-out><![CDATA[
            Groomed 2 solexa reads into sanger reads.Converted between Solexa and PHRED scores.Based upon quality and sequence, the input data is valid for: solexa, solexa.gz, solexa.bz2, sanger, sanger.gz, sanger.bz2Input ASCII range: ';'(59) - '~'(126)Input decimal range: -5 - 62
            ]]></system-out>
            <system-err><![CDATA[
            
            ]]></system-err>
        
    </testcase>
    
    <testcase classname="fastq_groomer (Test #20)" name="19" time="36.39315581321716">
        
            
            <system-out><![CDATA[
            Groomed 2 solexa reads into cssanger reads.Converted between Solexa and PHRED scores.Based upon quality and sequence, the input data is valid for: solexa, solexa.gz, solexa.bz2, sanger, sanger.gz, sanger.bz2Input ASCII range: ';'(59) - '~'(126)Input decimal range: -5 - 62
            ]]></system-out>
            <system-err><![CDATA[
            
            ]]></system-err>
        
    </testcase>
    
    <testcase classname="fastq_groomer (Test #3)" name="2" time="37.148682594299316">
        
            
            <system-out><![CDATA[
            There was an error reading your input file. Your input file is likely malformed.It is suggested that you double-check your original input file for errors -- helpful information for this purpose has been provided below.However, if you think that you have encountered an actual error with this tool, please do tell us by using the bug reporting mechanism.The reported error is: 'Invalid FASTQ file: quality score identifier (+invalid line)                         does not match sequence identifier (@FAKE-1).'.The error occurred at the start of your file and no valid FASTQ reads were found.The error in your file occurs between lines '1' and '3', which corresponds to byte-offsets '0' and '33', and contains the text (33 of 33 bytes shown):@FAKE-1ACGTACGTAC+invalid line
            ]]></system-out>
            <system-err><![CDATA[
            Traceback (most recent call last):  File "/usr/local/bin/gx-fastq-groomer", line 10, in <module>    sys.exit(main())             ^^^^^^  File "/usr/local/lib/python3.11/site-packages/galaxy_utils/sequence/scripts/fastq_groomer.py", line 99, in main    Groomer().run()  File "/usr/local/lib/python3.11/site-packages/galaxy_utils/sequence/scripts/fastq_groomer.py", line 48, in run    for read_count, fastq_read in enumerate(reader):  File "/usr/local/lib/python3.11/site-packages/galaxy_utils/sequence/fastq.py", line 683, in __iter__    yield next(self)          ^^^^^^^^^^  File "/usr/local/lib/python3.11/site-packages/galaxy_utils/sequence/fastq.py", line 742, in __next__    raise e  File "/usr/local/lib/python3.11/site-packages/galaxy_utils/sequence/fastq.py", line 724, in __next__    block = super(fastqVerboseErrorReader, self).__next__()            ^^^^^^^^^^^^^^^^^^^^^^^^^^^^^^^^^^^^^^^^^^^^^^^  File "/usr/local/lib/python3.11/site-packages/galaxy_utils/sequence/fastq.py", line 621, in __next__    self._read_fastq_sequence(rval, id_line)  File "/usr/local/lib/python3.11/site-packages/galaxy_utils/sequence/fastq.py", line 666, in _read_fastq_sequence    raise fastqFormatError(galaxy_utils.sequence.fastq.fastqFormatError: Invalid FASTQ file: quality score identifier (+invalid line)                         does not match sequence identifier (@FAKE-1).
            ]]></system-err>
        
    </testcase>
    
    <testcase classname="fastq_groomer (Test #21)" name="20" time="38.32009744644165">
        
            
            <system-out><![CDATA[
            Groomed 2 cssanger reads into cssanger reads.Based upon quality and sequence, the input data is valid for: cssanger, cssanger.gz, cssanger.bz2Input ASCII range: '!'(33) - '~'(126)Input decimal range: 0 - 93
            ]]></system-out>
            <system-err><![CDATA[
            
            ]]></system-err>
        
    </testcase>
    
    <testcase classname="fastq_groomer (Test #22)" name="21" time="38.28480362892151">
        
            
            <system-out><![CDATA[
            Groomed 2 cssanger reads into sanger reads.Based upon quality and sequence, the input data is valid for: cssanger, cssanger.gz, cssanger.bz2Input ASCII range: '!'(33) - '~'(126)Input decimal range: 0 - 93
            ]]></system-out>
            <system-err><![CDATA[
            
            ]]></system-err>
        
    </testcase>
    
    <testcase classname="fastq_groomer (Test #23)" name="22" time="37.50044775009155">
        
            
            <system-out><![CDATA[
            Groomed 2 cssanger reads into illumina reads.Based upon quality and sequence, the input data is valid for: cssanger, cssanger.gz, cssanger.bz2Input ASCII range: '!'(33) - '~'(126)Input decimal range: 0 - 93
            ]]></system-out>
            <system-err><![CDATA[
            
            ]]></system-err>
        
    </testcase>
    
    <testcase classname="fastq_groomer (Test #24)" name="23" time="39.027294874191284">
        
            
            <system-out><![CDATA[
            Groomed 2 cssanger reads into solexa reads.Converted between Solexa and PHRED scores.Based upon quality and sequence, the input data is valid for: cssanger, cssanger.gz, cssanger.bz2Input ASCII range: '!'(33) - '~'(126)Input decimal range: 0 - 93
            ]]></system-out>
            <system-err><![CDATA[
            
            ]]></system-err>
        
    </testcase>
    
    <testcase classname="fastq_groomer (Test #25)" name="24" time="38.684070348739624">
        
            
            <system-out><![CDATA[
            Groomed 2 cssanger reads into cssanger reads.Based upon quality and sequence, the input data is valid for: cssanger, cssanger.gz, cssanger.bz2Input ASCII range: '!'(33) - '~'(126)Input decimal range: 0 - 93
            ]]></system-out>
            <system-err><![CDATA[
            
            ]]></system-err>
        
    </testcase>
    
    <testcase classname="fastq_groomer (Test #26)" name="25" time="38.23325490951538">
        
            
            <system-out><![CDATA[
            Groomed 3 sanger reads into sanger reads.Based upon quality and sequence, the input data is valid for: sanger, sanger.gz, sanger.bz2Input ASCII range: '"'(34) - 'F'(70)Input decimal range: 1 - 37
            ]]></system-out>
            <system-err><![CDATA[
            
            ]]></system-err>
        
    </testcase>
    
    <testcase classname="fastq_groomer (Test #27)" name="26" time="38.29110884666443">
        
            
            <system-out><![CDATA[
            Groomed 3 sanger reads into illumina reads.Based upon quality and sequence, the input data is valid for: sanger, sanger.gz, sanger.bz2Input ASCII range: '"'(34) - 'F'(70)Input decimal range: 1 - 37
            ]]></system-out>
            <system-err><![CDATA[
            
            ]]></system-err>
        
    </testcase>
    
    <testcase classname="fastq_groomer (Test #28)" name="27" time="39.42385387420654">
        
            
            <system-out><![CDATA[
            Groomed 3 sanger reads into solexa reads.Converted between Solexa and PHRED scores.Based upon quality and sequence, the input data is valid for: sanger, sanger.gz, sanger.bz2Input ASCII range: '"'(34) - 'F'(70)Input decimal range: 1 - 37
            ]]></system-out>
            <system-err><![CDATA[
            
            ]]></system-err>
        
    </testcase>
    
    <testcase classname="fastq_groomer (Test #29)" name="28" time="12.385362148284912">
        
            <error type="error" message="Input staging problem: Traceback (most recent call last):
  File "/opt/hostedtoolcache/Python/3.12.12/x64/lib/python3.12/site-packages/galaxy/tool_util/verify/interactor.py", line 1466, in verify_tool
    stage_data_in_history(
  File "/opt/hostedtoolcache/Python/3.12.12/x64/lib/python3.12/site-packages/galaxy/tool_util/verify/interactor.py", line 175, in stage_data_in_history
    staging_interface.handle_jobs()
  File "/opt/hostedtoolcache/Python/3.12.12/x64/lib/python3.12/site-packages/galaxy/tool_util/verify/interactor.py", line 212, in handle_jobs
    self.galaxy_interactor.wait_for_job(job_response["id"], job_response["history_id"], self.maxseconds)
  File "/opt/hostedtoolcache/Python/3.12.12/x64/lib/python3.12/site-packages/galaxy/tool_util/verify/interactor.py", line 398, in wait_for_job
    self.wait_for(lambda: self.__job_ready(job_id, history_id), maxseconds=maxseconds)
  File "/opt/hostedtoolcache/Python/3.12.12/x64/lib/python3.12/site-packages/galaxy/tool_util/verify/interactor.py", line 402, in wait_for
    wait_on(func, what, walltime_exceeded)
  File "/opt/hostedtoolcache/Python/3.12.12/x64/lib/python3.12/site-packages/galaxy/tool_util/verify/wait.py", line 38, in wait_on
    value = function()
            ^^^^^^^^^^
  File "/opt/hostedtoolcache/Python/3.12.12/x64/lib/python3.12/site-packages/galaxy/tool_util/verify/interactor.py", line 398, in <lambda>
    self.wait_for(lambda: self.__job_ready(job_id, history_id), maxseconds=maxseconds)
                          ^^^^^^^^^^^^^^^^^^^^^^^^^^^^^^^^^^^^
  File "/opt/hostedtoolcache/Python/3.12.12/x64/lib/python3.12/site-packages/galaxy/tool_util/verify/interactor.py", line 751, in __job_ready
    return self._state_ready(job_id, error_msg="Job in error state.")
           ^^^^^^^^^^^^^^^^^^^^^^^^^^^^^^^^^^^^^^^^^^^^^^^^^^^^^^^^^^
  File "/opt/hostedtoolcache/Python/3.12.12/x64/lib/python3.12/site-packages/galaxy/tool_util/verify/interactor.py", line 847, in _state_ready
    raise Exception(
Exception: Job in error state.. tool_id: __DATA_FETCH__, exit_code: None, stderr: .
"><![CDATA[
                { "execution_problem": "Input staging problem: Traceback (most recent call last):\n  File \"/opt/hostedtoolcache/Python/3.12.12/x64/lib/python3.12/site-packages/galaxy/tool_util/verify/interactor.py\", line 1466, in verify_tool\n    stage_data_in_history(\n  File \"/opt/hostedtoolcache/Python/3.12.12/x64/lib/python3.12/site-packages/galaxy/tool_util/verify/interactor.py\", line 175, in stage_data_in_history\n    staging_interface.handle_jobs()\n  File \"/opt/hostedtoolcache/Python/3.12.12/x64/lib/python3.12/site-packages/galaxy/tool_util/verify/interactor.py\", line 212, in handle_jobs\n    self.galaxy_interactor.wait_for_job(job_response[\"id\"], job_response[\"history_id\"], self.maxseconds)\n  File \"/opt/hostedtoolcache/Python/3.12.12/x64/lib/python3.12/site-packages/galaxy/tool_util/verify/interactor.py\", line 398, in wait_for_job\n    self.wait_for(lambda: self.__job_ready(job_id, history_id), maxseconds=maxseconds)\n  File \"/opt/hostedtoolcache/Python/3.12.12/x64/lib/python3.12/site-packages/galaxy/tool_util/verify/interactor.py\", line 402, in wait_for\n    wait_on(func, what, walltime_exceeded)\n  File \"/opt/hostedtoolcache/Python/3.12.12/x64/lib/python3.12/site-packages/galaxy/tool_util/verify/wait.py\", line 38, in wait_on\n    value = function()\n            ^^^^^^^^^^\n  File \"/opt/hostedtoolcache/Python/3.12.12/x64/lib/python3.12/site-packages/galaxy/tool_util/verify/interactor.py\", line 398, in \u003clambda\u003e\n    self.wait_for(lambda: self.__job_ready(job_id, history_id), maxseconds=maxseconds)\n                          ^^^^^^^^^^^^^^^^^^^^^^^^^^^^^^^^^^^^\n  File \"/opt/hostedtoolcache/Python/3.12.12/x64/lib/python3.12/site-packages/galaxy/tool_util/verify/interactor.py\", line 751, in __job_ready\n    return self._state_ready(job_id, error_msg=\"Job in error state.\")\n           ^^^^^^^^^^^^^^^^^^^^^^^^^^^^^^^^^^^^^^^^^^^^^^^^^^^^^^^^^^\n  File \"/opt/hostedtoolcache/Python/3.12.12/x64/lib/python3.12/site-packages/galaxy/tool_util/verify/interactor.py\", line 847, in _state_ready\n    raise Exception(\nException: Job in error state.. tool_id: __DATA_FETCH__, exit_code: None, stderr: .\n", "status": "error", "test_index": 28, "time_seconds": 12.385362148284912, "tool_id": "fastq_groomer", "tool_version": "1.1.5+galaxy2"}
            ]]></error>
        
    </testcase>
    
    <testcase classname="fastq_groomer (Test #30)" name="29" time="37.16916751861572">
        
            
            <system-out><![CDATA[
            Groomed 2 sanger reads into sanger reads.Based upon quality and sequence, the input data is valid for: sanger, sanger.gz, sanger.bz2Input ASCII range: '!'(33) - '~'(126)Input decimal range: 0 - 93
            ]]></system-out>
            <system-err><![CDATA[
            
            ]]></system-err>
        
    </testcase>
    
    <testcase classname="fastq_groomer (Test #4)" name="3" time="36.735724449157715">
        
            
            <system-out><![CDATA[
            Groomed 2 sanger reads into sanger reads.Based upon quality and sequence, the input data is valid for: sanger, sanger.gz, sanger.bz2Input ASCII range: '!'(33) - '~'(126)Input decimal range: 0 - 93
            ]]></system-out>
            <system-err><![CDATA[
            
            ]]></system-err>
        
    </testcase>
    
    <testcase classname="fastq_groomer (Test #31)" name="30" time="39.5059769153595">
        
            
            <system-out><![CDATA[
            Groomed 2 sanger reads into sanger reads.Based upon quality and sequence, the input data is valid for: sanger, sanger.gz, sanger.bz2Input ASCII range: '!'(33) - '~'(126)Input decimal range: 0 - 93
            ]]></system-out>
            <system-err><![CDATA[
            
            ]]></system-err>
        
    </testcase>
    
    <testcase classname="fastq_groomer (Test #32)" name="31" time="37.61150002479553">
        
            
            <system-out><![CDATA[
            Groomed 2 solexa reads into solexa reads.Based upon quality and sequence, the input data is valid for: solexa, solexa.gz, solexa.bz2, sanger, sanger.gz, sanger.bz2Input ASCII range: ';'(59) - '~'(126)Input decimal range: -5 - 62
            ]]></system-out>
            <system-err><![CDATA[
            
            ]]></system-err>
        
    </testcase>
    
    <testcase classname="fastq_groomer (Test #33)" name="32" time="37.998316287994385">
        
            
            <system-out><![CDATA[
            Groomed 2 solexa reads into solexa reads.Based upon quality and sequence, the input data is valid for: solexa, solexa.gz, solexa.bz2, sanger, sanger.gz, sanger.bz2Input ASCII range: ';'(59) - '~'(126)Input decimal range: -5 - 62
            ]]></system-out>
            <system-err><![CDATA[
            
            ]]></system-err>
        
    </testcase>
    
    <testcase classname="fastq_groomer (Test #34)" name="33" time="38.333882093429565">
        
            
            <system-out><![CDATA[
            Groomed 2 sanger.gz reads into sanger reads.Based upon quality and sequence, the input data is valid for: sanger, sanger.gz, sanger.bz2Input ASCII range: '!'(33) - '~'(126)Input decimal range: 0 - 93
            ]]></system-out>
            <system-err><![CDATA[
            
            ]]></system-err>
        
    </testcase>
    
    <testcase classname="fastq_groomer (Test #35)" name="34" time="38.358094215393066">
        
            
            <system-out><![CDATA[
            Groomed 2 cssanger.bz2 reads into cssanger reads.Based upon quality and sequence, the input data is valid for: cssanger, cssanger.gz, cssanger.bz2Input ASCII range: '!'(33) - '~'(126)Input decimal range: 0 - 93
            ]]></system-out>
            <system-err><![CDATA[
            
            ]]></system-err>
        
    </testcase>
    
    <testcase classname="fastq_groomer (Test #5)" name="4" time="37.064467668533325">
        
            
            <system-out><![CDATA[
            Groomed 2 cssanger reads into cssanger reads.Based upon quality and sequence, the input data is valid for: cssanger, cssanger.gz, cssanger.bz2Input ASCII range: '!'(33) - '~'(126)Input decimal range: 0 - 93
            ]]></system-out>
            <system-err><![CDATA[
            
            ]]></system-err>
        
    </testcase>
    
    <testcase classname="fastq_groomer (Test #6)" name="5" time="38.405773639678955">
        
            
            <system-out><![CDATA[
            Groomed 2 illumina reads into sanger reads.Based upon quality and sequence, the input data is valid for: illumina, illumina.gz, illumina.bz2, solexa, solexa.gz, solexa.bz2, sanger, sanger.gz, sanger.bz2Input ASCII range: '@'(64) - '~'(126)Input decimal range: 0 - 62
            ]]></system-out>
            <system-err><![CDATA[
            
            ]]></system-err>
        
    </testcase>
    
    <testcase classname="fastq_groomer (Test #7)" name="6" time="11.892820596694946">
        
            <error type="error" message="Input staging problem: Traceback (most recent call last):
  File "/opt/hostedtoolcache/Python/3.12.12/x64/lib/python3.12/site-packages/galaxy/tool_util/verify/interactor.py", line 1466, in verify_tool
    stage_data_in_history(
  File "/opt/hostedtoolcache/Python/3.12.12/x64/lib/python3.12/site-packages/galaxy/tool_util/verify/interactor.py", line 175, in stage_data_in_history
    staging_interface.handle_jobs()
  File "/opt/hostedtoolcache/Python/3.12.12/x64/lib/python3.12/site-packages/galaxy/tool_util/verify/interactor.py", line 212, in handle_jobs
    self.galaxy_interactor.wait_for_job(job_response["id"], job_response["history_id"], self.maxseconds)
  File "/opt/hostedtoolcache/Python/3.12.12/x64/lib/python3.12/site-packages/galaxy/tool_util/verify/interactor.py", line 398, in wait_for_job
    self.wait_for(lambda: self.__job_ready(job_id, history_id), maxseconds=maxseconds)
  File "/opt/hostedtoolcache/Python/3.12.12/x64/lib/python3.12/site-packages/galaxy/tool_util/verify/interactor.py", line 402, in wait_for
    wait_on(func, what, walltime_exceeded)
  File "/opt/hostedtoolcache/Python/3.12.12/x64/lib/python3.12/site-packages/galaxy/tool_util/verify/wait.py", line 38, in wait_on
    value = function()
            ^^^^^^^^^^
  File "/opt/hostedtoolcache/Python/3.12.12/x64/lib/python3.12/site-packages/galaxy/tool_util/verify/interactor.py", line 398, in <lambda>
    self.wait_for(lambda: self.__job_ready(job_id, history_id), maxseconds=maxseconds)
                          ^^^^^^^^^^^^^^^^^^^^^^^^^^^^^^^^^^^^
  File "/opt/hostedtoolcache/Python/3.12.12/x64/lib/python3.12/site-packages/galaxy/tool_util/verify/interactor.py", line 751, in __job_ready
    return self._state_ready(job_id, error_msg="Job in error state.")
           ^^^^^^^^^^^^^^^^^^^^^^^^^^^^^^^^^^^^^^^^^^^^^^^^^^^^^^^^^^
  File "/opt/hostedtoolcache/Python/3.12.12/x64/lib/python3.12/site-packages/galaxy/tool_util/verify/interactor.py", line 847, in _state_ready
    raise Exception(
Exception: Job in error state.. tool_id: __DATA_FETCH__, exit_code: None, stderr: .
"><![CDATA[
                { "execution_problem": "Input staging problem: Traceback (most recent call last):\n  File \"/opt/hostedtoolcache/Python/3.12.12/x64/lib/python3.12/site-packages/galaxy/tool_util/verify/interactor.py\", line 1466, in verify_tool\n    stage_data_in_history(\n  File \"/opt/hostedtoolcache/Python/3.12.12/x64/lib/python3.12/site-packages/galaxy/tool_util/verify/interactor.py\", line 175, in stage_data_in_history\n    staging_interface.handle_jobs()\n  File \"/opt/hostedtoolcache/Python/3.12.12/x64/lib/python3.12/site-packages/galaxy/tool_util/verify/interactor.py\", line 212, in handle_jobs\n    self.galaxy_interactor.wait_for_job(job_response[\"id\"], job_response[\"history_id\"], self.maxseconds)\n  File \"/opt/hostedtoolcache/Python/3.12.12/x64/lib/python3.12/site-packages/galaxy/tool_util/verify/interactor.py\", line 398, in wait_for_job\n    self.wait_for(lambda: self.__job_ready(job_id, history_id), maxseconds=maxseconds)\n  File \"/opt/hostedtoolcache/Python/3.12.12/x64/lib/python3.12/site-packages/galaxy/tool_util/verify/interactor.py\", line 402, in wait_for\n    wait_on(func, what, walltime_exceeded)\n  File \"/opt/hostedtoolcache/Python/3.12.12/x64/lib/python3.12/site-packages/galaxy/tool_util/verify/wait.py\", line 38, in wait_on\n    value = function()\n            ^^^^^^^^^^\n  File \"/opt/hostedtoolcache/Python/3.12.12/x64/lib/python3.12/site-packages/galaxy/tool_util/verify/interactor.py\", line 398, in \u003clambda\u003e\n    self.wait_for(lambda: self.__job_ready(job_id, history_id), maxseconds=maxseconds)\n                          ^^^^^^^^^^^^^^^^^^^^^^^^^^^^^^^^^^^^\n  File \"/opt/hostedtoolcache/Python/3.12.12/x64/lib/python3.12/site-packages/galaxy/tool_util/verify/interactor.py\", line 751, in __job_ready\n    return self._state_ready(job_id, error_msg=\"Job in error state.\")\n           ^^^^^^^^^^^^^^^^^^^^^^^^^^^^^^^^^^^^^^^^^^^^^^^^^^^^^^^^^^\n  File \"/opt/hostedtoolcache/Python/3.12.12/x64/lib/python3.12/site-packages/galaxy/tool_util/verify/interactor.py\", line 847, in _state_ready\n    raise Exception(\nException: Job in error state.. tool_id: __DATA_FETCH__, exit_code: None, stderr: .\n", "status": "error", "test_index": 6, "time_seconds": 11.892820596694946, "tool_id": "fastq_groomer", "tool_version": "1.1.5+galaxy2"}
            ]]></error>
        
    </testcase>
    
    <testcase classname="fastq_groomer (Test #8)" name="7" time="37.977978229522705">
        
            
            <system-out><![CDATA[
            Groomed 2 sanger reads into sanger reads.Based upon quality and sequence, the input data is valid for: illumina, illumina.gz, illumina.bz2, solexa, solexa.gz, solexa.bz2, sanger, sanger.gz, sanger.bz2Input ASCII range: '@'(64) - '~'(126)Input decimal range: 31 - 93
            ]]></system-out>
            <system-err><![CDATA[
            
            ]]></system-err>
        
    </testcase>
    
    <testcase classname="fastq_groomer (Test #9)" name="8" time="38.37215256690979">
        
            
            <system-out><![CDATA[
            Groomed 2 illumina reads into illumina reads.Based upon quality and sequence, the input data is valid for: illumina, illumina.gz, illumina.bz2, solexa, solexa.gz, solexa.bz2, sanger, sanger.gz, sanger.bz2Input ASCII range: '@'(64) - '~'(126)Input decimal range: 0 - 62
            ]]></system-out>
            <system-err><![CDATA[
            
            ]]></system-err>
        
    </testcase>
    
    <testcase classname="fastq_groomer (Test #10)" name="9" time="39.10179400444031">
        
            
            <system-out><![CDATA[
            Groomed 2 illumina reads into sanger reads.Based upon quality and sequence, the input data is valid for: illumina, illumina.gz, illumina.bz2, solexa, solexa.gz, solexa.bz2, sanger, sanger.gz, sanger.bz2Input ASCII range: '@'(64) - '~'(126)Input decimal range: 0 - 62
            ]]></system-out>
            <system-err><![CDATA[
            
            ]]></system-err>
        
    </testcase>
    
    <testcase classname="ncbi_acc_download (Test #1)" name="0" time="110.32026767730713">
        
            
            <system-out><![CDATA[
            
            ]]></system-out>
            <system-err><![CDATA[
            
            ]]></system-err>
        
    </testcase>
    
    <testcase classname="ncbi_acc_download (Test #2)" name="1" time="43.25348734855652">
        
            
            <system-out><![CDATA[
            
            ]]></system-out>
            <system-err><![CDATA[
            
            ]]></system-err>
        
    </testcase>
    
    <testcase classname="ncbi_acc_download (Test #11)" name="10" time="18.00745153427124">
        
            
            <system-out><![CDATA[
            
            ]]></system-out>
            <system-err><![CDATA[
            
            ]]></system-err>
        
    </testcase>
    
    <testcase classname="ncbi_acc_download (Test #3)" name="2" time="44.91180896759033">
        
            
            <system-out><![CDATA[
            
            ]]></system-out>
            <system-err><![CDATA[
            
            ]]></system-err>
        
    </testcase>
    
    <testcase classname="ncbi_acc_download (Test #4)" name="3" time="42.765896797180176">
        
            
            <system-out><![CDATA[
            
            ]]></system-out>
            <system-err><![CDATA[
            
            ]]></system-err>
        
    </testcase>
    
    <testcase classname="ncbi_acc_download (Test #5)" name="4" time="21.457608222961426">
        
            
            <system-out><![CDATA[
            
            ]]></system-out>
            <system-err><![CDATA[
            
            ]]></system-err>
        
    </testcase>
    
    <testcase classname="ncbi_acc_download (Test #6)" name="5" time="25.540111541748047">
        
            
            <system-out><![CDATA[
            
            ]]></system-out>
            <system-err><![CDATA[
            ERROR:root:no seqSequence(s) downloaded for CP0XXXXX failed to load.
            ]]></system-err>
        
    </testcase>
    
    <testcase classname="ncbi_acc_download (Test #7)" name="6" time="17.919960021972656">
        
            
            <system-out><![CDATA[
            
            ]]></system-out>
            <system-err><![CDATA[
            ERROR:root:no seqSequence(s) downloaded for CP0XXXXX failed to load.
            ]]></system-err>
        
    </testcase>
    
    <testcase classname="ncbi_acc_download (Test #8)" name="7" time="18.097579956054688">
        
            
            <system-out><![CDATA[
            
            ]]></system-out>
            <system-err><![CDATA[
            ERROR:root:no seqSequence(s) downloaded for CP0XXXXX failed to load.
            ]]></system-err>
        
    </testcase>
    
    <testcase classname="ncbi_acc_download (Test #9)" name="8" time="20.632123947143555">
        
            
            <system-out><![CDATA[
            
            ]]></system-out>
            <system-err><![CDATA[
            
            ]]></system-err>
        
    </testcase>
    
    <testcase classname="ncbi_acc_download (Test #10)" name="9" time="18.768913984298706">
        
            
            <system-out><![CDATA[
            
            ]]></system-out>
            <system-err><![CDATA[
            
            ]]></system-err>
        
    </testcase>
    
    <testcase classname="poretools_winner (Test #1)" name="0" time="74.82216906547546">
        
            
            <system-out><![CDATA[
            
            ]]></system-out>
            <system-err><![CDATA[
            
            ]]></system-err>
        
    </testcase>
    
    <testcase classname="poretools_winner (Test #2)" name="1" time="30.481160879135132">
        
            
                <error type="error" message="Tool exit code: None"><![CDATA[
                    { "inputs": {  "input": {   "id": "d1b70c97c8ede7f0",   "src": "hda"  },  "type": "rev" }, "job": {  "command_line": "poretools winner --type rev \u0027/galaxy/server/database/objects/9/6/9/dataset_969587f0-caa4-4491-a806-75ffae8ec8a4.dat\u0027 \u003e \u0027/galaxy/server/database/objects/a/e/a/dataset_aeaa444d-fcca-4553-967f-55f7cf20e094.dat\u0027",  "command_version": null,  "copied_from_job_id": null,  "create_time": "2026-01-26T13:57:13.635843",  "dependencies": [],  "exit_code": null,  "external_id": "gxy-64nj9",  "galaxy_version": "24.1",  "handler": null,  "history_id": "2b0a11dd84482e07",  "id": "c073ebb4aedbdb57",  "inputs": {   "input": {    "id": "d1b70c97c8ede7f0",    "src": "hda",    "uuid": "969587f0-caa4-4491-a806-75ffae8ec8a4"   }  },  "job_messages": null,  "job_metrics": [],  "job_runner_name": null,  "job_stderr": null,  "job_stdout": null,  "model_class": "Job",  "output_collections": {},  "outputs": {   "output": {    "id": "87ab8ebd7b7a1697",    "src": "hda",    "uuid": "aeaa444d-fcca-4553-967f-55f7cf20e094"   }  },  "params": {   "__input_ext": "\"input\"",   "chromInfo": "\"/cvmfs/data.galaxyproject.org/managed/len/ucsc/?.len\"",   "dbkey": "\"?\"",   "type": "\"rev\""  },  "state": "error",  "stderr": "",  "stdout": "",  "tool_id": "toolshed.g2.bx.psu.edu/repos/iuc/poretools_winner/poretools_winner/0.6.1a1.0",  "tool_stderr": "",  "tool_stdout": "",  "update_time": "2026-01-26T13:57:20.021240",  "user_email": "tests@fake.org" }, "output_problems": [  "Job in error state.. tool_id: toolshed.g2.bx.psu.edu/repos/iuc/poretools_winner/poretools_winner/0.6.1a1.0, exit_code: None, stderr: ." ], "status": "failure", "test_index": 1, "time_seconds": 30.481160879135132, "tool_id": "poretools_winner", "tool_version": "0.6.1a1.0"}
                ]]></error>
            
            <system-out><![CDATA[
            
            ]]></system-out>
            <system-err><![CDATA[
            
            ]]></system-err>
        
    </testcase>
    
    <testcase classname="poretools_winner (Test #3)" name="2" time="39.57481241226196">
        
            
            <system-out><![CDATA[
            
            ]]></system-out>
            <system-err><![CDATA[
            
            ]]></system-err>
        
    </testcase>
    
    <testcase classname="poretools_winner (Test #4)" name="3" time="41.48650932312012">
        
            
            <system-out><![CDATA[
            
            ]]></system-out>
            <system-err><![CDATA[
            
            ]]></system-err>
        
    </testcase>
    
    <testcase classname="samtools_bedcov (Test #1)" name="0" time="39.211674451828">
        
            
            <system-out><![CDATA[
            
            ]]></system-out>
            <system-err><![CDATA[
            
            ]]></system-err>
        
    </testcase>
    
    <testcase classname="samtools_bedcov (Test #2)" name="1" time="45.88160276412964">
        
            
            <system-out><![CDATA[
            
            ]]></system-out>
            <system-err><![CDATA[
            
            ]]></system-err>
        
    </testcase>
    
    <testcase classname="samtools_bedcov (Test #3)" name="2" time="30.041413068771362">
        
            
                <error type="error" message="Tool exit code: None"><![CDATA[
                    { "inputs": {  "input_bams": {   "id": "96f6c330a0808212",   "src": "hda"  },  "input_bed": {   "id": "38d6c0f0fffe489c",   "src": "hda"  },  "mapq": "40" }, "job": {  "command_line": "ln -s \u0027/galaxy/server/database/objects/0/3/7/dataset_037f5665-5b6d-4658-b137-0669da805466.dat\u0027 \u00270\u0027 \u0026\u0026 ln -s \u0027/galaxy/server/database/objects/_metadata_files/4/f/6/metadata_4f6b0971-af6b-4a67-a421-d2eb28f97015.dat\u0027 \u00270.bai\u0027 \u0026\u0026   samtools bedcov -Q 40    -g 0   -G 1796 \u0027/galaxy/server/database/objects/e/0/f/dataset_e0fdcb3e-f686-4208-b62a-f0a85050044f.dat\u0027 \u00270\u0027 \u003e \u0027/galaxy/server/database/objects/c/1/d/dataset_c1db8a15-a878-4d2e-9ae3-d8b8c7a285af.dat\u0027",  "command_version": null,  "copied_from_job_id": null,  "create_time": "2026-01-26T13:46:34.812828",  "dependencies": [],  "exit_code": null,  "external_id": "gxy-snkfn",  "galaxy_version": "24.1",  "handler": null,  "history_id": "2b0a11dd84482e07",  "id": "84c2089e3a5b8799",  "inputs": {   "input_bams": {    "id": "96f6c330a0808212",    "src": "hda",    "uuid": "037f5665-5b6d-4658-b137-0669da805466"   },   "input_bams1": {    "id": "96f6c330a0808212",    "src": "hda",    "uuid": "037f5665-5b6d-4658-b137-0669da805466"   },   "input_bed": {    "id": "38d6c0f0fffe489c",    "src": "hda",    "uuid": "e0fdcb3e-f686-4208-b62a-f0a85050044f"   }  },  "job_messages": null,  "job_metrics": [],  "job_runner_name": null,  "job_stderr": null,  "job_stdout": null,  "model_class": "Job",  "output_collections": {},  "outputs": {   "output": {    "id": "4256b47c2a069991",    "src": "hda",    "uuid": "c1db8a15-a878-4d2e-9ae3-d8b8c7a285af"   }  },  "params": {   "__input_ext": "\"input\"",   "additional_options": "{\"required_flags\": null, \"skipped_flags\": [\"4\", \"256\", \"512\", \"1024\"]}",   "chromInfo": "\"/cvmfs/data.galaxyproject.org/managed/len/ucsc/?.len\"",   "countdel": "false",   "dbkey": "\"?\"",   "depth_thresh": "\"\"",   "mapq": "\"40\""  },  "state": "error",  "stderr": "",  "stdout": "",  "tool_id": "toolshed.g2.bx.psu.edu/repos/devteam/samtools_bedcov/samtools_bedcov/2.0.7",  "tool_stderr": "",  "tool_stdout": "",  "update_time": "2026-01-26T13:46:39.631467",  "user_email": "tests@fake.org" }, "output_problems": [  "Job in error state.. tool_id: toolshed.g2.bx.psu.edu/repos/devteam/samtools_bedcov/samtools_bedcov/2.0.7, exit_code: None, stderr: ." ], "status": "failure", "test_index": 2, "time_seconds": 30.041413068771362, "tool_id": "samtools_bedcov", "tool_version": "2.0.7"}
                ]]></error>
            
            <system-out><![CDATA[
            
            ]]></system-out>
            <system-err><![CDATA[
            
            ]]></system-err>
        
    </testcase>
    
    <testcase classname="samtools_bedcov (Test #4)" name="3" time="44.52786421775818">
        
            
            <system-out><![CDATA[
            
            ]]></system-out>
            <system-err><![CDATA[
            
            ]]></system-err>
        
    </testcase>
    
    <testcase classname="samtools_bedcov (Test #5)" name="4" time="40.582558155059814">
        
            
            <system-out><![CDATA[
            
            ]]></system-out>
            <system-err><![CDATA[
            
            ]]></system-err>
        
    </testcase>
    
    <testcase classname="samtools_bedcov (Test #6)" name="5" time="40.37091612815857">
        
            
            <system-out><![CDATA[
            
            ]]></system-out>
            <system-err><![CDATA[
            
            ]]></system-err>
        
    </testcase>
    
    <testcase classname="samtools_bedcov (Test #7)" name="6" time="41.73943614959717">
        
            
            <system-out><![CDATA[
            
            ]]></system-out>
            <system-err><![CDATA[
            
            ]]></system-err>
        
    </testcase>
    
    <testcase classname="samtools_reheader (Test #1)" name="0" time="44.66446614265442">
        
            
            <system-out><![CDATA[
            
            ]]></system-out>
            <system-err><![CDATA[
            
            ]]></system-err>
        
    </testcase>
    
    <testcase classname="samtools_reheader (Test #2)" name="1" time="14.154527425765991">
        
            <error type="error" message="Input staging problem: Traceback (most recent call last):
  File "/opt/hostedtoolcache/Python/3.12.12/x64/lib/python3.12/site-packages/galaxy/tool_util/verify/interactor.py", line 1466, in verify_tool
    stage_data_in_history(
  File "/opt/hostedtoolcache/Python/3.12.12/x64/lib/python3.12/site-packages/galaxy/tool_util/verify/interactor.py", line 175, in stage_data_in_history
    staging_interface.handle_jobs()
  File "/opt/hostedtoolcache/Python/3.12.12/x64/lib/python3.12/site-packages/galaxy/tool_util/verify/interactor.py", line 212, in handle_jobs
    self.galaxy_interactor.wait_for_job(job_response["id"], job_response["history_id"], self.maxseconds)
  File "/opt/hostedtoolcache/Python/3.12.12/x64/lib/python3.12/site-packages/galaxy/tool_util/verify/interactor.py", line 398, in wait_for_job
    self.wait_for(lambda: self.__job_ready(job_id, history_id), maxseconds=maxseconds)
  File "/opt/hostedtoolcache/Python/3.12.12/x64/lib/python3.12/site-packages/galaxy/tool_util/verify/interactor.py", line 402, in wait_for
    wait_on(func, what, walltime_exceeded)
  File "/opt/hostedtoolcache/Python/3.12.12/x64/lib/python3.12/site-packages/galaxy/tool_util/verify/wait.py", line 38, in wait_on
    value = function()
            ^^^^^^^^^^
  File "/opt/hostedtoolcache/Python/3.12.12/x64/lib/python3.12/site-packages/galaxy/tool_util/verify/interactor.py", line 398, in <lambda>
    self.wait_for(lambda: self.__job_ready(job_id, history_id), maxseconds=maxseconds)
                          ^^^^^^^^^^^^^^^^^^^^^^^^^^^^^^^^^^^^
  File "/opt/hostedtoolcache/Python/3.12.12/x64/lib/python3.12/site-packages/galaxy/tool_util/verify/interactor.py", line 751, in __job_ready
    return self._state_ready(job_id, error_msg="Job in error state.")
           ^^^^^^^^^^^^^^^^^^^^^^^^^^^^^^^^^^^^^^^^^^^^^^^^^^^^^^^^^^
  File "/opt/hostedtoolcache/Python/3.12.12/x64/lib/python3.12/site-packages/galaxy/tool_util/verify/interactor.py", line 847, in _state_ready
    raise Exception(
Exception: Job in error state.. tool_id: __DATA_FETCH__, exit_code: None, stderr: .
"><![CDATA[
                { "execution_problem": "Input staging problem: Traceback (most recent call last):\n  File \"/opt/hostedtoolcache/Python/3.12.12/x64/lib/python3.12/site-packages/galaxy/tool_util/verify/interactor.py\", line 1466, in verify_tool\n    stage_data_in_history(\n  File \"/opt/hostedtoolcache/Python/3.12.12/x64/lib/python3.12/site-packages/galaxy/tool_util/verify/interactor.py\", line 175, in stage_data_in_history\n    staging_interface.handle_jobs()\n  File \"/opt/hostedtoolcache/Python/3.12.12/x64/lib/python3.12/site-packages/galaxy/tool_util/verify/interactor.py\", line 212, in handle_jobs\n    self.galaxy_interactor.wait_for_job(job_response[\"id\"], job_response[\"history_id\"], self.maxseconds)\n  File \"/opt/hostedtoolcache/Python/3.12.12/x64/lib/python3.12/site-packages/galaxy/tool_util/verify/interactor.py\", line 398, in wait_for_job\n    self.wait_for(lambda: self.__job_ready(job_id, history_id), maxseconds=maxseconds)\n  File \"/opt/hostedtoolcache/Python/3.12.12/x64/lib/python3.12/site-packages/galaxy/tool_util/verify/interactor.py\", line 402, in wait_for\n    wait_on(func, what, walltime_exceeded)\n  File \"/opt/hostedtoolcache/Python/3.12.12/x64/lib/python3.12/site-packages/galaxy/tool_util/verify/wait.py\", line 38, in wait_on\n    value = function()\n            ^^^^^^^^^^\n  File \"/opt/hostedtoolcache/Python/3.12.12/x64/lib/python3.12/site-packages/galaxy/tool_util/verify/interactor.py\", line 398, in \u003clambda\u003e\n    self.wait_for(lambda: self.__job_ready(job_id, history_id), maxseconds=maxseconds)\n                          ^^^^^^^^^^^^^^^^^^^^^^^^^^^^^^^^^^^^\n  File \"/opt/hostedtoolcache/Python/3.12.12/x64/lib/python3.12/site-packages/galaxy/tool_util/verify/interactor.py\", line 751, in __job_ready\n    return self._state_ready(job_id, error_msg=\"Job in error state.\")\n           ^^^^^^^^^^^^^^^^^^^^^^^^^^^^^^^^^^^^^^^^^^^^^^^^^^^^^^^^^^\n  File \"/opt/hostedtoolcache/Python/3.12.12/x64/lib/python3.12/site-packages/galaxy/tool_util/verify/interactor.py\", line 847, in _state_ready\n    raise Exception(\nException: Job in error state.. tool_id: __DATA_FETCH__, exit_code: None, stderr: .\n", "status": "error", "test_index": 1, "time_seconds": 14.154527425765991, "tool_id": "samtools_reheader", "tool_version": "2.0.6"}
            ]]></error>
        
    </testcase>
    
    <testcase classname="vcftools_slice (Test #1)" name="0" time="43.34701418876648">
        
            
                <error type="error" message="Tool exit code: 0"><![CDATA[
                    { "inputs": {  "input": {   "id": "fc205d9e285f1c4a",   "src": "hda"  },  "regions": {   "id": "4ac0921b30ace199",   "src": "hda"  } }, "job": {  "command_line": "vcf-sort /galaxy/server/database/objects/8/1/5/dataset_815c2d58-6345-48fe-bcb6-95efcd38a7da.dat \u003e sorted.vcf  ; echo \u0027#dummy header\u0027 | cat - /galaxy/server/database/objects/c/e/f/dataset_cef9b145-54b6-4f58-98e1-70164d9c63f0.dat \u003e regions.bed  ; vcftools --vcf sorted.vcf --out output --bed regions.bed --recode",  "command_version": "",  "copied_from_job_id": null,  "create_time": "2026-01-26T13:55:14.240470",  "dependencies": [],  "exit_code": 0,  "external_id": "gxy-gvffn",  "galaxy_version": "24.1",  "handler": null,  "history_id": "2b0a11dd84482e07",  "id": "de6989cbbf2ef28a",  "inputs": {   "input": {    "id": "fc205d9e285f1c4a",    "src": "hda",    "uuid": "815c2d58-6345-48fe-bcb6-95efcd38a7da"   },   "regions": {    "id": "4ac0921b30ace199",    "src": "hda",    "uuid": "cef9b145-54b6-4f58-98e1-70164d9c63f0"   }  },  "job_messages": [],  "job_metrics": [   {    "name": "runtime_seconds",    "plugin": "core",    "raw_value": "0E-7",    "title": "Job Runtime (Wall Clock)",    "value": "0 seconds"   },   {    "name": "end_epoch",    "plugin": "core",    "raw_value": "1769435720.0000000",    "title": "Job End Time",    "value": "2026-01-26 13:55:20"   },   {    "name": "start_epoch",    "plugin": "core",    "raw_value": "1769435720.0000000",    "title": "Job Start Time",    "value": "2026-01-26 13:55:20"   },   {    "name": "galaxy_memory_mb",    "plugin": "core",    "raw_value": "4080.0000000",    "title": "Memory Allocated (MB)",    "value": "4080"   },   {    "name": "galaxy_slots",    "plugin": "core",    "raw_value": "1.0000000",    "title": "Cores Allocated",    "value": "1"   }  ],  "job_runner_name": null,  "job_stderr": "",  "job_stdout": "",  "model_class": "Job",  "output_collections": {},  "outputs": {   "output": {    "id": "32a30afc916aa8ff",    "src": "hda",    "uuid": "fa218ee0-60b7-4501-a8fd-14ab00878069"   }  },  "params": {   "__input_ext": "\"vcf\"",   "chromInfo": "\"/cvmfs/data.galaxyproject.org/managed/len/ucsc/?.len\"",   "dbkey": "\"?\""  },  "state": "error",  "stderr": "/galaxy/server/database/jobs_directory/000/130/tool_script.sh: line 22: vcf-sort: command not found\n",  "stdout": "\nVCFtools - v0.1.11\n(C) Adam Auton 2009\n\nParameters as interpreted:\n\t--vcf sorted.vcf\n\t--out output\n\t--recode\n\t--bed regions.bed\n\nIndex file is older than variant file. Will regenerate.\nBuilding new index file.\nError:No header or meta information. Invalid file: sorted.vcf\n",  "tool_id": "toolshed.g2.bx.psu.edu/repos/devteam/vcftools_slice/vcftools_slice/0.1",  "tool_stderr": "/galaxy/server/database/jobs_directory/000/130/tool_script.sh: line 22: vcf-sort: command not found\n",  "tool_stdout": "\nVCFtools - v0.1.11\n(C) Adam Auton 2009\n\nParameters as interpreted:\n\t--vcf sorted.vcf\n\t--out output\n\t--recode\n\t--bed regions.bed\n\nIndex file is older than variant file. Will regenerate.\nBuilding new index file.\nError:No header or meta information. Invalid file: sorted.vcf\n",  "update_time": "2026-01-26T13:55:33.453740",  "user_email": "tests@fake.org" }, "output_problems": [  "Job in error state.. tool_id: toolshed.g2.bx.psu.edu/repos/devteam/vcftools_slice/vcftools_slice/0.1, exit_code: 0, stderr: /galaxy/server/database/jobs_directory/000/130/tool_script.sh: line 22: vcf-sort: command not found\n.",  "Output output:  different than expected, difference (using diff):\n( /tmp/tmpmsj2d0a0slice_out.vcf v. /tmp/tmprrzht7qxslice_out.vcf )\n--- local_file\n+++ history_data\n@@ -1,38 +0,0 @@\n-##fileformat=VCFv4.1\n-#CHROM\tPOS\tID\tREF\tALT\tQUAL\tFILTER\tINFO\tFORMAT\tpanc1_ng\n-chr1\t19071752\t.\tT\tC\t.\tPASS\t.\tGT:GQ:SDP:DP:RD:AD:FREQ:PVAL:RBQ:ABQ:RDF:RDR:ADF:ADR\t0/1:0:770:715:219:495:69.23%:9.8E-1:35:21:86:133:184:311\n-chr1\t19071865\t.\tT\tC\t.\tPASS\t.\tGT:GQ:SDP:DP:RD:AD:FREQ:PVAL:RBQ:ABQ:RDF:RDR:ADF:ADR\t0/1:0:517:479:174:305:63.54%:9.8E-1:35:34:42:132:91:214\n-chr1\t19072808\t.\tG\tA\t.\tPASS\t.\tGT:GQ:SDP:DP:RD:AD:FREQ:PVAL:RBQ:ABQ:RDF:RDR:ADF:ADR\t0/1:0:706:657:228:429:65.3%:9.8E-1:36:19:99:129:197:232\n-chr1\t19072926\t.\tA\tG\t.\tPASS\t.\tGT:GQ:SDP:DP:RD:AD:FREQ:PVAL:RBQ:ABQ:RDF:RDR:ADF:ADR\t0/1:0:673:618:183:435:70.39%:9.8E-1:35:24:96:87:187:248\n-chr1\t19074980\t.\tC\tT\t.\tPASS\t.\tGT:GQ:SDP:DP:RD:AD:FREQ:PVAL:RBQ:ABQ:RDF:RDR:ADF:ADR\t0/1:0:720:676:221:454:67.06%:9.8E-1:35:35:89:132:226:228\n-chr1\t19075225\t.\tA\tG\t.\tPASS\t.\tGT:GQ:SDP:DP:RD:AD:FREQ:PVAL:RBQ:ABQ:RDF:RDR:ADF:ADR\t0/1:0:718:660:190:468:70.91%:9.8E-1:34:34:93:97:231:237\n-chr1\t19075327\t.\tC\tA\t.\tPASS\t.\tGT:GQ:SDP:DP:RD:AD:FREQ:PVAL:RBQ:ABQ:RDF:RDR:ADF:ADR\t0/1:0:623:588:178:410:69.73%:9.8E-1:36:36:63:115:142:268\n-chr1\t36752152\t.\tC\tT\t.\tPASS\t.\tGT:GQ:SDP:DP:RD:AD:FREQ:PVAL:RBQ:ABQ:RDF:RDR:ADF:ADR\t0/1:0:845:780:216:564:72.31%:9.8E-1:36:25:103:113:249:315\n-chr1\t36759426\t.\tA\tG\t.\tPASS\t.\tGT:GQ:SDP:DP:RD:AD:FREQ:PVAL:RBQ:ABQ:RDF:RDR:ADF:ADR\t0/1:0:504:465:152:309:66.45%:9.8E-1:36:36:111:41:250:59\n-chr1\t36762396\t.\tC\tT\t.\tPASS\t.\tGT:GQ:SDP:DP:RD:AD:FREQ:PVAL:RBQ:ABQ:RDF:RDR:ADF:ADR\t1/1:0:468:377:0:377:100%:9.8E-1:0:19:0:0:127:250\n-chr1\t36770605\t.\tCTT\tC\t.\tPASS\t.\tGT:GQ:SDP:DP:RD:AD:FREQ:PVAL:RBQ:ABQ:RDF:RDR:ADF:ADR\t0/1:0:390:310:229:76:23.6%:9.8E-1:29:29:128:101:41:35\n-chr1\t40361783\t.\tG\tC\t.\tPASS\t.\tGT:GQ:SDP:DP:RD:AD:FREQ:PVAL:RBQ:ABQ:RDF:RDR:ADF:ADR\t1/1:0:533:505:33:471:93.27%:9.8E-1:35:24:9:24:206:265\n-chr1\t40363054\t.\tG\tC\t.\tPASS\t.\tGT:GQ:SDP:DP:RD:AD:FREQ:PVAL:RBQ:ABQ:RDF:RDR:ADF:ADR\t0/1:0:677:646:468:178:27.55%:9.8E-1:36:35:193:275:82:96\n-chr1\t43812075\t.\tG\tA\t.\tPASS\t.\tGT:GQ:SDP:DP:RD:AD:FREQ:PVAL:RBQ:ABQ:RDF:RDR:ADF:ADR\t1/1:0:692:639:16:621:97.18%:9.8E-1:33:20:10:6:343:278\n-chr1\t43814864\t.\tT\tC\t.\tPASS\t.\tGT:GQ:SDP:DP:RD:AD:FREQ:PVAL:RBQ:ABQ:RDF:RDR:ADF:ADR\t1/1:0:182:150:8:142:94.67%:9.8E-1:27:32:8:0:141:1\n-chr1\t45796269\t.\tG\tC\t.\tPASS\t.\tGT:GQ:SDP:DP:RD:AD:FREQ:PVAL:RBQ:ABQ:RDF:RDR:ADF:ADR\t1/1:0:571:534:0:534:100%:9.8E-1:0:24:0:0:111:423\n-chr1\t45798555\t.\tT\tC\t.\tPASS\t.\tGT:GQ:SDP:DP:RD:AD:FREQ:PVAL:RBQ:ABQ:RDF:RDR:ADF:ADR\t1/1:0:754:685:0:685:100%:9.8E-1:0:24:0:0:366:319\n-chr1\t45805566\t.\tG\tC\t.\tPASS\t.\tGT:GQ:SDP:DP:RD:AD:FREQ:PVAL:RBQ:ABQ:RDF:RDR:ADF:ADR\t1/1:0:327:276:0:276:100%:9.8E-1:0:20:0:0:127:149\n-chr1\t47682017\t.\tT\tG\t.\tPASS\t.\tGT:GQ:SDP:DP:RD:AD:FREQ:PVAL:RBQ:ABQ:RDF:RDR:ADF:ADR\t1/1:0:555:470:10:460:97.87%:9.8E-1:35:34:7:3:286:174\n-chr1\t47683201\t.\tC\tT\t.\tPASS\t.\tGT:GQ:SDP:DP:RD:AD:FREQ:PVAL:RBQ:ABQ:RDF:RDR:ADF:ADR\t0/1:0:708:660:195:465:70.45%:9.8E-1:35:24:83:112:218:247\n-chr1\t47684677\t.\tT\tG\t.\tPASS\t.\tGT:GQ:SDP:DP:RD:AD:FREQ:PVAL:RBQ:ABQ:RDF:RDR:ADF:ADR\t1/1:0:691:636:27:609:95.75%:9.8E-1:36:20:17:10:319:290\n-chr1\t47685455\t.\tT\tC\t.\tPASS\t.\tGT:GQ:SDP:DP:RD:AD:FREQ:PVAL:RBQ:ABQ:RDF:RDR:ADF:ADR\t1/1:0:407:343:0:343:99.71%:9.8E-1:0:23:0:0:46:297\n-chr1\t47691568\t.\tGCAGA\tG\t.\tPASS\t.\tGT:GQ:SDP:DP:RD:AD:FREQ:PVAL:RBQ:ABQ:RDF:RDR:ADF:ADR\t0/1:0:40:35:15:21:56.76%:9.8E-1:33:29:7:8:7:14\n-chr1\t47717189\t.\tA\tG\t.\tPASS\t.\tGT:GQ:SDP:DP:RD:AD:FREQ:PVAL:RBQ:ABQ:RDF:RDR:ADF:ADR\t0/1:0:714:667:201:464:69.57%:9.8E-1:36:21:115:86:242:222\n-chr1\t47726087\t.\tT\tC\t.\tPASS\t.\tGT:GQ:SDP:DP:RD:AD:FREQ:PVAL:RBQ:ABQ:RDF:RDR:ADF:ADR\t0/1:0:625:603:468:135:22.39%:9.8E-1:36:35:264:204:65:70\n-chr1\t47735280\t.\tT\tC\t.\tPASS\t.\tGT:GQ:SDP:DP:RD:AD:FREQ:PVAL:RBQ:ABQ:RDF:RDR:ADF:ADR\t0/1:0:414:381:98:283:74.28%:9.8E-1:35:36:74:24:225:58\n-chr1\t47767914\t.\tG\tA\t.\tPASS\t.\tGT:GQ:SDP:DP:RD:AD:FREQ:PVAL:RBQ:ABQ:RDF:RDR:ADF:ADR\t0/1:0:560:533:377:156:29.27%:9.8E-1:35:34:222:155:91:65\n-chr1\t65325970\t.\tC\tT\t.\tPASS\t.\tGT:GQ:SDP:DP:RD:AD:FREQ:PVAL:RBQ:ABQ:RDF:RDR:ADF:ADR\t1/1:0:491:457:40:417:91.25%:9.8E-1:35:36:8:32:82:335\n-chr1\t65330682\t.\tG\tA\t.\tPASS\t.\tGT:GQ:SDP:DP:RD:AD:FREQ:PVAL:RBQ:ABQ:RDF:RDR:ADF:ADR\t0/1:0:482:448:141:307:68.53%:9.8E-1:35:21:21:120:41:266\n-chr1\t65335095\t.\tT\tC\t.\tPASS\t.\tGT:GQ:SDP:DP:RD:AD:FREQ:PVAL:RBQ:ABQ:RDF:RDR:ADF:ADR\t0/1:0:1022:957:364:593:61.96%:9.8E-1:35:21:147:217:251:342\n-chr1\t85732065\t.\tA\tG\t.\tPASS\t.\tGT:GQ:SDP:DP:RD:AD:FREQ:PVAL:RBQ:ABQ:RDF:RDR:ADF:ADR\t1/1:0:319:295:6:289:97.97%:9.8E-1:37:36:5:1:206:83\n-chr1\t85732133\t.\tG\tA\t.\tPASS\t.\tGT:GQ:SDP:DP:RD:AD:FREQ:PVAL:RBQ:ABQ:RDF:RDR:ADF:ADR\t0/1:0:434:405:124:281:69.21%:9.8E-1:36:24:82:42:200:81\n-chr1\t85732941\t.\tA\tC\t.\tPASS\t.\tGT:GQ:SDP:DP:RD:AD:FREQ:PVAL:RBQ:ABQ:RDF:RDR:ADF:ADR\t1/1:0:479:423:9:414:97.64%:9.8E-1:37:35:2:7:127:287\n-chr1\t85741921\t.\tG\tC\t.\tPASS\t.\tGT:GQ:SDP:DP:RD:AD:FREQ:PVAL:RBQ:ABQ:RDF:RDR:ADF:ADR\t1/1:0:239:218:10:208:95.41%:9.8E-1:34:25:8:2:172:36\n-chr1\t85742012\t.\tG\tC\t.\tPASS\t.\tGT:GQ:SDP:DP:RD:AD:FREQ:PVAL:RBQ:ABQ:RDF:RDR:ADF:ADR\t0/1:0:484:437:302:135:30.89%:9.8E-1:35:34:175:127:70:65\n" ], "status": "failure", "test_index": 0, "time_seconds": 43.34701418876648, "tool_id": "vcftools_slice", "tool_version": "0.1"}
                ]]></error>
            
            <system-out><![CDATA[
            VCFtools - v0.1.11(C) Adam Auton 2009Parameters as interpreted:--vcf sorted.vcf--out output--recode--bed regions.bedIndex file is older than variant file. Will regenerate.Building new index file.Error:No header or meta information. Invalid file: sorted.vcf
            ]]></system-out>
            <system-err><![CDATA[
            /galaxy/server/database/jobs_directory/000/130/tool_script.sh: line 22: vcf-sort: command not found
            ]]></system-err>
        
    </testcase>
    
</testsuite>