<?xml version="1.0" encoding="UTF-8"?>
<testsuite name="Results (powered by Planemo)"
           tests="45"
           errors="9"
           failures="5"
           skip="0">
    
    <testcase classname="bcftools_norm (Test #1)" name="0" time="29.846570253372192">
        
            
                <error type="error" message="Tool exit code: None"><![CDATA[
                    { "inputs": {  "input_file": {   "id": "ef9e6c5879b89187",   "src": "hda"  },  "normalize_indels": true,  "output_type": "v",  "reference_source|fasta_ref": {   "id": "f4c4314297308736",   "src": "hda"  },  "reference_source|reference_source_selector": "history" }, "job": {  "command_line": "bgzip -c \u0027/galaxy/server/database/objects/4/c/b/dataset_4cb8eb58-12bf-440b-92c9-3ca1d9673959.dat\u0027 \u003e input.vcf.gz \u0026\u0026 bcftools index input.vcf.gz \u0026\u0026     ln -s \u0027/galaxy/server/database/objects/f/8/4/dataset_f84ac9a6-e1d5-46f4-a56b-4edd0d1b9bcb.dat\u0027 ref.fa \u0026\u0026 samtools faidx ref.fa \u0026\u0026             bcftools norm   --fasta-ref ref.fa  --check-ref w   --site-win 1000 --sort pos            --output-type \u0027v\u0027   --threads ${GALAXY_SLOTS:-4}    input.vcf.gz  \u003e \u0027/galaxy/server/database/objects/d/c/7/dataset_dc7d84b5-f95b-44a8-ae06-bd486c12f3ec.dat\u0027",  "command_version": null,  "copied_from_job_id": null,  "create_time": "2026-01-22T01:18:26.976957",  "dependencies": [],  "exit_code": null,  "external_id": "gxy-gfwt2",  "galaxy_version": "24.1",  "handler": null,  "history_id": "6fef8f426cbd8775",  "id": "0292eea4d68df83f",  "inputs": {   "input_file": {    "id": "ef9e6c5879b89187",    "src": "hda",    "uuid": "4cb8eb58-12bf-440b-92c9-3ca1d9673959"   },   "reference_source|fasta_ref": {    "id": "f4c4314297308736",    "src": "hda",    "uuid": "f84ac9a6-e1d5-46f4-a56b-4edd0d1b9bcb"   }  },  "job_messages": null,  "job_metrics": [],  "job_runner_name": null,  "job_stderr": null,  "job_stdout": null,  "model_class": "Job",  "output_collections": {},  "outputs": {   "output_file": {    "id": "bc67bd995eac1b95",    "src": "hda",    "uuid": "dc7d84b5-f95b-44a8-ae06-bd486c12f3ec"   }  },  "params": {   "__input_ext": "\"input\"",   "atomization": "\"\"",   "check_ref": "\"w\"",   "chromInfo": "\"/cvmfs/data.galaxyproject.org/managed/len/ucsc/?.len\"",   "dbkey": "\"?\"",   "multiallelics": "{\"__current_case__\": 0, \"mode\": \"\"}",   "normalize_indels": "true",   "old_rec_tag": "\"\"",   "output_type": "\"v\"",   "reference_source": "{\"__current_case__\": 1, \"fasta_ref\": {\"values\": [{\"id\": 66, \"src\": \"hda\"}]}, \"reference_source_selector\": \"history\"}",   "rm_dup": "\"\"",   "sec_default": "{\"site_win\": \"1000\", \"sort\": \"pos\"}",   "sec_filter_norm": "{\"exclude\": null, \"include\": null}",   "sec_restrict": "{\"regions\": {\"__current_case__\": 0, \"regions_src\": \"__none__\"}, \"targets\": {\"__current_case__\": 0, \"targets_src\": \"__none__\"}}"  },  "state": "error",  "stderr": "Lines   total/split/joined/realigned/mismatch_removed/dup_removed/skipped:\t21/0/0/13/0/0/0\n",  "stdout": "",  "tool_id": "toolshed.g2.bx.psu.edu/repos/iuc/bcftools_norm/bcftools_norm/1.22+galaxy0",  "tool_stderr": "Lines   total/split/joined/realigned/mismatch_removed/dup_removed/skipped:\t21/0/0/13/0/0/0\n",  "tool_stdout": "",  "update_time": "2026-01-22T01:18:38.343577",  "user_email": "tests@fake.org" }, "output_problems": [  "Job in error state.. tool_id: toolshed.g2.bx.psu.edu/repos/iuc/bcftools_norm/bcftools_norm/1.22+galaxy0, exit_code: None, stderr: Lines   total/split/joined/realigned/mismatch_removed/dup_removed/skipped:\t21/0/0/13/0/0/0\n." ], "status": "failure", "test_index": 0, "time_seconds": 29.846570253372192, "tool_id": "bcftools_norm", "tool_version": "1.22+galaxy0"}
                ]]></error>
            
            <system-out><![CDATA[
            
            ]]></system-out>
            <system-err><![CDATA[
            Lines   total/split/joined/realigned/mismatch_removed/dup_removed/skipped:21/0/0/13/0/0/0
            ]]></system-err>
        
    </testcase>
    
    <testcase classname="bcftools_norm (Test #2)" name="1" time="">
        
            <error type="error" message=""><![CDATA[
                { "status": "skip", "test_index": 1, "tool_id": "bcftools_norm", "tool_version": "1.22+galaxy0"}
            ]]></error>
        
    </testcase>
    
    <testcase classname="bcftools_norm (Test #3)" name="2" time="30.652532815933228">
        
            
            <system-out><![CDATA[
            
            ]]></system-out>
            <system-err><![CDATA[
            Lines   total/split/joined/realigned/mismatch_removed/dup_removed/skipped:19/7/0/0/0/0/0
            ]]></system-err>
        
    </testcase>
    
    <testcase classname="bcftools_norm (Test #4)" name="3" time="30.58965039253235">
        
            
            <system-out><![CDATA[
            
            ]]></system-out>
            <system-err><![CDATA[
            Lines   total/split/joined/realigned/mismatch_removed/dup_removed/skipped:19/7/0/19/0/0/0
            ]]></system-err>
        
    </testcase>
    
    <testcase classname="bcftools_norm (Test #5)" name="4" time="31.2374746799469">
        
            
            <system-out><![CDATA[
            
            ]]></system-out>
            <system-err><![CDATA[
            Lines   total/split/joined/realigned/mismatch_removed/dup_removed/skipped:26/0/7/0/0/0/0
            ]]></system-err>
        
    </testcase>
    
    <testcase classname="bcftools_norm (Test #6)" name="5" time="31.35383653640747">
        
            
            <system-out><![CDATA[
            
            ]]></system-out>
            <system-err><![CDATA[
            Lines   total/split/joined/realigned/mismatch_removed/dup_removed/skipped:26/0/7/0/0/0/0
            ]]></system-err>
        
    </testcase>
    
    <testcase classname="bcftools_norm (Test #7)" name="6" time="11.010010957717896">
        
            <error type="error" message="Input staging problem: Traceback (most recent call last):
  File "/opt/hostedtoolcache/Python/3.12.12/x64/lib/python3.12/site-packages/galaxy/tool_util/verify/interactor.py", line 1466, in verify_tool
    stage_data_in_history(
  File "/opt/hostedtoolcache/Python/3.12.12/x64/lib/python3.12/site-packages/galaxy/tool_util/verify/interactor.py", line 175, in stage_data_in_history
    staging_interface.handle_jobs()
  File "/opt/hostedtoolcache/Python/3.12.12/x64/lib/python3.12/site-packages/galaxy/tool_util/verify/interactor.py", line 212, in handle_jobs
    self.galaxy_interactor.wait_for_job(job_response["id"], job_response["history_id"], self.maxseconds)
  File "/opt/hostedtoolcache/Python/3.12.12/x64/lib/python3.12/site-packages/galaxy/tool_util/verify/interactor.py", line 398, in wait_for_job
    self.wait_for(lambda: self.__job_ready(job_id, history_id), maxseconds=maxseconds)
  File "/opt/hostedtoolcache/Python/3.12.12/x64/lib/python3.12/site-packages/galaxy/tool_util/verify/interactor.py", line 402, in wait_for
    wait_on(func, what, walltime_exceeded)
  File "/opt/hostedtoolcache/Python/3.12.12/x64/lib/python3.12/site-packages/galaxy/tool_util/verify/wait.py", line 38, in wait_on
    value = function()
            ^^^^^^^^^^
  File "/opt/hostedtoolcache/Python/3.12.12/x64/lib/python3.12/site-packages/galaxy/tool_util/verify/interactor.py", line 398, in <lambda>
    self.wait_for(lambda: self.__job_ready(job_id, history_id), maxseconds=maxseconds)
                          ^^^^^^^^^^^^^^^^^^^^^^^^^^^^^^^^^^^^
  File "/opt/hostedtoolcache/Python/3.12.12/x64/lib/python3.12/site-packages/galaxy/tool_util/verify/interactor.py", line 751, in __job_ready
    return self._state_ready(job_id, error_msg="Job in error state.")
           ^^^^^^^^^^^^^^^^^^^^^^^^^^^^^^^^^^^^^^^^^^^^^^^^^^^^^^^^^^
  File "/opt/hostedtoolcache/Python/3.12.12/x64/lib/python3.12/site-packages/galaxy/tool_util/verify/interactor.py", line 847, in _state_ready
    raise Exception(
Exception: Job in error state.. tool_id: __DATA_FETCH__, exit_code: None, stderr: .
"><![CDATA[
                { "execution_problem": "Input staging problem: Traceback (most recent call last):\n  File \"/opt/hostedtoolcache/Python/3.12.12/x64/lib/python3.12/site-packages/galaxy/tool_util/verify/interactor.py\", line 1466, in verify_tool\n    stage_data_in_history(\n  File \"/opt/hostedtoolcache/Python/3.12.12/x64/lib/python3.12/site-packages/galaxy/tool_util/verify/interactor.py\", line 175, in stage_data_in_history\n    staging_interface.handle_jobs()\n  File \"/opt/hostedtoolcache/Python/3.12.12/x64/lib/python3.12/site-packages/galaxy/tool_util/verify/interactor.py\", line 212, in handle_jobs\n    self.galaxy_interactor.wait_for_job(job_response[\"id\"], job_response[\"history_id\"], self.maxseconds)\n  File \"/opt/hostedtoolcache/Python/3.12.12/x64/lib/python3.12/site-packages/galaxy/tool_util/verify/interactor.py\", line 398, in wait_for_job\n    self.wait_for(lambda: self.__job_ready(job_id, history_id), maxseconds=maxseconds)\n  File \"/opt/hostedtoolcache/Python/3.12.12/x64/lib/python3.12/site-packages/galaxy/tool_util/verify/interactor.py\", line 402, in wait_for\n    wait_on(func, what, walltime_exceeded)\n  File \"/opt/hostedtoolcache/Python/3.12.12/x64/lib/python3.12/site-packages/galaxy/tool_util/verify/wait.py\", line 38, in wait_on\n    value = function()\n            ^^^^^^^^^^\n  File \"/opt/hostedtoolcache/Python/3.12.12/x64/lib/python3.12/site-packages/galaxy/tool_util/verify/interactor.py\", line 398, in \u003clambda\u003e\n    self.wait_for(lambda: self.__job_ready(job_id, history_id), maxseconds=maxseconds)\n                          ^^^^^^^^^^^^^^^^^^^^^^^^^^^^^^^^^^^^\n  File \"/opt/hostedtoolcache/Python/3.12.12/x64/lib/python3.12/site-packages/galaxy/tool_util/verify/interactor.py\", line 751, in __job_ready\n    return self._state_ready(job_id, error_msg=\"Job in error state.\")\n           ^^^^^^^^^^^^^^^^^^^^^^^^^^^^^^^^^^^^^^^^^^^^^^^^^^^^^^^^^^\n  File \"/opt/hostedtoolcache/Python/3.12.12/x64/lib/python3.12/site-packages/galaxy/tool_util/verify/interactor.py\", line 847, in _state_ready\n    raise Exception(\nException: Job in error state.. tool_id: __DATA_FETCH__, exit_code: None, stderr: .\n", "status": "error", "test_index": 6, "time_seconds": 11.010010957717896, "tool_id": "bcftools_norm", "tool_version": "1.22+galaxy0"}
            ]]></error>
        
    </testcase>
    
    <testcase classname="bcftools_norm (Test #8)" name="7" time="31.899783611297607">
        
            
            <system-out><![CDATA[
            
            ]]></system-out>
            <system-err><![CDATA[
            Lines   total/split/joined/realigned/mismatch_removed/dup_removed/skipped:19/0/0/10/0/0/0
            ]]></system-err>
        
    </testcase>
    
    <testcase classname="bcftools_norm (Test #9)" name="8" time="">
        
            <error type="error" message=""><![CDATA[
                { "status": "skip", "test_index": 8, "tool_id": "bcftools_norm", "tool_version": "1.22+galaxy0"}
            ]]></error>
        
    </testcase>
    
    <testcase classname="bcftools_norm (Test #10)" name="9" time="30.35015869140625">
        
            
            <system-out><![CDATA[
            
            ]]></system-out>
            <system-err><![CDATA[
            Lines   total/split/joined/realigned/mismatch_removed/dup_removed/skipped:21/0/0/13/0/0/1
            ]]></system-err>
        
    </testcase>
    
    <testcase classname="bcftools_plugin_fill_tags (Test #1)" name="0" time="37.30988550186157">
        
            
            <system-out><![CDATA[
            
            ]]></system-out>
            <system-err><![CDATA[
            
            ]]></system-err>
        
    </testcase>
    
    <testcase classname="bcftools_plugin_fill_tags (Test #2)" name="1" time="29.46900510787964">
        
            
            <system-out><![CDATA[
            
            ]]></system-out>
            <system-err><![CDATA[
            
            ]]></system-err>
        
    </testcase>
    
    <testcase classname="circos (Test #1)" name="0" time="70.54363441467285">
        
            
            <system-out><![CDATA[
            debuggroup summary 0.13s welcome to circos v0.69-8 15 Jun 2019 on Perl 5.032001debuggroup summary 0.14s current working directory /galaxy/server/database/jobs_directory/000/102/workingdebuggroup summary 0.14s command /usr/local/bin/circos -conf circos/conf/circos.conf -noparanoiddebuggroup summary 0.14s loading configuration from file circos/conf/circos.confdebuggroup summary 0.14s found conf file circos/conf/circos.confdebuggroup summary 0.24s debug will appear for these features: output,summarydebuggroup summary 0.24s bitmap output image ./circos.pngdebuggroup summary 0.24s SVG output image ./circos.svgdebuggroup summary 0.24s parsing karyotype and organizing ideogramsdebuggroup summary 0.24s karyotype has 2 chromosomes of total size 56,082debuggroup summary 0.24s applying global and local scalingdebuggroup summary 0.24s allocating image, colors and brushesdebuggroup summary 4.82s drawing 2 ideograms of total size 56,082debuggroup summary 4.82s drawing highlights and ideogramsdebuggroup output 4.82s generating outputdebuggroup output 5.13s created PNG image ./circos.png (40 kb)debuggroup output 5.13s created SVG image ./circos.svg (2 kb)
            ]]></system-out>
            <system-err><![CDATA[
            Use of uninitialized value in subroutine entry at /usr/local/bin/../lib/Circos/Configuration.pm line 781.
            ]]></system-err>
        
    </testcase>
    
    <testcase classname="circos (Test #2)" name="1" time="27.848281145095825">
        
            <error type="error" message="Input staging problem: Traceback (most recent call last):
  File "/opt/hostedtoolcache/Python/3.12.12/x64/lib/python3.12/site-packages/galaxy/tool_util/verify/interactor.py", line 1466, in verify_tool
    stage_data_in_history(
  File "/opt/hostedtoolcache/Python/3.12.12/x64/lib/python3.12/site-packages/galaxy/tool_util/verify/interactor.py", line 175, in stage_data_in_history
    staging_interface.handle_jobs()
  File "/opt/hostedtoolcache/Python/3.12.12/x64/lib/python3.12/site-packages/galaxy/tool_util/verify/interactor.py", line 212, in handle_jobs
    self.galaxy_interactor.wait_for_job(job_response["id"], job_response["history_id"], self.maxseconds)
  File "/opt/hostedtoolcache/Python/3.12.12/x64/lib/python3.12/site-packages/galaxy/tool_util/verify/interactor.py", line 398, in wait_for_job
    self.wait_for(lambda: self.__job_ready(job_id, history_id), maxseconds=maxseconds)
  File "/opt/hostedtoolcache/Python/3.12.12/x64/lib/python3.12/site-packages/galaxy/tool_util/verify/interactor.py", line 402, in wait_for
    wait_on(func, what, walltime_exceeded)
  File "/opt/hostedtoolcache/Python/3.12.12/x64/lib/python3.12/site-packages/galaxy/tool_util/verify/wait.py", line 38, in wait_on
    value = function()
            ^^^^^^^^^^
  File "/opt/hostedtoolcache/Python/3.12.12/x64/lib/python3.12/site-packages/galaxy/tool_util/verify/interactor.py", line 398, in <lambda>
    self.wait_for(lambda: self.__job_ready(job_id, history_id), maxseconds=maxseconds)
                          ^^^^^^^^^^^^^^^^^^^^^^^^^^^^^^^^^^^^
  File "/opt/hostedtoolcache/Python/3.12.12/x64/lib/python3.12/site-packages/galaxy/tool_util/verify/interactor.py", line 751, in __job_ready
    return self._state_ready(job_id, error_msg="Job in error state.")
           ^^^^^^^^^^^^^^^^^^^^^^^^^^^^^^^^^^^^^^^^^^^^^^^^^^^^^^^^^^
  File "/opt/hostedtoolcache/Python/3.12.12/x64/lib/python3.12/site-packages/galaxy/tool_util/verify/interactor.py", line 847, in _state_ready
    raise Exception(
Exception: Job in error state.. tool_id: __DATA_FETCH__, exit_code: None, stderr: .
"><![CDATA[
                { "execution_problem": "Input staging problem: Traceback (most recent call last):\n  File \"/opt/hostedtoolcache/Python/3.12.12/x64/lib/python3.12/site-packages/galaxy/tool_util/verify/interactor.py\", line 1466, in verify_tool\n    stage_data_in_history(\n  File \"/opt/hostedtoolcache/Python/3.12.12/x64/lib/python3.12/site-packages/galaxy/tool_util/verify/interactor.py\", line 175, in stage_data_in_history\n    staging_interface.handle_jobs()\n  File \"/opt/hostedtoolcache/Python/3.12.12/x64/lib/python3.12/site-packages/galaxy/tool_util/verify/interactor.py\", line 212, in handle_jobs\n    self.galaxy_interactor.wait_for_job(job_response[\"id\"], job_response[\"history_id\"], self.maxseconds)\n  File \"/opt/hostedtoolcache/Python/3.12.12/x64/lib/python3.12/site-packages/galaxy/tool_util/verify/interactor.py\", line 398, in wait_for_job\n    self.wait_for(lambda: self.__job_ready(job_id, history_id), maxseconds=maxseconds)\n  File \"/opt/hostedtoolcache/Python/3.12.12/x64/lib/python3.12/site-packages/galaxy/tool_util/verify/interactor.py\", line 402, in wait_for\n    wait_on(func, what, walltime_exceeded)\n  File \"/opt/hostedtoolcache/Python/3.12.12/x64/lib/python3.12/site-packages/galaxy/tool_util/verify/wait.py\", line 38, in wait_on\n    value = function()\n            ^^^^^^^^^^\n  File \"/opt/hostedtoolcache/Python/3.12.12/x64/lib/python3.12/site-packages/galaxy/tool_util/verify/interactor.py\", line 398, in \u003clambda\u003e\n    self.wait_for(lambda: self.__job_ready(job_id, history_id), maxseconds=maxseconds)\n                          ^^^^^^^^^^^^^^^^^^^^^^^^^^^^^^^^^^^^\n  File \"/opt/hostedtoolcache/Python/3.12.12/x64/lib/python3.12/site-packages/galaxy/tool_util/verify/interactor.py\", line 751, in __job_ready\n    return self._state_ready(job_id, error_msg=\"Job in error state.\")\n           ^^^^^^^^^^^^^^^^^^^^^^^^^^^^^^^^^^^^^^^^^^^^^^^^^^^^^^^^^^\n  File \"/opt/hostedtoolcache/Python/3.12.12/x64/lib/python3.12/site-packages/galaxy/tool_util/verify/interactor.py\", line 847, in _state_ready\n    raise Exception(\nException: Job in error state.. tool_id: __DATA_FETCH__, exit_code: None, stderr: .\n", "status": "error", "test_index": 1, "time_seconds": 27.848281145095825, "tool_id": "circos", "tool_version": "0.69.8+galaxy7"}
            ]]></error>
        
    </testcase>
    
    <testcase classname="deeptools_plot_enrichment (Test #1)" name="0" time="49.830355405807495">
        
            
            <system-out><![CDATA[
            
            ]]></system-out>
            <system-err><![CDATA[
            
            ]]></system-err>
        
    </testcase>
    
    <testcase classname="filter_tabular (Test #1)" name="0" time="0.09355807304382324">
        
            <error type="error" message="Input staging problem: Traceback (most recent call last):
  File "/opt/hostedtoolcache/Python/3.12.12/x64/lib/python3.12/site-packages/galaxy/tool_util/verify/interactor.py", line 1466, in verify_tool
    stage_data_in_history(
  File "/opt/hostedtoolcache/Python/3.12.12/x64/lib/python3.12/site-packages/galaxy/tool_util/verify/interactor.py", line 163, in stage_data_in_history
    test_dict = galaxy_interactor.remote_to_input(
                ^^^^^^^^^^^^^^^^^^^^^^^^^^^^^^^^^^
  File "/opt/hostedtoolcache/Python/3.12.12/x64/lib/python3.12/site-packages/galaxy/tool_util/verify/interactor.py", line 581, in remote_to_input
    path_or_location = self._get_path_or_location(
                       ^^^^^^^^^^^^^^^^^^^^^^^^^^^
  File "/opt/hostedtoolcache/Python/3.12.12/x64/lib/python3.12/site-packages/galaxy/tool_util/verify/interactor.py", line 618, in _get_path_or_location
    path = self.test_data_download(
           ^^^^^^^^^^^^^^^^^^^^^^^^
  File "/opt/hostedtoolcache/Python/3.12.12/x64/lib/python3.12/site-packages/galaxy/tool_util/verify/interactor.py", line 524, in test_data_download
    raise AssertionError(f"Test input file ({filename}) cannot be found.")
AssertionError: Test input file (pets.tsv) cannot be found.
"><![CDATA[
                { "execution_problem": "Input staging problem: Traceback (most recent call last):\n  File \"/opt/hostedtoolcache/Python/3.12.12/x64/lib/python3.12/site-packages/galaxy/tool_util/verify/interactor.py\", line 1466, in verify_tool\n    stage_data_in_history(\n  File \"/opt/hostedtoolcache/Python/3.12.12/x64/lib/python3.12/site-packages/galaxy/tool_util/verify/interactor.py\", line 163, in stage_data_in_history\n    test_dict = galaxy_interactor.remote_to_input(\n                ^^^^^^^^^^^^^^^^^^^^^^^^^^^^^^^^^^\n  File \"/opt/hostedtoolcache/Python/3.12.12/x64/lib/python3.12/site-packages/galaxy/tool_util/verify/interactor.py\", line 581, in remote_to_input\n    path_or_location = self._get_path_or_location(\n                       ^^^^^^^^^^^^^^^^^^^^^^^^^^^\n  File \"/opt/hostedtoolcache/Python/3.12.12/x64/lib/python3.12/site-packages/galaxy/tool_util/verify/interactor.py\", line 618, in _get_path_or_location\n    path = self.test_data_download(\n           ^^^^^^^^^^^^^^^^^^^^^^^^\n  File \"/opt/hostedtoolcache/Python/3.12.12/x64/lib/python3.12/site-packages/galaxy/tool_util/verify/interactor.py\", line 524, in test_data_download\n    raise AssertionError(f\"Test input file ({filename}) cannot be found.\")\nAssertionError: Test input file (pets.tsv) cannot be found.\n", "status": "error", "test_index": 0, "time_seconds": 0.09355807304382324, "tool_id": "filter_tabular", "tool_version": "3.3.1"}
            ]]></error>
        
    </testcase>
    
    <testcase classname="filter_tabular (Test #2)" name="1" time="0.05118989944458008">
        
            <error type="error" message="Input staging problem: Traceback (most recent call last):
  File "/opt/hostedtoolcache/Python/3.12.12/x64/lib/python3.12/site-packages/galaxy/tool_util/verify/interactor.py", line 1466, in verify_tool
    stage_data_in_history(
  File "/opt/hostedtoolcache/Python/3.12.12/x64/lib/python3.12/site-packages/galaxy/tool_util/verify/interactor.py", line 163, in stage_data_in_history
    test_dict = galaxy_interactor.remote_to_input(
                ^^^^^^^^^^^^^^^^^^^^^^^^^^^^^^^^^^
  File "/opt/hostedtoolcache/Python/3.12.12/x64/lib/python3.12/site-packages/galaxy/tool_util/verify/interactor.py", line 581, in remote_to_input
    path_or_location = self._get_path_or_location(
                       ^^^^^^^^^^^^^^^^^^^^^^^^^^^
  File "/opt/hostedtoolcache/Python/3.12.12/x64/lib/python3.12/site-packages/galaxy/tool_util/verify/interactor.py", line 618, in _get_path_or_location
    path = self.test_data_download(
           ^^^^^^^^^^^^^^^^^^^^^^^^
  File "/opt/hostedtoolcache/Python/3.12.12/x64/lib/python3.12/site-packages/galaxy/tool_util/verify/interactor.py", line 524, in test_data_download
    raise AssertionError(f"Test input file ({filename}) cannot be found.")
AssertionError: Test input file (pets.tsv) cannot be found.
"><![CDATA[
                { "execution_problem": "Input staging problem: Traceback (most recent call last):\n  File \"/opt/hostedtoolcache/Python/3.12.12/x64/lib/python3.12/site-packages/galaxy/tool_util/verify/interactor.py\", line 1466, in verify_tool\n    stage_data_in_history(\n  File \"/opt/hostedtoolcache/Python/3.12.12/x64/lib/python3.12/site-packages/galaxy/tool_util/verify/interactor.py\", line 163, in stage_data_in_history\n    test_dict = galaxy_interactor.remote_to_input(\n                ^^^^^^^^^^^^^^^^^^^^^^^^^^^^^^^^^^\n  File \"/opt/hostedtoolcache/Python/3.12.12/x64/lib/python3.12/site-packages/galaxy/tool_util/verify/interactor.py\", line 581, in remote_to_input\n    path_or_location = self._get_path_or_location(\n                       ^^^^^^^^^^^^^^^^^^^^^^^^^^^\n  File \"/opt/hostedtoolcache/Python/3.12.12/x64/lib/python3.12/site-packages/galaxy/tool_util/verify/interactor.py\", line 618, in _get_path_or_location\n    path = self.test_data_download(\n           ^^^^^^^^^^^^^^^^^^^^^^^^\n  File \"/opt/hostedtoolcache/Python/3.12.12/x64/lib/python3.12/site-packages/galaxy/tool_util/verify/interactor.py\", line 524, in test_data_download\n    raise AssertionError(f\"Test input file ({filename}) cannot be found.\")\nAssertionError: Test input file (pets.tsv) cannot be found.\n", "status": "error", "test_index": 1, "time_seconds": 0.05118989944458008, "tool_id": "filter_tabular", "tool_version": "3.3.1"}
            ]]></error>
        
    </testcase>
    
    <testcase classname="filter_tabular (Test #3)" name="2" time="0.048976898193359375">
        
            <error type="error" message="Input staging problem: Traceback (most recent call last):
  File "/opt/hostedtoolcache/Python/3.12.12/x64/lib/python3.12/site-packages/galaxy/tool_util/verify/interactor.py", line 1466, in verify_tool
    stage_data_in_history(
  File "/opt/hostedtoolcache/Python/3.12.12/x64/lib/python3.12/site-packages/galaxy/tool_util/verify/interactor.py", line 163, in stage_data_in_history
    test_dict = galaxy_interactor.remote_to_input(
                ^^^^^^^^^^^^^^^^^^^^^^^^^^^^^^^^^^
  File "/opt/hostedtoolcache/Python/3.12.12/x64/lib/python3.12/site-packages/galaxy/tool_util/verify/interactor.py", line 581, in remote_to_input
    path_or_location = self._get_path_or_location(
                       ^^^^^^^^^^^^^^^^^^^^^^^^^^^
  File "/opt/hostedtoolcache/Python/3.12.12/x64/lib/python3.12/site-packages/galaxy/tool_util/verify/interactor.py", line 618, in _get_path_or_location
    path = self.test_data_download(
           ^^^^^^^^^^^^^^^^^^^^^^^^
  File "/opt/hostedtoolcache/Python/3.12.12/x64/lib/python3.12/site-packages/galaxy/tool_util/verify/interactor.py", line 524, in test_data_download
    raise AssertionError(f"Test input file ({filename}) cannot be found.")
AssertionError: Test input file (customers.tsv) cannot be found.
"><![CDATA[
                { "execution_problem": "Input staging problem: Traceback (most recent call last):\n  File \"/opt/hostedtoolcache/Python/3.12.12/x64/lib/python3.12/site-packages/galaxy/tool_util/verify/interactor.py\", line 1466, in verify_tool\n    stage_data_in_history(\n  File \"/opt/hostedtoolcache/Python/3.12.12/x64/lib/python3.12/site-packages/galaxy/tool_util/verify/interactor.py\", line 163, in stage_data_in_history\n    test_dict = galaxy_interactor.remote_to_input(\n                ^^^^^^^^^^^^^^^^^^^^^^^^^^^^^^^^^^\n  File \"/opt/hostedtoolcache/Python/3.12.12/x64/lib/python3.12/site-packages/galaxy/tool_util/verify/interactor.py\", line 581, in remote_to_input\n    path_or_location = self._get_path_or_location(\n                       ^^^^^^^^^^^^^^^^^^^^^^^^^^^\n  File \"/opt/hostedtoolcache/Python/3.12.12/x64/lib/python3.12/site-packages/galaxy/tool_util/verify/interactor.py\", line 618, in _get_path_or_location\n    path = self.test_data_download(\n           ^^^^^^^^^^^^^^^^^^^^^^^^\n  File \"/opt/hostedtoolcache/Python/3.12.12/x64/lib/python3.12/site-packages/galaxy/tool_util/verify/interactor.py\", line 524, in test_data_download\n    raise AssertionError(f\"Test input file ({filename}) cannot be found.\")\nAssertionError: Test input file (customers.tsv) cannot be found.\n", "status": "error", "test_index": 2, "time_seconds": 0.048976898193359375, "tool_id": "filter_tabular", "tool_version": "3.3.1"}
            ]]></error>
        
    </testcase>
    
    <testcase classname="filter_tabular (Test #4)" name="3" time="0.05334329605102539">
        
            <error type="error" message="Input staging problem: Traceback (most recent call last):
  File "/opt/hostedtoolcache/Python/3.12.12/x64/lib/python3.12/site-packages/galaxy/tool_util/verify/interactor.py", line 1466, in verify_tool
    stage_data_in_history(
  File "/opt/hostedtoolcache/Python/3.12.12/x64/lib/python3.12/site-packages/galaxy/tool_util/verify/interactor.py", line 163, in stage_data_in_history
    test_dict = galaxy_interactor.remote_to_input(
                ^^^^^^^^^^^^^^^^^^^^^^^^^^^^^^^^^^
  File "/opt/hostedtoolcache/Python/3.12.12/x64/lib/python3.12/site-packages/galaxy/tool_util/verify/interactor.py", line 581, in remote_to_input
    path_or_location = self._get_path_or_location(
                       ^^^^^^^^^^^^^^^^^^^^^^^^^^^
  File "/opt/hostedtoolcache/Python/3.12.12/x64/lib/python3.12/site-packages/galaxy/tool_util/verify/interactor.py", line 618, in _get_path_or_location
    path = self.test_data_download(
           ^^^^^^^^^^^^^^^^^^^^^^^^
  File "/opt/hostedtoolcache/Python/3.12.12/x64/lib/python3.12/site-packages/galaxy/tool_util/verify/interactor.py", line 524, in test_data_download
    raise AssertionError(f"Test input file ({filename}) cannot be found.")
AssertionError: Test input file (IEDB.tsv) cannot be found.
"><![CDATA[
                { "execution_problem": "Input staging problem: Traceback (most recent call last):\n  File \"/opt/hostedtoolcache/Python/3.12.12/x64/lib/python3.12/site-packages/galaxy/tool_util/verify/interactor.py\", line 1466, in verify_tool\n    stage_data_in_history(\n  File \"/opt/hostedtoolcache/Python/3.12.12/x64/lib/python3.12/site-packages/galaxy/tool_util/verify/interactor.py\", line 163, in stage_data_in_history\n    test_dict = galaxy_interactor.remote_to_input(\n                ^^^^^^^^^^^^^^^^^^^^^^^^^^^^^^^^^^\n  File \"/opt/hostedtoolcache/Python/3.12.12/x64/lib/python3.12/site-packages/galaxy/tool_util/verify/interactor.py\", line 581, in remote_to_input\n    path_or_location = self._get_path_or_location(\n                       ^^^^^^^^^^^^^^^^^^^^^^^^^^^\n  File \"/opt/hostedtoolcache/Python/3.12.12/x64/lib/python3.12/site-packages/galaxy/tool_util/verify/interactor.py\", line 618, in _get_path_or_location\n    path = self.test_data_download(\n           ^^^^^^^^^^^^^^^^^^^^^^^^\n  File \"/opt/hostedtoolcache/Python/3.12.12/x64/lib/python3.12/site-packages/galaxy/tool_util/verify/interactor.py\", line 524, in test_data_download\n    raise AssertionError(f\"Test input file ({filename}) cannot be found.\")\nAssertionError: Test input file (IEDB.tsv) cannot be found.\n", "status": "error", "test_index": 3, "time_seconds": 0.05334329605102539, "tool_id": "filter_tabular", "tool_version": "3.3.1"}
            ]]></error>
        
    </testcase>
    
    <testcase classname="filter_tabular (Test #5)" name="4" time="0.04966020584106445">
        
            <error type="error" message="Input staging problem: Traceback (most recent call last):
  File "/opt/hostedtoolcache/Python/3.12.12/x64/lib/python3.12/site-packages/galaxy/tool_util/verify/interactor.py", line 1466, in verify_tool
    stage_data_in_history(
  File "/opt/hostedtoolcache/Python/3.12.12/x64/lib/python3.12/site-packages/galaxy/tool_util/verify/interactor.py", line 163, in stage_data_in_history
    test_dict = galaxy_interactor.remote_to_input(
                ^^^^^^^^^^^^^^^^^^^^^^^^^^^^^^^^^^
  File "/opt/hostedtoolcache/Python/3.12.12/x64/lib/python3.12/site-packages/galaxy/tool_util/verify/interactor.py", line 581, in remote_to_input
    path_or_location = self._get_path_or_location(
                       ^^^^^^^^^^^^^^^^^^^^^^^^^^^
  File "/opt/hostedtoolcache/Python/3.12.12/x64/lib/python3.12/site-packages/galaxy/tool_util/verify/interactor.py", line 618, in _get_path_or_location
    path = self.test_data_download(
           ^^^^^^^^^^^^^^^^^^^^^^^^
  File "/opt/hostedtoolcache/Python/3.12.12/x64/lib/python3.12/site-packages/galaxy/tool_util/verify/interactor.py", line 524, in test_data_download
    raise AssertionError(f"Test input file ({filename}) cannot be found.")
AssertionError: Test input file (math_input.tsv) cannot be found.
"><![CDATA[
                { "execution_problem": "Input staging problem: Traceback (most recent call last):\n  File \"/opt/hostedtoolcache/Python/3.12.12/x64/lib/python3.12/site-packages/galaxy/tool_util/verify/interactor.py\", line 1466, in verify_tool\n    stage_data_in_history(\n  File \"/opt/hostedtoolcache/Python/3.12.12/x64/lib/python3.12/site-packages/galaxy/tool_util/verify/interactor.py\", line 163, in stage_data_in_history\n    test_dict = galaxy_interactor.remote_to_input(\n                ^^^^^^^^^^^^^^^^^^^^^^^^^^^^^^^^^^\n  File \"/opt/hostedtoolcache/Python/3.12.12/x64/lib/python3.12/site-packages/galaxy/tool_util/verify/interactor.py\", line 581, in remote_to_input\n    path_or_location = self._get_path_or_location(\n                       ^^^^^^^^^^^^^^^^^^^^^^^^^^^\n  File \"/opt/hostedtoolcache/Python/3.12.12/x64/lib/python3.12/site-packages/galaxy/tool_util/verify/interactor.py\", line 618, in _get_path_or_location\n    path = self.test_data_download(\n           ^^^^^^^^^^^^^^^^^^^^^^^^\n  File \"/opt/hostedtoolcache/Python/3.12.12/x64/lib/python3.12/site-packages/galaxy/tool_util/verify/interactor.py\", line 524, in test_data_download\n    raise AssertionError(f\"Test input file ({filename}) cannot be found.\")\nAssertionError: Test input file (math_input.tsv) cannot be found.\n", "status": "error", "test_index": 4, "time_seconds": 0.04966020584106445, "tool_id": "filter_tabular", "tool_version": "3.3.1"}
            ]]></error>
        
    </testcase>
    
    <testcase classname="flash (Test #1)" name="0" time="23.329545736312866">
        
            <error type="error" message="Input staging problem: Traceback (most recent call last):
  File "/opt/hostedtoolcache/Python/3.12.12/x64/lib/python3.12/site-packages/galaxy/tool_util/verify/interactor.py", line 1466, in verify_tool
    stage_data_in_history(
  File "/opt/hostedtoolcache/Python/3.12.12/x64/lib/python3.12/site-packages/galaxy/tool_util/verify/interactor.py", line 175, in stage_data_in_history
    staging_interface.handle_jobs()
  File "/opt/hostedtoolcache/Python/3.12.12/x64/lib/python3.12/site-packages/galaxy/tool_util/verify/interactor.py", line 212, in handle_jobs
    self.galaxy_interactor.wait_for_job(job_response["id"], job_response["history_id"], self.maxseconds)
  File "/opt/hostedtoolcache/Python/3.12.12/x64/lib/python3.12/site-packages/galaxy/tool_util/verify/interactor.py", line 398, in wait_for_job
    self.wait_for(lambda: self.__job_ready(job_id, history_id), maxseconds=maxseconds)
  File "/opt/hostedtoolcache/Python/3.12.12/x64/lib/python3.12/site-packages/galaxy/tool_util/verify/interactor.py", line 402, in wait_for
    wait_on(func, what, walltime_exceeded)
  File "/opt/hostedtoolcache/Python/3.12.12/x64/lib/python3.12/site-packages/galaxy/tool_util/verify/wait.py", line 38, in wait_on
    value = function()
            ^^^^^^^^^^
  File "/opt/hostedtoolcache/Python/3.12.12/x64/lib/python3.12/site-packages/galaxy/tool_util/verify/interactor.py", line 398, in <lambda>
    self.wait_for(lambda: self.__job_ready(job_id, history_id), maxseconds=maxseconds)
                          ^^^^^^^^^^^^^^^^^^^^^^^^^^^^^^^^^^^^
  File "/opt/hostedtoolcache/Python/3.12.12/x64/lib/python3.12/site-packages/galaxy/tool_util/verify/interactor.py", line 751, in __job_ready
    return self._state_ready(job_id, error_msg="Job in error state.")
           ^^^^^^^^^^^^^^^^^^^^^^^^^^^^^^^^^^^^^^^^^^^^^^^^^^^^^^^^^^
  File "/opt/hostedtoolcache/Python/3.12.12/x64/lib/python3.12/site-packages/galaxy/tool_util/verify/interactor.py", line 847, in _state_ready
    raise Exception(
Exception: Job in error state.. tool_id: __DATA_FETCH__, exit_code: None, stderr: .
"><![CDATA[
                { "execution_problem": "Input staging problem: Traceback (most recent call last):\n  File \"/opt/hostedtoolcache/Python/3.12.12/x64/lib/python3.12/site-packages/galaxy/tool_util/verify/interactor.py\", line 1466, in verify_tool\n    stage_data_in_history(\n  File \"/opt/hostedtoolcache/Python/3.12.12/x64/lib/python3.12/site-packages/galaxy/tool_util/verify/interactor.py\", line 175, in stage_data_in_history\n    staging_interface.handle_jobs()\n  File \"/opt/hostedtoolcache/Python/3.12.12/x64/lib/python3.12/site-packages/galaxy/tool_util/verify/interactor.py\", line 212, in handle_jobs\n    self.galaxy_interactor.wait_for_job(job_response[\"id\"], job_response[\"history_id\"], self.maxseconds)\n  File \"/opt/hostedtoolcache/Python/3.12.12/x64/lib/python3.12/site-packages/galaxy/tool_util/verify/interactor.py\", line 398, in wait_for_job\n    self.wait_for(lambda: self.__job_ready(job_id, history_id), maxseconds=maxseconds)\n  File \"/opt/hostedtoolcache/Python/3.12.12/x64/lib/python3.12/site-packages/galaxy/tool_util/verify/interactor.py\", line 402, in wait_for\n    wait_on(func, what, walltime_exceeded)\n  File \"/opt/hostedtoolcache/Python/3.12.12/x64/lib/python3.12/site-packages/galaxy/tool_util/verify/wait.py\", line 38, in wait_on\n    value = function()\n            ^^^^^^^^^^\n  File \"/opt/hostedtoolcache/Python/3.12.12/x64/lib/python3.12/site-packages/galaxy/tool_util/verify/interactor.py\", line 398, in \u003clambda\u003e\n    self.wait_for(lambda: self.__job_ready(job_id, history_id), maxseconds=maxseconds)\n                          ^^^^^^^^^^^^^^^^^^^^^^^^^^^^^^^^^^^^\n  File \"/opt/hostedtoolcache/Python/3.12.12/x64/lib/python3.12/site-packages/galaxy/tool_util/verify/interactor.py\", line 751, in __job_ready\n    return self._state_ready(job_id, error_msg=\"Job in error state.\")\n           ^^^^^^^^^^^^^^^^^^^^^^^^^^^^^^^^^^^^^^^^^^^^^^^^^^^^^^^^^^\n  File \"/opt/hostedtoolcache/Python/3.12.12/x64/lib/python3.12/site-packages/galaxy/tool_util/verify/interactor.py\", line 847, in _state_ready\n    raise Exception(\nException: Job in error state.. tool_id: __DATA_FETCH__, exit_code: None, stderr: .\n", "status": "error", "test_index": 0, "time_seconds": 23.329545736312866, "tool_id": "flash", "tool_version": "1.2.11.4"}
            ]]></error>
        
    </testcase>
    
    <testcase classname="flash (Test #2)" name="1" time="61.02670168876648">
        
            
            <system-out><![CDATA[
            
            ]]></system-out>
            <system-err><![CDATA[
            
            ]]></system-err>
        
    </testcase>
    
    <testcase classname="flash (Test #3)" name="2" time="32.847174882888794">
        
            
            <system-out><![CDATA[
            [FLASH] Starting FLASH v1.2.11[FLASH] Fast Length Adjustment of SHort reads[FLASH]  [FLASH] Input files:[FLASH]     /galaxy/server/database/objects/1/b/9/dataset_1b93ea00-3e49-4cdb-9876-c2d13fa44979.dat[FLASH]     /galaxy/server/database/objects/0/a/4/dataset_0a4e57f9-9730-409a-a9eb-4db9d3b829fe.dat[FLASH]  [FLASH] Output files:[FLASH]     ./out.extendedFrags.fastq[FLASH]     ./out.notCombined_1.fastq[FLASH]     ./out.notCombined_2.fastq[FLASH]     ./out.hist[FLASH]     ./out.histogram[FLASH]  [FLASH] Parameters:[FLASH]     Min overlap:           10[FLASH]     Max overlap:           65[FLASH]     Max mismatch density:  0.250000[FLASH]     Allow "outie" pairs:   false[FLASH]     Cap mismatch quals:    false[FLASH]     Combiner threads:      1[FLASH]     Input format:          FASTQ, phred_offset=64[FLASH]     Output format:         FASTQ, phred_offset=64[FLASH]  [FLASH] Starting reader and writer threads[FLASH] Starting 1 combiner threads[FLASH] Processed 200 read pairs[FLASH]  [FLASH] Read combination statistics:[FLASH]     Total pairs:      200[FLASH]     Combined pairs:   5[FLASH]     Uncombined pairs: 195[FLASH]     Percent combined: 2.50%[FLASH]  [FLASH] Writing histogram files.[FLASH]  [FLASH] FLASH v1.2.11 complete![FLASH] 0.014 seconds elapsed
            ]]></system-out>
            <system-err><![CDATA[
            
            ]]></system-err>
        
    </testcase>
    
    <testcase classname="flash (Test #4)" name="3" time="31.119685649871826">
        
            
            <system-out><![CDATA[
            
            ]]></system-out>
            <system-err><![CDATA[
            
            ]]></system-err>
        
    </testcase>
    
    <testcase classname="flash (Test #5)" name="4" time="32.711445331573486">
        
            
            <system-out><![CDATA[
            [FLASH] Starting FLASH v1.2.11[FLASH] Fast Length Adjustment of SHort reads[FLASH]  [FLASH] Input files:[FLASH]     /galaxy/server/database/objects/1/e/5/dataset_1e599de7-e8f7-4f1b-b09f-d2c74c5a48bb.dat[FLASH]     /galaxy/server/database/objects/7/8/f/dataset_78f15f2a-defa-4d01-9884-2de3f0c33aa2.dat[FLASH]  [FLASH] Output files:[FLASH]     ./out.extendedFrags.fastq[FLASH]     ./out.notCombined_1.fastq[FLASH]     ./out.notCombined_2.fastq[FLASH]     ./out.hist[FLASH]     ./out.histogram[FLASH]  [FLASH] Parameters:[FLASH]     Min overlap:           10[FLASH]     Max overlap:           65[FLASH]     Max mismatch density:  0.250000[FLASH]     Allow "outie" pairs:   false[FLASH]     Cap mismatch quals:    false[FLASH]     Combiner threads:      1[FLASH]     Input format:          FASTQ, phred_offset=33[FLASH]     Output format:         FASTQ, phred_offset=33, gzip[FLASH]  [FLASH] Starting reader and writer threads[FLASH] Starting 1 combiner threads[FLASH] Processed 500 read pairs[FLASH]  [FLASH] Read combination statistics:[FLASH]     Total pairs:      500[FLASH]     Combined pairs:   18[FLASH]     Uncombined pairs: 482[FLASH]     Percent combined: 3.60%[FLASH]  [FLASH] Writing histogram files.[FLASH]  [FLASH] FLASH v1.2.11 complete![FLASH] 0.031 seconds elapsed
            ]]></system-out>
            <system-err><![CDATA[
            
            ]]></system-err>
        
    </testcase>
    
    <testcase classname="ivar_filtervariants (Test #1)" name="0" time="36.36271071434021">
        
            
            <system-out><![CDATA[
            Header format of ./var_0.tsv did not match! Please use files generated using "ivar variants" command.
            ]]></system-out>
            <system-err><![CDATA[
            
            ]]></system-err>
        
    </testcase>
    
    <testcase classname="medaka_consensus (Test #1)" name="0" time="68.30846405029297">
        
            
                <error type="error" message="Tool exit code: 1"><![CDATA[
                    { "inputs": {  "bam": {   "id": "5f76c2ff2de19b7f",   "src": "hda"  } }, "job": {  "command_line": "ln -s \u0027/galaxy/server/database/objects/5/d/f/dataset_5dfec9ad-088c-477f-9b02-d7178977a315.dat\u0027 alignment.bam \u0026\u0026 ln -s \u0027/galaxy/server/database/objects/_metadata_files/2/2/0/metadata_2200693c-fc26-4a4a-bea4-8b64e7c13251.dat\u0027 alignment.bam.bai \u0026\u0026   medaka inference --debug --threads ${GALAXY_SLOTS:-4} --batch_size 100 --chunk_len 10000 --chunk_ovlp 1000 --model r103_fast_g507    alignment.bam \u0027/galaxy/server/database/objects/d/b/f/dataset_dbfb2ee4-6220-4eba-a2e0-788c9887f809.dat\u0027  2\u003e\u00261 | tee log.txt",  "command_version": "Traceback (most recent call last):\n  File \"/usr/local/bin/medaka\", line 7, in \u003cmodule\u003e\n    from medaka.medaka import main\n  File \"/usr/local/lib/python3.12/site-packages/medaka/medaka.py\", line 5, in \u003cmodule\u003e\n    import medaka.torch_ext\n  File \"/usr/local/lib/python3.12/site-packages/medaka/torch_ext.py\", line 16, in \u003cmodule\u003e\n    import medaka.common\n  File \"/usr/local/lib/python3.12/site-packages/medaka/common.py\", line 21, in \u003cmodule\u003e\n    import libmedaka\nModuleNotFoundError: No module named \u0027_cffi_backend\u0027",  "copied_from_job_id": null,  "create_time": "2026-01-22T01:24:29.343388",  "dependencies": [],  "exit_code": 1,  "external_id": "gxy-ln4zt",  "galaxy_version": "24.1",  "handler": null,  "history_id": "6fef8f426cbd8775",  "id": "342a826d8d8e3e10",  "inputs": {   "bam": {    "id": "5f76c2ff2de19b7f",    "src": "hda",    "uuid": "5dfec9ad-088c-477f-9b02-d7178977a315"   }  },  "job_messages": [   {    "code_desc": "",    "desc": "Fatal error: Exit code 1 ()",    "error_level": 3,    "exit_code": 1,    "type": "exit_code"   }  ],  "job_metrics": [   {    "name": "runtime_seconds",    "plugin": "core",    "raw_value": "1.0000000",    "title": "Job Runtime (Wall Clock)",    "value": "1 second"   },   {    "name": "end_epoch",    "plugin": "core",    "raw_value": "1769045100.0000000",    "title": "Job End Time",    "value": "2026-01-22 01:25:00"   },   {    "name": "start_epoch",    "plugin": "core",    "raw_value": "1769045099.0000000",    "title": "Job Start Time",    "value": "2026-01-22 01:24:59"   },   {    "name": "galaxy_memory_mb",    "plugin": "core",    "raw_value": "16428.0000000",    "title": "Memory Allocated (MB)",    "value": "16428"   },   {    "name": "galaxy_slots",    "plugin": "core",    "raw_value": "4.0000000",    "title": "Cores Allocated",    "value": "4"   }  ],  "job_runner_name": null,  "job_stderr": "",  "job_stdout": "",  "model_class": "Job",  "output_collections": {},  "outputs": {   "out_result": {    "id": "17c4f1e76b0dc677",    "src": "hda",    "uuid": "dbfb2ee4-6220-4eba-a2e0-788c9887f809"   }  },  "params": {   "RG": "\"\"",   "__input_ext": "\"input\"",   "batch_size": "\"100\"",   "check_output": "false",   "chromInfo": "\"/cvmfs/data.galaxyproject.org/managed/len/ucsc/?.len\"",   "chunk_len": "\"10000\"",   "chunk_ovlp": "\"1000\"",   "dbkey": "\"?\"",   "model": "\"r103_fast_g507\"",   "out": "\"result\"",   "regions_cond": "{\"__current_case__\": 0, \"regions_sel\": \"none\"}",   "save_features": "false",   "tag_keep_missing": "false",   "tag_name": "\"\"",   "tag_value": "\"\""  },  "state": "error",  "stderr": "",  "stdout": "",  "tool_id": "toolshed.g2.bx.psu.edu/repos/iuc/medaka_consensus/medaka_consensus/2.1.1+galaxy0",  "tool_stderr": "",  "tool_stdout": "",  "update_time": "2026-01-22T01:25:19.370327",  "user_email": "tests@fake.org" }, "output_problems": [  "Job in error state.. tool_id: toolshed.g2.bx.psu.edu/repos/iuc/medaka_consensus/medaka_consensus/2.1.1+galaxy0, exit_code: 1, stderr: .",  "Output out_result:  different than expected\nExpected file size of 26144+-0 found 0" ], "status": "failure", "test_index": 0, "time_seconds": 68.30846405029297, "tool_id": "medaka_consensus", "tool_version": "2.1.1+galaxy0"}
                ]]></error>
            
            <system-out><![CDATA[
            
            ]]></system-out>
            <system-err><![CDATA[
            
            ]]></system-err>
        
    </testcase>
    
    <testcase classname="medaka_consensus (Test #2)" name="1" time="30.7316792011261">
        
            
                <error type="error" message="Tool exit code: 1"><![CDATA[
                    { "inputs": {  "bam": {   "id": "f1b561808f0b7a3c",   "src": "hda"  },  "batch_size": "99",  "check_output": true,  "chunk_len": "9999",  "chunk_ovlp": "999",  "model": "r941_min_fast_g507",  "out": [   "result",   "log"  ],  "save_features": true,  "tag_keep_missing": true }, "job": {  "command_line": "ln -s \u0027/galaxy/server/database/objects/6/6/4/dataset_66448ea9-5abf-456c-a7fb-c108b8f150f1.dat\u0027 alignment.bam \u0026\u0026 ln -s \u0027/galaxy/server/database/objects/_metadata_files/4/d/6/metadata_4d64b7dc-3737-477f-8d18-48b83171c4f5.dat\u0027 alignment.bam.bai \u0026\u0026   medaka inference --debug --threads ${GALAXY_SLOTS:-4} --batch_size 99 --chunk_len 9999 --chunk_ovlp 999 --model r941_min_fast_g507 --check_output --save_features --tag_keep_missing alignment.bam \u0027/galaxy/server/database/objects/2/3/4/dataset_234a6bdb-32cc-4243-8532-64b1cde88e5c.dat\u0027  2\u003e\u00261 | tee log.txt",  "command_version": "Traceback (most recent call last):\n  File \"/usr/local/bin/medaka\", line 7, in \u003cmodule\u003e\n    from medaka.medaka import main\n  File \"/usr/local/lib/python3.12/site-packages/medaka/medaka.py\", line 5, in \u003cmodule\u003e\n    import medaka.torch_ext\n  File \"/usr/local/lib/python3.12/site-packages/medaka/torch_ext.py\", line 16, in \u003cmodule\u003e\n    import medaka.common\n  File \"/usr/local/lib/python3.12/site-packages/medaka/common.py\", line 21, in \u003cmodule\u003e\n    import libmedaka\nModuleNotFoundError: No module named \u0027_cffi_backend\u0027",  "copied_from_job_id": null,  "create_time": "2026-01-22T01:25:36.097871",  "dependencies": [],  "exit_code": 1,  "external_id": "gxy-4v7sl",  "galaxy_version": "24.1",  "handler": null,  "history_id": "6fef8f426cbd8775",  "id": "66e357f490c054d4",  "inputs": {   "bam": {    "id": "f1b561808f0b7a3c",    "src": "hda",    "uuid": "66448ea9-5abf-456c-a7fb-c108b8f150f1"   }  },  "job_messages": [   {    "code_desc": "",    "desc": "Fatal error: Exit code 1 ()",    "error_level": 3,    "exit_code": 1,    "type": "exit_code"   }  ],  "job_metrics": [   {    "name": "runtime_seconds",    "plugin": "core",    "raw_value": "1.0000000",    "title": "Job Runtime (Wall Clock)",    "value": "1 second"   },   {    "name": "end_epoch",    "plugin": "core",    "raw_value": "1769045139.0000000",    "title": "Job End Time",    "value": "2026-01-22 01:25:39"   },   {    "name": "start_epoch",    "plugin": "core",    "raw_value": "1769045138.0000000",    "title": "Job Start Time",    "value": "2026-01-22 01:25:38"   },   {    "name": "galaxy_memory_mb",    "plugin": "core",    "raw_value": "16428.0000000",    "title": "Memory Allocated (MB)",    "value": "16428"   },   {    "name": "galaxy_slots",    "plugin": "core",    "raw_value": "4.0000000",    "title": "Cores Allocated",    "value": "4"   }  ],  "job_runner_name": null,  "job_stderr": "",  "job_stdout": "",  "model_class": "Job",  "output_collections": {},  "outputs": {   "out_log": {    "id": "65848ea722fc1154",    "src": "hda",    "uuid": "c14fcdfb-d2e3-4b07-bc4b-92e4c48b4f17"   },   "out_result": {    "id": "05654248603b5327",    "src": "hda",    "uuid": "234a6bdb-32cc-4243-8532-64b1cde88e5c"   }  },  "params": {   "RG": "\"\"",   "__input_ext": "\"input\"",   "batch_size": "\"99\"",   "check_output": "true",   "chromInfo": "\"/cvmfs/data.galaxyproject.org/managed/len/ucsc/?.len\"",   "chunk_len": "\"9999\"",   "chunk_ovlp": "\"999\"",   "dbkey": "\"?\"",   "model": "\"r941_min_fast_g507\"",   "out": "[\"result\", \"log\"]",   "regions_cond": "{\"__current_case__\": 0, \"regions_sel\": \"none\"}",   "save_features": "true",   "tag_keep_missing": "true",   "tag_name": "\"\"",   "tag_value": "\"\""  },  "state": "error",  "stderr": "",  "stdout": "",  "tool_id": "toolshed.g2.bx.psu.edu/repos/iuc/medaka_consensus/medaka_consensus/2.1.1+galaxy0",  "tool_stderr": "",  "tool_stdout": "",  "update_time": "2026-01-22T01:25:50.131045",  "user_email": "tests@fake.org" }, "output_problems": [  "Job in error state.. tool_id: toolshed.g2.bx.psu.edu/repos/iuc/medaka_consensus/medaka_consensus/2.1.1+galaxy0, exit_code: 1, stderr: .",  "Output out_result:  different than expected\nExpected file size of 27104+-0 found 0",  "Output out_log:  different than expected\nExpected text matching expression \u0027.+Running prediction at full precision\u0027 in output (\u0027\u0027)" ], "status": "failure", "test_index": 1, "time_seconds": 30.7316792011261, "tool_id": "medaka_consensus", "tool_version": "2.1.1+galaxy0"}
                ]]></error>
            
            <system-out><![CDATA[
            
            ]]></system-out>
            <system-err><![CDATA[
            
            ]]></system-err>
        
    </testcase>
    
    <testcase classname="poretools_nucdist (Test #1)" name="0" time="62.014248847961426">
        
            
            <system-out><![CDATA[
            
            ]]></system-out>
            <system-err><![CDATA[
            
            ]]></system-err>
        
    </testcase>
    
    <testcase classname="poretools_nucdist (Test #2)" name="1" time="30.15284562110901">
        
            
            <system-out><![CDATA[
            
            ]]></system-out>
            <system-err><![CDATA[
            
            ]]></system-err>
        
    </testcase>
    
    <testcase classname="qualimap_multi_bamqc (Test #1)" name="0" time="91.97401213645935">
        
            
            <system-out><![CDATA[
            Java memory size is set to 1200MLaunching application...detected environment java options -Djava.awt.headless=true -Xmx4080mQualiMap v.2.3Built on 2023-05-19 16:57Selected tool: multi-bamqcRunning multi-sample BAM QCChecking input pathsLoading sample dataCreating chartsPreparing result reportWriting HTML report...HTML report created successfullyFinished
            ]]></system-out>
            <system-err><![CDATA[
            
            ]]></system-err>
        
    </testcase>
    
    <testcase classname="racon (Test #1)" name="0" time="36.7198531627655">
        
            
                <error type="error" message="Tool exit code: None"><![CDATA[
                    { "inputs": {  "corrected_reads": {   "id": "d04de91c505e74b5",   "src": "hda"  },  "error_threshold": "0.2",  "fragment_correction": true,  "include_unpolished": true,  "overlaps": {   "id": "b26bc4e78dababaf",   "src": "hda"  },  "reads": {   "id": "a66f68df35c89175",   "src": "hda"  },  "window_length": "800" }, "job": {  "command_line": "ln -s \u0027/galaxy/server/database/objects/2/c/d/dataset_2cd593db-ed90-499f-a4ad-0c820cb421db.dat\u0027 reads.fasta \u0026\u0026 ln -s \u0027/galaxy/server/database/objects/b/d/4/dataset_bd414b07-514a-4b23-afb8-ded8e7b65886.dat\u0027 overlaps.sam \u0026\u0026  ln -s \u0027/galaxy/server/database/objects/1/2/c/dataset_12c9b28b-5e65-46ec-a1a0-21c24e49fadb.dat\u0027 corrected_reads.fasta \u0026\u0026  racon reads.fasta overlaps.sam corrected_reads.fasta -t ${GALAXY_SLOTS:-4} -u -f -w 800 -q 10.0 -e 0.2  -m 3 -x -5 -g -4 \u003e racon_polished_consensus.fa",  "command_version": null,  "copied_from_job_id": null,  "create_time": "2026-01-22T01:28:39.353824",  "dependencies": [],  "exit_code": null,  "external_id": "gxy-nw4rx",  "galaxy_version": "24.1",  "handler": null,  "history_id": "6fef8f426cbd8775",  "id": "a3d9dc8f34271621",  "inputs": {   "corrected_reads": {    "id": "d04de91c505e74b5",    "src": "hda",    "uuid": "12c9b28b-5e65-46ec-a1a0-21c24e49fadb"   },   "overlaps": {    "id": "b26bc4e78dababaf",    "src": "hda",    "uuid": "bd414b07-514a-4b23-afb8-ded8e7b65886"   },   "reads": {    "id": "a66f68df35c89175",    "src": "hda",    "uuid": "2cd593db-ed90-499f-a4ad-0c820cb421db"   }  },  "job_messages": null,  "job_metrics": [],  "job_runner_name": null,  "job_stderr": null,  "job_stdout": null,  "model_class": "Job",  "output_collections": {},  "outputs": {   "consensus": {    "id": "4eca1bf8874b69e4",    "src": "hda",    "uuid": "88cd575e-a0aa-4e9a-972a-bc3b2efd3ee1"   }  },  "params": {   "__input_ext": "\"input\"",   "chromInfo": "\"/cvmfs/data.galaxyproject.org/managed/len/ucsc/?.len\"",   "dbkey": "\"?\"",   "error_threshold": "\"0.2\"",   "fragment_correction": "true",   "gap": "\"-4\"",   "include_unpolished": "true",   "match": "\"3\"",   "mismatch": "\"-5\"",   "no_trimming": "false",   "quality_threshold": "\"10.0\"",   "window_length": "\"800\""  },  "state": "error",  "stderr": "[racon::Polisher::initialize] loaded target sequences 0.000860 s\n[racon::Polisher::initialize] loaded sequences 0.008821 s\n[racon::Polisher::initialize] loaded overlaps 0.007542 s\n[racon::Polisher::initialize] aligning overlaps [=\u003e                  ] 0.001531 s\r[racon::Polisher::initialize] aligning overlaps [==\u003e                 ] 0.001549 s\r[racon::Polisher::initialize] aligning overlaps [===\u003e                ] 0.001557 s\r[racon::Polisher::initialize] aligning overlaps [====\u003e               ] 0.001714 s\r[racon::Polisher::initialize] aligning overlaps [=====\u003e              ] 0.001753 s\r[racon::Polisher::initialize] aligning overlaps [======\u003e             ] 0.001850 s\r[racon::Polisher::initialize] aligning overlaps [=======\u003e            ] 0.001919 s\r[racon::Polisher::initialize] aligning overlaps [========\u003e           ] 0.002479 s\r[racon::Polisher::initialize] aligning overlaps [=========\u003e          ] 0.002490 s\r[racon::Polisher::initialize] aligning overlaps [==========\u003e         ] 0.002498 s\r[racon::Polisher::initialize] aligning overlaps [===========\u003e        ] 0.002506 s\r[racon::Polisher::initialize] aligning overlaps [============\u003e       ] 0.002514 s\r[racon::Polisher::initialize] aligning overlaps [=============\u003e      ] 0.002523 s\r[racon::Polisher::initialize] aligning overlaps [==============\u003e     ] 0.002531 s\r[racon::Polisher::initialize] aligning overlaps [===============\u003e    ] 0.002547 s\r[racon::Polisher::initialize] aligning overlaps [================\u003e   ] 0.002559 s\r[racon::Polisher::initialize] aligning overlaps [=================\u003e  ] 0.002567 s\r[racon::Polisher::initialize] aligning overlaps [==================\u003e ] 0.002576 s\r[racon::Polisher::initialize] aligning overlaps [===================\u003e] 0.002583 s\r[racon::Polisher::initialize] aligning overlaps [====================] 0.002592 s\n[racon::Polisher::initialize] transformed data into windows 0.000325 s\n[racon::Polisher::polish] generating consensus [=\u003e                  ] 0.045765 s\r[racon::Polisher::polish] generating consensus [==\u003e                 ] 0.051103 s\r[racon::Polisher::polish] generating consensus [===\u003e                ] 0.061524 s\r[racon::Polisher::polish] generating consensus [====\u003e               ] 0.076329 s\r[racon::Polisher::polish] generating consensus [=====\u003e              ] 0.076547 s\r[racon::Polisher::polish] generating consensus [======\u003e             ] 0.099971 s\r[racon::Polisher::polish] generating consensus [=======\u003e            ] 0.100657 s\r[racon::Polisher::polish] generating consensus [========\u003e           ] 0.101233 s\r[racon::Polisher::polish] generating consensus [=========\u003e          ] 0.154149 s\r[racon::Polisher::polish] generating consensus [==========\u003e         ] 0.154176 s\r[racon::Polisher::polish] generating consensus [===========\u003e        ] 0.194947 s\r[racon::Polisher::polish] generating consensus [============\u003e       ] 0.226311 s\r[racon::Polisher::polish] generating consensus [=============\u003e      ] 0.226340 s\r[racon::Polisher::polish] generating consensus [==============\u003e     ] 0.275451 s\r[racon::Polisher::polish] generating consensus [===============\u003e    ] 0.275496 s\r[racon::Polisher::polish] generating consensus [================\u003e   ] 0.275511 s\r[racon::Polisher::polish] generating consensus [=================\u003e  ] 0.278275 s\r[racon::Polisher::polish] generating consensus [==================\u003e ] 0.306285 s\r[racon::Polisher::polish] generating consensus [===================\u003e] 0.325762 s\r[racon::Polisher::polish] generating consensus [====================] 0.325844 s\n[racon::Polisher::] total = 0.349178 s\n",  "stdout": "",  "tool_id": "toolshed.g2.bx.psu.edu/repos/bgruening/racon/racon/1.5.0+galaxy1",  "tool_stderr": "[racon::Polisher::initialize] loaded target sequences 0.000860 s\n[racon::Polisher::initialize] loaded sequences 0.008821 s\n[racon::Polisher::initialize] loaded overlaps 0.007542 s\n[racon::Polisher::initialize] aligning overlaps [=\u003e                  ] 0.001531 s\r[racon::Polisher::initialize] aligning overlaps [==\u003e                 ] 0.001549 s\r[racon::Polisher::initialize] aligning overlaps [===\u003e                ] 0.001557 s\r[racon::Polisher::initialize] aligning overlaps [====\u003e               ] 0.001714 s\r[racon::Polisher::initialize] aligning overlaps [=====\u003e              ] 0.001753 s\r[racon::Polisher::initialize] aligning overlaps [======\u003e             ] 0.001850 s\r[racon::Polisher::initialize] aligning overlaps [=======\u003e            ] 0.001919 s\r[racon::Polisher::initialize] aligning overlaps [========\u003e           ] 0.002479 s\r[racon::Polisher::initialize] aligning overlaps [=========\u003e          ] 0.002490 s\r[racon::Polisher::initialize] aligning overlaps [==========\u003e         ] 0.002498 s\r[racon::Polisher::initialize] aligning overlaps [===========\u003e        ] 0.002506 s\r[racon::Polisher::initialize] aligning overlaps [============\u003e       ] 0.002514 s\r[racon::Polisher::initialize] aligning overlaps [=============\u003e      ] 0.002523 s\r[racon::Polisher::initialize] aligning overlaps [==============\u003e     ] 0.002531 s\r[racon::Polisher::initialize] aligning overlaps [===============\u003e    ] 0.002547 s\r[racon::Polisher::initialize] aligning overlaps [================\u003e   ] 0.002559 s\r[racon::Polisher::initialize] aligning overlaps [=================\u003e  ] 0.002567 s\r[racon::Polisher::initialize] aligning overlaps [==================\u003e ] 0.002576 s\r[racon::Polisher::initialize] aligning overlaps [===================\u003e] 0.002583 s\r[racon::Polisher::initialize] aligning overlaps [====================] 0.002592 s\n[racon::Polisher::initialize] transformed data into windows 0.000325 s\n[racon::Polisher::polish] generating consensus [=\u003e                  ] 0.045765 s\r[racon::Polisher::polish] generating consensus [==\u003e                 ] 0.051103 s\r[racon::Polisher::polish] generating consensus [===\u003e                ] 0.061524 s\r[racon::Polisher::polish] generating consensus [====\u003e               ] 0.076329 s\r[racon::Polisher::polish] generating consensus [=====\u003e              ] 0.076547 s\r[racon::Polisher::polish] generating consensus [======\u003e             ] 0.099971 s\r[racon::Polisher::polish] generating consensus [=======\u003e            ] 0.100657 s\r[racon::Polisher::polish] generating consensus [========\u003e           ] 0.101233 s\r[racon::Polisher::polish] generating consensus [=========\u003e          ] 0.154149 s\r[racon::Polisher::polish] generating consensus [==========\u003e         ] 0.154176 s\r[racon::Polisher::polish] generating consensus [===========\u003e        ] 0.194947 s\r[racon::Polisher::polish] generating consensus [============\u003e       ] 0.226311 s\r[racon::Polisher::polish] generating consensus [=============\u003e      ] 0.226340 s\r[racon::Polisher::polish] generating consensus [==============\u003e     ] 0.275451 s\r[racon::Polisher::polish] generating consensus [===============\u003e    ] 0.275496 s\r[racon::Polisher::polish] generating consensus [================\u003e   ] 0.275511 s\r[racon::Polisher::polish] generating consensus [=================\u003e  ] 0.278275 s\r[racon::Polisher::polish] generating consensus [==================\u003e ] 0.306285 s\r[racon::Polisher::polish] generating consensus [===================\u003e] 0.325762 s\r[racon::Polisher::polish] generating consensus [====================] 0.325844 s\n[racon::Polisher::] total = 0.349178 s\n",  "tool_stdout": "",  "update_time": "2026-01-22T01:28:52.993746",  "user_email": "tests@fake.org" }, "output_problems": [  "Job in error state.. tool_id: toolshed.g2.bx.psu.edu/repos/bgruening/racon/racon/1.5.0+galaxy1, exit_code: None, stderr: [racon::Polisher::initialize] loaded target sequences 0.000860 s\n[racon::Polisher::initialize] loaded sequences 0.008821 s\n[racon::Polisher::initialize] loaded overlaps 0.007542 s\n[racon::Polisher::initialize] aligning overlaps [=\u003e                  ] 0.001531 s\r[racon::Polisher::initialize] aligning overlaps [==\u003e                 ] 0.001549 s\r[racon::Polisher::initialize] aligning overlaps [===\u003e                ] 0.001557 s\r[racon::Polisher::initialize] aligning overlaps [====\u003e               ] 0.001714 s\r[racon::Polisher::initialize] aligning overlaps [=====\u003e              ] 0.001753 s\r[racon::Polisher::initialize] aligning overlaps [======\u003e             ] 0.001850 s\r[racon::Polisher::initialize] aligning overlaps [=======\u003e            ] 0.001919 s\r[racon::Polisher::initialize] aligning overlaps [========\u003e           ] 0.002479 s\r[racon::Polisher::initialize] aligning overlaps [=========\u003e          ] 0.002490 s\r[racon::Polisher::initialize] aligning overlaps [==========\u003e         ] 0.002498 s\r[racon::Polisher::initialize] aligning overlaps [===========\u003e        ] 0.002506 s\r[racon::Polisher::initialize] aligning overlaps [============\u003e       ] 0.002514 s\r[racon::Polisher::initialize] aligning overlaps [=============\u003e      ] 0.002523 s\r[racon::Polisher::initialize] aligning overlaps [==============\u003e     ] 0.002531 s\r[racon::Polisher::initialize] aligning overlaps [===============\u003e    ] 0.002547 s\r[racon::Polisher::initialize] aligning overlaps [================\u003e   ] 0.002559 s\r[racon::Polisher::initialize] aligning overlaps [=================\u003e  ] 0.002567 s\r[racon::Polisher::initialize] aligning overlaps [==================\u003e ] 0.002576 s\r[racon::Polisher::initialize] aligning overlaps [===================\u003e] 0.002583 s\r[racon::Polisher::initialize] aligning overlaps [====================] 0.002592 s\n[racon::Polisher::initialize] transformed data into windows 0.000325 s\n[racon::Polisher::polish] generating consensus [=\u003e                  ] 0.045765 s\r[racon::Polisher::polish] generating consensus [==\u003e                 ] 0.051103 s\r[racon::Polisher::polish] generating consensus [===\u003e                ] 0.061524 s\r[racon::Polisher::polish] generating consensus [====\u003e               ] 0.076329 s\r[racon::Polisher::polish] generating consensus [=====\u003e              ] 0.076547 s\r[racon::Polisher::polish] generating consensus [======\u003e             ] 0.099971 s\r[racon::Polisher::polish] generating consensus [=======\u003e            ] 0.100657 s\r[racon::Polisher::polish] generating consensus [========\u003e           ] 0.101233 s\r[racon::Polisher::polish] generating consensus [=========\u003e          ] 0.154149 s\r[racon::Polisher::polish] generating consensus [==========\u003e         ] 0.154176 s\r[racon::Polisher::polish] generating consensus [===========\u003e        ] 0.194947 s\r[racon::Polisher::polish] generating consensus [============\u003e       ] 0.226311 s\r[racon::Polisher::polish] generating consensus [=============\u003e      ] 0.226340 s\r[racon::Polisher::polish] generating consensus [==============\u003e     ] 0.275451 s\r[racon::Polisher::polish] generating consensus [===============\u003e    ] 0.275496 s\r[racon::Polisher::polish] generating consensus [================\u003e   ] 0.275511 s\r[racon::Polisher::polish] generating consensus [=================\u003e  ] 0.278275 s\r[racon::Polisher::polish] generating consensus [==================\u003e ] 0.306285 s\r[racon::Polisher::polish] generating consensus [===================\u003e] 0.325762 s\r[racon::Polisher::polish] generating consensus [====================] 0.325844 s\n[racon::Polisher::] total = 0.349178 s\n." ], "status": "failure", "test_index": 0, "time_seconds": 36.7198531627655, "tool_id": "racon", "tool_version": "1.5.0+galaxy1"}
                ]]></error>
            
            <system-out><![CDATA[
            
            ]]></system-out>
            <system-err><![CDATA[
            [racon::Polisher::initialize] loaded target sequences 0.000860 s[racon::Polisher::initialize] loaded sequences 0.008821 s[racon::Polisher::initialize] loaded overlaps 0.007542 s[racon::Polisher::initialize] aligning overlaps [=>                  ] 0.001531 s[racon::Polisher::initialize] aligning overlaps [==>                 ] 0.001549 s[racon::Polisher::initialize] aligning overlaps [===>                ] 0.001557 s[racon::Polisher::initialize] aligning overlaps [====>               ] 0.001714 s[racon::Polisher::initialize] aligning overlaps [=====>              ] 0.001753 s[racon::Polisher::initialize] aligning overlaps [======>             ] 0.001850 s[racon::Polisher::initialize] aligning overlaps [=======>            ] 0.001919 s[racon::Polisher::initialize] aligning overlaps [========>           ] 0.002479 s[racon::Polisher::initialize] aligning overlaps [=========>          ] 0.002490 s[racon::Polisher::initialize] aligning overlaps [==========>         ] 0.002498 s[racon::Polisher::initialize] aligning overlaps [===========>        ] 0.002506 s[racon::Polisher::initialize] aligning overlaps [============>       ] 0.002514 s[racon::Polisher::initialize] aligning overlaps [=============>      ] 0.002523 s[racon::Polisher::initialize] aligning overlaps [==============>     ] 0.002531 s[racon::Polisher::initialize] aligning overlaps [===============>    ] 0.002547 s[racon::Polisher::initialize] aligning overlaps [================>   ] 0.002559 s[racon::Polisher::initialize] aligning overlaps [=================>  ] 0.002567 s[racon::Polisher::initialize] aligning overlaps [==================> ] 0.002576 s[racon::Polisher::initialize] aligning overlaps [===================>] 0.002583 s[racon::Polisher::initialize] aligning overlaps [====================] 0.002592 s[racon::Polisher::initialize] transformed data into windows 0.000325 s[racon::Polisher::polish] generating consensus [=>                  ] 0.045765 s[racon::Polisher::polish] generating consensus [==>                 ] 0.051103 s[racon::Polisher::polish] generating consensus [===>                ] 0.061524 s[racon::Polisher::polish] generating consensus [====>               ] 0.076329 s[racon::Polisher::polish] generating consensus [=====>              ] 0.076547 s[racon::Polisher::polish] generating consensus [======>             ] 0.099971 s[racon::Polisher::polish] generating consensus [=======>            ] 0.100657 s[racon::Polisher::polish] generating consensus [========>           ] 0.101233 s[racon::Polisher::polish] generating consensus [=========>          ] 0.154149 s[racon::Polisher::polish] generating consensus [==========>         ] 0.154176 s[racon::Polisher::polish] generating consensus [===========>        ] 0.194947 s[racon::Polisher::polish] generating consensus [============>       ] 0.226311 s[racon::Polisher::polish] generating consensus [=============>      ] 0.226340 s[racon::Polisher::polish] generating consensus [==============>     ] 0.275451 s[racon::Polisher::polish] generating consensus [===============>    ] 0.275496 s[racon::Polisher::polish] generating consensus [================>   ] 0.275511 s[racon::Polisher::polish] generating consensus [=================>  ] 0.278275 s[racon::Polisher::polish] generating consensus [==================> ] 0.306285 s[racon::Polisher::polish] generating consensus [===================>] 0.325762 s[racon::Polisher::polish] generating consensus [====================] 0.325844 s[racon::Polisher::] total = 0.349178 s
            ]]></system-err>
        
    </testcase>
    
    <testcase classname="racon (Test #2)" name="1" time="19.526794910430908">
        
            <error type="error" message="Input staging problem: Traceback (most recent call last):
  File "/opt/hostedtoolcache/Python/3.12.12/x64/lib/python3.12/site-packages/galaxy/tool_util/verify/interactor.py", line 1466, in verify_tool
    stage_data_in_history(
  File "/opt/hostedtoolcache/Python/3.12.12/x64/lib/python3.12/site-packages/galaxy/tool_util/verify/interactor.py", line 175, in stage_data_in_history
    staging_interface.handle_jobs()
  File "/opt/hostedtoolcache/Python/3.12.12/x64/lib/python3.12/site-packages/galaxy/tool_util/verify/interactor.py", line 212, in handle_jobs
    self.galaxy_interactor.wait_for_job(job_response["id"], job_response["history_id"], self.maxseconds)
  File "/opt/hostedtoolcache/Python/3.12.12/x64/lib/python3.12/site-packages/galaxy/tool_util/verify/interactor.py", line 398, in wait_for_job
    self.wait_for(lambda: self.__job_ready(job_id, history_id), maxseconds=maxseconds)
  File "/opt/hostedtoolcache/Python/3.12.12/x64/lib/python3.12/site-packages/galaxy/tool_util/verify/interactor.py", line 402, in wait_for
    wait_on(func, what, walltime_exceeded)
  File "/opt/hostedtoolcache/Python/3.12.12/x64/lib/python3.12/site-packages/galaxy/tool_util/verify/wait.py", line 38, in wait_on
    value = function()
            ^^^^^^^^^^
  File "/opt/hostedtoolcache/Python/3.12.12/x64/lib/python3.12/site-packages/galaxy/tool_util/verify/interactor.py", line 398, in <lambda>
    self.wait_for(lambda: self.__job_ready(job_id, history_id), maxseconds=maxseconds)
                          ^^^^^^^^^^^^^^^^^^^^^^^^^^^^^^^^^^^^
  File "/opt/hostedtoolcache/Python/3.12.12/x64/lib/python3.12/site-packages/galaxy/tool_util/verify/interactor.py", line 751, in __job_ready
    return self._state_ready(job_id, error_msg="Job in error state.")
           ^^^^^^^^^^^^^^^^^^^^^^^^^^^^^^^^^^^^^^^^^^^^^^^^^^^^^^^^^^
  File "/opt/hostedtoolcache/Python/3.12.12/x64/lib/python3.12/site-packages/galaxy/tool_util/verify/interactor.py", line 847, in _state_ready
    raise Exception(
Exception: Job in error state.. tool_id: __DATA_FETCH__, exit_code: None, stderr: .
"><![CDATA[
                { "execution_problem": "Input staging problem: Traceback (most recent call last):\n  File \"/opt/hostedtoolcache/Python/3.12.12/x64/lib/python3.12/site-packages/galaxy/tool_util/verify/interactor.py\", line 1466, in verify_tool\n    stage_data_in_history(\n  File \"/opt/hostedtoolcache/Python/3.12.12/x64/lib/python3.12/site-packages/galaxy/tool_util/verify/interactor.py\", line 175, in stage_data_in_history\n    staging_interface.handle_jobs()\n  File \"/opt/hostedtoolcache/Python/3.12.12/x64/lib/python3.12/site-packages/galaxy/tool_util/verify/interactor.py\", line 212, in handle_jobs\n    self.galaxy_interactor.wait_for_job(job_response[\"id\"], job_response[\"history_id\"], self.maxseconds)\n  File \"/opt/hostedtoolcache/Python/3.12.12/x64/lib/python3.12/site-packages/galaxy/tool_util/verify/interactor.py\", line 398, in wait_for_job\n    self.wait_for(lambda: self.__job_ready(job_id, history_id), maxseconds=maxseconds)\n  File \"/opt/hostedtoolcache/Python/3.12.12/x64/lib/python3.12/site-packages/galaxy/tool_util/verify/interactor.py\", line 402, in wait_for\n    wait_on(func, what, walltime_exceeded)\n  File \"/opt/hostedtoolcache/Python/3.12.12/x64/lib/python3.12/site-packages/galaxy/tool_util/verify/wait.py\", line 38, in wait_on\n    value = function()\n            ^^^^^^^^^^\n  File \"/opt/hostedtoolcache/Python/3.12.12/x64/lib/python3.12/site-packages/galaxy/tool_util/verify/interactor.py\", line 398, in \u003clambda\u003e\n    self.wait_for(lambda: self.__job_ready(job_id, history_id), maxseconds=maxseconds)\n                          ^^^^^^^^^^^^^^^^^^^^^^^^^^^^^^^^^^^^\n  File \"/opt/hostedtoolcache/Python/3.12.12/x64/lib/python3.12/site-packages/galaxy/tool_util/verify/interactor.py\", line 751, in __job_ready\n    return self._state_ready(job_id, error_msg=\"Job in error state.\")\n           ^^^^^^^^^^^^^^^^^^^^^^^^^^^^^^^^^^^^^^^^^^^^^^^^^^^^^^^^^^\n  File \"/opt/hostedtoolcache/Python/3.12.12/x64/lib/python3.12/site-packages/galaxy/tool_util/verify/interactor.py\", line 847, in _state_ready\n    raise Exception(\nException: Job in error state.. tool_id: __DATA_FETCH__, exit_code: None, stderr: .\n", "status": "error", "test_index": 1, "time_seconds": 19.526794910430908, "tool_id": "racon", "tool_version": "1.5.0+galaxy1"}
            ]]></error>
        
    </testcase>
    
    <testcase classname="racon (Test #3)" name="2" time="35.3349335193634">
        
            
            <system-out><![CDATA[
            
            ]]></system-out>
            <system-err><![CDATA[
            [racon::Polisher::initialize] loaded target sequences 0.000714 s[racon::Polisher::initialize] loaded sequences 0.008235 s[racon::Polisher::initialize] loaded overlaps 0.007964 s[racon::Polisher::initialize] aligning overlaps [=>                  ] 0.001468 s[racon::Polisher::initialize] aligning overlaps [==>                 ] 0.001501 s[racon::Polisher::initialize] aligning overlaps [===>                ] 0.001562 s[racon::Polisher::initialize] aligning overlaps [====>               ] 0.001635 s[racon::Polisher::initialize] aligning overlaps [=====>              ] 0.001644 s[racon::Polisher::initialize] aligning overlaps [======>             ] 0.001711 s[racon::Polisher::initialize] aligning overlaps [=======>            ] 0.001762 s[racon::Polisher::initialize] aligning overlaps [========>           ] 0.001944 s[racon::Polisher::initialize] aligning overlaps [=========>          ] 0.001994 s[racon::Polisher::initialize] aligning overlaps [==========>         ] 0.002004 s[racon::Polisher::initialize] aligning overlaps [===========>        ] 0.002063 s[racon::Polisher::initialize] aligning overlaps [============>       ] 0.002141 s[racon::Polisher::initialize] aligning overlaps [=============>      ] 0.002173 s[racon::Polisher::initialize] aligning overlaps [==============>     ] 0.002251 s[racon::Polisher::initialize] aligning overlaps [===============>    ] 0.002302 s[racon::Polisher::initialize] aligning overlaps [================>   ] 0.002338 s[racon::Polisher::initialize] aligning overlaps [=================>  ] 0.002349 s[racon::Polisher::initialize] aligning overlaps [==================> ] 0.002358 s[racon::Polisher::initialize] aligning overlaps [===================>] 0.002367 s[racon::Polisher::initialize] aligning overlaps [====================] 0.002376 s[racon::Polisher::initialize] transformed data into windows 0.000380 s[racon::Polisher::polish] generating consensus [=>                  ] 0.020127 s[racon::Polisher::polish] generating consensus [==>                 ] 0.020892 s[racon::Polisher::polish] generating consensus [===>                ] 0.037060 s[racon::Polisher::polish] generating consensus [====>               ] 0.037118 s[racon::Polisher::polish] generating consensus [=====>              ] 0.046738 s[racon::Polisher::polish] generating consensus [======>             ] 0.046765 s[racon::Polisher::polish] generating consensus [=======>            ] 0.057070 s[racon::Polisher::polish] generating consensus [========>           ] 0.057307 s[racon::Polisher::polish] generating consensus [=========>          ] 0.068126 s[racon::Polisher::polish] generating consensus [==========>         ] 0.078871 s[racon::Polisher::polish] generating consensus [===========>        ] 0.086576 s[racon::Polisher::polish] generating consensus [============>       ] 0.104180 s[racon::Polisher::polish] generating consensus [=============>      ] 0.116564 s[racon::Polisher::polish] generating consensus [==============>     ] 0.129599 s[racon::Polisher::polish] generating consensus [===============>    ] 0.142569 s[racon::Polisher::polish] generating consensus [================>   ] 0.148730 s[racon::Polisher::polish] generating consensus [=================>  ] 0.164688 s[racon::Polisher::polish] generating consensus [==================> ] 0.164714 s[racon::Polisher::polish] generating consensus [===================>] 0.178376 s[racon::Polisher::polish] generating consensus [====================] 0.209597 s[racon::Polisher::] total = 0.232429 s
            ]]></system-err>
        
    </testcase>
    
    <testcase classname="samtools_sort (Test #1)" name="0" time="33.01535892486572">
        
            
            <system-out><![CDATA[
            
            ]]></system-out>
            <system-err><![CDATA[
            
            ]]></system-err>
        
    </testcase>
    
    <testcase classname="samtools_sort (Test #2)" name="1" time="30.18689227104187">
        
            
            <system-out><![CDATA[
            
            ]]></system-out>
            <system-err><![CDATA[
            
            ]]></system-err>
        
    </testcase>
    
    <testcase classname="samtools_sort (Test #3)" name="2" time="28.304912328720093">
        
            
            <system-out><![CDATA[
            
            ]]></system-out>
            <system-err><![CDATA[
            
            ]]></system-err>
        
    </testcase>
    
    <testcase classname="samtools_sort (Test #4)" name="3" time="29.883666038513184">
        
            
            <system-out><![CDATA[
            
            ]]></system-out>
            <system-err><![CDATA[
            
            ]]></system-err>
        
    </testcase>
    
    <testcase classname="samtools_sort (Test #5)" name="4" time="29.872254610061646">
        
            
            <system-out><![CDATA[
            
            ]]></system-out>
            <system-err><![CDATA[
            
            ]]></system-err>
        
    </testcase>
    
    <testcase classname="samtools_sort (Test #6)" name="5" time="29.881288528442383">
        
            
            <system-out><![CDATA[
            
            ]]></system-out>
            <system-err><![CDATA[
            
            ]]></system-err>
        
    </testcase>
    
    <testcase classname="samtools_sort (Test #7)" name="6" time="30.76529049873352">
        
            
            <system-out><![CDATA[
            
            ]]></system-out>
            <system-err><![CDATA[
            
            ]]></system-err>
        
    </testcase>
    
    <testcase classname="samtools_sort (Test #8)" name="7" time="31.49410104751587">
        
            
            <system-out><![CDATA[
            
            ]]></system-out>
            <system-err><![CDATA[
            
            ]]></system-err>
        
    </testcase>
    
    <testcase classname="samtools_sort (Test #9)" name="8" time="30.556370735168457">
        
            
            <system-out><![CDATA[
            
            ]]></system-out>
            <system-err><![CDATA[
            
            ]]></system-err>
        
    </testcase>
    
    <testcase classname="vcfallelicprimitives (Test #1)" name="0" time="32.41818809509277">
        
            
                <error type="error" message="Tool exit code: None"><![CDATA[
                    { "inputs": {  "input": {   "id": "47fb6d98d2319392",   "src": "hda"  } }, "job": {  "command_line": "cat \u0027/galaxy/server/database/objects/a/c/5/dataset_ac5bc257-8639-4d47-8cd0-79835c3ad4e9.dat\u0027 | vcfallelicprimitives  -t \u0027Split primitives\u0027 -L \"200\"  \u003e \u0027/galaxy/server/database/objects/c/e/5/dataset_ce5d9068-83e5-4923-aa31-323983e6d001.dat\u0027",  "command_version": null,  "copied_from_job_id": null,  "create_time": "2026-01-22T01:23:23.844042",  "dependencies": [],  "exit_code": null,  "external_id": "gxy-thccr",  "galaxy_version": "24.1",  "handler": null,  "history_id": "6fef8f426cbd8775",  "id": "86882eeb4d6aa8a0",  "inputs": {   "input": {    "id": "47fb6d98d2319392",    "src": "hda",    "uuid": "ac5bc257-8639-4d47-8cd0-79835c3ad4e9"   }  },  "job_messages": null,  "job_metrics": [],  "job_runner_name": null,  "job_stderr": null,  "job_stdout": null,  "model_class": "Job",  "output_collections": {},  "outputs": {   "out_file1": {    "id": "b3fb973872becb3e",    "src": "hda",    "uuid": "ce5d9068-83e5-4923-aa31-323983e6d001"   }  },  "params": {   "__input_ext": "\"vcf\"",   "chromInfo": "\"/cvmfs/data.galaxyproject.org/managed/len/ucsc/?.len\"",   "dbkey": "\"?\"",   "keep_geno": "false",   "keep_info": "false",   "m_option": "false",   "max_length": "\"200\"",   "t_option": "\"Split primitives\""  },  "state": "error",  "stderr": "",  "stdout": "",  "tool_id": "toolshed.g2.bx.psu.edu/repos/devteam/vcfallelicprimitives/vcfallelicprimitives/1.0.0_rc3+galaxy0",  "tool_stderr": "",  "tool_stdout": "",  "update_time": "2026-01-22T01:23:37.954656",  "user_email": "tests@fake.org" }, "output_problems": [  "Job in error state.. tool_id: toolshed.g2.bx.psu.edu/repos/devteam/vcfallelicprimitives/vcfallelicprimitives/1.0.0_rc3+galaxy0, exit_code: None, stderr: ." ], "status": "failure", "test_index": 0, "time_seconds": 32.41818809509277, "tool_id": "vcfallelicprimitives", "tool_version": "1.0.0_rc3+galaxy0"}
                ]]></error>
            
            <system-out><![CDATA[
            
            ]]></system-out>
            <system-err><![CDATA[
            
            ]]></system-err>
        
    </testcase>
    
    <testcase classname="vcfprimers (Test #1)" name="0" time="29.791284561157227">
        
            
            <system-out><![CDATA[
            
            ]]></system-out>
            <system-err><![CDATA[
            index file localref.fa.fai not found, generating...
            ]]></system-err>
        
    </testcase>
    
</testsuite>