<?xml version="1.0" encoding="UTF-8"?>
<testsuite name="Results (powered by Planemo)"
           tests="44"
           errors="27"
           failures="4"
           skip="0">
    
    <testcase classname="bcftools_consensus (Test #1)" name="0" time="0.09893321990966797">
        
            <error type="error" message="Input staging problem: Traceback (most recent call last):
  File "/opt/hostedtoolcache/Python/3.12.12/x64/lib/python3.12/site-packages/galaxy/tool_util/verify/interactor.py", line 1436, in verify_tool
    stage_data_in_history(
  File "/opt/hostedtoolcache/Python/3.12.12/x64/lib/python3.12/site-packages/galaxy/tool_util/verify/interactor.py", line 163, in stage_data_in_history
    test_dict = galaxy_interactor.remote_to_input(
                ^^^^^^^^^^^^^^^^^^^^^^^^^^^^^^^^^^
  File "/opt/hostedtoolcache/Python/3.12.12/x64/lib/python3.12/site-packages/galaxy/tool_util/verify/interactor.py", line 582, in remote_to_input
    path_or_location = self._get_path_or_location(
                       ^^^^^^^^^^^^^^^^^^^^^^^^^^^
  File "/opt/hostedtoolcache/Python/3.12.12/x64/lib/python3.12/site-packages/galaxy/tool_util/verify/interactor.py", line 619, in _get_path_or_location
    path = self.test_data_download(
           ^^^^^^^^^^^^^^^^^^^^^^^^
  File "/opt/hostedtoolcache/Python/3.12.12/x64/lib/python3.12/site-packages/galaxy/tool_util/verify/interactor.py", line 525, in test_data_download
    raise AssertionError(f"Test input file ({filename}) cannot be found.")
AssertionError: Test input file (consensus.vcf) cannot be found.
"><![CDATA[
                { "execution_problem": "Input staging problem: Traceback (most recent call last):\n  File \"/opt/hostedtoolcache/Python/3.12.12/x64/lib/python3.12/site-packages/galaxy/tool_util/verify/interactor.py\", line 1436, in verify_tool\n    stage_data_in_history(\n  File \"/opt/hostedtoolcache/Python/3.12.12/x64/lib/python3.12/site-packages/galaxy/tool_util/verify/interactor.py\", line 163, in stage_data_in_history\n    test_dict = galaxy_interactor.remote_to_input(\n                ^^^^^^^^^^^^^^^^^^^^^^^^^^^^^^^^^^\n  File \"/opt/hostedtoolcache/Python/3.12.12/x64/lib/python3.12/site-packages/galaxy/tool_util/verify/interactor.py\", line 582, in remote_to_input\n    path_or_location = self._get_path_or_location(\n                       ^^^^^^^^^^^^^^^^^^^^^^^^^^^\n  File \"/opt/hostedtoolcache/Python/3.12.12/x64/lib/python3.12/site-packages/galaxy/tool_util/verify/interactor.py\", line 619, in _get_path_or_location\n    path = self.test_data_download(\n           ^^^^^^^^^^^^^^^^^^^^^^^^\n  File \"/opt/hostedtoolcache/Python/3.12.12/x64/lib/python3.12/site-packages/galaxy/tool_util/verify/interactor.py\", line 525, in test_data_download\n    raise AssertionError(f\"Test input file ({filename}) cannot be found.\")\nAssertionError: Test input file (consensus.vcf) cannot be found.\n", "status": "error", "test_index": 0, "time_seconds": 0.09893321990966797, "tool_id": "bcftools_consensus", "tool_version": "1.15.1+galaxy4"}
            ]]></error>
        
    </testcase>
    
    <testcase classname="bcftools_consensus (Test #2)" name="1" time="">
        
            <error type="error" message=""><![CDATA[
                { "status": "skip", "test_index": 1, "tool_id": "bcftools_consensus", "tool_version": "1.15.1+galaxy4"}
            ]]></error>
        
    </testcase>
    
    <testcase classname="bcftools_consensus (Test #3)" name="2" time="0.05219626426696777">
        
            <error type="error" message="Input staging problem: Traceback (most recent call last):
  File "/opt/hostedtoolcache/Python/3.12.12/x64/lib/python3.12/site-packages/galaxy/tool_util/verify/interactor.py", line 1436, in verify_tool
    stage_data_in_history(
  File "/opt/hostedtoolcache/Python/3.12.12/x64/lib/python3.12/site-packages/galaxy/tool_util/verify/interactor.py", line 163, in stage_data_in_history
    test_dict = galaxy_interactor.remote_to_input(
                ^^^^^^^^^^^^^^^^^^^^^^^^^^^^^^^^^^
  File "/opt/hostedtoolcache/Python/3.12.12/x64/lib/python3.12/site-packages/galaxy/tool_util/verify/interactor.py", line 582, in remote_to_input
    path_or_location = self._get_path_or_location(
                       ^^^^^^^^^^^^^^^^^^^^^^^^^^^
  File "/opt/hostedtoolcache/Python/3.12.12/x64/lib/python3.12/site-packages/galaxy/tool_util/verify/interactor.py", line 619, in _get_path_or_location
    path = self.test_data_download(
           ^^^^^^^^^^^^^^^^^^^^^^^^
  File "/opt/hostedtoolcache/Python/3.12.12/x64/lib/python3.12/site-packages/galaxy/tool_util/verify/interactor.py", line 525, in test_data_download
    raise AssertionError(f"Test input file ({filename}) cannot be found.")
AssertionError: Test input file (consensus.vcf) cannot be found.
"><![CDATA[
                { "execution_problem": "Input staging problem: Traceback (most recent call last):\n  File \"/opt/hostedtoolcache/Python/3.12.12/x64/lib/python3.12/site-packages/galaxy/tool_util/verify/interactor.py\", line 1436, in verify_tool\n    stage_data_in_history(\n  File \"/opt/hostedtoolcache/Python/3.12.12/x64/lib/python3.12/site-packages/galaxy/tool_util/verify/interactor.py\", line 163, in stage_data_in_history\n    test_dict = galaxy_interactor.remote_to_input(\n                ^^^^^^^^^^^^^^^^^^^^^^^^^^^^^^^^^^\n  File \"/opt/hostedtoolcache/Python/3.12.12/x64/lib/python3.12/site-packages/galaxy/tool_util/verify/interactor.py\", line 582, in remote_to_input\n    path_or_location = self._get_path_or_location(\n                       ^^^^^^^^^^^^^^^^^^^^^^^^^^^\n  File \"/opt/hostedtoolcache/Python/3.12.12/x64/lib/python3.12/site-packages/galaxy/tool_util/verify/interactor.py\", line 619, in _get_path_or_location\n    path = self.test_data_download(\n           ^^^^^^^^^^^^^^^^^^^^^^^^\n  File \"/opt/hostedtoolcache/Python/3.12.12/x64/lib/python3.12/site-packages/galaxy/tool_util/verify/interactor.py\", line 525, in test_data_download\n    raise AssertionError(f\"Test input file ({filename}) cannot be found.\")\nAssertionError: Test input file (consensus.vcf) cannot be found.\n", "status": "error", "test_index": 2, "time_seconds": 0.05219626426696777, "tool_id": "bcftools_consensus", "tool_version": "1.15.1+galaxy4"}
            ]]></error>
        
    </testcase>
    
    <testcase classname="bcftools_consensus (Test #4)" name="3" time="0.05298972129821777">
        
            <error type="error" message="Input staging problem: Traceback (most recent call last):
  File "/opt/hostedtoolcache/Python/3.12.12/x64/lib/python3.12/site-packages/galaxy/tool_util/verify/interactor.py", line 1436, in verify_tool
    stage_data_in_history(
  File "/opt/hostedtoolcache/Python/3.12.12/x64/lib/python3.12/site-packages/galaxy/tool_util/verify/interactor.py", line 163, in stage_data_in_history
    test_dict = galaxy_interactor.remote_to_input(
                ^^^^^^^^^^^^^^^^^^^^^^^^^^^^^^^^^^
  File "/opt/hostedtoolcache/Python/3.12.12/x64/lib/python3.12/site-packages/galaxy/tool_util/verify/interactor.py", line 582, in remote_to_input
    path_or_location = self._get_path_or_location(
                       ^^^^^^^^^^^^^^^^^^^^^^^^^^^
  File "/opt/hostedtoolcache/Python/3.12.12/x64/lib/python3.12/site-packages/galaxy/tool_util/verify/interactor.py", line 619, in _get_path_or_location
    path = self.test_data_download(
           ^^^^^^^^^^^^^^^^^^^^^^^^
  File "/opt/hostedtoolcache/Python/3.12.12/x64/lib/python3.12/site-packages/galaxy/tool_util/verify/interactor.py", line 525, in test_data_download
    raise AssertionError(f"Test input file ({filename}) cannot be found.")
AssertionError: Test input file (consensus.vcf) cannot be found.
"><![CDATA[
                { "execution_problem": "Input staging problem: Traceback (most recent call last):\n  File \"/opt/hostedtoolcache/Python/3.12.12/x64/lib/python3.12/site-packages/galaxy/tool_util/verify/interactor.py\", line 1436, in verify_tool\n    stage_data_in_history(\n  File \"/opt/hostedtoolcache/Python/3.12.12/x64/lib/python3.12/site-packages/galaxy/tool_util/verify/interactor.py\", line 163, in stage_data_in_history\n    test_dict = galaxy_interactor.remote_to_input(\n                ^^^^^^^^^^^^^^^^^^^^^^^^^^^^^^^^^^\n  File \"/opt/hostedtoolcache/Python/3.12.12/x64/lib/python3.12/site-packages/galaxy/tool_util/verify/interactor.py\", line 582, in remote_to_input\n    path_or_location = self._get_path_or_location(\n                       ^^^^^^^^^^^^^^^^^^^^^^^^^^^\n  File \"/opt/hostedtoolcache/Python/3.12.12/x64/lib/python3.12/site-packages/galaxy/tool_util/verify/interactor.py\", line 619, in _get_path_or_location\n    path = self.test_data_download(\n           ^^^^^^^^^^^^^^^^^^^^^^^^\n  File \"/opt/hostedtoolcache/Python/3.12.12/x64/lib/python3.12/site-packages/galaxy/tool_util/verify/interactor.py\", line 525, in test_data_download\n    raise AssertionError(f\"Test input file ({filename}) cannot be found.\")\nAssertionError: Test input file (consensus.vcf) cannot be found.\n", "status": "error", "test_index": 3, "time_seconds": 0.05298972129821777, "tool_id": "bcftools_consensus", "tool_version": "1.15.1+galaxy4"}
            ]]></error>
        
    </testcase>
    
    <testcase classname="bcftools_consensus (Test #5)" name="4" time="0.052858829498291016">
        
            <error type="error" message="Input staging problem: Traceback (most recent call last):
  File "/opt/hostedtoolcache/Python/3.12.12/x64/lib/python3.12/site-packages/galaxy/tool_util/verify/interactor.py", line 1436, in verify_tool
    stage_data_in_history(
  File "/opt/hostedtoolcache/Python/3.12.12/x64/lib/python3.12/site-packages/galaxy/tool_util/verify/interactor.py", line 163, in stage_data_in_history
    test_dict = galaxy_interactor.remote_to_input(
                ^^^^^^^^^^^^^^^^^^^^^^^^^^^^^^^^^^
  File "/opt/hostedtoolcache/Python/3.12.12/x64/lib/python3.12/site-packages/galaxy/tool_util/verify/interactor.py", line 582, in remote_to_input
    path_or_location = self._get_path_or_location(
                       ^^^^^^^^^^^^^^^^^^^^^^^^^^^
  File "/opt/hostedtoolcache/Python/3.12.12/x64/lib/python3.12/site-packages/galaxy/tool_util/verify/interactor.py", line 619, in _get_path_or_location
    path = self.test_data_download(
           ^^^^^^^^^^^^^^^^^^^^^^^^
  File "/opt/hostedtoolcache/Python/3.12.12/x64/lib/python3.12/site-packages/galaxy/tool_util/verify/interactor.py", line 525, in test_data_download
    raise AssertionError(f"Test input file ({filename}) cannot be found.")
AssertionError: Test input file (consensus.vcf) cannot be found.
"><![CDATA[
                { "execution_problem": "Input staging problem: Traceback (most recent call last):\n  File \"/opt/hostedtoolcache/Python/3.12.12/x64/lib/python3.12/site-packages/galaxy/tool_util/verify/interactor.py\", line 1436, in verify_tool\n    stage_data_in_history(\n  File \"/opt/hostedtoolcache/Python/3.12.12/x64/lib/python3.12/site-packages/galaxy/tool_util/verify/interactor.py\", line 163, in stage_data_in_history\n    test_dict = galaxy_interactor.remote_to_input(\n                ^^^^^^^^^^^^^^^^^^^^^^^^^^^^^^^^^^\n  File \"/opt/hostedtoolcache/Python/3.12.12/x64/lib/python3.12/site-packages/galaxy/tool_util/verify/interactor.py\", line 582, in remote_to_input\n    path_or_location = self._get_path_or_location(\n                       ^^^^^^^^^^^^^^^^^^^^^^^^^^^\n  File \"/opt/hostedtoolcache/Python/3.12.12/x64/lib/python3.12/site-packages/galaxy/tool_util/verify/interactor.py\", line 619, in _get_path_or_location\n    path = self.test_data_download(\n           ^^^^^^^^^^^^^^^^^^^^^^^^\n  File \"/opt/hostedtoolcache/Python/3.12.12/x64/lib/python3.12/site-packages/galaxy/tool_util/verify/interactor.py\", line 525, in test_data_download\n    raise AssertionError(f\"Test input file ({filename}) cannot be found.\")\nAssertionError: Test input file (consensus.vcf) cannot be found.\n", "status": "error", "test_index": 4, "time_seconds": 0.052858829498291016, "tool_id": "bcftools_consensus", "tool_version": "1.15.1+galaxy4"}
            ]]></error>
        
    </testcase>
    
    <testcase classname="bcftools_consensus (Test #6)" name="5" time="0.05258893966674805">
        
            <error type="error" message="Input staging problem: Traceback (most recent call last):
  File "/opt/hostedtoolcache/Python/3.12.12/x64/lib/python3.12/site-packages/galaxy/tool_util/verify/interactor.py", line 1436, in verify_tool
    stage_data_in_history(
  File "/opt/hostedtoolcache/Python/3.12.12/x64/lib/python3.12/site-packages/galaxy/tool_util/verify/interactor.py", line 163, in stage_data_in_history
    test_dict = galaxy_interactor.remote_to_input(
                ^^^^^^^^^^^^^^^^^^^^^^^^^^^^^^^^^^
  File "/opt/hostedtoolcache/Python/3.12.12/x64/lib/python3.12/site-packages/galaxy/tool_util/verify/interactor.py", line 582, in remote_to_input
    path_or_location = self._get_path_or_location(
                       ^^^^^^^^^^^^^^^^^^^^^^^^^^^
  File "/opt/hostedtoolcache/Python/3.12.12/x64/lib/python3.12/site-packages/galaxy/tool_util/verify/interactor.py", line 619, in _get_path_or_location
    path = self.test_data_download(
           ^^^^^^^^^^^^^^^^^^^^^^^^
  File "/opt/hostedtoolcache/Python/3.12.12/x64/lib/python3.12/site-packages/galaxy/tool_util/verify/interactor.py", line 525, in test_data_download
    raise AssertionError(f"Test input file ({filename}) cannot be found.")
AssertionError: Test input file (consensus.vcf) cannot be found.
"><![CDATA[
                { "execution_problem": "Input staging problem: Traceback (most recent call last):\n  File \"/opt/hostedtoolcache/Python/3.12.12/x64/lib/python3.12/site-packages/galaxy/tool_util/verify/interactor.py\", line 1436, in verify_tool\n    stage_data_in_history(\n  File \"/opt/hostedtoolcache/Python/3.12.12/x64/lib/python3.12/site-packages/galaxy/tool_util/verify/interactor.py\", line 163, in stage_data_in_history\n    test_dict = galaxy_interactor.remote_to_input(\n                ^^^^^^^^^^^^^^^^^^^^^^^^^^^^^^^^^^\n  File \"/opt/hostedtoolcache/Python/3.12.12/x64/lib/python3.12/site-packages/galaxy/tool_util/verify/interactor.py\", line 582, in remote_to_input\n    path_or_location = self._get_path_or_location(\n                       ^^^^^^^^^^^^^^^^^^^^^^^^^^^\n  File \"/opt/hostedtoolcache/Python/3.12.12/x64/lib/python3.12/site-packages/galaxy/tool_util/verify/interactor.py\", line 619, in _get_path_or_location\n    path = self.test_data_download(\n           ^^^^^^^^^^^^^^^^^^^^^^^^\n  File \"/opt/hostedtoolcache/Python/3.12.12/x64/lib/python3.12/site-packages/galaxy/tool_util/verify/interactor.py\", line 525, in test_data_download\n    raise AssertionError(f\"Test input file ({filename}) cannot be found.\")\nAssertionError: Test input file (consensus.vcf) cannot be found.\n", "status": "error", "test_index": 5, "time_seconds": 0.05258893966674805, "tool_id": "bcftools_consensus", "tool_version": "1.15.1+galaxy4"}
            ]]></error>
        
    </testcase>
    
    <testcase classname="bcftools_plugin_impute_info (Test #1)" name="0" time="78.02643966674805">
        
            
            <system-out><![CDATA[
            
            ]]></system-out>
            <system-err><![CDATA[
            [impute-info.c] Warning: info tag not added to sites that are not biallelic diploidLines total/info-added/unchanged-no-tag/unchanged-not-biallelic-diploid:33/32/0/1
            ]]></system-err>
        
    </testcase>
    
    <testcase classname="bcftools_query (Test #1)" name="0" time="32.839271068573">
        
            
            <system-out><![CDATA[
            
            ]]></system-out>
            <system-err><![CDATA[
            
            ]]></system-err>
        
    </testcase>
    
    <testcase classname="bcftools_query (Test #2)" name="1" time="32.483232259750366">
        
            
            <system-out><![CDATA[
            
            ]]></system-out>
            <system-err><![CDATA[
            
            ]]></system-err>
        
    </testcase>
    
    <testcase classname="deeptools_multi_bam_summary (Test #1)" name="0" time="53.28360438346863">
        
            
            <system-out><![CDATA[
            
            ]]></system-out>
            <system-err><![CDATA[
            Number of bins found: 1657
            ]]></system-err>
        
    </testcase>
    
    <testcase classname="deeptools_multi_bam_summary (Test #2)" name="1" time="20.97728180885315">
        
            <error type="error" message="Input staging problem: Traceback (most recent call last):
  File "/opt/hostedtoolcache/Python/3.12.12/x64/lib/python3.12/site-packages/galaxy/tool_util/verify/interactor.py", line 1436, in verify_tool
    stage_data_in_history(
  File "/opt/hostedtoolcache/Python/3.12.12/x64/lib/python3.12/site-packages/galaxy/tool_util/verify/interactor.py", line 175, in stage_data_in_history
    staging_interface.handle_jobs()
  File "/opt/hostedtoolcache/Python/3.12.12/x64/lib/python3.12/site-packages/galaxy/tool_util/verify/interactor.py", line 212, in handle_jobs
    self.galaxy_interactor.wait_for_job(job_response["id"], job_response["history_id"], self.maxseconds)
  File "/opt/hostedtoolcache/Python/3.12.12/x64/lib/python3.12/site-packages/galaxy/tool_util/verify/interactor.py", line 399, in wait_for_job
    self.wait_for(lambda: self.__job_ready(job_id, history_id), maxseconds=maxseconds)
  File "/opt/hostedtoolcache/Python/3.12.12/x64/lib/python3.12/site-packages/galaxy/tool_util/verify/interactor.py", line 403, in wait_for
    wait_on(func, what, walltime_exceeded)
  File "/opt/hostedtoolcache/Python/3.12.12/x64/lib/python3.12/site-packages/galaxy/tool_util/verify/wait.py", line 38, in wait_on
    value = function()
            ^^^^^^^^^^
  File "/opt/hostedtoolcache/Python/3.12.12/x64/lib/python3.12/site-packages/galaxy/tool_util/verify/interactor.py", line 399, in <lambda>
    self.wait_for(lambda: self.__job_ready(job_id, history_id), maxseconds=maxseconds)
                          ^^^^^^^^^^^^^^^^^^^^^^^^^^^^^^^^^^^^
  File "/opt/hostedtoolcache/Python/3.12.12/x64/lib/python3.12/site-packages/galaxy/tool_util/verify/interactor.py", line 749, in __job_ready
    return self._state_ready(job_id, error_msg="Job in error state.")
           ^^^^^^^^^^^^^^^^^^^^^^^^^^^^^^^^^^^^^^^^^^^^^^^^^^^^^^^^^^
  File "/opt/hostedtoolcache/Python/3.12.12/x64/lib/python3.12/site-packages/galaxy/tool_util/verify/interactor.py", line 841, in _state_ready
    raise Exception(
Exception: Job in error state.. tool_id: __DATA_FETCH__, exit_code: None, stderr: .
"><![CDATA[
                { "execution_problem": "Input staging problem: Traceback (most recent call last):\n  File \"/opt/hostedtoolcache/Python/3.12.12/x64/lib/python3.12/site-packages/galaxy/tool_util/verify/interactor.py\", line 1436, in verify_tool\n    stage_data_in_history(\n  File \"/opt/hostedtoolcache/Python/3.12.12/x64/lib/python3.12/site-packages/galaxy/tool_util/verify/interactor.py\", line 175, in stage_data_in_history\n    staging_interface.handle_jobs()\n  File \"/opt/hostedtoolcache/Python/3.12.12/x64/lib/python3.12/site-packages/galaxy/tool_util/verify/interactor.py\", line 212, in handle_jobs\n    self.galaxy_interactor.wait_for_job(job_response[\"id\"], job_response[\"history_id\"], self.maxseconds)\n  File \"/opt/hostedtoolcache/Python/3.12.12/x64/lib/python3.12/site-packages/galaxy/tool_util/verify/interactor.py\", line 399, in wait_for_job\n    self.wait_for(lambda: self.__job_ready(job_id, history_id), maxseconds=maxseconds)\n  File \"/opt/hostedtoolcache/Python/3.12.12/x64/lib/python3.12/site-packages/galaxy/tool_util/verify/interactor.py\", line 403, in wait_for\n    wait_on(func, what, walltime_exceeded)\n  File \"/opt/hostedtoolcache/Python/3.12.12/x64/lib/python3.12/site-packages/galaxy/tool_util/verify/wait.py\", line 38, in wait_on\n    value = function()\n            ^^^^^^^^^^\n  File \"/opt/hostedtoolcache/Python/3.12.12/x64/lib/python3.12/site-packages/galaxy/tool_util/verify/interactor.py\", line 399, in \u003clambda\u003e\n    self.wait_for(lambda: self.__job_ready(job_id, history_id), maxseconds=maxseconds)\n                          ^^^^^^^^^^^^^^^^^^^^^^^^^^^^^^^^^^^^\n  File \"/opt/hostedtoolcache/Python/3.12.12/x64/lib/python3.12/site-packages/galaxy/tool_util/verify/interactor.py\", line 749, in __job_ready\n    return self._state_ready(job_id, error_msg=\"Job in error state.\")\n           ^^^^^^^^^^^^^^^^^^^^^^^^^^^^^^^^^^^^^^^^^^^^^^^^^^^^^^^^^^\n  File \"/opt/hostedtoolcache/Python/3.12.12/x64/lib/python3.12/site-packages/galaxy/tool_util/verify/interactor.py\", line 841, in _state_ready\n    raise Exception(\nException: Job in error state.. tool_id: __DATA_FETCH__, exit_code: None, stderr: .\n", "status": "error", "test_index": 1, "time_seconds": 20.97728180885315, "tool_id": "deeptools_multi_bam_summary", "tool_version": "3.5.4+galaxy0"}
            ]]></error>
        
    </testcase>
    
    <testcase classname="fastq_manipulation (Test #1)" name="0" time="0.09713196754455566">
        
            <error type="error" message="Input staging problem: Traceback (most recent call last):
  File "/opt/hostedtoolcache/Python/3.12.12/x64/lib/python3.12/site-packages/galaxy/tool_util/verify/interactor.py", line 1436, in verify_tool
    stage_data_in_history(
  File "/opt/hostedtoolcache/Python/3.12.12/x64/lib/python3.12/site-packages/galaxy/tool_util/verify/interactor.py", line 163, in stage_data_in_history
    test_dict = galaxy_interactor.remote_to_input(
                ^^^^^^^^^^^^^^^^^^^^^^^^^^^^^^^^^^
  File "/opt/hostedtoolcache/Python/3.12.12/x64/lib/python3.12/site-packages/galaxy/tool_util/verify/interactor.py", line 582, in remote_to_input
    path_or_location = self._get_path_or_location(
                       ^^^^^^^^^^^^^^^^^^^^^^^^^^^
  File "/opt/hostedtoolcache/Python/3.12.12/x64/lib/python3.12/site-packages/galaxy/tool_util/verify/interactor.py", line 619, in _get_path_or_location
    path = self.test_data_download(
           ^^^^^^^^^^^^^^^^^^^^^^^^
  File "/opt/hostedtoolcache/Python/3.12.12/x64/lib/python3.12/site-packages/galaxy/tool_util/verify/interactor.py", line 525, in test_data_download
    raise AssertionError(f"Test input file ({filename}) cannot be found.")
AssertionError: Test input file (sanger_full_range_original_sanger.fastqsanger) cannot be found.
"><![CDATA[
                { "execution_problem": "Input staging problem: Traceback (most recent call last):\n  File \"/opt/hostedtoolcache/Python/3.12.12/x64/lib/python3.12/site-packages/galaxy/tool_util/verify/interactor.py\", line 1436, in verify_tool\n    stage_data_in_history(\n  File \"/opt/hostedtoolcache/Python/3.12.12/x64/lib/python3.12/site-packages/galaxy/tool_util/verify/interactor.py\", line 163, in stage_data_in_history\n    test_dict = galaxy_interactor.remote_to_input(\n                ^^^^^^^^^^^^^^^^^^^^^^^^^^^^^^^^^^\n  File \"/opt/hostedtoolcache/Python/3.12.12/x64/lib/python3.12/site-packages/galaxy/tool_util/verify/interactor.py\", line 582, in remote_to_input\n    path_or_location = self._get_path_or_location(\n                       ^^^^^^^^^^^^^^^^^^^^^^^^^^^\n  File \"/opt/hostedtoolcache/Python/3.12.12/x64/lib/python3.12/site-packages/galaxy/tool_util/verify/interactor.py\", line 619, in _get_path_or_location\n    path = self.test_data_download(\n           ^^^^^^^^^^^^^^^^^^^^^^^^\n  File \"/opt/hostedtoolcache/Python/3.12.12/x64/lib/python3.12/site-packages/galaxy/tool_util/verify/interactor.py\", line 525, in test_data_download\n    raise AssertionError(f\"Test input file ({filename}) cannot be found.\")\nAssertionError: Test input file (sanger_full_range_original_sanger.fastqsanger) cannot be found.\n", "status": "error", "test_index": 0, "time_seconds": 0.09713196754455566, "tool_id": "fastq_manipulation", "tool_version": "1.1.5+galaxy2"}
            ]]></error>
        
    </testcase>
    
    <testcase classname="fastq_manipulation (Test #2)" name="1" time="0.05342364311218262">
        
            <error type="error" message="Input staging problem: Traceback (most recent call last):
  File "/opt/hostedtoolcache/Python/3.12.12/x64/lib/python3.12/site-packages/galaxy/tool_util/verify/interactor.py", line 1436, in verify_tool
    stage_data_in_history(
  File "/opt/hostedtoolcache/Python/3.12.12/x64/lib/python3.12/site-packages/galaxy/tool_util/verify/interactor.py", line 163, in stage_data_in_history
    test_dict = galaxy_interactor.remote_to_input(
                ^^^^^^^^^^^^^^^^^^^^^^^^^^^^^^^^^^
  File "/opt/hostedtoolcache/Python/3.12.12/x64/lib/python3.12/site-packages/galaxy/tool_util/verify/interactor.py", line 582, in remote_to_input
    path_or_location = self._get_path_or_location(
                       ^^^^^^^^^^^^^^^^^^^^^^^^^^^
  File "/opt/hostedtoolcache/Python/3.12.12/x64/lib/python3.12/site-packages/galaxy/tool_util/verify/interactor.py", line 619, in _get_path_or_location
    path = self.test_data_download(
           ^^^^^^^^^^^^^^^^^^^^^^^^
  File "/opt/hostedtoolcache/Python/3.12.12/x64/lib/python3.12/site-packages/galaxy/tool_util/verify/interactor.py", line 525, in test_data_download
    raise AssertionError(f"Test input file ({filename}) cannot be found.")
AssertionError: Test input file (sanger_full_range_original_sanger.fastqsanger) cannot be found.
"><![CDATA[
                { "execution_problem": "Input staging problem: Traceback (most recent call last):\n  File \"/opt/hostedtoolcache/Python/3.12.12/x64/lib/python3.12/site-packages/galaxy/tool_util/verify/interactor.py\", line 1436, in verify_tool\n    stage_data_in_history(\n  File \"/opt/hostedtoolcache/Python/3.12.12/x64/lib/python3.12/site-packages/galaxy/tool_util/verify/interactor.py\", line 163, in stage_data_in_history\n    test_dict = galaxy_interactor.remote_to_input(\n                ^^^^^^^^^^^^^^^^^^^^^^^^^^^^^^^^^^\n  File \"/opt/hostedtoolcache/Python/3.12.12/x64/lib/python3.12/site-packages/galaxy/tool_util/verify/interactor.py\", line 582, in remote_to_input\n    path_or_location = self._get_path_or_location(\n                       ^^^^^^^^^^^^^^^^^^^^^^^^^^^\n  File \"/opt/hostedtoolcache/Python/3.12.12/x64/lib/python3.12/site-packages/galaxy/tool_util/verify/interactor.py\", line 619, in _get_path_or_location\n    path = self.test_data_download(\n           ^^^^^^^^^^^^^^^^^^^^^^^^\n  File \"/opt/hostedtoolcache/Python/3.12.12/x64/lib/python3.12/site-packages/galaxy/tool_util/verify/interactor.py\", line 525, in test_data_download\n    raise AssertionError(f\"Test input file ({filename}) cannot be found.\")\nAssertionError: Test input file (sanger_full_range_original_sanger.fastqsanger) cannot be found.\n", "status": "error", "test_index": 1, "time_seconds": 0.05342364311218262, "tool_id": "fastq_manipulation", "tool_version": "1.1.5+galaxy2"}
            ]]></error>
        
    </testcase>
    
    <testcase classname="fastq_manipulation (Test #11)" name="10" time="0.05473923683166504">
        
            <error type="error" message="Input staging problem: Traceback (most recent call last):
  File "/opt/hostedtoolcache/Python/3.12.12/x64/lib/python3.12/site-packages/galaxy/tool_util/verify/interactor.py", line 1436, in verify_tool
    stage_data_in_history(
  File "/opt/hostedtoolcache/Python/3.12.12/x64/lib/python3.12/site-packages/galaxy/tool_util/verify/interactor.py", line 163, in stage_data_in_history
    test_dict = galaxy_interactor.remote_to_input(
                ^^^^^^^^^^^^^^^^^^^^^^^^^^^^^^^^^^
  File "/opt/hostedtoolcache/Python/3.12.12/x64/lib/python3.12/site-packages/galaxy/tool_util/verify/interactor.py", line 582, in remote_to_input
    path_or_location = self._get_path_or_location(
                       ^^^^^^^^^^^^^^^^^^^^^^^^^^^
  File "/opt/hostedtoolcache/Python/3.12.12/x64/lib/python3.12/site-packages/galaxy/tool_util/verify/interactor.py", line 619, in _get_path_or_location
    path = self.test_data_download(
           ^^^^^^^^^^^^^^^^^^^^^^^^
  File "/opt/hostedtoolcache/Python/3.12.12/x64/lib/python3.12/site-packages/galaxy/tool_util/verify/interactor.py", line 525, in test_data_download
    raise AssertionError(f"Test input file ({filename}) cannot be found.")
AssertionError: Test input file (sanger_full_range_rev_comp_1_seq.fastqsanger) cannot be found.
"><![CDATA[
                { "execution_problem": "Input staging problem: Traceback (most recent call last):\n  File \"/opt/hostedtoolcache/Python/3.12.12/x64/lib/python3.12/site-packages/galaxy/tool_util/verify/interactor.py\", line 1436, in verify_tool\n    stage_data_in_history(\n  File \"/opt/hostedtoolcache/Python/3.12.12/x64/lib/python3.12/site-packages/galaxy/tool_util/verify/interactor.py\", line 163, in stage_data_in_history\n    test_dict = galaxy_interactor.remote_to_input(\n                ^^^^^^^^^^^^^^^^^^^^^^^^^^^^^^^^^^\n  File \"/opt/hostedtoolcache/Python/3.12.12/x64/lib/python3.12/site-packages/galaxy/tool_util/verify/interactor.py\", line 582, in remote_to_input\n    path_or_location = self._get_path_or_location(\n                       ^^^^^^^^^^^^^^^^^^^^^^^^^^^\n  File \"/opt/hostedtoolcache/Python/3.12.12/x64/lib/python3.12/site-packages/galaxy/tool_util/verify/interactor.py\", line 619, in _get_path_or_location\n    path = self.test_data_download(\n           ^^^^^^^^^^^^^^^^^^^^^^^^\n  File \"/opt/hostedtoolcache/Python/3.12.12/x64/lib/python3.12/site-packages/galaxy/tool_util/verify/interactor.py\", line 525, in test_data_download\n    raise AssertionError(f\"Test input file ({filename}) cannot be found.\")\nAssertionError: Test input file (sanger_full_range_rev_comp_1_seq.fastqsanger) cannot be found.\n", "status": "error", "test_index": 10, "time_seconds": 0.05473923683166504, "tool_id": "fastq_manipulation", "tool_version": "1.1.5+galaxy2"}
            ]]></error>
        
    </testcase>
    
    <testcase classname="fastq_manipulation (Test #12)" name="11" time="0.051282644271850586">
        
            <error type="error" message="Input staging problem: Traceback (most recent call last):
  File "/opt/hostedtoolcache/Python/3.12.12/x64/lib/python3.12/site-packages/galaxy/tool_util/verify/interactor.py", line 1436, in verify_tool
    stage_data_in_history(
  File "/opt/hostedtoolcache/Python/3.12.12/x64/lib/python3.12/site-packages/galaxy/tool_util/verify/interactor.py", line 163, in stage_data_in_history
    test_dict = galaxy_interactor.remote_to_input(
                ^^^^^^^^^^^^^^^^^^^^^^^^^^^^^^^^^^
  File "/opt/hostedtoolcache/Python/3.12.12/x64/lib/python3.12/site-packages/galaxy/tool_util/verify/interactor.py", line 582, in remote_to_input
    path_or_location = self._get_path_or_location(
                       ^^^^^^^^^^^^^^^^^^^^^^^^^^^
  File "/opt/hostedtoolcache/Python/3.12.12/x64/lib/python3.12/site-packages/galaxy/tool_util/verify/interactor.py", line 619, in _get_path_or_location
    path = self.test_data_download(
           ^^^^^^^^^^^^^^^^^^^^^^^^
  File "/opt/hostedtoolcache/Python/3.12.12/x64/lib/python3.12/site-packages/galaxy/tool_util/verify/interactor.py", line 525, in test_data_download
    raise AssertionError(f"Test input file ({filename}) cannot be found.")
AssertionError: Test input file (sanger_full_range_original_sanger.fastqsanger) cannot be found.
"><![CDATA[
                { "execution_problem": "Input staging problem: Traceback (most recent call last):\n  File \"/opt/hostedtoolcache/Python/3.12.12/x64/lib/python3.12/site-packages/galaxy/tool_util/verify/interactor.py\", line 1436, in verify_tool\n    stage_data_in_history(\n  File \"/opt/hostedtoolcache/Python/3.12.12/x64/lib/python3.12/site-packages/galaxy/tool_util/verify/interactor.py\", line 163, in stage_data_in_history\n    test_dict = galaxy_interactor.remote_to_input(\n                ^^^^^^^^^^^^^^^^^^^^^^^^^^^^^^^^^^\n  File \"/opt/hostedtoolcache/Python/3.12.12/x64/lib/python3.12/site-packages/galaxy/tool_util/verify/interactor.py\", line 582, in remote_to_input\n    path_or_location = self._get_path_or_location(\n                       ^^^^^^^^^^^^^^^^^^^^^^^^^^^\n  File \"/opt/hostedtoolcache/Python/3.12.12/x64/lib/python3.12/site-packages/galaxy/tool_util/verify/interactor.py\", line 619, in _get_path_or_location\n    path = self.test_data_download(\n           ^^^^^^^^^^^^^^^^^^^^^^^^\n  File \"/opt/hostedtoolcache/Python/3.12.12/x64/lib/python3.12/site-packages/galaxy/tool_util/verify/interactor.py\", line 525, in test_data_download\n    raise AssertionError(f\"Test input file ({filename}) cannot be found.\")\nAssertionError: Test input file (sanger_full_range_original_sanger.fastqsanger) cannot be found.\n", "status": "error", "test_index": 11, "time_seconds": 0.051282644271850586, "tool_id": "fastq_manipulation", "tool_version": "1.1.5+galaxy2"}
            ]]></error>
        
    </testcase>
    
    <testcase classname="fastq_manipulation (Test #13)" name="12" time="0.05120992660522461">
        
            <error type="error" message="Input staging problem: Traceback (most recent call last):
  File "/opt/hostedtoolcache/Python/3.12.12/x64/lib/python3.12/site-packages/galaxy/tool_util/verify/interactor.py", line 1436, in verify_tool
    stage_data_in_history(
  File "/opt/hostedtoolcache/Python/3.12.12/x64/lib/python3.12/site-packages/galaxy/tool_util/verify/interactor.py", line 163, in stage_data_in_history
    test_dict = galaxy_interactor.remote_to_input(
                ^^^^^^^^^^^^^^^^^^^^^^^^^^^^^^^^^^
  File "/opt/hostedtoolcache/Python/3.12.12/x64/lib/python3.12/site-packages/galaxy/tool_util/verify/interactor.py", line 582, in remote_to_input
    path_or_location = self._get_path_or_location(
                       ^^^^^^^^^^^^^^^^^^^^^^^^^^^
  File "/opt/hostedtoolcache/Python/3.12.12/x64/lib/python3.12/site-packages/galaxy/tool_util/verify/interactor.py", line 619, in _get_path_or_location
    path = self.test_data_download(
           ^^^^^^^^^^^^^^^^^^^^^^^^
  File "/opt/hostedtoolcache/Python/3.12.12/x64/lib/python3.12/site-packages/galaxy/tool_util/verify/interactor.py", line 525, in test_data_download
    raise AssertionError(f"Test input file ({filename}) cannot be found.")
AssertionError: Test input file (sanger_full_range_as_rna.fastqsanger) cannot be found.
"><![CDATA[
                { "execution_problem": "Input staging problem: Traceback (most recent call last):\n  File \"/opt/hostedtoolcache/Python/3.12.12/x64/lib/python3.12/site-packages/galaxy/tool_util/verify/interactor.py\", line 1436, in verify_tool\n    stage_data_in_history(\n  File \"/opt/hostedtoolcache/Python/3.12.12/x64/lib/python3.12/site-packages/galaxy/tool_util/verify/interactor.py\", line 163, in stage_data_in_history\n    test_dict = galaxy_interactor.remote_to_input(\n                ^^^^^^^^^^^^^^^^^^^^^^^^^^^^^^^^^^\n  File \"/opt/hostedtoolcache/Python/3.12.12/x64/lib/python3.12/site-packages/galaxy/tool_util/verify/interactor.py\", line 582, in remote_to_input\n    path_or_location = self._get_path_or_location(\n                       ^^^^^^^^^^^^^^^^^^^^^^^^^^^\n  File \"/opt/hostedtoolcache/Python/3.12.12/x64/lib/python3.12/site-packages/galaxy/tool_util/verify/interactor.py\", line 619, in _get_path_or_location\n    path = self.test_data_download(\n           ^^^^^^^^^^^^^^^^^^^^^^^^\n  File \"/opt/hostedtoolcache/Python/3.12.12/x64/lib/python3.12/site-packages/galaxy/tool_util/verify/interactor.py\", line 525, in test_data_download\n    raise AssertionError(f\"Test input file ({filename}) cannot be found.\")\nAssertionError: Test input file (sanger_full_range_as_rna.fastqsanger) cannot be found.\n", "status": "error", "test_index": 12, "time_seconds": 0.05120992660522461, "tool_id": "fastq_manipulation", "tool_version": "1.1.5+galaxy2"}
            ]]></error>
        
    </testcase>
    
    <testcase classname="fastq_manipulation (Test #14)" name="13" time="0.0535435676574707">
        
            <error type="error" message="Input staging problem: Traceback (most recent call last):
  File "/opt/hostedtoolcache/Python/3.12.12/x64/lib/python3.12/site-packages/galaxy/tool_util/verify/interactor.py", line 1436, in verify_tool
    stage_data_in_history(
  File "/opt/hostedtoolcache/Python/3.12.12/x64/lib/python3.12/site-packages/galaxy/tool_util/verify/interactor.py", line 163, in stage_data_in_history
    test_dict = galaxy_interactor.remote_to_input(
                ^^^^^^^^^^^^^^^^^^^^^^^^^^^^^^^^^^
  File "/opt/hostedtoolcache/Python/3.12.12/x64/lib/python3.12/site-packages/galaxy/tool_util/verify/interactor.py", line 582, in remote_to_input
    path_or_location = self._get_path_or_location(
                       ^^^^^^^^^^^^^^^^^^^^^^^^^^^
  File "/opt/hostedtoolcache/Python/3.12.12/x64/lib/python3.12/site-packages/galaxy/tool_util/verify/interactor.py", line 619, in _get_path_or_location
    path = self.test_data_download(
           ^^^^^^^^^^^^^^^^^^^^^^^^
  File "/opt/hostedtoolcache/Python/3.12.12/x64/lib/python3.12/site-packages/galaxy/tool_util/verify/interactor.py", line 525, in test_data_download
    raise AssertionError(f"Test input file ({filename}) cannot be found.")
AssertionError: Test input file (sanger_full_range_as_rna.fastqsanger.gz) cannot be found.
"><![CDATA[
                { "execution_problem": "Input staging problem: Traceback (most recent call last):\n  File \"/opt/hostedtoolcache/Python/3.12.12/x64/lib/python3.12/site-packages/galaxy/tool_util/verify/interactor.py\", line 1436, in verify_tool\n    stage_data_in_history(\n  File \"/opt/hostedtoolcache/Python/3.12.12/x64/lib/python3.12/site-packages/galaxy/tool_util/verify/interactor.py\", line 163, in stage_data_in_history\n    test_dict = galaxy_interactor.remote_to_input(\n                ^^^^^^^^^^^^^^^^^^^^^^^^^^^^^^^^^^\n  File \"/opt/hostedtoolcache/Python/3.12.12/x64/lib/python3.12/site-packages/galaxy/tool_util/verify/interactor.py\", line 582, in remote_to_input\n    path_or_location = self._get_path_or_location(\n                       ^^^^^^^^^^^^^^^^^^^^^^^^^^^\n  File \"/opt/hostedtoolcache/Python/3.12.12/x64/lib/python3.12/site-packages/galaxy/tool_util/verify/interactor.py\", line 619, in _get_path_or_location\n    path = self.test_data_download(\n           ^^^^^^^^^^^^^^^^^^^^^^^^\n  File \"/opt/hostedtoolcache/Python/3.12.12/x64/lib/python3.12/site-packages/galaxy/tool_util/verify/interactor.py\", line 525, in test_data_download\n    raise AssertionError(f\"Test input file ({filename}) cannot be found.\")\nAssertionError: Test input file (sanger_full_range_as_rna.fastqsanger.gz) cannot be found.\n", "status": "error", "test_index": 13, "time_seconds": 0.0535435676574707, "tool_id": "fastq_manipulation", "tool_version": "1.1.5+galaxy2"}
            ]]></error>
        
    </testcase>
    
    <testcase classname="fastq_manipulation (Test #15)" name="14" time="0.053038597106933594">
        
            <error type="error" message="Input staging problem: Traceback (most recent call last):
  File "/opt/hostedtoolcache/Python/3.12.12/x64/lib/python3.12/site-packages/galaxy/tool_util/verify/interactor.py", line 1436, in verify_tool
    stage_data_in_history(
  File "/opt/hostedtoolcache/Python/3.12.12/x64/lib/python3.12/site-packages/galaxy/tool_util/verify/interactor.py", line 163, in stage_data_in_history
    test_dict = galaxy_interactor.remote_to_input(
                ^^^^^^^^^^^^^^^^^^^^^^^^^^^^^^^^^^
  File "/opt/hostedtoolcache/Python/3.12.12/x64/lib/python3.12/site-packages/galaxy/tool_util/verify/interactor.py", line 582, in remote_to_input
    path_or_location = self._get_path_or_location(
                       ^^^^^^^^^^^^^^^^^^^^^^^^^^^
  File "/opt/hostedtoolcache/Python/3.12.12/x64/lib/python3.12/site-packages/galaxy/tool_util/verify/interactor.py", line 619, in _get_path_or_location
    path = self.test_data_download(
           ^^^^^^^^^^^^^^^^^^^^^^^^
  File "/opt/hostedtoolcache/Python/3.12.12/x64/lib/python3.12/site-packages/galaxy/tool_util/verify/interactor.py", line 525, in test_data_download
    raise AssertionError(f"Test input file ({filename}) cannot be found.")
AssertionError: Test input file (sanger_full_range_as_rna.fastqsanger.bz2) cannot be found.
"><![CDATA[
                { "execution_problem": "Input staging problem: Traceback (most recent call last):\n  File \"/opt/hostedtoolcache/Python/3.12.12/x64/lib/python3.12/site-packages/galaxy/tool_util/verify/interactor.py\", line 1436, in verify_tool\n    stage_data_in_history(\n  File \"/opt/hostedtoolcache/Python/3.12.12/x64/lib/python3.12/site-packages/galaxy/tool_util/verify/interactor.py\", line 163, in stage_data_in_history\n    test_dict = galaxy_interactor.remote_to_input(\n                ^^^^^^^^^^^^^^^^^^^^^^^^^^^^^^^^^^\n  File \"/opt/hostedtoolcache/Python/3.12.12/x64/lib/python3.12/site-packages/galaxy/tool_util/verify/interactor.py\", line 582, in remote_to_input\n    path_or_location = self._get_path_or_location(\n                       ^^^^^^^^^^^^^^^^^^^^^^^^^^^\n  File \"/opt/hostedtoolcache/Python/3.12.12/x64/lib/python3.12/site-packages/galaxy/tool_util/verify/interactor.py\", line 619, in _get_path_or_location\n    path = self.test_data_download(\n           ^^^^^^^^^^^^^^^^^^^^^^^^\n  File \"/opt/hostedtoolcache/Python/3.12.12/x64/lib/python3.12/site-packages/galaxy/tool_util/verify/interactor.py\", line 525, in test_data_download\n    raise AssertionError(f\"Test input file ({filename}) cannot be found.\")\nAssertionError: Test input file (sanger_full_range_as_rna.fastqsanger.bz2) cannot be found.\n", "status": "error", "test_index": 14, "time_seconds": 0.053038597106933594, "tool_id": "fastq_manipulation", "tool_version": "1.1.5+galaxy2"}
            ]]></error>
        
    </testcase>
    
    <testcase classname="fastq_manipulation (Test #3)" name="2" time="0.052019357681274414">
        
            <error type="error" message="Input staging problem: Traceback (most recent call last):
  File "/opt/hostedtoolcache/Python/3.12.12/x64/lib/python3.12/site-packages/galaxy/tool_util/verify/interactor.py", line 1436, in verify_tool
    stage_data_in_history(
  File "/opt/hostedtoolcache/Python/3.12.12/x64/lib/python3.12/site-packages/galaxy/tool_util/verify/interactor.py", line 163, in stage_data_in_history
    test_dict = galaxy_interactor.remote_to_input(
                ^^^^^^^^^^^^^^^^^^^^^^^^^^^^^^^^^^
  File "/opt/hostedtoolcache/Python/3.12.12/x64/lib/python3.12/site-packages/galaxy/tool_util/verify/interactor.py", line 582, in remote_to_input
    path_or_location = self._get_path_or_location(
                       ^^^^^^^^^^^^^^^^^^^^^^^^^^^
  File "/opt/hostedtoolcache/Python/3.12.12/x64/lib/python3.12/site-packages/galaxy/tool_util/verify/interactor.py", line 619, in _get_path_or_location
    path = self.test_data_download(
           ^^^^^^^^^^^^^^^^^^^^^^^^
  File "/opt/hostedtoolcache/Python/3.12.12/x64/lib/python3.12/site-packages/galaxy/tool_util/verify/interactor.py", line 525, in test_data_download
    raise AssertionError(f"Test input file ({filename}) cannot be found.")
AssertionError: Test input file (sanger_full_range_original_sanger.fastqsanger) cannot be found.
"><![CDATA[
                { "execution_problem": "Input staging problem: Traceback (most recent call last):\n  File \"/opt/hostedtoolcache/Python/3.12.12/x64/lib/python3.12/site-packages/galaxy/tool_util/verify/interactor.py\", line 1436, in verify_tool\n    stage_data_in_history(\n  File \"/opt/hostedtoolcache/Python/3.12.12/x64/lib/python3.12/site-packages/galaxy/tool_util/verify/interactor.py\", line 163, in stage_data_in_history\n    test_dict = galaxy_interactor.remote_to_input(\n                ^^^^^^^^^^^^^^^^^^^^^^^^^^^^^^^^^^\n  File \"/opt/hostedtoolcache/Python/3.12.12/x64/lib/python3.12/site-packages/galaxy/tool_util/verify/interactor.py\", line 582, in remote_to_input\n    path_or_location = self._get_path_or_location(\n                       ^^^^^^^^^^^^^^^^^^^^^^^^^^^\n  File \"/opt/hostedtoolcache/Python/3.12.12/x64/lib/python3.12/site-packages/galaxy/tool_util/verify/interactor.py\", line 619, in _get_path_or_location\n    path = self.test_data_download(\n           ^^^^^^^^^^^^^^^^^^^^^^^^\n  File \"/opt/hostedtoolcache/Python/3.12.12/x64/lib/python3.12/site-packages/galaxy/tool_util/verify/interactor.py\", line 525, in test_data_download\n    raise AssertionError(f\"Test input file ({filename}) cannot be found.\")\nAssertionError: Test input file (sanger_full_range_original_sanger.fastqsanger) cannot be found.\n", "status": "error", "test_index": 2, "time_seconds": 0.052019357681274414, "tool_id": "fastq_manipulation", "tool_version": "1.1.5+galaxy2"}
            ]]></error>
        
    </testcase>
    
    <testcase classname="fastq_manipulation (Test #4)" name="3" time="0.052013397216796875">
        
            <error type="error" message="Input staging problem: Traceback (most recent call last):
  File "/opt/hostedtoolcache/Python/3.12.12/x64/lib/python3.12/site-packages/galaxy/tool_util/verify/interactor.py", line 1436, in verify_tool
    stage_data_in_history(
  File "/opt/hostedtoolcache/Python/3.12.12/x64/lib/python3.12/site-packages/galaxy/tool_util/verify/interactor.py", line 163, in stage_data_in_history
    test_dict = galaxy_interactor.remote_to_input(
                ^^^^^^^^^^^^^^^^^^^^^^^^^^^^^^^^^^
  File "/opt/hostedtoolcache/Python/3.12.12/x64/lib/python3.12/site-packages/galaxy/tool_util/verify/interactor.py", line 582, in remote_to_input
    path_or_location = self._get_path_or_location(
                       ^^^^^^^^^^^^^^^^^^^^^^^^^^^
  File "/opt/hostedtoolcache/Python/3.12.12/x64/lib/python3.12/site-packages/galaxy/tool_util/verify/interactor.py", line 619, in _get_path_or_location
    path = self.test_data_download(
           ^^^^^^^^^^^^^^^^^^^^^^^^
  File "/opt/hostedtoolcache/Python/3.12.12/x64/lib/python3.12/site-packages/galaxy/tool_util/verify/interactor.py", line 525, in test_data_download
    raise AssertionError(f"Test input file ({filename}) cannot be found.")
AssertionError: Test input file (sanger_full_range_original_sanger.fastqsanger) cannot be found.
"><![CDATA[
                { "execution_problem": "Input staging problem: Traceback (most recent call last):\n  File \"/opt/hostedtoolcache/Python/3.12.12/x64/lib/python3.12/site-packages/galaxy/tool_util/verify/interactor.py\", line 1436, in verify_tool\n    stage_data_in_history(\n  File \"/opt/hostedtoolcache/Python/3.12.12/x64/lib/python3.12/site-packages/galaxy/tool_util/verify/interactor.py\", line 163, in stage_data_in_history\n    test_dict = galaxy_interactor.remote_to_input(\n                ^^^^^^^^^^^^^^^^^^^^^^^^^^^^^^^^^^\n  File \"/opt/hostedtoolcache/Python/3.12.12/x64/lib/python3.12/site-packages/galaxy/tool_util/verify/interactor.py\", line 582, in remote_to_input\n    path_or_location = self._get_path_or_location(\n                       ^^^^^^^^^^^^^^^^^^^^^^^^^^^\n  File \"/opt/hostedtoolcache/Python/3.12.12/x64/lib/python3.12/site-packages/galaxy/tool_util/verify/interactor.py\", line 619, in _get_path_or_location\n    path = self.test_data_download(\n           ^^^^^^^^^^^^^^^^^^^^^^^^\n  File \"/opt/hostedtoolcache/Python/3.12.12/x64/lib/python3.12/site-packages/galaxy/tool_util/verify/interactor.py\", line 525, in test_data_download\n    raise AssertionError(f\"Test input file ({filename}) cannot be found.\")\nAssertionError: Test input file (sanger_full_range_original_sanger.fastqsanger) cannot be found.\n", "status": "error", "test_index": 3, "time_seconds": 0.052013397216796875, "tool_id": "fastq_manipulation", "tool_version": "1.1.5+galaxy2"}
            ]]></error>
        
    </testcase>
    
    <testcase classname="fastq_manipulation (Test #5)" name="4" time="0.05498147010803223">
        
            <error type="error" message="Input staging problem: Traceback (most recent call last):
  File "/opt/hostedtoolcache/Python/3.12.12/x64/lib/python3.12/site-packages/galaxy/tool_util/verify/interactor.py", line 1436, in verify_tool
    stage_data_in_history(
  File "/opt/hostedtoolcache/Python/3.12.12/x64/lib/python3.12/site-packages/galaxy/tool_util/verify/interactor.py", line 163, in stage_data_in_history
    test_dict = galaxy_interactor.remote_to_input(
                ^^^^^^^^^^^^^^^^^^^^^^^^^^^^^^^^^^
  File "/opt/hostedtoolcache/Python/3.12.12/x64/lib/python3.12/site-packages/galaxy/tool_util/verify/interactor.py", line 582, in remote_to_input
    path_or_location = self._get_path_or_location(
                       ^^^^^^^^^^^^^^^^^^^^^^^^^^^
  File "/opt/hostedtoolcache/Python/3.12.12/x64/lib/python3.12/site-packages/galaxy/tool_util/verify/interactor.py", line 619, in _get_path_or_location
    path = self.test_data_download(
           ^^^^^^^^^^^^^^^^^^^^^^^^
  File "/opt/hostedtoolcache/Python/3.12.12/x64/lib/python3.12/site-packages/galaxy/tool_util/verify/interactor.py", line 525, in test_data_download
    raise AssertionError(f"Test input file ({filename}) cannot be found.")
AssertionError: Test input file (sanger_full_range_original_sanger.fastqsanger) cannot be found.
"><![CDATA[
                { "execution_problem": "Input staging problem: Traceback (most recent call last):\n  File \"/opt/hostedtoolcache/Python/3.12.12/x64/lib/python3.12/site-packages/galaxy/tool_util/verify/interactor.py\", line 1436, in verify_tool\n    stage_data_in_history(\n  File \"/opt/hostedtoolcache/Python/3.12.12/x64/lib/python3.12/site-packages/galaxy/tool_util/verify/interactor.py\", line 163, in stage_data_in_history\n    test_dict = galaxy_interactor.remote_to_input(\n                ^^^^^^^^^^^^^^^^^^^^^^^^^^^^^^^^^^\n  File \"/opt/hostedtoolcache/Python/3.12.12/x64/lib/python3.12/site-packages/galaxy/tool_util/verify/interactor.py\", line 582, in remote_to_input\n    path_or_location = self._get_path_or_location(\n                       ^^^^^^^^^^^^^^^^^^^^^^^^^^^\n  File \"/opt/hostedtoolcache/Python/3.12.12/x64/lib/python3.12/site-packages/galaxy/tool_util/verify/interactor.py\", line 619, in _get_path_or_location\n    path = self.test_data_download(\n           ^^^^^^^^^^^^^^^^^^^^^^^^\n  File \"/opt/hostedtoolcache/Python/3.12.12/x64/lib/python3.12/site-packages/galaxy/tool_util/verify/interactor.py\", line 525, in test_data_download\n    raise AssertionError(f\"Test input file ({filename}) cannot be found.\")\nAssertionError: Test input file (sanger_full_range_original_sanger.fastqsanger) cannot be found.\n", "status": "error", "test_index": 4, "time_seconds": 0.05498147010803223, "tool_id": "fastq_manipulation", "tool_version": "1.1.5+galaxy2"}
            ]]></error>
        
    </testcase>
    
    <testcase classname="fastq_manipulation (Test #6)" name="5" time="0.053407907485961914">
        
            <error type="error" message="Input staging problem: Traceback (most recent call last):
  File "/opt/hostedtoolcache/Python/3.12.12/x64/lib/python3.12/site-packages/galaxy/tool_util/verify/interactor.py", line 1436, in verify_tool
    stage_data_in_history(
  File "/opt/hostedtoolcache/Python/3.12.12/x64/lib/python3.12/site-packages/galaxy/tool_util/verify/interactor.py", line 163, in stage_data_in_history
    test_dict = galaxy_interactor.remote_to_input(
                ^^^^^^^^^^^^^^^^^^^^^^^^^^^^^^^^^^
  File "/opt/hostedtoolcache/Python/3.12.12/x64/lib/python3.12/site-packages/galaxy/tool_util/verify/interactor.py", line 582, in remote_to_input
    path_or_location = self._get_path_or_location(
                       ^^^^^^^^^^^^^^^^^^^^^^^^^^^
  File "/opt/hostedtoolcache/Python/3.12.12/x64/lib/python3.12/site-packages/galaxy/tool_util/verify/interactor.py", line 619, in _get_path_or_location
    path = self.test_data_download(
           ^^^^^^^^^^^^^^^^^^^^^^^^
  File "/opt/hostedtoolcache/Python/3.12.12/x64/lib/python3.12/site-packages/galaxy/tool_util/verify/interactor.py", line 525, in test_data_download
    raise AssertionError(f"Test input file ({filename}) cannot be found.")
AssertionError: Test input file (sanger_full_range_original_sanger.fastqsanger) cannot be found.
"><![CDATA[
                { "execution_problem": "Input staging problem: Traceback (most recent call last):\n  File \"/opt/hostedtoolcache/Python/3.12.12/x64/lib/python3.12/site-packages/galaxy/tool_util/verify/interactor.py\", line 1436, in verify_tool\n    stage_data_in_history(\n  File \"/opt/hostedtoolcache/Python/3.12.12/x64/lib/python3.12/site-packages/galaxy/tool_util/verify/interactor.py\", line 163, in stage_data_in_history\n    test_dict = galaxy_interactor.remote_to_input(\n                ^^^^^^^^^^^^^^^^^^^^^^^^^^^^^^^^^^\n  File \"/opt/hostedtoolcache/Python/3.12.12/x64/lib/python3.12/site-packages/galaxy/tool_util/verify/interactor.py\", line 582, in remote_to_input\n    path_or_location = self._get_path_or_location(\n                       ^^^^^^^^^^^^^^^^^^^^^^^^^^^\n  File \"/opt/hostedtoolcache/Python/3.12.12/x64/lib/python3.12/site-packages/galaxy/tool_util/verify/interactor.py\", line 619, in _get_path_or_location\n    path = self.test_data_download(\n           ^^^^^^^^^^^^^^^^^^^^^^^^\n  File \"/opt/hostedtoolcache/Python/3.12.12/x64/lib/python3.12/site-packages/galaxy/tool_util/verify/interactor.py\", line 525, in test_data_download\n    raise AssertionError(f\"Test input file ({filename}) cannot be found.\")\nAssertionError: Test input file (sanger_full_range_original_sanger.fastqsanger) cannot be found.\n", "status": "error", "test_index": 5, "time_seconds": 0.053407907485961914, "tool_id": "fastq_manipulation", "tool_version": "1.1.5+galaxy2"}
            ]]></error>
        
    </testcase>
    
    <testcase classname="fastq_manipulation (Test #7)" name="6" time="0.05429673194885254">
        
            <error type="error" message="Input staging problem: Traceback (most recent call last):
  File "/opt/hostedtoolcache/Python/3.12.12/x64/lib/python3.12/site-packages/galaxy/tool_util/verify/interactor.py", line 1436, in verify_tool
    stage_data_in_history(
  File "/opt/hostedtoolcache/Python/3.12.12/x64/lib/python3.12/site-packages/galaxy/tool_util/verify/interactor.py", line 163, in stage_data_in_history
    test_dict = galaxy_interactor.remote_to_input(
                ^^^^^^^^^^^^^^^^^^^^^^^^^^^^^^^^^^
  File "/opt/hostedtoolcache/Python/3.12.12/x64/lib/python3.12/site-packages/galaxy/tool_util/verify/interactor.py", line 582, in remote_to_input
    path_or_location = self._get_path_or_location(
                       ^^^^^^^^^^^^^^^^^^^^^^^^^^^
  File "/opt/hostedtoolcache/Python/3.12.12/x64/lib/python3.12/site-packages/galaxy/tool_util/verify/interactor.py", line 619, in _get_path_or_location
    path = self.test_data_download(
           ^^^^^^^^^^^^^^^^^^^^^^^^
  File "/opt/hostedtoolcache/Python/3.12.12/x64/lib/python3.12/site-packages/galaxy/tool_util/verify/interactor.py", line 525, in test_data_download
    raise AssertionError(f"Test input file ({filename}) cannot be found.")
AssertionError: Test input file (sanger_full_range_original_sanger.fastqsanger) cannot be found.
"><![CDATA[
                { "execution_problem": "Input staging problem: Traceback (most recent call last):\n  File \"/opt/hostedtoolcache/Python/3.12.12/x64/lib/python3.12/site-packages/galaxy/tool_util/verify/interactor.py\", line 1436, in verify_tool\n    stage_data_in_history(\n  File \"/opt/hostedtoolcache/Python/3.12.12/x64/lib/python3.12/site-packages/galaxy/tool_util/verify/interactor.py\", line 163, in stage_data_in_history\n    test_dict = galaxy_interactor.remote_to_input(\n                ^^^^^^^^^^^^^^^^^^^^^^^^^^^^^^^^^^\n  File \"/opt/hostedtoolcache/Python/3.12.12/x64/lib/python3.12/site-packages/galaxy/tool_util/verify/interactor.py\", line 582, in remote_to_input\n    path_or_location = self._get_path_or_location(\n                       ^^^^^^^^^^^^^^^^^^^^^^^^^^^\n  File \"/opt/hostedtoolcache/Python/3.12.12/x64/lib/python3.12/site-packages/galaxy/tool_util/verify/interactor.py\", line 619, in _get_path_or_location\n    path = self.test_data_download(\n           ^^^^^^^^^^^^^^^^^^^^^^^^\n  File \"/opt/hostedtoolcache/Python/3.12.12/x64/lib/python3.12/site-packages/galaxy/tool_util/verify/interactor.py\", line 525, in test_data_download\n    raise AssertionError(f\"Test input file ({filename}) cannot be found.\")\nAssertionError: Test input file (sanger_full_range_original_sanger.fastqsanger) cannot be found.\n", "status": "error", "test_index": 6, "time_seconds": 0.05429673194885254, "tool_id": "fastq_manipulation", "tool_version": "1.1.5+galaxy2"}
            ]]></error>
        
    </testcase>
    
    <testcase classname="fastq_manipulation (Test #8)" name="7" time="0.05183672904968262">
        
            <error type="error" message="Input staging problem: Traceback (most recent call last):
  File "/opt/hostedtoolcache/Python/3.12.12/x64/lib/python3.12/site-packages/galaxy/tool_util/verify/interactor.py", line 1436, in verify_tool
    stage_data_in_history(
  File "/opt/hostedtoolcache/Python/3.12.12/x64/lib/python3.12/site-packages/galaxy/tool_util/verify/interactor.py", line 163, in stage_data_in_history
    test_dict = galaxy_interactor.remote_to_input(
                ^^^^^^^^^^^^^^^^^^^^^^^^^^^^^^^^^^
  File "/opt/hostedtoolcache/Python/3.12.12/x64/lib/python3.12/site-packages/galaxy/tool_util/verify/interactor.py", line 582, in remote_to_input
    path_or_location = self._get_path_or_location(
                       ^^^^^^^^^^^^^^^^^^^^^^^^^^^
  File "/opt/hostedtoolcache/Python/3.12.12/x64/lib/python3.12/site-packages/galaxy/tool_util/verify/interactor.py", line 619, in _get_path_or_location
    path = self.test_data_download(
           ^^^^^^^^^^^^^^^^^^^^^^^^
  File "/opt/hostedtoolcache/Python/3.12.12/x64/lib/python3.12/site-packages/galaxy/tool_util/verify/interactor.py", line 525, in test_data_download
    raise AssertionError(f"Test input file ({filename}) cannot be found.")
AssertionError: Test input file (misc_dna_original_sanger.fastqsanger) cannot be found.
"><![CDATA[
                { "execution_problem": "Input staging problem: Traceback (most recent call last):\n  File \"/opt/hostedtoolcache/Python/3.12.12/x64/lib/python3.12/site-packages/galaxy/tool_util/verify/interactor.py\", line 1436, in verify_tool\n    stage_data_in_history(\n  File \"/opt/hostedtoolcache/Python/3.12.12/x64/lib/python3.12/site-packages/galaxy/tool_util/verify/interactor.py\", line 163, in stage_data_in_history\n    test_dict = galaxy_interactor.remote_to_input(\n                ^^^^^^^^^^^^^^^^^^^^^^^^^^^^^^^^^^\n  File \"/opt/hostedtoolcache/Python/3.12.12/x64/lib/python3.12/site-packages/galaxy/tool_util/verify/interactor.py\", line 582, in remote_to_input\n    path_or_location = self._get_path_or_location(\n                       ^^^^^^^^^^^^^^^^^^^^^^^^^^^\n  File \"/opt/hostedtoolcache/Python/3.12.12/x64/lib/python3.12/site-packages/galaxy/tool_util/verify/interactor.py\", line 619, in _get_path_or_location\n    path = self.test_data_download(\n           ^^^^^^^^^^^^^^^^^^^^^^^^\n  File \"/opt/hostedtoolcache/Python/3.12.12/x64/lib/python3.12/site-packages/galaxy/tool_util/verify/interactor.py\", line 525, in test_data_download\n    raise AssertionError(f\"Test input file ({filename}) cannot be found.\")\nAssertionError: Test input file (misc_dna_original_sanger.fastqsanger) cannot be found.\n", "status": "error", "test_index": 7, "time_seconds": 0.05183672904968262, "tool_id": "fastq_manipulation", "tool_version": "1.1.5+galaxy2"}
            ]]></error>
        
    </testcase>
    
    <testcase classname="fastq_manipulation (Test #9)" name="8" time="0.05186653137207031">
        
            <error type="error" message="Input staging problem: Traceback (most recent call last):
  File "/opt/hostedtoolcache/Python/3.12.12/x64/lib/python3.12/site-packages/galaxy/tool_util/verify/interactor.py", line 1436, in verify_tool
    stage_data_in_history(
  File "/opt/hostedtoolcache/Python/3.12.12/x64/lib/python3.12/site-packages/galaxy/tool_util/verify/interactor.py", line 163, in stage_data_in_history
    test_dict = galaxy_interactor.remote_to_input(
                ^^^^^^^^^^^^^^^^^^^^^^^^^^^^^^^^^^
  File "/opt/hostedtoolcache/Python/3.12.12/x64/lib/python3.12/site-packages/galaxy/tool_util/verify/interactor.py", line 582, in remote_to_input
    path_or_location = self._get_path_or_location(
                       ^^^^^^^^^^^^^^^^^^^^^^^^^^^
  File "/opt/hostedtoolcache/Python/3.12.12/x64/lib/python3.12/site-packages/galaxy/tool_util/verify/interactor.py", line 619, in _get_path_or_location
    path = self.test_data_download(
           ^^^^^^^^^^^^^^^^^^^^^^^^
  File "/opt/hostedtoolcache/Python/3.12.12/x64/lib/python3.12/site-packages/galaxy/tool_util/verify/interactor.py", line 525, in test_data_download
    raise AssertionError(f"Test input file ({filename}) cannot be found.")
AssertionError: Test input file (misc_rna_original_sanger.fastqsanger) cannot be found.
"><![CDATA[
                { "execution_problem": "Input staging problem: Traceback (most recent call last):\n  File \"/opt/hostedtoolcache/Python/3.12.12/x64/lib/python3.12/site-packages/galaxy/tool_util/verify/interactor.py\", line 1436, in verify_tool\n    stage_data_in_history(\n  File \"/opt/hostedtoolcache/Python/3.12.12/x64/lib/python3.12/site-packages/galaxy/tool_util/verify/interactor.py\", line 163, in stage_data_in_history\n    test_dict = galaxy_interactor.remote_to_input(\n                ^^^^^^^^^^^^^^^^^^^^^^^^^^^^^^^^^^\n  File \"/opt/hostedtoolcache/Python/3.12.12/x64/lib/python3.12/site-packages/galaxy/tool_util/verify/interactor.py\", line 582, in remote_to_input\n    path_or_location = self._get_path_or_location(\n                       ^^^^^^^^^^^^^^^^^^^^^^^^^^^\n  File \"/opt/hostedtoolcache/Python/3.12.12/x64/lib/python3.12/site-packages/galaxy/tool_util/verify/interactor.py\", line 619, in _get_path_or_location\n    path = self.test_data_download(\n           ^^^^^^^^^^^^^^^^^^^^^^^^\n  File \"/opt/hostedtoolcache/Python/3.12.12/x64/lib/python3.12/site-packages/galaxy/tool_util/verify/interactor.py\", line 525, in test_data_download\n    raise AssertionError(f\"Test input file ({filename}) cannot be found.\")\nAssertionError: Test input file (misc_rna_original_sanger.fastqsanger) cannot be found.\n", "status": "error", "test_index": 8, "time_seconds": 0.05186653137207031, "tool_id": "fastq_manipulation", "tool_version": "1.1.5+galaxy2"}
            ]]></error>
        
    </testcase>
    
    <testcase classname="fastq_manipulation (Test #10)" name="9" time="0.05239677429199219">
        
            <error type="error" message="Input staging problem: Traceback (most recent call last):
  File "/opt/hostedtoolcache/Python/3.12.12/x64/lib/python3.12/site-packages/galaxy/tool_util/verify/interactor.py", line 1436, in verify_tool
    stage_data_in_history(
  File "/opt/hostedtoolcache/Python/3.12.12/x64/lib/python3.12/site-packages/galaxy/tool_util/verify/interactor.py", line 163, in stage_data_in_history
    test_dict = galaxy_interactor.remote_to_input(
                ^^^^^^^^^^^^^^^^^^^^^^^^^^^^^^^^^^
  File "/opt/hostedtoolcache/Python/3.12.12/x64/lib/python3.12/site-packages/galaxy/tool_util/verify/interactor.py", line 582, in remote_to_input
    path_or_location = self._get_path_or_location(
                       ^^^^^^^^^^^^^^^^^^^^^^^^^^^
  File "/opt/hostedtoolcache/Python/3.12.12/x64/lib/python3.12/site-packages/galaxy/tool_util/verify/interactor.py", line 619, in _get_path_or_location
    path = self.test_data_download(
           ^^^^^^^^^^^^^^^^^^^^^^^^
  File "/opt/hostedtoolcache/Python/3.12.12/x64/lib/python3.12/site-packages/galaxy/tool_util/verify/interactor.py", line 525, in test_data_download
    raise AssertionError(f"Test input file ({filename}) cannot be found.")
AssertionError: Test input file (sanger_full_range_original_sanger.fastqsanger) cannot be found.
"><![CDATA[
                { "execution_problem": "Input staging problem: Traceback (most recent call last):\n  File \"/opt/hostedtoolcache/Python/3.12.12/x64/lib/python3.12/site-packages/galaxy/tool_util/verify/interactor.py\", line 1436, in verify_tool\n    stage_data_in_history(\n  File \"/opt/hostedtoolcache/Python/3.12.12/x64/lib/python3.12/site-packages/galaxy/tool_util/verify/interactor.py\", line 163, in stage_data_in_history\n    test_dict = galaxy_interactor.remote_to_input(\n                ^^^^^^^^^^^^^^^^^^^^^^^^^^^^^^^^^^\n  File \"/opt/hostedtoolcache/Python/3.12.12/x64/lib/python3.12/site-packages/galaxy/tool_util/verify/interactor.py\", line 582, in remote_to_input\n    path_or_location = self._get_path_or_location(\n                       ^^^^^^^^^^^^^^^^^^^^^^^^^^^\n  File \"/opt/hostedtoolcache/Python/3.12.12/x64/lib/python3.12/site-packages/galaxy/tool_util/verify/interactor.py\", line 619, in _get_path_or_location\n    path = self.test_data_download(\n           ^^^^^^^^^^^^^^^^^^^^^^^^\n  File \"/opt/hostedtoolcache/Python/3.12.12/x64/lib/python3.12/site-packages/galaxy/tool_util/verify/interactor.py\", line 525, in test_data_download\n    raise AssertionError(f\"Test input file ({filename}) cannot be found.\")\nAssertionError: Test input file (sanger_full_range_original_sanger.fastqsanger) cannot be found.\n", "status": "error", "test_index": 9, "time_seconds": 0.05239677429199219, "tool_id": "fastq_manipulation", "tool_version": "1.1.5+galaxy2"}
            ]]></error>
        
    </testcase>
    
    <testcase classname="ivar_trim (Test #1)" name="0" time="37.01314067840576">
        
            
                <error type="error" message="Tool exit code: None"><![CDATA[
                    { "inputs": {  "inc_primers": true,  "input_bam": {   "id": "ffadea0b01c2a028",   "src": "hda"  },  "primer|input_bed": {   "id": "dbc95374cd5eadd2",   "src": "hda"  },  "trimmed_length|filter": "custom",  "trimmed_length|min_len": "30" }, "job": {  "command_line": "ln -s \u0027/galaxy/server/database/objects/3/d/c/dataset_3dc6410e-696a-4e80-945e-44ca24ced59c.dat\u0027 bed.bed \u0026\u0026 scheme-convert --to bed --bed-type ivar -o ivar.bed bed.bed \u0026\u0026 ln -s \u0027/galaxy/server/database/objects/4/e/a/dataset_4eafc6b5-eb9d-4bdd-9103-187407c5bb0d.dat\u0027 sorted.bam \u0026\u0026 ln -s \u0027/galaxy/server/database/objects/_metadata_files/b/3/4/metadata_b3474770-4d4f-4ccc-a38e-aaf78a02d903.dat\u0027 sorted.bam.bai \u0026\u0026  ivar trim -i sorted.bam -b ivar.bed -x 0 -e -m 30 -q 20 -s 4 | samtools sort -@ ${GALAXY_SLOTS:-1} -T \"${TMPDIR:-.}\" -o trimmed.sorted.bam -",  "command_version": null,  "copied_from_job_id": null,  "create_time": "2025-11-25T01:04:16.771832",  "dependencies": [],  "exit_code": null,  "external_id": "gxy-wf8mq",  "galaxy_version": "24.1",  "handler": null,  "history_id": "9048b30a135fbd30",  "id": "ffadea0b01c2a028",  "inputs": {   "input_bam": {    "id": "ffadea0b01c2a028",    "src": "hda",    "uuid": "4eafc6b5-eb9d-4bdd-9103-187407c5bb0d"   },   "primer|input_bed": {    "id": "dbc95374cd5eadd2",    "src": "hda",    "uuid": "3dc6410e-696a-4e80-945e-44ca24ced59c"   }  },  "job_messages": null,  "job_metrics": [],  "job_runner_name": null,  "job_stderr": null,  "job_stdout": null,  "model_class": "Job",  "output_collections": {},  "outputs": {   "output_bam": {    "id": "8943fac14142729f",    "src": "hda",    "uuid": "183895e7-ec67-47c4-b4be-58e15dd34126"   }  },  "params": {   "__input_ext": "\"input\"",   "amplicons": "{\"__current_case__\": 2, \"filter_by\": \"\"}",   "chromInfo": "\"/cvmfs/data.galaxyproject.org/managed/len/ucsc/?.len\"",   "dbkey": "\"?\"",   "inc_primers": "true",   "min_qual": "\"20\"",   "primer": "{\"__current_case__\": 0, \"input_bed\": {\"values\": [{\"id\": 27, \"src\": \"hda\"}]}, \"source\": \"history\"}",   "primer_pos_wiggle": "\"0\"",   "trimmed_length": "{\"__current_case__\": 2, \"filter\": \"custom\", \"min_len\": \"30\"}",   "window_width": "\"4\""  },  "state": "error",  "stderr": "Found 196 primers in BED file\nReading from sorted.bam\n\n-------\nResults: \nPrimer Name\tRead Count\nnCoV-2019_1_LEFT\t25\nnCoV-2019_2_LEFT\t10\nnCoV-2019_1_RIGHT\t9\nnCoV-2019_3_LEFT\t22\nnCoV-2019_2_RIGHT\t17\nnCoV-2019_4_LEFT\t20\nnCoV-2019_3_RIGHT\t29\nnCoV-2019_5_LEFT\t4\nnCoV-2019_4_RIGHT\t5\nnCoV-2019_6_LEFT\t17\nnCoV-2019_5_RIGHT\t16\nnCoV-2019_7_LEFT\t21\nnCoV-2019_6_RIGHT\t10\nnCoV-2019_8_LEFT\t5\nnCoV-2019_7_RIGHT\t14\nnCoV-2019_9_LEFT\t18\nnCoV-2019_8_RIGHT\t10\nnCoV-2019_10_LEFT\t20\nnCoV-2019_9_RIGHT\t11\nnCoV-2019_11_LEFT\t15\nnCoV-2019_10_RIGHT\t11\nnCoV-2019_12_LEFT\t48\nnCoV-2019_11_RIGHT\t31\nnCoV-2019_13_LEFT\t31\nnCoV-2019_12_RIGHT\t11\nnCoV-2019_14_LEFT\t53\nnCoV-2019_13_RIGHT\t64\nnCoV-2019_15_LEFT\t64\nnCoV-2019_14_RIGHT\t89\nnCoV-2019_16_LEFT\t168\nnCoV-2019_15_RIGHT\t57\nnCoV-2019_17_LEFT\t100\nnCoV-2019_16_RIGHT\t112\nnCoV-2019_18_LEFT\t19\nnCoV-2019_17_RIGHT\t23\nnCoV-2019_19_LEFT\t72\nnCoV-2019_18_RIGHT\t42\nnCoV-2019_20_LEFT\t31\nnCoV-2019_19_RIGHT\t43\nnCoV-2019_21_LEFT\t126\nnCoV-2019_20_RIGHT\t63\nnCoV-2019_22_LEFT\t55\nnCoV-2019_21_RIGHT\t23\nnCoV-2019_23_LEFT\t46\nnCoV-2019_22_RIGHT\t58\nnCoV-2019_24_LEFT\t22\nnCoV-2019_23_RIGHT\t2\nnCoV-2019_25_LEFT\t7\nnCoV-2019_24_RIGHT\t6\nnCoV-2019_26_LEFT\t13\nnCoV-2019_25_RIGHT\t11\nnCoV-2019_27_LEFT\t70\nnCoV-2019_26_RIGHT\t14\nnCoV-2019_28_LEFT\t15\nnCoV-2019_27_RIGHT\t31\nnCoV-2019_29_LEFT\t4\nnCoV-2019_28_RIGHT\t6\nnCoV-2019_30_LEFT\t10\nnCoV-2019_29_RIGHT\t70\nnCoV-2019_31_LEFT\t33\nnCoV-2019_30_RIGHT\t26\nnCoV-2019_32_LEFT\t119\nnCoV-2019_31_RIGHT\t75\nnCoV-2019_33_LEFT\t23\nnCoV-2019_32_RIGHT\t52\nnCoV-2019_34_LEFT\t51\nnCoV-2019_33_RIGHT\t43\nnCoV-2019_35_LEFT\t44\nnCoV-2019_34_RIGHT\t40\nnCoV-2019_36_LEFT\t113\nnCoV-2019_35_RIGHT\t86\nnCoV-2019_37_LEFT\t74\nnCoV-2019_36_RIGHT\t131\nnCoV-2019_38_LEFT\t185\nnCoV-2019_37_RIGHT\t163\nnCoV-2019_39_LEFT\t97\nnCoV-2019_38_RIGHT\t113\nnCoV-2019_40_LEFT\t67\nnCoV-2019_39_RIGHT\t39\nnCoV-2019_41_LEFT\t31\nnCoV-2019_40_RIGHT\t17\nnCoV-2019_42_LEFT\t39\nnCoV-2019_41_RIGHT\t5\nnCoV-2019_43_LEFT\t47\nnCoV-2019_42_RIGHT\t89\nnCoV-2019_44_LEFT\t51\nnCoV-2019_43_RIGHT\t23\nnCoV-2019_45_LEFT\t43\nnCoV-2019_44_RIGHT\t70\nnCoV-2019_46_LEFT\t11\nnCoV-2019_45_RIGHT\t16\nnCoV-2019_47_LEFT\t27\nnCoV-2019_46_RIGHT\t35\nnCoV-2019_48_LEFT\t74\nnCoV-2019_47_RIGHT\t25\nnCoV-2019_49_LEFT\t40\nnCoV-2019_48_RIGHT\t41\nnCoV-2019_50_LEFT\t26\nnCoV-2019_49_RIGHT\t54\nnCoV-2019_51_LEFT\t81\nnCoV-2019_50_RIGHT\t19\nnCoV-2019_52_LEFT\t33\nnCoV-2019_51_RIGHT\t47\nnCoV-2019_53_LEFT\t75\nnCoV-2019_52_RIGHT\t28\nnCoV-2019_54_LEFT\t44\nnCoV-2019_53_RIGHT\t35\nnCoV-2019_55_LEFT\t66\nnCoV-2019_54_RIGHT\t13\nnCoV-2019_56_LEFT\t35\nnCoV-2019_55_RIGHT\t96\nnCoV-2019_57_LEFT\t112\nnCoV-2019_56_RIGHT\t69\nnCoV-2019_58_LEFT\t15\nnCoV-2019_57_RIGHT\t78\nnCoV-2019_59_LEFT\t35\nnCoV-2019_58_RIGHT\t6\nnCoV-2019_60_LEFT\t22\nnCoV-2019_59_RIGHT\t23\nnCoV-2019_61_LEFT\t33\nnCoV-2019_60_RIGHT\t19\nnCoV-2019_62_LEFT\t16\nnCoV-2019_61_RIGHT\t33\nnCoV-2019_63_LEFT\t47\nnCoV-2019_62_RIGHT\t17\nnCoV-2019_64_LEFT\t6\nnCoV-2019_63_RIGHT\t31\nnCoV-2019_65_LEFT\t6\nnCoV-2019_64_RIGHT\t8\nnCoV-2019_66_LEFT\t29\nnCoV-2019_65_RIGHT\t59\nnCoV-2019_67_LEFT\t6\nnCoV-2019_66_RIGHT\t2\nnCoV-2019_68_LEFT\t8\nnCoV-2019_67_RIGHT\t0\nnCoV-2019_69_LEFT\t17\nnCoV-2019_68_RIGHT\t9\nnCoV-2019_70_LEFT\t0\nnCoV-2019_69_RIGHT\t5\nnCoV-2019_71_LEFT\t1\nnCoV-2019_70_RIGHT\t1\nnCoV-2019_72_LEFT\t7\nnCoV-2019_71_RIGHT\t5\nnCoV-2019_73_LEFT\t0\nnCoV-2019_72_RIGHT\t4\nnCoV-2019_74_LEFT\t0\nnCoV-2019_73_RIGHT\t4\nnCoV-2019_75_LEFT\t2\nnCoV-2019_74_RIGHT\t0\nnCoV-2019_76_LEFT\t2\nnCoV-2019_75_RIGHT\t1\nnCoV-2019_77_LEFT\t27\nnCoV-2019_76_RIGHT\t13\nnCoV-2019_78_LEFT\t63\nnCoV-2019_77_RIGHT\t87\nnCoV-2019_79_LEFT\t5\nnCoV-2019_78_RIGHT\t23\nnCoV-2019_80_LEFT\t92\nnCoV-2019_79_RIGHT\t17\nnCoV-2019_81_LEFT\t28\nnCoV-2019_80_RIGHT\t33\nnCoV-2019_82_LEFT\t150\nnCoV-2019_81_RIGHT\t79\nnCoV-2019_83_LEFT\t22\nnCoV-2019_82_RIGHT\t50\nnCoV-2019_84_LEFT\t32\nnCoV-2019_83_RIGHT\t41\nnCoV-2019_85_LEFT\t77\nnCoV-2019_84_RIGHT\t50\nnCoV-2019_86_LEFT\t54\nnCoV-2019_85_RIGHT\t37\nnCoV-2019_87_LEFT\t48\nnCoV-2019_86_RIGHT\t30\nnCoV-2019_88_LEFT\t58\nnCoV-2019_87_RIGHT\t3\nnCoV-2019_89_LEFT\t37\nnCoV-2019_88_RIGHT\t91\nnCoV-2019_90_LEFT\t28\nnCoV-2019_89_RIGHT\t30\nnCoV-2019_91_LEFT\t27\nnCoV-2019_90_RIGHT\t21\nnCoV-2019_92_LEFT\t9\nnCoV-2019_91_RIGHT\t2\nnCoV-2019_93_LEFT\t38\nnCoV-2019_92_RIGHT\t14\nnCoV-2019_94_LEFT\t116\nnCoV-2019_93_RIGHT\t23\nnCoV-2019_95_LEFT\t39\nnCoV-2019_94_RIGHT\t55\nnCoV-2019_96_LEFT\t24\nnCoV-2019_95_RIGHT\t8\nnCoV-2019_97_LEFT\t0\nnCoV-2019_96_RIGHT\t17\nnCoV-2019_98_LEFT\t2\nnCoV-2019_97_RIGHT\t1\nnCoV-2019_98_RIGHT\t2\n\nTrimmed primers from 13.29% (6871) of reads.\n3.5% (1811) of reads were quality trimmed below the minimum length of 30 bp and were not written to file.\n84.15% (43493) of reads started outside of primer regions. Since the -e flag was given, these reads were written to file.\n58.16% (30061) of reads had their insert size smaller than their read length\n[bam_sort_core] merging from 0 files and 8 in-memory blocks...\n",  "stdout": "",  "tool_id": "toolshed.g2.bx.psu.edu/repos/iuc/ivar_trim/ivar_trim/1.4.4+galaxy1",  "tool_stderr": "Found 196 primers in BED file\nReading from sorted.bam\n\n-------\nResults: \nPrimer Name\tRead Count\nnCoV-2019_1_LEFT\t25\nnCoV-2019_2_LEFT\t10\nnCoV-2019_1_RIGHT\t9\nnCoV-2019_3_LEFT\t22\nnCoV-2019_2_RIGHT\t17\nnCoV-2019_4_LEFT\t20\nnCoV-2019_3_RIGHT\t29\nnCoV-2019_5_LEFT\t4\nnCoV-2019_4_RIGHT\t5\nnCoV-2019_6_LEFT\t17\nnCoV-2019_5_RIGHT\t16\nnCoV-2019_7_LEFT\t21\nnCoV-2019_6_RIGHT\t10\nnCoV-2019_8_LEFT\t5\nnCoV-2019_7_RIGHT\t14\nnCoV-2019_9_LEFT\t18\nnCoV-2019_8_RIGHT\t10\nnCoV-2019_10_LEFT\t20\nnCoV-2019_9_RIGHT\t11\nnCoV-2019_11_LEFT\t15\nnCoV-2019_10_RIGHT\t11\nnCoV-2019_12_LEFT\t48\nnCoV-2019_11_RIGHT\t31\nnCoV-2019_13_LEFT\t31\nnCoV-2019_12_RIGHT\t11\nnCoV-2019_14_LEFT\t53\nnCoV-2019_13_RIGHT\t64\nnCoV-2019_15_LEFT\t64\nnCoV-2019_14_RIGHT\t89\nnCoV-2019_16_LEFT\t168\nnCoV-2019_15_RIGHT\t57\nnCoV-2019_17_LEFT\t100\nnCoV-2019_16_RIGHT\t112\nnCoV-2019_18_LEFT\t19\nnCoV-2019_17_RIGHT\t23\nnCoV-2019_19_LEFT\t72\nnCoV-2019_18_RIGHT\t42\nnCoV-2019_20_LEFT\t31\nnCoV-2019_19_RIGHT\t43\nnCoV-2019_21_LEFT\t126\nnCoV-2019_20_RIGHT\t63\nnCoV-2019_22_LEFT\t55\nnCoV-2019_21_RIGHT\t23\nnCoV-2019_23_LEFT\t46\nnCoV-2019_22_RIGHT\t58\nnCoV-2019_24_LEFT\t22\nnCoV-2019_23_RIGHT\t2\nnCoV-2019_25_LEFT\t7\nnCoV-2019_24_RIGHT\t6\nnCoV-2019_26_LEFT\t13\nnCoV-2019_25_RIGHT\t11\nnCoV-2019_27_LEFT\t70\nnCoV-2019_26_RIGHT\t14\nnCoV-2019_28_LEFT\t15\nnCoV-2019_27_RIGHT\t31\nnCoV-2019_29_LEFT\t4\nnCoV-2019_28_RIGHT\t6\nnCoV-2019_30_LEFT\t10\nnCoV-2019_29_RIGHT\t70\nnCoV-2019_31_LEFT\t33\nnCoV-2019_30_RIGHT\t26\nnCoV-2019_32_LEFT\t119\nnCoV-2019_31_RIGHT\t75\nnCoV-2019_33_LEFT\t23\nnCoV-2019_32_RIGHT\t52\nnCoV-2019_34_LEFT\t51\nnCoV-2019_33_RIGHT\t43\nnCoV-2019_35_LEFT\t44\nnCoV-2019_34_RIGHT\t40\nnCoV-2019_36_LEFT\t113\nnCoV-2019_35_RIGHT\t86\nnCoV-2019_37_LEFT\t74\nnCoV-2019_36_RIGHT\t131\nnCoV-2019_38_LEFT\t185\nnCoV-2019_37_RIGHT\t163\nnCoV-2019_39_LEFT\t97\nnCoV-2019_38_RIGHT\t113\nnCoV-2019_40_LEFT\t67\nnCoV-2019_39_RIGHT\t39\nnCoV-2019_41_LEFT\t31\nnCoV-2019_40_RIGHT\t17\nnCoV-2019_42_LEFT\t39\nnCoV-2019_41_RIGHT\t5\nnCoV-2019_43_LEFT\t47\nnCoV-2019_42_RIGHT\t89\nnCoV-2019_44_LEFT\t51\nnCoV-2019_43_RIGHT\t23\nnCoV-2019_45_LEFT\t43\nnCoV-2019_44_RIGHT\t70\nnCoV-2019_46_LEFT\t11\nnCoV-2019_45_RIGHT\t16\nnCoV-2019_47_LEFT\t27\nnCoV-2019_46_RIGHT\t35\nnCoV-2019_48_LEFT\t74\nnCoV-2019_47_RIGHT\t25\nnCoV-2019_49_LEFT\t40\nnCoV-2019_48_RIGHT\t41\nnCoV-2019_50_LEFT\t26\nnCoV-2019_49_RIGHT\t54\nnCoV-2019_51_LEFT\t81\nnCoV-2019_50_RIGHT\t19\nnCoV-2019_52_LEFT\t33\nnCoV-2019_51_RIGHT\t47\nnCoV-2019_53_LEFT\t75\nnCoV-2019_52_RIGHT\t28\nnCoV-2019_54_LEFT\t44\nnCoV-2019_53_RIGHT\t35\nnCoV-2019_55_LEFT\t66\nnCoV-2019_54_RIGHT\t13\nnCoV-2019_56_LEFT\t35\nnCoV-2019_55_RIGHT\t96\nnCoV-2019_57_LEFT\t112\nnCoV-2019_56_RIGHT\t69\nnCoV-2019_58_LEFT\t15\nnCoV-2019_57_RIGHT\t78\nnCoV-2019_59_LEFT\t35\nnCoV-2019_58_RIGHT\t6\nnCoV-2019_60_LEFT\t22\nnCoV-2019_59_RIGHT\t23\nnCoV-2019_61_LEFT\t33\nnCoV-2019_60_RIGHT\t19\nnCoV-2019_62_LEFT\t16\nnCoV-2019_61_RIGHT\t33\nnCoV-2019_63_LEFT\t47\nnCoV-2019_62_RIGHT\t17\nnCoV-2019_64_LEFT\t6\nnCoV-2019_63_RIGHT\t31\nnCoV-2019_65_LEFT\t6\nnCoV-2019_64_RIGHT\t8\nnCoV-2019_66_LEFT\t29\nnCoV-2019_65_RIGHT\t59\nnCoV-2019_67_LEFT\t6\nnCoV-2019_66_RIGHT\t2\nnCoV-2019_68_LEFT\t8\nnCoV-2019_67_RIGHT\t0\nnCoV-2019_69_LEFT\t17\nnCoV-2019_68_RIGHT\t9\nnCoV-2019_70_LEFT\t0\nnCoV-2019_69_RIGHT\t5\nnCoV-2019_71_LEFT\t1\nnCoV-2019_70_RIGHT\t1\nnCoV-2019_72_LEFT\t7\nnCoV-2019_71_RIGHT\t5\nnCoV-2019_73_LEFT\t0\nnCoV-2019_72_RIGHT\t4\nnCoV-2019_74_LEFT\t0\nnCoV-2019_73_RIGHT\t4\nnCoV-2019_75_LEFT\t2\nnCoV-2019_74_RIGHT\t0\nnCoV-2019_76_LEFT\t2\nnCoV-2019_75_RIGHT\t1\nnCoV-2019_77_LEFT\t27\nnCoV-2019_76_RIGHT\t13\nnCoV-2019_78_LEFT\t63\nnCoV-2019_77_RIGHT\t87\nnCoV-2019_79_LEFT\t5\nnCoV-2019_78_RIGHT\t23\nnCoV-2019_80_LEFT\t92\nnCoV-2019_79_RIGHT\t17\nnCoV-2019_81_LEFT\t28\nnCoV-2019_80_RIGHT\t33\nnCoV-2019_82_LEFT\t150\nnCoV-2019_81_RIGHT\t79\nnCoV-2019_83_LEFT\t22\nnCoV-2019_82_RIGHT\t50\nnCoV-2019_84_LEFT\t32\nnCoV-2019_83_RIGHT\t41\nnCoV-2019_85_LEFT\t77\nnCoV-2019_84_RIGHT\t50\nnCoV-2019_86_LEFT\t54\nnCoV-2019_85_RIGHT\t37\nnCoV-2019_87_LEFT\t48\nnCoV-2019_86_RIGHT\t30\nnCoV-2019_88_LEFT\t58\nnCoV-2019_87_RIGHT\t3\nnCoV-2019_89_LEFT\t37\nnCoV-2019_88_RIGHT\t91\nnCoV-2019_90_LEFT\t28\nnCoV-2019_89_RIGHT\t30\nnCoV-2019_91_LEFT\t27\nnCoV-2019_90_RIGHT\t21\nnCoV-2019_92_LEFT\t9\nnCoV-2019_91_RIGHT\t2\nnCoV-2019_93_LEFT\t38\nnCoV-2019_92_RIGHT\t14\nnCoV-2019_94_LEFT\t116\nnCoV-2019_93_RIGHT\t23\nnCoV-2019_95_LEFT\t39\nnCoV-2019_94_RIGHT\t55\nnCoV-2019_96_LEFT\t24\nnCoV-2019_95_RIGHT\t8\nnCoV-2019_97_LEFT\t0\nnCoV-2019_96_RIGHT\t17\nnCoV-2019_98_LEFT\t2\nnCoV-2019_97_RIGHT\t1\nnCoV-2019_98_RIGHT\t2\n\nTrimmed primers from 13.29% (6871) of reads.\n3.5% (1811) of reads were quality trimmed below the minimum length of 30 bp and were not written to file.\n84.15% (43493) of reads started outside of primer regions. Since the -e flag was given, these reads were written to file.\n58.16% (30061) of reads had their insert size smaller than their read length\n[bam_sort_core] merging from 0 files and 8 in-memory blocks...\n",  "tool_stdout": "",  "update_time": "2025-11-25T01:04:32.352981",  "user_email": "tests@fake.org" }, "output_problems": [  "Job in error state.. tool_id: toolshed.g2.bx.psu.edu/repos/iuc/ivar_trim/ivar_trim/1.4.4+galaxy1, exit_code: None, stderr: Found 196 primers in BED file\nReading from sorted.bam\n\n-------\nResults: \nPrimer Name\tRead Count\nnCoV-2019_1_LEFT\t25\nnCoV-2019_2_LEFT\t10\nnCoV-2019_1_RIGHT\t9\nnCoV-2019_3_LEFT\t22\nnCoV-2019_2_RIGHT\t17\nnCoV-2019_4_LEFT\t20\nnCoV-2019_3_RIGHT\t29\nnCoV-2019_5_LEFT\t4\nnCoV-2019_4_RIGHT\t5\nnCoV-2019_6_LEFT\t17\nnCoV-2019_5_RIGHT\t16\nnCoV-2019_7_LEFT\t21\nnCoV-2019_6_RIGHT\t10\nnCoV-2019_8_LEFT\t5\nnCoV-2019_7_RIGHT\t14\nnCoV-2019_9_LEFT\t18\nnCoV-2019_8_RIGHT\t10\nnCoV-2019_10_LEFT\t20\nnCoV-2019_9_RIGHT\t11\nnCoV-2019_11_LEFT\t15\nnCoV-2019_10_RIGHT\t11\nnCoV-2019_12_LEFT\t48\nnCoV-2019_11_RIGHT\t31\nnCoV-2019_13_LEFT\t31\nnCoV-2019_12_RIGHT\t11\nnCoV-2019_14_LEFT\t53\nnCoV-2019_13_RIGHT\t64\nnCoV-2019_15_LEFT\t64\nnCoV-2019_14_RIGHT\t89\nnCoV-2019_16_LEFT\t168\nnCoV-2019_15_RIGHT\t57\nnCoV-2019_17_LEFT\t100\nnCoV-2019_16_RIGHT\t112\nnCoV-2019_18_LEFT\t19\nnCoV-2019_17_RIGHT\t23\nnCoV-2019_19_LEFT\t72\nnCoV-2019_18_RIGHT\t42\nnCoV-2019_20_LEFT\t31\nnCoV-2019_19_RIGHT\t43\nnCoV-2019_21_LEFT\t126\nnCoV-2019_20_RIGHT\t63\nnCoV-2019_22_LEFT\t55\nnCoV-2019_21_RIGHT\t23\nnCoV-2019_23_LEFT\t46\nnCoV-2019_22_RIGHT\t58\nnCoV-2019_24_LEFT\t22\nnCoV-2019_23_RIGHT\t2\nnCoV-2019_25_LEFT\t7\nnCoV-2019_24_RIGHT\t6\nnCoV-2019_26_LEFT\t13\nnCoV-2019_25_RIGHT\t11\nnCoV-2019_27_LEFT\t70\nnCoV-2019_26_RIGHT\t14\nnCoV-2019_28_LEFT\t15\nnCoV-2019_27_RIGHT\t31\nnCoV-2019_29_LEFT\t4\nnCoV-2019_28_RIGHT\t6\nnCoV-2019_30_LEFT\t10\nnCoV-2019_29_RIGHT\t70\nnCoV-2019_31_LEFT\t33\nnCoV-2019_30_RIGHT\t26\nnCoV-2019_32_LEFT\t119\nnCoV-2019_31_RIGHT\t75\nnCoV-2019_33_LEFT\t23\nnCoV-2019_32_RIGHT\t52\nnCoV-2019_34_LEFT\t51\nnCoV-2019_33_RIGHT\t43\nnCoV-2019_35_LEFT\t44\nnCoV-2019_34_RIGHT\t40\nnCoV-2019_36_LEFT\t113\nnCoV-2019_35_RIGHT\t86\nnCoV-2019_37_LEFT\t74\nnCoV-2019_36_RIGHT\t131\nnCoV-2019_38_LEFT\t185\nnCoV-2019_37_RIGHT\t163\nnCoV-2019_39_LEFT\t97\nnCoV-2019_38_RIGHT\t113\nnCoV-2019_40_LEFT\t67\nnCoV-2019_39_RIGHT\t39\nnCoV-2019_41_LEFT\t31\nnCoV-2019_40_RIGHT\t17\nnCoV-2019_42_LEFT\t39\nnCoV-2019_41_RIGHT\t5\nnCoV-2019_43_LEFT\t47\nnCoV-2019_42_RIGHT\t89\nnCoV-2019_44_LEFT\t51\nnCoV-2019_43_RIGHT\t23\nnCoV-2019_45_LEFT\t43\nnCoV-2019_44_RIGHT\t70\nnCoV-2019_46_LEFT\t11\nnCoV-2019_45_RIGHT\t16\nnCoV-2019_47_LEFT\t27\nnCoV-2019_46_RIGHT\t35\nnCoV-2019_48_LEFT\t74\nnCoV-2019_47_RIGHT\t25\nnCoV-2019_49_LEFT\t40\nnCoV-2019_48_RIGHT\t41\nnCoV-2019_50_LEFT\t26\nnCoV-2019_49_RIGHT\t54\nnCoV-2019_51_LEFT\t81\nnCoV-2019_50_RIGHT\t19\nnCoV-2019_52_LEFT\t33\nnCoV-2019_51_RIGHT\t47\nnCoV-2019_53_LEFT\t75\nnCoV-2019_52_RIGHT\t28\nnCoV-2019_54_LEFT\t44\nnCoV-2019_53_RIGHT\t35\nnCoV-2019_55_LEFT\t66\nnCoV-2019_54_RIGHT\t13\nnCoV-2019_56_LEFT\t35\nnCoV-2019_55_RIGHT\t96\nnCoV-2019_57_LEFT\t112\nnCoV-2019_56_RIGHT\t69\nnCoV-2019_58_LEFT\t15\nnCoV-2019_57_RIGHT\t78\nnCoV-2019_59_LEFT\t35\nnCoV-2019_58_RIGHT\t6\nnCoV-2019_60_LEFT\t22\nnCoV-2019_59_RIGHT\t23\nnCoV-2019_61_LEFT\t33\nnCoV-2019_60_RIGHT\t19\nnCoV-2019_62_LEFT\t16\nnCoV-2019_61_RIGHT\t33\nnCoV-2019_63_LEFT\t47\nnCoV-2019_62_RIGHT\t17\nnCoV-2019_64_LEFT\t6\nnCoV-2019_63_RIGHT\t31\nnCoV-2019_65_LEFT\t6\nnCoV-2019_64_RIGHT\t8\nnCoV-2019_66_LEFT\t29\nnCoV-2019_65_RIGHT\t59\nnCoV-2019_67_LEFT\t6\nnCoV-2019_66_RIGHT\t2\nnCoV-2019_68_LEFT\t8\nnCoV-2019_67_RIGHT\t0\nnCoV-2019_69_LEFT\t17\nnCoV-2019_68_RIGHT\t9\nnCoV-2019_70_LEFT\t0\nnCoV-2019_69_RIGHT\t5\nnCoV-2019_71_LEFT\t1\nnCoV-2019_70_RIGHT\t1\nnCoV-2019_72_LEFT\t7\nnCoV-2019_71_RIGHT\t5\nnCoV-2019_73_LEFT\t0\nnCoV-2019_72_RIGHT\t4\nnCoV-2019_74_LEFT\t0\nnCoV-2019_73_RIGHT\t4\nnCoV-2019_75_LEFT\t2\nnCoV-2019_74_RIGHT\t0\nnCoV-2019_76_LEFT\t2\nnCoV-2019_75_RIGHT\t1\nnCoV-2019_77_LEFT\t27\nnCoV-2019_76_RIGHT\t13\nnCoV-2019_78_LEFT\t63\nnCoV-2019_77_RIGHT\t87\nnCoV-2019_79_LEFT\t5\nnCoV-2019_78_RIGHT\t23\nnCoV-2019_80_LEFT\t92\nnCoV-2019_79_RIGHT\t17\nnCoV-2019_81_LEFT\t28\nnCoV-2019_80_RIGHT\t33\nnCoV-2019_82_LEFT\t150\nnCoV-2019_81_RIGHT\t79\nnCoV-2019_83_LEFT\t22\nnCoV-2019_82_RIGHT\t50\nnCoV-2019_84_LEFT\t32\nnCoV-2019_83_RIGHT\t41\nnCoV-2019_85_LEFT\t77\nnCoV-2019_84_RIGHT\t50\nnCoV-2019_86_LEFT\t54\nnCoV-2019_85_RIGHT\t37\nnCoV-2019_87_LEFT\t48\nnCoV-2019_86_RIGHT\t30\nnCoV-2019_88_LEFT\t58\nnCoV-2019_87_RIGHT\t3\nnCoV-2019_89_LEFT\t37\nnCoV-2019_88_RIGHT\t91\nnCoV-2019_90_LEFT\t28\nnCoV-2019_89_RIGHT\t30\nnCoV-2019_91_LEFT\t27\nnCoV-2019_90_RIGHT\t21\nnCoV-2019_92_LEFT\t9\nnCoV-2019_91_RIGHT\t2\nnCoV-2019_93_LEFT\t38\nnCoV-2019_92_RIGHT\t14\nnCoV-2019_94_LEFT\t116\nnCoV-2019_93_RIGHT\t23\nnCoV-2019_95_LEFT\t39\nnCoV-2019_94_RIGHT\t55\nnCoV-2019_96_LEFT\t24\nnCoV-2019_95_RIGHT\t8\nnCoV-2019_97_LEFT\t0\nnCoV-2019_96_RIGHT\t17\nnCoV-2019_98_LEFT\t2\nnCoV-2019_97_RIGHT\t1\nnCoV-2019_98_RIGHT\t2\n\nTrimmed primers from 13.29% (6871) of reads.\n3.5% (1811) of reads were quality trimmed below the minimum length of 30 bp and were not written to file.\n84.15% (43493) of reads started outside of primer regions. Since the -e flag was given, these reads were written to file.\n58.16% (30061) of reads had their insert size smaller than their read length\n[bam_sort_core] merging from 0 files and 8 in-memory blocks...\n.",  "Job in error state.. tool_id: toolshed.g2.bx.psu.edu/repos/iuc/ivar_trim/ivar_trim/1.4.4+galaxy1, exit_code: None, stderr: Found 196 primers in BED file\nReading from sorted.bam\n\n-------\nResults: \nPrimer Name\tRead Count\nnCoV-2019_1_LEFT\t25\nnCoV-2019_2_LEFT\t10\nnCoV-2019_1_RIGHT\t9\nnCoV-2019_3_LEFT\t22\nnCoV-2019_2_RIGHT\t17\nnCoV-2019_4_LEFT\t20\nnCoV-2019_3_RIGHT\t29\nnCoV-2019_5_LEFT\t4\nnCoV-2019_4_RIGHT\t5\nnCoV-2019_6_LEFT\t17\nnCoV-2019_5_RIGHT\t16\nnCoV-2019_7_LEFT\t21\nnCoV-2019_6_RIGHT\t10\nnCoV-2019_8_LEFT\t5\nnCoV-2019_7_RIGHT\t14\nnCoV-2019_9_LEFT\t18\nnCoV-2019_8_RIGHT\t10\nnCoV-2019_10_LEFT\t20\nnCoV-2019_9_RIGHT\t11\nnCoV-2019_11_LEFT\t15\nnCoV-2019_10_RIGHT\t11\nnCoV-2019_12_LEFT\t48\nnCoV-2019_11_RIGHT\t31\nnCoV-2019_13_LEFT\t31\nnCoV-2019_12_RIGHT\t11\nnCoV-2019_14_LEFT\t53\nnCoV-2019_13_RIGHT\t64\nnCoV-2019_15_LEFT\t64\nnCoV-2019_14_RIGHT\t89\nnCoV-2019_16_LEFT\t168\nnCoV-2019_15_RIGHT\t57\nnCoV-2019_17_LEFT\t100\nnCoV-2019_16_RIGHT\t112\nnCoV-2019_18_LEFT\t19\nnCoV-2019_17_RIGHT\t23\nnCoV-2019_19_LEFT\t72\nnCoV-2019_18_RIGHT\t42\nnCoV-2019_20_LEFT\t31\nnCoV-2019_19_RIGHT\t43\nnCoV-2019_21_LEFT\t126\nnCoV-2019_20_RIGHT\t63\nnCoV-2019_22_LEFT\t55\nnCoV-2019_21_RIGHT\t23\nnCoV-2019_23_LEFT\t46\nnCoV-2019_22_RIGHT\t58\nnCoV-2019_24_LEFT\t22\nnCoV-2019_23_RIGHT\t2\nnCoV-2019_25_LEFT\t7\nnCoV-2019_24_RIGHT\t6\nnCoV-2019_26_LEFT\t13\nnCoV-2019_25_RIGHT\t11\nnCoV-2019_27_LEFT\t70\nnCoV-2019_26_RIGHT\t14\nnCoV-2019_28_LEFT\t15\nnCoV-2019_27_RIGHT\t31\nnCoV-2019_29_LEFT\t4\nnCoV-2019_28_RIGHT\t6\nnCoV-2019_30_LEFT\t10\nnCoV-2019_29_RIGHT\t70\nnCoV-2019_31_LEFT\t33\nnCoV-2019_30_RIGHT\t26\nnCoV-2019_32_LEFT\t119\nnCoV-2019_31_RIGHT\t75\nnCoV-2019_33_LEFT\t23\nnCoV-2019_32_RIGHT\t52\nnCoV-2019_34_LEFT\t51\nnCoV-2019_33_RIGHT\t43\nnCoV-2019_35_LEFT\t44\nnCoV-2019_34_RIGHT\t40\nnCoV-2019_36_LEFT\t113\nnCoV-2019_35_RIGHT\t86\nnCoV-2019_37_LEFT\t74\nnCoV-2019_36_RIGHT\t131\nnCoV-2019_38_LEFT\t185\nnCoV-2019_37_RIGHT\t163\nnCoV-2019_39_LEFT\t97\nnCoV-2019_38_RIGHT\t113\nnCoV-2019_40_LEFT\t67\nnCoV-2019_39_RIGHT\t39\nnCoV-2019_41_LEFT\t31\nnCoV-2019_40_RIGHT\t17\nnCoV-2019_42_LEFT\t39\nnCoV-2019_41_RIGHT\t5\nnCoV-2019_43_LEFT\t47\nnCoV-2019_42_RIGHT\t89\nnCoV-2019_44_LEFT\t51\nnCoV-2019_43_RIGHT\t23\nnCoV-2019_45_LEFT\t43\nnCoV-2019_44_RIGHT\t70\nnCoV-2019_46_LEFT\t11\nnCoV-2019_45_RIGHT\t16\nnCoV-2019_47_LEFT\t27\nnCoV-2019_46_RIGHT\t35\nnCoV-2019_48_LEFT\t74\nnCoV-2019_47_RIGHT\t25\nnCoV-2019_49_LEFT\t40\nnCoV-2019_48_RIGHT\t41\nnCoV-2019_50_LEFT\t26\nnCoV-2019_49_RIGHT\t54\nnCoV-2019_51_LEFT\t81\nnCoV-2019_50_RIGHT\t19\nnCoV-2019_52_LEFT\t33\nnCoV-2019_51_RIGHT\t47\nnCoV-2019_53_LEFT\t75\nnCoV-2019_52_RIGHT\t28\nnCoV-2019_54_LEFT\t44\nnCoV-2019_53_RIGHT\t35\nnCoV-2019_55_LEFT\t66\nnCoV-2019_54_RIGHT\t13\nnCoV-2019_56_LEFT\t35\nnCoV-2019_55_RIGHT\t96\nnCoV-2019_57_LEFT\t112\nnCoV-2019_56_RIGHT\t69\nnCoV-2019_58_LEFT\t15\nnCoV-2019_57_RIGHT\t78\nnCoV-2019_59_LEFT\t35\nnCoV-2019_58_RIGHT\t6\nnCoV-2019_60_LEFT\t22\nnCoV-2019_59_RIGHT\t23\nnCoV-2019_61_LEFT\t33\nnCoV-2019_60_RIGHT\t19\nnCoV-2019_62_LEFT\t16\nnCoV-2019_61_RIGHT\t33\nnCoV-2019_63_LEFT\t47\nnCoV-2019_62_RIGHT\t17\nnCoV-2019_64_LEFT\t6\nnCoV-2019_63_RIGHT\t31\nnCoV-2019_65_LEFT\t6\nnCoV-2019_64_RIGHT\t8\nnCoV-2019_66_LEFT\t29\nnCoV-2019_65_RIGHT\t59\nnCoV-2019_67_LEFT\t6\nnCoV-2019_66_RIGHT\t2\nnCoV-2019_68_LEFT\t8\nnCoV-2019_67_RIGHT\t0\nnCoV-2019_69_LEFT\t17\nnCoV-2019_68_RIGHT\t9\nnCoV-2019_70_LEFT\t0\nnCoV-2019_69_RIGHT\t5\nnCoV-2019_71_LEFT\t1\nnCoV-2019_70_RIGHT\t1\nnCoV-2019_72_LEFT\t7\nnCoV-2019_71_RIGHT\t5\nnCoV-2019_73_LEFT\t0\nnCoV-2019_72_RIGHT\t4\nnCoV-2019_74_LEFT\t0\nnCoV-2019_73_RIGHT\t4\nnCoV-2019_75_LEFT\t2\nnCoV-2019_74_RIGHT\t0\nnCoV-2019_76_LEFT\t2\nnCoV-2019_75_RIGHT\t1\nnCoV-2019_77_LEFT\t27\nnCoV-2019_76_RIGHT\t13\nnCoV-2019_78_LEFT\t63\nnCoV-2019_77_RIGHT\t87\nnCoV-2019_79_LEFT\t5\nnCoV-2019_78_RIGHT\t23\nnCoV-2019_80_LEFT\t92\nnCoV-2019_79_RIGHT\t17\nnCoV-2019_81_LEFT\t28\nnCoV-2019_80_RIGHT\t33\nnCoV-2019_82_LEFT\t150\nnCoV-2019_81_RIGHT\t79\nnCoV-2019_83_LEFT\t22\nnCoV-2019_82_RIGHT\t50\nnCoV-2019_84_LEFT\t32\nnCoV-2019_83_RIGHT\t41\nnCoV-2019_85_LEFT\t77\nnCoV-2019_84_RIGHT\t50\nnCoV-2019_86_LEFT\t54\nnCoV-2019_85_RIGHT\t37\nnCoV-2019_87_LEFT\t48\nnCoV-2019_86_RIGHT\t30\nnCoV-2019_88_LEFT\t58\nnCoV-2019_87_RIGHT\t3\nnCoV-2019_89_LEFT\t37\nnCoV-2019_88_RIGHT\t91\nnCoV-2019_90_LEFT\t28\nnCoV-2019_89_RIGHT\t30\nnCoV-2019_91_LEFT\t27\nnCoV-2019_90_RIGHT\t21\nnCoV-2019_92_LEFT\t9\nnCoV-2019_91_RIGHT\t2\nnCoV-2019_93_LEFT\t38\nnCoV-2019_92_RIGHT\t14\nnCoV-2019_94_LEFT\t116\nnCoV-2019_93_RIGHT\t23\nnCoV-2019_95_LEFT\t39\nnCoV-2019_94_RIGHT\t55\nnCoV-2019_96_LEFT\t24\nnCoV-2019_95_RIGHT\t8\nnCoV-2019_97_LEFT\t0\nnCoV-2019_96_RIGHT\t17\nnCoV-2019_98_LEFT\t2\nnCoV-2019_97_RIGHT\t1\nnCoV-2019_98_RIGHT\t2\n\nTrimmed primers from 13.29% (6871) of reads.\n3.5% (1811) of reads were quality trimmed below the minimum length of 30 bp and were not written to file.\n84.15% (43493) of reads started outside of primer regions. Since the -e flag was given, these reads were written to file.\n58.16% (30061) of reads had their insert size smaller than their read length\n[bam_sort_core] merging from 0 files and 8 in-memory blocks...\n." ], "status": "failure", "test_index": 0, "time_seconds": 37.01314067840576, "tool_id": "ivar_trim", "tool_version": "1.4.4+galaxy1"}
                ]]></error>
            
            <system-out><![CDATA[
            
            ]]></system-out>
            <system-err><![CDATA[
            Found 196 primers in BED fileReading from sorted.bam-------Results: Primer NameRead CountnCoV-2019_1_LEFT25nCoV-2019_2_LEFT10nCoV-2019_1_RIGHT9nCoV-2019_3_LEFT22nCoV-2019_2_RIGHT17nCoV-2019_4_LEFT20nCoV-2019_3_RIGHT29nCoV-2019_5_LEFT4nCoV-2019_4_RIGHT5nCoV-2019_6_LEFT17nCoV-2019_5_RIGHT16nCoV-2019_7_LEFT21nCoV-2019_6_RIGHT10nCoV-2019_8_LEFT5nCoV-2019_7_RIGHT14nCoV-2019_9_LEFT18nCoV-2019_8_RIGHT10nCoV-2019_10_LEFT20nCoV-2019_9_RIGHT11nCoV-2019_11_LEFT15nCoV-2019_10_RIGHT11nCoV-2019_12_LEFT48nCoV-2019_11_RIGHT31nCoV-2019_13_LEFT31nCoV-2019_12_RIGHT11nCoV-2019_14_LEFT53nCoV-2019_13_RIGHT64nCoV-2019_15_LEFT64nCoV-2019_14_RIGHT89nCoV-2019_16_LEFT168nCoV-2019_15_RIGHT57nCoV-2019_17_LEFT100nCoV-2019_16_RIGHT112nCoV-2019_18_LEFT19nCoV-2019_17_RIGHT23nCoV-2019_19_LEFT72nCoV-2019_18_RIGHT42nCoV-2019_20_LEFT31nCoV-2019_19_RIGHT43nCoV-2019_21_LEFT126nCoV-2019_20_RIGHT63nCoV-2019_22_LEFT55nCoV-2019_21_RIGHT23nCoV-2019_23_LEFT46nCoV-2019_22_RIGHT58nCoV-2019_24_LEFT22nCoV-2019_23_RIGHT2nCoV-2019_25_LEFT7nCoV-2019_24_RIGHT6nCoV-2019_26_LEFT13nCoV-2019_25_RIGHT11nCoV-2019_27_LEFT70nCoV-2019_26_RIGHT14nCoV-2019_28_LEFT15nCoV-2019_27_RIGHT31nCoV-2019_29_LEFT4nCoV-2019_28_RIGHT6nCoV-2019_30_LEFT10nCoV-2019_29_RIGHT70nCoV-2019_31_LEFT33nCoV-2019_30_RIGHT26nCoV-2019_32_LEFT119nCoV-2019_31_RIGHT75nCoV-2019_33_LEFT23nCoV-2019_32_RIGHT52nCoV-2019_34_LEFT51nCoV-2019_33_RIGHT43nCoV-2019_35_LEFT44nCoV-2019_34_RIGHT40nCoV-2019_36_LEFT113nCoV-2019_35_RIGHT86nCoV-2019_37_LEFT74nCoV-2019_36_RIGHT131nCoV-2019_38_LEFT185nCoV-2019_37_RIGHT163nCoV-2019_39_LEFT97nCoV-2019_38_RIGHT113nCoV-2019_40_LEFT67nCoV-2019_39_RIGHT39nCoV-2019_41_LEFT31nCoV-2019_40_RIGHT17nCoV-2019_42_LEFT39nCoV-2019_41_RIGHT5nCoV-2019_43_LEFT47nCoV-2019_42_RIGHT89nCoV-2019_44_LEFT51nCoV-2019_43_RIGHT23nCoV-2019_45_LEFT43nCoV-2019_44_RIGHT70nCoV-2019_46_LEFT11nCoV-2019_45_RIGHT16nCoV-2019_47_LEFT27nCoV-2019_46_RIGHT35nCoV-2019_48_LEFT74nCoV-2019_47_RIGHT25nCoV-2019_49_LEFT40nCoV-2019_48_RIGHT41nCoV-2019_50_LEFT26nCoV-2019_49_RIGHT54nCoV-2019_51_LEFT81nCoV-2019_50_RIGHT19nCoV-2019_52_LEFT33nCoV-2019_51_RIGHT47nCoV-2019_53_LEFT75nCoV-2019_52_RIGHT28nCoV-2019_54_LEFT44nCoV-2019_53_RIGHT35nCoV-2019_55_LEFT66nCoV-2019_54_RIGHT13nCoV-2019_56_LEFT35nCoV-2019_55_RIGHT96nCoV-2019_57_LEFT112nCoV-2019_56_RIGHT69nCoV-2019_58_LEFT15nCoV-2019_57_RIGHT78nCoV-2019_59_LEFT35nCoV-2019_58_RIGHT6nCoV-2019_60_LEFT22nCoV-2019_59_RIGHT23nCoV-2019_61_LEFT33nCoV-2019_60_RIGHT19nCoV-2019_62_LEFT16nCoV-2019_61_RIGHT33nCoV-2019_63_LEFT47nCoV-2019_62_RIGHT17nCoV-2019_64_LEFT6nCoV-2019_63_RIGHT31nCoV-2019_65_LEFT6nCoV-2019_64_RIGHT8nCoV-2019_66_LEFT29nCoV-2019_65_RIGHT59nCoV-2019_67_LEFT6nCoV-2019_66_RIGHT2nCoV-2019_68_LEFT8nCoV-2019_67_RIGHT0nCoV-2019_69_LEFT17nCoV-2019_68_RIGHT9nCoV-2019_70_LEFT0nCoV-2019_69_RIGHT5nCoV-2019_71_LEFT1nCoV-2019_70_RIGHT1nCoV-2019_72_LEFT7nCoV-2019_71_RIGHT5nCoV-2019_73_LEFT0nCoV-2019_72_RIGHT4nCoV-2019_74_LEFT0nCoV-2019_73_RIGHT4nCoV-2019_75_LEFT2nCoV-2019_74_RIGHT0nCoV-2019_76_LEFT2nCoV-2019_75_RIGHT1nCoV-2019_77_LEFT27nCoV-2019_76_RIGHT13nCoV-2019_78_LEFT63nCoV-2019_77_RIGHT87nCoV-2019_79_LEFT5nCoV-2019_78_RIGHT23nCoV-2019_80_LEFT92nCoV-2019_79_RIGHT17nCoV-2019_81_LEFT28nCoV-2019_80_RIGHT33nCoV-2019_82_LEFT150nCoV-2019_81_RIGHT79nCoV-2019_83_LEFT22nCoV-2019_82_RIGHT50nCoV-2019_84_LEFT32nCoV-2019_83_RIGHT41nCoV-2019_85_LEFT77nCoV-2019_84_RIGHT50nCoV-2019_86_LEFT54nCoV-2019_85_RIGHT37nCoV-2019_87_LEFT48nCoV-2019_86_RIGHT30nCoV-2019_88_LEFT58nCoV-2019_87_RIGHT3nCoV-2019_89_LEFT37nCoV-2019_88_RIGHT91nCoV-2019_90_LEFT28nCoV-2019_89_RIGHT30nCoV-2019_91_LEFT27nCoV-2019_90_RIGHT21nCoV-2019_92_LEFT9nCoV-2019_91_RIGHT2nCoV-2019_93_LEFT38nCoV-2019_92_RIGHT14nCoV-2019_94_LEFT116nCoV-2019_93_RIGHT23nCoV-2019_95_LEFT39nCoV-2019_94_RIGHT55nCoV-2019_96_LEFT24nCoV-2019_95_RIGHT8nCoV-2019_97_LEFT0nCoV-2019_96_RIGHT17nCoV-2019_98_LEFT2nCoV-2019_97_RIGHT1nCoV-2019_98_RIGHT2Trimmed primers from 13.29% (6871) of reads.3.5% (1811) of reads were quality trimmed below the minimum length of 30 bp and were not written to file.84.15% (43493) of reads started outside of primer regions. Since the -e flag was given, these reads were written to file.58.16% (30061) of reads had their insert size smaller than their read length[bam_sort_core] merging from 0 files and 8 in-memory blocks...
            ]]></system-err>
        
    </testcase>
    
    <testcase classname="ivar_trim (Test #2)" name="1" time="36.657307147979736">
        
            
            <system-out><![CDATA[
            
            ]]></system-out>
            <system-err><![CDATA[
            Found 196 primers in BED fileReading from sorted.bam-------Results: Primer NameRead CountnCoV-2019_1_LEFT25nCoV-2019_2_LEFT10nCoV-2019_1_RIGHT9nCoV-2019_3_LEFT22nCoV-2019_2_RIGHT17nCoV-2019_4_LEFT20nCoV-2019_3_RIGHT29nCoV-2019_5_LEFT4nCoV-2019_4_RIGHT5nCoV-2019_6_LEFT17nCoV-2019_5_RIGHT16nCoV-2019_7_LEFT21nCoV-2019_6_RIGHT10nCoV-2019_8_LEFT5nCoV-2019_7_RIGHT14nCoV-2019_9_LEFT18nCoV-2019_8_RIGHT10nCoV-2019_10_LEFT20nCoV-2019_9_RIGHT11nCoV-2019_11_LEFT15nCoV-2019_10_RIGHT11nCoV-2019_12_LEFT48nCoV-2019_11_RIGHT31nCoV-2019_13_LEFT31nCoV-2019_12_RIGHT11nCoV-2019_14_LEFT53nCoV-2019_13_RIGHT64nCoV-2019_15_LEFT64nCoV-2019_14_RIGHT89nCoV-2019_16_LEFT168nCoV-2019_15_RIGHT57nCoV-2019_17_LEFT100nCoV-2019_16_RIGHT112nCoV-2019_18_LEFT19nCoV-2019_17_RIGHT23nCoV-2019_19_LEFT72nCoV-2019_18_RIGHT42nCoV-2019_20_LEFT31nCoV-2019_19_RIGHT43nCoV-2019_21_LEFT126nCoV-2019_20_RIGHT63nCoV-2019_22_LEFT55nCoV-2019_21_RIGHT23nCoV-2019_23_LEFT46nCoV-2019_22_RIGHT58nCoV-2019_24_LEFT22nCoV-2019_23_RIGHT2nCoV-2019_25_LEFT7nCoV-2019_24_RIGHT6nCoV-2019_26_LEFT13nCoV-2019_25_RIGHT11nCoV-2019_27_LEFT70nCoV-2019_26_RIGHT14nCoV-2019_28_LEFT15nCoV-2019_27_RIGHT31nCoV-2019_29_LEFT4nCoV-2019_28_RIGHT6nCoV-2019_30_LEFT10nCoV-2019_29_RIGHT70nCoV-2019_31_LEFT33nCoV-2019_30_RIGHT26nCoV-2019_32_LEFT119nCoV-2019_31_RIGHT75nCoV-2019_33_LEFT23nCoV-2019_32_RIGHT52nCoV-2019_34_LEFT51nCoV-2019_33_RIGHT43nCoV-2019_35_LEFT44nCoV-2019_34_RIGHT40nCoV-2019_36_LEFT113nCoV-2019_35_RIGHT86nCoV-2019_37_LEFT74nCoV-2019_36_RIGHT131nCoV-2019_38_LEFT185nCoV-2019_37_RIGHT163nCoV-2019_39_LEFT97nCoV-2019_38_RIGHT113nCoV-2019_40_LEFT67nCoV-2019_39_RIGHT39nCoV-2019_41_LEFT31nCoV-2019_40_RIGHT17nCoV-2019_42_LEFT39nCoV-2019_41_RIGHT5nCoV-2019_43_LEFT47nCoV-2019_42_RIGHT89nCoV-2019_44_LEFT51nCoV-2019_43_RIGHT23nCoV-2019_45_LEFT43nCoV-2019_44_RIGHT70nCoV-2019_46_LEFT11nCoV-2019_45_RIGHT16nCoV-2019_47_LEFT27nCoV-2019_46_RIGHT35nCoV-2019_48_LEFT74nCoV-2019_47_RIGHT25nCoV-2019_49_LEFT40nCoV-2019_48_RIGHT41nCoV-2019_50_LEFT26nCoV-2019_49_RIGHT54nCoV-2019_51_LEFT81nCoV-2019_50_RIGHT19nCoV-2019_52_LEFT33nCoV-2019_51_RIGHT47nCoV-2019_53_LEFT75nCoV-2019_52_RIGHT28nCoV-2019_54_LEFT44nCoV-2019_53_RIGHT35nCoV-2019_55_LEFT66nCoV-2019_54_RIGHT13nCoV-2019_56_LEFT35nCoV-2019_55_RIGHT96nCoV-2019_57_LEFT112nCoV-2019_56_RIGHT69nCoV-2019_58_LEFT15nCoV-2019_57_RIGHT78nCoV-2019_59_LEFT35nCoV-2019_58_RIGHT6nCoV-2019_60_LEFT22nCoV-2019_59_RIGHT23nCoV-2019_61_LEFT33nCoV-2019_60_RIGHT19nCoV-2019_62_LEFT16nCoV-2019_61_RIGHT33nCoV-2019_63_LEFT47nCoV-2019_62_RIGHT17nCoV-2019_64_LEFT6nCoV-2019_63_RIGHT31nCoV-2019_65_LEFT6nCoV-2019_64_RIGHT8nCoV-2019_66_LEFT29nCoV-2019_65_RIGHT59nCoV-2019_67_LEFT6nCoV-2019_66_RIGHT2nCoV-2019_68_LEFT8nCoV-2019_67_RIGHT0nCoV-2019_69_LEFT17nCoV-2019_68_RIGHT9nCoV-2019_70_LEFT0nCoV-2019_69_RIGHT5nCoV-2019_71_LEFT1nCoV-2019_70_RIGHT1nCoV-2019_72_LEFT7nCoV-2019_71_RIGHT5nCoV-2019_73_LEFT0nCoV-2019_72_RIGHT4nCoV-2019_74_LEFT0nCoV-2019_73_RIGHT4nCoV-2019_75_LEFT2nCoV-2019_74_RIGHT0nCoV-2019_76_LEFT2nCoV-2019_75_RIGHT1nCoV-2019_77_LEFT27nCoV-2019_76_RIGHT13nCoV-2019_78_LEFT63nCoV-2019_77_RIGHT87nCoV-2019_79_LEFT5nCoV-2019_78_RIGHT23nCoV-2019_80_LEFT92nCoV-2019_79_RIGHT17nCoV-2019_81_LEFT28nCoV-2019_80_RIGHT33nCoV-2019_82_LEFT150nCoV-2019_81_RIGHT79nCoV-2019_83_LEFT22nCoV-2019_82_RIGHT50nCoV-2019_84_LEFT32nCoV-2019_83_RIGHT41nCoV-2019_85_LEFT77nCoV-2019_84_RIGHT50nCoV-2019_86_LEFT54nCoV-2019_85_RIGHT37nCoV-2019_87_LEFT48nCoV-2019_86_RIGHT30nCoV-2019_88_LEFT58nCoV-2019_87_RIGHT3nCoV-2019_89_LEFT37nCoV-2019_88_RIGHT91nCoV-2019_90_LEFT28nCoV-2019_89_RIGHT30nCoV-2019_91_LEFT27nCoV-2019_90_RIGHT21nCoV-2019_92_LEFT9nCoV-2019_91_RIGHT2nCoV-2019_93_LEFT38nCoV-2019_92_RIGHT14nCoV-2019_94_LEFT116nCoV-2019_93_RIGHT23nCoV-2019_95_LEFT39nCoV-2019_94_RIGHT55nCoV-2019_96_LEFT24nCoV-2019_95_RIGHT8nCoV-2019_97_LEFT0nCoV-2019_96_RIGHT17nCoV-2019_98_LEFT2nCoV-2019_97_RIGHT1nCoV-2019_98_RIGHT2Trimmed primers from 13.29% (6871) of reads.3.5% (1811) of reads were quality trimmed below the minimum length of 30 bp and were not written to file.84.15% (43493) of reads started outside of primer regions. Since the -e flag was given, these reads were written to file.58.16% (30061) of reads had their insert size smaller than their read length[bam_sort_core] merging from 0 files and 8 in-memory blocks...
            ]]></system-err>
        
    </testcase>
    
    <testcase classname="ivar_trim (Test #3)" name="2" time="34.422362089157104">
        
            
            <system-out><![CDATA[
            
            ]]></system-out>
            <system-err><![CDATA[
            Found 68 primers in BED fileReading from sorted.bam-------Results: Primer NameRead Count400_2_out_L265400_1_out_R116400_3_out_L*47400_2_out_R269400_4_out_L123400_3_out_R*55400_5_out_L1083400_4_out_R123400_6_out_L139400_5_out_R1044400_7_out_L246400_6_out_R140400_8_out_L*164400_7_out_R251400_9_out_L*105400_8_out_R*164400_10_out_L358400_9_out_R*104400_11_out_L1538400_10_out_R358400_12_out_L297400_11_out_R1541400_13_out_L209400_12_out_R293400_14_out_L*736400_13_out_R229400_15_out_L87400_14_out_R*735400_16_out_L*498400_15_out_R82400_17_out_L**1420400_16_out_R*493400_18_out_L**9400_17_out_R**1415400_19_out_L43400_18_out_R**9400_20_out_L*2128400_19_out_R50400_21_out_L*18400_20_out_R*2158400_22_out_L**33400_21_out_R*10400_23_out_L179400_22_out_R**5400_24_out_L**80400_23_out_R169400_25_out_L**3035400_24_out_R**80400_26_out_L423400_25_out_R**3073400_27_out_L104400_26_out_R428400_28_out_L41400_27_out_R6400_29_out_L113400_28_out_R43400_30_out_L1057400_29_out_R118400_31_out_L166400_30_out_R1054400_32_out_L280400_31_out_R170400_33_out_L*436400_32_out_R283400_34_out_L*688400_33_out_R*433400_35_out_L0400_34_out_R*688Trimmed primers from 99.24% (32302) of reads.10.73% (3493) of reads were quality trimmed below the minimum length of 30 bp and were not written to file.0.65% (212) of reads that started outside of primer regions were not written to file0.91% (296) of reads had their insert size smaller than their read length[bam_sort_core] merging from 0 files and 8 in-memory blocks...
            ]]></system-err>
        
    </testcase>
    
    <testcase classname="ivar_trim (Test #4)" name="3" time="12.140997886657715">
        
            <error type="error" message="Input staging problem: Traceback (most recent call last):
  File "/opt/hostedtoolcache/Python/3.12.12/x64/lib/python3.12/site-packages/galaxy/tool_util/verify/interactor.py", line 1436, in verify_tool
    stage_data_in_history(
  File "/opt/hostedtoolcache/Python/3.12.12/x64/lib/python3.12/site-packages/galaxy/tool_util/verify/interactor.py", line 175, in stage_data_in_history
    staging_interface.handle_jobs()
  File "/opt/hostedtoolcache/Python/3.12.12/x64/lib/python3.12/site-packages/galaxy/tool_util/verify/interactor.py", line 212, in handle_jobs
    self.galaxy_interactor.wait_for_job(job_response["id"], job_response["history_id"], self.maxseconds)
  File "/opt/hostedtoolcache/Python/3.12.12/x64/lib/python3.12/site-packages/galaxy/tool_util/verify/interactor.py", line 399, in wait_for_job
    self.wait_for(lambda: self.__job_ready(job_id, history_id), maxseconds=maxseconds)
  File "/opt/hostedtoolcache/Python/3.12.12/x64/lib/python3.12/site-packages/galaxy/tool_util/verify/interactor.py", line 403, in wait_for
    wait_on(func, what, walltime_exceeded)
  File "/opt/hostedtoolcache/Python/3.12.12/x64/lib/python3.12/site-packages/galaxy/tool_util/verify/wait.py", line 38, in wait_on
    value = function()
            ^^^^^^^^^^
  File "/opt/hostedtoolcache/Python/3.12.12/x64/lib/python3.12/site-packages/galaxy/tool_util/verify/interactor.py", line 399, in <lambda>
    self.wait_for(lambda: self.__job_ready(job_id, history_id), maxseconds=maxseconds)
                          ^^^^^^^^^^^^^^^^^^^^^^^^^^^^^^^^^^^^
  File "/opt/hostedtoolcache/Python/3.12.12/x64/lib/python3.12/site-packages/galaxy/tool_util/verify/interactor.py", line 749, in __job_ready
    return self._state_ready(job_id, error_msg="Job in error state.")
           ^^^^^^^^^^^^^^^^^^^^^^^^^^^^^^^^^^^^^^^^^^^^^^^^^^^^^^^^^^
  File "/opt/hostedtoolcache/Python/3.12.12/x64/lib/python3.12/site-packages/galaxy/tool_util/verify/interactor.py", line 841, in _state_ready
    raise Exception(
Exception: Job in error state.. tool_id: __DATA_FETCH__, exit_code: None, stderr: .
"><![CDATA[
                { "execution_problem": "Input staging problem: Traceback (most recent call last):\n  File \"/opt/hostedtoolcache/Python/3.12.12/x64/lib/python3.12/site-packages/galaxy/tool_util/verify/interactor.py\", line 1436, in verify_tool\n    stage_data_in_history(\n  File \"/opt/hostedtoolcache/Python/3.12.12/x64/lib/python3.12/site-packages/galaxy/tool_util/verify/interactor.py\", line 175, in stage_data_in_history\n    staging_interface.handle_jobs()\n  File \"/opt/hostedtoolcache/Python/3.12.12/x64/lib/python3.12/site-packages/galaxy/tool_util/verify/interactor.py\", line 212, in handle_jobs\n    self.galaxy_interactor.wait_for_job(job_response[\"id\"], job_response[\"history_id\"], self.maxseconds)\n  File \"/opt/hostedtoolcache/Python/3.12.12/x64/lib/python3.12/site-packages/galaxy/tool_util/verify/interactor.py\", line 399, in wait_for_job\n    self.wait_for(lambda: self.__job_ready(job_id, history_id), maxseconds=maxseconds)\n  File \"/opt/hostedtoolcache/Python/3.12.12/x64/lib/python3.12/site-packages/galaxy/tool_util/verify/interactor.py\", line 403, in wait_for\n    wait_on(func, what, walltime_exceeded)\n  File \"/opt/hostedtoolcache/Python/3.12.12/x64/lib/python3.12/site-packages/galaxy/tool_util/verify/wait.py\", line 38, in wait_on\n    value = function()\n            ^^^^^^^^^^\n  File \"/opt/hostedtoolcache/Python/3.12.12/x64/lib/python3.12/site-packages/galaxy/tool_util/verify/interactor.py\", line 399, in \u003clambda\u003e\n    self.wait_for(lambda: self.__job_ready(job_id, history_id), maxseconds=maxseconds)\n                          ^^^^^^^^^^^^^^^^^^^^^^^^^^^^^^^^^^^^\n  File \"/opt/hostedtoolcache/Python/3.12.12/x64/lib/python3.12/site-packages/galaxy/tool_util/verify/interactor.py\", line 749, in __job_ready\n    return self._state_ready(job_id, error_msg=\"Job in error state.\")\n           ^^^^^^^^^^^^^^^^^^^^^^^^^^^^^^^^^^^^^^^^^^^^^^^^^^^^^^^^^^\n  File \"/opt/hostedtoolcache/Python/3.12.12/x64/lib/python3.12/site-packages/galaxy/tool_util/verify/interactor.py\", line 841, in _state_ready\n    raise Exception(\nException: Job in error state.. tool_id: __DATA_FETCH__, exit_code: None, stderr: .\n", "status": "error", "test_index": 3, "time_seconds": 12.140997886657715, "tool_id": "ivar_trim", "tool_version": "1.4.4+galaxy1"}
            ]]></error>
        
    </testcase>
    
    <testcase classname="ivar_trim (Test #5)" name="4" time="">
        
            <error type="error" message=""><![CDATA[
                { "status": "skip", "test_index": 4, "tool_id": "ivar_trim", "tool_version": "1.4.4+galaxy1"}
            ]]></error>
        
    </testcase>
    
    <testcase classname="ivar_trim (Test #6)" name="5" time="">
        
            <error type="error" message=""><![CDATA[
                { "status": "skip", "test_index": 5, "tool_id": "ivar_trim", "tool_version": "1.4.4+galaxy1"}
            ]]></error>
        
    </testcase>
    
    <testcase classname="medaka_variant (Test #1)" name="0" time="38.78710412979126">
        
            
                <error type="error" message="Tool exit code: 127"><![CDATA[
                    { "inputs": {  "ambig_ref": true,  "output_annotated|in_bam": {   "id": "511d75be2f88b80b",   "src": "hda"  },  "output_annotated|output_annotated_select": "true",  "output_log_bool": true,  "pool|inputs": [   {    "id": "7d06d13114aab900",    "src": "hda"   },   {    "id": "7d06d13114aab900",    "src": "hda"   }  ],  "pool|pool_mode": "Yes",  "reference_source|ref_file": {   "id": "081eca71e4085627",   "src": "hda"  },  "reference_source|reference_source_selector": "history" }, "job": {  "command_line": "cp \u0027/galaxy/server/database/objects/b/7/d/dataset_b7def6de-3794-4f0a-a76e-d5c9956bec05.dat\u0027 reference.fa \u0026\u0026    medaka vcf --debug  --ambig_ref  \u0027/galaxy/server/database/objects/9/3/0/dataset_93098acc-19bf-4abb-a858-8899abad8936.dat\u0027 \u0027/galaxy/server/database/objects/9/3/0/dataset_93098acc-19bf-4abb-a858-8899abad8936.dat\u0027 reference.fa raw.vcf 2\u003e\u00261 | tee log.txt \u0026\u0026 ln -s \u0027/galaxy/server/database/objects/0/7/c/dataset_07ca4454-6cae-45f7-957a-26b80bed26bf.dat\u0027 in.bam \u0026\u0026 ln -s \u0027/galaxy/server/database/objects/_metadata_files/1/5/5/metadata_155f11e0-631d-4b77-b9d9-f120268f114d.dat\u0027 in.bai \u0026\u0026 medaka tools annotate --dpsp --pad 25 raw.vcf reference.fa in.bam tmp.vcf \u0026\u0026 python \u0027/cvmfs/cloud.galaxyproject.org/tools/toolshed.g2.bx.psu.edu/repos/iuc/medaka_variant/16fc9856b20a/medaka_variant/convert_VCF_info_fields.py\u0027 tmp.vcf \u0027/galaxy/server/database/objects/9/1/d/dataset_91db276d-add5-4b29-97df-af57e1422336.dat\u0027",  "command_version": "/galaxy/server/database/jobs_directory/000/10/tool_script.sh: line 10: medaka: command not found",  "copied_from_job_id": null,  "create_time": "2025-11-25T00:59:57.194238",  "dependencies": [],  "exit_code": 127,  "external_id": "gxy-gddj5",  "galaxy_version": "24.1",  "handler": null,  "history_id": "9048b30a135fbd30",  "id": "6140848535ccbc5a",  "inputs": {   "output_annotated|in_bam": {    "id": "511d75be2f88b80b",    "src": "hda",    "uuid": "07ca4454-6cae-45f7-957a-26b80bed26bf"   },   "pool|inputs": {    "id": "7d06d13114aab900",    "src": "hda",    "uuid": "93098acc-19bf-4abb-a858-8899abad8936"   },   "pool|inputs1": {    "id": "7d06d13114aab900",    "src": "hda",    "uuid": "93098acc-19bf-4abb-a858-8899abad8936"   },   "pool|inputs2": {    "id": "7d06d13114aab900",    "src": "hda",    "uuid": "93098acc-19bf-4abb-a858-8899abad8936"   },   "reference_source|ref_file": {    "id": "081eca71e4085627",    "src": "hda",    "uuid": "b7def6de-3794-4f0a-a76e-d5c9956bec05"   }  },  "job_messages": [   {    "code_desc": "",    "desc": "Fatal error: Exit code 127 ()",    "error_level": 3,    "exit_code": 127,    "type": "exit_code"   }  ],  "job_metrics": [   {    "name": "runtime_seconds",    "plugin": "core",    "raw_value": "0E-7",    "title": "Job Runtime (Wall Clock)",    "value": "0 seconds"   },   {    "name": "end_epoch",    "plugin": "core",    "raw_value": "1764032398.0000000",    "title": "Job End Time",    "value": "2025-11-25 00:59:58"   },   {    "name": "start_epoch",    "plugin": "core",    "raw_value": "1764032398.0000000",    "title": "Job Start Time",    "value": "2025-11-25 00:59:58"   },   {    "name": "galaxy_memory_mb",    "plugin": "core",    "raw_value": "51539.0000000",    "title": "Memory Allocated (MB)",    "value": "51539"   },   {    "name": "galaxy_slots",    "plugin": "core",    "raw_value": "1.0000000",    "title": "Cores Allocated",    "value": "1"   }  ],  "job_runner_name": null,  "job_stderr": "",  "job_stdout": "",  "model_class": "Job",  "output_collections": {},  "outputs": {   "out_log": {    "id": "b1cede4d9a36b7c3",    "src": "hda",    "uuid": "7161d612-42dc-4dbb-b04b-9af64504c5ad"   },   "out_variants": {    "id": "6140848535ccbc5a",    "src": "hda",    "uuid": "91db276d-add5-4b29-97df-af57e1422336"   }  },  "params": {   "__input_ext": "\"input\"",   "ambig_ref": "true",   "chromInfo": "\"/cvmfs/data.galaxyproject.org/managed/len/ucsc/?.len\"",   "dbkey": "\"?\"",   "gvcf": "false",   "output_annotated": "{\"__current_case__\": 0, \"in_bam\": {\"values\": [{\"id\": 9, \"src\": \"hda\"}]}, \"output_annotated_select\": \"true\", \"pad\": \"25\"}",   "output_log_bool": "true",   "pool": "{\"__current_case__\": 0, \"inputs\": {\"values\": [{\"id\": 7, \"src\": \"hda\"}, {\"id\": 7, \"src\": \"hda\"}]}, \"pool_mode\": \"Yes\"}",   "reference_source": "{\"__current_case__\": 1, \"ref_file\": {\"values\": [{\"id\": 8, \"src\": \"hda\"}]}, \"reference_source_selector\": \"history\"}",   "regions": "\"\"",   "verbose": "false"  },  "state": "error",  "stderr": "",  "stdout": "",  "tool_id": "toolshed.g2.bx.psu.edu/repos/iuc/medaka_variant/medaka_variant/2.1.1+galaxy0",  "tool_stderr": "",  "tool_stdout": "",  "update_time": "2025-11-25T01:00:09.793019",  "user_email": "tests@fake.org" }, "output_problems": [  "Job in error state.. tool_id: toolshed.g2.bx.psu.edu/repos/iuc/medaka_variant/medaka_variant/2.1.1+galaxy0, exit_code: 127, stderr: .",  "Job in error state.. tool_id: toolshed.g2.bx.psu.edu/repos/iuc/medaka_variant/medaka_variant/2.1.1+galaxy0, exit_code: 127, stderr: .",  "Job in error state.. tool_id: toolshed.g2.bx.psu.edu/repos/iuc/medaka_variant/medaka_variant/2.1.1+galaxy0, exit_code: 127, stderr: ." ], "status": "failure", "test_index": 0, "time_seconds": 38.78710412979126, "tool_id": "medaka_variant", "tool_version": "2.1.1+galaxy0"}
                ]]></error>
            
            <system-out><![CDATA[
            
            ]]></system-out>
            <system-err><![CDATA[
            
            ]]></system-err>
        
    </testcase>
    
    <testcase classname="medaka_variant (Test #2)" name="1" time="42.78807616233826">
        
            
                <error type="error" message="Tool exit code: 127"><![CDATA[
                    { "inputs": {  "ambig_ref": true,  "output_annotated|in_bam": {   "id": "e8a241cc3df24a4d",   "src": "hda"  },  "output_annotated|output_annotated_select": "true",  "output_log_bool": true,  "pool|input": {   "id": "d8976a8af97a158c",   "src": "hda"  },  "pool|pool_mode": "No",  "reference_source|ref_file": {   "id": "2614499843219bef",   "src": "hda"  },  "reference_source|reference_source_selector": "history" }, "job": {  "command_line": "gunzip -c \u0027/galaxy/server/database/objects/d/9/d/dataset_d9d8684f-1701-4150-ac60-2e74acda4578.dat\u0027 \u003e reference.fa \u0026\u0026    medaka vcf --debug  --ambig_ref  \u0027/galaxy/server/database/objects/2/7/b/dataset_27bdd157-93d9-4582-b3d4-9e0120298807.dat\u0027 reference.fa raw.vcf 2\u003e\u00261 | tee log.txt \u0026\u0026 ln -s \u0027/galaxy/server/database/objects/3/6/3/dataset_363f66d2-4611-4a77-837a-f12b8deba037.dat\u0027 in.bam \u0026\u0026 ln -s \u0027/galaxy/server/database/objects/_metadata_files/5/9/8/metadata_5987ae8c-87c2-460c-ad6a-1376275865f5.dat\u0027 in.bai \u0026\u0026 medaka tools annotate --dpsp --pad 25 raw.vcf reference.fa in.bam tmp.vcf \u0026\u0026 python \u0027/cvmfs/cloud.galaxyproject.org/tools/toolshed.g2.bx.psu.edu/repos/iuc/medaka_variant/16fc9856b20a/medaka_variant/convert_VCF_info_fields.py\u0027 tmp.vcf \u0027/galaxy/server/database/objects/4/0/8/dataset_4082bdd8-1f87-4ca6-8648-4ce8e8e8bb59.dat\u0027",  "command_version": "/galaxy/server/database/jobs_directory/000/14/tool_script.sh: line 10: medaka: command not found",  "copied_from_job_id": null,  "create_time": "2025-11-25T01:00:38.326308",  "dependencies": [],  "exit_code": 127,  "external_id": "gxy-zxhzf",  "galaxy_version": "24.1",  "handler": null,  "history_id": "9048b30a135fbd30",  "id": "e8a241cc3df24a4d",  "inputs": {   "output_annotated|in_bam": {    "id": "e8a241cc3df24a4d",    "src": "hda",    "uuid": "363f66d2-4611-4a77-837a-f12b8deba037"   },   "pool|input": {    "id": "d8976a8af97a158c",    "src": "hda",    "uuid": "27bdd157-93d9-4582-b3d4-9e0120298807"   },   "reference_source|ref_file": {    "id": "2614499843219bef",    "src": "hda",    "uuid": "d9d8684f-1701-4150-ac60-2e74acda4578"   }  },  "job_messages": [   {    "code_desc": "",    "desc": "Fatal error: Exit code 127 ()",    "error_level": 3,    "exit_code": 127,    "type": "exit_code"   }  ],  "job_metrics": [   {    "name": "runtime_seconds",    "plugin": "core",    "raw_value": "0E-7",    "title": "Job Runtime (Wall Clock)",    "value": "0 seconds"   },   {    "name": "end_epoch",    "plugin": "core",    "raw_value": "1764032439.0000000",    "title": "Job End Time",    "value": "2025-11-25 01:00:39"   },   {    "name": "start_epoch",    "plugin": "core",    "raw_value": "1764032439.0000000",    "title": "Job Start Time",    "value": "2025-11-25 01:00:39"   },   {    "name": "galaxy_memory_mb",    "plugin": "core",    "raw_value": "51539.0000000",    "title": "Memory Allocated (MB)",    "value": "51539"   },   {    "name": "galaxy_slots",    "plugin": "core",    "raw_value": "1.0000000",    "title": "Cores Allocated",    "value": "1"   }  ],  "job_runner_name": null,  "job_stderr": "",  "job_stdout": "",  "model_class": "Job",  "output_collections": {},  "outputs": {   "out_log": {    "id": "2827b673326d67aa",    "src": "hda",    "uuid": "8d82074d-5415-4e6f-b156-bce8b120fb8d"   },   "out_variants": {    "id": "3db10a1ae5124d5b",    "src": "hda",    "uuid": "4082bdd8-1f87-4ca6-8648-4ce8e8e8bb59"   }  },  "params": {   "__input_ext": "\"input\"",   "ambig_ref": "true",   "chromInfo": "\"/cvmfs/data.galaxyproject.org/managed/len/ucsc/?.len\"",   "dbkey": "\"?\"",   "gvcf": "false",   "output_annotated": "{\"__current_case__\": 0, \"in_bam\": {\"values\": [{\"id\": 14, \"src\": \"hda\"}]}, \"output_annotated_select\": \"true\", \"pad\": \"25\"}",   "output_log_bool": "true",   "pool": "{\"__current_case__\": 1, \"input\": {\"values\": [{\"id\": 12, \"src\": \"hda\"}]}, \"pool_mode\": \"No\"}",   "reference_source": "{\"__current_case__\": 1, \"ref_file\": {\"values\": [{\"id\": 13, \"src\": \"hda\"}]}, \"reference_source_selector\": \"history\"}",   "regions": "\"\"",   "verbose": "false"  },  "state": "error",  "stderr": "",  "stdout": "",  "tool_id": "toolshed.g2.bx.psu.edu/repos/iuc/medaka_variant/medaka_variant/2.1.1+galaxy0",  "tool_stderr": "",  "tool_stdout": "",  "update_time": "2025-11-25T01:00:52.596023",  "user_email": "tests@fake.org" }, "output_problems": [  "Job in error state.. tool_id: toolshed.g2.bx.psu.edu/repos/iuc/medaka_variant/medaka_variant/2.1.1+galaxy0, exit_code: 127, stderr: .",  "Job in error state.. tool_id: toolshed.g2.bx.psu.edu/repos/iuc/medaka_variant/medaka_variant/2.1.1+galaxy0, exit_code: 127, stderr: .",  "Job in error state.. tool_id: toolshed.g2.bx.psu.edu/repos/iuc/medaka_variant/medaka_variant/2.1.1+galaxy0, exit_code: 127, stderr: ." ], "status": "failure", "test_index": 1, "time_seconds": 42.78807616233826, "tool_id": "medaka_variant", "tool_version": "2.1.1+galaxy0"}
                ]]></error>
            
            <system-out><![CDATA[
            
            ]]></system-out>
            <system-err><![CDATA[
            
            ]]></system-err>
        
    </testcase>
    
    <testcase classname="medaka_variant (Test #3)" name="2" time="34.659937381744385">
        
            
                <error type="error" message="Tool exit code: 127"><![CDATA[
                    { "inputs": {  "output_annotated|output_annotated_select": "false",  "output_log_bool": false,  "pool|input": {   "id": "b899d4ce10b2ecca",   "src": "hda"  },  "pool|pool_mode": "No",  "reference_source|ref_file": {   "id": "e00952a4e450420c",   "src": "hda"  },  "reference_source|reference_source_selector": "history" }, "job": {  "command_line": "cp \u0027/galaxy/server/database/objects/4/5/a/dataset_45adadb6-38b5-4173-917b-292d0b8c0225.dat\u0027 reference.fa \u0026\u0026    medaka vcf --debug    \u0027/galaxy/server/database/objects/0/a/c/dataset_0ac547ed-69c1-4e80-aef0-99a675f96ba0.dat\u0027 reference.fa \u0027/galaxy/server/database/objects/7/e/1/dataset_7e12e4f9-8380-4d7f-af18-763825550672.dat\u0027 2\u003e\u00261 | tee log.txt",  "command_version": "/galaxy/server/database/jobs_directory/000/17/tool_script.sh: line 10: medaka: command not found",  "copied_from_job_id": null,  "create_time": "2025-11-25T01:01:14.734649",  "dependencies": [],  "exit_code": 127,  "external_id": "gxy-8f9gj",  "galaxy_version": "24.1",  "handler": null,  "history_id": "9048b30a135fbd30",  "id": "b899d4ce10b2ecca",  "inputs": {   "pool|input": {    "id": "b899d4ce10b2ecca",    "src": "hda",    "uuid": "0ac547ed-69c1-4e80-aef0-99a675f96ba0"   },   "reference_source|ref_file": {    "id": "e00952a4e450420c",    "src": "hda",    "uuid": "45adadb6-38b5-4173-917b-292d0b8c0225"   }  },  "job_messages": [   {    "code_desc": "",    "desc": "Fatal error: Exit code 127 ()",    "error_level": 3,    "exit_code": 127,    "type": "exit_code"   }  ],  "job_metrics": [   {    "name": "galaxy_slots",    "plugin": "core",    "raw_value": "1.0000000",    "title": "Cores Allocated",    "value": "1"   },   {    "name": "galaxy_memory_mb",    "plugin": "core",    "raw_value": "51539.0000000",    "title": "Memory Allocated (MB)",    "value": "51539"   },   {    "name": "start_epoch",    "plugin": "core",    "raw_value": "1764032475.0000000",    "title": "Job Start Time",    "value": "2025-11-25 01:01:15"   },   {    "name": "end_epoch",    "plugin": "core",    "raw_value": "1764032475.0000000",    "title": "Job End Time",    "value": "2025-11-25 01:01:15"   },   {    "name": "runtime_seconds",    "plugin": "core",    "raw_value": "0E-7",    "title": "Job Runtime (Wall Clock)",    "value": "0 seconds"   }  ],  "job_runner_name": null,  "job_stderr": "",  "job_stdout": "",  "model_class": "Job",  "output_collections": {},  "outputs": {   "out_variants": {    "id": "39f60a7547d67762",    "src": "hda",    "uuid": "7e12e4f9-8380-4d7f-af18-763825550672"   }  },  "params": {   "__input_ext": "\"input\"",   "ambig_ref": "false",   "chromInfo": "\"/cvmfs/data.galaxyproject.org/managed/len/ucsc/?.len\"",   "dbkey": "\"?\"",   "gvcf": "false",   "output_annotated": "{\"__current_case__\": 1, \"output_annotated_select\": \"false\"}",   "output_log_bool": "false",   "pool": "{\"__current_case__\": 1, \"input\": {\"values\": [{\"id\": 17, \"src\": \"hda\"}]}, \"pool_mode\": \"No\"}",   "reference_source": "{\"__current_case__\": 1, \"ref_file\": {\"values\": [{\"id\": 18, \"src\": \"hda\"}]}, \"reference_source_selector\": \"history\"}",   "regions": "\"\"",   "verbose": "false"  },  "state": "error",  "stderr": "",  "stdout": "",  "tool_id": "toolshed.g2.bx.psu.edu/repos/iuc/medaka_variant/medaka_variant/2.1.1+galaxy0",  "tool_stderr": "",  "tool_stdout": "",  "update_time": "2025-11-25T01:01:27.486751",  "user_email": "tests@fake.org" }, "output_problems": [  "Job in error state.. tool_id: toolshed.g2.bx.psu.edu/repos/iuc/medaka_variant/medaka_variant/2.1.1+galaxy0, exit_code: 127, stderr: .",  "Job in error state.. tool_id: toolshed.g2.bx.psu.edu/repos/iuc/medaka_variant/medaka_variant/2.1.1+galaxy0, exit_code: 127, stderr: ." ], "status": "failure", "test_index": 2, "time_seconds": 34.659937381744385, "tool_id": "medaka_variant", "tool_version": "2.1.1+galaxy0"}
                ]]></error>
            
            <system-out><![CDATA[
            
            ]]></system-out>
            <system-err><![CDATA[
            
            ]]></system-err>
        
    </testcase>
    
    <testcase classname="poretools_times (Test #1)" name="0" time="67.92138671875">
        
            
            <system-out><![CDATA[
            
            ]]></system-out>
            <system-err><![CDATA[
            
            ]]></system-err>
        
    </testcase>
    
    <testcase classname="sailfish (Test #1)" name="0" time="52.15731430053711">
        
            
            <system-out><![CDATA[
            
            ]]></system-out>
            <system-err><![CDATA[
            Version Info: Could not resolve upgrade information in the alotted time.Check for upgrades manually at www.cs.cmu.edu/~ckingsf/sailfish.writing log to ./index_dir/logs/sailfish_index.logRapMap Indexer[Step 1 of 4] : counting k-mersElapsed time: 0.00118868sReplaced 0 non-ATCG nucleotidesClipped poly-A tails from 0 transcriptsBuilding rank-select dictionary and saving to disk doneElapsed time: 1.516e-05sWriting sequence data to file . . . doneElapsed time: 5.315e-05s[info] Building 32-bit suffix array (length of generalized text is 28577)Building suffix array . . . successsaving to disk . . . doneElapsed time: 0.000108921sdoneElapsed time: 0.00716633sprocessed 0 positionskhash had 18955 keyssaving hash to disk . . . doneElapsed time: 0.00122393sVersion Info: Could not resolve upgrade information in the alotted time.Check for upgrades manually at www.cs.cmu.edu/~ckingsf/sailfish.# sailfish (quasi-mapping-based) v0.9.2# [ program ] => sailfish # [ command ] => quant # [ index ] => { ./index_dir }# [ mates1 ] => { ./mate1.fastq }# [ mates2 ] => { ./mate2.fastq }# [ libType ] => { IU }# [ output ] => { ./results }# [ threads ] => { 8 }# [ gcSizeSamp ] => { 1 }# [ gcSpeedSamp ] => { 1 }# [ fldMean ] => { 200 }# [ fldSD ] => { 80 }# [ maxReadOcc ] => { 200 }# [ maxFragLen ] => { 1000 }# [ txpAggregationKey ] => { gene_id }# [ numBiasSamples ] => { 1000000 }# [ numFragSamples ] => { 10000 }# [ numGibbsSamples ] => { 0 }# [ numBootstraps ] => { 0 }Logs will be written to ./results/logs[2025-11-25 01:06:35.003] [jointLog] [info] parsing read library formatthere is 1 libLoading 32-bit quasi indexIndex contained 15 targetsLoaded targets[2025-11-25 01:06:35.062] [jointLog] [info] Loading Quasi index[2025-11-25 01:06:35.066] [jointLog] [info] done[2025-11-25 01:06:35.086] [jointLog] [info] Gathered fragment lengths from all threads[2025-11-25 01:06:35.086] [jointLog] [warning] Sailfish saw fewer then 10000 uniquely mapped reads so 200 will be used as the mean fragment length and 80 as the standard deviation for effective length correction[2025-11-25 01:06:35.087] [jointLog] [info] Estimating effective lengthsDone Quasi-Mapping [2025-11-25 01:06:35.096] [jointLog] [info] Computed 21 rich equivalence classes for further processing[2025-11-25 01:06:35.096] [jointLog] [info] Counted 10000 total reads in the equivalence classes [2025-11-25 01:06:35.096] [jointLog] [info] Starting optimizer:[2025-11-25 01:06:35.096] [jointLog] [info] Optimizing over 21 equivalence classes[2025-11-25 01:06:35.096] [jointLog] [info] iteration = 0 | max rel diff. = 14.873[2025-11-25 01:06:35.064] [stderrLog] [info] Loading Suffix Array [2025-11-25 01:06:35.064] [stderrLog] [info] Loading Position Hash[2025-11-25 01:06:35.065] [stderrLog] [info] Loading Transcript Info [2025-11-25 01:06:35.066] [stderrLog] [info] Loading Rank-Select Bit Array[2025-11-25 01:06:35.066] [stderrLog] [info] There were 15 set bits in the bit array[2025-11-25 01:06:35.066] [stderrLog] [info] Computing transcript lengths[2025-11-25 01:06:35.066] [stderrLog] [info] Waiting to finish loading hash[2025-11-25 01:06:35.066] [stderrLog] [info] Done loading index[2025-11-25 01:06:35.096] [jointLog] [info] iteration = 64 | max rel diff. = 0.00117687[2025-11-25 01:06:35.096] [jointLog] [info] Finished optimizer[2025-11-25 01:06:35.096] [jointLog] [info] writing output 
            ]]></system-err>
        
    </testcase>
    
    <testcase classname="sailfish (Test #2)" name="1" time="40.572741746902466">
        
            
            <system-out><![CDATA[
            
            ]]></system-out>
            <system-err><![CDATA[
            Version Info: Could not resolve upgrade information in the alotted time.Check for upgrades manually at www.cs.cmu.edu/~ckingsf/sailfish.writing log to ./index_dir/logs/sailfish_index.logRapMap Indexer[Step 1 of 4] : counting k-mersElapsed time: 0.00127975sReplaced 0 non-ATCG nucleotidesClipped poly-A tails from 0 transcriptsBuilding rank-select dictionary and saving to disk doneElapsed time: 1.587e-05sWriting sequence data to file . . . doneElapsed time: 7.484e-05s[info] Building 32-bit suffix array (length of generalized text is 28577)Building suffix array . . . successsaving to disk . . . doneElapsed time: 9.039e-05sdoneElapsed time: 0.00268559sprocessed 0 positionskhash had 18955 keyssaving hash to disk . . . doneElapsed time: 0.00098084sVersion Info: Could not resolve upgrade information in the alotted time.Check for upgrades manually at www.cs.cmu.edu/~ckingsf/sailfish.# sailfish (quasi-mapping-based) v0.9.2# [ program ] => sailfish # [ command ] => quant # [ index ] => { ./index_dir }# [ mates1 ] => { /dev/fd/63 }# [ mates2 ] => { /dev/fd/62 }# [ libType ] => { IU }# [ output ] => { ./results }# [ threads ] => { 8 }# [ gcSizeSamp ] => { 1 }# [ gcSpeedSamp ] => { 1 }# [ fldMean ] => { 200 }# [ fldSD ] => { 80 }# [ maxReadOcc ] => { 200 }# [ maxFragLen ] => { 1000 }# [ txpAggregationKey ] => { gene_id }# [ numBiasSamples ] => { 1000000 }# [ numFragSamples ] => { 10000 }# [ numGibbsSamples ] => { 0 }# [ numBootstraps ] => { 0 }Logs will be written to ./results/logs[2025-11-25 01:07:18.029] [jointLog] [info] parsing read library formatthere is 1 libLoading 32-bit quasi indexIndex contained 15 targetsLoaded targets[2025-11-25 01:07:18.087] [jointLog] [info] Loading Quasi index[2025-11-25 01:07:18.091] [jointLog] [info] done[2025-11-25 01:07:18.111] [jointLog] [info] Gathered fragment lengths from all threads[2025-11-25 01:07:18.111] [jointLog] [warning] Sailfish saw fewer then 10000 uniquely mapped reads so 200 will be used as the mean fragment length and 80 as the standard deviation for effective length correction[2025-11-25 01:07:18.112] [jointLog] [info] Estimating effective lengths[2025-11-25 01:07:18.088] [stderrLog] [info] Loading Suffix Array [2025-11-25 01:07:18.089] [stderrLog] [info] Loading Position Hash[2025-11-25 01:07:18.089] [stderrLog] [info] Loading Transcript Info [2025-11-25 01:07:18.090] [stderrLog] [info] Loading Rank-Select Bit Array[2025-11-25 01:07:18.090] [stderrLog] [info] There were 15 set bits in the bit array[2025-11-25 01:07:18.091] [stderrLog] [info] Computing transcript lengths[2025-11-25 01:07:18.091] [stderrLog] [info] Waiting to finish loading hash[2025-11-25 01:07:18.091] [stderrLog] [info] Done loading indexDone Quasi-Mapping [2025-11-25 01:07:18.122] [jointLog] [info] Computed 21 rich equivalence classes for further processing[2025-11-25 01:07:18.122] [jointLog] [info] Counted 10000 total reads in the equivalence classes [2025-11-25 01:07:18.123] [jointLog] [info] Starting optimizer:[2025-11-25 01:07:18.123] [jointLog] [info] Optimizing over 21 equivalence classes[2025-11-25 01:07:18.123] [jointLog] [info] iteration = 0 | max rel diff. = 14.873[2025-11-25 01:07:18.123] [jointLog] [info] iteration = 64 | max rel diff. = 0.00117687[2025-11-25 01:07:18.123] [jointLog] [info] Finished optimizer[2025-11-25 01:07:18.123] [jointLog] [info] writing output 
            ]]></system-err>
        
    </testcase>
    
    <testcase classname="sailfish (Test #3)" name="2" time="39.5949501991272">
        
            
            <system-out><![CDATA[
            
            ]]></system-out>
            <system-err><![CDATA[
            Version Info: Could not resolve upgrade information in the alotted time.Check for upgrades manually at www.cs.cmu.edu/~ckingsf/sailfish.writing log to ./index_dir/logs/sailfish_index.logRapMap Indexer[Step 1 of 4] : counting k-mersElapsed time: 0.00165532sReplaced 0 non-ATCG nucleotidesClipped poly-A tails from 0 transcriptsBuilding rank-select dictionary and saving to disk doneElapsed time: 3.36e-05sWriting sequence data to file . . . doneElapsed time: 8.231e-05s[info] Building 32-bit suffix array (length of generalized text is 28577)Building suffix array . . . successsaving to disk . . . doneElapsed time: 0.000114371sdoneElapsed time: 0.00724374sprocessed 0 positionskhash had 18955 keyssaving hash to disk . . . doneElapsed time: 0.00134877sVersion Info: Could not resolve upgrade information in the alotted time.Check for upgrades manually at www.cs.cmu.edu/~ckingsf/sailfish.# sailfish (quasi-mapping-based) v0.9.2# [ program ] => sailfish # [ command ] => quant # [ index ] => { ./index_dir }# [ mates1 ] => { ./mate1.fastq }# [ mates2 ] => { ./mate2.fastq }# [ libType ] => { IU }# [ output ] => { ./results }# [ biasCorrect ] => { }# [ threads ] => { 8 }# [ gcSizeSamp ] => { 1 }# [ gcSpeedSamp ] => { 1 }# [ fldMean ] => { 200 }# [ fldSD ] => { 80 }# [ maxReadOcc ] => { 200 }# [ maxFragLen ] => { 1000 }# [ txpAggregationKey ] => { gene_id }# [ numBiasSamples ] => { 1000000 }# [ numFragSamples ] => { 10000 }# [ numGibbsSamples ] => { 0 }# [ numBootstraps ] => { 0 }Logs will be written to ./results/logs[2025-11-25 01:07:58.103] [jointLog] [info] parsing read library formatthere is 1 libLoading 32-bit quasi indexIndex contained 15 targetsLoaded targets[2025-11-25 01:07:58.163] [jointLog] [info] Loading Quasi index[2025-11-25 01:07:58.166] [jointLog] [info] done[2025-11-25 01:07:58.184] [jointLog] [info] Gathered fragment lengths from all threads[2025-11-25 01:07:58.184] [jointLog] [warning] Sailfish saw fewer then 10000 uniquely mapped reads so 200 will be used as the mean fragment length and 80 as the standard deviation for effective length correction[2025-11-25 01:07:58.185] [jointLog] [info] Estimating effective lengthsDone Quasi-Mapping [2025-11-25 01:07:58.194] [jointLog] [info] Computed 21 rich equivalence classes for further processing[2025-11-25 01:07:58.194] [jointLog] [info] Counted 10000 total reads in the equivalence classes [2025-11-25 01:07:58.194] [jointLog] [info] Starting optimizer:[2025-11-25 01:07:58.194] [jointLog] [info] Optimizing over 21 equivalence classes[2025-11-25 01:07:58.194] [jointLog] [info] iteration = 0 | max rel diff. = 14.873[2025-11-25 01:07:58.194] [jointLog] [info] iteration 50, recomputing effective lengths[2025-11-25 01:07:58.164] [stderrLog] [info] Loading Suffix Array [2025-11-25 01:07:58.164] [stderrLog] [info] Loading Position Hash[2025-11-25 01:07:58.165] [stderrLog] [info] Loading Transcript Info [2025-11-25 01:07:58.166] [stderrLog] [info] Loading Rank-Select Bit Array[2025-11-25 01:07:58.166] [stderrLog] [info] There were 15 set bits in the bit array[2025-11-25 01:07:58.166] [stderrLog] [info] Computing transcript lengths[2025-11-25 01:07:58.166] [stderrLog] [info] Waiting to finish loading hash[2025-11-25 01:07:58.166] [stderrLog] [info] Done loading index[2025-11-25 01:07:58.196] [jointLog] [info] iteration = 63 | max rel diff. = 0.00199953[2025-11-25 01:07:58.196] [jointLog] [info] Finished optimizer[2025-11-25 01:07:58.196] [jointLog] [info] writing output 
            ]]></system-err>
        
    </testcase>
    
    <testcase classname="sailfish (Test #4)" name="3" time="26.067881107330322">
        
            <error type="error" message="Input staging problem: Traceback (most recent call last):
  File "/opt/hostedtoolcache/Python/3.12.12/x64/lib/python3.12/site-packages/galaxy/tool_util/verify/interactor.py", line 1436, in verify_tool
    stage_data_in_history(
  File "/opt/hostedtoolcache/Python/3.12.12/x64/lib/python3.12/site-packages/galaxy/tool_util/verify/interactor.py", line 175, in stage_data_in_history
    staging_interface.handle_jobs()
  File "/opt/hostedtoolcache/Python/3.12.12/x64/lib/python3.12/site-packages/galaxy/tool_util/verify/interactor.py", line 212, in handle_jobs
    self.galaxy_interactor.wait_for_job(job_response["id"], job_response["history_id"], self.maxseconds)
  File "/opt/hostedtoolcache/Python/3.12.12/x64/lib/python3.12/site-packages/galaxy/tool_util/verify/interactor.py", line 399, in wait_for_job
    self.wait_for(lambda: self.__job_ready(job_id, history_id), maxseconds=maxseconds)
  File "/opt/hostedtoolcache/Python/3.12.12/x64/lib/python3.12/site-packages/galaxy/tool_util/verify/interactor.py", line 403, in wait_for
    wait_on(func, what, walltime_exceeded)
  File "/opt/hostedtoolcache/Python/3.12.12/x64/lib/python3.12/site-packages/galaxy/tool_util/verify/wait.py", line 38, in wait_on
    value = function()
            ^^^^^^^^^^
  File "/opt/hostedtoolcache/Python/3.12.12/x64/lib/python3.12/site-packages/galaxy/tool_util/verify/interactor.py", line 399, in <lambda>
    self.wait_for(lambda: self.__job_ready(job_id, history_id), maxseconds=maxseconds)
                          ^^^^^^^^^^^^^^^^^^^^^^^^^^^^^^^^^^^^
  File "/opt/hostedtoolcache/Python/3.12.12/x64/lib/python3.12/site-packages/galaxy/tool_util/verify/interactor.py", line 749, in __job_ready
    return self._state_ready(job_id, error_msg="Job in error state.")
           ^^^^^^^^^^^^^^^^^^^^^^^^^^^^^^^^^^^^^^^^^^^^^^^^^^^^^^^^^^
  File "/opt/hostedtoolcache/Python/3.12.12/x64/lib/python3.12/site-packages/galaxy/tool_util/verify/interactor.py", line 841, in _state_ready
    raise Exception(
Exception: Job in error state.. tool_id: __DATA_FETCH__, exit_code: None, stderr: .
"><![CDATA[
                { "execution_problem": "Input staging problem: Traceback (most recent call last):\n  File \"/opt/hostedtoolcache/Python/3.12.12/x64/lib/python3.12/site-packages/galaxy/tool_util/verify/interactor.py\", line 1436, in verify_tool\n    stage_data_in_history(\n  File \"/opt/hostedtoolcache/Python/3.12.12/x64/lib/python3.12/site-packages/galaxy/tool_util/verify/interactor.py\", line 175, in stage_data_in_history\n    staging_interface.handle_jobs()\n  File \"/opt/hostedtoolcache/Python/3.12.12/x64/lib/python3.12/site-packages/galaxy/tool_util/verify/interactor.py\", line 212, in handle_jobs\n    self.galaxy_interactor.wait_for_job(job_response[\"id\"], job_response[\"history_id\"], self.maxseconds)\n  File \"/opt/hostedtoolcache/Python/3.12.12/x64/lib/python3.12/site-packages/galaxy/tool_util/verify/interactor.py\", line 399, in wait_for_job\n    self.wait_for(lambda: self.__job_ready(job_id, history_id), maxseconds=maxseconds)\n  File \"/opt/hostedtoolcache/Python/3.12.12/x64/lib/python3.12/site-packages/galaxy/tool_util/verify/interactor.py\", line 403, in wait_for\n    wait_on(func, what, walltime_exceeded)\n  File \"/opt/hostedtoolcache/Python/3.12.12/x64/lib/python3.12/site-packages/galaxy/tool_util/verify/wait.py\", line 38, in wait_on\n    value = function()\n            ^^^^^^^^^^\n  File \"/opt/hostedtoolcache/Python/3.12.12/x64/lib/python3.12/site-packages/galaxy/tool_util/verify/interactor.py\", line 399, in \u003clambda\u003e\n    self.wait_for(lambda: self.__job_ready(job_id, history_id), maxseconds=maxseconds)\n                          ^^^^^^^^^^^^^^^^^^^^^^^^^^^^^^^^^^^^\n  File \"/opt/hostedtoolcache/Python/3.12.12/x64/lib/python3.12/site-packages/galaxy/tool_util/verify/interactor.py\", line 749, in __job_ready\n    return self._state_ready(job_id, error_msg=\"Job in error state.\")\n           ^^^^^^^^^^^^^^^^^^^^^^^^^^^^^^^^^^^^^^^^^^^^^^^^^^^^^^^^^^\n  File \"/opt/hostedtoolcache/Python/3.12.12/x64/lib/python3.12/site-packages/galaxy/tool_util/verify/interactor.py\", line 841, in _state_ready\n    raise Exception(\nException: Job in error state.. tool_id: __DATA_FETCH__, exit_code: None, stderr: .\n", "status": "error", "test_index": 3, "time_seconds": 26.067881107330322, "tool_id": "sailfish", "tool_version": "0.10.1.1"}
            ]]></error>
        
    </testcase>
    
    <testcase classname="sam_pileup (Test #1)" name="0" time="0.09798169136047363">
        
            <error type="error" message="Input staging problem: Traceback (most recent call last):
  File "/opt/hostedtoolcache/Python/3.12.12/x64/lib/python3.12/site-packages/galaxy/tool_util/verify/interactor.py", line 1436, in verify_tool
    stage_data_in_history(
  File "/opt/hostedtoolcache/Python/3.12.12/x64/lib/python3.12/site-packages/galaxy/tool_util/verify/interactor.py", line 163, in stage_data_in_history
    test_dict = galaxy_interactor.remote_to_input(
                ^^^^^^^^^^^^^^^^^^^^^^^^^^^^^^^^^^
  File "/opt/hostedtoolcache/Python/3.12.12/x64/lib/python3.12/site-packages/galaxy/tool_util/verify/interactor.py", line 582, in remote_to_input
    path_or_location = self._get_path_or_location(
                       ^^^^^^^^^^^^^^^^^^^^^^^^^^^
  File "/opt/hostedtoolcache/Python/3.12.12/x64/lib/python3.12/site-packages/galaxy/tool_util/verify/interactor.py", line 619, in _get_path_or_location
    path = self.test_data_download(
           ^^^^^^^^^^^^^^^^^^^^^^^^
  File "/opt/hostedtoolcache/Python/3.12.12/x64/lib/python3.12/site-packages/galaxy/tool_util/verify/interactor.py", line 525, in test_data_download
    raise AssertionError(f"Test input file ({filename}) cannot be found.")
AssertionError: Test input file (sam_pileup_in1.bam) cannot be found.
"><![CDATA[
                { "execution_problem": "Input staging problem: Traceback (most recent call last):\n  File \"/opt/hostedtoolcache/Python/3.12.12/x64/lib/python3.12/site-packages/galaxy/tool_util/verify/interactor.py\", line 1436, in verify_tool\n    stage_data_in_history(\n  File \"/opt/hostedtoolcache/Python/3.12.12/x64/lib/python3.12/site-packages/galaxy/tool_util/verify/interactor.py\", line 163, in stage_data_in_history\n    test_dict = galaxy_interactor.remote_to_input(\n                ^^^^^^^^^^^^^^^^^^^^^^^^^^^^^^^^^^\n  File \"/opt/hostedtoolcache/Python/3.12.12/x64/lib/python3.12/site-packages/galaxy/tool_util/verify/interactor.py\", line 582, in remote_to_input\n    path_or_location = self._get_path_or_location(\n                       ^^^^^^^^^^^^^^^^^^^^^^^^^^^\n  File \"/opt/hostedtoolcache/Python/3.12.12/x64/lib/python3.12/site-packages/galaxy/tool_util/verify/interactor.py\", line 619, in _get_path_or_location\n    path = self.test_data_download(\n           ^^^^^^^^^^^^^^^^^^^^^^^^\n  File \"/opt/hostedtoolcache/Python/3.12.12/x64/lib/python3.12/site-packages/galaxy/tool_util/verify/interactor.py\", line 525, in test_data_download\n    raise AssertionError(f\"Test input file ({filename}) cannot be found.\")\nAssertionError: Test input file (sam_pileup_in1.bam) cannot be found.\n", "status": "error", "test_index": 0, "time_seconds": 0.09798169136047363, "tool_id": "sam_pileup", "tool_version": "1.1.3"}
            ]]></error>
        
    </testcase>
    
    <testcase classname="samtools_calmd (Test #1)" name="0" time="0.0972299575805664">
        
            <error type="error" message="Input staging problem: Traceback (most recent call last):
  File "/opt/hostedtoolcache/Python/3.12.12/x64/lib/python3.12/site-packages/galaxy/tool_util/verify/interactor.py", line 1436, in verify_tool
    stage_data_in_history(
  File "/opt/hostedtoolcache/Python/3.12.12/x64/lib/python3.12/site-packages/galaxy/tool_util/verify/interactor.py", line 163, in stage_data_in_history
    test_dict = galaxy_interactor.remote_to_input(
                ^^^^^^^^^^^^^^^^^^^^^^^^^^^^^^^^^^
  File "/opt/hostedtoolcache/Python/3.12.12/x64/lib/python3.12/site-packages/galaxy/tool_util/verify/interactor.py", line 582, in remote_to_input
    path_or_location = self._get_path_or_location(
                       ^^^^^^^^^^^^^^^^^^^^^^^^^^^
  File "/opt/hostedtoolcache/Python/3.12.12/x64/lib/python3.12/site-packages/galaxy/tool_util/verify/interactor.py", line 619, in _get_path_or_location
    path = self.test_data_download(
           ^^^^^^^^^^^^^^^^^^^^^^^^
  File "/opt/hostedtoolcache/Python/3.12.12/x64/lib/python3.12/site-packages/galaxy/tool_util/verify/interactor.py", line 525, in test_data_download
    raise AssertionError(f"Test input file ({filename}) cannot be found.")
AssertionError: Test input file (phiX.bam) cannot be found.
"><![CDATA[
                { "execution_problem": "Input staging problem: Traceback (most recent call last):\n  File \"/opt/hostedtoolcache/Python/3.12.12/x64/lib/python3.12/site-packages/galaxy/tool_util/verify/interactor.py\", line 1436, in verify_tool\n    stage_data_in_history(\n  File \"/opt/hostedtoolcache/Python/3.12.12/x64/lib/python3.12/site-packages/galaxy/tool_util/verify/interactor.py\", line 163, in stage_data_in_history\n    test_dict = galaxy_interactor.remote_to_input(\n                ^^^^^^^^^^^^^^^^^^^^^^^^^^^^^^^^^^\n  File \"/opt/hostedtoolcache/Python/3.12.12/x64/lib/python3.12/site-packages/galaxy/tool_util/verify/interactor.py\", line 582, in remote_to_input\n    path_or_location = self._get_path_or_location(\n                       ^^^^^^^^^^^^^^^^^^^^^^^^^^^\n  File \"/opt/hostedtoolcache/Python/3.12.12/x64/lib/python3.12/site-packages/galaxy/tool_util/verify/interactor.py\", line 619, in _get_path_or_location\n    path = self.test_data_download(\n           ^^^^^^^^^^^^^^^^^^^^^^^^\n  File \"/opt/hostedtoolcache/Python/3.12.12/x64/lib/python3.12/site-packages/galaxy/tool_util/verify/interactor.py\", line 525, in test_data_download\n    raise AssertionError(f\"Test input file ({filename}) cannot be found.\")\nAssertionError: Test input file (phiX.bam) cannot be found.\n", "status": "error", "test_index": 0, "time_seconds": 0.0972299575805664, "tool_id": "samtools_calmd", "tool_version": "2.0.6"}
            ]]></error>
        
    </testcase>
    
    <testcase classname="samtools_calmd (Test #2)" name="1" time="0.05370640754699707">
        
            <error type="error" message="Input staging problem: Traceback (most recent call last):
  File "/opt/hostedtoolcache/Python/3.12.12/x64/lib/python3.12/site-packages/galaxy/tool_util/verify/interactor.py", line 1436, in verify_tool
    stage_data_in_history(
  File "/opt/hostedtoolcache/Python/3.12.12/x64/lib/python3.12/site-packages/galaxy/tool_util/verify/interactor.py", line 163, in stage_data_in_history
    test_dict = galaxy_interactor.remote_to_input(
                ^^^^^^^^^^^^^^^^^^^^^^^^^^^^^^^^^^
  File "/opt/hostedtoolcache/Python/3.12.12/x64/lib/python3.12/site-packages/galaxy/tool_util/verify/interactor.py", line 582, in remote_to_input
    path_or_location = self._get_path_or_location(
                       ^^^^^^^^^^^^^^^^^^^^^^^^^^^
  File "/opt/hostedtoolcache/Python/3.12.12/x64/lib/python3.12/site-packages/galaxy/tool_util/verify/interactor.py", line 619, in _get_path_or_location
    path = self.test_data_download(
           ^^^^^^^^^^^^^^^^^^^^^^^^
  File "/opt/hostedtoolcache/Python/3.12.12/x64/lib/python3.12/site-packages/galaxy/tool_util/verify/interactor.py", line 525, in test_data_download
    raise AssertionError(f"Test input file ({filename}) cannot be found.")
AssertionError: Test input file (phiX.bam) cannot be found.
"><![CDATA[
                { "execution_problem": "Input staging problem: Traceback (most recent call last):\n  File \"/opt/hostedtoolcache/Python/3.12.12/x64/lib/python3.12/site-packages/galaxy/tool_util/verify/interactor.py\", line 1436, in verify_tool\n    stage_data_in_history(\n  File \"/opt/hostedtoolcache/Python/3.12.12/x64/lib/python3.12/site-packages/galaxy/tool_util/verify/interactor.py\", line 163, in stage_data_in_history\n    test_dict = galaxy_interactor.remote_to_input(\n                ^^^^^^^^^^^^^^^^^^^^^^^^^^^^^^^^^^\n  File \"/opt/hostedtoolcache/Python/3.12.12/x64/lib/python3.12/site-packages/galaxy/tool_util/verify/interactor.py\", line 582, in remote_to_input\n    path_or_location = self._get_path_or_location(\n                       ^^^^^^^^^^^^^^^^^^^^^^^^^^^\n  File \"/opt/hostedtoolcache/Python/3.12.12/x64/lib/python3.12/site-packages/galaxy/tool_util/verify/interactor.py\", line 619, in _get_path_or_location\n    path = self.test_data_download(\n           ^^^^^^^^^^^^^^^^^^^^^^^^\n  File \"/opt/hostedtoolcache/Python/3.12.12/x64/lib/python3.12/site-packages/galaxy/tool_util/verify/interactor.py\", line 525, in test_data_download\n    raise AssertionError(f\"Test input file ({filename}) cannot be found.\")\nAssertionError: Test input file (phiX.bam) cannot be found.\n", "status": "error", "test_index": 1, "time_seconds": 0.05370640754699707, "tool_id": "samtools_calmd", "tool_version": "2.0.6"}
            ]]></error>
        
    </testcase>
    
    <testcase classname="vcfgeno2haplo (Test #1)" name="0" time="0.0979452133178711">
        
            <error type="error" message="Input staging problem: Traceback (most recent call last):
  File "/opt/hostedtoolcache/Python/3.12.12/x64/lib/python3.12/site-packages/galaxy/tool_util/verify/interactor.py", line 1436, in verify_tool
    stage_data_in_history(
  File "/opt/hostedtoolcache/Python/3.12.12/x64/lib/python3.12/site-packages/galaxy/tool_util/verify/interactor.py", line 163, in stage_data_in_history
    test_dict = galaxy_interactor.remote_to_input(
                ^^^^^^^^^^^^^^^^^^^^^^^^^^^^^^^^^^
  File "/opt/hostedtoolcache/Python/3.12.12/x64/lib/python3.12/site-packages/galaxy/tool_util/verify/interactor.py", line 582, in remote_to_input
    path_or_location = self._get_path_or_location(
                       ^^^^^^^^^^^^^^^^^^^^^^^^^^^
  File "/opt/hostedtoolcache/Python/3.12.12/x64/lib/python3.12/site-packages/galaxy/tool_util/verify/interactor.py", line 619, in _get_path_or_location
    path = self.test_data_download(
           ^^^^^^^^^^^^^^^^^^^^^^^^
  File "/opt/hostedtoolcache/Python/3.12.12/x64/lib/python3.12/site-packages/galaxy/tool_util/verify/interactor.py", line 525, in test_data_download
    raise AssertionError(f"Test input file ({filename}) cannot be found.")
AssertionError: Test input file (vcflib-test-genome-phix.fa) cannot be found.
"><![CDATA[
                { "execution_problem": "Input staging problem: Traceback (most recent call last):\n  File \"/opt/hostedtoolcache/Python/3.12.12/x64/lib/python3.12/site-packages/galaxy/tool_util/verify/interactor.py\", line 1436, in verify_tool\n    stage_data_in_history(\n  File \"/opt/hostedtoolcache/Python/3.12.12/x64/lib/python3.12/site-packages/galaxy/tool_util/verify/interactor.py\", line 163, in stage_data_in_history\n    test_dict = galaxy_interactor.remote_to_input(\n                ^^^^^^^^^^^^^^^^^^^^^^^^^^^^^^^^^^\n  File \"/opt/hostedtoolcache/Python/3.12.12/x64/lib/python3.12/site-packages/galaxy/tool_util/verify/interactor.py\", line 582, in remote_to_input\n    path_or_location = self._get_path_or_location(\n                       ^^^^^^^^^^^^^^^^^^^^^^^^^^^\n  File \"/opt/hostedtoolcache/Python/3.12.12/x64/lib/python3.12/site-packages/galaxy/tool_util/verify/interactor.py\", line 619, in _get_path_or_location\n    path = self.test_data_download(\n           ^^^^^^^^^^^^^^^^^^^^^^^^\n  File \"/opt/hostedtoolcache/Python/3.12.12/x64/lib/python3.12/site-packages/galaxy/tool_util/verify/interactor.py\", line 525, in test_data_download\n    raise AssertionError(f\"Test input file ({filename}) cannot be found.\")\nAssertionError: Test input file (vcflib-test-genome-phix.fa) cannot be found.\n", "status": "error", "test_index": 0, "time_seconds": 0.0979452133178711, "tool_id": "vcfgeno2haplo", "tool_version": "1.0.0_rc3+galaxy0"}
            ]]></error>
        
    </testcase>
    
</testsuite>