<?xml version="1.0" encoding="UTF-8"?>
<testsuite name="Results (powered by Planemo)"
           tests="81"
           errors="44"
           failures="1"
           skip="0">
    
    <testcase classname="bcftools_annotate (Test #1)" name="0" time="11.846097946166992">
        
            <error type="error" message="Input staging problem: Traceback (most recent call last):
  File "/opt/hostedtoolcache/Python/3.12.12/x64/lib/python3.12/site-packages/galaxy/tool_util/verify/interactor.py", line 1466, in verify_tool
    stage_data_in_history(
  File "/opt/hostedtoolcache/Python/3.12.12/x64/lib/python3.12/site-packages/galaxy/tool_util/verify/interactor.py", line 175, in stage_data_in_history
    staging_interface.handle_jobs()
  File "/opt/hostedtoolcache/Python/3.12.12/x64/lib/python3.12/site-packages/galaxy/tool_util/verify/interactor.py", line 212, in handle_jobs
    self.galaxy_interactor.wait_for_job(job_response["id"], job_response["history_id"], self.maxseconds)
  File "/opt/hostedtoolcache/Python/3.12.12/x64/lib/python3.12/site-packages/galaxy/tool_util/verify/interactor.py", line 398, in wait_for_job
    self.wait_for(lambda: self.__job_ready(job_id, history_id), maxseconds=maxseconds)
  File "/opt/hostedtoolcache/Python/3.12.12/x64/lib/python3.12/site-packages/galaxy/tool_util/verify/interactor.py", line 402, in wait_for
    wait_on(func, what, walltime_exceeded)
  File "/opt/hostedtoolcache/Python/3.12.12/x64/lib/python3.12/site-packages/galaxy/tool_util/verify/wait.py", line 38, in wait_on
    value = function()
            ^^^^^^^^^^
  File "/opt/hostedtoolcache/Python/3.12.12/x64/lib/python3.12/site-packages/galaxy/tool_util/verify/interactor.py", line 398, in <lambda>
    self.wait_for(lambda: self.__job_ready(job_id, history_id), maxseconds=maxseconds)
                          ^^^^^^^^^^^^^^^^^^^^^^^^^^^^^^^^^^^^
  File "/opt/hostedtoolcache/Python/3.12.12/x64/lib/python3.12/site-packages/galaxy/tool_util/verify/interactor.py", line 751, in __job_ready
    return self._state_ready(job_id, error_msg="Job in error state.")
           ^^^^^^^^^^^^^^^^^^^^^^^^^^^^^^^^^^^^^^^^^^^^^^^^^^^^^^^^^^
  File "/opt/hostedtoolcache/Python/3.12.12/x64/lib/python3.12/site-packages/galaxy/tool_util/verify/interactor.py", line 847, in _state_ready
    raise Exception(
Exception: Job in error state.. tool_id: __DATA_FETCH__, exit_code: None, stderr: .
"><![CDATA[
                { "execution_problem": "Input staging problem: Traceback (most recent call last):\n  File \"/opt/hostedtoolcache/Python/3.12.12/x64/lib/python3.12/site-packages/galaxy/tool_util/verify/interactor.py\", line 1466, in verify_tool\n    stage_data_in_history(\n  File \"/opt/hostedtoolcache/Python/3.12.12/x64/lib/python3.12/site-packages/galaxy/tool_util/verify/interactor.py\", line 175, in stage_data_in_history\n    staging_interface.handle_jobs()\n  File \"/opt/hostedtoolcache/Python/3.12.12/x64/lib/python3.12/site-packages/galaxy/tool_util/verify/interactor.py\", line 212, in handle_jobs\n    self.galaxy_interactor.wait_for_job(job_response[\"id\"], job_response[\"history_id\"], self.maxseconds)\n  File \"/opt/hostedtoolcache/Python/3.12.12/x64/lib/python3.12/site-packages/galaxy/tool_util/verify/interactor.py\", line 398, in wait_for_job\n    self.wait_for(lambda: self.__job_ready(job_id, history_id), maxseconds=maxseconds)\n  File \"/opt/hostedtoolcache/Python/3.12.12/x64/lib/python3.12/site-packages/galaxy/tool_util/verify/interactor.py\", line 402, in wait_for\n    wait_on(func, what, walltime_exceeded)\n  File \"/opt/hostedtoolcache/Python/3.12.12/x64/lib/python3.12/site-packages/galaxy/tool_util/verify/wait.py\", line 38, in wait_on\n    value = function()\n            ^^^^^^^^^^\n  File \"/opt/hostedtoolcache/Python/3.12.12/x64/lib/python3.12/site-packages/galaxy/tool_util/verify/interactor.py\", line 398, in \u003clambda\u003e\n    self.wait_for(lambda: self.__job_ready(job_id, history_id), maxseconds=maxseconds)\n                          ^^^^^^^^^^^^^^^^^^^^^^^^^^^^^^^^^^^^\n  File \"/opt/hostedtoolcache/Python/3.12.12/x64/lib/python3.12/site-packages/galaxy/tool_util/verify/interactor.py\", line 751, in __job_ready\n    return self._state_ready(job_id, error_msg=\"Job in error state.\")\n           ^^^^^^^^^^^^^^^^^^^^^^^^^^^^^^^^^^^^^^^^^^^^^^^^^^^^^^^^^^\n  File \"/opt/hostedtoolcache/Python/3.12.12/x64/lib/python3.12/site-packages/galaxy/tool_util/verify/interactor.py\", line 847, in _state_ready\n    raise Exception(\nException: Job in error state.. tool_id: __DATA_FETCH__, exit_code: None, stderr: .\n", "status": "error", "test_index": 0, "time_seconds": 11.846097946166992, "tool_id": "bcftools_annotate", "tool_version": "1.22+galaxy0"}
            ]]></error>
        
    </testcase>
    
    <testcase classname="bcftools_annotate (Test #2)" name="1" time="20.454686641693115">
        
            <error type="error" message="Input staging problem: Traceback (most recent call last):
  File "/opt/hostedtoolcache/Python/3.12.12/x64/lib/python3.12/site-packages/galaxy/tool_util/verify/interactor.py", line 1466, in verify_tool
    stage_data_in_history(
  File "/opt/hostedtoolcache/Python/3.12.12/x64/lib/python3.12/site-packages/galaxy/tool_util/verify/interactor.py", line 175, in stage_data_in_history
    staging_interface.handle_jobs()
  File "/opt/hostedtoolcache/Python/3.12.12/x64/lib/python3.12/site-packages/galaxy/tool_util/verify/interactor.py", line 212, in handle_jobs
    self.galaxy_interactor.wait_for_job(job_response["id"], job_response["history_id"], self.maxseconds)
  File "/opt/hostedtoolcache/Python/3.12.12/x64/lib/python3.12/site-packages/galaxy/tool_util/verify/interactor.py", line 398, in wait_for_job
    self.wait_for(lambda: self.__job_ready(job_id, history_id), maxseconds=maxseconds)
  File "/opt/hostedtoolcache/Python/3.12.12/x64/lib/python3.12/site-packages/galaxy/tool_util/verify/interactor.py", line 402, in wait_for
    wait_on(func, what, walltime_exceeded)
  File "/opt/hostedtoolcache/Python/3.12.12/x64/lib/python3.12/site-packages/galaxy/tool_util/verify/wait.py", line 38, in wait_on
    value = function()
            ^^^^^^^^^^
  File "/opt/hostedtoolcache/Python/3.12.12/x64/lib/python3.12/site-packages/galaxy/tool_util/verify/interactor.py", line 398, in <lambda>
    self.wait_for(lambda: self.__job_ready(job_id, history_id), maxseconds=maxseconds)
                          ^^^^^^^^^^^^^^^^^^^^^^^^^^^^^^^^^^^^
  File "/opt/hostedtoolcache/Python/3.12.12/x64/lib/python3.12/site-packages/galaxy/tool_util/verify/interactor.py", line 751, in __job_ready
    return self._state_ready(job_id, error_msg="Job in error state.")
           ^^^^^^^^^^^^^^^^^^^^^^^^^^^^^^^^^^^^^^^^^^^^^^^^^^^^^^^^^^
  File "/opt/hostedtoolcache/Python/3.12.12/x64/lib/python3.12/site-packages/galaxy/tool_util/verify/interactor.py", line 847, in _state_ready
    raise Exception(
Exception: Job in error state.. tool_id: __DATA_FETCH__, exit_code: None, stderr: .
"><![CDATA[
                { "execution_problem": "Input staging problem: Traceback (most recent call last):\n  File \"/opt/hostedtoolcache/Python/3.12.12/x64/lib/python3.12/site-packages/galaxy/tool_util/verify/interactor.py\", line 1466, in verify_tool\n    stage_data_in_history(\n  File \"/opt/hostedtoolcache/Python/3.12.12/x64/lib/python3.12/site-packages/galaxy/tool_util/verify/interactor.py\", line 175, in stage_data_in_history\n    staging_interface.handle_jobs()\n  File \"/opt/hostedtoolcache/Python/3.12.12/x64/lib/python3.12/site-packages/galaxy/tool_util/verify/interactor.py\", line 212, in handle_jobs\n    self.galaxy_interactor.wait_for_job(job_response[\"id\"], job_response[\"history_id\"], self.maxseconds)\n  File \"/opt/hostedtoolcache/Python/3.12.12/x64/lib/python3.12/site-packages/galaxy/tool_util/verify/interactor.py\", line 398, in wait_for_job\n    self.wait_for(lambda: self.__job_ready(job_id, history_id), maxseconds=maxseconds)\n  File \"/opt/hostedtoolcache/Python/3.12.12/x64/lib/python3.12/site-packages/galaxy/tool_util/verify/interactor.py\", line 402, in wait_for\n    wait_on(func, what, walltime_exceeded)\n  File \"/opt/hostedtoolcache/Python/3.12.12/x64/lib/python3.12/site-packages/galaxy/tool_util/verify/wait.py\", line 38, in wait_on\n    value = function()\n            ^^^^^^^^^^\n  File \"/opt/hostedtoolcache/Python/3.12.12/x64/lib/python3.12/site-packages/galaxy/tool_util/verify/interactor.py\", line 398, in \u003clambda\u003e\n    self.wait_for(lambda: self.__job_ready(job_id, history_id), maxseconds=maxseconds)\n                          ^^^^^^^^^^^^^^^^^^^^^^^^^^^^^^^^^^^^\n  File \"/opt/hostedtoolcache/Python/3.12.12/x64/lib/python3.12/site-packages/galaxy/tool_util/verify/interactor.py\", line 751, in __job_ready\n    return self._state_ready(job_id, error_msg=\"Job in error state.\")\n           ^^^^^^^^^^^^^^^^^^^^^^^^^^^^^^^^^^^^^^^^^^^^^^^^^^^^^^^^^^\n  File \"/opt/hostedtoolcache/Python/3.12.12/x64/lib/python3.12/site-packages/galaxy/tool_util/verify/interactor.py\", line 847, in _state_ready\n    raise Exception(\nException: Job in error state.. tool_id: __DATA_FETCH__, exit_code: None, stderr: .\n", "status": "error", "test_index": 1, "time_seconds": 20.454686641693115, "tool_id": "bcftools_annotate", "tool_version": "1.22+galaxy0"}
            ]]></error>
        
    </testcase>
    
    <testcase classname="bcftools_annotate (Test #3)" name="2" time="37.84980082511902">
        
            
            <system-out><![CDATA[
            
            ]]></system-out>
            <system-err><![CDATA[
            
            ]]></system-err>
        
    </testcase>
    
    <testcase classname="bcftools_annotate (Test #4)" name="3" time="32.40957164764404">
        
            
            <system-out><![CDATA[
            
            ]]></system-out>
            <system-err><![CDATA[
            
            ]]></system-err>
        
    </testcase>
    
    <testcase classname="bcftools_annotate (Test #5)" name="4" time="32.20905804634094">
        
            
            <system-out><![CDATA[
            
            ]]></system-out>
            <system-err><![CDATA[
            
            ]]></system-err>
        
    </testcase>
    
    <testcase classname="bcftools_annotate (Test #6)" name="5" time="34.530731439590454">
        
            
            <system-out><![CDATA[
            
            ]]></system-out>
            <system-err><![CDATA[
            
            ]]></system-err>
        
    </testcase>
    
    <testcase classname="bcftools_annotate (Test #7)" name="6" time="31.050803184509277">
        
            
            <system-out><![CDATA[
            
            ]]></system-out>
            <system-err><![CDATA[
            
            ]]></system-err>
        
    </testcase>
    
    <testcase classname="bcftools_annotate (Test #8)" name="7" time="31.63301682472229">
        
            
            <system-out><![CDATA[
            
            ]]></system-out>
            <system-err><![CDATA[
            
            ]]></system-err>
        
    </testcase>
    
    <testcase classname="bcftools_annotate (Test #9)" name="8" time="10.129762649536133">
        
            <error type="error" message="Input staging problem: Traceback (most recent call last):
  File "/opt/hostedtoolcache/Python/3.12.12/x64/lib/python3.12/site-packages/galaxy/tool_util/verify/interactor.py", line 1466, in verify_tool
    stage_data_in_history(
  File "/opt/hostedtoolcache/Python/3.12.12/x64/lib/python3.12/site-packages/galaxy/tool_util/verify/interactor.py", line 175, in stage_data_in_history
    staging_interface.handle_jobs()
  File "/opt/hostedtoolcache/Python/3.12.12/x64/lib/python3.12/site-packages/galaxy/tool_util/verify/interactor.py", line 212, in handle_jobs
    self.galaxy_interactor.wait_for_job(job_response["id"], job_response["history_id"], self.maxseconds)
  File "/opt/hostedtoolcache/Python/3.12.12/x64/lib/python3.12/site-packages/galaxy/tool_util/verify/interactor.py", line 398, in wait_for_job
    self.wait_for(lambda: self.__job_ready(job_id, history_id), maxseconds=maxseconds)
  File "/opt/hostedtoolcache/Python/3.12.12/x64/lib/python3.12/site-packages/galaxy/tool_util/verify/interactor.py", line 402, in wait_for
    wait_on(func, what, walltime_exceeded)
  File "/opt/hostedtoolcache/Python/3.12.12/x64/lib/python3.12/site-packages/galaxy/tool_util/verify/wait.py", line 38, in wait_on
    value = function()
            ^^^^^^^^^^
  File "/opt/hostedtoolcache/Python/3.12.12/x64/lib/python3.12/site-packages/galaxy/tool_util/verify/interactor.py", line 398, in <lambda>
    self.wait_for(lambda: self.__job_ready(job_id, history_id), maxseconds=maxseconds)
                          ^^^^^^^^^^^^^^^^^^^^^^^^^^^^^^^^^^^^
  File "/opt/hostedtoolcache/Python/3.12.12/x64/lib/python3.12/site-packages/galaxy/tool_util/verify/interactor.py", line 751, in __job_ready
    return self._state_ready(job_id, error_msg="Job in error state.")
           ^^^^^^^^^^^^^^^^^^^^^^^^^^^^^^^^^^^^^^^^^^^^^^^^^^^^^^^^^^
  File "/opt/hostedtoolcache/Python/3.12.12/x64/lib/python3.12/site-packages/galaxy/tool_util/verify/interactor.py", line 847, in _state_ready
    raise Exception(
Exception: Job in error state.. tool_id: __DATA_FETCH__, exit_code: None, stderr: .
"><![CDATA[
                { "execution_problem": "Input staging problem: Traceback (most recent call last):\n  File \"/opt/hostedtoolcache/Python/3.12.12/x64/lib/python3.12/site-packages/galaxy/tool_util/verify/interactor.py\", line 1466, in verify_tool\n    stage_data_in_history(\n  File \"/opt/hostedtoolcache/Python/3.12.12/x64/lib/python3.12/site-packages/galaxy/tool_util/verify/interactor.py\", line 175, in stage_data_in_history\n    staging_interface.handle_jobs()\n  File \"/opt/hostedtoolcache/Python/3.12.12/x64/lib/python3.12/site-packages/galaxy/tool_util/verify/interactor.py\", line 212, in handle_jobs\n    self.galaxy_interactor.wait_for_job(job_response[\"id\"], job_response[\"history_id\"], self.maxseconds)\n  File \"/opt/hostedtoolcache/Python/3.12.12/x64/lib/python3.12/site-packages/galaxy/tool_util/verify/interactor.py\", line 398, in wait_for_job\n    self.wait_for(lambda: self.__job_ready(job_id, history_id), maxseconds=maxseconds)\n  File \"/opt/hostedtoolcache/Python/3.12.12/x64/lib/python3.12/site-packages/galaxy/tool_util/verify/interactor.py\", line 402, in wait_for\n    wait_on(func, what, walltime_exceeded)\n  File \"/opt/hostedtoolcache/Python/3.12.12/x64/lib/python3.12/site-packages/galaxy/tool_util/verify/wait.py\", line 38, in wait_on\n    value = function()\n            ^^^^^^^^^^\n  File \"/opt/hostedtoolcache/Python/3.12.12/x64/lib/python3.12/site-packages/galaxy/tool_util/verify/interactor.py\", line 398, in \u003clambda\u003e\n    self.wait_for(lambda: self.__job_ready(job_id, history_id), maxseconds=maxseconds)\n                          ^^^^^^^^^^^^^^^^^^^^^^^^^^^^^^^^^^^^\n  File \"/opt/hostedtoolcache/Python/3.12.12/x64/lib/python3.12/site-packages/galaxy/tool_util/verify/interactor.py\", line 751, in __job_ready\n    return self._state_ready(job_id, error_msg=\"Job in error state.\")\n           ^^^^^^^^^^^^^^^^^^^^^^^^^^^^^^^^^^^^^^^^^^^^^^^^^^^^^^^^^^\n  File \"/opt/hostedtoolcache/Python/3.12.12/x64/lib/python3.12/site-packages/galaxy/tool_util/verify/interactor.py\", line 847, in _state_ready\n    raise Exception(\nException: Job in error state.. tool_id: __DATA_FETCH__, exit_code: None, stderr: .\n", "status": "error", "test_index": 8, "time_seconds": 10.129762649536133, "tool_id": "bcftools_annotate", "tool_version": "1.22+galaxy0"}
            ]]></error>
        
    </testcase>
    
    <testcase classname="bcftools_annotate (Test #10)" name="9" time="30.708054780960083">
        
            
            <system-out><![CDATA[
            
            ]]></system-out>
            <system-err><![CDATA[
            
            ]]></system-err>
        
    </testcase>
    
    <testcase classname="bcftools_concat (Test #1)" name="0" time="78.77413082122803">
        
            
            <system-out><![CDATA[
            
            ]]></system-out>
            <system-err><![CDATA[
            Checking the headers and starting positions of 2 files
            ]]></system-err>
        
    </testcase>
    
    <testcase classname="bcftools_concat (Test #2)" name="1" time="34.50099420547485">
        
            
            <system-out><![CDATA[
            
            ]]></system-out>
            <system-err><![CDATA[
            Checking the headers and starting positions of 2 files
            ]]></system-err>
        
    </testcase>
    
    <testcase classname="bcftools_concat (Test #3)" name="2" time="34.705466985702515">
        
            
            <system-out><![CDATA[
            
            ]]></system-out>
            <system-err><![CDATA[
            Checking the headers and starting positions of 2 files
            ]]></system-err>
        
    </testcase>
    
    <testcase classname="bcftools_concat (Test #4)" name="3" time="33.8630428314209">
        
            
            <system-out><![CDATA[
            
            ]]></system-out>
            <system-err><![CDATA[
            Checking the headers and starting positions of 2 files
            ]]></system-err>
        
    </testcase>
    
    <testcase classname="bcftools_concat (Test #5)" name="4" time="34.13573718070984">
        
            
            <system-out><![CDATA[
            
            ]]></system-out>
            <system-err><![CDATA[
            Checking the headers and starting positions of 2 files
            ]]></system-err>
        
    </testcase>
    
    <testcase classname="bcftools_concat (Test #6)" name="5" time="33.98972225189209">
        
            
            <system-out><![CDATA[
            
            ]]></system-out>
            <system-err><![CDATA[
            Checking the headers and starting positions of 2 files
            ]]></system-err>
        
    </testcase>
    
    <testcase classname="bwa (Test #1)" name="0" time="40.19527554512024">
        
            
            <system-out><![CDATA[
            
            ]]></system-out>
            <system-err><![CDATA[
            [bwa_index] Pack FASTA... 0.00 sec[bwa_index] Construct BWT for the packed sequence...[bwa_index] 0.00 seconds elapse.[bwa_index] Update BWT... 0.00 sec[bwa_index] Pack forward-only FASTA... 0.00 sec[bwa_index] Construct SA from BWT and Occ... 0.00 sec[main] Version: 0.7.19-r1273[main] CMD: bwa index localref.fa[main] Real time: 0.050 sec; CPU: 0.009 sec[bwa_aln] 17bp reads: max_diff = 2[bwa_aln] 38bp reads: max_diff = 3[bwa_aln] 64bp reads: max_diff = 4[bwa_aln] 93bp reads: max_diff = 5[bwa_aln] 124bp reads: max_diff = 6[bwa_aln] 157bp reads: max_diff = 7[bwa_aln] 190bp reads: max_diff = 8[bwa_aln] 225bp reads: max_diff = 9[bwa_aln_core] calculate SA coordinate... 0.03 sec[bwa_aln_core] write to the disk... 0.00 sec[bwa_aln_core] 100 sequences have been processed.[main] Version: 0.7.19-r1273[main] CMD: bwa aln -t 8 localref.fa /galaxy/server/database/objects/4/5/1/dataset_4517677b-fa76-4b2f-9c12-7e8753f0aca9.dat[main] Real time: 0.015 sec; CPU: 0.029 sec[bwa_aln_core] convert to sequence coordinate... 0.00 sec[bwa_aln_core] refine gapped alignments... 0.00 sec[bwa_aln_core] print alignments... 0.00 sec[bwa_aln_core] 100 sequences have been processed.[main] Version: 0.7.19-r1273[main] CMD: bwa samse localref.fa first.sai /galaxy/server/database/objects/4/5/1/dataset_4517677b-fa76-4b2f-9c12-7e8753f0aca9.dat[main] Real time: 0.009 sec; CPU: 0.004 sec
            ]]></system-err>
        
    </testcase>
    
    <testcase classname="bwa (Test #2)" name="1" time="10.923586368560791">
        
            <error type="error" message="Input staging problem: Traceback (most recent call last):
  File "/opt/hostedtoolcache/Python/3.12.12/x64/lib/python3.12/site-packages/galaxy/tool_util/verify/interactor.py", line 1466, in verify_tool
    stage_data_in_history(
  File "/opt/hostedtoolcache/Python/3.12.12/x64/lib/python3.12/site-packages/galaxy/tool_util/verify/interactor.py", line 175, in stage_data_in_history
    staging_interface.handle_jobs()
  File "/opt/hostedtoolcache/Python/3.12.12/x64/lib/python3.12/site-packages/galaxy/tool_util/verify/interactor.py", line 212, in handle_jobs
    self.galaxy_interactor.wait_for_job(job_response["id"], job_response["history_id"], self.maxseconds)
  File "/opt/hostedtoolcache/Python/3.12.12/x64/lib/python3.12/site-packages/galaxy/tool_util/verify/interactor.py", line 398, in wait_for_job
    self.wait_for(lambda: self.__job_ready(job_id, history_id), maxseconds=maxseconds)
  File "/opt/hostedtoolcache/Python/3.12.12/x64/lib/python3.12/site-packages/galaxy/tool_util/verify/interactor.py", line 402, in wait_for
    wait_on(func, what, walltime_exceeded)
  File "/opt/hostedtoolcache/Python/3.12.12/x64/lib/python3.12/site-packages/galaxy/tool_util/verify/wait.py", line 38, in wait_on
    value = function()
            ^^^^^^^^^^
  File "/opt/hostedtoolcache/Python/3.12.12/x64/lib/python3.12/site-packages/galaxy/tool_util/verify/interactor.py", line 398, in <lambda>
    self.wait_for(lambda: self.__job_ready(job_id, history_id), maxseconds=maxseconds)
                          ^^^^^^^^^^^^^^^^^^^^^^^^^^^^^^^^^^^^
  File "/opt/hostedtoolcache/Python/3.12.12/x64/lib/python3.12/site-packages/galaxy/tool_util/verify/interactor.py", line 751, in __job_ready
    return self._state_ready(job_id, error_msg="Job in error state.")
           ^^^^^^^^^^^^^^^^^^^^^^^^^^^^^^^^^^^^^^^^^^^^^^^^^^^^^^^^^^
  File "/opt/hostedtoolcache/Python/3.12.12/x64/lib/python3.12/site-packages/galaxy/tool_util/verify/interactor.py", line 847, in _state_ready
    raise Exception(
Exception: Job in error state.. tool_id: __DATA_FETCH__, exit_code: None, stderr: .
"><![CDATA[
                { "execution_problem": "Input staging problem: Traceback (most recent call last):\n  File \"/opt/hostedtoolcache/Python/3.12.12/x64/lib/python3.12/site-packages/galaxy/tool_util/verify/interactor.py\", line 1466, in verify_tool\n    stage_data_in_history(\n  File \"/opt/hostedtoolcache/Python/3.12.12/x64/lib/python3.12/site-packages/galaxy/tool_util/verify/interactor.py\", line 175, in stage_data_in_history\n    staging_interface.handle_jobs()\n  File \"/opt/hostedtoolcache/Python/3.12.12/x64/lib/python3.12/site-packages/galaxy/tool_util/verify/interactor.py\", line 212, in handle_jobs\n    self.galaxy_interactor.wait_for_job(job_response[\"id\"], job_response[\"history_id\"], self.maxseconds)\n  File \"/opt/hostedtoolcache/Python/3.12.12/x64/lib/python3.12/site-packages/galaxy/tool_util/verify/interactor.py\", line 398, in wait_for_job\n    self.wait_for(lambda: self.__job_ready(job_id, history_id), maxseconds=maxseconds)\n  File \"/opt/hostedtoolcache/Python/3.12.12/x64/lib/python3.12/site-packages/galaxy/tool_util/verify/interactor.py\", line 402, in wait_for\n    wait_on(func, what, walltime_exceeded)\n  File \"/opt/hostedtoolcache/Python/3.12.12/x64/lib/python3.12/site-packages/galaxy/tool_util/verify/wait.py\", line 38, in wait_on\n    value = function()\n            ^^^^^^^^^^\n  File \"/opt/hostedtoolcache/Python/3.12.12/x64/lib/python3.12/site-packages/galaxy/tool_util/verify/interactor.py\", line 398, in \u003clambda\u003e\n    self.wait_for(lambda: self.__job_ready(job_id, history_id), maxseconds=maxseconds)\n                          ^^^^^^^^^^^^^^^^^^^^^^^^^^^^^^^^^^^^\n  File \"/opt/hostedtoolcache/Python/3.12.12/x64/lib/python3.12/site-packages/galaxy/tool_util/verify/interactor.py\", line 751, in __job_ready\n    return self._state_ready(job_id, error_msg=\"Job in error state.\")\n           ^^^^^^^^^^^^^^^^^^^^^^^^^^^^^^^^^^^^^^^^^^^^^^^^^^^^^^^^^^\n  File \"/opt/hostedtoolcache/Python/3.12.12/x64/lib/python3.12/site-packages/galaxy/tool_util/verify/interactor.py\", line 847, in _state_ready\n    raise Exception(\nException: Job in error state.. tool_id: __DATA_FETCH__, exit_code: None, stderr: .\n", "status": "error", "test_index": 1, "time_seconds": 10.923586368560791, "tool_id": "bwa", "tool_version": "0.7.19"}
            ]]></error>
        
    </testcase>
    
    <testcase classname="bwa (Test #3)" name="2" time="37.01137185096741">
        
            
            <system-out><![CDATA[
            
            ]]></system-out>
            <system-err><![CDATA[
            [bwa_index] Pack FASTA... 0.00 sec[bwa_index] Construct BWT for the packed sequence...[bwa_index] 0.00 seconds elapse.[bwa_index] Update BWT... 0.00 sec[bwa_index] Pack forward-only FASTA... 0.00 sec[bwa_index] Construct SA from BWT and Occ... 0.00 sec[main] Version: 0.7.19-r1273[main] CMD: bwa index localref.fa[main] Real time: 0.046 sec; CPU: 0.008 sec[bwa_aln] 17bp reads: max_diff = 2[bwa_aln] 38bp reads: max_diff = 3[bwa_aln] 64bp reads: max_diff = 4[bwa_aln] 93bp reads: max_diff = 5[bwa_aln] 124bp reads: max_diff = 6[bwa_aln] 157bp reads: max_diff = 7[bwa_aln] 190bp reads: max_diff = 8[bwa_aln] 225bp reads: max_diff = 9[bwa_aln_core] calculate SA coordinate... 0.03 sec[bwa_aln_core] write to the disk... 0.00 sec[bwa_aln_core] 100 sequences have been processed.[main] Version: 0.7.19-r1273[main] CMD: bwa aln -t 8 localref.fa /galaxy/server/database/objects/c/e/f/dataset_cef9f196-9d2d-463d-9492-ad79228be96e.dat[main] Real time: 0.016 sec; CPU: 0.034 sec[bwa_aln] 17bp reads: max_diff = 2[bwa_aln] 38bp reads: max_diff = 3[bwa_aln] 64bp reads: max_diff = 4[bwa_aln] 93bp reads: max_diff = 5[bwa_aln] 124bp reads: max_diff = 6[bwa_aln] 157bp reads: max_diff = 7[bwa_aln] 190bp reads: max_diff = 8[bwa_aln] 225bp reads: max_diff = 9[bwa_aln_core] calculate SA coordinate... 0.02 sec[bwa_aln_core] write to the disk... 0.00 sec[bwa_aln_core] 100 sequences have been processed.[main] Version: 0.7.19-r1273[main] CMD: bwa aln -t 8 localref.fa /galaxy/server/database/objects/4/6/4/dataset_464e3abe-04e2-44bf-b658-298ab4f9fa01.dat[main] Real time: 0.013 sec; CPU: 0.024 sec[bwa_sai2sam_pe_core] convert to sequence coordinate... [infer_isize] fail to infer insert size: too few good pairs[bwa_sai2sam_pe_core] time elapses: 0.00 sec[bwa_sai2sam_pe_core] changing coordinates of 0 alignments.[bwa_sai2sam_pe_core] align unmapped mate...[bwa_sai2sam_pe_core] time elapses: 0.00 sec[bwa_sai2sam_pe_core] refine gapped alignments... 0.00 sec[bwa_sai2sam_pe_core] print alignments... 0.00 sec[bwa_sai2sam_pe_core] 100 sequences have been processed.[main] Version: 0.7.19-r1273[main] CMD: bwa sampe localref.fa first.sai second.sai /galaxy/server/database/objects/c/e/f/dataset_cef9f196-9d2d-463d-9492-ad79228be96e.dat /galaxy/server/database/objects/4/6/4/dataset_464e3abe-04e2-44bf-b658-298ab4f9fa01.dat[main] Real time: 0.011 sec; CPU: 0.005 sec
            ]]></system-err>
        
    </testcase>
    
    <testcase classname="bwa (Test #4)" name="3" time="10.832294940948486">
        
            <error type="error" message="Input staging problem: Traceback (most recent call last):
  File "/opt/hostedtoolcache/Python/3.12.12/x64/lib/python3.12/site-packages/galaxy/tool_util/verify/interactor.py", line 1466, in verify_tool
    stage_data_in_history(
  File "/opt/hostedtoolcache/Python/3.12.12/x64/lib/python3.12/site-packages/galaxy/tool_util/verify/interactor.py", line 175, in stage_data_in_history
    staging_interface.handle_jobs()
  File "/opt/hostedtoolcache/Python/3.12.12/x64/lib/python3.12/site-packages/galaxy/tool_util/verify/interactor.py", line 212, in handle_jobs
    self.galaxy_interactor.wait_for_job(job_response["id"], job_response["history_id"], self.maxseconds)
  File "/opt/hostedtoolcache/Python/3.12.12/x64/lib/python3.12/site-packages/galaxy/tool_util/verify/interactor.py", line 398, in wait_for_job
    self.wait_for(lambda: self.__job_ready(job_id, history_id), maxseconds=maxseconds)
  File "/opt/hostedtoolcache/Python/3.12.12/x64/lib/python3.12/site-packages/galaxy/tool_util/verify/interactor.py", line 402, in wait_for
    wait_on(func, what, walltime_exceeded)
  File "/opt/hostedtoolcache/Python/3.12.12/x64/lib/python3.12/site-packages/galaxy/tool_util/verify/wait.py", line 38, in wait_on
    value = function()
            ^^^^^^^^^^
  File "/opt/hostedtoolcache/Python/3.12.12/x64/lib/python3.12/site-packages/galaxy/tool_util/verify/interactor.py", line 398, in <lambda>
    self.wait_for(lambda: self.__job_ready(job_id, history_id), maxseconds=maxseconds)
                          ^^^^^^^^^^^^^^^^^^^^^^^^^^^^^^^^^^^^
  File "/opt/hostedtoolcache/Python/3.12.12/x64/lib/python3.12/site-packages/galaxy/tool_util/verify/interactor.py", line 751, in __job_ready
    return self._state_ready(job_id, error_msg="Job in error state.")
           ^^^^^^^^^^^^^^^^^^^^^^^^^^^^^^^^^^^^^^^^^^^^^^^^^^^^^^^^^^
  File "/opt/hostedtoolcache/Python/3.12.12/x64/lib/python3.12/site-packages/galaxy/tool_util/verify/interactor.py", line 847, in _state_ready
    raise Exception(
Exception: Job in error state.. tool_id: __DATA_FETCH__, exit_code: None, stderr: .
"><![CDATA[
                { "execution_problem": "Input staging problem: Traceback (most recent call last):\n  File \"/opt/hostedtoolcache/Python/3.12.12/x64/lib/python3.12/site-packages/galaxy/tool_util/verify/interactor.py\", line 1466, in verify_tool\n    stage_data_in_history(\n  File \"/opt/hostedtoolcache/Python/3.12.12/x64/lib/python3.12/site-packages/galaxy/tool_util/verify/interactor.py\", line 175, in stage_data_in_history\n    staging_interface.handle_jobs()\n  File \"/opt/hostedtoolcache/Python/3.12.12/x64/lib/python3.12/site-packages/galaxy/tool_util/verify/interactor.py\", line 212, in handle_jobs\n    self.galaxy_interactor.wait_for_job(job_response[\"id\"], job_response[\"history_id\"], self.maxseconds)\n  File \"/opt/hostedtoolcache/Python/3.12.12/x64/lib/python3.12/site-packages/galaxy/tool_util/verify/interactor.py\", line 398, in wait_for_job\n    self.wait_for(lambda: self.__job_ready(job_id, history_id), maxseconds=maxseconds)\n  File \"/opt/hostedtoolcache/Python/3.12.12/x64/lib/python3.12/site-packages/galaxy/tool_util/verify/interactor.py\", line 402, in wait_for\n    wait_on(func, what, walltime_exceeded)\n  File \"/opt/hostedtoolcache/Python/3.12.12/x64/lib/python3.12/site-packages/galaxy/tool_util/verify/wait.py\", line 38, in wait_on\n    value = function()\n            ^^^^^^^^^^\n  File \"/opt/hostedtoolcache/Python/3.12.12/x64/lib/python3.12/site-packages/galaxy/tool_util/verify/interactor.py\", line 398, in \u003clambda\u003e\n    self.wait_for(lambda: self.__job_ready(job_id, history_id), maxseconds=maxseconds)\n                          ^^^^^^^^^^^^^^^^^^^^^^^^^^^^^^^^^^^^\n  File \"/opt/hostedtoolcache/Python/3.12.12/x64/lib/python3.12/site-packages/galaxy/tool_util/verify/interactor.py\", line 751, in __job_ready\n    return self._state_ready(job_id, error_msg=\"Job in error state.\")\n           ^^^^^^^^^^^^^^^^^^^^^^^^^^^^^^^^^^^^^^^^^^^^^^^^^^^^^^^^^^\n  File \"/opt/hostedtoolcache/Python/3.12.12/x64/lib/python3.12/site-packages/galaxy/tool_util/verify/interactor.py\", line 847, in _state_ready\n    raise Exception(\nException: Job in error state.. tool_id: __DATA_FETCH__, exit_code: None, stderr: .\n", "status": "error", "test_index": 3, "time_seconds": 10.832294940948486, "tool_id": "bwa", "tool_version": "0.7.19"}
            ]]></error>
        
    </testcase>
    
    <testcase classname="bwa (Test #5)" name="4" time="37.76433968544006">
        
            
            <system-out><![CDATA[
            
            ]]></system-out>
            <system-err><![CDATA[
            [bwa_index] Pack FASTA... 0.00 sec[bwa_index] Construct BWT for the packed sequence...[bwa_index] 0.00 seconds elapse.[bwa_index] Update BWT... 0.00 sec[bwa_index] Pack forward-only FASTA... 0.00 sec[bwa_index] Construct SA from BWT and Occ... 0.00 sec[main] Version: 0.7.19-r1273[main] CMD: bwa index localref.fa[main] Real time: 0.047 sec; CPU: 0.009 sec[bwa_aln] 17bp reads: max_diff = 2[bwa_aln] 38bp reads: max_diff = 3[bwa_aln] 64bp reads: max_diff = 4[bwa_aln] 93bp reads: max_diff = 5[bwa_aln] 124bp reads: max_diff = 6[bwa_aln] 157bp reads: max_diff = 7[bwa_aln] 190bp reads: max_diff = 8[bwa_aln] 225bp reads: max_diff = 9[bwa_aln_core] calculate SA coordinate... 0.03 sec[bwa_aln_core] write to the disk... 0.00 sec[bwa_aln_core] 100 sequences have been processed.[main] Version: 0.7.19-r1273[main] CMD: bwa aln -t 8 localref.fa /galaxy/server/database/objects/4/1/e/dataset_41e7e0dc-6f33-45c0-926e-64f35a76d7e5.dat[main] Real time: 0.015 sec; CPU: 0.031 sec[bwa_aln] 17bp reads: max_diff = 2[bwa_aln] 38bp reads: max_diff = 3[bwa_aln] 64bp reads: max_diff = 4[bwa_aln] 93bp reads: max_diff = 5[bwa_aln] 124bp reads: max_diff = 6[bwa_aln] 157bp reads: max_diff = 7[bwa_aln] 190bp reads: max_diff = 8[bwa_aln] 225bp reads: max_diff = 9[bwa_aln_core] calculate SA coordinate... 0.02 sec[bwa_aln_core] write to the disk... 0.00 sec[bwa_aln_core] 100 sequences have been processed.[main] Version: 0.7.19-r1273[main] CMD: bwa aln -t 8 localref.fa /galaxy/server/database/objects/f/2/c/dataset_f2cc7f50-93cf-4beb-8a26-51ab7edbaab8.dat[main] Real time: 0.013 sec; CPU: 0.026 sec[bwa_sai2sam_pe_core] convert to sequence coordinate... [infer_isize] fail to infer insert size: too few good pairs[bwa_sai2sam_pe_core] time elapses: 0.00 sec[bwa_sai2sam_pe_core] changing coordinates of 0 alignments.[bwa_sai2sam_pe_core] align unmapped mate...[bwa_sai2sam_pe_core] time elapses: 0.00 sec[bwa_sai2sam_pe_core] refine gapped alignments... 0.00 sec[bwa_sai2sam_pe_core] print alignments... 0.00 sec[bwa_sai2sam_pe_core] 100 sequences have been processed.[main] Version: 0.7.19-r1273[main] CMD: bwa sampe -r @RG\tID:rg1\tPL:CAPILLARY localref.fa first.sai second.sai /galaxy/server/database/objects/4/1/e/dataset_41e7e0dc-6f33-45c0-926e-64f35a76d7e5.dat /galaxy/server/database/objects/f/2/c/dataset_f2cc7f50-93cf-4beb-8a26-51ab7edbaab8.dat[main] Real time: 0.011 sec; CPU: 0.004 sec
            ]]></system-err>
        
    </testcase>
    
    <testcase classname="deeptools_compute_gc_bias (Test #1)" name="0" time="50.64343619346619">
        
            
            <system-out><![CDATA[
            2bit: /galaxy/server/database/objects/c/7/3/dataset_c7326793-7bb9-4d2d-8613-3adeba159439.datbam: local_bamInput.bamfilter_out: Noneextra_sampling_file: Nonegenome_size: 10050total_reads: 12589reads_per_bp: 1.252636815920398max_reads: 1553.0min_reads: 82.0computing frequenciesstepSize: 1005
            ]]></system-out>
            <system-err><![CDATA[
            
            ]]></system-err>
        
    </testcase>
    
    <testcase classname="fastq_filter (Test #1)" name="0" time="0.09437203407287598">
        
            <error type="error" message="Input staging problem: Traceback (most recent call last):
  File "/opt/hostedtoolcache/Python/3.12.12/x64/lib/python3.12/site-packages/galaxy/tool_util/verify/interactor.py", line 1466, in verify_tool
    stage_data_in_history(
  File "/opt/hostedtoolcache/Python/3.12.12/x64/lib/python3.12/site-packages/galaxy/tool_util/verify/interactor.py", line 163, in stage_data_in_history
    test_dict = galaxy_interactor.remote_to_input(
                ^^^^^^^^^^^^^^^^^^^^^^^^^^^^^^^^^^
  File "/opt/hostedtoolcache/Python/3.12.12/x64/lib/python3.12/site-packages/galaxy/tool_util/verify/interactor.py", line 581, in remote_to_input
    path_or_location = self._get_path_or_location(
                       ^^^^^^^^^^^^^^^^^^^^^^^^^^^
  File "/opt/hostedtoolcache/Python/3.12.12/x64/lib/python3.12/site-packages/galaxy/tool_util/verify/interactor.py", line 618, in _get_path_or_location
    path = self.test_data_download(
           ^^^^^^^^^^^^^^^^^^^^^^^^
  File "/opt/hostedtoolcache/Python/3.12.12/x64/lib/python3.12/site-packages/galaxy/tool_util/verify/interactor.py", line 524, in test_data_download
    raise AssertionError(f"Test input file ({filename}) cannot be found.")
AssertionError: Test input file (sanger_full_range_original_sanger.fastqsanger) cannot be found.
"><![CDATA[
                { "execution_problem": "Input staging problem: Traceback (most recent call last):\n  File \"/opt/hostedtoolcache/Python/3.12.12/x64/lib/python3.12/site-packages/galaxy/tool_util/verify/interactor.py\", line 1466, in verify_tool\n    stage_data_in_history(\n  File \"/opt/hostedtoolcache/Python/3.12.12/x64/lib/python3.12/site-packages/galaxy/tool_util/verify/interactor.py\", line 163, in stage_data_in_history\n    test_dict = galaxy_interactor.remote_to_input(\n                ^^^^^^^^^^^^^^^^^^^^^^^^^^^^^^^^^^\n  File \"/opt/hostedtoolcache/Python/3.12.12/x64/lib/python3.12/site-packages/galaxy/tool_util/verify/interactor.py\", line 581, in remote_to_input\n    path_or_location = self._get_path_or_location(\n                       ^^^^^^^^^^^^^^^^^^^^^^^^^^^\n  File \"/opt/hostedtoolcache/Python/3.12.12/x64/lib/python3.12/site-packages/galaxy/tool_util/verify/interactor.py\", line 618, in _get_path_or_location\n    path = self.test_data_download(\n           ^^^^^^^^^^^^^^^^^^^^^^^^\n  File \"/opt/hostedtoolcache/Python/3.12.12/x64/lib/python3.12/site-packages/galaxy/tool_util/verify/interactor.py\", line 524, in test_data_download\n    raise AssertionError(f\"Test input file ({filename}) cannot be found.\")\nAssertionError: Test input file (sanger_full_range_original_sanger.fastqsanger) cannot be found.\n", "status": "error", "test_index": 0, "time_seconds": 0.09437203407287598, "tool_id": "fastq_filter", "tool_version": "1.1.5+galaxy2"}
            ]]></error>
        
    </testcase>
    
    <testcase classname="fastq_filter (Test #2)" name="1" time="0.051428794860839844">
        
            <error type="error" message="Input staging problem: Traceback (most recent call last):
  File "/opt/hostedtoolcache/Python/3.12.12/x64/lib/python3.12/site-packages/galaxy/tool_util/verify/interactor.py", line 1466, in verify_tool
    stage_data_in_history(
  File "/opt/hostedtoolcache/Python/3.12.12/x64/lib/python3.12/site-packages/galaxy/tool_util/verify/interactor.py", line 163, in stage_data_in_history
    test_dict = galaxy_interactor.remote_to_input(
                ^^^^^^^^^^^^^^^^^^^^^^^^^^^^^^^^^^
  File "/opt/hostedtoolcache/Python/3.12.12/x64/lib/python3.12/site-packages/galaxy/tool_util/verify/interactor.py", line 581, in remote_to_input
    path_or_location = self._get_path_or_location(
                       ^^^^^^^^^^^^^^^^^^^^^^^^^^^
  File "/opt/hostedtoolcache/Python/3.12.12/x64/lib/python3.12/site-packages/galaxy/tool_util/verify/interactor.py", line 618, in _get_path_or_location
    path = self.test_data_download(
           ^^^^^^^^^^^^^^^^^^^^^^^^
  File "/opt/hostedtoolcache/Python/3.12.12/x64/lib/python3.12/site-packages/galaxy/tool_util/verify/interactor.py", line 524, in test_data_download
    raise AssertionError(f"Test input file ({filename}) cannot be found.")
AssertionError: Test input file (sanger_full_range_original_sanger.fastqsanger.gz) cannot be found.
"><![CDATA[
                { "execution_problem": "Input staging problem: Traceback (most recent call last):\n  File \"/opt/hostedtoolcache/Python/3.12.12/x64/lib/python3.12/site-packages/galaxy/tool_util/verify/interactor.py\", line 1466, in verify_tool\n    stage_data_in_history(\n  File \"/opt/hostedtoolcache/Python/3.12.12/x64/lib/python3.12/site-packages/galaxy/tool_util/verify/interactor.py\", line 163, in stage_data_in_history\n    test_dict = galaxy_interactor.remote_to_input(\n                ^^^^^^^^^^^^^^^^^^^^^^^^^^^^^^^^^^\n  File \"/opt/hostedtoolcache/Python/3.12.12/x64/lib/python3.12/site-packages/galaxy/tool_util/verify/interactor.py\", line 581, in remote_to_input\n    path_or_location = self._get_path_or_location(\n                       ^^^^^^^^^^^^^^^^^^^^^^^^^^^\n  File \"/opt/hostedtoolcache/Python/3.12.12/x64/lib/python3.12/site-packages/galaxy/tool_util/verify/interactor.py\", line 618, in _get_path_or_location\n    path = self.test_data_download(\n           ^^^^^^^^^^^^^^^^^^^^^^^^\n  File \"/opt/hostedtoolcache/Python/3.12.12/x64/lib/python3.12/site-packages/galaxy/tool_util/verify/interactor.py\", line 524, in test_data_download\n    raise AssertionError(f\"Test input file ({filename}) cannot be found.\")\nAssertionError: Test input file (sanger_full_range_original_sanger.fastqsanger.gz) cannot be found.\n", "status": "error", "test_index": 1, "time_seconds": 0.051428794860839844, "tool_id": "fastq_filter", "tool_version": "1.1.5+galaxy2"}
            ]]></error>
        
    </testcase>
    
    <testcase classname="fastq_filter (Test #3)" name="2" time="0.051038265228271484">
        
            <error type="error" message="Input staging problem: Traceback (most recent call last):
  File "/opt/hostedtoolcache/Python/3.12.12/x64/lib/python3.12/site-packages/galaxy/tool_util/verify/interactor.py", line 1466, in verify_tool
    stage_data_in_history(
  File "/opt/hostedtoolcache/Python/3.12.12/x64/lib/python3.12/site-packages/galaxy/tool_util/verify/interactor.py", line 163, in stage_data_in_history
    test_dict = galaxy_interactor.remote_to_input(
                ^^^^^^^^^^^^^^^^^^^^^^^^^^^^^^^^^^
  File "/opt/hostedtoolcache/Python/3.12.12/x64/lib/python3.12/site-packages/galaxy/tool_util/verify/interactor.py", line 581, in remote_to_input
    path_or_location = self._get_path_or_location(
                       ^^^^^^^^^^^^^^^^^^^^^^^^^^^
  File "/opt/hostedtoolcache/Python/3.12.12/x64/lib/python3.12/site-packages/galaxy/tool_util/verify/interactor.py", line 618, in _get_path_or_location
    path = self.test_data_download(
           ^^^^^^^^^^^^^^^^^^^^^^^^
  File "/opt/hostedtoolcache/Python/3.12.12/x64/lib/python3.12/site-packages/galaxy/tool_util/verify/interactor.py", line 524, in test_data_download
    raise AssertionError(f"Test input file ({filename}) cannot be found.")
AssertionError: Test input file (sanger_full_range_as_cssanger.fastqcssanger) cannot be found.
"><![CDATA[
                { "execution_problem": "Input staging problem: Traceback (most recent call last):\n  File \"/opt/hostedtoolcache/Python/3.12.12/x64/lib/python3.12/site-packages/galaxy/tool_util/verify/interactor.py\", line 1466, in verify_tool\n    stage_data_in_history(\n  File \"/opt/hostedtoolcache/Python/3.12.12/x64/lib/python3.12/site-packages/galaxy/tool_util/verify/interactor.py\", line 163, in stage_data_in_history\n    test_dict = galaxy_interactor.remote_to_input(\n                ^^^^^^^^^^^^^^^^^^^^^^^^^^^^^^^^^^\n  File \"/opt/hostedtoolcache/Python/3.12.12/x64/lib/python3.12/site-packages/galaxy/tool_util/verify/interactor.py\", line 581, in remote_to_input\n    path_or_location = self._get_path_or_location(\n                       ^^^^^^^^^^^^^^^^^^^^^^^^^^^\n  File \"/opt/hostedtoolcache/Python/3.12.12/x64/lib/python3.12/site-packages/galaxy/tool_util/verify/interactor.py\", line 618, in _get_path_or_location\n    path = self.test_data_download(\n           ^^^^^^^^^^^^^^^^^^^^^^^^\n  File \"/opt/hostedtoolcache/Python/3.12.12/x64/lib/python3.12/site-packages/galaxy/tool_util/verify/interactor.py\", line 524, in test_data_download\n    raise AssertionError(f\"Test input file ({filename}) cannot be found.\")\nAssertionError: Test input file (sanger_full_range_as_cssanger.fastqcssanger) cannot be found.\n", "status": "error", "test_index": 2, "time_seconds": 0.051038265228271484, "tool_id": "fastq_filter", "tool_version": "1.1.5+galaxy2"}
            ]]></error>
        
    </testcase>
    
    <testcase classname="fastq_filter (Test #4)" name="3" time="0.0503997802734375">
        
            <error type="error" message="Input staging problem: Traceback (most recent call last):
  File "/opt/hostedtoolcache/Python/3.12.12/x64/lib/python3.12/site-packages/galaxy/tool_util/verify/interactor.py", line 1466, in verify_tool
    stage_data_in_history(
  File "/opt/hostedtoolcache/Python/3.12.12/x64/lib/python3.12/site-packages/galaxy/tool_util/verify/interactor.py", line 163, in stage_data_in_history
    test_dict = galaxy_interactor.remote_to_input(
                ^^^^^^^^^^^^^^^^^^^^^^^^^^^^^^^^^^
  File "/opt/hostedtoolcache/Python/3.12.12/x64/lib/python3.12/site-packages/galaxy/tool_util/verify/interactor.py", line 581, in remote_to_input
    path_or_location = self._get_path_or_location(
                       ^^^^^^^^^^^^^^^^^^^^^^^^^^^
  File "/opt/hostedtoolcache/Python/3.12.12/x64/lib/python3.12/site-packages/galaxy/tool_util/verify/interactor.py", line 618, in _get_path_or_location
    path = self.test_data_download(
           ^^^^^^^^^^^^^^^^^^^^^^^^
  File "/opt/hostedtoolcache/Python/3.12.12/x64/lib/python3.12/site-packages/galaxy/tool_util/verify/interactor.py", line 524, in test_data_download
    raise AssertionError(f"Test input file ({filename}) cannot be found.")
AssertionError: Test input file (sanger_full_range_original_sanger.fastqsanger) cannot be found.
"><![CDATA[
                { "execution_problem": "Input staging problem: Traceback (most recent call last):\n  File \"/opt/hostedtoolcache/Python/3.12.12/x64/lib/python3.12/site-packages/galaxy/tool_util/verify/interactor.py\", line 1466, in verify_tool\n    stage_data_in_history(\n  File \"/opt/hostedtoolcache/Python/3.12.12/x64/lib/python3.12/site-packages/galaxy/tool_util/verify/interactor.py\", line 163, in stage_data_in_history\n    test_dict = galaxy_interactor.remote_to_input(\n                ^^^^^^^^^^^^^^^^^^^^^^^^^^^^^^^^^^\n  File \"/opt/hostedtoolcache/Python/3.12.12/x64/lib/python3.12/site-packages/galaxy/tool_util/verify/interactor.py\", line 581, in remote_to_input\n    path_or_location = self._get_path_or_location(\n                       ^^^^^^^^^^^^^^^^^^^^^^^^^^^\n  File \"/opt/hostedtoolcache/Python/3.12.12/x64/lib/python3.12/site-packages/galaxy/tool_util/verify/interactor.py\", line 618, in _get_path_or_location\n    path = self.test_data_download(\n           ^^^^^^^^^^^^^^^^^^^^^^^^\n  File \"/opt/hostedtoolcache/Python/3.12.12/x64/lib/python3.12/site-packages/galaxy/tool_util/verify/interactor.py\", line 524, in test_data_download\n    raise AssertionError(f\"Test input file ({filename}) cannot be found.\")\nAssertionError: Test input file (sanger_full_range_original_sanger.fastqsanger) cannot be found.\n", "status": "error", "test_index": 3, "time_seconds": 0.0503997802734375, "tool_id": "fastq_filter", "tool_version": "1.1.5+galaxy2"}
            ]]></error>
        
    </testcase>
    
    <testcase classname="fastq_filter (Test #5)" name="4" time="0.05143404006958008">
        
            <error type="error" message="Input staging problem: Traceback (most recent call last):
  File "/opt/hostedtoolcache/Python/3.12.12/x64/lib/python3.12/site-packages/galaxy/tool_util/verify/interactor.py", line 1466, in verify_tool
    stage_data_in_history(
  File "/opt/hostedtoolcache/Python/3.12.12/x64/lib/python3.12/site-packages/galaxy/tool_util/verify/interactor.py", line 163, in stage_data_in_history
    test_dict = galaxy_interactor.remote_to_input(
                ^^^^^^^^^^^^^^^^^^^^^^^^^^^^^^^^^^
  File "/opt/hostedtoolcache/Python/3.12.12/x64/lib/python3.12/site-packages/galaxy/tool_util/verify/interactor.py", line 581, in remote_to_input
    path_or_location = self._get_path_or_location(
                       ^^^^^^^^^^^^^^^^^^^^^^^^^^^
  File "/opt/hostedtoolcache/Python/3.12.12/x64/lib/python3.12/site-packages/galaxy/tool_util/verify/interactor.py", line 618, in _get_path_or_location
    path = self.test_data_download(
           ^^^^^^^^^^^^^^^^^^^^^^^^
  File "/opt/hostedtoolcache/Python/3.12.12/x64/lib/python3.12/site-packages/galaxy/tool_util/verify/interactor.py", line 524, in test_data_download
    raise AssertionError(f"Test input file ({filename}) cannot be found.")
AssertionError: Test input file (sanger_full_range_original_sanger.fastqsanger) cannot be found.
"><![CDATA[
                { "execution_problem": "Input staging problem: Traceback (most recent call last):\n  File \"/opt/hostedtoolcache/Python/3.12.12/x64/lib/python3.12/site-packages/galaxy/tool_util/verify/interactor.py\", line 1466, in verify_tool\n    stage_data_in_history(\n  File \"/opt/hostedtoolcache/Python/3.12.12/x64/lib/python3.12/site-packages/galaxy/tool_util/verify/interactor.py\", line 163, in stage_data_in_history\n    test_dict = galaxy_interactor.remote_to_input(\n                ^^^^^^^^^^^^^^^^^^^^^^^^^^^^^^^^^^\n  File \"/opt/hostedtoolcache/Python/3.12.12/x64/lib/python3.12/site-packages/galaxy/tool_util/verify/interactor.py\", line 581, in remote_to_input\n    path_or_location = self._get_path_or_location(\n                       ^^^^^^^^^^^^^^^^^^^^^^^^^^^\n  File \"/opt/hostedtoolcache/Python/3.12.12/x64/lib/python3.12/site-packages/galaxy/tool_util/verify/interactor.py\", line 618, in _get_path_or_location\n    path = self.test_data_download(\n           ^^^^^^^^^^^^^^^^^^^^^^^^\n  File \"/opt/hostedtoolcache/Python/3.12.12/x64/lib/python3.12/site-packages/galaxy/tool_util/verify/interactor.py\", line 524, in test_data_download\n    raise AssertionError(f\"Test input file ({filename}) cannot be found.\")\nAssertionError: Test input file (sanger_full_range_original_sanger.fastqsanger) cannot be found.\n", "status": "error", "test_index": 4, "time_seconds": 0.05143404006958008, "tool_id": "fastq_filter", "tool_version": "1.1.5+galaxy2"}
            ]]></error>
        
    </testcase>
    
    <testcase classname="fastq_filter (Test #6)" name="5" time="0.05246424674987793">
        
            <error type="error" message="Input staging problem: Traceback (most recent call last):
  File "/opt/hostedtoolcache/Python/3.12.12/x64/lib/python3.12/site-packages/galaxy/tool_util/verify/interactor.py", line 1466, in verify_tool
    stage_data_in_history(
  File "/opt/hostedtoolcache/Python/3.12.12/x64/lib/python3.12/site-packages/galaxy/tool_util/verify/interactor.py", line 163, in stage_data_in_history
    test_dict = galaxy_interactor.remote_to_input(
                ^^^^^^^^^^^^^^^^^^^^^^^^^^^^^^^^^^
  File "/opt/hostedtoolcache/Python/3.12.12/x64/lib/python3.12/site-packages/galaxy/tool_util/verify/interactor.py", line 581, in remote_to_input
    path_or_location = self._get_path_or_location(
                       ^^^^^^^^^^^^^^^^^^^^^^^^^^^
  File "/opt/hostedtoolcache/Python/3.12.12/x64/lib/python3.12/site-packages/galaxy/tool_util/verify/interactor.py", line 618, in _get_path_or_location
    path = self.test_data_download(
           ^^^^^^^^^^^^^^^^^^^^^^^^
  File "/opt/hostedtoolcache/Python/3.12.12/x64/lib/python3.12/site-packages/galaxy/tool_util/verify/interactor.py", line 524, in test_data_download
    raise AssertionError(f"Test input file ({filename}) cannot be found.")
AssertionError: Test input file (sanger_full_range_original_sanger.fastqsanger) cannot be found.
"><![CDATA[
                { "execution_problem": "Input staging problem: Traceback (most recent call last):\n  File \"/opt/hostedtoolcache/Python/3.12.12/x64/lib/python3.12/site-packages/galaxy/tool_util/verify/interactor.py\", line 1466, in verify_tool\n    stage_data_in_history(\n  File \"/opt/hostedtoolcache/Python/3.12.12/x64/lib/python3.12/site-packages/galaxy/tool_util/verify/interactor.py\", line 163, in stage_data_in_history\n    test_dict = galaxy_interactor.remote_to_input(\n                ^^^^^^^^^^^^^^^^^^^^^^^^^^^^^^^^^^\n  File \"/opt/hostedtoolcache/Python/3.12.12/x64/lib/python3.12/site-packages/galaxy/tool_util/verify/interactor.py\", line 581, in remote_to_input\n    path_or_location = self._get_path_or_location(\n                       ^^^^^^^^^^^^^^^^^^^^^^^^^^^\n  File \"/opt/hostedtoolcache/Python/3.12.12/x64/lib/python3.12/site-packages/galaxy/tool_util/verify/interactor.py\", line 618, in _get_path_or_location\n    path = self.test_data_download(\n           ^^^^^^^^^^^^^^^^^^^^^^^^\n  File \"/opt/hostedtoolcache/Python/3.12.12/x64/lib/python3.12/site-packages/galaxy/tool_util/verify/interactor.py\", line 524, in test_data_download\n    raise AssertionError(f\"Test input file ({filename}) cannot be found.\")\nAssertionError: Test input file (sanger_full_range_original_sanger.fastqsanger) cannot be found.\n", "status": "error", "test_index": 5, "time_seconds": 0.05246424674987793, "tool_id": "fastq_filter", "tool_version": "1.1.5+galaxy2"}
            ]]></error>
        
    </testcase>
    
    <testcase classname="fastq_filter (Test #7)" name="6" time="0.051711320877075195">
        
            <error type="error" message="Input staging problem: Traceback (most recent call last):
  File "/opt/hostedtoolcache/Python/3.12.12/x64/lib/python3.12/site-packages/galaxy/tool_util/verify/interactor.py", line 1466, in verify_tool
    stage_data_in_history(
  File "/opt/hostedtoolcache/Python/3.12.12/x64/lib/python3.12/site-packages/galaxy/tool_util/verify/interactor.py", line 163, in stage_data_in_history
    test_dict = galaxy_interactor.remote_to_input(
                ^^^^^^^^^^^^^^^^^^^^^^^^^^^^^^^^^^
  File "/opt/hostedtoolcache/Python/3.12.12/x64/lib/python3.12/site-packages/galaxy/tool_util/verify/interactor.py", line 581, in remote_to_input
    path_or_location = self._get_path_or_location(
                       ^^^^^^^^^^^^^^^^^^^^^^^^^^^
  File "/opt/hostedtoolcache/Python/3.12.12/x64/lib/python3.12/site-packages/galaxy/tool_util/verify/interactor.py", line 618, in _get_path_or_location
    path = self.test_data_download(
           ^^^^^^^^^^^^^^^^^^^^^^^^
  File "/opt/hostedtoolcache/Python/3.12.12/x64/lib/python3.12/site-packages/galaxy/tool_util/verify/interactor.py", line 524, in test_data_download
    raise AssertionError(f"Test input file ({filename}) cannot be found.")
AssertionError: Test input file (sanger_full_range_original_sanger.fastqsanger) cannot be found.
"><![CDATA[
                { "execution_problem": "Input staging problem: Traceback (most recent call last):\n  File \"/opt/hostedtoolcache/Python/3.12.12/x64/lib/python3.12/site-packages/galaxy/tool_util/verify/interactor.py\", line 1466, in verify_tool\n    stage_data_in_history(\n  File \"/opt/hostedtoolcache/Python/3.12.12/x64/lib/python3.12/site-packages/galaxy/tool_util/verify/interactor.py\", line 163, in stage_data_in_history\n    test_dict = galaxy_interactor.remote_to_input(\n                ^^^^^^^^^^^^^^^^^^^^^^^^^^^^^^^^^^\n  File \"/opt/hostedtoolcache/Python/3.12.12/x64/lib/python3.12/site-packages/galaxy/tool_util/verify/interactor.py\", line 581, in remote_to_input\n    path_or_location = self._get_path_or_location(\n                       ^^^^^^^^^^^^^^^^^^^^^^^^^^^\n  File \"/opt/hostedtoolcache/Python/3.12.12/x64/lib/python3.12/site-packages/galaxy/tool_util/verify/interactor.py\", line 618, in _get_path_or_location\n    path = self.test_data_download(\n           ^^^^^^^^^^^^^^^^^^^^^^^^\n  File \"/opt/hostedtoolcache/Python/3.12.12/x64/lib/python3.12/site-packages/galaxy/tool_util/verify/interactor.py\", line 524, in test_data_download\n    raise AssertionError(f\"Test input file ({filename}) cannot be found.\")\nAssertionError: Test input file (sanger_full_range_original_sanger.fastqsanger) cannot be found.\n", "status": "error", "test_index": 6, "time_seconds": 0.051711320877075195, "tool_id": "fastq_filter", "tool_version": "1.1.5+galaxy2"}
            ]]></error>
        
    </testcase>
    
    <testcase classname="fastq_filter (Test #8)" name="7" time="0.052039146423339844">
        
            <error type="error" message="Input staging problem: Traceback (most recent call last):
  File "/opt/hostedtoolcache/Python/3.12.12/x64/lib/python3.12/site-packages/galaxy/tool_util/verify/interactor.py", line 1466, in verify_tool
    stage_data_in_history(
  File "/opt/hostedtoolcache/Python/3.12.12/x64/lib/python3.12/site-packages/galaxy/tool_util/verify/interactor.py", line 163, in stage_data_in_history
    test_dict = galaxy_interactor.remote_to_input(
                ^^^^^^^^^^^^^^^^^^^^^^^^^^^^^^^^^^
  File "/opt/hostedtoolcache/Python/3.12.12/x64/lib/python3.12/site-packages/galaxy/tool_util/verify/interactor.py", line 581, in remote_to_input
    path_or_location = self._get_path_or_location(
                       ^^^^^^^^^^^^^^^^^^^^^^^^^^^
  File "/opt/hostedtoolcache/Python/3.12.12/x64/lib/python3.12/site-packages/galaxy/tool_util/verify/interactor.py", line 618, in _get_path_or_location
    path = self.test_data_download(
           ^^^^^^^^^^^^^^^^^^^^^^^^
  File "/opt/hostedtoolcache/Python/3.12.12/x64/lib/python3.12/site-packages/galaxy/tool_util/verify/interactor.py", line 524, in test_data_download
    raise AssertionError(f"Test input file ({filename}) cannot be found.")
AssertionError: Test input file (sanger_full_range_original_sanger.fastqsanger) cannot be found.
"><![CDATA[
                { "execution_problem": "Input staging problem: Traceback (most recent call last):\n  File \"/opt/hostedtoolcache/Python/3.12.12/x64/lib/python3.12/site-packages/galaxy/tool_util/verify/interactor.py\", line 1466, in verify_tool\n    stage_data_in_history(\n  File \"/opt/hostedtoolcache/Python/3.12.12/x64/lib/python3.12/site-packages/galaxy/tool_util/verify/interactor.py\", line 163, in stage_data_in_history\n    test_dict = galaxy_interactor.remote_to_input(\n                ^^^^^^^^^^^^^^^^^^^^^^^^^^^^^^^^^^\n  File \"/opt/hostedtoolcache/Python/3.12.12/x64/lib/python3.12/site-packages/galaxy/tool_util/verify/interactor.py\", line 581, in remote_to_input\n    path_or_location = self._get_path_or_location(\n                       ^^^^^^^^^^^^^^^^^^^^^^^^^^^\n  File \"/opt/hostedtoolcache/Python/3.12.12/x64/lib/python3.12/site-packages/galaxy/tool_util/verify/interactor.py\", line 618, in _get_path_or_location\n    path = self.test_data_download(\n           ^^^^^^^^^^^^^^^^^^^^^^^^\n  File \"/opt/hostedtoolcache/Python/3.12.12/x64/lib/python3.12/site-packages/galaxy/tool_util/verify/interactor.py\", line 524, in test_data_download\n    raise AssertionError(f\"Test input file ({filename}) cannot be found.\")\nAssertionError: Test input file (sanger_full_range_original_sanger.fastqsanger) cannot be found.\n", "status": "error", "test_index": 7, "time_seconds": 0.052039146423339844, "tool_id": "fastq_filter", "tool_version": "1.1.5+galaxy2"}
            ]]></error>
        
    </testcase>
    
    <testcase classname="fastq_filter (Test #9)" name="8" time="0.05129647254943848">
        
            <error type="error" message="Input staging problem: Traceback (most recent call last):
  File "/opt/hostedtoolcache/Python/3.12.12/x64/lib/python3.12/site-packages/galaxy/tool_util/verify/interactor.py", line 1466, in verify_tool
    stage_data_in_history(
  File "/opt/hostedtoolcache/Python/3.12.12/x64/lib/python3.12/site-packages/galaxy/tool_util/verify/interactor.py", line 163, in stage_data_in_history
    test_dict = galaxy_interactor.remote_to_input(
                ^^^^^^^^^^^^^^^^^^^^^^^^^^^^^^^^^^
  File "/opt/hostedtoolcache/Python/3.12.12/x64/lib/python3.12/site-packages/galaxy/tool_util/verify/interactor.py", line 581, in remote_to_input
    path_or_location = self._get_path_or_location(
                       ^^^^^^^^^^^^^^^^^^^^^^^^^^^
  File "/opt/hostedtoolcache/Python/3.12.12/x64/lib/python3.12/site-packages/galaxy/tool_util/verify/interactor.py", line 618, in _get_path_or_location
    path = self.test_data_download(
           ^^^^^^^^^^^^^^^^^^^^^^^^
  File "/opt/hostedtoolcache/Python/3.12.12/x64/lib/python3.12/site-packages/galaxy/tool_util/verify/interactor.py", line 524, in test_data_download
    raise AssertionError(f"Test input file ({filename}) cannot be found.")
AssertionError: Test input file (sanger_full_range_original_sanger.fastqsanger) cannot be found.
"><![CDATA[
                { "execution_problem": "Input staging problem: Traceback (most recent call last):\n  File \"/opt/hostedtoolcache/Python/3.12.12/x64/lib/python3.12/site-packages/galaxy/tool_util/verify/interactor.py\", line 1466, in verify_tool\n    stage_data_in_history(\n  File \"/opt/hostedtoolcache/Python/3.12.12/x64/lib/python3.12/site-packages/galaxy/tool_util/verify/interactor.py\", line 163, in stage_data_in_history\n    test_dict = galaxy_interactor.remote_to_input(\n                ^^^^^^^^^^^^^^^^^^^^^^^^^^^^^^^^^^\n  File \"/opt/hostedtoolcache/Python/3.12.12/x64/lib/python3.12/site-packages/galaxy/tool_util/verify/interactor.py\", line 581, in remote_to_input\n    path_or_location = self._get_path_or_location(\n                       ^^^^^^^^^^^^^^^^^^^^^^^^^^^\n  File \"/opt/hostedtoolcache/Python/3.12.12/x64/lib/python3.12/site-packages/galaxy/tool_util/verify/interactor.py\", line 618, in _get_path_or_location\n    path = self.test_data_download(\n           ^^^^^^^^^^^^^^^^^^^^^^^^\n  File \"/opt/hostedtoolcache/Python/3.12.12/x64/lib/python3.12/site-packages/galaxy/tool_util/verify/interactor.py\", line 524, in test_data_download\n    raise AssertionError(f\"Test input file ({filename}) cannot be found.\")\nAssertionError: Test input file (sanger_full_range_original_sanger.fastqsanger) cannot be found.\n", "status": "error", "test_index": 8, "time_seconds": 0.05129647254943848, "tool_id": "fastq_filter", "tool_version": "1.1.5+galaxy2"}
            ]]></error>
        
    </testcase>
    
    <testcase classname="limma_voom (Test #1)" name="0" time="104.46337795257568">
        
            
            <system-out><![CDATA[
            Warning message:In Sys.setlocale("LC_MESSAGES", "en_US.UTF-8") :  OS reports request to set locale to "en_US.UTF-8" cannot be honored[1] "Extracting counts"[1] "Generating DGEList object"[1] "Generating Design"[1] "Calculating Normalisation Factors"[1] "Generating Contrasts"[1] "Generating MDS plot"[1] "Generating DE results"
            ]]></system-out>
            <system-err><![CDATA[
            Warning message:In Sys.setlocale("LC_MESSAGES", "en_US.UTF-8") :  OS reports request to set locale to "en_US.UTF-8" cannot be honored
            ]]></system-err>
        
    </testcase>
    
    <testcase classname="limma_voom (Test #2)" name="1" time="51.51228904724121">
        
            
            <system-out><![CDATA[
            Warning message:In Sys.setlocale("LC_MESSAGES", "en_US.UTF-8") :  OS reports request to set locale to "en_US.UTF-8" cannot be honored[1] "Extracting counts"[1] "Generating DGEList object"[1] "Generating Design"[1] "Calculating Normalisation Factors"[1] "Generating Contrasts"[1] "Generating MDS plot"[1] "Generating DE results"
            ]]></system-out>
            <system-err><![CDATA[
            Warning message:In Sys.setlocale("LC_MESSAGES", "en_US.UTF-8") :  OS reports request to set locale to "en_US.UTF-8" cannot be honored
            ]]></system-err>
        
    </testcase>
    
    <testcase classname="limma_voom (Test #11)" name="10" time="11.523579359054565">
        
            <error type="error" message="Input staging problem: Traceback (most recent call last):
  File "/opt/hostedtoolcache/Python/3.12.12/x64/lib/python3.12/site-packages/galaxy/tool_util/verify/interactor.py", line 1466, in verify_tool
    stage_data_in_history(
  File "/opt/hostedtoolcache/Python/3.12.12/x64/lib/python3.12/site-packages/galaxy/tool_util/verify/interactor.py", line 175, in stage_data_in_history
    staging_interface.handle_jobs()
  File "/opt/hostedtoolcache/Python/3.12.12/x64/lib/python3.12/site-packages/galaxy/tool_util/verify/interactor.py", line 212, in handle_jobs
    self.galaxy_interactor.wait_for_job(job_response["id"], job_response["history_id"], self.maxseconds)
  File "/opt/hostedtoolcache/Python/3.12.12/x64/lib/python3.12/site-packages/galaxy/tool_util/verify/interactor.py", line 398, in wait_for_job
    self.wait_for(lambda: self.__job_ready(job_id, history_id), maxseconds=maxseconds)
  File "/opt/hostedtoolcache/Python/3.12.12/x64/lib/python3.12/site-packages/galaxy/tool_util/verify/interactor.py", line 402, in wait_for
    wait_on(func, what, walltime_exceeded)
  File "/opt/hostedtoolcache/Python/3.12.12/x64/lib/python3.12/site-packages/galaxy/tool_util/verify/wait.py", line 38, in wait_on
    value = function()
            ^^^^^^^^^^
  File "/opt/hostedtoolcache/Python/3.12.12/x64/lib/python3.12/site-packages/galaxy/tool_util/verify/interactor.py", line 398, in <lambda>
    self.wait_for(lambda: self.__job_ready(job_id, history_id), maxseconds=maxseconds)
                          ^^^^^^^^^^^^^^^^^^^^^^^^^^^^^^^^^^^^
  File "/opt/hostedtoolcache/Python/3.12.12/x64/lib/python3.12/site-packages/galaxy/tool_util/verify/interactor.py", line 751, in __job_ready
    return self._state_ready(job_id, error_msg="Job in error state.")
           ^^^^^^^^^^^^^^^^^^^^^^^^^^^^^^^^^^^^^^^^^^^^^^^^^^^^^^^^^^
  File "/opt/hostedtoolcache/Python/3.12.12/x64/lib/python3.12/site-packages/galaxy/tool_util/verify/interactor.py", line 847, in _state_ready
    raise Exception(
Exception: Job in error state.. tool_id: __DATA_FETCH__, exit_code: None, stderr: .
"><![CDATA[
                { "execution_problem": "Input staging problem: Traceback (most recent call last):\n  File \"/opt/hostedtoolcache/Python/3.12.12/x64/lib/python3.12/site-packages/galaxy/tool_util/verify/interactor.py\", line 1466, in verify_tool\n    stage_data_in_history(\n  File \"/opt/hostedtoolcache/Python/3.12.12/x64/lib/python3.12/site-packages/galaxy/tool_util/verify/interactor.py\", line 175, in stage_data_in_history\n    staging_interface.handle_jobs()\n  File \"/opt/hostedtoolcache/Python/3.12.12/x64/lib/python3.12/site-packages/galaxy/tool_util/verify/interactor.py\", line 212, in handle_jobs\n    self.galaxy_interactor.wait_for_job(job_response[\"id\"], job_response[\"history_id\"], self.maxseconds)\n  File \"/opt/hostedtoolcache/Python/3.12.12/x64/lib/python3.12/site-packages/galaxy/tool_util/verify/interactor.py\", line 398, in wait_for_job\n    self.wait_for(lambda: self.__job_ready(job_id, history_id), maxseconds=maxseconds)\n  File \"/opt/hostedtoolcache/Python/3.12.12/x64/lib/python3.12/site-packages/galaxy/tool_util/verify/interactor.py\", line 402, in wait_for\n    wait_on(func, what, walltime_exceeded)\n  File \"/opt/hostedtoolcache/Python/3.12.12/x64/lib/python3.12/site-packages/galaxy/tool_util/verify/wait.py\", line 38, in wait_on\n    value = function()\n            ^^^^^^^^^^\n  File \"/opt/hostedtoolcache/Python/3.12.12/x64/lib/python3.12/site-packages/galaxy/tool_util/verify/interactor.py\", line 398, in \u003clambda\u003e\n    self.wait_for(lambda: self.__job_ready(job_id, history_id), maxseconds=maxseconds)\n                          ^^^^^^^^^^^^^^^^^^^^^^^^^^^^^^^^^^^^\n  File \"/opt/hostedtoolcache/Python/3.12.12/x64/lib/python3.12/site-packages/galaxy/tool_util/verify/interactor.py\", line 751, in __job_ready\n    return self._state_ready(job_id, error_msg=\"Job in error state.\")\n           ^^^^^^^^^^^^^^^^^^^^^^^^^^^^^^^^^^^^^^^^^^^^^^^^^^^^^^^^^^\n  File \"/opt/hostedtoolcache/Python/3.12.12/x64/lib/python3.12/site-packages/galaxy/tool_util/verify/interactor.py\", line 847, in _state_ready\n    raise Exception(\nException: Job in error state.. tool_id: __DATA_FETCH__, exit_code: None, stderr: .\n", "status": "error", "test_index": 10, "time_seconds": 11.523579359054565, "tool_id": "limma_voom", "tool_version": "3.58.1+galaxy0"}
            ]]></error>
        
    </testcase>
    
    <testcase classname="limma_voom (Test #3)" name="2" time="51.32923102378845">
        
            
            <system-out><![CDATA[
            Warning message:In Sys.setlocale("LC_MESSAGES", "en_US.UTF-8") :  OS reports request to set locale to "en_US.UTF-8" cannot be honored[1] "Extracting counts"[1] "Generating DGEList object"[1] "Generating Design"[1] "Calculating Normalisation Factors"[1] "Generating Contrasts"[1] "Generating MDS plot"[1] "Generating DE results"[1] "Saving RData"
            ]]></system-out>
            <system-err><![CDATA[
            Warning message:In Sys.setlocale("LC_MESSAGES", "en_US.UTF-8") :  OS reports request to set locale to "en_US.UTF-8" cannot be honored
            ]]></system-err>
        
    </testcase>
    
    <testcase classname="limma_voom (Test #4)" name="3" time="11.76602053642273">
        
            <error type="error" message="Input staging problem: Traceback (most recent call last):
  File "/opt/hostedtoolcache/Python/3.12.12/x64/lib/python3.12/site-packages/galaxy/tool_util/verify/interactor.py", line 1466, in verify_tool
    stage_data_in_history(
  File "/opt/hostedtoolcache/Python/3.12.12/x64/lib/python3.12/site-packages/galaxy/tool_util/verify/interactor.py", line 175, in stage_data_in_history
    staging_interface.handle_jobs()
  File "/opt/hostedtoolcache/Python/3.12.12/x64/lib/python3.12/site-packages/galaxy/tool_util/verify/interactor.py", line 212, in handle_jobs
    self.galaxy_interactor.wait_for_job(job_response["id"], job_response["history_id"], self.maxseconds)
  File "/opt/hostedtoolcache/Python/3.12.12/x64/lib/python3.12/site-packages/galaxy/tool_util/verify/interactor.py", line 398, in wait_for_job
    self.wait_for(lambda: self.__job_ready(job_id, history_id), maxseconds=maxseconds)
  File "/opt/hostedtoolcache/Python/3.12.12/x64/lib/python3.12/site-packages/galaxy/tool_util/verify/interactor.py", line 402, in wait_for
    wait_on(func, what, walltime_exceeded)
  File "/opt/hostedtoolcache/Python/3.12.12/x64/lib/python3.12/site-packages/galaxy/tool_util/verify/wait.py", line 38, in wait_on
    value = function()
            ^^^^^^^^^^
  File "/opt/hostedtoolcache/Python/3.12.12/x64/lib/python3.12/site-packages/galaxy/tool_util/verify/interactor.py", line 398, in <lambda>
    self.wait_for(lambda: self.__job_ready(job_id, history_id), maxseconds=maxseconds)
                          ^^^^^^^^^^^^^^^^^^^^^^^^^^^^^^^^^^^^
  File "/opt/hostedtoolcache/Python/3.12.12/x64/lib/python3.12/site-packages/galaxy/tool_util/verify/interactor.py", line 751, in __job_ready
    return self._state_ready(job_id, error_msg="Job in error state.")
           ^^^^^^^^^^^^^^^^^^^^^^^^^^^^^^^^^^^^^^^^^^^^^^^^^^^^^^^^^^
  File "/opt/hostedtoolcache/Python/3.12.12/x64/lib/python3.12/site-packages/galaxy/tool_util/verify/interactor.py", line 847, in _state_ready
    raise Exception(
Exception: Job in error state.. tool_id: __DATA_FETCH__, exit_code: None, stderr: .
"><![CDATA[
                { "execution_problem": "Input staging problem: Traceback (most recent call last):\n  File \"/opt/hostedtoolcache/Python/3.12.12/x64/lib/python3.12/site-packages/galaxy/tool_util/verify/interactor.py\", line 1466, in verify_tool\n    stage_data_in_history(\n  File \"/opt/hostedtoolcache/Python/3.12.12/x64/lib/python3.12/site-packages/galaxy/tool_util/verify/interactor.py\", line 175, in stage_data_in_history\n    staging_interface.handle_jobs()\n  File \"/opt/hostedtoolcache/Python/3.12.12/x64/lib/python3.12/site-packages/galaxy/tool_util/verify/interactor.py\", line 212, in handle_jobs\n    self.galaxy_interactor.wait_for_job(job_response[\"id\"], job_response[\"history_id\"], self.maxseconds)\n  File \"/opt/hostedtoolcache/Python/3.12.12/x64/lib/python3.12/site-packages/galaxy/tool_util/verify/interactor.py\", line 398, in wait_for_job\n    self.wait_for(lambda: self.__job_ready(job_id, history_id), maxseconds=maxseconds)\n  File \"/opt/hostedtoolcache/Python/3.12.12/x64/lib/python3.12/site-packages/galaxy/tool_util/verify/interactor.py\", line 402, in wait_for\n    wait_on(func, what, walltime_exceeded)\n  File \"/opt/hostedtoolcache/Python/3.12.12/x64/lib/python3.12/site-packages/galaxy/tool_util/verify/wait.py\", line 38, in wait_on\n    value = function()\n            ^^^^^^^^^^\n  File \"/opt/hostedtoolcache/Python/3.12.12/x64/lib/python3.12/site-packages/galaxy/tool_util/verify/interactor.py\", line 398, in \u003clambda\u003e\n    self.wait_for(lambda: self.__job_ready(job_id, history_id), maxseconds=maxseconds)\n                          ^^^^^^^^^^^^^^^^^^^^^^^^^^^^^^^^^^^^\n  File \"/opt/hostedtoolcache/Python/3.12.12/x64/lib/python3.12/site-packages/galaxy/tool_util/verify/interactor.py\", line 751, in __job_ready\n    return self._state_ready(job_id, error_msg=\"Job in error state.\")\n           ^^^^^^^^^^^^^^^^^^^^^^^^^^^^^^^^^^^^^^^^^^^^^^^^^^^^^^^^^^\n  File \"/opt/hostedtoolcache/Python/3.12.12/x64/lib/python3.12/site-packages/galaxy/tool_util/verify/interactor.py\", line 847, in _state_ready\n    raise Exception(\nException: Job in error state.. tool_id: __DATA_FETCH__, exit_code: None, stderr: .\n", "status": "error", "test_index": 3, "time_seconds": 11.76602053642273, "tool_id": "limma_voom", "tool_version": "3.58.1+galaxy0"}
            ]]></error>
        
    </testcase>
    
    <testcase classname="limma_voom (Test #5)" name="4" time="49.71733570098877">
        
            
            <system-out><![CDATA[
            Warning message:In Sys.setlocale("LC_MESSAGES", "en_US.UTF-8") :  OS reports request to set locale to "en_US.UTF-8" cannot be honored[1] "Extracting counts"[1] "Generating DGEList object"[1] "Generating Design"[1] "Calculating Normalisation Factors"[1] "Generating Contrasts"[1] "Generating MDS plot"[1] "Generating DE results"
            ]]></system-out>
            <system-err><![CDATA[
            Warning message:In Sys.setlocale("LC_MESSAGES", "en_US.UTF-8") :  OS reports request to set locale to "en_US.UTF-8" cannot be honored
            ]]></system-err>
        
    </testcase>
    
    <testcase classname="limma_voom (Test #6)" name="5" time="49.55286717414856">
        
            
            <system-out><![CDATA[
            Warning message:In Sys.setlocale("LC_MESSAGES", "en_US.UTF-8") :  OS reports request to set locale to "en_US.UTF-8" cannot be honored[1] "Extracting counts"[1] "Outputting filtered counts"[1] "Generating DGEList object"[1] "Generating Design"[1] "Calculating Normalisation Factors"[1] "Generating Contrasts"[1] "Generating MDS plot"[1] "Generating DE results"
            ]]></system-out>
            <system-err><![CDATA[
            Warning message:In Sys.setlocale("LC_MESSAGES", "en_US.UTF-8") :  OS reports request to set locale to "en_US.UTF-8" cannot be honored
            ]]></system-err>
        
    </testcase>
    
    <testcase classname="limma_voom (Test #7)" name="6" time="72.95066571235657">
        
            
            <system-out><![CDATA[
            Warning message:In Sys.setlocale("LC_MESSAGES", "en_US.UTF-8") :  OS reports request to set locale to "en_US.UTF-8" cannot be honored[1] "Extracting counts"[1] "Generating DGEList object"[1] "Generating Design"[1] "Calculating Normalisation Factors"[1] "Generating Contrasts"[1] "Generating MDS plot"[1] "Generating DE results"
            ]]></system-out>
            <system-err><![CDATA[
            Warning message:In Sys.setlocale("LC_MESSAGES", "en_US.UTF-8") :  OS reports request to set locale to "en_US.UTF-8" cannot be honored
            ]]></system-err>
        
    </testcase>
    
    <testcase classname="limma_voom (Test #8)" name="7" time="48.278160572052">
        
            
            <system-out><![CDATA[
            Warning message:In Sys.setlocale("LC_MESSAGES", "en_US.UTF-8") :  OS reports request to set locale to "en_US.UTF-8" cannot be honored[1] "Extracting counts"[1] "Generating DGEList object"[1] "Generating Design"[1] "Calculating Normalisation Factors"[1] "Generating Contrasts"[1] "Generating MDS plot"[1] "Generating DE results"
            ]]></system-out>
            <system-err><![CDATA[
            Warning message:In Sys.setlocale("LC_MESSAGES", "en_US.UTF-8") :  OS reports request to set locale to "en_US.UTF-8" cannot be honored
            ]]></system-err>
        
    </testcase>
    
    <testcase classname="limma_voom (Test #9)" name="8" time="51.33556818962097">
        
            
            <system-out><![CDATA[
            Warning message:In Sys.setlocale("LC_MESSAGES", "en_US.UTF-8") :  OS reports request to set locale to "en_US.UTF-8" cannot be honored[1] "Extracting counts"[1] "Generating DGEList object"[1] "Generating Design"[1] "Calculating Normalisation Factors"[1] "Generating Contrasts"[1] "Generating MDS plot"[1] "Generating DE results"
            ]]></system-out>
            <system-err><![CDATA[
            Warning message:In Sys.setlocale("LC_MESSAGES", "en_US.UTF-8") :  OS reports request to set locale to "en_US.UTF-8" cannot be honored
            ]]></system-err>
        
    </testcase>
    
    <testcase classname="limma_voom (Test #10)" name="9" time="52.20619440078735">
        
            
            <system-out><![CDATA[
            Warning message:In Sys.setlocale("LC_MESSAGES", "en_US.UTF-8") :  OS reports request to set locale to "en_US.UTF-8" cannot be honored[1] "Extracting counts"[1] "Generating DGEList object"[1] "Generating Design"[1] "Calculating Normalisation Factors"[1] "Generating Contrasts"[1] "Generating MDS plot"[1] "Generating DE results"
            ]]></system-out>
            <system-err><![CDATA[
            Warning message:In Sys.setlocale("LC_MESSAGES", "en_US.UTF-8") :  OS reports request to set locale to "en_US.UTF-8" cannot be honored
            ]]></system-err>
        
    </testcase>
    
    <testcase classname="mummer_delta_filter (Test #1)" name="0" time="36.67260217666626">
        
            
            <system-out><![CDATA[
            
            ]]></system-out>
            <system-err><![CDATA[
            
            ]]></system-err>
        
    </testcase>
    
    <testcase classname="porechop (Test #1)" name="0" time="39.759631633758545">
        
            
            <system-out><![CDATA[
            
            ]]></system-out>
            <system-err><![CDATA[
            
            ]]></system-err>
        
    </testcase>
    
    <testcase classname="porechop (Test #2)" name="1" time="34.26371145248413">
        
            
            <system-out><![CDATA[
            [1m[4mLoading reads[0mtest_format.fastq.gz9 reads loaded[1m[4mLooking for known adapter sets[0m0 / 9 (0.0%)9 / 9 (100.0%)9 / 9 (100.0%)                                        Best               [0m                                        read       Best    [0m                                        start      read end[0m  [4mSet                                   %ID        %ID     [0m  [32mSQK-NSK007                                96.4       95.5[0m  Rapid                                     62.5        0.0  RBK004_upstream                           72.7        0.0  SQK-MAP006                                62.2       63.6  SQK-MAP006 short                          60.7       60.0  PCR adapters 1                            66.7       73.9  PCR adapters 2                            66.7       63.6  PCR adapters 3                            68.0       72.0  1D^2 part 1                               62.1       58.8  1D^2 part 2                               79.4       68.8  cDNA SSP                                  57.1       61.4  Barcode 1 (reverse)                       59.4       66.7  Barcode 2 (reverse)                       66.7       63.0  Barcode 3 (reverse)                       69.2       72.0  Barcode 4 (reverse)                       66.7       63.3  Barcode 5 (reverse)                       62.5       66.7  Barcode 6 (reverse)                       73.1       62.5  Barcode 7 (reverse)                       65.4       65.5  Barcode 8 (reverse)                       69.2       58.3  Barcode 9 (reverse)                       75.0       66.7  Barcode 10 (reverse)                      62.5       60.0  Barcode 11 (reverse)                      69.2       60.5  Barcode 12 (reverse)                      65.6       64.0  Barcode 1 (forward)                       65.4       61.5  Barcode 2 (forward)                       69.2       70.4  Barcode 3 (forward)                       73.1       68.0  Barcode 4 (forward)                       73.1       64.3  Barcode 5 (forward)                       62.5       66.7  Barcode 6 (forward)                       65.5       65.6  Barcode 7 (forward)                       73.1       66.7  Barcode 8 (forward)                       62.1       60.7  Barcode 9 (forward)                       68.0       70.8  Barcode 10 (forward)                      69.2       66.7  Barcode 11 (forward)                      65.4       60.7  Barcode 12 (forward)                      64.3       66.7  Barcode 13 (forward)                      64.3       69.2  Barcode 14 (forward)                      63.3       66.7  Barcode 15 (forward)                      66.7       66.7  Barcode 16 (forward)                      70.8       65.5  Barcode 17 (forward)                      69.2       66.7  Barcode 18 (forward)                      70.4       70.4  Barcode 19 (forward)                      65.5       64.0  Barcode 20 (forward)                      65.5       64.0  Barcode 21 (forward)                      64.3       66.7  Barcode 22 (forward)                      69.2       68.0  Barcode 23 (forward)                      61.5       66.7  Barcode 24 (forward)                      66.7       65.4  Barcode 25 (forward)                      64.0       65.5  Barcode 26 (forward)                      72.0       72.0  Barcode 27 (forward)                      77.8       60.7  Barcode 28 (forward)                      65.5       66.7  Barcode 29 (forward)                      62.5       66.7  Barcode 30 (forward)                      68.0       65.4  Barcode 31 (forward)                      62.5       69.2  Barcode 32 (forward)                      68.0       70.8  Barcode 33 (forward)                      62.5       70.4  Barcode 34 (forward)                      64.0       62.5  Barcode 35 (forward)                      65.5       65.4  Barcode 36 (forward)                      63.0       63.0  Barcode 37 (forward)                      67.9       64.3  Barcode 38 (forward)                      64.0       62.1  Barcode 39 (forward)                      64.0       69.2  Barcode 40 (forward)                      62.5       64.0  Barcode 41 (forward)                      68.0       65.5  Barcode 42 (forward)                      70.4       69.2  Barcode 43 (forward)                      63.3       63.3  Barcode 44 (forward)                      60.0       66.7  Barcode 45 (forward)                      73.1       65.4  Barcode 46 (forward)                      65.4       60.7  Barcode 47 (forward)                      65.5       64.0  Barcode 48 (forward)                      71.4       62.1  Barcode 49 (forward)                      69.2       62.1  Barcode 50 (forward)                      66.7       63.0  Barcode 51 (forward)                      69.2       64.3  Barcode 52 (forward)                      66.7       64.0  Barcode 53 (forward)                      67.9       69.0  Barcode 54 (forward)                      69.2       64.0  Barcode 55 (forward)                      66.7       73.1  Barcode 56 (forward)                      66.7       72.0  Barcode 57 (forward)                      69.0       60.0  Barcode 58 (forward)                      70.4       72.0  Barcode 59 (forward)                      56.7       66.7  Barcode 60 (forward)                      66.7       66.7  Barcode 61 (forward)                      70.8       65.5  Barcode 62 (forward)                      66.7       68.0  Barcode 63 (forward)                      66.7       60.7  Barcode 64 (forward)                      69.2       66.7  Barcode 65 (forward)                      61.5       69.0  Barcode 66 (forward)                      64.3       63.0  Barcode 67 (forward)                      66.7       67.9  Barcode 68 (forward)                      67.9       69.2  Barcode 69 (forward)                      69.2       75.0  Barcode 70 (forward)                      64.3       73.1  Barcode 71 (forward)                      64.0       71.4  Barcode 72 (forward)                      66.7       62.1  Barcode 73 (forward)                      67.7       64.0  Barcode 74 (forward)                      64.5       68.0  Barcode 75 (forward)                      65.4       65.5  Barcode 76 (forward)                      70.4       70.8  Barcode 77 (forward)                      65.4       64.3  Barcode 78 (forward)                      67.7       63.0  Barcode 79 (forward)                      70.8       69.2  Barcode 80 (forward)                      71.4       72.0  Barcode 81 (forward)                      68.0       66.7  Barcode 82 (forward)                      64.7       66.7  Barcode 83 (forward)                      69.2       68.0  Barcode 84 (forward)                      70.8       67.9  Barcode 85 (forward)                      61.5       60.0  Barcode 86 (forward)                      64.3       65.4  Barcode 87 (forward)                      66.7       65.4  Barcode 88 (forward)                      63.3       60.7  Barcode 89 (forward)                      69.2       66.7  Barcode 90 (forward)                      66.7       64.0  Barcode 91 (forward)                      68.0       64.3  Barcode 92 (forward)                      65.5       68.0  Barcode 93 (forward)                      69.2       73.1  Barcode 94 (forward)                      63.0       68.0  Barcode 95 (forward)                      64.0       63.3  Barcode 96 (forward)                      69.0       68.0[1m[4mTrimming adapters from read ends[0m     SQK-NSK007_Y_Top: [31mAATGTACTTCGTTCAGTTACGTATTGCT[0m  SQK-NSK007_Y_Bottom: [31mGCAATACGTAACTGAACGAAGT[0m0 / 9 (0.0%)9 / 9 (100.0%)9 / 9 (100.0%)4 / 9 reads had adapters trimmed from their start (74 bp removed)3 / 9 reads had adapters trimmed from their end (49 bp removed)[1m[4mSplitting reads containing middle adapters[0m0 / 9 (0.0%)9 / 9 (100.0%)10 / 9 (111.1%)9 / 9 (100.0%)4 / 9 reads were split based on middle adapters[1m[4mSaving trimmed reads to file[0mSaved result to /galaxy/server/database/jobs_directory/000/51/working/out.fastq
            ]]></system-out>
            <system-err><![CDATA[
            
            ]]></system-err>
        
    </testcase>
    
    <testcase classname="porechop (Test #3)" name="2" time="30.67440414428711">
        
            
            <system-out><![CDATA[
            [1m[4mLoading reads[0mtest_format.fastq.gz9 reads loaded[1m[4mLooking for known adapter sets[0m0 / 9 (0.0%)9 / 9 (100.0%)9 / 9 (100.0%)                                        Best               [0m                                        read       Best    [0m                                        start      read end[0m  [4mSet                                   %ID        %ID     [0m  [32mSQK-NSK007                                96.4       95.5[0m  Rapid                                     62.5        0.0  RBK004_upstream                           72.7        0.0  SQK-MAP006                                62.2       63.6  SQK-MAP006 short                          60.7       60.0  PCR adapters 1                            66.7       73.9  PCR adapters 2                            66.7       63.6  PCR adapters 3                            68.0       72.0  1D^2 part 1                               62.1       58.8  1D^2 part 2                               79.4       68.8  cDNA SSP                                  57.1       61.4  Barcode 1 (reverse)                       59.4       66.7  Barcode 2 (reverse)                       66.7       63.0  Barcode 3 (reverse)                       69.2       72.0  Barcode 4 (reverse)                       66.7       63.3  Barcode 5 (reverse)                       62.5       66.7  Barcode 6 (reverse)                       73.1       62.5  Barcode 7 (reverse)                       65.4       65.5  Barcode 8 (reverse)                       69.2       58.3  Barcode 9 (reverse)                       75.0       66.7  Barcode 10 (reverse)                      62.5       60.0  Barcode 11 (reverse)                      69.2       60.5  Barcode 12 (reverse)                      65.6       64.0  Barcode 1 (forward)                       65.4       61.5  Barcode 2 (forward)                       69.2       70.4  Barcode 3 (forward)                       73.1       68.0  Barcode 4 (forward)                       73.1       64.3  Barcode 5 (forward)                       62.5       66.7  Barcode 6 (forward)                       65.5       65.6  Barcode 7 (forward)                       73.1       66.7  Barcode 8 (forward)                       62.1       60.7  Barcode 9 (forward)                       68.0       70.8  Barcode 10 (forward)                      69.2       66.7  Barcode 11 (forward)                      65.4       60.7  Barcode 12 (forward)                      64.3       66.7  Barcode 13 (forward)                      64.3       69.2  Barcode 14 (forward)                      63.3       66.7  Barcode 15 (forward)                      66.7       66.7  Barcode 16 (forward)                      70.8       65.5  Barcode 17 (forward)                      69.2       66.7  Barcode 18 (forward)                      70.4       70.4  Barcode 19 (forward)                      65.5       64.0  Barcode 20 (forward)                      65.5       64.0  Barcode 21 (forward)                      64.3       66.7  Barcode 22 (forward)                      69.2       68.0  Barcode 23 (forward)                      61.5       66.7  Barcode 24 (forward)                      66.7       65.4  Barcode 25 (forward)                      64.0       65.5  Barcode 26 (forward)                      72.0       72.0  Barcode 27 (forward)                      77.8       60.7  Barcode 28 (forward)                      65.5       66.7  Barcode 29 (forward)                      62.5       66.7  Barcode 30 (forward)                      68.0       65.4  Barcode 31 (forward)                      62.5       69.2  Barcode 32 (forward)                      68.0       70.8  Barcode 33 (forward)                      62.5       70.4  Barcode 34 (forward)                      64.0       62.5  Barcode 35 (forward)                      65.5       65.4  Barcode 36 (forward)                      63.0       63.0  Barcode 37 (forward)                      67.9       64.3  Barcode 38 (forward)                      64.0       62.1  Barcode 39 (forward)                      64.0       69.2  Barcode 40 (forward)                      62.5       64.0  Barcode 41 (forward)                      68.0       65.5  Barcode 42 (forward)                      70.4       69.2  Barcode 43 (forward)                      63.3       63.3  Barcode 44 (forward)                      60.0       66.7  Barcode 45 (forward)                      73.1       65.4  Barcode 46 (forward)                      65.4       60.7  Barcode 47 (forward)                      65.5       64.0  Barcode 48 (forward)                      71.4       62.1  Barcode 49 (forward)                      69.2       62.1  Barcode 50 (forward)                      66.7       63.0  Barcode 51 (forward)                      69.2       64.3  Barcode 52 (forward)                      66.7       64.0  Barcode 53 (forward)                      67.9       69.0  Barcode 54 (forward)                      69.2       64.0  Barcode 55 (forward)                      66.7       73.1  Barcode 56 (forward)                      66.7       72.0  Barcode 57 (forward)                      69.0       60.0  Barcode 58 (forward)                      70.4       72.0  Barcode 59 (forward)                      56.7       66.7  Barcode 60 (forward)                      66.7       66.7  Barcode 61 (forward)                      70.8       65.5  Barcode 62 (forward)                      66.7       68.0  Barcode 63 (forward)                      66.7       60.7  Barcode 64 (forward)                      69.2       66.7  Barcode 65 (forward)                      61.5       69.0  Barcode 66 (forward)                      64.3       63.0  Barcode 67 (forward)                      66.7       67.9  Barcode 68 (forward)                      67.9       69.2  Barcode 69 (forward)                      69.2       75.0  Barcode 70 (forward)                      64.3       73.1  Barcode 71 (forward)                      64.0       71.4  Barcode 72 (forward)                      66.7       62.1  Barcode 73 (forward)                      67.7       64.0  Barcode 74 (forward)                      64.5       68.0  Barcode 75 (forward)                      65.4       65.5  Barcode 76 (forward)                      70.4       70.8  Barcode 77 (forward)                      65.4       64.3  Barcode 78 (forward)                      67.7       63.0  Barcode 79 (forward)                      70.8       69.2  Barcode 80 (forward)                      71.4       72.0  Barcode 81 (forward)                      68.0       66.7  Barcode 82 (forward)                      64.7       66.7  Barcode 83 (forward)                      69.2       68.0  Barcode 84 (forward)                      70.8       67.9  Barcode 85 (forward)                      61.5       60.0  Barcode 86 (forward)                      64.3       65.4  Barcode 87 (forward)                      66.7       65.4  Barcode 88 (forward)                      63.3       60.7  Barcode 89 (forward)                      69.2       66.7  Barcode 90 (forward)                      66.7       64.0  Barcode 91 (forward)                      68.0       64.3  Barcode 92 (forward)                      65.5       68.0  Barcode 93 (forward)                      69.2       73.1  Barcode 94 (forward)                      63.0       68.0  Barcode 95 (forward)                      64.0       63.3  Barcode 96 (forward)                      69.0       68.0[1m[4mTrimming adapters from read ends[0m     SQK-NSK007_Y_Top: [31mAATGTACTTCGTTCAGTTACGTATTGCT[0m  SQK-NSK007_Y_Bottom: [31mGCAATACGTAACTGAACGAAGT[0m0 / 9 (0.0%)9 / 9 (100.0%)9 / 9 (100.0%)4 / 9 reads had adapters trimmed from their start (74 bp removed)3 / 9 reads had adapters trimmed from their end (49 bp removed)[1m[4mSplitting reads containing middle adapters[0m0 / 9 (0.0%)9 / 9 (100.0%)10 / 9 (111.1%)9 / 9 (100.0%)4 / 9 reads were split based on middle adapters[1m[4mSaving trimmed reads to file[0mSaved result to /galaxy/server/database/jobs_directory/000/53/working/out.fastq
            ]]></system-out>
            <system-err><![CDATA[
            
            ]]></system-err>
        
    </testcase>
    
    <testcase classname="porechop (Test #4)" name="3" time="34.54046559333801">
        
            
            <system-out><![CDATA[
            [1m[4mLoading reads[0mtest_format.fasta9 reads loaded[1m[4mLooking for known adapter sets[0m0 / 9 (0.0%)9 / 9 (100.0%)9 / 9 (100.0%)                                        Best               [0m                                        read       Best    [0m                                        start      read end[0m  [4mSet                                   %ID        %ID     [0m  [32mSQK-NSK007                                96.4       95.5[0m  Rapid                                     62.5        0.0  RBK004_upstream                           72.7        0.0  SQK-MAP006                                62.2       63.6  SQK-MAP006 short                          60.7       60.0  PCR adapters 1                            66.7       73.9  PCR adapters 2                            66.7       63.6  PCR adapters 3                            68.0       72.0  1D^2 part 1                               62.1       58.8  1D^2 part 2                               79.4       68.8  cDNA SSP                                  57.1       61.4  Barcode 1 (reverse)                       59.4       66.7  Barcode 2 (reverse)                       66.7       63.0  Barcode 3 (reverse)                       69.2       72.0  Barcode 4 (reverse)                       66.7       63.3  Barcode 5 (reverse)                       62.5       66.7  Barcode 6 (reverse)                       73.1       62.5  Barcode 7 (reverse)                       65.4       65.5  Barcode 8 (reverse)                       69.2       58.3  Barcode 9 (reverse)                       75.0       66.7  Barcode 10 (reverse)                      62.5       60.0  Barcode 11 (reverse)                      69.2       60.5  Barcode 12 (reverse)                      65.6       64.0  Barcode 1 (forward)                       65.4       61.5  Barcode 2 (forward)                       69.2       70.4  Barcode 3 (forward)                       73.1       68.0  Barcode 4 (forward)                       73.1       64.3  Barcode 5 (forward)                       62.5       66.7  Barcode 6 (forward)                       65.5       65.6  Barcode 7 (forward)                       73.1       66.7  Barcode 8 (forward)                       62.1       60.7  Barcode 9 (forward)                       68.0       70.8  Barcode 10 (forward)                      69.2       66.7  Barcode 11 (forward)                      65.4       60.7  Barcode 12 (forward)                      64.3       66.7  Barcode 13 (forward)                      64.3       69.2  Barcode 14 (forward)                      63.3       66.7  Barcode 15 (forward)                      66.7       66.7  Barcode 16 (forward)                      70.8       65.5  Barcode 17 (forward)                      69.2       66.7  Barcode 18 (forward)                      70.4       70.4  Barcode 19 (forward)                      65.5       64.0  Barcode 20 (forward)                      65.5       64.0  Barcode 21 (forward)                      64.3       66.7  Barcode 22 (forward)                      69.2       68.0  Barcode 23 (forward)                      61.5       66.7  Barcode 24 (forward)                      66.7       65.4  Barcode 25 (forward)                      64.0       65.5  Barcode 26 (forward)                      72.0       72.0  Barcode 27 (forward)                      77.8       60.7  Barcode 28 (forward)                      65.5       66.7  Barcode 29 (forward)                      62.5       66.7  Barcode 30 (forward)                      68.0       65.4  Barcode 31 (forward)                      62.5       69.2  Barcode 32 (forward)                      68.0       70.8  Barcode 33 (forward)                      62.5       70.4  Barcode 34 (forward)                      64.0       62.5  Barcode 35 (forward)                      65.5       65.4  Barcode 36 (forward)                      63.0       63.0  Barcode 37 (forward)                      67.9       64.3  Barcode 38 (forward)                      64.0       62.1  Barcode 39 (forward)                      64.0       69.2  Barcode 40 (forward)                      62.5       64.0  Barcode 41 (forward)                      68.0       65.5  Barcode 42 (forward)                      70.4       69.2  Barcode 43 (forward)                      63.3       63.3  Barcode 44 (forward)                      60.0       66.7  Barcode 45 (forward)                      73.1       65.4  Barcode 46 (forward)                      65.4       60.7  Barcode 47 (forward)                      65.5       64.0  Barcode 48 (forward)                      71.4       62.1  Barcode 49 (forward)                      69.2       62.1  Barcode 50 (forward)                      66.7       63.0  Barcode 51 (forward)                      69.2       64.3  Barcode 52 (forward)                      66.7       64.0  Barcode 53 (forward)                      67.9       69.0  Barcode 54 (forward)                      69.2       64.0  Barcode 55 (forward)                      66.7       73.1  Barcode 56 (forward)                      66.7       72.0  Barcode 57 (forward)                      69.0       60.0  Barcode 58 (forward)                      70.4       72.0  Barcode 59 (forward)                      56.7       66.7  Barcode 60 (forward)                      66.7       66.7  Barcode 61 (forward)                      70.8       65.5  Barcode 62 (forward)                      66.7       68.0  Barcode 63 (forward)                      66.7       60.7  Barcode 64 (forward)                      69.2       66.7  Barcode 65 (forward)                      61.5       69.0  Barcode 66 (forward)                      64.3       63.0  Barcode 67 (forward)                      66.7       67.9  Barcode 68 (forward)                      67.9       69.2  Barcode 69 (forward)                      69.2       75.0  Barcode 70 (forward)                      64.3       73.1  Barcode 71 (forward)                      64.0       71.4  Barcode 72 (forward)                      66.7       62.1  Barcode 73 (forward)                      67.7       64.0  Barcode 74 (forward)                      64.5       68.0  Barcode 75 (forward)                      65.4       65.5  Barcode 76 (forward)                      70.4       70.8  Barcode 77 (forward)                      65.4       64.3  Barcode 78 (forward)                      67.7       63.0  Barcode 79 (forward)                      70.8       69.2  Barcode 80 (forward)                      71.4       72.0  Barcode 81 (forward)                      68.0       66.7  Barcode 82 (forward)                      64.7       66.7  Barcode 83 (forward)                      69.2       68.0  Barcode 84 (forward)                      70.8       67.9  Barcode 85 (forward)                      61.5       60.0  Barcode 86 (forward)                      64.3       65.4  Barcode 87 (forward)                      66.7       65.4  Barcode 88 (forward)                      63.3       60.7  Barcode 89 (forward)                      69.2       66.7  Barcode 90 (forward)                      66.7       64.0  Barcode 91 (forward)                      68.0       64.3  Barcode 92 (forward)                      65.5       68.0  Barcode 93 (forward)                      69.2       73.1  Barcode 94 (forward)                      63.0       68.0  Barcode 95 (forward)                      64.0       63.3  Barcode 96 (forward)                      69.0       68.0[1m[4mTrimming adapters from read ends[0m     SQK-NSK007_Y_Top: [31mAATGTACTTCGTTCAGTTACGTATTGCT[0m  SQK-NSK007_Y_Bottom: [31mGCAATACGTAACTGAACGAAGT[0m0 / 9 (0.0%)9 / 9 (100.0%)9 / 9 (100.0%)4 / 9 reads had adapters trimmed from their start (74 bp removed)3 / 9 reads had adapters trimmed from their end (49 bp removed)[1m[4mSplitting reads containing middle adapters[0m0 / 9 (0.0%)9 / 9 (100.0%)10 / 9 (111.1%)9 / 9 (100.0%)4 / 9 reads were split based on middle adapters[1m[4mSaving trimmed reads to file[0mpigz not found - using gzip to compressSaved result to /galaxy/server/database/jobs_directory/000/55/working/out.fasta.gz
            ]]></system-out>
            <system-err><![CDATA[
            
            ]]></system-err>
        
    </testcase>
    
    <testcase classname="porechop (Test #5)" name="4" time="31.997143030166626">
        
            
            <system-out><![CDATA[
            [1m[4mLoading reads[0mtest_format.fasta9 reads loaded[1m[4mLooking for known adapter sets[0m0 / 9 (0.0%)9 / 9 (100.0%)9 / 9 (100.0%)                                        Best               [0m                                        read       Best    [0m                                        start      read end[0m  [4mSet                                   %ID        %ID     [0m  [32mSQK-NSK007                                96.4       95.5[0m  Rapid                                     62.5        0.0  RBK004_upstream                           72.7        0.0  SQK-MAP006                                62.2       63.6  SQK-MAP006 short                          60.7       60.0  PCR adapters 1                            66.7       73.9  PCR adapters 2                            66.7       63.6  PCR adapters 3                            68.0       72.0  1D^2 part 1                               62.1       58.8  1D^2 part 2                               79.4       68.8  cDNA SSP                                  57.1       61.4  Barcode 1 (reverse)                       59.4       66.7  Barcode 2 (reverse)                       66.7       63.0  Barcode 3 (reverse)                       69.2       72.0  Barcode 4 (reverse)                       66.7       63.3  Barcode 5 (reverse)                       62.5       66.7  Barcode 6 (reverse)                       73.1       62.5  Barcode 7 (reverse)                       65.4       65.5  Barcode 8 (reverse)                       69.2       58.3  Barcode 9 (reverse)                       75.0       66.7  Barcode 10 (reverse)                      62.5       60.0  Barcode 11 (reverse)                      69.2       60.5  Barcode 12 (reverse)                      65.6       64.0  Barcode 1 (forward)                       65.4       61.5  Barcode 2 (forward)                       69.2       70.4  Barcode 3 (forward)                       73.1       68.0  Barcode 4 (forward)                       73.1       64.3  Barcode 5 (forward)                       62.5       66.7  Barcode 6 (forward)                       65.5       65.6  Barcode 7 (forward)                       73.1       66.7  Barcode 8 (forward)                       62.1       60.7  Barcode 9 (forward)                       68.0       70.8  Barcode 10 (forward)                      69.2       66.7  Barcode 11 (forward)                      65.4       60.7  Barcode 12 (forward)                      64.3       66.7  Barcode 13 (forward)                      64.3       69.2  Barcode 14 (forward)                      63.3       66.7  Barcode 15 (forward)                      66.7       66.7  Barcode 16 (forward)                      70.8       65.5  Barcode 17 (forward)                      69.2       66.7  Barcode 18 (forward)                      70.4       70.4  Barcode 19 (forward)                      65.5       64.0  Barcode 20 (forward)                      65.5       64.0  Barcode 21 (forward)                      64.3       66.7  Barcode 22 (forward)                      69.2       68.0  Barcode 23 (forward)                      61.5       66.7  Barcode 24 (forward)                      66.7       65.4  Barcode 25 (forward)                      64.0       65.5  Barcode 26 (forward)                      72.0       72.0  Barcode 27 (forward)                      77.8       60.7  Barcode 28 (forward)                      65.5       66.7  Barcode 29 (forward)                      62.5       66.7  Barcode 30 (forward)                      68.0       65.4  Barcode 31 (forward)                      62.5       69.2  Barcode 32 (forward)                      68.0       70.8  Barcode 33 (forward)                      62.5       70.4  Barcode 34 (forward)                      64.0       62.5  Barcode 35 (forward)                      65.5       65.4  Barcode 36 (forward)                      63.0       63.0  Barcode 37 (forward)                      67.9       64.3  Barcode 38 (forward)                      64.0       62.1  Barcode 39 (forward)                      64.0       69.2  Barcode 40 (forward)                      62.5       64.0  Barcode 41 (forward)                      68.0       65.5  Barcode 42 (forward)                      70.4       69.2  Barcode 43 (forward)                      63.3       63.3  Barcode 44 (forward)                      60.0       66.7  Barcode 45 (forward)                      73.1       65.4  Barcode 46 (forward)                      65.4       60.7  Barcode 47 (forward)                      65.5       64.0  Barcode 48 (forward)                      71.4       62.1  Barcode 49 (forward)                      69.2       62.1  Barcode 50 (forward)                      66.7       63.0  Barcode 51 (forward)                      69.2       64.3  Barcode 52 (forward)                      66.7       64.0  Barcode 53 (forward)                      67.9       69.0  Barcode 54 (forward)                      69.2       64.0  Barcode 55 (forward)                      66.7       73.1  Barcode 56 (forward)                      66.7       72.0  Barcode 57 (forward)                      69.0       60.0  Barcode 58 (forward)                      70.4       72.0  Barcode 59 (forward)                      56.7       66.7  Barcode 60 (forward)                      66.7       66.7  Barcode 61 (forward)                      70.8       65.5  Barcode 62 (forward)                      66.7       68.0  Barcode 63 (forward)                      66.7       60.7  Barcode 64 (forward)                      69.2       66.7  Barcode 65 (forward)                      61.5       69.0  Barcode 66 (forward)                      64.3       63.0  Barcode 67 (forward)                      66.7       67.9  Barcode 68 (forward)                      67.9       69.2  Barcode 69 (forward)                      69.2       75.0  Barcode 70 (forward)                      64.3       73.1  Barcode 71 (forward)                      64.0       71.4  Barcode 72 (forward)                      66.7       62.1  Barcode 73 (forward)                      67.7       64.0  Barcode 74 (forward)                      64.5       68.0  Barcode 75 (forward)                      65.4       65.5  Barcode 76 (forward)                      70.4       70.8  Barcode 77 (forward)                      65.4       64.3  Barcode 78 (forward)                      67.7       63.0  Barcode 79 (forward)                      70.8       69.2  Barcode 80 (forward)                      71.4       72.0  Barcode 81 (forward)                      68.0       66.7  Barcode 82 (forward)                      64.7       66.7  Barcode 83 (forward)                      69.2       68.0  Barcode 84 (forward)                      70.8       67.9  Barcode 85 (forward)                      61.5       60.0  Barcode 86 (forward)                      64.3       65.4  Barcode 87 (forward)                      66.7       65.4  Barcode 88 (forward)                      63.3       60.7  Barcode 89 (forward)                      69.2       66.7  Barcode 90 (forward)                      66.7       64.0  Barcode 91 (forward)                      68.0       64.3  Barcode 92 (forward)                      65.5       68.0  Barcode 93 (forward)                      69.2       73.1  Barcode 94 (forward)                      63.0       68.0  Barcode 95 (forward)                      64.0       63.3  Barcode 96 (forward)                      69.0       68.0[1m[4mTrimming adapters from read ends[0m     SQK-NSK007_Y_Top: [31mAATGTACTTCGTTCAGTTACGTATTGCT[0m  SQK-NSK007_Y_Bottom: [31mGCAATACGTAACTGAACGAAGT[0m0 / 9 (0.0%)9 / 9 (100.0%)9 / 9 (100.0%)4 / 9 reads had adapters trimmed from their start (74 bp removed)3 / 9 reads had adapters trimmed from their end (49 bp removed)[1m[4mSplitting reads containing middle adapters[0m0 / 9 (0.0%)9 / 9 (100.0%)10 / 9 (111.1%)9 / 9 (100.0%)4 / 9 reads were split based on middle adapters[1m[4mSaving trimmed reads to file[0mpigz not found - using gzip to compressSaved result to /galaxy/server/database/jobs_directory/000/57/working/out.fastq.gz
            ]]></system-out>
            <system-err><![CDATA[
            
            ]]></system-err>
        
    </testcase>
    
    <testcase classname="porechop (Test #6)" name="5" time="31.595959901809692">
        
            
            <system-out><![CDATA[
            [1m[4mLoading reads[0mtest_format.fasta9 reads loaded[1m[4mLooking for known adapter sets[0m0 / 9 (0.0%)9 / 9 (100.0%)9 / 9 (100.0%)                                        Best               [0m                                        read       Best    [0m                                        start      read end[0m  [4mSet                                   %ID        %ID     [0m  [32mSQK-NSK007                                96.4       95.5[0m  Rapid                                     62.5        0.0  RBK004_upstream                           72.7        0.0  SQK-MAP006                                58.8       63.6  SQK-MAP006 short                          58.6       57.7  PCR adapters 1                            66.7       73.9  PCR adapters 2                            65.4       63.6  PCR adapters 3                            68.0       70.4  1D^2 part 1                               66.7       58.6  1D^2 part 2                               79.4       68.8  cDNA SSP                                  58.7       61.4  Barcode 1 (reverse)                       58.3       66.7  Barcode 2 (reverse)                       66.7       50.0  Barcode 3 (reverse)                       69.2       69.2  Barcode 4 (reverse)                       66.7       61.5  Barcode 5 (reverse)                       62.5       69.2  Barcode 6 (reverse)                       65.4       62.5  Barcode 7 (reverse)                       62.5       65.5  Barcode 8 (reverse)                       59.3       58.3  Barcode 9 (reverse)                       75.0       66.7  Barcode 10 (reverse)                      57.7       60.0  Barcode 11 (reverse)                      69.2       60.5  Barcode 12 (reverse)                      65.6       55.2  Barcode 1 (forward)                       65.4       62.1  Barcode 2 (forward)                       69.2       70.4  Barcode 3 (forward)                       65.4       68.0  Barcode 4 (forward)                       63.3       64.3  Barcode 5 (forward)                       57.1       56.0  Barcode 6 (forward)                       45.7       63.0  Barcode 7 (forward)                       73.1       62.1  Barcode 8 (forward)                       62.1       60.6  Barcode 9 (forward)                       64.3       66.7  Barcode 10 (forward)                      61.8       68.0  Barcode 11 (forward)                      65.4       60.7  Barcode 12 (forward)                      60.6       66.7  Barcode 13 (forward)                      64.5       69.2  Barcode 14 (forward)                      63.3       66.7  Barcode 15 (forward)                      66.7       66.7  Barcode 16 (forward)                      65.5       64.0  Barcode 17 (forward)                      69.2       66.7  Barcode 18 (forward)                      70.4       64.0  Barcode 19 (forward)                      64.5       63.0  Barcode 20 (forward)                      65.5       64.0  Barcode 21 (forward)                      64.3       66.7  Barcode 22 (forward)                      69.2       68.0  Barcode 23 (forward)                      57.9       65.5  Barcode 24 (forward)                      66.7       61.3  Barcode 25 (forward)                      59.4       68.0  Barcode 26 (forward)                      64.3       72.0  Barcode 27 (forward)                      61.3       59.4  Barcode 28 (forward)                      65.4       62.5  Barcode 29 (forward)                      57.7       62.5  Barcode 30 (forward)                      68.0       64.0  Barcode 31 (forward)                      62.1       61.5  Barcode 32 (forward)                      68.0       70.8  Barcode 33 (forward)                      46.2       70.4  Barcode 34 (forward)                      64.0       18.5  Barcode 35 (forward)                      64.3       65.4  Barcode 36 (forward)                      63.0       63.0  Barcode 37 (forward)                      67.9       64.3  Barcode 38 (forward)                      64.0       62.1  Barcode 39 (forward)                      61.5       62.5  Barcode 40 (forward)                      62.5       64.0  Barcode 41 (forward)                      68.0       65.5  Barcode 42 (forward)                      70.4       69.2  Barcode 43 (forward)                      63.3       62.5  Barcode 44 (forward)                      60.0       66.7  Barcode 45 (forward)                      73.1       65.4  Barcode 46 (forward)                      66.7       60.7  Barcode 47 (forward)                      64.3       61.5  Barcode 48 (forward)                      71.4       65.4  Barcode 49 (forward)                      69.2       62.1  Barcode 50 (forward)                      66.7       57.1  Barcode 51 (forward)                      69.2       59.3  Barcode 52 (forward)                      62.5       64.0  Barcode 53 (forward)                      65.4       69.0  Barcode 54 (forward)                      69.2       62.1  Barcode 55 (forward)                      66.7       73.1  Barcode 56 (forward)                      62.5       64.0  Barcode 57 (forward)                      66.7       55.6  Barcode 58 (forward)                      67.7       66.7  Barcode 59 (forward)                      56.7       59.4  Barcode 60 (forward)                      66.7       63.0  Barcode 61 (forward)                      70.8       65.5  Barcode 62 (forward)                      66.7       68.0  Barcode 63 (forward)                      66.7       62.5  Barcode 64 (forward)                      60.7       67.9  Barcode 65 (forward)                      61.5       62.5  Barcode 66 (forward)                      61.5       61.3  Barcode 67 (forward)                      66.7       60.0  Barcode 68 (forward)                      67.9       69.2  Barcode 69 (forward)                      65.5       66.7  Barcode 70 (forward)                      64.3       73.1  Barcode 71 (forward)                      60.7       71.4  Barcode 72 (forward)                      66.7       62.1  Barcode 73 (forward)                      67.7       63.6  Barcode 74 (forward)                      64.5       68.0  Barcode 75 (forward)                      65.4       65.5  Barcode 76 (forward)                      60.6       64.0  Barcode 77 (forward)                      65.4       62.1  Barcode 78 (forward)                      66.7       63.3  Barcode 79 (forward)                      70.8       66.7  Barcode 80 (forward)                      62.5       66.7  Barcode 81 (forward)                      68.0       66.7  Barcode 82 (forward)                      64.0       66.7  Barcode 83 (forward)                      64.0       68.0  Barcode 84 (forward)                      64.5       67.9  Barcode 85 (forward)                      61.5       58.3  Barcode 86 (forward)                      64.3       66.7  Barcode 87 (forward)                      66.7       65.5  Barcode 88 (forward)                      63.3       61.5  Barcode 89 (forward)                      69.0       66.7  Barcode 90 (forward)                      64.3       61.3  Barcode 91 (forward)                      53.3       64.0  Barcode 92 (forward)                      65.5       68.0  Barcode 93 (forward)                      63.3       71.4  Barcode 94 (forward)                      61.5       64.5  Barcode 95 (forward)                      62.1       63.3  Barcode 96 (forward)                      69.0       68.0[1m[4mTrimming adapters from read ends[0m     SQK-NSK007_Y_Top: [31mAATGTACTTCGTTCAGTTACGTATTGCT[0m  SQK-NSK007_Y_Bottom: [31mGCAATACGTAACTGAACGAAGT[0m0 / 9 (0.0%)9 / 9 (100.0%)9 / 9 (100.0%)4 / 9 reads had adapters trimmed from their start (70 bp removed)3 / 9 reads had adapters trimmed from their end (46 bp removed)[1m[4mDiscarding reads containing middle adapters[0m0 / 9 (0.0%)9 / 9 (100.0%)10 / 9 (111.1%)9 / 9 (100.0%)4 / 9 reads were discarded based on middle adapters[1m[4mSaving trimmed reads to file[0mSaved result to /galaxy/server/database/jobs_directory/000/59/working/out.fasta
            ]]></system-out>
            <system-err><![CDATA[
            
            ]]></system-err>
        
    </testcase>
    
    <testcase classname="samtools_split (Test #1)" name="0" time="0.09462308883666992">
        
            <error type="error" message="Input staging problem: Traceback (most recent call last):
  File "/opt/hostedtoolcache/Python/3.12.12/x64/lib/python3.12/site-packages/galaxy/tool_util/verify/interactor.py", line 1466, in verify_tool
    stage_data_in_history(
  File "/opt/hostedtoolcache/Python/3.12.12/x64/lib/python3.12/site-packages/galaxy/tool_util/verify/interactor.py", line 163, in stage_data_in_history
    test_dict = galaxy_interactor.remote_to_input(
                ^^^^^^^^^^^^^^^^^^^^^^^^^^^^^^^^^^
  File "/opt/hostedtoolcache/Python/3.12.12/x64/lib/python3.12/site-packages/galaxy/tool_util/verify/interactor.py", line 581, in remote_to_input
    path_or_location = self._get_path_or_location(
                       ^^^^^^^^^^^^^^^^^^^^^^^^^^^
  File "/opt/hostedtoolcache/Python/3.12.12/x64/lib/python3.12/site-packages/galaxy/tool_util/verify/interactor.py", line 618, in _get_path_or_location
    path = self.test_data_download(
           ^^^^^^^^^^^^^^^^^^^^^^^^
  File "/opt/hostedtoolcache/Python/3.12.12/x64/lib/python3.12/site-packages/galaxy/tool_util/verify/interactor.py", line 524, in test_data_download
    raise AssertionError(f"Test input file ({filename}) cannot be found.")
AssertionError: Test input file (phiX.bam) cannot be found.
"><![CDATA[
                { "execution_problem": "Input staging problem: Traceback (most recent call last):\n  File \"/opt/hostedtoolcache/Python/3.12.12/x64/lib/python3.12/site-packages/galaxy/tool_util/verify/interactor.py\", line 1466, in verify_tool\n    stage_data_in_history(\n  File \"/opt/hostedtoolcache/Python/3.12.12/x64/lib/python3.12/site-packages/galaxy/tool_util/verify/interactor.py\", line 163, in stage_data_in_history\n    test_dict = galaxy_interactor.remote_to_input(\n                ^^^^^^^^^^^^^^^^^^^^^^^^^^^^^^^^^^\n  File \"/opt/hostedtoolcache/Python/3.12.12/x64/lib/python3.12/site-packages/galaxy/tool_util/verify/interactor.py\", line 581, in remote_to_input\n    path_or_location = self._get_path_or_location(\n                       ^^^^^^^^^^^^^^^^^^^^^^^^^^^\n  File \"/opt/hostedtoolcache/Python/3.12.12/x64/lib/python3.12/site-packages/galaxy/tool_util/verify/interactor.py\", line 618, in _get_path_or_location\n    path = self.test_data_download(\n           ^^^^^^^^^^^^^^^^^^^^^^^^\n  File \"/opt/hostedtoolcache/Python/3.12.12/x64/lib/python3.12/site-packages/galaxy/tool_util/verify/interactor.py\", line 524, in test_data_download\n    raise AssertionError(f\"Test input file ({filename}) cannot be found.\")\nAssertionError: Test input file (phiX.bam) cannot be found.\n", "status": "error", "test_index": 0, "time_seconds": 0.09462308883666992, "tool_id": "samtools_split", "tool_version": "1.9"}
            ]]></error>
        
    </testcase>
    
    <testcase classname="samtools_view (Test #1)" name="0" time="0.0927283763885498">
        
            <error type="error" message="Input staging problem: Traceback (most recent call last):
  File "/opt/hostedtoolcache/Python/3.12.12/x64/lib/python3.12/site-packages/galaxy/tool_util/verify/interactor.py", line 1466, in verify_tool
    stage_data_in_history(
  File "/opt/hostedtoolcache/Python/3.12.12/x64/lib/python3.12/site-packages/galaxy/tool_util/verify/interactor.py", line 163, in stage_data_in_history
    test_dict = galaxy_interactor.remote_to_input(
                ^^^^^^^^^^^^^^^^^^^^^^^^^^^^^^^^^^
  File "/opt/hostedtoolcache/Python/3.12.12/x64/lib/python3.12/site-packages/galaxy/tool_util/verify/interactor.py", line 581, in remote_to_input
    path_or_location = self._get_path_or_location(
                       ^^^^^^^^^^^^^^^^^^^^^^^^^^^
  File "/opt/hostedtoolcache/Python/3.12.12/x64/lib/python3.12/site-packages/galaxy/tool_util/verify/interactor.py", line 618, in _get_path_or_location
    path = self.test_data_download(
           ^^^^^^^^^^^^^^^^^^^^^^^^
  File "/opt/hostedtoolcache/Python/3.12.12/x64/lib/python3.12/site-packages/galaxy/tool_util/verify/interactor.py", line 524, in test_data_download
    raise AssertionError(f"Test input file ({filename}) cannot be found.")
AssertionError: Test input file (sam_to_bam_in1.sam) cannot be found.
"><![CDATA[
                { "execution_problem": "Input staging problem: Traceback (most recent call last):\n  File \"/opt/hostedtoolcache/Python/3.12.12/x64/lib/python3.12/site-packages/galaxy/tool_util/verify/interactor.py\", line 1466, in verify_tool\n    stage_data_in_history(\n  File \"/opt/hostedtoolcache/Python/3.12.12/x64/lib/python3.12/site-packages/galaxy/tool_util/verify/interactor.py\", line 163, in stage_data_in_history\n    test_dict = galaxy_interactor.remote_to_input(\n                ^^^^^^^^^^^^^^^^^^^^^^^^^^^^^^^^^^\n  File \"/opt/hostedtoolcache/Python/3.12.12/x64/lib/python3.12/site-packages/galaxy/tool_util/verify/interactor.py\", line 581, in remote_to_input\n    path_or_location = self._get_path_or_location(\n                       ^^^^^^^^^^^^^^^^^^^^^^^^^^^\n  File \"/opt/hostedtoolcache/Python/3.12.12/x64/lib/python3.12/site-packages/galaxy/tool_util/verify/interactor.py\", line 618, in _get_path_or_location\n    path = self.test_data_download(\n           ^^^^^^^^^^^^^^^^^^^^^^^^\n  File \"/opt/hostedtoolcache/Python/3.12.12/x64/lib/python3.12/site-packages/galaxy/tool_util/verify/interactor.py\", line 524, in test_data_download\n    raise AssertionError(f\"Test input file ({filename}) cannot be found.\")\nAssertionError: Test input file (sam_to_bam_in1.sam) cannot be found.\n", "status": "error", "test_index": 0, "time_seconds": 0.0927283763885498, "tool_id": "samtools_view", "tool_version": "1.9+galaxy3"}
            ]]></error>
        
    </testcase>
    
    <testcase classname="samtools_view (Test #2)" name="1" time="">
        
            <error type="error" message=""><![CDATA[
                { "status": "skip", "test_index": 1, "tool_id": "samtools_view", "tool_version": "1.9+galaxy3"}
            ]]></error>
        
    </testcase>
    
    <testcase classname="samtools_view (Test #11)" name="10" time="0.05130910873413086">
        
            <error type="error" message="Input staging problem: Traceback (most recent call last):
  File "/opt/hostedtoolcache/Python/3.12.12/x64/lib/python3.12/site-packages/galaxy/tool_util/verify/interactor.py", line 1466, in verify_tool
    stage_data_in_history(
  File "/opt/hostedtoolcache/Python/3.12.12/x64/lib/python3.12/site-packages/galaxy/tool_util/verify/interactor.py", line 163, in stage_data_in_history
    test_dict = galaxy_interactor.remote_to_input(
                ^^^^^^^^^^^^^^^^^^^^^^^^^^^^^^^^^^
  File "/opt/hostedtoolcache/Python/3.12.12/x64/lib/python3.12/site-packages/galaxy/tool_util/verify/interactor.py", line 581, in remote_to_input
    path_or_location = self._get_path_or_location(
                       ^^^^^^^^^^^^^^^^^^^^^^^^^^^
  File "/opt/hostedtoolcache/Python/3.12.12/x64/lib/python3.12/site-packages/galaxy/tool_util/verify/interactor.py", line 618, in _get_path_or_location
    path = self.test_data_download(
           ^^^^^^^^^^^^^^^^^^^^^^^^
  File "/opt/hostedtoolcache/Python/3.12.12/x64/lib/python3.12/site-packages/galaxy/tool_util/verify/interactor.py", line 524, in test_data_download
    raise AssertionError(f"Test input file ({filename}) cannot be found.")
AssertionError: Test input file (bam_to_sam_in1.bam) cannot be found.
"><![CDATA[
                { "execution_problem": "Input staging problem: Traceback (most recent call last):\n  File \"/opt/hostedtoolcache/Python/3.12.12/x64/lib/python3.12/site-packages/galaxy/tool_util/verify/interactor.py\", line 1466, in verify_tool\n    stage_data_in_history(\n  File \"/opt/hostedtoolcache/Python/3.12.12/x64/lib/python3.12/site-packages/galaxy/tool_util/verify/interactor.py\", line 163, in stage_data_in_history\n    test_dict = galaxy_interactor.remote_to_input(\n                ^^^^^^^^^^^^^^^^^^^^^^^^^^^^^^^^^^\n  File \"/opt/hostedtoolcache/Python/3.12.12/x64/lib/python3.12/site-packages/galaxy/tool_util/verify/interactor.py\", line 581, in remote_to_input\n    path_or_location = self._get_path_or_location(\n                       ^^^^^^^^^^^^^^^^^^^^^^^^^^^\n  File \"/opt/hostedtoolcache/Python/3.12.12/x64/lib/python3.12/site-packages/galaxy/tool_util/verify/interactor.py\", line 618, in _get_path_or_location\n    path = self.test_data_download(\n           ^^^^^^^^^^^^^^^^^^^^^^^^\n  File \"/opt/hostedtoolcache/Python/3.12.12/x64/lib/python3.12/site-packages/galaxy/tool_util/verify/interactor.py\", line 524, in test_data_download\n    raise AssertionError(f\"Test input file ({filename}) cannot be found.\")\nAssertionError: Test input file (bam_to_sam_in1.bam) cannot be found.\n", "status": "error", "test_index": 10, "time_seconds": 0.05130910873413086, "tool_id": "samtools_view", "tool_version": "1.9+galaxy3"}
            ]]></error>
        
    </testcase>
    
    <testcase classname="samtools_view (Test #12)" name="11" time="0.05067753791809082">
        
            <error type="error" message="Input staging problem: Traceback (most recent call last):
  File "/opt/hostedtoolcache/Python/3.12.12/x64/lib/python3.12/site-packages/galaxy/tool_util/verify/interactor.py", line 1466, in verify_tool
    stage_data_in_history(
  File "/opt/hostedtoolcache/Python/3.12.12/x64/lib/python3.12/site-packages/galaxy/tool_util/verify/interactor.py", line 163, in stage_data_in_history
    test_dict = galaxy_interactor.remote_to_input(
                ^^^^^^^^^^^^^^^^^^^^^^^^^^^^^^^^^^
  File "/opt/hostedtoolcache/Python/3.12.12/x64/lib/python3.12/site-packages/galaxy/tool_util/verify/interactor.py", line 581, in remote_to_input
    path_or_location = self._get_path_or_location(
                       ^^^^^^^^^^^^^^^^^^^^^^^^^^^
  File "/opt/hostedtoolcache/Python/3.12.12/x64/lib/python3.12/site-packages/galaxy/tool_util/verify/interactor.py", line 618, in _get_path_or_location
    path = self.test_data_download(
           ^^^^^^^^^^^^^^^^^^^^^^^^
  File "/opt/hostedtoolcache/Python/3.12.12/x64/lib/python3.12/site-packages/galaxy/tool_util/verify/interactor.py", line 524, in test_data_download
    raise AssertionError(f"Test input file ({filename}) cannot be found.")
AssertionError: Test input file (bam_to_sam_in1.bam) cannot be found.
"><![CDATA[
                { "execution_problem": "Input staging problem: Traceback (most recent call last):\n  File \"/opt/hostedtoolcache/Python/3.12.12/x64/lib/python3.12/site-packages/galaxy/tool_util/verify/interactor.py\", line 1466, in verify_tool\n    stage_data_in_history(\n  File \"/opt/hostedtoolcache/Python/3.12.12/x64/lib/python3.12/site-packages/galaxy/tool_util/verify/interactor.py\", line 163, in stage_data_in_history\n    test_dict = galaxy_interactor.remote_to_input(\n                ^^^^^^^^^^^^^^^^^^^^^^^^^^^^^^^^^^\n  File \"/opt/hostedtoolcache/Python/3.12.12/x64/lib/python3.12/site-packages/galaxy/tool_util/verify/interactor.py\", line 581, in remote_to_input\n    path_or_location = self._get_path_or_location(\n                       ^^^^^^^^^^^^^^^^^^^^^^^^^^^\n  File \"/opt/hostedtoolcache/Python/3.12.12/x64/lib/python3.12/site-packages/galaxy/tool_util/verify/interactor.py\", line 618, in _get_path_or_location\n    path = self.test_data_download(\n           ^^^^^^^^^^^^^^^^^^^^^^^^\n  File \"/opt/hostedtoolcache/Python/3.12.12/x64/lib/python3.12/site-packages/galaxy/tool_util/verify/interactor.py\", line 524, in test_data_download\n    raise AssertionError(f\"Test input file ({filename}) cannot be found.\")\nAssertionError: Test input file (bam_to_sam_in1.bam) cannot be found.\n", "status": "error", "test_index": 11, "time_seconds": 0.05067753791809082, "tool_id": "samtools_view", "tool_version": "1.9+galaxy3"}
            ]]></error>
        
    </testcase>
    
    <testcase classname="samtools_view (Test #13)" name="12" time="0.05026745796203613">
        
            <error type="error" message="Input staging problem: Traceback (most recent call last):
  File "/opt/hostedtoolcache/Python/3.12.12/x64/lib/python3.12/site-packages/galaxy/tool_util/verify/interactor.py", line 1466, in verify_tool
    stage_data_in_history(
  File "/opt/hostedtoolcache/Python/3.12.12/x64/lib/python3.12/site-packages/galaxy/tool_util/verify/interactor.py", line 163, in stage_data_in_history
    test_dict = galaxy_interactor.remote_to_input(
                ^^^^^^^^^^^^^^^^^^^^^^^^^^^^^^^^^^
  File "/opt/hostedtoolcache/Python/3.12.12/x64/lib/python3.12/site-packages/galaxy/tool_util/verify/interactor.py", line 581, in remote_to_input
    path_or_location = self._get_path_or_location(
                       ^^^^^^^^^^^^^^^^^^^^^^^^^^^
  File "/opt/hostedtoolcache/Python/3.12.12/x64/lib/python3.12/site-packages/galaxy/tool_util/verify/interactor.py", line 618, in _get_path_or_location
    path = self.test_data_download(
           ^^^^^^^^^^^^^^^^^^^^^^^^
  File "/opt/hostedtoolcache/Python/3.12.12/x64/lib/python3.12/site-packages/galaxy/tool_util/verify/interactor.py", line 524, in test_data_download
    raise AssertionError(f"Test input file ({filename}) cannot be found.")
AssertionError: Test input file (bam_to_sam_in1.bam) cannot be found.
"><![CDATA[
                { "execution_problem": "Input staging problem: Traceback (most recent call last):\n  File \"/opt/hostedtoolcache/Python/3.12.12/x64/lib/python3.12/site-packages/galaxy/tool_util/verify/interactor.py\", line 1466, in verify_tool\n    stage_data_in_history(\n  File \"/opt/hostedtoolcache/Python/3.12.12/x64/lib/python3.12/site-packages/galaxy/tool_util/verify/interactor.py\", line 163, in stage_data_in_history\n    test_dict = galaxy_interactor.remote_to_input(\n                ^^^^^^^^^^^^^^^^^^^^^^^^^^^^^^^^^^\n  File \"/opt/hostedtoolcache/Python/3.12.12/x64/lib/python3.12/site-packages/galaxy/tool_util/verify/interactor.py\", line 581, in remote_to_input\n    path_or_location = self._get_path_or_location(\n                       ^^^^^^^^^^^^^^^^^^^^^^^^^^^\n  File \"/opt/hostedtoolcache/Python/3.12.12/x64/lib/python3.12/site-packages/galaxy/tool_util/verify/interactor.py\", line 618, in _get_path_or_location\n    path = self.test_data_download(\n           ^^^^^^^^^^^^^^^^^^^^^^^^\n  File \"/opt/hostedtoolcache/Python/3.12.12/x64/lib/python3.12/site-packages/galaxy/tool_util/verify/interactor.py\", line 524, in test_data_download\n    raise AssertionError(f\"Test input file ({filename}) cannot be found.\")\nAssertionError: Test input file (bam_to_sam_in1.bam) cannot be found.\n", "status": "error", "test_index": 12, "time_seconds": 0.05026745796203613, "tool_id": "samtools_view", "tool_version": "1.9+galaxy3"}
            ]]></error>
        
    </testcase>
    
    <testcase classname="samtools_view (Test #14)" name="13" time="0.05209064483642578">
        
            <error type="error" message="Input staging problem: Traceback (most recent call last):
  File "/opt/hostedtoolcache/Python/3.12.12/x64/lib/python3.12/site-packages/galaxy/tool_util/verify/interactor.py", line 1466, in verify_tool
    stage_data_in_history(
  File "/opt/hostedtoolcache/Python/3.12.12/x64/lib/python3.12/site-packages/galaxy/tool_util/verify/interactor.py", line 163, in stage_data_in_history
    test_dict = galaxy_interactor.remote_to_input(
                ^^^^^^^^^^^^^^^^^^^^^^^^^^^^^^^^^^
  File "/opt/hostedtoolcache/Python/3.12.12/x64/lib/python3.12/site-packages/galaxy/tool_util/verify/interactor.py", line 581, in remote_to_input
    path_or_location = self._get_path_or_location(
                       ^^^^^^^^^^^^^^^^^^^^^^^^^^^
  File "/opt/hostedtoolcache/Python/3.12.12/x64/lib/python3.12/site-packages/galaxy/tool_util/verify/interactor.py", line 618, in _get_path_or_location
    path = self.test_data_download(
           ^^^^^^^^^^^^^^^^^^^^^^^^
  File "/opt/hostedtoolcache/Python/3.12.12/x64/lib/python3.12/site-packages/galaxy/tool_util/verify/interactor.py", line 524, in test_data_download
    raise AssertionError(f"Test input file ({filename}) cannot be found.")
AssertionError: Test input file (test.bam) cannot be found.
"><![CDATA[
                { "execution_problem": "Input staging problem: Traceback (most recent call last):\n  File \"/opt/hostedtoolcache/Python/3.12.12/x64/lib/python3.12/site-packages/galaxy/tool_util/verify/interactor.py\", line 1466, in verify_tool\n    stage_data_in_history(\n  File \"/opt/hostedtoolcache/Python/3.12.12/x64/lib/python3.12/site-packages/galaxy/tool_util/verify/interactor.py\", line 163, in stage_data_in_history\n    test_dict = galaxy_interactor.remote_to_input(\n                ^^^^^^^^^^^^^^^^^^^^^^^^^^^^^^^^^^\n  File \"/opt/hostedtoolcache/Python/3.12.12/x64/lib/python3.12/site-packages/galaxy/tool_util/verify/interactor.py\", line 581, in remote_to_input\n    path_or_location = self._get_path_or_location(\n                       ^^^^^^^^^^^^^^^^^^^^^^^^^^^\n  File \"/opt/hostedtoolcache/Python/3.12.12/x64/lib/python3.12/site-packages/galaxy/tool_util/verify/interactor.py\", line 618, in _get_path_or_location\n    path = self.test_data_download(\n           ^^^^^^^^^^^^^^^^^^^^^^^^\n  File \"/opt/hostedtoolcache/Python/3.12.12/x64/lib/python3.12/site-packages/galaxy/tool_util/verify/interactor.py\", line 524, in test_data_download\n    raise AssertionError(f\"Test input file ({filename}) cannot be found.\")\nAssertionError: Test input file (test.bam) cannot be found.\n", "status": "error", "test_index": 13, "time_seconds": 0.05209064483642578, "tool_id": "samtools_view", "tool_version": "1.9+galaxy3"}
            ]]></error>
        
    </testcase>
    
    <testcase classname="samtools_view (Test #15)" name="14" time="0.05064535140991211">
        
            <error type="error" message="Input staging problem: Traceback (most recent call last):
  File "/opt/hostedtoolcache/Python/3.12.12/x64/lib/python3.12/site-packages/galaxy/tool_util/verify/interactor.py", line 1466, in verify_tool
    stage_data_in_history(
  File "/opt/hostedtoolcache/Python/3.12.12/x64/lib/python3.12/site-packages/galaxy/tool_util/verify/interactor.py", line 163, in stage_data_in_history
    test_dict = galaxy_interactor.remote_to_input(
                ^^^^^^^^^^^^^^^^^^^^^^^^^^^^^^^^^^
  File "/opt/hostedtoolcache/Python/3.12.12/x64/lib/python3.12/site-packages/galaxy/tool_util/verify/interactor.py", line 581, in remote_to_input
    path_or_location = self._get_path_or_location(
                       ^^^^^^^^^^^^^^^^^^^^^^^^^^^
  File "/opt/hostedtoolcache/Python/3.12.12/x64/lib/python3.12/site-packages/galaxy/tool_util/verify/interactor.py", line 618, in _get_path_or_location
    path = self.test_data_download(
           ^^^^^^^^^^^^^^^^^^^^^^^^
  File "/opt/hostedtoolcache/Python/3.12.12/x64/lib/python3.12/site-packages/galaxy/tool_util/verify/interactor.py", line 524, in test_data_download
    raise AssertionError(f"Test input file ({filename}) cannot be found.")
AssertionError: Test input file (test.sam) cannot be found.
"><![CDATA[
                { "execution_problem": "Input staging problem: Traceback (most recent call last):\n  File \"/opt/hostedtoolcache/Python/3.12.12/x64/lib/python3.12/site-packages/galaxy/tool_util/verify/interactor.py\", line 1466, in verify_tool\n    stage_data_in_history(\n  File \"/opt/hostedtoolcache/Python/3.12.12/x64/lib/python3.12/site-packages/galaxy/tool_util/verify/interactor.py\", line 163, in stage_data_in_history\n    test_dict = galaxy_interactor.remote_to_input(\n                ^^^^^^^^^^^^^^^^^^^^^^^^^^^^^^^^^^\n  File \"/opt/hostedtoolcache/Python/3.12.12/x64/lib/python3.12/site-packages/galaxy/tool_util/verify/interactor.py\", line 581, in remote_to_input\n    path_or_location = self._get_path_or_location(\n                       ^^^^^^^^^^^^^^^^^^^^^^^^^^^\n  File \"/opt/hostedtoolcache/Python/3.12.12/x64/lib/python3.12/site-packages/galaxy/tool_util/verify/interactor.py\", line 618, in _get_path_or_location\n    path = self.test_data_download(\n           ^^^^^^^^^^^^^^^^^^^^^^^^\n  File \"/opt/hostedtoolcache/Python/3.12.12/x64/lib/python3.12/site-packages/galaxy/tool_util/verify/interactor.py\", line 524, in test_data_download\n    raise AssertionError(f\"Test input file ({filename}) cannot be found.\")\nAssertionError: Test input file (test.sam) cannot be found.\n", "status": "error", "test_index": 14, "time_seconds": 0.05064535140991211, "tool_id": "samtools_view", "tool_version": "1.9+galaxy3"}
            ]]></error>
        
    </testcase>
    
    <testcase classname="samtools_view (Test #16)" name="15" time="0.05107855796813965">
        
            <error type="error" message="Input staging problem: Traceback (most recent call last):
  File "/opt/hostedtoolcache/Python/3.12.12/x64/lib/python3.12/site-packages/galaxy/tool_util/verify/interactor.py", line 1466, in verify_tool
    stage_data_in_history(
  File "/opt/hostedtoolcache/Python/3.12.12/x64/lib/python3.12/site-packages/galaxy/tool_util/verify/interactor.py", line 163, in stage_data_in_history
    test_dict = galaxy_interactor.remote_to_input(
                ^^^^^^^^^^^^^^^^^^^^^^^^^^^^^^^^^^
  File "/opt/hostedtoolcache/Python/3.12.12/x64/lib/python3.12/site-packages/galaxy/tool_util/verify/interactor.py", line 581, in remote_to_input
    path_or_location = self._get_path_or_location(
                       ^^^^^^^^^^^^^^^^^^^^^^^^^^^
  File "/opt/hostedtoolcache/Python/3.12.12/x64/lib/python3.12/site-packages/galaxy/tool_util/verify/interactor.py", line 618, in _get_path_or_location
    path = self.test_data_download(
           ^^^^^^^^^^^^^^^^^^^^^^^^
  File "/opt/hostedtoolcache/Python/3.12.12/x64/lib/python3.12/site-packages/galaxy/tool_util/verify/interactor.py", line 524, in test_data_download
    raise AssertionError(f"Test input file ({filename}) cannot be found.")
AssertionError: Test input file (test.bam) cannot be found.
"><![CDATA[
                { "execution_problem": "Input staging problem: Traceback (most recent call last):\n  File \"/opt/hostedtoolcache/Python/3.12.12/x64/lib/python3.12/site-packages/galaxy/tool_util/verify/interactor.py\", line 1466, in verify_tool\n    stage_data_in_history(\n  File \"/opt/hostedtoolcache/Python/3.12.12/x64/lib/python3.12/site-packages/galaxy/tool_util/verify/interactor.py\", line 163, in stage_data_in_history\n    test_dict = galaxy_interactor.remote_to_input(\n                ^^^^^^^^^^^^^^^^^^^^^^^^^^^^^^^^^^\n  File \"/opt/hostedtoolcache/Python/3.12.12/x64/lib/python3.12/site-packages/galaxy/tool_util/verify/interactor.py\", line 581, in remote_to_input\n    path_or_location = self._get_path_or_location(\n                       ^^^^^^^^^^^^^^^^^^^^^^^^^^^\n  File \"/opt/hostedtoolcache/Python/3.12.12/x64/lib/python3.12/site-packages/galaxy/tool_util/verify/interactor.py\", line 618, in _get_path_or_location\n    path = self.test_data_download(\n           ^^^^^^^^^^^^^^^^^^^^^^^^\n  File \"/opt/hostedtoolcache/Python/3.12.12/x64/lib/python3.12/site-packages/galaxy/tool_util/verify/interactor.py\", line 524, in test_data_download\n    raise AssertionError(f\"Test input file ({filename}) cannot be found.\")\nAssertionError: Test input file (test.bam) cannot be found.\n", "status": "error", "test_index": 15, "time_seconds": 0.05107855796813965, "tool_id": "samtools_view", "tool_version": "1.9+galaxy3"}
            ]]></error>
        
    </testcase>
    
    <testcase classname="samtools_view (Test #17)" name="16" time="">
        
            <error type="error" message=""><![CDATA[
                { "status": "skip", "test_index": 16, "tool_id": "samtools_view", "tool_version": "1.9+galaxy3"}
            ]]></error>
        
    </testcase>
    
    <testcase classname="samtools_view (Test #18)" name="17" time="0.05225992202758789">
        
            <error type="error" message="Input staging problem: Traceback (most recent call last):
  File "/opt/hostedtoolcache/Python/3.12.12/x64/lib/python3.12/site-packages/galaxy/tool_util/verify/interactor.py", line 1466, in verify_tool
    stage_data_in_history(
  File "/opt/hostedtoolcache/Python/3.12.12/x64/lib/python3.12/site-packages/galaxy/tool_util/verify/interactor.py", line 163, in stage_data_in_history
    test_dict = galaxy_interactor.remote_to_input(
                ^^^^^^^^^^^^^^^^^^^^^^^^^^^^^^^^^^
  File "/opt/hostedtoolcache/Python/3.12.12/x64/lib/python3.12/site-packages/galaxy/tool_util/verify/interactor.py", line 581, in remote_to_input
    path_or_location = self._get_path_or_location(
                       ^^^^^^^^^^^^^^^^^^^^^^^^^^^
  File "/opt/hostedtoolcache/Python/3.12.12/x64/lib/python3.12/site-packages/galaxy/tool_util/verify/interactor.py", line 618, in _get_path_or_location
    path = self.test_data_download(
           ^^^^^^^^^^^^^^^^^^^^^^^^
  File "/opt/hostedtoolcache/Python/3.12.12/x64/lib/python3.12/site-packages/galaxy/tool_util/verify/interactor.py", line 524, in test_data_download
    raise AssertionError(f"Test input file ({filename}) cannot be found.")
AssertionError: Test input file (test.bam) cannot be found.
"><![CDATA[
                { "execution_problem": "Input staging problem: Traceback (most recent call last):\n  File \"/opt/hostedtoolcache/Python/3.12.12/x64/lib/python3.12/site-packages/galaxy/tool_util/verify/interactor.py\", line 1466, in verify_tool\n    stage_data_in_history(\n  File \"/opt/hostedtoolcache/Python/3.12.12/x64/lib/python3.12/site-packages/galaxy/tool_util/verify/interactor.py\", line 163, in stage_data_in_history\n    test_dict = galaxy_interactor.remote_to_input(\n                ^^^^^^^^^^^^^^^^^^^^^^^^^^^^^^^^^^\n  File \"/opt/hostedtoolcache/Python/3.12.12/x64/lib/python3.12/site-packages/galaxy/tool_util/verify/interactor.py\", line 581, in remote_to_input\n    path_or_location = self._get_path_or_location(\n                       ^^^^^^^^^^^^^^^^^^^^^^^^^^^\n  File \"/opt/hostedtoolcache/Python/3.12.12/x64/lib/python3.12/site-packages/galaxy/tool_util/verify/interactor.py\", line 618, in _get_path_or_location\n    path = self.test_data_download(\n           ^^^^^^^^^^^^^^^^^^^^^^^^\n  File \"/opt/hostedtoolcache/Python/3.12.12/x64/lib/python3.12/site-packages/galaxy/tool_util/verify/interactor.py\", line 524, in test_data_download\n    raise AssertionError(f\"Test input file ({filename}) cannot be found.\")\nAssertionError: Test input file (test.bam) cannot be found.\n", "status": "error", "test_index": 17, "time_seconds": 0.05225992202758789, "tool_id": "samtools_view", "tool_version": "1.9+galaxy3"}
            ]]></error>
        
    </testcase>
    
    <testcase classname="samtools_view (Test #19)" name="18" time="0.05282950401306152">
        
            <error type="error" message="Input staging problem: Traceback (most recent call last):
  File "/opt/hostedtoolcache/Python/3.12.12/x64/lib/python3.12/site-packages/galaxy/tool_util/verify/interactor.py", line 1466, in verify_tool
    stage_data_in_history(
  File "/opt/hostedtoolcache/Python/3.12.12/x64/lib/python3.12/site-packages/galaxy/tool_util/verify/interactor.py", line 163, in stage_data_in_history
    test_dict = galaxy_interactor.remote_to_input(
                ^^^^^^^^^^^^^^^^^^^^^^^^^^^^^^^^^^
  File "/opt/hostedtoolcache/Python/3.12.12/x64/lib/python3.12/site-packages/galaxy/tool_util/verify/interactor.py", line 581, in remote_to_input
    path_or_location = self._get_path_or_location(
                       ^^^^^^^^^^^^^^^^^^^^^^^^^^^
  File "/opt/hostedtoolcache/Python/3.12.12/x64/lib/python3.12/site-packages/galaxy/tool_util/verify/interactor.py", line 618, in _get_path_or_location
    path = self.test_data_download(
           ^^^^^^^^^^^^^^^^^^^^^^^^
  File "/opt/hostedtoolcache/Python/3.12.12/x64/lib/python3.12/site-packages/galaxy/tool_util/verify/interactor.py", line 524, in test_data_download
    raise AssertionError(f"Test input file ({filename}) cannot be found.")
AssertionError: Test input file (test.cram) cannot be found.
"><![CDATA[
                { "execution_problem": "Input staging problem: Traceback (most recent call last):\n  File \"/opt/hostedtoolcache/Python/3.12.12/x64/lib/python3.12/site-packages/galaxy/tool_util/verify/interactor.py\", line 1466, in verify_tool\n    stage_data_in_history(\n  File \"/opt/hostedtoolcache/Python/3.12.12/x64/lib/python3.12/site-packages/galaxy/tool_util/verify/interactor.py\", line 163, in stage_data_in_history\n    test_dict = galaxy_interactor.remote_to_input(\n                ^^^^^^^^^^^^^^^^^^^^^^^^^^^^^^^^^^\n  File \"/opt/hostedtoolcache/Python/3.12.12/x64/lib/python3.12/site-packages/galaxy/tool_util/verify/interactor.py\", line 581, in remote_to_input\n    path_or_location = self._get_path_or_location(\n                       ^^^^^^^^^^^^^^^^^^^^^^^^^^^\n  File \"/opt/hostedtoolcache/Python/3.12.12/x64/lib/python3.12/site-packages/galaxy/tool_util/verify/interactor.py\", line 618, in _get_path_or_location\n    path = self.test_data_download(\n           ^^^^^^^^^^^^^^^^^^^^^^^^\n  File \"/opt/hostedtoolcache/Python/3.12.12/x64/lib/python3.12/site-packages/galaxy/tool_util/verify/interactor.py\", line 524, in test_data_download\n    raise AssertionError(f\"Test input file ({filename}) cannot be found.\")\nAssertionError: Test input file (test.cram) cannot be found.\n", "status": "error", "test_index": 18, "time_seconds": 0.05282950401306152, "tool_id": "samtools_view", "tool_version": "1.9+galaxy3"}
            ]]></error>
        
    </testcase>
    
    <testcase classname="samtools_view (Test #20)" name="19" time="0.05166196823120117">
        
            <error type="error" message="Input staging problem: Traceback (most recent call last):
  File "/opt/hostedtoolcache/Python/3.12.12/x64/lib/python3.12/site-packages/galaxy/tool_util/verify/interactor.py", line 1466, in verify_tool
    stage_data_in_history(
  File "/opt/hostedtoolcache/Python/3.12.12/x64/lib/python3.12/site-packages/galaxy/tool_util/verify/interactor.py", line 163, in stage_data_in_history
    test_dict = galaxy_interactor.remote_to_input(
                ^^^^^^^^^^^^^^^^^^^^^^^^^^^^^^^^^^
  File "/opt/hostedtoolcache/Python/3.12.12/x64/lib/python3.12/site-packages/galaxy/tool_util/verify/interactor.py", line 581, in remote_to_input
    path_or_location = self._get_path_or_location(
                       ^^^^^^^^^^^^^^^^^^^^^^^^^^^
  File "/opt/hostedtoolcache/Python/3.12.12/x64/lib/python3.12/site-packages/galaxy/tool_util/verify/interactor.py", line 618, in _get_path_or_location
    path = self.test_data_download(
           ^^^^^^^^^^^^^^^^^^^^^^^^
  File "/opt/hostedtoolcache/Python/3.12.12/x64/lib/python3.12/site-packages/galaxy/tool_util/verify/interactor.py", line 524, in test_data_download
    raise AssertionError(f"Test input file ({filename}) cannot be found.")
AssertionError: Test input file (test.cram) cannot be found.
"><![CDATA[
                { "execution_problem": "Input staging problem: Traceback (most recent call last):\n  File \"/opt/hostedtoolcache/Python/3.12.12/x64/lib/python3.12/site-packages/galaxy/tool_util/verify/interactor.py\", line 1466, in verify_tool\n    stage_data_in_history(\n  File \"/opt/hostedtoolcache/Python/3.12.12/x64/lib/python3.12/site-packages/galaxy/tool_util/verify/interactor.py\", line 163, in stage_data_in_history\n    test_dict = galaxy_interactor.remote_to_input(\n                ^^^^^^^^^^^^^^^^^^^^^^^^^^^^^^^^^^\n  File \"/opt/hostedtoolcache/Python/3.12.12/x64/lib/python3.12/site-packages/galaxy/tool_util/verify/interactor.py\", line 581, in remote_to_input\n    path_or_location = self._get_path_or_location(\n                       ^^^^^^^^^^^^^^^^^^^^^^^^^^^\n  File \"/opt/hostedtoolcache/Python/3.12.12/x64/lib/python3.12/site-packages/galaxy/tool_util/verify/interactor.py\", line 618, in _get_path_or_location\n    path = self.test_data_download(\n           ^^^^^^^^^^^^^^^^^^^^^^^^\n  File \"/opt/hostedtoolcache/Python/3.12.12/x64/lib/python3.12/site-packages/galaxy/tool_util/verify/interactor.py\", line 524, in test_data_download\n    raise AssertionError(f\"Test input file ({filename}) cannot be found.\")\nAssertionError: Test input file (test.cram) cannot be found.\n", "status": "error", "test_index": 19, "time_seconds": 0.05166196823120117, "tool_id": "samtools_view", "tool_version": "1.9+galaxy3"}
            ]]></error>
        
    </testcase>
    
    <testcase classname="samtools_view (Test #3)" name="2" time="0.05116987228393555">
        
            <error type="error" message="Input staging problem: Traceback (most recent call last):
  File "/opt/hostedtoolcache/Python/3.12.12/x64/lib/python3.12/site-packages/galaxy/tool_util/verify/interactor.py", line 1466, in verify_tool
    stage_data_in_history(
  File "/opt/hostedtoolcache/Python/3.12.12/x64/lib/python3.12/site-packages/galaxy/tool_util/verify/interactor.py", line 163, in stage_data_in_history
    test_dict = galaxy_interactor.remote_to_input(
                ^^^^^^^^^^^^^^^^^^^^^^^^^^^^^^^^^^
  File "/opt/hostedtoolcache/Python/3.12.12/x64/lib/python3.12/site-packages/galaxy/tool_util/verify/interactor.py", line 581, in remote_to_input
    path_or_location = self._get_path_or_location(
                       ^^^^^^^^^^^^^^^^^^^^^^^^^^^
  File "/opt/hostedtoolcache/Python/3.12.12/x64/lib/python3.12/site-packages/galaxy/tool_util/verify/interactor.py", line 618, in _get_path_or_location
    path = self.test_data_download(
           ^^^^^^^^^^^^^^^^^^^^^^^^
  File "/opt/hostedtoolcache/Python/3.12.12/x64/lib/python3.12/site-packages/galaxy/tool_util/verify/interactor.py", line 524, in test_data_download
    raise AssertionError(f"Test input file ({filename}) cannot be found.")
AssertionError: Test input file (sam_to_bam_noheader_in2.sam) cannot be found.
"><![CDATA[
                { "execution_problem": "Input staging problem: Traceback (most recent call last):\n  File \"/opt/hostedtoolcache/Python/3.12.12/x64/lib/python3.12/site-packages/galaxy/tool_util/verify/interactor.py\", line 1466, in verify_tool\n    stage_data_in_history(\n  File \"/opt/hostedtoolcache/Python/3.12.12/x64/lib/python3.12/site-packages/galaxy/tool_util/verify/interactor.py\", line 163, in stage_data_in_history\n    test_dict = galaxy_interactor.remote_to_input(\n                ^^^^^^^^^^^^^^^^^^^^^^^^^^^^^^^^^^\n  File \"/opt/hostedtoolcache/Python/3.12.12/x64/lib/python3.12/site-packages/galaxy/tool_util/verify/interactor.py\", line 581, in remote_to_input\n    path_or_location = self._get_path_or_location(\n                       ^^^^^^^^^^^^^^^^^^^^^^^^^^^\n  File \"/opt/hostedtoolcache/Python/3.12.12/x64/lib/python3.12/site-packages/galaxy/tool_util/verify/interactor.py\", line 618, in _get_path_or_location\n    path = self.test_data_download(\n           ^^^^^^^^^^^^^^^^^^^^^^^^\n  File \"/opt/hostedtoolcache/Python/3.12.12/x64/lib/python3.12/site-packages/galaxy/tool_util/verify/interactor.py\", line 524, in test_data_download\n    raise AssertionError(f\"Test input file ({filename}) cannot be found.\")\nAssertionError: Test input file (sam_to_bam_noheader_in2.sam) cannot be found.\n", "status": "error", "test_index": 2, "time_seconds": 0.05116987228393555, "tool_id": "samtools_view", "tool_version": "1.9+galaxy3"}
            ]]></error>
        
    </testcase>
    
    <testcase classname="samtools_view (Test #21)" name="20" time="0.05105948448181152">
        
            <error type="error" message="Input staging problem: Traceback (most recent call last):
  File "/opt/hostedtoolcache/Python/3.12.12/x64/lib/python3.12/site-packages/galaxy/tool_util/verify/interactor.py", line 1466, in verify_tool
    stage_data_in_history(
  File "/opt/hostedtoolcache/Python/3.12.12/x64/lib/python3.12/site-packages/galaxy/tool_util/verify/interactor.py", line 163, in stage_data_in_history
    test_dict = galaxy_interactor.remote_to_input(
                ^^^^^^^^^^^^^^^^^^^^^^^^^^^^^^^^^^
  File "/opt/hostedtoolcache/Python/3.12.12/x64/lib/python3.12/site-packages/galaxy/tool_util/verify/interactor.py", line 581, in remote_to_input
    path_or_location = self._get_path_or_location(
                       ^^^^^^^^^^^^^^^^^^^^^^^^^^^
  File "/opt/hostedtoolcache/Python/3.12.12/x64/lib/python3.12/site-packages/galaxy/tool_util/verify/interactor.py", line 618, in _get_path_or_location
    path = self.test_data_download(
           ^^^^^^^^^^^^^^^^^^^^^^^^
  File "/opt/hostedtoolcache/Python/3.12.12/x64/lib/python3.12/site-packages/galaxy/tool_util/verify/interactor.py", line 524, in test_data_download
    raise AssertionError(f"Test input file ({filename}) cannot be found.")
AssertionError: Test input file (test.sam) cannot be found.
"><![CDATA[
                { "execution_problem": "Input staging problem: Traceback (most recent call last):\n  File \"/opt/hostedtoolcache/Python/3.12.12/x64/lib/python3.12/site-packages/galaxy/tool_util/verify/interactor.py\", line 1466, in verify_tool\n    stage_data_in_history(\n  File \"/opt/hostedtoolcache/Python/3.12.12/x64/lib/python3.12/site-packages/galaxy/tool_util/verify/interactor.py\", line 163, in stage_data_in_history\n    test_dict = galaxy_interactor.remote_to_input(\n                ^^^^^^^^^^^^^^^^^^^^^^^^^^^^^^^^^^\n  File \"/opt/hostedtoolcache/Python/3.12.12/x64/lib/python3.12/site-packages/galaxy/tool_util/verify/interactor.py\", line 581, in remote_to_input\n    path_or_location = self._get_path_or_location(\n                       ^^^^^^^^^^^^^^^^^^^^^^^^^^^\n  File \"/opt/hostedtoolcache/Python/3.12.12/x64/lib/python3.12/site-packages/galaxy/tool_util/verify/interactor.py\", line 618, in _get_path_or_location\n    path = self.test_data_download(\n           ^^^^^^^^^^^^^^^^^^^^^^^^\n  File \"/opt/hostedtoolcache/Python/3.12.12/x64/lib/python3.12/site-packages/galaxy/tool_util/verify/interactor.py\", line 524, in test_data_download\n    raise AssertionError(f\"Test input file ({filename}) cannot be found.\")\nAssertionError: Test input file (test.sam) cannot be found.\n", "status": "error", "test_index": 20, "time_seconds": 0.05105948448181152, "tool_id": "samtools_view", "tool_version": "1.9+galaxy3"}
            ]]></error>
        
    </testcase>
    
    <testcase classname="samtools_view (Test #22)" name="21" time="0.05101752281188965">
        
            <error type="error" message="Input staging problem: Traceback (most recent call last):
  File "/opt/hostedtoolcache/Python/3.12.12/x64/lib/python3.12/site-packages/galaxy/tool_util/verify/interactor.py", line 1466, in verify_tool
    stage_data_in_history(
  File "/opt/hostedtoolcache/Python/3.12.12/x64/lib/python3.12/site-packages/galaxy/tool_util/verify/interactor.py", line 163, in stage_data_in_history
    test_dict = galaxy_interactor.remote_to_input(
                ^^^^^^^^^^^^^^^^^^^^^^^^^^^^^^^^^^
  File "/opt/hostedtoolcache/Python/3.12.12/x64/lib/python3.12/site-packages/galaxy/tool_util/verify/interactor.py", line 581, in remote_to_input
    path_or_location = self._get_path_or_location(
                       ^^^^^^^^^^^^^^^^^^^^^^^^^^^
  File "/opt/hostedtoolcache/Python/3.12.12/x64/lib/python3.12/site-packages/galaxy/tool_util/verify/interactor.py", line 618, in _get_path_or_location
    path = self.test_data_download(
           ^^^^^^^^^^^^^^^^^^^^^^^^
  File "/opt/hostedtoolcache/Python/3.12.12/x64/lib/python3.12/site-packages/galaxy/tool_util/verify/interactor.py", line 524, in test_data_download
    raise AssertionError(f"Test input file ({filename}) cannot be found.")
AssertionError: Test input file (test.sam) cannot be found.
"><![CDATA[
                { "execution_problem": "Input staging problem: Traceback (most recent call last):\n  File \"/opt/hostedtoolcache/Python/3.12.12/x64/lib/python3.12/site-packages/galaxy/tool_util/verify/interactor.py\", line 1466, in verify_tool\n    stage_data_in_history(\n  File \"/opt/hostedtoolcache/Python/3.12.12/x64/lib/python3.12/site-packages/galaxy/tool_util/verify/interactor.py\", line 163, in stage_data_in_history\n    test_dict = galaxy_interactor.remote_to_input(\n                ^^^^^^^^^^^^^^^^^^^^^^^^^^^^^^^^^^\n  File \"/opt/hostedtoolcache/Python/3.12.12/x64/lib/python3.12/site-packages/galaxy/tool_util/verify/interactor.py\", line 581, in remote_to_input\n    path_or_location = self._get_path_or_location(\n                       ^^^^^^^^^^^^^^^^^^^^^^^^^^^\n  File \"/opt/hostedtoolcache/Python/3.12.12/x64/lib/python3.12/site-packages/galaxy/tool_util/verify/interactor.py\", line 618, in _get_path_or_location\n    path = self.test_data_download(\n           ^^^^^^^^^^^^^^^^^^^^^^^^\n  File \"/opt/hostedtoolcache/Python/3.12.12/x64/lib/python3.12/site-packages/galaxy/tool_util/verify/interactor.py\", line 524, in test_data_download\n    raise AssertionError(f\"Test input file ({filename}) cannot be found.\")\nAssertionError: Test input file (test.sam) cannot be found.\n", "status": "error", "test_index": 21, "time_seconds": 0.05101752281188965, "tool_id": "samtools_view", "tool_version": "1.9+galaxy3"}
            ]]></error>
        
    </testcase>
    
    <testcase classname="samtools_view (Test #23)" name="22" time="0.05322837829589844">
        
            <error type="error" message="Input staging problem: Traceback (most recent call last):
  File "/opt/hostedtoolcache/Python/3.12.12/x64/lib/python3.12/site-packages/galaxy/tool_util/verify/interactor.py", line 1466, in verify_tool
    stage_data_in_history(
  File "/opt/hostedtoolcache/Python/3.12.12/x64/lib/python3.12/site-packages/galaxy/tool_util/verify/interactor.py", line 163, in stage_data_in_history
    test_dict = galaxy_interactor.remote_to_input(
                ^^^^^^^^^^^^^^^^^^^^^^^^^^^^^^^^^^
  File "/opt/hostedtoolcache/Python/3.12.12/x64/lib/python3.12/site-packages/galaxy/tool_util/verify/interactor.py", line 581, in remote_to_input
    path_or_location = self._get_path_or_location(
                       ^^^^^^^^^^^^^^^^^^^^^^^^^^^
  File "/opt/hostedtoolcache/Python/3.12.12/x64/lib/python3.12/site-packages/galaxy/tool_util/verify/interactor.py", line 618, in _get_path_or_location
    path = self.test_data_download(
           ^^^^^^^^^^^^^^^^^^^^^^^^
  File "/opt/hostedtoolcache/Python/3.12.12/x64/lib/python3.12/site-packages/galaxy/tool_util/verify/interactor.py", line 524, in test_data_download
    raise AssertionError(f"Test input file ({filename}) cannot be found.")
AssertionError: Test input file (no_reads.sam) cannot be found.
"><![CDATA[
                { "execution_problem": "Input staging problem: Traceback (most recent call last):\n  File \"/opt/hostedtoolcache/Python/3.12.12/x64/lib/python3.12/site-packages/galaxy/tool_util/verify/interactor.py\", line 1466, in verify_tool\n    stage_data_in_history(\n  File \"/opt/hostedtoolcache/Python/3.12.12/x64/lib/python3.12/site-packages/galaxy/tool_util/verify/interactor.py\", line 163, in stage_data_in_history\n    test_dict = galaxy_interactor.remote_to_input(\n                ^^^^^^^^^^^^^^^^^^^^^^^^^^^^^^^^^^\n  File \"/opt/hostedtoolcache/Python/3.12.12/x64/lib/python3.12/site-packages/galaxy/tool_util/verify/interactor.py\", line 581, in remote_to_input\n    path_or_location = self._get_path_or_location(\n                       ^^^^^^^^^^^^^^^^^^^^^^^^^^^\n  File \"/opt/hostedtoolcache/Python/3.12.12/x64/lib/python3.12/site-packages/galaxy/tool_util/verify/interactor.py\", line 618, in _get_path_or_location\n    path = self.test_data_download(\n           ^^^^^^^^^^^^^^^^^^^^^^^^\n  File \"/opt/hostedtoolcache/Python/3.12.12/x64/lib/python3.12/site-packages/galaxy/tool_util/verify/interactor.py\", line 524, in test_data_download\n    raise AssertionError(f\"Test input file ({filename}) cannot be found.\")\nAssertionError: Test input file (no_reads.sam) cannot be found.\n", "status": "error", "test_index": 22, "time_seconds": 0.05322837829589844, "tool_id": "samtools_view", "tool_version": "1.9+galaxy3"}
            ]]></error>
        
    </testcase>
    
    <testcase classname="samtools_view (Test #24)" name="23" time="0.05103611946105957">
        
            <error type="error" message="Input staging problem: Traceback (most recent call last):
  File "/opt/hostedtoolcache/Python/3.12.12/x64/lib/python3.12/site-packages/galaxy/tool_util/verify/interactor.py", line 1466, in verify_tool
    stage_data_in_history(
  File "/opt/hostedtoolcache/Python/3.12.12/x64/lib/python3.12/site-packages/galaxy/tool_util/verify/interactor.py", line 163, in stage_data_in_history
    test_dict = galaxy_interactor.remote_to_input(
                ^^^^^^^^^^^^^^^^^^^^^^^^^^^^^^^^^^
  File "/opt/hostedtoolcache/Python/3.12.12/x64/lib/python3.12/site-packages/galaxy/tool_util/verify/interactor.py", line 581, in remote_to_input
    path_or_location = self._get_path_or_location(
                       ^^^^^^^^^^^^^^^^^^^^^^^^^^^
  File "/opt/hostedtoolcache/Python/3.12.12/x64/lib/python3.12/site-packages/galaxy/tool_util/verify/interactor.py", line 618, in _get_path_or_location
    path = self.test_data_download(
           ^^^^^^^^^^^^^^^^^^^^^^^^
  File "/opt/hostedtoolcache/Python/3.12.12/x64/lib/python3.12/site-packages/galaxy/tool_util/verify/interactor.py", line 524, in test_data_download
    raise AssertionError(f"Test input file ({filename}) cannot be found.")
AssertionError: Test input file (no_reads.bam) cannot be found.
"><![CDATA[
                { "execution_problem": "Input staging problem: Traceback (most recent call last):\n  File \"/opt/hostedtoolcache/Python/3.12.12/x64/lib/python3.12/site-packages/galaxy/tool_util/verify/interactor.py\", line 1466, in verify_tool\n    stage_data_in_history(\n  File \"/opt/hostedtoolcache/Python/3.12.12/x64/lib/python3.12/site-packages/galaxy/tool_util/verify/interactor.py\", line 163, in stage_data_in_history\n    test_dict = galaxy_interactor.remote_to_input(\n                ^^^^^^^^^^^^^^^^^^^^^^^^^^^^^^^^^^\n  File \"/opt/hostedtoolcache/Python/3.12.12/x64/lib/python3.12/site-packages/galaxy/tool_util/verify/interactor.py\", line 581, in remote_to_input\n    path_or_location = self._get_path_or_location(\n                       ^^^^^^^^^^^^^^^^^^^^^^^^^^^\n  File \"/opt/hostedtoolcache/Python/3.12.12/x64/lib/python3.12/site-packages/galaxy/tool_util/verify/interactor.py\", line 618, in _get_path_or_location\n    path = self.test_data_download(\n           ^^^^^^^^^^^^^^^^^^^^^^^^\n  File \"/opt/hostedtoolcache/Python/3.12.12/x64/lib/python3.12/site-packages/galaxy/tool_util/verify/interactor.py\", line 524, in test_data_download\n    raise AssertionError(f\"Test input file ({filename}) cannot be found.\")\nAssertionError: Test input file (no_reads.bam) cannot be found.\n", "status": "error", "test_index": 23, "time_seconds": 0.05103611946105957, "tool_id": "samtools_view", "tool_version": "1.9+galaxy3"}
            ]]></error>
        
    </testcase>
    
    <testcase classname="samtools_view (Test #25)" name="24" time="0.052080631256103516">
        
            <error type="error" message="Input staging problem: Traceback (most recent call last):
  File "/opt/hostedtoolcache/Python/3.12.12/x64/lib/python3.12/site-packages/galaxy/tool_util/verify/interactor.py", line 1466, in verify_tool
    stage_data_in_history(
  File "/opt/hostedtoolcache/Python/3.12.12/x64/lib/python3.12/site-packages/galaxy/tool_util/verify/interactor.py", line 163, in stage_data_in_history
    test_dict = galaxy_interactor.remote_to_input(
                ^^^^^^^^^^^^^^^^^^^^^^^^^^^^^^^^^^
  File "/opt/hostedtoolcache/Python/3.12.12/x64/lib/python3.12/site-packages/galaxy/tool_util/verify/interactor.py", line 581, in remote_to_input
    path_or_location = self._get_path_or_location(
                       ^^^^^^^^^^^^^^^^^^^^^^^^^^^
  File "/opt/hostedtoolcache/Python/3.12.12/x64/lib/python3.12/site-packages/galaxy/tool_util/verify/interactor.py", line 618, in _get_path_or_location
    path = self.test_data_download(
           ^^^^^^^^^^^^^^^^^^^^^^^^
  File "/opt/hostedtoolcache/Python/3.12.12/x64/lib/python3.12/site-packages/galaxy/tool_util/verify/interactor.py", line 524, in test_data_download
    raise AssertionError(f"Test input file ({filename}) cannot be found.")
AssertionError: Test input file (test.sam) cannot be found.
"><![CDATA[
                { "execution_problem": "Input staging problem: Traceback (most recent call last):\n  File \"/opt/hostedtoolcache/Python/3.12.12/x64/lib/python3.12/site-packages/galaxy/tool_util/verify/interactor.py\", line 1466, in verify_tool\n    stage_data_in_history(\n  File \"/opt/hostedtoolcache/Python/3.12.12/x64/lib/python3.12/site-packages/galaxy/tool_util/verify/interactor.py\", line 163, in stage_data_in_history\n    test_dict = galaxy_interactor.remote_to_input(\n                ^^^^^^^^^^^^^^^^^^^^^^^^^^^^^^^^^^\n  File \"/opt/hostedtoolcache/Python/3.12.12/x64/lib/python3.12/site-packages/galaxy/tool_util/verify/interactor.py\", line 581, in remote_to_input\n    path_or_location = self._get_path_or_location(\n                       ^^^^^^^^^^^^^^^^^^^^^^^^^^^\n  File \"/opt/hostedtoolcache/Python/3.12.12/x64/lib/python3.12/site-packages/galaxy/tool_util/verify/interactor.py\", line 618, in _get_path_or_location\n    path = self.test_data_download(\n           ^^^^^^^^^^^^^^^^^^^^^^^^\n  File \"/opt/hostedtoolcache/Python/3.12.12/x64/lib/python3.12/site-packages/galaxy/tool_util/verify/interactor.py\", line 524, in test_data_download\n    raise AssertionError(f\"Test input file ({filename}) cannot be found.\")\nAssertionError: Test input file (test.sam) cannot be found.\n", "status": "error", "test_index": 24, "time_seconds": 0.052080631256103516, "tool_id": "samtools_view", "tool_version": "1.9+galaxy3"}
            ]]></error>
        
    </testcase>
    
    <testcase classname="samtools_view (Test #26)" name="25" time="0.05213117599487305">
        
            <error type="error" message="Input staging problem: Traceback (most recent call last):
  File "/opt/hostedtoolcache/Python/3.12.12/x64/lib/python3.12/site-packages/galaxy/tool_util/verify/interactor.py", line 1466, in verify_tool
    stage_data_in_history(
  File "/opt/hostedtoolcache/Python/3.12.12/x64/lib/python3.12/site-packages/galaxy/tool_util/verify/interactor.py", line 163, in stage_data_in_history
    test_dict = galaxy_interactor.remote_to_input(
                ^^^^^^^^^^^^^^^^^^^^^^^^^^^^^^^^^^
  File "/opt/hostedtoolcache/Python/3.12.12/x64/lib/python3.12/site-packages/galaxy/tool_util/verify/interactor.py", line 581, in remote_to_input
    path_or_location = self._get_path_or_location(
                       ^^^^^^^^^^^^^^^^^^^^^^^^^^^
  File "/opt/hostedtoolcache/Python/3.12.12/x64/lib/python3.12/site-packages/galaxy/tool_util/verify/interactor.py", line 618, in _get_path_or_location
    path = self.test_data_download(
           ^^^^^^^^^^^^^^^^^^^^^^^^
  File "/opt/hostedtoolcache/Python/3.12.12/x64/lib/python3.12/site-packages/galaxy/tool_util/verify/interactor.py", line 524, in test_data_download
    raise AssertionError(f"Test input file ({filename}) cannot be found.")
AssertionError: Test input file (test.bam) cannot be found.
"><![CDATA[
                { "execution_problem": "Input staging problem: Traceback (most recent call last):\n  File \"/opt/hostedtoolcache/Python/3.12.12/x64/lib/python3.12/site-packages/galaxy/tool_util/verify/interactor.py\", line 1466, in verify_tool\n    stage_data_in_history(\n  File \"/opt/hostedtoolcache/Python/3.12.12/x64/lib/python3.12/site-packages/galaxy/tool_util/verify/interactor.py\", line 163, in stage_data_in_history\n    test_dict = galaxy_interactor.remote_to_input(\n                ^^^^^^^^^^^^^^^^^^^^^^^^^^^^^^^^^^\n  File \"/opt/hostedtoolcache/Python/3.12.12/x64/lib/python3.12/site-packages/galaxy/tool_util/verify/interactor.py\", line 581, in remote_to_input\n    path_or_location = self._get_path_or_location(\n                       ^^^^^^^^^^^^^^^^^^^^^^^^^^^\n  File \"/opt/hostedtoolcache/Python/3.12.12/x64/lib/python3.12/site-packages/galaxy/tool_util/verify/interactor.py\", line 618, in _get_path_or_location\n    path = self.test_data_download(\n           ^^^^^^^^^^^^^^^^^^^^^^^^\n  File \"/opt/hostedtoolcache/Python/3.12.12/x64/lib/python3.12/site-packages/galaxy/tool_util/verify/interactor.py\", line 524, in test_data_download\n    raise AssertionError(f\"Test input file ({filename}) cannot be found.\")\nAssertionError: Test input file (test.bam) cannot be found.\n", "status": "error", "test_index": 25, "time_seconds": 0.05213117599487305, "tool_id": "samtools_view", "tool_version": "1.9+galaxy3"}
            ]]></error>
        
    </testcase>
    
    <testcase classname="samtools_view (Test #27)" name="26" time="0.05221915245056152">
        
            <error type="error" message="Input staging problem: Traceback (most recent call last):
  File "/opt/hostedtoolcache/Python/3.12.12/x64/lib/python3.12/site-packages/galaxy/tool_util/verify/interactor.py", line 1466, in verify_tool
    stage_data_in_history(
  File "/opt/hostedtoolcache/Python/3.12.12/x64/lib/python3.12/site-packages/galaxy/tool_util/verify/interactor.py", line 163, in stage_data_in_history
    test_dict = galaxy_interactor.remote_to_input(
                ^^^^^^^^^^^^^^^^^^^^^^^^^^^^^^^^^^
  File "/opt/hostedtoolcache/Python/3.12.12/x64/lib/python3.12/site-packages/galaxy/tool_util/verify/interactor.py", line 581, in remote_to_input
    path_or_location = self._get_path_or_location(
                       ^^^^^^^^^^^^^^^^^^^^^^^^^^^
  File "/opt/hostedtoolcache/Python/3.12.12/x64/lib/python3.12/site-packages/galaxy/tool_util/verify/interactor.py", line 618, in _get_path_or_location
    path = self.test_data_download(
           ^^^^^^^^^^^^^^^^^^^^^^^^
  File "/opt/hostedtoolcache/Python/3.12.12/x64/lib/python3.12/site-packages/galaxy/tool_util/verify/interactor.py", line 524, in test_data_download
    raise AssertionError(f"Test input file ({filename}) cannot be found.")
AssertionError: Test input file (test.bam) cannot be found.
"><![CDATA[
                { "execution_problem": "Input staging problem: Traceback (most recent call last):\n  File \"/opt/hostedtoolcache/Python/3.12.12/x64/lib/python3.12/site-packages/galaxy/tool_util/verify/interactor.py\", line 1466, in verify_tool\n    stage_data_in_history(\n  File \"/opt/hostedtoolcache/Python/3.12.12/x64/lib/python3.12/site-packages/galaxy/tool_util/verify/interactor.py\", line 163, in stage_data_in_history\n    test_dict = galaxy_interactor.remote_to_input(\n                ^^^^^^^^^^^^^^^^^^^^^^^^^^^^^^^^^^\n  File \"/opt/hostedtoolcache/Python/3.12.12/x64/lib/python3.12/site-packages/galaxy/tool_util/verify/interactor.py\", line 581, in remote_to_input\n    path_or_location = self._get_path_or_location(\n                       ^^^^^^^^^^^^^^^^^^^^^^^^^^^\n  File \"/opt/hostedtoolcache/Python/3.12.12/x64/lib/python3.12/site-packages/galaxy/tool_util/verify/interactor.py\", line 618, in _get_path_or_location\n    path = self.test_data_download(\n           ^^^^^^^^^^^^^^^^^^^^^^^^\n  File \"/opt/hostedtoolcache/Python/3.12.12/x64/lib/python3.12/site-packages/galaxy/tool_util/verify/interactor.py\", line 524, in test_data_download\n    raise AssertionError(f\"Test input file ({filename}) cannot be found.\")\nAssertionError: Test input file (test.bam) cannot be found.\n", "status": "error", "test_index": 26, "time_seconds": 0.05221915245056152, "tool_id": "samtools_view", "tool_version": "1.9+galaxy3"}
            ]]></error>
        
    </testcase>
    
    <testcase classname="samtools_view (Test #28)" name="27" time="0.05044126510620117">
        
            <error type="error" message="Input staging problem: Traceback (most recent call last):
  File "/opt/hostedtoolcache/Python/3.12.12/x64/lib/python3.12/site-packages/galaxy/tool_util/verify/interactor.py", line 1466, in verify_tool
    stage_data_in_history(
  File "/opt/hostedtoolcache/Python/3.12.12/x64/lib/python3.12/site-packages/galaxy/tool_util/verify/interactor.py", line 163, in stage_data_in_history
    test_dict = galaxy_interactor.remote_to_input(
                ^^^^^^^^^^^^^^^^^^^^^^^^^^^^^^^^^^
  File "/opt/hostedtoolcache/Python/3.12.12/x64/lib/python3.12/site-packages/galaxy/tool_util/verify/interactor.py", line 581, in remote_to_input
    path_or_location = self._get_path_or_location(
                       ^^^^^^^^^^^^^^^^^^^^^^^^^^^
  File "/opt/hostedtoolcache/Python/3.12.12/x64/lib/python3.12/site-packages/galaxy/tool_util/verify/interactor.py", line 618, in _get_path_or_location
    path = self.test_data_download(
           ^^^^^^^^^^^^^^^^^^^^^^^^
  File "/opt/hostedtoolcache/Python/3.12.12/x64/lib/python3.12/site-packages/galaxy/tool_util/verify/interactor.py", line 524, in test_data_download
    raise AssertionError(f"Test input file ({filename}) cannot be found.")
AssertionError: Test input file (test.bam) cannot be found.
"><![CDATA[
                { "execution_problem": "Input staging problem: Traceback (most recent call last):\n  File \"/opt/hostedtoolcache/Python/3.12.12/x64/lib/python3.12/site-packages/galaxy/tool_util/verify/interactor.py\", line 1466, in verify_tool\n    stage_data_in_history(\n  File \"/opt/hostedtoolcache/Python/3.12.12/x64/lib/python3.12/site-packages/galaxy/tool_util/verify/interactor.py\", line 163, in stage_data_in_history\n    test_dict = galaxy_interactor.remote_to_input(\n                ^^^^^^^^^^^^^^^^^^^^^^^^^^^^^^^^^^\n  File \"/opt/hostedtoolcache/Python/3.12.12/x64/lib/python3.12/site-packages/galaxy/tool_util/verify/interactor.py\", line 581, in remote_to_input\n    path_or_location = self._get_path_or_location(\n                       ^^^^^^^^^^^^^^^^^^^^^^^^^^^\n  File \"/opt/hostedtoolcache/Python/3.12.12/x64/lib/python3.12/site-packages/galaxy/tool_util/verify/interactor.py\", line 618, in _get_path_or_location\n    path = self.test_data_download(\n           ^^^^^^^^^^^^^^^^^^^^^^^^\n  File \"/opt/hostedtoolcache/Python/3.12.12/x64/lib/python3.12/site-packages/galaxy/tool_util/verify/interactor.py\", line 524, in test_data_download\n    raise AssertionError(f\"Test input file ({filename}) cannot be found.\")\nAssertionError: Test input file (test.bam) cannot be found.\n", "status": "error", "test_index": 27, "time_seconds": 0.05044126510620117, "tool_id": "samtools_view", "tool_version": "1.9+galaxy3"}
            ]]></error>
        
    </testcase>
    
    <testcase classname="samtools_view (Test #29)" name="28" time="0.0527501106262207">
        
            <error type="error" message="Input staging problem: Traceback (most recent call last):
  File "/opt/hostedtoolcache/Python/3.12.12/x64/lib/python3.12/site-packages/galaxy/tool_util/verify/interactor.py", line 1466, in verify_tool
    stage_data_in_history(
  File "/opt/hostedtoolcache/Python/3.12.12/x64/lib/python3.12/site-packages/galaxy/tool_util/verify/interactor.py", line 163, in stage_data_in_history
    test_dict = galaxy_interactor.remote_to_input(
                ^^^^^^^^^^^^^^^^^^^^^^^^^^^^^^^^^^
  File "/opt/hostedtoolcache/Python/3.12.12/x64/lib/python3.12/site-packages/galaxy/tool_util/verify/interactor.py", line 581, in remote_to_input
    path_or_location = self._get_path_or_location(
                       ^^^^^^^^^^^^^^^^^^^^^^^^^^^
  File "/opt/hostedtoolcache/Python/3.12.12/x64/lib/python3.12/site-packages/galaxy/tool_util/verify/interactor.py", line 618, in _get_path_or_location
    path = self.test_data_download(
           ^^^^^^^^^^^^^^^^^^^^^^^^
  File "/opt/hostedtoolcache/Python/3.12.12/x64/lib/python3.12/site-packages/galaxy/tool_util/verify/interactor.py", line 524, in test_data_download
    raise AssertionError(f"Test input file ({filename}) cannot be found.")
AssertionError: Test input file (test.bam) cannot be found.
"><![CDATA[
                { "execution_problem": "Input staging problem: Traceback (most recent call last):\n  File \"/opt/hostedtoolcache/Python/3.12.12/x64/lib/python3.12/site-packages/galaxy/tool_util/verify/interactor.py\", line 1466, in verify_tool\n    stage_data_in_history(\n  File \"/opt/hostedtoolcache/Python/3.12.12/x64/lib/python3.12/site-packages/galaxy/tool_util/verify/interactor.py\", line 163, in stage_data_in_history\n    test_dict = galaxy_interactor.remote_to_input(\n                ^^^^^^^^^^^^^^^^^^^^^^^^^^^^^^^^^^\n  File \"/opt/hostedtoolcache/Python/3.12.12/x64/lib/python3.12/site-packages/galaxy/tool_util/verify/interactor.py\", line 581, in remote_to_input\n    path_or_location = self._get_path_or_location(\n                       ^^^^^^^^^^^^^^^^^^^^^^^^^^^\n  File \"/opt/hostedtoolcache/Python/3.12.12/x64/lib/python3.12/site-packages/galaxy/tool_util/verify/interactor.py\", line 618, in _get_path_or_location\n    path = self.test_data_download(\n           ^^^^^^^^^^^^^^^^^^^^^^^^\n  File \"/opt/hostedtoolcache/Python/3.12.12/x64/lib/python3.12/site-packages/galaxy/tool_util/verify/interactor.py\", line 524, in test_data_download\n    raise AssertionError(f\"Test input file ({filename}) cannot be found.\")\nAssertionError: Test input file (test.bam) cannot be found.\n", "status": "error", "test_index": 28, "time_seconds": 0.0527501106262207, "tool_id": "samtools_view", "tool_version": "1.9+galaxy3"}
            ]]></error>
        
    </testcase>
    
    <testcase classname="samtools_view (Test #4)" name="3" time="0.05198097229003906">
        
            <error type="error" message="Input staging problem: Traceback (most recent call last):
  File "/opt/hostedtoolcache/Python/3.12.12/x64/lib/python3.12/site-packages/galaxy/tool_util/verify/interactor.py", line 1466, in verify_tool
    stage_data_in_history(
  File "/opt/hostedtoolcache/Python/3.12.12/x64/lib/python3.12/site-packages/galaxy/tool_util/verify/interactor.py", line 163, in stage_data_in_history
    test_dict = galaxy_interactor.remote_to_input(
                ^^^^^^^^^^^^^^^^^^^^^^^^^^^^^^^^^^
  File "/opt/hostedtoolcache/Python/3.12.12/x64/lib/python3.12/site-packages/galaxy/tool_util/verify/interactor.py", line 581, in remote_to_input
    path_or_location = self._get_path_or_location(
                       ^^^^^^^^^^^^^^^^^^^^^^^^^^^
  File "/opt/hostedtoolcache/Python/3.12.12/x64/lib/python3.12/site-packages/galaxy/tool_util/verify/interactor.py", line 618, in _get_path_or_location
    path = self.test_data_download(
           ^^^^^^^^^^^^^^^^^^^^^^^^
  File "/opt/hostedtoolcache/Python/3.12.12/x64/lib/python3.12/site-packages/galaxy/tool_util/verify/interactor.py", line 524, in test_data_download
    raise AssertionError(f"Test input file ({filename}) cannot be found.")
AssertionError: Test input file (test.cram) cannot be found.
"><![CDATA[
                { "execution_problem": "Input staging problem: Traceback (most recent call last):\n  File \"/opt/hostedtoolcache/Python/3.12.12/x64/lib/python3.12/site-packages/galaxy/tool_util/verify/interactor.py\", line 1466, in verify_tool\n    stage_data_in_history(\n  File \"/opt/hostedtoolcache/Python/3.12.12/x64/lib/python3.12/site-packages/galaxy/tool_util/verify/interactor.py\", line 163, in stage_data_in_history\n    test_dict = galaxy_interactor.remote_to_input(\n                ^^^^^^^^^^^^^^^^^^^^^^^^^^^^^^^^^^\n  File \"/opt/hostedtoolcache/Python/3.12.12/x64/lib/python3.12/site-packages/galaxy/tool_util/verify/interactor.py\", line 581, in remote_to_input\n    path_or_location = self._get_path_or_location(\n                       ^^^^^^^^^^^^^^^^^^^^^^^^^^^\n  File \"/opt/hostedtoolcache/Python/3.12.12/x64/lib/python3.12/site-packages/galaxy/tool_util/verify/interactor.py\", line 618, in _get_path_or_location\n    path = self.test_data_download(\n           ^^^^^^^^^^^^^^^^^^^^^^^^\n  File \"/opt/hostedtoolcache/Python/3.12.12/x64/lib/python3.12/site-packages/galaxy/tool_util/verify/interactor.py\", line 524, in test_data_download\n    raise AssertionError(f\"Test input file ({filename}) cannot be found.\")\nAssertionError: Test input file (test.cram) cannot be found.\n", "status": "error", "test_index": 3, "time_seconds": 0.05198097229003906, "tool_id": "samtools_view", "tool_version": "1.9+galaxy3"}
            ]]></error>
        
    </testcase>
    
    <testcase classname="samtools_view (Test #5)" name="4" time="0.05246758460998535">
        
            <error type="error" message="Input staging problem: Traceback (most recent call last):
  File "/opt/hostedtoolcache/Python/3.12.12/x64/lib/python3.12/site-packages/galaxy/tool_util/verify/interactor.py", line 1466, in verify_tool
    stage_data_in_history(
  File "/opt/hostedtoolcache/Python/3.12.12/x64/lib/python3.12/site-packages/galaxy/tool_util/verify/interactor.py", line 163, in stage_data_in_history
    test_dict = galaxy_interactor.remote_to_input(
                ^^^^^^^^^^^^^^^^^^^^^^^^^^^^^^^^^^
  File "/opt/hostedtoolcache/Python/3.12.12/x64/lib/python3.12/site-packages/galaxy/tool_util/verify/interactor.py", line 581, in remote_to_input
    path_or_location = self._get_path_or_location(
                       ^^^^^^^^^^^^^^^^^^^^^^^^^^^
  File "/opt/hostedtoolcache/Python/3.12.12/x64/lib/python3.12/site-packages/galaxy/tool_util/verify/interactor.py", line 618, in _get_path_or_location
    path = self.test_data_download(
           ^^^^^^^^^^^^^^^^^^^^^^^^
  File "/opt/hostedtoolcache/Python/3.12.12/x64/lib/python3.12/site-packages/galaxy/tool_util/verify/interactor.py", line 524, in test_data_download
    raise AssertionError(f"Test input file ({filename}) cannot be found.")
AssertionError: Test input file (1_sort.bam) cannot be found.
"><![CDATA[
                { "execution_problem": "Input staging problem: Traceback (most recent call last):\n  File \"/opt/hostedtoolcache/Python/3.12.12/x64/lib/python3.12/site-packages/galaxy/tool_util/verify/interactor.py\", line 1466, in verify_tool\n    stage_data_in_history(\n  File \"/opt/hostedtoolcache/Python/3.12.12/x64/lib/python3.12/site-packages/galaxy/tool_util/verify/interactor.py\", line 163, in stage_data_in_history\n    test_dict = galaxy_interactor.remote_to_input(\n                ^^^^^^^^^^^^^^^^^^^^^^^^^^^^^^^^^^\n  File \"/opt/hostedtoolcache/Python/3.12.12/x64/lib/python3.12/site-packages/galaxy/tool_util/verify/interactor.py\", line 581, in remote_to_input\n    path_or_location = self._get_path_or_location(\n                       ^^^^^^^^^^^^^^^^^^^^^^^^^^^\n  File \"/opt/hostedtoolcache/Python/3.12.12/x64/lib/python3.12/site-packages/galaxy/tool_util/verify/interactor.py\", line 618, in _get_path_or_location\n    path = self.test_data_download(\n           ^^^^^^^^^^^^^^^^^^^^^^^^\n  File \"/opt/hostedtoolcache/Python/3.12.12/x64/lib/python3.12/site-packages/galaxy/tool_util/verify/interactor.py\", line 524, in test_data_download\n    raise AssertionError(f\"Test input file ({filename}) cannot be found.\")\nAssertionError: Test input file (1_sort.bam) cannot be found.\n", "status": "error", "test_index": 4, "time_seconds": 0.05246758460998535, "tool_id": "samtools_view", "tool_version": "1.9+galaxy3"}
            ]]></error>
        
    </testcase>
    
    <testcase classname="samtools_view (Test #6)" name="5" time="0.05207991600036621">
        
            <error type="error" message="Input staging problem: Traceback (most recent call last):
  File "/opt/hostedtoolcache/Python/3.12.12/x64/lib/python3.12/site-packages/galaxy/tool_util/verify/interactor.py", line 1466, in verify_tool
    stage_data_in_history(
  File "/opt/hostedtoolcache/Python/3.12.12/x64/lib/python3.12/site-packages/galaxy/tool_util/verify/interactor.py", line 163, in stage_data_in_history
    test_dict = galaxy_interactor.remote_to_input(
                ^^^^^^^^^^^^^^^^^^^^^^^^^^^^^^^^^^
  File "/opt/hostedtoolcache/Python/3.12.12/x64/lib/python3.12/site-packages/galaxy/tool_util/verify/interactor.py", line 581, in remote_to_input
    path_or_location = self._get_path_or_location(
                       ^^^^^^^^^^^^^^^^^^^^^^^^^^^
  File "/opt/hostedtoolcache/Python/3.12.12/x64/lib/python3.12/site-packages/galaxy/tool_util/verify/interactor.py", line 618, in _get_path_or_location
    path = self.test_data_download(
           ^^^^^^^^^^^^^^^^^^^^^^^^
  File "/opt/hostedtoolcache/Python/3.12.12/x64/lib/python3.12/site-packages/galaxy/tool_util/verify/interactor.py", line 524, in test_data_download
    raise AssertionError(f"Test input file ({filename}) cannot be found.")
AssertionError: Test input file (1_sort.bam) cannot be found.
"><![CDATA[
                { "execution_problem": "Input staging problem: Traceback (most recent call last):\n  File \"/opt/hostedtoolcache/Python/3.12.12/x64/lib/python3.12/site-packages/galaxy/tool_util/verify/interactor.py\", line 1466, in verify_tool\n    stage_data_in_history(\n  File \"/opt/hostedtoolcache/Python/3.12.12/x64/lib/python3.12/site-packages/galaxy/tool_util/verify/interactor.py\", line 163, in stage_data_in_history\n    test_dict = galaxy_interactor.remote_to_input(\n                ^^^^^^^^^^^^^^^^^^^^^^^^^^^^^^^^^^\n  File \"/opt/hostedtoolcache/Python/3.12.12/x64/lib/python3.12/site-packages/galaxy/tool_util/verify/interactor.py\", line 581, in remote_to_input\n    path_or_location = self._get_path_or_location(\n                       ^^^^^^^^^^^^^^^^^^^^^^^^^^^\n  File \"/opt/hostedtoolcache/Python/3.12.12/x64/lib/python3.12/site-packages/galaxy/tool_util/verify/interactor.py\", line 618, in _get_path_or_location\n    path = self.test_data_download(\n           ^^^^^^^^^^^^^^^^^^^^^^^^\n  File \"/opt/hostedtoolcache/Python/3.12.12/x64/lib/python3.12/site-packages/galaxy/tool_util/verify/interactor.py\", line 524, in test_data_download\n    raise AssertionError(f\"Test input file ({filename}) cannot be found.\")\nAssertionError: Test input file (1_sort.bam) cannot be found.\n", "status": "error", "test_index": 5, "time_seconds": 0.05207991600036621, "tool_id": "samtools_view", "tool_version": "1.9+galaxy3"}
            ]]></error>
        
    </testcase>
    
    <testcase classname="samtools_view (Test #7)" name="6" time="0.052562713623046875">
        
            <error type="error" message="Input staging problem: Traceback (most recent call last):
  File "/opt/hostedtoolcache/Python/3.12.12/x64/lib/python3.12/site-packages/galaxy/tool_util/verify/interactor.py", line 1466, in verify_tool
    stage_data_in_history(
  File "/opt/hostedtoolcache/Python/3.12.12/x64/lib/python3.12/site-packages/galaxy/tool_util/verify/interactor.py", line 163, in stage_data_in_history
    test_dict = galaxy_interactor.remote_to_input(
                ^^^^^^^^^^^^^^^^^^^^^^^^^^^^^^^^^^
  File "/opt/hostedtoolcache/Python/3.12.12/x64/lib/python3.12/site-packages/galaxy/tool_util/verify/interactor.py", line 581, in remote_to_input
    path_or_location = self._get_path_or_location(
                       ^^^^^^^^^^^^^^^^^^^^^^^^^^^
  File "/opt/hostedtoolcache/Python/3.12.12/x64/lib/python3.12/site-packages/galaxy/tool_util/verify/interactor.py", line 618, in _get_path_or_location
    path = self.test_data_download(
           ^^^^^^^^^^^^^^^^^^^^^^^^
  File "/opt/hostedtoolcache/Python/3.12.12/x64/lib/python3.12/site-packages/galaxy/tool_util/verify/interactor.py", line 524, in test_data_download
    raise AssertionError(f"Test input file ({filename}) cannot be found.")
AssertionError: Test input file (1_sort_read_names.bam) cannot be found.
"><![CDATA[
                { "execution_problem": "Input staging problem: Traceback (most recent call last):\n  File \"/opt/hostedtoolcache/Python/3.12.12/x64/lib/python3.12/site-packages/galaxy/tool_util/verify/interactor.py\", line 1466, in verify_tool\n    stage_data_in_history(\n  File \"/opt/hostedtoolcache/Python/3.12.12/x64/lib/python3.12/site-packages/galaxy/tool_util/verify/interactor.py\", line 163, in stage_data_in_history\n    test_dict = galaxy_interactor.remote_to_input(\n                ^^^^^^^^^^^^^^^^^^^^^^^^^^^^^^^^^^\n  File \"/opt/hostedtoolcache/Python/3.12.12/x64/lib/python3.12/site-packages/galaxy/tool_util/verify/interactor.py\", line 581, in remote_to_input\n    path_or_location = self._get_path_or_location(\n                       ^^^^^^^^^^^^^^^^^^^^^^^^^^^\n  File \"/opt/hostedtoolcache/Python/3.12.12/x64/lib/python3.12/site-packages/galaxy/tool_util/verify/interactor.py\", line 618, in _get_path_or_location\n    path = self.test_data_download(\n           ^^^^^^^^^^^^^^^^^^^^^^^^\n  File \"/opt/hostedtoolcache/Python/3.12.12/x64/lib/python3.12/site-packages/galaxy/tool_util/verify/interactor.py\", line 524, in test_data_download\n    raise AssertionError(f\"Test input file ({filename}) cannot be found.\")\nAssertionError: Test input file (1_sort_read_names.bam) cannot be found.\n", "status": "error", "test_index": 6, "time_seconds": 0.052562713623046875, "tool_id": "samtools_view", "tool_version": "1.9+galaxy3"}
            ]]></error>
        
    </testcase>
    
    <testcase classname="samtools_view (Test #8)" name="7" time="0.0516817569732666">
        
            <error type="error" message="Input staging problem: Traceback (most recent call last):
  File "/opt/hostedtoolcache/Python/3.12.12/x64/lib/python3.12/site-packages/galaxy/tool_util/verify/interactor.py", line 1466, in verify_tool
    stage_data_in_history(
  File "/opt/hostedtoolcache/Python/3.12.12/x64/lib/python3.12/site-packages/galaxy/tool_util/verify/interactor.py", line 163, in stage_data_in_history
    test_dict = galaxy_interactor.remote_to_input(
                ^^^^^^^^^^^^^^^^^^^^^^^^^^^^^^^^^^
  File "/opt/hostedtoolcache/Python/3.12.12/x64/lib/python3.12/site-packages/galaxy/tool_util/verify/interactor.py", line 581, in remote_to_input
    path_or_location = self._get_path_or_location(
                       ^^^^^^^^^^^^^^^^^^^^^^^^^^^
  File "/opt/hostedtoolcache/Python/3.12.12/x64/lib/python3.12/site-packages/galaxy/tool_util/verify/interactor.py", line 618, in _get_path_or_location
    path = self.test_data_download(
           ^^^^^^^^^^^^^^^^^^^^^^^^
  File "/opt/hostedtoolcache/Python/3.12.12/x64/lib/python3.12/site-packages/galaxy/tool_util/verify/interactor.py", line 524, in test_data_download
    raise AssertionError(f"Test input file ({filename}) cannot be found.")
AssertionError: Test input file (1_sort_read_names.bam) cannot be found.
"><![CDATA[
                { "execution_problem": "Input staging problem: Traceback (most recent call last):\n  File \"/opt/hostedtoolcache/Python/3.12.12/x64/lib/python3.12/site-packages/galaxy/tool_util/verify/interactor.py\", line 1466, in verify_tool\n    stage_data_in_history(\n  File \"/opt/hostedtoolcache/Python/3.12.12/x64/lib/python3.12/site-packages/galaxy/tool_util/verify/interactor.py\", line 163, in stage_data_in_history\n    test_dict = galaxy_interactor.remote_to_input(\n                ^^^^^^^^^^^^^^^^^^^^^^^^^^^^^^^^^^\n  File \"/opt/hostedtoolcache/Python/3.12.12/x64/lib/python3.12/site-packages/galaxy/tool_util/verify/interactor.py\", line 581, in remote_to_input\n    path_or_location = self._get_path_or_location(\n                       ^^^^^^^^^^^^^^^^^^^^^^^^^^^\n  File \"/opt/hostedtoolcache/Python/3.12.12/x64/lib/python3.12/site-packages/galaxy/tool_util/verify/interactor.py\", line 618, in _get_path_or_location\n    path = self.test_data_download(\n           ^^^^^^^^^^^^^^^^^^^^^^^^\n  File \"/opt/hostedtoolcache/Python/3.12.12/x64/lib/python3.12/site-packages/galaxy/tool_util/verify/interactor.py\", line 524, in test_data_download\n    raise AssertionError(f\"Test input file ({filename}) cannot be found.\")\nAssertionError: Test input file (1_sort_read_names.bam) cannot be found.\n", "status": "error", "test_index": 7, "time_seconds": 0.0516817569732666, "tool_id": "samtools_view", "tool_version": "1.9+galaxy3"}
            ]]></error>
        
    </testcase>
    
    <testcase classname="samtools_view (Test #9)" name="8" time="0.05141639709472656">
        
            <error type="error" message="Input staging problem: Traceback (most recent call last):
  File "/opt/hostedtoolcache/Python/3.12.12/x64/lib/python3.12/site-packages/galaxy/tool_util/verify/interactor.py", line 1466, in verify_tool
    stage_data_in_history(
  File "/opt/hostedtoolcache/Python/3.12.12/x64/lib/python3.12/site-packages/galaxy/tool_util/verify/interactor.py", line 163, in stage_data_in_history
    test_dict = galaxy_interactor.remote_to_input(
                ^^^^^^^^^^^^^^^^^^^^^^^^^^^^^^^^^^
  File "/opt/hostedtoolcache/Python/3.12.12/x64/lib/python3.12/site-packages/galaxy/tool_util/verify/interactor.py", line 581, in remote_to_input
    path_or_location = self._get_path_or_location(
                       ^^^^^^^^^^^^^^^^^^^^^^^^^^^
  File "/opt/hostedtoolcache/Python/3.12.12/x64/lib/python3.12/site-packages/galaxy/tool_util/verify/interactor.py", line 618, in _get_path_or_location
    path = self.test_data_download(
           ^^^^^^^^^^^^^^^^^^^^^^^^
  File "/opt/hostedtoolcache/Python/3.12.12/x64/lib/python3.12/site-packages/galaxy/tool_util/verify/interactor.py", line 524, in test_data_download
    raise AssertionError(f"Test input file ({filename}) cannot be found.")
AssertionError: Test input file (1_sort_read_names.bam) cannot be found.
"><![CDATA[
                { "execution_problem": "Input staging problem: Traceback (most recent call last):\n  File \"/opt/hostedtoolcache/Python/3.12.12/x64/lib/python3.12/site-packages/galaxy/tool_util/verify/interactor.py\", line 1466, in verify_tool\n    stage_data_in_history(\n  File \"/opt/hostedtoolcache/Python/3.12.12/x64/lib/python3.12/site-packages/galaxy/tool_util/verify/interactor.py\", line 163, in stage_data_in_history\n    test_dict = galaxy_interactor.remote_to_input(\n                ^^^^^^^^^^^^^^^^^^^^^^^^^^^^^^^^^^\n  File \"/opt/hostedtoolcache/Python/3.12.12/x64/lib/python3.12/site-packages/galaxy/tool_util/verify/interactor.py\", line 581, in remote_to_input\n    path_or_location = self._get_path_or_location(\n                       ^^^^^^^^^^^^^^^^^^^^^^^^^^^\n  File \"/opt/hostedtoolcache/Python/3.12.12/x64/lib/python3.12/site-packages/galaxy/tool_util/verify/interactor.py\", line 618, in _get_path_or_location\n    path = self.test_data_download(\n           ^^^^^^^^^^^^^^^^^^^^^^^^\n  File \"/opt/hostedtoolcache/Python/3.12.12/x64/lib/python3.12/site-packages/galaxy/tool_util/verify/interactor.py\", line 524, in test_data_download\n    raise AssertionError(f\"Test input file ({filename}) cannot be found.\")\nAssertionError: Test input file (1_sort_read_names.bam) cannot be found.\n", "status": "error", "test_index": 8, "time_seconds": 0.05141639709472656, "tool_id": "samtools_view", "tool_version": "1.9+galaxy3"}
            ]]></error>
        
    </testcase>
    
    <testcase classname="samtools_view (Test #10)" name="9" time="0.05200529098510742">
        
            <error type="error" message="Input staging problem: Traceback (most recent call last):
  File "/opt/hostedtoolcache/Python/3.12.12/x64/lib/python3.12/site-packages/galaxy/tool_util/verify/interactor.py", line 1466, in verify_tool
    stage_data_in_history(
  File "/opt/hostedtoolcache/Python/3.12.12/x64/lib/python3.12/site-packages/galaxy/tool_util/verify/interactor.py", line 163, in stage_data_in_history
    test_dict = galaxy_interactor.remote_to_input(
                ^^^^^^^^^^^^^^^^^^^^^^^^^^^^^^^^^^
  File "/opt/hostedtoolcache/Python/3.12.12/x64/lib/python3.12/site-packages/galaxy/tool_util/verify/interactor.py", line 581, in remote_to_input
    path_or_location = self._get_path_or_location(
                       ^^^^^^^^^^^^^^^^^^^^^^^^^^^
  File "/opt/hostedtoolcache/Python/3.12.12/x64/lib/python3.12/site-packages/galaxy/tool_util/verify/interactor.py", line 618, in _get_path_or_location
    path = self.test_data_download(
           ^^^^^^^^^^^^^^^^^^^^^^^^
  File "/opt/hostedtoolcache/Python/3.12.12/x64/lib/python3.12/site-packages/galaxy/tool_util/verify/interactor.py", line 524, in test_data_download
    raise AssertionError(f"Test input file ({filename}) cannot be found.")
AssertionError: Test input file (1_sort_read_names.bam) cannot be found.
"><![CDATA[
                { "execution_problem": "Input staging problem: Traceback (most recent call last):\n  File \"/opt/hostedtoolcache/Python/3.12.12/x64/lib/python3.12/site-packages/galaxy/tool_util/verify/interactor.py\", line 1466, in verify_tool\n    stage_data_in_history(\n  File \"/opt/hostedtoolcache/Python/3.12.12/x64/lib/python3.12/site-packages/galaxy/tool_util/verify/interactor.py\", line 163, in stage_data_in_history\n    test_dict = galaxy_interactor.remote_to_input(\n                ^^^^^^^^^^^^^^^^^^^^^^^^^^^^^^^^^^\n  File \"/opt/hostedtoolcache/Python/3.12.12/x64/lib/python3.12/site-packages/galaxy/tool_util/verify/interactor.py\", line 581, in remote_to_input\n    path_or_location = self._get_path_or_location(\n                       ^^^^^^^^^^^^^^^^^^^^^^^^^^^\n  File \"/opt/hostedtoolcache/Python/3.12.12/x64/lib/python3.12/site-packages/galaxy/tool_util/verify/interactor.py\", line 618, in _get_path_or_location\n    path = self.test_data_download(\n           ^^^^^^^^^^^^^^^^^^^^^^^^\n  File \"/opt/hostedtoolcache/Python/3.12.12/x64/lib/python3.12/site-packages/galaxy/tool_util/verify/interactor.py\", line 524, in test_data_download\n    raise AssertionError(f\"Test input file ({filename}) cannot be found.\")\nAssertionError: Test input file (1_sort_read_names.bam) cannot be found.\n", "status": "error", "test_index": 9, "time_seconds": 0.05200529098510742, "tool_id": "samtools_view", "tool_version": "1.9+galaxy3"}
            ]]></error>
        
    </testcase>
    
    <testcase classname="vcffixup (Test #1)" name="0" time="38.51979446411133">
        
            
            <system-out><![CDATA[
            
            ]]></system-out>
            <system-err><![CDATA[
            
            ]]></system-err>
        
    </testcase>
    
    <testcase classname="vcftools_annotate (Test #1)" name="0" time="36.50729489326477">
        
            
                <error type="error" message="Tool exit code: 127"><![CDATA[
                    { "inputs": {  "condition": "\u003e= 7",  "description": "MinAF [7]",  "filter": "MinAF",  "input": {   "id": "532412158199fea0",   "src": "hda"  },  "tag": "FORMAT/FREQ" }, "job": {  "command_line": "echo \"{ tag  =\u003e \u0027FORMAT/FREQ\u0027, name =\u003e \u0027MinAF\u0027, desc =\u003e \u0027MinAF [7]\u0027, test =\u003e sub { my @t = split(\u0027%\u0027, @\\$MATCH[0]); return @t[0] \u003e= 7 ? \\$PASS : \\$FAIL }, },\" \u003e f.txt ;  vcf-annotate -f f.txt /galaxy/server/database/objects/5/4/d/dataset_54d0eeb1-f7c7-47ff-a438-641306385e17.dat \u003e /galaxy/server/database/objects/7/1/d/dataset_71ddf354-a3a2-4ffb-8b55-207c7c810eb5.dat",  "command_version": "",  "copied_from_job_id": null,  "create_time": "2026-01-26T01:23:26.641054",  "dependencies": [],  "exit_code": 127,  "external_id": "gxy-8dqg9",  "galaxy_version": "24.1",  "handler": null,  "history_id": "b9648fd7f751b1ce",  "id": "1a97fd0646c7395f",  "inputs": {   "input": {    "id": "532412158199fea0",    "src": "hda",    "uuid": "54d0eeb1-f7c7-47ff-a438-641306385e17"   }  },  "job_messages": [   {    "code_desc": "tool progress",    "desc": "Log: tool progress",    "error_level": 1,    "match": "/galaxy/server/database/jobs_directory/000/47/tool_script.sh: line 22: vcf-annotate: command not found",    "stream": "stderr",    "type": "regex"   },   {    "code_desc": "tool progress",    "desc": "Log: tool progress",    "error_level": 1,    "match": "",    "stream": "stdout",    "type": "regex"   }  ],  "job_metrics": [   {    "name": "galaxy_slots",    "plugin": "core",    "raw_value": "1.0000000",    "title": "Cores Allocated",    "value": "1"   },   {    "name": "galaxy_memory_mb",    "plugin": "core",    "raw_value": "4080.0000000",    "title": "Memory Allocated (MB)",    "value": "4080"   },   {    "name": "start_epoch",    "plugin": "core",    "raw_value": "1769390612.0000000",    "title": "Job Start Time",    "value": "2026-01-26 01:23:32"   },   {    "name": "end_epoch",    "plugin": "core",    "raw_value": "1769390613.0000000",    "title": "Job End Time",    "value": "2026-01-26 01:23:33"   },   {    "name": "runtime_seconds",    "plugin": "core",    "raw_value": "1.0000000",    "title": "Job Runtime (Wall Clock)",    "value": "1 second"   }  ],  "job_runner_name": null,  "job_stderr": "",  "job_stdout": "",  "model_class": "Job",  "output_collections": {},  "outputs": {   "output": {    "id": "1a97fd0646c7395f",    "src": "hda",    "uuid": "71ddf354-a3a2-4ffb-8b55-207c7c810eb5"   }  },  "params": {   "__input_ext": "\"vcf\"",   "chromInfo": "\"/cvmfs/data.galaxyproject.org/managed/len/ucsc/?.len\"",   "condition": "\"\u003e= 7\"",   "dbkey": "\"?\"",   "description": "\"MinAF [7]\"",   "filter": "\"MinAF\"",   "tag": "\"FORMAT/FREQ\""  },  "state": "ok",  "stderr": "/galaxy/server/database/jobs_directory/000/47/tool_script.sh: line 22: vcf-annotate: command not found\n",  "stdout": "",  "tool_id": "toolshed.g2.bx.psu.edu/repos/devteam/vcftools_annotate/vcftools_annotate/0.1",  "tool_stderr": "/galaxy/server/database/jobs_directory/000/47/tool_script.sh: line 22: vcf-annotate: command not found\n",  "tool_stdout": "",  "update_time": "2026-01-26T01:23:44.345018",  "user_email": "tests@fake.org" }, "output_problems": [  "Output output:  different than expected, difference (using diff):\n( /tmp/tmprp9dtmm8test_out1.vcf v. /tmp/tmpvllwu46ftest_out1.vcf )\n--- local_file\n+++ history_data\n@@ -1,30 +0,0 @@\n-##fileformat=VCFv4.1\n-##FILTER=\u003cID=MinAF,Description=\"MinAF [7]\"\u003e\n-##source_20130813.1=vcf-annotate(r797) -f f.txt \u003cinput_file\u003e\n-#CHROM\tPOS\tID\tREF\tALT\tQUAL\tFILTER\tINFO\tFORMAT\tSample1\n-chr1\t14470\t.\tG\tA\t.\tPASS\tADP=25;WT=0;HET=1;HOM=0;NC=0\tGT:GQ:SDP:DP:RD:AD:FREQ:PVAL:RBQ:ABQ:RDF:RDR:ADF:ADR\t0/1:0:28:25:23:2:8%:9.8E-1:33:39:22:1:2:0\n-chr1\t14513\t.\tG\tA\t.\tPASS\tADP=32;WT=0;HET=1;HOM=0;NC=0\tGT:GQ:SDP:DP:RD:AD:FREQ:PVAL:RBQ:ABQ:RDF:RDR:ADF:ADR\t0/1:0:36:32:24:8:25%:9.8E-1:31:22:16:8:7:1\n-chr1\t14626\t.\tG\tC\t.\tPASS\tADP=44;WT=0;HET=1;HOM=0;NC=0\tGT:GQ:SDP:DP:RD:AD:FREQ:PVAL:RBQ:ABQ:RDF:RDR:ADF:ADR\t0/1:0:45:44:40:4:9.09%:9.8E-1:34:36:14:26:0:4\n-chr1\t14677\t.\tG\tA\t.\tPASS\tADP=70;WT=0;HET=1;HOM=0;NC=0\tGT:GQ:SDP:DP:RD:AD:FREQ:PVAL:RBQ:ABQ:RDF:RDR:ADF:ADR\t0/1:0:82:70:63:7:10%:9.8E-1:33:17:44:19:7:0\n-chr1\t14813\t.\tT\tG\t.\tMinAF\tADP=105;WT=0;HET=1;HOM=0;NC=0\tGT:GQ:SDP:DP:RD:AD:FREQ:PVAL:RBQ:ABQ:RDF:RDR:ADF:ADR\t0/1:0:121:105:103:2:1.9%:9.8E-1:32:22:42:61:1:1\n-chr1\t14815\t.\tC\tT\t.\tMinAF\tADP=117;WT=0;HET=1;HOM=0;NC=0\tGT:GQ:SDP:DP:RD:AD:FREQ:PVAL:RBQ:ABQ:RDF:RDR:ADF:ADR\t0/1:0:122:117:109:8:6.84%:9.8E-1:33:29:50:59:4:4\n-chr1\t14907\t.\tA\tG\t.\tPASS\tADP=104;WT=0;HET=1;HOM=0;NC=0\tGT:GQ:SDP:DP:RD:AD:FREQ:PVAL:RBQ:ABQ:RDF:RDR:ADF:ADR\t0/1:0:108:104:19:16:45.71%:9.8E-1:37:18:10:9:8:8\n-chr1\t14930\t.\tA\tG\t.\tPASS\tADP=103;WT=0;HET=1;HOM=0;NC=0\tGT:GQ:SDP:DP:RD:AD:FREQ:PVAL:RBQ:ABQ:RDF:RDR:ADF:ADR\t0/1:0:110:103:17:17:50%:9.8E-1:37:24:8:9:8:9\n-chr1\t15015\t.\tG\tC\t.\tPASS\tADP=52;WT=0;HET=1;HOM=0;NC=0\tGT:GQ:SDP:DP:RD:AD:FREQ:PVAL:RBQ:ABQ:RDF:RDR:ADF:ADR\t0/1:0:55:52:44:8:15.38%:9.8E-1:34:35:5:39:1:7\n-chr1\t15211\t.\tT\tG\t.\tPASS\tADP=21;WT=0;HET=0;HOM=1;NC=0\tGT:GQ:SDP:DP:RD:AD:FREQ:PVAL:RBQ:ABQ:RDF:RDR:ADF:ADR\t1/1:0:23:21:0:2:100%:9.8E-1:0:26:0:0:1:1\n-chr1\t15527\t.\tG\tA\t.\tPASS\tADP=53;WT=0;HET=1;HOM=0;NC=0\tGT:GQ:SDP:DP:RD:AD:FREQ:PVAL:RBQ:ABQ:RDF:RDR:ADF:ADR\t0/1:0:57:53:29:5:14.71%:9.8E-1:32:23:19:10:3:2\n-chr1\t15688\t.\tC\tT\t.\tPASS\tADP=34;WT=0;HET=1;HOM=0;NC=0\tGT:GQ:SDP:DP:RD:AD:FREQ:PVAL:RBQ:ABQ:RDF:RDR:ADF:ADR\t0/1:0:36:34:11:4:26.67%:9.8E-1:35:26:6:5:1:3\n-chr1\t16257\t.\tG\tC\t.\tPASS\tADP=23;WT=0;HET=1;HOM=0;NC=0\tGT:GQ:SDP:DP:RD:AD:FREQ:PVAL:RBQ:ABQ:RDF:RDR:ADF:ADR\t0/1:0:26:23:20:2:9.09%:9.8E-1:35:17:7:13:0:2\n-chr1\t16288\t.\tC\tG\t.\tPASS\tADP=15;WT=0;HET=1;HOM=0;NC=0\tGT:GQ:SDP:DP:RD:AD:FREQ:PVAL:RBQ:ABQ:RDF:RDR:ADF:ADR\t0/1:0:16:15:11:3:21.43%:9.8E-1:34:36:3:8:1:2\n-chr1\t16298\t.\tC\tT\t.\tPASS\tADP=12;WT=0;HET=1;HOM=0;NC=0\tGT:GQ:SDP:DP:RD:AD:FREQ:PVAL:RBQ:ABQ:RDF:RDR:ADF:ADR\t0/1:0:12:12:9:2:18.18%:9.8E-1:34:30:2:7:1:1\n-chr1\t16378\t.\tT\tC\t.\tPASS\tADP=24;WT=0;HET=1;HOM=0;NC=0\tGT:GQ:SDP:DP:RD:AD:FREQ:PVAL:RBQ:ABQ:RDF:RDR:ADF:ADR\t0/1:0:24:24:11:12:52.17%:9.8E-1:37:34:7:4:8:4\n-chr1\t16495\t.\tG\tC\t.\tPASS\tADP=21;WT=0;HET=1;HOM=0;NC=0\tGT:GQ:SDP:DP:RD:AD:FREQ:PVAL:RBQ:ABQ:RDF:RDR:ADF:ADR\t0/1:0:22:21:14:6:30%:9.8E-1:31:25:5:9:2:4\n-chr1\t16534\t.\tC\tT\t.\tPASS\tADP=11;WT=0;HET=1;HOM=0;NC=0\tGT:GQ:SDP:DP:RD:AD:FREQ:PVAL:RBQ:ABQ:RDF:RDR:ADF:ADR\t0/1:0:11:11:6:4:40%:9.8E-1:32:37:1:5:0:4\n-chr1\t16571\t.\tG\tA\t.\tPASS\tADP=8;WT=0;HET=1;HOM=0;NC=0\tGT:GQ:SDP:DP:RD:AD:FREQ:PVAL:RBQ:ABQ:RDF:RDR:ADF:ADR\t0/1:0:8:8:5:2:28.57%:9.8E-1:31:34:2:3:0:2\n-chr1\t16737\t.\tG\tT\t.\tPASS\tADP=27;WT=0;HET=1;HOM=0;NC=0\tGT:GQ:SDP:DP:RD:AD:FREQ:PVAL:RBQ:ABQ:RDF:RDR:ADF:ADR\t0/1:0:30:27:22:5:18.52%:9.8E-1:37:34:21:1:5:0\n-chr1\t16742\t.\tG\tC\t.\tPASS\tADP=30;WT=0;HET=1;HOM=0;NC=0\tGT:GQ:SDP:DP:RD:AD:FREQ:PVAL:RBQ:ABQ:RDF:RDR:ADF:ADR\t0/1:0:30:30:23:7:23.33%:9.8E-1:32:37:21:2:7:0\n-chr1\t16900\t.\tT\tC\t.\tMinAF\tADP=140;WT=0;HET=1;HOM=0;NC=0\tGT:GQ:SDP:DP:RD:AD:FREQ:PVAL:RBQ:ABQ:RDF:RDR:ADF:ADR\t0/1:0:150:140:135:5:3.57%:9.8E-1:35:25:119:16:5:0\n-chr1\t16963\t.\tG\tA\t.\tPASS\tADP=338;WT=0;HET=1;HOM=0;NC=0\tGT:GQ:SDP:DP:RD:AD:FREQ:PVAL:RBQ:ABQ:RDF:RDR:ADF:ADR\t0/1:0:354:338:297:41:12.13%:9.8E-1:32:34:218:79:26:15\n-chr1\t16977\t.\tG\tA\t.\tPASS\tADP=368;WT=0;HET=1;HOM=0;NC=0\tGT:GQ:SDP:DP:RD:AD:FREQ:PVAL:RBQ:ABQ:RDF:RDR:ADF:ADR\t0/1:0:384:368:270:98:26.63%:9.8E-1:34:25:186:84:63:35\n-chr1\t16996\t.\tT\tC\t.\tPASS\tADP=356;WT=0;HET=1;HOM=0;NC=0\tGT:GQ:SDP:DP:RD:AD:FREQ:PVAL:RBQ:ABQ:RDF:RDR:ADF:ADR\t0/1:0:371:356:269:87:24.44%:9.8E-1:35:34:147:122:58:29\n-chr1\t17020\t.\tG\tA\t.\tMinAF\tADP=355;WT=0;HET=1;HOM=0;NC=0\tGT:GQ:SDP:DP:RD:AD:FREQ:PVAL:RBQ:ABQ:RDF:RDR:ADF:ADR\t0/1:0:380:355:347:8:2.25%:9.8E-1:33:29:164:183:4:4\n" ], "status": "failure", "test_index": 0, "time_seconds": 36.50729489326477, "tool_id": "vcftools_annotate", "tool_version": "0.1"}
                ]]></error>
            
            <system-out><![CDATA[
            
            ]]></system-out>
            <system-err><![CDATA[
            /galaxy/server/database/jobs_directory/000/47/tool_script.sh: line 22: vcf-annotate: command not found
            ]]></system-err>
        
    </testcase>
    
</testsuite>