<?xml version="1.0" encoding="UTF-8"?>
<testsuite name="Results (powered by Planemo)"
           tests="57"
           errors="20"
           failures="7"
           skip="0">
    
    <testcase classname="bcftools_isec (Test #1)" name="0" time="38.94514226913452">
        
            
            <system-out><![CDATA[
            
            ]]></system-out>
            <system-err><![CDATA[
            Note: -w option not given, printing list of sites...
            ]]></system-err>
        
    </testcase>
    
    <testcase classname="bcftools_isec (Test #2)" name="1" time="39.633305311203">
        
            
            <system-out><![CDATA[
            
            ]]></system-out>
            <system-err><![CDATA[
            Note: -w option not given, printing list of sites...
            ]]></system-err>
        
    </testcase>
    
    <testcase classname="bcftools_query_list_samples (Test #1)" name="0" time="42.2630078792572">
        
            
            <system-out><![CDATA[
            C,D,
            ]]></system-out>
            <system-err><![CDATA[
            
            ]]></system-err>
        
    </testcase>
    
    <testcase classname="column_remove_by_header (Test #1)" name="0" time="99.26546573638916">
        
            
            <system-out><![CDATA[
            Kept 3 of 5 columns.
            ]]></system-out>
            <system-err><![CDATA[
            
            ]]></system-err>
        
    </testcase>
    
    <testcase classname="column_remove_by_header (Test #2)" name="1" time="12.834993362426758">
        
            <error type="error" message="Input staging problem: Traceback (most recent call last):
  File "/opt/hostedtoolcache/Python/3.12.12/x64/lib/python3.12/site-packages/galaxy/tool_util/verify/interactor.py", line 1436, in verify_tool
    stage_data_in_history(
  File "/opt/hostedtoolcache/Python/3.12.12/x64/lib/python3.12/site-packages/galaxy/tool_util/verify/interactor.py", line 175, in stage_data_in_history
    staging_interface.handle_jobs()
  File "/opt/hostedtoolcache/Python/3.12.12/x64/lib/python3.12/site-packages/galaxy/tool_util/verify/interactor.py", line 212, in handle_jobs
    self.galaxy_interactor.wait_for_job(job_response["id"], job_response["history_id"], self.maxseconds)
  File "/opt/hostedtoolcache/Python/3.12.12/x64/lib/python3.12/site-packages/galaxy/tool_util/verify/interactor.py", line 399, in wait_for_job
    self.wait_for(lambda: self.__job_ready(job_id, history_id), maxseconds=maxseconds)
  File "/opt/hostedtoolcache/Python/3.12.12/x64/lib/python3.12/site-packages/galaxy/tool_util/verify/interactor.py", line 403, in wait_for
    wait_on(func, what, walltime_exceeded)
  File "/opt/hostedtoolcache/Python/3.12.12/x64/lib/python3.12/site-packages/galaxy/tool_util/verify/wait.py", line 38, in wait_on
    value = function()
            ^^^^^^^^^^
  File "/opt/hostedtoolcache/Python/3.12.12/x64/lib/python3.12/site-packages/galaxy/tool_util/verify/interactor.py", line 399, in <lambda>
    self.wait_for(lambda: self.__job_ready(job_id, history_id), maxseconds=maxseconds)
                          ^^^^^^^^^^^^^^^^^^^^^^^^^^^^^^^^^^^^
  File "/opt/hostedtoolcache/Python/3.12.12/x64/lib/python3.12/site-packages/galaxy/tool_util/verify/interactor.py", line 749, in __job_ready
    return self._state_ready(job_id, error_msg="Job in error state.")
           ^^^^^^^^^^^^^^^^^^^^^^^^^^^^^^^^^^^^^^^^^^^^^^^^^^^^^^^^^^
  File "/opt/hostedtoolcache/Python/3.12.12/x64/lib/python3.12/site-packages/galaxy/tool_util/verify/interactor.py", line 841, in _state_ready
    raise Exception(
Exception: Job in error state.. tool_id: __DATA_FETCH__, exit_code: None, stderr: .
"><![CDATA[
                { "execution_problem": "Input staging problem: Traceback (most recent call last):\n  File \"/opt/hostedtoolcache/Python/3.12.12/x64/lib/python3.12/site-packages/galaxy/tool_util/verify/interactor.py\", line 1436, in verify_tool\n    stage_data_in_history(\n  File \"/opt/hostedtoolcache/Python/3.12.12/x64/lib/python3.12/site-packages/galaxy/tool_util/verify/interactor.py\", line 175, in stage_data_in_history\n    staging_interface.handle_jobs()\n  File \"/opt/hostedtoolcache/Python/3.12.12/x64/lib/python3.12/site-packages/galaxy/tool_util/verify/interactor.py\", line 212, in handle_jobs\n    self.galaxy_interactor.wait_for_job(job_response[\"id\"], job_response[\"history_id\"], self.maxseconds)\n  File \"/opt/hostedtoolcache/Python/3.12.12/x64/lib/python3.12/site-packages/galaxy/tool_util/verify/interactor.py\", line 399, in wait_for_job\n    self.wait_for(lambda: self.__job_ready(job_id, history_id), maxseconds=maxseconds)\n  File \"/opt/hostedtoolcache/Python/3.12.12/x64/lib/python3.12/site-packages/galaxy/tool_util/verify/interactor.py\", line 403, in wait_for\n    wait_on(func, what, walltime_exceeded)\n  File \"/opt/hostedtoolcache/Python/3.12.12/x64/lib/python3.12/site-packages/galaxy/tool_util/verify/wait.py\", line 38, in wait_on\n    value = function()\n            ^^^^^^^^^^\n  File \"/opt/hostedtoolcache/Python/3.12.12/x64/lib/python3.12/site-packages/galaxy/tool_util/verify/interactor.py\", line 399, in \u003clambda\u003e\n    self.wait_for(lambda: self.__job_ready(job_id, history_id), maxseconds=maxseconds)\n                          ^^^^^^^^^^^^^^^^^^^^^^^^^^^^^^^^^^^^\n  File \"/opt/hostedtoolcache/Python/3.12.12/x64/lib/python3.12/site-packages/galaxy/tool_util/verify/interactor.py\", line 749, in __job_ready\n    return self._state_ready(job_id, error_msg=\"Job in error state.\")\n           ^^^^^^^^^^^^^^^^^^^^^^^^^^^^^^^^^^^^^^^^^^^^^^^^^^^^^^^^^^\n  File \"/opt/hostedtoolcache/Python/3.12.12/x64/lib/python3.12/site-packages/galaxy/tool_util/verify/interactor.py\", line 841, in _state_ready\n    raise Exception(\nException: Job in error state.. tool_id: __DATA_FETCH__, exit_code: None, stderr: .\n", "status": "error", "test_index": 1, "time_seconds": 12.834993362426758, "tool_id": "column_remove_by_header", "tool_version": "1.0"}
            ]]></error>
        
    </testcase>
    
    <testcase classname="deeptools_plot_fingerprint (Test #1)" name="0" time="70.11645269393921">
        
            
            <system-out><![CDATA[
            
            ]]></system-out>
            <system-err><![CDATA[
            
            ]]></system-err>
        
    </testcase>
    
    <testcase classname="deeptools_plot_fingerprint (Test #2)" name="1" time="67.80169725418091">
        
            
            <system-out><![CDATA[
            
            ]]></system-out>
            <system-err><![CDATA[
            
            ]]></system-err>
        
    </testcase>
    
    <testcase classname="ivar_getmasked (Test #1)" name="0" time="48.16319704055786">
        
            
            <system-out><![CDATA[
            Found 67 primers in BED filePrimer pair for 400_1_out_R not found in BED file.Primer pair for 400_34_out_L* not found in BED file.Primer pair for 400_35_out_L not found in BED file.400_18_out_L**400_23_out_R400_32_out_L
            ]]></system-out>
            <system-err><![CDATA[
            
            ]]></system-err>
        
    </testcase>
    
    <testcase classname="jbrowse (Test #1)" name="0" time="64.86595010757446">
        
            
            <system-out><![CDATA[
            
            ]]></system-out>
            <system-err><![CDATA[
            WARNING: No feature names found for indexing, only reference sequence names will be indexed.
            ]]></system-err>
        
    </testcase>
    
    <testcase classname="jbrowse (Test #2)" name="1" time="38.213027477264404">
        
            
            <system-out><![CDATA[
            
            ]]></system-out>
            <system-err><![CDATA[
            WARNING: No feature names found for indexing, only reference sequence names will be indexed.
            ]]></system-err>
        
    </testcase>
    
    <testcase classname="jbrowse (Test #3)" name="2" time="45.487189292907715">
        
            
            <system-out><![CDATA[
            
            ]]></system-out>
            <system-err><![CDATA[
            INFO:jbrowse:Processing Default / test-3.bedINFO:jbrowse:Processing Default / test-6.bedWARNING: No feature names found for indexing, only reference sequence names will be indexed.
            ]]></system-err>
        
    </testcase>
    
    <testcase classname="jbrowse (Test #4)" name="3" time="87.44477081298828">
        
            
            <system-out><![CDATA[
            
            ]]></system-out>
            <system-err><![CDATA[
            INFO:jbrowse:Processing Auto Coloured / A.gffINFO:jbrowse:Processing Auto Coloured / B.gffINFO:jbrowse:Processing Auto Coloured / C.gffINFO:jbrowse:Processing Auto Coloured / D.gffINFO:jbrowse:Processing Ignore Scale / 1.gffINFO:jbrowse:Processing Scaled Colour / 1.gffINFO:jbrowse:Processing Scaled Colour / 1.gffINFO:jbrowse:Processing Scaled Colour / 1.gffINFO:jbrowse:Processing Scaled Colour / 1.gffINFO:jbrowse:Processing Realistic / interpro.gffINFO:jbrowse:Processing Realistic / 2.gffWARNING: No feature names found for indexing, only reference sequence names will be indexed.
            ]]></system-err>
        
    </testcase>
    
    <testcase classname="jbrowse (Test #5)" name="4" time="33.306496143341064">
        
            
                <error type="error" message="Tool exit code: None"><![CDATA[
                    { "inputs": {  "gencode": "11",  "reference_genome|genome": {   "id": "5192ff0e049f4ce6",   "src": "hda"  },  "reference_genome|genome_type_select": "history",  "standalone": "data",  "track_groups_0|category": "With menu or index",  "track_groups_0|data_tracks_0|data_format|annotation": {   "id": "325c457fa851a1f7",   "src": "hda"  },  "track_groups_0|data_tracks_0|data_format|data_format_select": "gene_calls",  "track_groups_0|data_tracks_0|data_format|jbcolor_scale|color_score|color_score_select": "none",  "track_groups_0|data_tracks_0|data_format|jbmenu|track_menu_0|menu_action": "iframeDialog",  "track_groups_0|data_tracks_0|data_format|jbmenu|track_menu_0|menu_icon": "dijitIconNewTask",  "track_groups_0|data_tracks_0|data_format|jbmenu|track_menu_0|menu_label": "Some menu item",  "track_groups_0|data_tracks_0|data_format|jbmenu|track_menu_0|menu_title": "Frame title",  "track_groups_0|data_tracks_0|data_format|jbmenu|track_menu_0|menu_url": "https://example.com/#!/?id={name}\u0026q={type}\u0026z=\"{end}\"",  "track_groups_0|data_tracks_0|data_format|jbmenu|track_menu_1|menu_action": "newWindow",  "track_groups_0|data_tracks_0|data_format|jbmenu|track_menu_1|menu_label": "Another menu item",  "track_groups_0|data_tracks_0|data_format|jbmenu|track_menu_1|menu_title": "Frame title 2",  "track_groups_0|data_tracks_0|data_format|jbmenu|track_menu_1|menu_url": "https://example.com/#!/?id={name}\u0026q={type}\u0026z=\"{end}\"",  "track_groups_0|data_tracks_0|data_format|match_part|match_part_select": false,  "track_groups_0|data_tracks_1|data_format|annotation": {   "id": "325c457fa851a1f7",   "src": "hda"  },  "track_groups_0|data_tracks_1|data_format|data_format_select": "gene_calls",  "track_groups_0|data_tracks_1|data_format|index": true,  "track_groups_0|data_tracks_1|data_format|jbcolor_scale|color_score|color_score_select": "none",  "track_groups_0|data_tracks_1|data_format|match_part|match_part_select": false,  "uglyTestingHack": "enabled" }, "job": {  "command_line": "mkdir -p /galaxy/server/database/objects/f/d/c/dataset_fdc6d161-9280-49db-98e4-69b0355ed3ac_files \u0026\u0026  cp /galaxy/server/database/jobs_directory/000/158/configs/tmpmxz22i52 /galaxy/server/database/objects/f/d/c/dataset_fdc6d161-9280-49db-98e4-69b0355ed3ac_files/galaxy.xml \u0026\u0026  export JBROWSE_SOURCE_DIR=$(dirname $(which prepare-refseqs.pl))/../opt/jbrowse  \u0026\u0026  python \u0027/cvmfs/cloud.galaxyproject.org/tools/toolshed.g2.bx.psu.edu/repos/iuc/jbrowse/a6e57ff585c0/jbrowse/jbrowse.py\u0027  --jbrowse ${JBROWSE_SOURCE_DIR} --standalone \u0027data\u0027  --outdir /galaxy/server/database/objects/f/d/c/dataset_fdc6d161-9280-49db-98e4-69b0355ed3ac_files /galaxy/server/database/jobs_directory/000/158/configs/tmpmxz22i52 \u0026\u0026  cp /galaxy/server/database/jobs_directory/000/158/configs/tmpnirw_e06 /galaxy/server/database/objects/f/d/c/dataset_fdc6d161-9280-49db-98e4-69b0355ed3ac.dat;  cp /galaxy/server/database/jobs_directory/000/158/configs/tmpmxz22i52 /galaxy/server/database/objects/f/d/c/dataset_fdc6d161-9280-49db-98e4-69b0355ed3ac.dat",  "command_version": null,  "copied_from_job_id": null,  "create_time": "2025-11-13T13:38:28.132117",  "dependencies": [],  "exit_code": null,  "external_id": "gxy-p7cr9",  "galaxy_version": "24.1",  "handler": null,  "history_id": "029ce73937c227bd",  "id": "cb7eb82b46be6c2b",  "inputs": {   "reference_genome|genome": {    "id": "5192ff0e049f4ce6",    "src": "hda",    "uuid": "8d6cde2c-28fc-4748-a816-7decd147e274"   },   "track_groups_0|data_tracks_0|data_format|annotation": {    "id": "325c457fa851a1f7",    "src": "hda",    "uuid": "63ae23b5-88fa-4b64-a986-d3e17c6e87fc"   },   "track_groups_0|data_tracks_0|data_format|annotation1": {    "id": "325c457fa851a1f7",    "src": "hda",    "uuid": "63ae23b5-88fa-4b64-a986-d3e17c6e87fc"   },   "track_groups_0|data_tracks_1|data_format|annotation": {    "id": "325c457fa851a1f7",    "src": "hda",    "uuid": "63ae23b5-88fa-4b64-a986-d3e17c6e87fc"   },   "track_groups_0|data_tracks_1|data_format|annotation1": {    "id": "325c457fa851a1f7",    "src": "hda",    "uuid": "63ae23b5-88fa-4b64-a986-d3e17c6e87fc"   }  },  "job_messages": null,  "job_metrics": [],  "job_runner_name": null,  "job_stderr": null,  "job_stdout": null,  "model_class": "Job",  "output_collections": {},  "outputs": {   "output": {    "id": "4306352e032d75a2",    "src": "hda",    "uuid": "fdc6d161-9280-49db-98e4-69b0355ed3ac"   }  },  "params": {   "__input_ext": "\"fasta\"",   "action": "{\"__current_case__\": 0, \"action_select\": \"create\"}",   "chromInfo": "\"/cvmfs/data.galaxyproject.org/managed/len/ucsc/?.len\"",   "dbkey": "\"?\"",   "gencode": "\"11\"",   "jbgen": "{\"aboutDescription\": \"\", \"defaultLocation\": \"\", \"hideGenomeOptions\": false, \"shareLink\": true, \"show_menu\": true, \"show_nav\": true, \"show_overview\": true, \"show_tracklist\": true, \"trackPadding\": \"20\"}",   "plugins": "{\"BlastView\": true, \"ComboTrackSelector\": false, \"GCContent\": false}",   "reference_genome": "{\"__current_case__\": 1, \"genome\": {\"values\": [{\"id\": 185, \"src\": \"hda\"}]}, \"genome_type_select\": \"history\"}",   "standalone": "\"data\"",   "track_groups": "[{\"__index__\": 0, \"category\": \"With menu or index\", \"data_tracks\": [{\"__index__\": 0, \"data_format\": {\"__current_case__\": 2, \"annotation\": {\"values\": [{\"id\": 186, \"src\": \"hda\"}]}, \"data_format_select\": \"gene_calls\", \"index\": false, \"jb_custom_config\": {\"option\": []}, \"jbcolor_scale\": {\"color_score\": {\"__current_case__\": 0, \"color\": {\"__current_case__\": 0, \"color_select\": \"automatic\"}, \"color_score_select\": \"none\"}}, \"jbmenu\": {\"track_menu\": [{\"__index__\": 0, \"menu_action\": \"iframeDialog\", \"menu_icon\": \"dijitIconNewTask\", \"menu_label\": \"Some menu item\", \"menu_title\": \"Frame title\", \"menu_url\": \"https://example.com/#!/?id={name}\u0026q={type}\u0026z=\\\"{end}\\\"\"}, {\"__index__\": 1, \"menu_action\": \"newWindow\", \"menu_icon\": \"dijitIconBookmark\", \"menu_label\": \"Another menu item\", \"menu_title\": \"Frame title 2\", \"menu_url\": \"https://example.com/#!/?id={name}\u0026q={type}\u0026z=\\\"{end}\\\"\"}]}, \"jbstyle\": {\"max_height\": \"600\", \"style_classname\": \"feature\", \"style_description\": \"note,description\", \"style_height\": \"10px\", \"style_label\": \"product,name,id\"}, \"match_part\": {\"__current_case__\": 1, \"match_part_select\": false}, \"override_apollo_drag\": \"False\", \"override_apollo_plugins\": \"False\", \"track_config\": {\"__current_case__\": 3, \"html_options\": {\"topLevelFeatures\": null}, \"track_class\": \"NeatHTMLFeatures/View/Track/NeatFeatures\"}, \"track_visibility\": \"default_off\"}}, {\"__index__\": 1, \"data_format\": {\"__current_case__\": 2, \"annotation\": {\"values\": [{\"id\": 186, \"src\": \"hda\"}]}, \"data_format_select\": \"gene_calls\", \"index\": true, \"jb_custom_config\": {\"option\": []}, \"jbcolor_scale\": {\"color_score\": {\"__current_case__\": 0, \"color\": {\"__current_case__\": 0, \"color_select\": \"automatic\"}, \"color_score_select\": \"none\"}}, \"jbmenu\": {\"track_menu\": []}, \"jbstyle\": {\"max_height\": \"600\", \"style_classname\": \"feature\", \"style_description\": \"note,description\", \"style_height\": \"10px\", \"style_label\": \"product,name,id\"}, \"match_part\": {\"__current_case__\": 1, \"match_part_select\": false}, \"override_apollo_drag\": \"False\", \"override_apollo_plugins\": \"False\", \"track_config\": {\"__current_case__\": 3, \"html_options\": {\"topLevelFeatures\": null}, \"track_class\": \"NeatHTMLFeatures/View/Track/NeatFeatures\"}, \"track_visibility\": \"default_off\"}}]}]",   "uglyTestingHack": "\"enabled\""  },  "state": "error",  "stderr": "INFO:jbrowse:Processing With menu or index / 1.gff\nINFO:jbrowse:Processing With menu or index / 1.gff\n",  "stdout": "",  "tool_id": "toolshed.g2.bx.psu.edu/repos/iuc/jbrowse/jbrowse/1.16.11+galaxy1",  "tool_stderr": "INFO:jbrowse:Processing With menu or index / 1.gff\nINFO:jbrowse:Processing With menu or index / 1.gff\n",  "tool_stdout": "",  "update_time": "2025-11-13T13:38:35.949553",  "user_email": "tests@fake.org" }, "output_problems": [  "Job in error state.. tool_id: toolshed.g2.bx.psu.edu/repos/iuc/jbrowse/jbrowse/1.16.11+galaxy1, exit_code: None, stderr: INFO:jbrowse:Processing With menu or index / 1.gff\nINFO:jbrowse:Processing With menu or index / 1.gff\n.",  "Job in error state.. tool_id: toolshed.g2.bx.psu.edu/repos/iuc/jbrowse/jbrowse/1.16.11+galaxy1, exit_code: None, stderr: INFO:jbrowse:Processing With menu or index / 1.gff\nINFO:jbrowse:Processing With menu or index / 1.gff\n." ], "status": "failure", "test_index": 4, "time_seconds": 33.306496143341064, "tool_id": "jbrowse", "tool_version": "1.16.11+galaxy1"}
                ]]></error>
            
            <system-out><![CDATA[
            
            ]]></system-out>
            <system-err><![CDATA[
            INFO:jbrowse:Processing With menu or index / 1.gffINFO:jbrowse:Processing With menu or index / 1.gff
            ]]></system-err>
        
    </testcase>
    
    <testcase classname="jbrowse (Test #6)" name="5" time="41.43873858451843">
        
            
            <system-out><![CDATA[
            
            ]]></system-out>
            <system-err><![CDATA[
            INFO:jbrowse:Processing With canvas config / 1.gffWARNING: No feature names found for indexing, only reference sequence names will be indexed.
            ]]></system-err>
        
    </testcase>
    
    <testcase classname="jbrowse (Test #7)" name="6" time="13.459526062011719">
        
            <error type="error" message="Input staging problem: Traceback (most recent call last):
  File "/opt/hostedtoolcache/Python/3.12.12/x64/lib/python3.12/site-packages/galaxy/tool_util/verify/interactor.py", line 1436, in verify_tool
    stage_data_in_history(
  File "/opt/hostedtoolcache/Python/3.12.12/x64/lib/python3.12/site-packages/galaxy/tool_util/verify/interactor.py", line 175, in stage_data_in_history
    staging_interface.handle_jobs()
  File "/opt/hostedtoolcache/Python/3.12.12/x64/lib/python3.12/site-packages/galaxy/tool_util/verify/interactor.py", line 212, in handle_jobs
    self.galaxy_interactor.wait_for_job(job_response["id"], job_response["history_id"], self.maxseconds)
  File "/opt/hostedtoolcache/Python/3.12.12/x64/lib/python3.12/site-packages/galaxy/tool_util/verify/interactor.py", line 399, in wait_for_job
    self.wait_for(lambda: self.__job_ready(job_id, history_id), maxseconds=maxseconds)
  File "/opt/hostedtoolcache/Python/3.12.12/x64/lib/python3.12/site-packages/galaxy/tool_util/verify/interactor.py", line 403, in wait_for
    wait_on(func, what, walltime_exceeded)
  File "/opt/hostedtoolcache/Python/3.12.12/x64/lib/python3.12/site-packages/galaxy/tool_util/verify/wait.py", line 38, in wait_on
    value = function()
            ^^^^^^^^^^
  File "/opt/hostedtoolcache/Python/3.12.12/x64/lib/python3.12/site-packages/galaxy/tool_util/verify/interactor.py", line 399, in <lambda>
    self.wait_for(lambda: self.__job_ready(job_id, history_id), maxseconds=maxseconds)
                          ^^^^^^^^^^^^^^^^^^^^^^^^^^^^^^^^^^^^
  File "/opt/hostedtoolcache/Python/3.12.12/x64/lib/python3.12/site-packages/galaxy/tool_util/verify/interactor.py", line 749, in __job_ready
    return self._state_ready(job_id, error_msg="Job in error state.")
           ^^^^^^^^^^^^^^^^^^^^^^^^^^^^^^^^^^^^^^^^^^^^^^^^^^^^^^^^^^
  File "/opt/hostedtoolcache/Python/3.12.12/x64/lib/python3.12/site-packages/galaxy/tool_util/verify/interactor.py", line 841, in _state_ready
    raise Exception(
Exception: Job in error state.. tool_id: __DATA_FETCH__, exit_code: None, stderr: .
"><![CDATA[
                { "execution_problem": "Input staging problem: Traceback (most recent call last):\n  File \"/opt/hostedtoolcache/Python/3.12.12/x64/lib/python3.12/site-packages/galaxy/tool_util/verify/interactor.py\", line 1436, in verify_tool\n    stage_data_in_history(\n  File \"/opt/hostedtoolcache/Python/3.12.12/x64/lib/python3.12/site-packages/galaxy/tool_util/verify/interactor.py\", line 175, in stage_data_in_history\n    staging_interface.handle_jobs()\n  File \"/opt/hostedtoolcache/Python/3.12.12/x64/lib/python3.12/site-packages/galaxy/tool_util/verify/interactor.py\", line 212, in handle_jobs\n    self.galaxy_interactor.wait_for_job(job_response[\"id\"], job_response[\"history_id\"], self.maxseconds)\n  File \"/opt/hostedtoolcache/Python/3.12.12/x64/lib/python3.12/site-packages/galaxy/tool_util/verify/interactor.py\", line 399, in wait_for_job\n    self.wait_for(lambda: self.__job_ready(job_id, history_id), maxseconds=maxseconds)\n  File \"/opt/hostedtoolcache/Python/3.12.12/x64/lib/python3.12/site-packages/galaxy/tool_util/verify/interactor.py\", line 403, in wait_for\n    wait_on(func, what, walltime_exceeded)\n  File \"/opt/hostedtoolcache/Python/3.12.12/x64/lib/python3.12/site-packages/galaxy/tool_util/verify/wait.py\", line 38, in wait_on\n    value = function()\n            ^^^^^^^^^^\n  File \"/opt/hostedtoolcache/Python/3.12.12/x64/lib/python3.12/site-packages/galaxy/tool_util/verify/interactor.py\", line 399, in \u003clambda\u003e\n    self.wait_for(lambda: self.__job_ready(job_id, history_id), maxseconds=maxseconds)\n                          ^^^^^^^^^^^^^^^^^^^^^^^^^^^^^^^^^^^^\n  File \"/opt/hostedtoolcache/Python/3.12.12/x64/lib/python3.12/site-packages/galaxy/tool_util/verify/interactor.py\", line 749, in __job_ready\n    return self._state_ready(job_id, error_msg=\"Job in error state.\")\n           ^^^^^^^^^^^^^^^^^^^^^^^^^^^^^^^^^^^^^^^^^^^^^^^^^^^^^^^^^^\n  File \"/opt/hostedtoolcache/Python/3.12.12/x64/lib/python3.12/site-packages/galaxy/tool_util/verify/interactor.py\", line 841, in _state_ready\n    raise Exception(\nException: Job in error state.. tool_id: __DATA_FETCH__, exit_code: None, stderr: .\n", "status": "error", "test_index": 6, "time_seconds": 13.459526062011719, "tool_id": "jbrowse", "tool_version": "1.16.11+galaxy1"}
            ]]></error>
        
    </testcase>
    
    <testcase classname="jbrowse (Test #8)" name="7" time="42.640780448913574">
        
            
            <system-out><![CDATA[
            
            ]]></system-out>
            <system-err><![CDATA[
            INFO:jbrowse:Processing Auto Coloured / merlin-sample.bamWARNING: No feature names found for indexing, only reference sequence names will be indexed.
            ]]></system-err>
        
    </testcase>
    
    <testcase classname="jbrowse (Test #9)" name="8" time="130.25515222549438">
        
            
                <error type="error" message="Tool exit code: 0"><![CDATA[
                    { "inputs": {  "gencode": "1",  "reference_genome|genome_type_select": "indexed",  "standalone": "data",  "uglyTestingHack": "enabled" }, "job": {  "command_line": "mkdir -p /galaxy/server/database/objects/3/7/c/dataset_37c7d5f9-7f87-4916-bdb1-30e2219119ce_files \u0026\u0026  cp /galaxy/server/database/jobs_directory/000/167/configs/tmpy9fcswu1 /galaxy/server/database/objects/3/7/c/dataset_37c7d5f9-7f87-4916-bdb1-30e2219119ce_files/galaxy.xml \u0026\u0026  export JBROWSE_SOURCE_DIR=$(dirname $(which prepare-refseqs.pl))/../opt/jbrowse  \u0026\u0026  python \u0027/cvmfs/cloud.galaxyproject.org/tools/toolshed.g2.bx.psu.edu/repos/iuc/jbrowse/a6e57ff585c0/jbrowse/jbrowse.py\u0027  --jbrowse ${JBROWSE_SOURCE_DIR} --standalone \u0027data\u0027  --outdir /galaxy/server/database/objects/3/7/c/dataset_37c7d5f9-7f87-4916-bdb1-30e2219119ce_files /galaxy/server/database/jobs_directory/000/167/configs/tmpy9fcswu1 \u0026\u0026  cp /galaxy/server/database/jobs_directory/000/167/configs/tmphwxw2xz3 /galaxy/server/database/objects/3/7/c/dataset_37c7d5f9-7f87-4916-bdb1-30e2219119ce.dat;  cp /galaxy/server/database/jobs_directory/000/167/configs/tmpy9fcswu1 /galaxy/server/database/objects/3/7/c/dataset_37c7d5f9-7f87-4916-bdb1-30e2219119ce.dat",  "command_version": "jbrowse.py 0.8.0",  "copied_from_job_id": null,  "create_time": "2025-11-13T13:40:14.774494",  "dependencies": [],  "exit_code": 0,  "external_id": "gxy-rrdqh",  "galaxy_version": "24.1",  "handler": null,  "history_id": "029ce73937c227bd",  "id": "9a769126338cb38d",  "inputs": {},  "job_messages": [],  "job_metrics": [   {    "name": "runtime_seconds",    "plugin": "core",    "raw_value": "108.0000000",    "title": "Job Runtime (Wall Clock)",    "value": "1 minute"   },   {    "name": "end_epoch",    "plugin": "core",    "raw_value": "1763041325.0000000",    "title": "Job End Time",    "value": "2025-11-13 13:42:05"   },   {    "name": "start_epoch",    "plugin": "core",    "raw_value": "1763041217.0000000",    "title": "Job Start Time",    "value": "2025-11-13 13:40:17"   },   {    "name": "galaxy_memory_mb",    "plugin": "core",    "raw_value": "12240.0000000",    "title": "Memory Allocated (MB)",    "value": "12240"   },   {    "name": "galaxy_slots",    "plugin": "core",    "raw_value": "1.0000000",    "title": "Cores Allocated",    "value": "1"   }  ],  "job_runner_name": null,  "job_stderr": "",  "job_stdout": "",  "model_class": "Job",  "output_collections": {},  "outputs": {   "output": {    "id": "a7e4907800f5480b",    "src": "hda",    "uuid": "37c7d5f9-7f87-4916-bdb1-30e2219119ce"   }  },  "params": {   "__input_ext": "\"data\"",   "action": "{\"__current_case__\": 0, \"action_select\": \"create\"}",   "chromInfo": "\"/cvmfs/data.galaxyproject.org/managed/len/ucsc/?.len\"",   "dbkey": "\"?\"",   "gencode": "\"1\"",   "jbgen": "{\"aboutDescription\": \"\", \"defaultLocation\": \"\", \"hideGenomeOptions\": false, \"shareLink\": true, \"show_menu\": true, \"show_nav\": true, \"show_overview\": true, \"show_tracklist\": true, \"trackPadding\": \"20\"}",   "plugins": "{\"BlastView\": true, \"ComboTrackSelector\": false, \"GCContent\": false}",   "reference_genome": "{\"__current_case__\": 0, \"genome_type_select\": \"indexed\", \"genomes\": \"apiMel4\"}",   "standalone": "\"data\"",   "track_groups": "[]",   "uglyTestingHack": "\"enabled\""  },  "state": "ok",  "stderr": "WARNING: No feature names found for indexing, only reference sequence names will be indexed.\n",  "stdout": "",  "tool_id": "toolshed.g2.bx.psu.edu/repos/iuc/jbrowse/jbrowse/1.16.11+galaxy1",  "tool_stderr": "WARNING: No feature names found for indexing, only reference sequence names will be indexed.\n",  "tool_stdout": "",  "update_time": "2025-11-13T13:42:24.079172",  "user_email": "tests@fake.org" }, "output_problems": [  "Output output:  different than expected\nExpected text \u0027merlin.fa\u0027 in output (\u0027\u003c?xml version=\"1.0\"?\u003e\n\u003croot\u003e\n    \u003cmetadata\u003e\n        \u003cgencode\u003e1\u003c/gencode\u003e\n        \u003cgenomes\u003e\n              \u003cgenome path=\"/cvmfs/data.galaxyproject.org/managed/seq/apiMel4.fa\"\u003e\n                  \u003cmetadata /\u003e\n              \u003c/genome\u003es\n        \u003c/genomes\u003e\n        \u003cgeneral\u003e\n            \u003cdefaultLocation\u003e\u003c/defaultLocation\u003e\n            \u003ctrackPadding\u003e20\u003c/trackPadding\u003e\n\n            \u003cshareLink\u003etrue\u003c/shareLink\u003e\n            \u003caboutDescription\u003e\u003c/aboutDescription\u003e\n            \u003cshow_tracklist\u003etrue\u003c/show_tracklist\u003e\n            \u003cshow_nav\u003etrue\u003c/show_nav\u003e\n            \u003cshow_overview\u003etrue\u003c/show_overview\u003e\n            \u003cshow_menu\u003etrue\u003c/show_menu\u003e\n            \u003chideGenomeOptions\u003efalse\u003c/hideGenomeOptions\u003e\n        \u003c/general\u003e\n        \u003cgalaxyUrl\u003ehttp://localhost:8080\u003c/galaxyUrl\u003e\n    \u003c/metadata\u003e\n    \u003ctracks\u003e\n    \u003c/tracks\u003e\n    \u003cplugins\n        ComboTrackSelector=\"\"\n        Bookmarks=\"\"\n        GCContent=\"\"\n        BlastView=\"True\"\n        theme=\"\"\n        /\u003e\n\u003c/root\u003e\n\u0027)" ], "status": "failure", "test_index": 8, "time_seconds": 130.25515222549438, "tool_id": "jbrowse", "tool_version": "1.16.11+galaxy1"}
                ]]></error>
            
            <system-out><![CDATA[
            
            ]]></system-out>
            <system-err><![CDATA[
            WARNING: No feature names found for indexing, only reference sequence names will be indexed.
            ]]></system-err>
        
    </testcase>
    
    <testcase classname="jbrowse (Test #10)" name="9" time="13.179956912994385">
        
            <error type="error" message="Input staging problem: Traceback (most recent call last):
  File "/opt/hostedtoolcache/Python/3.12.12/x64/lib/python3.12/site-packages/galaxy/tool_util/verify/interactor.py", line 1436, in verify_tool
    stage_data_in_history(
  File "/opt/hostedtoolcache/Python/3.12.12/x64/lib/python3.12/site-packages/galaxy/tool_util/verify/interactor.py", line 175, in stage_data_in_history
    staging_interface.handle_jobs()
  File "/opt/hostedtoolcache/Python/3.12.12/x64/lib/python3.12/site-packages/galaxy/tool_util/verify/interactor.py", line 212, in handle_jobs
    self.galaxy_interactor.wait_for_job(job_response["id"], job_response["history_id"], self.maxseconds)
  File "/opt/hostedtoolcache/Python/3.12.12/x64/lib/python3.12/site-packages/galaxy/tool_util/verify/interactor.py", line 399, in wait_for_job
    self.wait_for(lambda: self.__job_ready(job_id, history_id), maxseconds=maxseconds)
  File "/opt/hostedtoolcache/Python/3.12.12/x64/lib/python3.12/site-packages/galaxy/tool_util/verify/interactor.py", line 403, in wait_for
    wait_on(func, what, walltime_exceeded)
  File "/opt/hostedtoolcache/Python/3.12.12/x64/lib/python3.12/site-packages/galaxy/tool_util/verify/wait.py", line 38, in wait_on
    value = function()
            ^^^^^^^^^^
  File "/opt/hostedtoolcache/Python/3.12.12/x64/lib/python3.12/site-packages/galaxy/tool_util/verify/interactor.py", line 399, in <lambda>
    self.wait_for(lambda: self.__job_ready(job_id, history_id), maxseconds=maxseconds)
                          ^^^^^^^^^^^^^^^^^^^^^^^^^^^^^^^^^^^^
  File "/opt/hostedtoolcache/Python/3.12.12/x64/lib/python3.12/site-packages/galaxy/tool_util/verify/interactor.py", line 749, in __job_ready
    return self._state_ready(job_id, error_msg="Job in error state.")
           ^^^^^^^^^^^^^^^^^^^^^^^^^^^^^^^^^^^^^^^^^^^^^^^^^^^^^^^^^^
  File "/opt/hostedtoolcache/Python/3.12.12/x64/lib/python3.12/site-packages/galaxy/tool_util/verify/interactor.py", line 841, in _state_ready
    raise Exception(
Exception: Job in error state.. tool_id: __DATA_FETCH__, exit_code: None, stderr: .
"><![CDATA[
                { "execution_problem": "Input staging problem: Traceback (most recent call last):\n  File \"/opt/hostedtoolcache/Python/3.12.12/x64/lib/python3.12/site-packages/galaxy/tool_util/verify/interactor.py\", line 1436, in verify_tool\n    stage_data_in_history(\n  File \"/opt/hostedtoolcache/Python/3.12.12/x64/lib/python3.12/site-packages/galaxy/tool_util/verify/interactor.py\", line 175, in stage_data_in_history\n    staging_interface.handle_jobs()\n  File \"/opt/hostedtoolcache/Python/3.12.12/x64/lib/python3.12/site-packages/galaxy/tool_util/verify/interactor.py\", line 212, in handle_jobs\n    self.galaxy_interactor.wait_for_job(job_response[\"id\"], job_response[\"history_id\"], self.maxseconds)\n  File \"/opt/hostedtoolcache/Python/3.12.12/x64/lib/python3.12/site-packages/galaxy/tool_util/verify/interactor.py\", line 399, in wait_for_job\n    self.wait_for(lambda: self.__job_ready(job_id, history_id), maxseconds=maxseconds)\n  File \"/opt/hostedtoolcache/Python/3.12.12/x64/lib/python3.12/site-packages/galaxy/tool_util/verify/interactor.py\", line 403, in wait_for\n    wait_on(func, what, walltime_exceeded)\n  File \"/opt/hostedtoolcache/Python/3.12.12/x64/lib/python3.12/site-packages/galaxy/tool_util/verify/wait.py\", line 38, in wait_on\n    value = function()\n            ^^^^^^^^^^\n  File \"/opt/hostedtoolcache/Python/3.12.12/x64/lib/python3.12/site-packages/galaxy/tool_util/verify/interactor.py\", line 399, in \u003clambda\u003e\n    self.wait_for(lambda: self.__job_ready(job_id, history_id), maxseconds=maxseconds)\n                          ^^^^^^^^^^^^^^^^^^^^^^^^^^^^^^^^^^^^\n  File \"/opt/hostedtoolcache/Python/3.12.12/x64/lib/python3.12/site-packages/galaxy/tool_util/verify/interactor.py\", line 749, in __job_ready\n    return self._state_ready(job_id, error_msg=\"Job in error state.\")\n           ^^^^^^^^^^^^^^^^^^^^^^^^^^^^^^^^^^^^^^^^^^^^^^^^^^^^^^^^^^\n  File \"/opt/hostedtoolcache/Python/3.12.12/x64/lib/python3.12/site-packages/galaxy/tool_util/verify/interactor.py\", line 841, in _state_ready\n    raise Exception(\nException: Job in error state.. tool_id: __DATA_FETCH__, exit_code: None, stderr: .\n", "status": "error", "test_index": 9, "time_seconds": 13.179956912994385, "tool_id": "jbrowse", "tool_version": "1.16.11+galaxy1"}
            ]]></error>
        
    </testcase>
    
    <testcase classname="lofreq_call (Test #1)" name="0" time="55.05677056312561">
        
            
                <error type="error" message="Tool exit code: 0"><![CDATA[
                    { "inputs": {  "reads": {   "id": "a3720517b02c6818",   "src": "hda"  },  "reference_source|ref": {   "id": "f5bdb644f509a5b1",   "src": "hda"  },  "reference_source|ref_selector": "history" }, "job": {  "command_line": "ln -s \u0027/galaxy/server/database/objects/9/9/6/dataset_996d7520-3176-45a8-8d21-ca30361610a4.dat\u0027 reference.fa \u0026\u0026 lofreq faidx reference.fa 2\u003e\u00261 || echo \"Error running samtools faidx for indexing fasta reference for lofreq\" \u003e\u00262 \u0026\u0026  ln -s \u0027/galaxy/server/database/objects/5/d/f/dataset_5df479cc-c40d-495c-999c-e2eb97bcbdbe.dat\u0027 reads.bam \u0026\u0026 ln -s -f \u0027/galaxy/server/database/objects/_metadata_files/5/8/5/metadata_585adcae-2f5e-4ce2-b3e4-5191938feb7e.dat\u0027 reads.bam.bai \u0026\u0026   lofreq call-parallel --pp-threads ${GALAXY_SLOTS:-1} --verbose  --ref \u0027reference.fa\u0027 --out variants.vcf    --sig 0.01 --bonf dynamic   reads.bam 2\u003e\u00261  || (tool_exit_code=$? \u0026\u0026 cat \"$TMPDIR\"/lofreq2_call_parallel*/*.log 1\u003e\u00262 \u0026\u0026 exit $tool_exit_code)  \u0026\u0026 echo set_lofreq_standard",  "command_version": "2.1.5",  "copied_from_job_id": null,  "create_time": "2025-11-13T13:29:41.957148",  "dependencies": [],  "exit_code": 0,  "external_id": "gxy-2k7jm",  "galaxy_version": "24.1",  "handler": null,  "history_id": "029ce73937c227bd",  "id": "9323da51976ba469",  "inputs": {   "reads": {    "id": "a3720517b02c6818",    "src": "hda",    "uuid": "5df479cc-c40d-495c-999c-e2eb97bcbdbe"   },   "reference_source|ref": {    "id": "f5bdb644f509a5b1",    "src": "hda",    "uuid": "996d7520-3176-45a8-8d21-ca30361610a4"   }  },  "job_messages": [],  "job_metrics": [   {    "name": "runtime_seconds",    "plugin": "core",    "raw_value": "4.0000000",    "title": "Job Runtime (Wall Clock)",    "value": "4 seconds"   },   {    "name": "end_epoch",    "plugin": "core",    "raw_value": "1763040597.0000000",    "title": "Job End Time",    "value": "2025-11-13 13:29:57"   },   {    "name": "start_epoch",    "plugin": "core",    "raw_value": "1763040593.0000000",    "title": "Job Start Time",    "value": "2025-11-13 13:29:53"   },   {    "name": "galaxy_memory_mb",    "plugin": "core",    "raw_value": "8589.0000000",    "title": "Memory Allocated (MB)",    "value": "8589"   },   {    "name": "galaxy_slots",    "plugin": "core",    "raw_value": "2.0000000",    "title": "Cores Allocated",    "value": "2"   }  ],  "job_runner_name": null,  "job_stderr": "",  "job_stdout": "",  "model_class": "Job",  "output_collections": {},  "outputs": {   "variants": {    "id": "17f40621c2e250f4",    "src": "hda",    "uuid": "75d5da3f-cdb9-44eb-8491-fd2d217ee45b"   }  },  "params": {   "__input_ext": "\"input\"",   "call_control": "{\"__current_case__\": 0, \"set_call_options\": \"no\"}",   "chromInfo": "\"/cvmfs/data.galaxyproject.org/managed/len/ucsc/?.len\"",   "dbkey": "\"?\"",   "filter_control": "{\"__current_case__\": 2, \"bonf\": \"dynamic\", \"filter_type\": \"set_lofreq_standard\", \"others\": \"\", \"sig\": \"0.01\"}",   "reference_source": "{\"__current_case__\": 1, \"ref\": {\"values\": [{\"id\": 149, \"src\": \"hda\"}]}, \"ref_selector\": \"history\"}",   "regions": "{\"__current_case__\": 0, \"restrict_to_region\": \"genome\"}",   "variant_types": "\"\""  },  "state": "ok",  "stderr": "",  "stdout": "INFO [2025-11-13 13:29:53,943]: Using 2 threads with following basic args: lofreq call --verbose --ref reference.fa --sig 0.01 --bonf dynamic reads.bam\n\nINFO [2025-11-13 13:29:54,150]: Adding 5 commands to mp-pool\nChecking the headers and starting positions of 5 files\nNumber of substitution tests performed: 66\nNumber of indel tests performed: 0\nINFO [2025-11-13 13:29:57,752]: Executing lofreq filter -i /galaxy/server/database/jobs_directory/000/121/tmp/lofreq2_call_parallelesiwsk0w/concat.vcf.gz -o variants.vcf --snvqual-thresh 38 --indelqual-thresh 20\n\nset_lofreq_standard\n",  "tool_id": "toolshed.g2.bx.psu.edu/repos/iuc/lofreq_call/lofreq_call/2.1.5+galaxy3",  "tool_stderr": "",  "tool_stdout": "INFO [2025-11-13 13:29:53,943]: Using 2 threads with following basic args: lofreq call --verbose --ref reference.fa --sig 0.01 --bonf dynamic reads.bam\n\nINFO [2025-11-13 13:29:54,150]: Adding 5 commands to mp-pool\nChecking the headers and starting positions of 5 files\nNumber of substitution tests performed: 66\nNumber of indel tests performed: 0\nINFO [2025-11-13 13:29:57,752]: Executing lofreq filter -i /galaxy/server/database/jobs_directory/000/121/tmp/lofreq2_call_parallelesiwsk0w/concat.vcf.gz -o variants.vcf --snvqual-thresh 38 --indelqual-thresh 20\n\nset_lofreq_standard\n",  "update_time": "2025-11-13T13:30:12.586376",  "user_email": "tests@fake.org" }, "output_problems": [  "Output variants:  different than expected, difference (using diff):\n( /tmp/tmp3asc50t2call-out1.vcf v. /tmp/tmp5k_z6yj6call-out1.vcf )\n--- local_file\n+++ history_data\n@@ -1,6 +1,7 @@\n ##fileformat=VCFv4.0\n-##fileDate=20200615\n-##source=lofreq call --verbose --ref reference.fa --sig 1 --bonf 1 --no-default-filter --no-default-filter -r pBR322:1-2180 -o /tmp/tmpe0171355/job_working_directory/000/28/working/pp-tmp/lofreq2_call_parallell2yprl2k/0.vcf.gz reads.bam \n+##FILTER=\u003cID=PASS,Description=\"All filters passed\"\u003e\n+##fileDate=20251113\n+##source=lofreq call --verbose --ref reference.fa --sig 0.01 --bonf dynamic --no-default-filter -r pBR322:1-1090 -o /galaxy/server/database/jobs_directory/000/121/tmp/lofreq2_call_parallelesiwsk0w/0.vcf.gz reads.bam \n ##reference=reference.fa\n ##INFO=\u003cID=DP,Number=1,Type=Integer,Description=\"Raw Depth\"\u003e\n ##INFO=\u003cID=AF,Number=1,Type=Float,Description=\"Allele Frequency\"\u003e\n@@ -9,11 +10,16 @@\n ##INFO=\u003cID=INDEL,Number=0,Type=Flag,Description=\"Indicates that the variant is an INDEL.\"\u003e\n ##INFO=\u003cID=CONSVAR,Number=0,Type=Flag,Description=\"Indicates that the variant is a consensus variant (as opposed to a low frequency variant).\"\u003e\n ##INFO=\u003cID=HRUN,Number=1,Type=Integer,Description=\"Homopolymer length to the right of report indel position\"\u003e\n-##FILTER=\u003cID=min_snvqual_38,Description=\"Minimum SNV Quality (Phred) 38\"\u003e\n+##FILTER=\u003cID=min_snvqual_33,Description=\"Minimum SNV Quality (Phred) 33\"\u003e\n ##FILTER=\u003cID=min_indelqual_20,Description=\"Minimum Indel Quality (Phred) 20\"\u003e\n+##FILTER=\u003cID=min_snvqual_36,Description=\"Minimum SNV Quality (Phred) 36\"\u003e\n+##contig=\u003cID=pBR322\u003e\n+##FILTER=\u003cID=min_snvqual_20,Description=\"Minimum SNV Quality (Phred) 20\"\u003e\n+##bcftools_concatVersion=1.21+htslib-1.21\n+##bcftools_concatCommand=concat -a -O z -o /galaxy/server/database/jobs_directory/000/121/tmp/lofreq2_call_parallelesiwsk0w/concat.vcf.gz /galaxy/server/database/jobs_directory/000/121/tmp/lofreq2_call_parallelesiwsk0w/0.vcf.gz /galaxy/server/database/jobs_directory/000/121/tmp/lofreq2_call_parallelesiwsk0w/1.vcf.gz /galaxy/server/database/jobs_directory/000/121/tmp/lofreq2_call_parallelesiwsk0w/2.vcf.gz /galaxy/server/database/jobs_directory/000/121/tmp/lofreq2_call_parallelesiwsk0w/3.vcf.gz /galaxy/server/database/jobs_directory/000/121/tmp/lofreq2_call_parallelesiwsk0w/4.vcf.gz; Date=Thu Nov 13 13:29:57 2025\n ##FILTER=\u003cID=min_dp_10,Description=\"Minimum Coverage 10\"\u003e\n ##FILTER=\u003cID=sb_fdr,Description=\"Strand-Bias Multiple Testing Correction: fdr corr. pvalue \u003e 0.001000\"\u003e\n ##FILTER=\u003cID=min_snvqual_38,Description=\"Minimum SNV Quality (Phred) 38\"\u003e\n ##FILTER=\u003cID=min_indelqual_20,Description=\"Minimum Indel Quality (Phred) 20\"\u003e\n #CHROM\tPOS\tID\tREF\tALT\tQUAL\tFILTER\tINFO\n-pBR322\t1134\t.\tC\tT\t49314\tPASS\tDP=1767;AF=1.000000;SB=0;DP4=0,0,910,857\n+pBR322\t1134\t.\tC\tT\t49314\tPASS\tDP=1767;AF=1;SB=0;DP4=0,0,910,857\n" ], "status": "failure", "test_index": 0, "time_seconds": 55.05677056312561, "tool_id": "lofreq_call", "tool_version": "2.1.5+galaxy3"}
                ]]></error>
            
            <system-out><![CDATA[
            INFO [2025-11-13 13:29:53,943]: Using 2 threads with following basic args: lofreq call --verbose --ref reference.fa --sig 0.01 --bonf dynamic reads.bamINFO [2025-11-13 13:29:54,150]: Adding 5 commands to mp-poolChecking the headers and starting positions of 5 filesNumber of substitution tests performed: 66Number of indel tests performed: 0INFO [2025-11-13 13:29:57,752]: Executing lofreq filter -i /galaxy/server/database/jobs_directory/000/121/tmp/lofreq2_call_parallelesiwsk0w/concat.vcf.gz -o variants.vcf --snvqual-thresh 38 --indelqual-thresh 20set_lofreq_standard
            ]]></system-out>
            <system-err><![CDATA[
            
            ]]></system-err>
        
    </testcase>
    
    <testcase classname="lofreq_call (Test #2)" name="1" time="43.84295868873596">
        
            
                <error type="error" message="Tool exit code: 0"><![CDATA[
                    { "inputs": {  "call_control|set_call_options": "yes",  "reads": {   "id": "a7029c7c3ab91ecf",   "src": "hda"  },  "reference_source|ref": {   "id": "97f5139cde6f561f",   "src": "hda"  },  "reference_source|ref_selector": "history" }, "job": {  "command_line": "ln -s \u0027/galaxy/server/database/objects/c/c/e/dataset_ccecdc62-d792-4cc5-adc5-c40d9f041f90.dat\u0027 reference.fa \u0026\u0026 lofreq faidx reference.fa 2\u003e\u00261 || echo \"Error running samtools faidx for indexing fasta reference for lofreq\" \u003e\u00262 \u0026\u0026  ln -s \u0027/galaxy/server/database/objects/c/d/7/dataset_cd7acee4-41ef-4695-9ee7-a89dbe8d73fd.dat\u0027 reads.bam \u0026\u0026 ln -s -f \u0027/galaxy/server/database/objects/_metadata_files/b/d/7/metadata_bd75bb63-3798-47cf-bf9a-72bb7ac70507.dat\u0027 reads.bam.bai \u0026\u0026   lofreq call-parallel --pp-threads ${GALAXY_SLOTS:-1} --verbose  --ref \u0027reference.fa\u0027 --out variants.vcf   --min-cov 1 --max-depth 1000000  --min-bq 6 --min-alt-bq 6    --min-mq 0 --max-mq 255 --min-jq 0 --min-alt-jq 0 --def-alt-jq 0  --sig 0.01 --bonf dynamic   reads.bam 2\u003e\u00261  || (tool_exit_code=$? \u0026\u0026 cat \"$TMPDIR\"/lofreq2_call_parallel*/*.log 1\u003e\u00262 \u0026\u0026 exit $tool_exit_code)  \u0026\u0026 echo set_lofreq_standard",  "command_version": "2.1.5",  "copied_from_job_id": null,  "create_time": "2025-11-13T13:30:37.114885",  "dependencies": [],  "exit_code": 0,  "external_id": "gxy-7jmwv",  "galaxy_version": "24.1",  "handler": null,  "history_id": "029ce73937c227bd",  "id": "8097dbb72a9defeb",  "inputs": {   "reads": {    "id": "a7029c7c3ab91ecf",    "src": "hda",    "uuid": "cd7acee4-41ef-4695-9ee7-a89dbe8d73fd"   },   "reference_source|ref": {    "id": "97f5139cde6f561f",    "src": "hda",    "uuid": "ccecdc62-d792-4cc5-adc5-c40d9f041f90"   }  },  "job_messages": [],  "job_metrics": [   {    "name": "runtime_seconds",    "plugin": "core",    "raw_value": "4.0000000",    "title": "Job Runtime (Wall Clock)",    "value": "4 seconds"   },   {    "name": "end_epoch",    "plugin": "core",    "raw_value": "1763040643.0000000",    "title": "Job End Time",    "value": "2025-11-13 13:30:43"   },   {    "name": "start_epoch",    "plugin": "core",    "raw_value": "1763040639.0000000",    "title": "Job Start Time",    "value": "2025-11-13 13:30:39"   },   {    "name": "galaxy_memory_mb",    "plugin": "core",    "raw_value": "8589.0000000",    "title": "Memory Allocated (MB)",    "value": "8589"   },   {    "name": "galaxy_slots",    "plugin": "core",    "raw_value": "2.0000000",    "title": "Cores Allocated",    "value": "2"   }  ],  "job_runner_name": null,  "job_stderr": "",  "job_stdout": "",  "model_class": "Job",  "output_collections": {},  "outputs": {   "variants": {    "id": "8cdc6ef763fa19ba",    "src": "hda",    "uuid": "0c20089a-fa2e-48c9-972a-07aea9e4ce79"   }  },  "params": {   "__input_ext": "\"input\"",   "call_control": "{\"__current_case__\": 1, \"align_quals\": {\"alnqual\": {\"__current_case__\": 0, \"alnqual_choice\": {\"__current_case__\": 1, \"alnquals_to_use\": \"\", \"extended_baq\": true}, \"use_alnqual\": \"\"}}, \"bc_quals\": {\"alt_bq\": {\"__current_case__\": 0, \"modify\": \"\"}, \"min_alt_bq\": \"6\", \"min_bq\": \"6\"}, \"coverage\": {\"max_depth\": \"1000000\", \"min_cov\": \"1\"}, \"joint_qual\": {\"def_alt_jq\": \"0\", \"min_alt_jq\": \"0\", \"min_jq\": \"0\"}, \"map_quals\": {\"min_mq\": \"0\", \"use_mq\": {\"__current_case__\": 0, \"max_mq\": \"255\", \"no_mq\": \"\"}}, \"pe\": {\"use_orphan\": false}, \"set_call_options\": \"yes\", \"source_qual\": {\"use_src_qual\": {\"__current_case__\": 0, \"src_qual\": \"\"}}}",   "chromInfo": "\"/cvmfs/data.galaxyproject.org/managed/len/ucsc/?.len\"",   "dbkey": "\"?\"",   "filter_control": "{\"__current_case__\": 2, \"bonf\": \"dynamic\", \"filter_type\": \"set_lofreq_standard\", \"others\": \"\", \"sig\": \"0.01\"}",   "reference_source": "{\"__current_case__\": 1, \"ref\": {\"values\": [{\"id\": 152, \"src\": \"hda\"}]}, \"ref_selector\": \"history\"}",   "regions": "{\"__current_case__\": 0, \"restrict_to_region\": \"genome\"}",   "variant_types": "\"\""  },  "state": "ok",  "stderr": "",  "stdout": "INFO [2025-11-13 13:30:39,596]: Using 2 threads with following basic args: lofreq call --verbose --ref reference.fa --min-cov 1 --max-depth 1000000 --min-bq 6 --min-alt-bq 6 --min-mq 0 --max-mq 255 --min-jq 0 --min-alt-jq 0 --def-alt-jq 0 --sig 0.01 --bonf dynamic reads.bam\n\nINFO [2025-11-13 13:30:39,672]: Adding 5 commands to mp-pool\nChecking the headers and starting positions of 5 files\nNumber of substitution tests performed: 66\nNumber of indel tests performed: 0\nINFO [2025-11-13 13:30:43,259]: Executing lofreq filter -i /galaxy/server/database/jobs_directory/000/124/tmp/lofreq2_call_parallel33hfzocn/concat.vcf.gz -o variants.vcf --snvqual-thresh 38 --indelqual-thresh 20\n\nset_lofreq_standard\n",  "tool_id": "toolshed.g2.bx.psu.edu/repos/iuc/lofreq_call/lofreq_call/2.1.5+galaxy3",  "tool_stderr": "",  "tool_stdout": "INFO [2025-11-13 13:30:39,596]: Using 2 threads with following basic args: lofreq call --verbose --ref reference.fa --min-cov 1 --max-depth 1000000 --min-bq 6 --min-alt-bq 6 --min-mq 0 --max-mq 255 --min-jq 0 --min-alt-jq 0 --def-alt-jq 0 --sig 0.01 --bonf dynamic reads.bam\n\nINFO [2025-11-13 13:30:39,672]: Adding 5 commands to mp-pool\nChecking the headers and starting positions of 5 files\nNumber of substitution tests performed: 66\nNumber of indel tests performed: 0\nINFO [2025-11-13 13:30:43,259]: Executing lofreq filter -i /galaxy/server/database/jobs_directory/000/124/tmp/lofreq2_call_parallel33hfzocn/concat.vcf.gz -o variants.vcf --snvqual-thresh 38 --indelqual-thresh 20\n\nset_lofreq_standard\n",  "update_time": "2025-11-13T13:30:56.226576",  "user_email": "tests@fake.org" }, "output_problems": [  "Output variants:  different than expected, difference (using diff):\n( /tmp/tmp469dkz4scall-out1.vcf v. /tmp/tmp4qbwdsdccall-out1.vcf )\n--- local_file\n+++ history_data\n@@ -1,6 +1,7 @@\n ##fileformat=VCFv4.0\n-##fileDate=20200615\n-##source=lofreq call --verbose --ref reference.fa --sig 1 --bonf 1 --no-default-filter --no-default-filter -r pBR322:1-2180 -o /tmp/tmpe0171355/job_working_directory/000/28/working/pp-tmp/lofreq2_call_parallell2yprl2k/0.vcf.gz reads.bam \n+##FILTER=\u003cID=PASS,Description=\"All filters passed\"\u003e\n+##fileDate=20251113\n+##source=lofreq call --verbose --ref reference.fa --min-cov 1 --max-depth 1000000 --min-bq 6 --min-alt-bq 6 --min-mq 0 --max-mq 255 --min-jq 0 --min-alt-jq 0 --def-alt-jq 0 --sig 0.01 --bonf dynamic --no-default-filter -r pBR322:1-1090 -o /galaxy/server/database/jobs_directory/000/124/tmp/lofreq2_call_parallel33hfzocn/0.vcf.gz reads.bam \n ##reference=reference.fa\n ##INFO=\u003cID=DP,Number=1,Type=Integer,Description=\"Raw Depth\"\u003e\n ##INFO=\u003cID=AF,Number=1,Type=Float,Description=\"Allele Frequency\"\u003e\n@@ -9,11 +10,16 @@\n ##INFO=\u003cID=INDEL,Number=0,Type=Flag,Description=\"Indicates that the variant is an INDEL.\"\u003e\n ##INFO=\u003cID=CONSVAR,Number=0,Type=Flag,Description=\"Indicates that the variant is a consensus variant (as opposed to a low frequency variant).\"\u003e\n ##INFO=\u003cID=HRUN,Number=1,Type=Integer,Description=\"Homopolymer length to the right of report indel position\"\u003e\n-##FILTER=\u003cID=min_snvqual_38,Description=\"Minimum SNV Quality (Phred) 38\"\u003e\n+##FILTER=\u003cID=min_snvqual_33,Description=\"Minimum SNV Quality (Phred) 33\"\u003e\n ##FILTER=\u003cID=min_indelqual_20,Description=\"Minimum Indel Quality (Phred) 20\"\u003e\n+##FILTER=\u003cID=min_snvqual_36,Description=\"Minimum SNV Quality (Phred) 36\"\u003e\n+##contig=\u003cID=pBR322\u003e\n+##FILTER=\u003cID=min_snvqual_20,Description=\"Minimum SNV Quality (Phred) 20\"\u003e\n+##bcftools_concatVersion=1.21+htslib-1.21\n+##bcftools_concatCommand=concat -a -O z -o /galaxy/server/database/jobs_directory/000/124/tmp/lofreq2_call_parallel33hfzocn/concat.vcf.gz /galaxy/server/database/jobs_directory/000/124/tmp/lofreq2_call_parallel33hfzocn/0.vcf.gz /galaxy/server/database/jobs_directory/000/124/tmp/lofreq2_call_parallel33hfzocn/1.vcf.gz /galaxy/server/database/jobs_directory/000/124/tmp/lofreq2_call_parallel33hfzocn/2.vcf.gz /galaxy/server/database/jobs_directory/000/124/tmp/lofreq2_call_parallel33hfzocn/3.vcf.gz /galaxy/server/database/jobs_directory/000/124/tmp/lofreq2_call_parallel33hfzocn/4.vcf.gz; Date=Thu Nov 13 13:30:43 2025\n ##FILTER=\u003cID=min_dp_10,Description=\"Minimum Coverage 10\"\u003e\n ##FILTER=\u003cID=sb_fdr,Description=\"Strand-Bias Multiple Testing Correction: fdr corr. pvalue \u003e 0.001000\"\u003e\n ##FILTER=\u003cID=min_snvqual_38,Description=\"Minimum SNV Quality (Phred) 38\"\u003e\n ##FILTER=\u003cID=min_indelqual_20,Description=\"Minimum Indel Quality (Phred) 20\"\u003e\n #CHROM\tPOS\tID\tREF\tALT\tQUAL\tFILTER\tINFO\n-pBR322\t1134\t.\tC\tT\t49314\tPASS\tDP=1767;AF=1.000000;SB=0;DP4=0,0,910,857\n+pBR322\t1134\t.\tC\tT\t49314\tPASS\tDP=1767;AF=1;SB=0;DP4=0,0,910,857\n" ], "status": "failure", "test_index": 1, "time_seconds": 43.84295868873596, "tool_id": "lofreq_call", "tool_version": "2.1.5+galaxy3"}
                ]]></error>
            
            <system-out><![CDATA[
            INFO [2025-11-13 13:30:39,596]: Using 2 threads with following basic args: lofreq call --verbose --ref reference.fa --min-cov 1 --max-depth 1000000 --min-bq 6 --min-alt-bq 6 --min-mq 0 --max-mq 255 --min-jq 0 --min-alt-jq 0 --def-alt-jq 0 --sig 0.01 --bonf dynamic reads.bamINFO [2025-11-13 13:30:39,672]: Adding 5 commands to mp-poolChecking the headers and starting positions of 5 filesNumber of substitution tests performed: 66Number of indel tests performed: 0INFO [2025-11-13 13:30:43,259]: Executing lofreq filter -i /galaxy/server/database/jobs_directory/000/124/tmp/lofreq2_call_parallel33hfzocn/concat.vcf.gz -o variants.vcf --snvqual-thresh 38 --indelqual-thresh 20set_lofreq_standard
            ]]></system-out>
            <system-err><![CDATA[
            
            ]]></system-err>
        
    </testcase>
    
    <testcase classname="lofreq_call (Test #3)" name="2" time="49.43421673774719">
        
            
                <error type="error" message="Tool exit code: 0"><![CDATA[
                    { "inputs": {  "call_control|set_call_options": "yes",  "call_control|source_qual|use_src_qual|def_nm_q": "40",  "call_control|source_qual|use_src_qual|ign_vcf": {   "id": "42ae160ef77374fa",   "src": "hda"  },  "call_control|source_qual|use_src_qual|src_qual": "--src-qual",  "reads": {   "id": "7ff92f214ac52ea3",   "src": "hda"  },  "reference_source|ref": {   "id": "9cfefcfc439c8058",   "src": "hda"  },  "reference_source|ref_selector": "history" }, "job": {  "command_line": "ln -s \u0027/galaxy/server/database/objects/d/6/5/dataset_d65ec609-cadd-47ac-bc32-c4a92fe42fbc.dat\u0027 reference.fa \u0026\u0026 lofreq faidx reference.fa 2\u003e\u00261 || echo \"Error running samtools faidx for indexing fasta reference for lofreq\" \u003e\u00262 \u0026\u0026  ln -s \u0027/galaxy/server/database/objects/f/2/c/dataset_f2c53f40-f0cd-4920-8353-919b1c326dfd.dat\u0027 reads.bam \u0026\u0026 ln -s -f \u0027/galaxy/server/database/objects/_metadata_files/6/9/f/metadata_69f935fe-1eda-44d9-94c7-c324f54b55be.dat\u0027 reads.bam.bai \u0026\u0026 ln -s \u0027/galaxy/server/database/objects/d/e/b/dataset_deb0a420-f76f-48eb-bdcc-bb39d351ab05.dat\u0027 ign0.vcf \u0026\u0026   lofreq call-parallel --pp-threads ${GALAXY_SLOTS:-1} --verbose  --ref \u0027reference.fa\u0027 --out variants.vcf   --min-cov 1 --max-depth 1000000  --min-bq 6 --min-alt-bq 6    --min-mq 0 --max-mq 255 --src-qual --ign-vcf \u0027ign0.vcf\u0027 --def-nm-q 40 --min-jq 0 --min-alt-jq 0 --def-alt-jq 0  --sig 0.01 --bonf dynamic   reads.bam 2\u003e\u00261  || (tool_exit_code=$? \u0026\u0026 cat \"$TMPDIR\"/lofreq2_call_parallel*/*.log 1\u003e\u00262 \u0026\u0026 exit $tool_exit_code)  \u0026\u0026 echo set_lofreq_standard",  "command_version": "2.1.5",  "copied_from_job_id": null,  "create_time": "2025-11-13T13:31:26.305689",  "dependencies": [],  "exit_code": 0,  "external_id": "gxy-qp5r6",  "galaxy_version": "24.1",  "handler": null,  "history_id": "029ce73937c227bd",  "id": "0e90c7aebbe3612e",  "inputs": {   "call_control|source_qual|use_src_qual|ign_vcf": {    "id": "42ae160ef77374fa",    "src": "hda",    "uuid": "deb0a420-f76f-48eb-bdcc-bb39d351ab05"   },   "call_control|source_qual|use_src_qual|ign_vcf1": {    "id": "42ae160ef77374fa",    "src": "hda",    "uuid": "deb0a420-f76f-48eb-bdcc-bb39d351ab05"   },   "reads": {    "id": "7ff92f214ac52ea3",    "src": "hda",    "uuid": "f2c53f40-f0cd-4920-8353-919b1c326dfd"   },   "reference_source|ref": {    "id": "9cfefcfc439c8058",    "src": "hda",    "uuid": "d65ec609-cadd-47ac-bc32-c4a92fe42fbc"   }  },  "job_messages": [],  "job_metrics": [   {    "name": "runtime_seconds",    "plugin": "core",    "raw_value": "4.0000000",    "title": "Job Runtime (Wall Clock)",    "value": "4 seconds"   },   {    "name": "end_epoch",    "plugin": "core",    "raw_value": "1763040692.0000000",    "title": "Job End Time",    "value": "2025-11-13 13:31:32"   },   {    "name": "start_epoch",    "plugin": "core",    "raw_value": "1763040688.0000000",    "title": "Job Start Time",    "value": "2025-11-13 13:31:28"   },   {    "name": "galaxy_memory_mb",    "plugin": "core",    "raw_value": "8589.0000000",    "title": "Memory Allocated (MB)",    "value": "8589"   },   {    "name": "galaxy_slots",    "plugin": "core",    "raw_value": "2.0000000",    "title": "Cores Allocated",    "value": "2"   }  ],  "job_runner_name": null,  "job_stderr": "",  "job_stdout": "",  "model_class": "Job",  "output_collections": {},  "outputs": {   "variants": {    "id": "a86a4e71809ee7b3",    "src": "hda",    "uuid": "fa419ce5-21af-42e5-a2c3-c1e4ee7f37bc"   }  },  "params": {   "__input_ext": "\"input\"",   "call_control": "{\"__current_case__\": 1, \"align_quals\": {\"alnqual\": {\"__current_case__\": 0, \"alnqual_choice\": {\"__current_case__\": 1, \"alnquals_to_use\": \"\", \"extended_baq\": true}, \"use_alnqual\": \"\"}}, \"bc_quals\": {\"alt_bq\": {\"__current_case__\": 0, \"modify\": \"\"}, \"min_alt_bq\": \"6\", \"min_bq\": \"6\"}, \"coverage\": {\"max_depth\": \"1000000\", \"min_cov\": \"1\"}, \"joint_qual\": {\"def_alt_jq\": \"0\", \"min_alt_jq\": \"0\", \"min_jq\": \"0\"}, \"map_quals\": {\"min_mq\": \"0\", \"use_mq\": {\"__current_case__\": 0, \"max_mq\": \"255\", \"no_mq\": \"\"}}, \"pe\": {\"use_orphan\": false}, \"set_call_options\": \"yes\", \"source_qual\": {\"use_src_qual\": {\"__current_case__\": 1, \"def_nm_q\": \"40\", \"ign_vcf\": {\"values\": [{\"id\": 156, \"src\": \"hda\"}]}, \"src_qual\": \"--src-qual\"}}}",   "chromInfo": "\"/cvmfs/data.galaxyproject.org/managed/len/ucsc/?.len\"",   "dbkey": "\"?\"",   "filter_control": "{\"__current_case__\": 2, \"bonf\": \"dynamic\", \"filter_type\": \"set_lofreq_standard\", \"others\": \"\", \"sig\": \"0.01\"}",   "reference_source": "{\"__current_case__\": 1, \"ref\": {\"values\": [{\"id\": 155, \"src\": \"hda\"}]}, \"ref_selector\": \"history\"}",   "regions": "{\"__current_case__\": 0, \"restrict_to_region\": \"genome\"}",   "variant_types": "\"\""  },  "state": "ok",  "stderr": "",  "stdout": "INFO [2025-11-13 13:31:28,676]: Using 2 threads with following basic args: lofreq call --verbose --ref reference.fa --min-cov 1 --max-depth 1000000 --min-bq 6 --min-alt-bq 6 --min-mq 0 --max-mq 255 --src-qual --ign-vcf ign0.vcf --def-nm-q 40 --min-jq 0 --min-alt-jq 0 --def-alt-jq 0 --sig 0.01 --bonf dynamic reads.bam\n\nINFO [2025-11-13 13:31:28,972]: Adding 5 commands to mp-pool\nChecking the headers and starting positions of 5 files\nNumber of substitution tests performed: 66\nNumber of indel tests performed: 0\nINFO [2025-11-13 13:31:32,876]: Executing lofreq filter -i /galaxy/server/database/jobs_directory/000/128/tmp/lofreq2_call_parallelwv0klaex/concat.vcf.gz -o variants.vcf --snvqual-thresh 38 --indelqual-thresh 20\n\nset_lofreq_standard\n",  "tool_id": "toolshed.g2.bx.psu.edu/repos/iuc/lofreq_call/lofreq_call/2.1.5+galaxy3",  "tool_stderr": "",  "tool_stdout": "INFO [2025-11-13 13:31:28,676]: Using 2 threads with following basic args: lofreq call --verbose --ref reference.fa --min-cov 1 --max-depth 1000000 --min-bq 6 --min-alt-bq 6 --min-mq 0 --max-mq 255 --src-qual --ign-vcf ign0.vcf --def-nm-q 40 --min-jq 0 --min-alt-jq 0 --def-alt-jq 0 --sig 0.01 --bonf dynamic reads.bam\n\nINFO [2025-11-13 13:31:28,972]: Adding 5 commands to mp-pool\nChecking the headers and starting positions of 5 files\nNumber of substitution tests performed: 66\nNumber of indel tests performed: 0\nINFO [2025-11-13 13:31:32,876]: Executing lofreq filter -i /galaxy/server/database/jobs_directory/000/128/tmp/lofreq2_call_parallelwv0klaex/concat.vcf.gz -o variants.vcf --snvqual-thresh 38 --indelqual-thresh 20\n\nset_lofreq_standard\n",  "update_time": "2025-11-13T13:31:45.844999",  "user_email": "tests@fake.org" }, "output_problems": [  "Output variants:  different than expected, difference (using diff):\n( /tmp/tmpthyjedkqcall-out1.vcf v. /tmp/tmpmq5gzavxcall-out1.vcf )\n--- local_file\n+++ history_data\n@@ -1,6 +1,7 @@\n ##fileformat=VCFv4.0\n-##fileDate=20200615\n-##source=lofreq call --verbose --ref reference.fa --sig 1 --bonf 1 --no-default-filter --no-default-filter -r pBR322:1-2180 -o /tmp/tmpe0171355/job_working_directory/000/28/working/pp-tmp/lofreq2_call_parallell2yprl2k/0.vcf.gz reads.bam \n+##FILTER=\u003cID=PASS,Description=\"All filters passed\"\u003e\n+##fileDate=20251113\n+##source=lofreq call --verbose --ref reference.fa --min-cov 1 --max-depth 1000000 --min-bq 6 --min-alt-bq 6 --min-mq 0 --max-mq 255 --src-qual --ign-vcf ign0.vcf --def-nm-q 40 --min-jq 0 --min-alt-jq 0 --def-alt-jq 0 --sig 0.01 --bonf dynamic --no-default-filter -r pBR322:1-1090 -o /galaxy/server/database/jobs_directory/000/128/tmp/lofreq2_call_parallelwv0klaex/0.vcf.gz reads.bam \n ##reference=reference.fa\n ##INFO=\u003cID=DP,Number=1,Type=Integer,Description=\"Raw Depth\"\u003e\n ##INFO=\u003cID=AF,Number=1,Type=Float,Description=\"Allele Frequency\"\u003e\n@@ -9,11 +10,16 @@\n ##INFO=\u003cID=INDEL,Number=0,Type=Flag,Description=\"Indicates that the variant is an INDEL.\"\u003e\n ##INFO=\u003cID=CONSVAR,Number=0,Type=Flag,Description=\"Indicates that the variant is a consensus variant (as opposed to a low frequency variant).\"\u003e\n ##INFO=\u003cID=HRUN,Number=1,Type=Integer,Description=\"Homopolymer length to the right of report indel position\"\u003e\n-##FILTER=\u003cID=min_snvqual_38,Description=\"Minimum SNV Quality (Phred) 38\"\u003e\n+##FILTER=\u003cID=min_snvqual_33,Description=\"Minimum SNV Quality (Phred) 33\"\u003e\n ##FILTER=\u003cID=min_indelqual_20,Description=\"Minimum Indel Quality (Phred) 20\"\u003e\n+##FILTER=\u003cID=min_snvqual_36,Description=\"Minimum SNV Quality (Phred) 36\"\u003e\n+##contig=\u003cID=pBR322\u003e\n+##FILTER=\u003cID=min_snvqual_20,Description=\"Minimum SNV Quality (Phred) 20\"\u003e\n+##bcftools_concatVersion=1.21+htslib-1.21\n+##bcftools_concatCommand=concat -a -O z -o /galaxy/server/database/jobs_directory/000/128/tmp/lofreq2_call_parallelwv0klaex/concat.vcf.gz /galaxy/server/database/jobs_directory/000/128/tmp/lofreq2_call_parallelwv0klaex/0.vcf.gz /galaxy/server/database/jobs_directory/000/128/tmp/lofreq2_call_parallelwv0klaex/1.vcf.gz /galaxy/server/database/jobs_directory/000/128/tmp/lofreq2_call_parallelwv0klaex/2.vcf.gz /galaxy/server/database/jobs_directory/000/128/tmp/lofreq2_call_parallelwv0klaex/3.vcf.gz /galaxy/server/database/jobs_directory/000/128/tmp/lofreq2_call_parallelwv0klaex/4.vcf.gz; Date=Thu Nov 13 13:31:32 2025\n ##FILTER=\u003cID=min_dp_10,Description=\"Minimum Coverage 10\"\u003e\n ##FILTER=\u003cID=sb_fdr,Description=\"Strand-Bias Multiple Testing Correction: fdr corr. pvalue \u003e 0.001000\"\u003e\n ##FILTER=\u003cID=min_snvqual_38,Description=\"Minimum SNV Quality (Phred) 38\"\u003e\n ##FILTER=\u003cID=min_indelqual_20,Description=\"Minimum Indel Quality (Phred) 20\"\u003e\n #CHROM\tPOS\tID\tREF\tALT\tQUAL\tFILTER\tINFO\n-pBR322\t1134\t.\tC\tT\t49314\tPASS\tDP=1767;AF=1.000000;SB=0;DP4=0,0,910,857\n+pBR322\t1134\t.\tC\tT\t49314\tPASS\tDP=1767;AF=1;SB=0;DP4=0,0,910,857\n" ], "status": "failure", "test_index": 2, "time_seconds": 49.43421673774719, "tool_id": "lofreq_call", "tool_version": "2.1.5+galaxy3"}
                ]]></error>
            
            <system-out><![CDATA[
            INFO [2025-11-13 13:31:28,676]: Using 2 threads with following basic args: lofreq call --verbose --ref reference.fa --min-cov 1 --max-depth 1000000 --min-bq 6 --min-alt-bq 6 --min-mq 0 --max-mq 255 --src-qual --ign-vcf ign0.vcf --def-nm-q 40 --min-jq 0 --min-alt-jq 0 --def-alt-jq 0 --sig 0.01 --bonf dynamic reads.bamINFO [2025-11-13 13:31:28,972]: Adding 5 commands to mp-poolChecking the headers and starting positions of 5 filesNumber of substitution tests performed: 66Number of indel tests performed: 0INFO [2025-11-13 13:31:32,876]: Executing lofreq filter -i /galaxy/server/database/jobs_directory/000/128/tmp/lofreq2_call_parallelwv0klaex/concat.vcf.gz -o variants.vcf --snvqual-thresh 38 --indelqual-thresh 20set_lofreq_standard
            ]]></system-out>
            <system-err><![CDATA[
            
            ]]></system-err>
        
    </testcase>
    
    <testcase classname="lofreq_call (Test #4)" name="3" time="43.39720606803894">
        
            
                <error type="error" message="Tool exit code: 0"><![CDATA[
                    { "inputs": {  "filter_control|filter_type": "set_all_off",  "reads": {   "id": "cb7eb82b46be6c2b",   "src": "hda"  },  "reference_source|ref": {   "id": "2a308c0c3bb1f953",   "src": "hda"  },  "reference_source|ref_selector": "history" }, "job": {  "command_line": "ln -s \u0027/galaxy/server/database/objects/c/0/d/dataset_c0d89c4f-81d3-4944-9b40-babf67466f1b.dat\u0027 reference.fa \u0026\u0026 lofreq faidx reference.fa 2\u003e\u00261 || echo \"Error running samtools faidx for indexing fasta reference for lofreq\" \u003e\u00262 \u0026\u0026  ln -s \u0027/galaxy/server/database/objects/5/f/2/dataset_5f22ff91-1aba-44fa-b758-824514c696f5.dat\u0027 reads.bam \u0026\u0026 ln -s -f \u0027/galaxy/server/database/objects/_metadata_files/9/1/9/metadata_9191225f-4b8d-4a6f-8ea5-f457441ce078.dat\u0027 reads.bam.bai \u0026\u0026   lofreq call-parallel --pp-threads ${GALAXY_SLOTS:-1} --verbose  --ref \u0027reference.fa\u0027 --out variants.vcf    --sig 1 --bonf 1 --no-default-filter  reads.bam 2\u003e\u00261  || (tool_exit_code=$? \u0026\u0026 cat \"$TMPDIR\"/lofreq2_call_parallel*/*.log 1\u003e\u00262 \u0026\u0026 exit $tool_exit_code)  \u0026\u0026 ln -s variants.vcf variants.vcf.gz \u0026\u0026 gzip -df variants.vcf.gz \u0026\u0026 echo set_all_off",  "command_version": "2.1.5",  "copied_from_job_id": null,  "create_time": "2025-11-13T13:32:11.432726",  "dependencies": [],  "exit_code": 0,  "external_id": "gxy-zr6gr",  "galaxy_version": "24.1",  "handler": null,  "history_id": "029ce73937c227bd",  "id": "41dc866ef6515622",  "inputs": {   "reads": {    "id": "cb7eb82b46be6c2b",    "src": "hda",    "uuid": "5f22ff91-1aba-44fa-b758-824514c696f5"   },   "reference_source|ref": {    "id": "2a308c0c3bb1f953",    "src": "hda",    "uuid": "c0d89c4f-81d3-4944-9b40-babf67466f1b"   }  },  "job_messages": [],  "job_metrics": [   {    "name": "runtime_seconds",    "plugin": "core",    "raw_value": "4.0000000",    "title": "Job Runtime (Wall Clock)",    "value": "4 seconds"   },   {    "name": "end_epoch",    "plugin": "core",    "raw_value": "1763040737.0000000",    "title": "Job End Time",    "value": "2025-11-13 13:32:17"   },   {    "name": "start_epoch",    "plugin": "core",    "raw_value": "1763040733.0000000",    "title": "Job Start Time",    "value": "2025-11-13 13:32:13"   },   {    "name": "galaxy_memory_mb",    "plugin": "core",    "raw_value": "8589.0000000",    "title": "Memory Allocated (MB)",    "value": "8589"   },   {    "name": "galaxy_slots",    "plugin": "core",    "raw_value": "2.0000000",    "title": "Cores Allocated",    "value": "2"   }  ],  "job_runner_name": null,  "job_stderr": "",  "job_stdout": "",  "model_class": "Job",  "output_collections": {},  "outputs": {   "variants": {    "id": "a42e6fada9b03725",    "src": "hda",    "uuid": "572c41ed-9f2d-43a5-88e1-50aa7a5d53de"   }  },  "params": {   "__input_ext": "\"input\"",   "call_control": "{\"__current_case__\": 0, \"set_call_options\": \"no\"}",   "chromInfo": "\"/cvmfs/data.galaxyproject.org/managed/len/ucsc/?.len\"",   "dbkey": "\"?\"",   "filter_control": "{\"__current_case__\": 0, \"bonf\": \"1\", \"filter_type\": \"set_all_off\", \"others\": \"--no-default-filter\", \"sig\": \"1\"}",   "reference_source": "{\"__current_case__\": 1, \"ref\": {\"values\": [{\"id\": 159, \"src\": \"hda\"}]}, \"ref_selector\": \"history\"}",   "regions": "{\"__current_case__\": 0, \"restrict_to_region\": \"genome\"}",   "variant_types": "\"\""  },  "state": "ok",  "stderr": "",  "stdout": "INFO [2025-11-13 13:32:14,016]: Using 2 threads with following basic args: lofreq call --verbose --ref reference.fa --sig 1 --bonf 1 --no-default-filter reads.bam\n\nINFO [2025-11-13 13:32:14,335]: Adding 5 commands to mp-pool\nChecking the headers and starting positions of 5 files\nNumber of substitution tests performed: 66\nNumber of indel tests performed: 0\nINFO [2025-11-13 13:32:17,168]: Copying concatenated vcf file to final destination\nset_all_off\n",  "tool_id": "toolshed.g2.bx.psu.edu/repos/iuc/lofreq_call/lofreq_call/2.1.5+galaxy3",  "tool_stderr": "",  "tool_stdout": "INFO [2025-11-13 13:32:14,016]: Using 2 threads with following basic args: lofreq call --verbose --ref reference.fa --sig 1 --bonf 1 --no-default-filter reads.bam\n\nINFO [2025-11-13 13:32:14,335]: Adding 5 commands to mp-pool\nChecking the headers and starting positions of 5 files\nNumber of substitution tests performed: 66\nNumber of indel tests performed: 0\nINFO [2025-11-13 13:32:17,168]: Copying concatenated vcf file to final destination\nset_all_off\n",  "update_time": "2025-11-13T13:32:29.637595",  "user_email": "tests@fake.org" }, "output_problems": [  "Output variants:  different than expected, difference (using diff):\n( /tmp/tmpmkjjfobicall-out2.vcf v. /tmp/tmpbvuga9jpcall-out2.vcf )\n--- local_file\n+++ history_data\n@@ -1,6 +1,7 @@\n ##fileformat=VCFv4.0\n-##fileDate=20200615\n-##source=lofreq call --verbose --ref reference.fa --sig 1 --bonf 1 --no-default-filter --no-default-filter -r pBR322:1-2180 -o /tmp/tmp265htsdc/job_working_directory/000/28/working/pp-tmp/lofreq2_call_parallelg3dmyvln/0.vcf.gz reads.bam \n+##FILTER=\u003cID=PASS,Description=\"All filters passed\"\u003e\n+##fileDate=20251113\n+##source=lofreq call --verbose --ref reference.fa --sig 1 --bonf 1 --no-default-filter --no-default-filter -r pBR322:1-1090 -o /galaxy/server/database/jobs_directory/000/131/tmp/lofreq2_call_parallelis_hhpru/0.vcf.gz reads.bam \n ##reference=reference.fa\n ##INFO=\u003cID=DP,Number=1,Type=Integer,Description=\"Raw Depth\"\u003e\n ##INFO=\u003cID=AF,Number=1,Type=Float,Description=\"Allele Frequency\"\u003e\n@@ -9,6 +10,9 @@\n ##INFO=\u003cID=INDEL,Number=0,Type=Flag,Description=\"Indicates that the variant is an INDEL.\"\u003e\n ##INFO=\u003cID=CONSVAR,Number=0,Type=Flag,Description=\"Indicates that the variant is a consensus variant (as opposed to a low frequency variant).\"\u003e\n ##INFO=\u003cID=HRUN,Number=1,Type=Integer,Description=\"Homopolymer length to the right of report indel position\"\u003e\n+##contig=\u003cID=pBR322\u003e\n+##bcftools_concatVersion=1.21+htslib-1.21\n+##bcftools_concatCommand=concat -a -O z -o /galaxy/server/database/jobs_directory/000/131/tmp/lofreq2_call_parallelis_hhpru/concat.vcf.gz /galaxy/server/database/jobs_directory/000/131/tmp/lofreq2_call_parallelis_hhpru/0.vcf.gz /galaxy/server/database/jobs_directory/000/131/tmp/lofreq2_call_parallelis_hhpru/1.vcf.gz /galaxy/server/database/jobs_directory/000/131/tmp/lofreq2_call_parallelis_hhpru/2.vcf.gz /galaxy/server/database/jobs_directory/000/131/tmp/lofreq2_call_parallelis_hhpru/3.vcf.gz /galaxy/server/database/jobs_directory/000/131/tmp/lofreq2_call_parallelis_hhpru/4.vcf.gz; Date=Thu Nov 13 13:32:16 2025\n #CHROM\tPOS\tID\tREF\tALT\tQUAL\tFILTER\tINFO\n pBR322\t815\t.\tA\tG\t0\t.\tDP=665;AF=0.003008;SB=6;DP4=333,311,0,2\n pBR322\t861\t.\tA\tC\t0\t.\tDP=946;AF=0.002114;SB=3;DP4=447,497,0,2\n@@ -17,11 +21,11 @@\n pBR322\t1068\t.\tT\tG\t0\t.\tDP=1774;AF=0.000564;SB=3;DP4=853,920,1,0\n pBR322\t1084\t.\tG\tT\t0\t.\tDP=1789;AF=0.000559;SB=3;DP4=875,913,1,0\n pBR322\t1113\t.\tT\tA\t0\t.\tDP=1784;AF=0.000561;SB=0;DP4=885,898,0,1\n-pBR322\t1134\t.\tC\tT\t49314\t.\tDP=1767;AF=1.000000;SB=0;DP4=0,0,910,857\n+pBR322\t1134\t.\tC\tT\t49314\t.\tDP=1767;AF=1;SB=0;DP4=0,0,910,857\n pBR322\t1193\t.\tG\tA\t0\t.\tDP=1698;AF=0.000589;SB=3;DP4=865,832,0,1\n pBR322\t1218\t.\tA\tC\t0\t.\tDP=1708;AF=0.000585;SB=3;DP4=875,831,0,1\n pBR322\t1230\t.\tT\tC\t0\t.\tDP=1759;AF=0.000569;SB=3;DP4=907,850,0,1\n pBR322\t1256\t.\tA\tG\t0\t.\tDP=1746;AF=0.000573;SB=0;DP4=902,842,1,0\n pBR322\t1498\t.\tC\tG\t0\t.\tDP=1195;AF=0.000837;SB=3;DP4=588,606,1,0\n pBR322\t1503\t.\tT\tG\t0\t.\tDP=1156;AF=0.000865;SB=3;DP4=563,592,1,0\n-pBR322\t1505\t.\tG\tA\t0\t.\tDP=1137;AF=0.000880;SB=0;DP4=560,576,0,1\n+pBR322\t1505\t.\tG\tA\t0\t.\tDP=1137;AF=0.00088;SB=0;DP4=560,576,0,1\n" ], "status": "failure", "test_index": 3, "time_seconds": 43.39720606803894, "tool_id": "lofreq_call", "tool_version": "2.1.5+galaxy3"}
                ]]></error>
            
            <system-out><![CDATA[
            INFO [2025-11-13 13:32:14,016]: Using 2 threads with following basic args: lofreq call --verbose --ref reference.fa --sig 1 --bonf 1 --no-default-filter reads.bamINFO [2025-11-13 13:32:14,335]: Adding 5 commands to mp-poolChecking the headers and starting positions of 5 filesNumber of substitution tests performed: 66Number of indel tests performed: 0INFO [2025-11-13 13:32:17,168]: Copying concatenated vcf file to final destinationset_all_off
            ]]></system-out>
            <system-err><![CDATA[
            
            ]]></system-err>
        
    </testcase>
    
    <testcase classname="lofreq_call (Test #5)" name="4" time="45.00200533866882">
        
            
                <error type="error" message="Tool exit code: 0"><![CDATA[
                    { "inputs": {  "filter_control|filter_type": "set_all_off",  "reads": {   "id": "f3f3cdbb2a3c9a4f",   "src": "hda"  },  "reference_source|ref": {   "id": "17568d959efc2f48",   "src": "hda"  },  "reference_source|ref_selector": "history",  "variant_types": "--call-indels --only-indels" }, "job": {  "command_line": "ln -s \u0027/galaxy/server/database/objects/c/f/0/dataset_cf0b893a-b69b-4522-a314-691f11d598dc.dat\u0027 reference.fa \u0026\u0026 lofreq faidx reference.fa 2\u003e\u00261 || echo \"Error running samtools faidx for indexing fasta reference for lofreq\" \u003e\u00262 \u0026\u0026  ln -s \u0027/galaxy/server/database/objects/8/2/d/dataset_82dae2e8-faaf-4686-8afd-4a9094a38c2d.dat\u0027 reads.bam \u0026\u0026 ln -s -f \u0027/galaxy/server/database/objects/_metadata_files/a/2/b/metadata_a2b79dad-71a3-43f1-8b42-d0bc0b589d12.dat\u0027 reads.bam.bai \u0026\u0026   lofreq call-parallel --pp-threads ${GALAXY_SLOTS:-1} --verbose  --ref \u0027reference.fa\u0027 --out variants.vcf --call-indels --only-indels    --sig 1 --bonf 1 --no-default-filter  reads.bam 2\u003e\u00261  || (tool_exit_code=$? \u0026\u0026 cat \"$TMPDIR\"/lofreq2_call_parallel*/*.log 1\u003e\u00262 \u0026\u0026 exit $tool_exit_code)  \u0026\u0026 ln -s variants.vcf variants.vcf.gz \u0026\u0026 gzip -df variants.vcf.gz \u0026\u0026 echo set_all_off",  "command_version": "2.1.5",  "copied_from_job_id": null,  "create_time": "2025-11-13T13:32:54.941961",  "dependencies": [],  "exit_code": 0,  "external_id": "gxy-5zs8s",  "galaxy_version": "24.1",  "handler": null,  "history_id": "029ce73937c227bd",  "id": "46d6097fd6fc1469",  "inputs": {   "reads": {    "id": "f3f3cdbb2a3c9a4f",    "src": "hda",    "uuid": "82dae2e8-faaf-4686-8afd-4a9094a38c2d"   },   "reference_source|ref": {    "id": "17568d959efc2f48",    "src": "hda",    "uuid": "cf0b893a-b69b-4522-a314-691f11d598dc"   }  },  "job_messages": [],  "job_metrics": [   {    "name": "runtime_seconds",    "plugin": "core",    "raw_value": "4.0000000",    "title": "Job Runtime (Wall Clock)",    "value": "4 seconds"   },   {    "name": "end_epoch",    "plugin": "core",    "raw_value": "1763040781.0000000",    "title": "Job End Time",    "value": "2025-11-13 13:33:01"   },   {    "name": "start_epoch",    "plugin": "core",    "raw_value": "1763040777.0000000",    "title": "Job Start Time",    "value": "2025-11-13 13:32:57"   },   {    "name": "galaxy_memory_mb",    "plugin": "core",    "raw_value": "8589.0000000",    "title": "Memory Allocated (MB)",    "value": "8589"   },   {    "name": "galaxy_slots",    "plugin": "core",    "raw_value": "2.0000000",    "title": "Cores Allocated",    "value": "2"   }  ],  "job_runner_name": null,  "job_stderr": "",  "job_stdout": "",  "model_class": "Job",  "output_collections": {},  "outputs": {   "variants": {    "id": "260b267dc8ce2db6",    "src": "hda",    "uuid": "84cbf932-8a35-4578-a2a4-8b20fafbe858"   }  },  "params": {   "__input_ext": "\"input\"",   "call_control": "{\"__current_case__\": 0, \"set_call_options\": \"no\"}",   "chromInfo": "\"/cvmfs/data.galaxyproject.org/managed/len/ucsc/?.len\"",   "dbkey": "\"?\"",   "filter_control": "{\"__current_case__\": 0, \"bonf\": \"1\", \"filter_type\": \"set_all_off\", \"others\": \"--no-default-filter\", \"sig\": \"1\"}",   "reference_source": "{\"__current_case__\": 1, \"ref\": {\"values\": [{\"id\": 162, \"src\": \"hda\"}]}, \"ref_selector\": \"history\"}",   "regions": "{\"__current_case__\": 0, \"restrict_to_region\": \"genome\"}",   "variant_types": "\"--call-indels --only-indels\""  },  "state": "ok",  "stderr": "",  "stdout": "INFO [2025-11-13 13:32:57,637]: Using 2 threads with following basic args: lofreq call --verbose --ref reference.fa --call-indels --only-indels --sig 1 --bonf 1 --no-default-filter reads.bam\n\nINFO [2025-11-13 13:32:57,674]: Adding 5 commands to mp-pool\nChecking the headers and starting positions of 5 files\nNumber of substitution tests performed: 0\nNumber of indel tests performed: 9\nINFO [2025-11-13 13:33:01,880]: Copying concatenated vcf file to final destination\nset_all_off\n",  "tool_id": "toolshed.g2.bx.psu.edu/repos/iuc/lofreq_call/lofreq_call/2.1.5+galaxy3",  "tool_stderr": "",  "tool_stdout": "INFO [2025-11-13 13:32:57,637]: Using 2 threads with following basic args: lofreq call --verbose --ref reference.fa --call-indels --only-indels --sig 1 --bonf 1 --no-default-filter reads.bam\n\nINFO [2025-11-13 13:32:57,674]: Adding 5 commands to mp-pool\nChecking the headers and starting positions of 5 files\nNumber of substitution tests performed: 0\nNumber of indel tests performed: 9\nINFO [2025-11-13 13:33:01,880]: Copying concatenated vcf file to final destination\nset_all_off\n",  "update_time": "2025-11-13T13:33:14.618554",  "user_email": "tests@fake.org" }, "output_problems": [  "Output variants:  different than expected, difference (using diff):\n( /tmp/tmpzk3y3lgbindel-call-out.vcf v. /tmp/tmp4ylft9i1indel-call-out.vcf )\n--- local_file\n+++ history_data\n@@ -1,6 +1,7 @@\n ##fileformat=VCFv4.0\n-##fileDate=20200615\n-##source=lofreq call --verbose --ref reference.fa --call-indels --only-indels --sig 1 --bonf 1 --no-default-filter --no-default-filter -r pBR322:1-2180 -o /tmp/tmp265htsdc/job_working_directory/000/31/working/pp-tmp/lofreq2_call_parallel4gfado3q/0.vcf.gz reads.bam \n+##FILTER=\u003cID=PASS,Description=\"All filters passed\"\u003e\n+##fileDate=20251113\n+##source=lofreq call --verbose --ref reference.fa --call-indels --only-indels --sig 1 --bonf 1 --no-default-filter --no-default-filter -r pBR322:1-1090 -o /galaxy/server/database/jobs_directory/000/134/tmp/lofreq2_call_parallely2e2fjho/0.vcf.gz reads.bam \n ##reference=reference.fa\n ##INFO=\u003cID=DP,Number=1,Type=Integer,Description=\"Raw Depth\"\u003e\n ##INFO=\u003cID=AF,Number=1,Type=Float,Description=\"Allele Frequency\"\u003e\n@@ -9,13 +10,16 @@\n ##INFO=\u003cID=INDEL,Number=0,Type=Flag,Description=\"Indicates that the variant is an INDEL.\"\u003e\n ##INFO=\u003cID=CONSVAR,Number=0,Type=Flag,Description=\"Indicates that the variant is a consensus variant (as opposed to a low frequency variant).\"\u003e\n ##INFO=\u003cID=HRUN,Number=1,Type=Integer,Description=\"Homopolymer length to the right of report indel position\"\u003e\n+##contig=\u003cID=pBR322\u003e\n+##bcftools_concatVersion=1.21+htslib-1.21\n+##bcftools_concatCommand=concat -a -O z -o /galaxy/server/database/jobs_directory/000/134/tmp/lofreq2_call_parallely2e2fjho/concat.vcf.gz /galaxy/server/database/jobs_directory/000/134/tmp/lofreq2_call_parallely2e2fjho/0.vcf.gz /galaxy/server/database/jobs_directory/000/134/tmp/lofreq2_call_parallely2e2fjho/1.vcf.gz /galaxy/server/database/jobs_directory/000/134/tmp/lofreq2_call_parallely2e2fjho/2.vcf.gz /galaxy/server/database/jobs_directory/000/134/tmp/lofreq2_call_parallely2e2fjho/3.vcf.gz /galaxy/server/database/jobs_directory/000/134/tmp/lofreq2_call_parallely2e2fjho/4.vcf.gz; Date=Thu Nov 13 13:33:01 2025\n #CHROM\tPOS\tID\tREF\tALT\tQUAL\tFILTER\tINFO\n pBR322\t725\t.\tG\tGN\t0\t.\tDP=46;AF=0.021739;SB=0;DP4=22,23,0,1;INDEL;HRUN=1\n pBR322\t746\t.\tA\tAN\t0\t.\tDP=225;AF=0.004444;SB=3;DP4=116,108,0,1;INDEL;HRUN=1\n pBR322\t747\t.\tT\tTN\t0\t.\tDP=230;AF=0.004348;SB=3;DP4=118,111,0,1;INDEL;HRUN=1\n pBR322\t751\t.\tG\tGN\t0\t.\tDP=255;AF=0.003922;SB=3;DP4=128,126,0,1;INDEL;HRUN=1\n-pBR322\t807\t.\tT\tTN\t0\t.\tDP=606;AF=0.001650;SB=0;DP4=300,305,0,1;INDEL;HRUN=3\n+pBR322\t807\t.\tT\tTN\t0\t.\tDP=606;AF=0.00165;SB=0;DP4=300,305,0,1;INDEL;HRUN=3\n pBR322\t943\t.\tC\tCCG\t0\t.\tDP=1465;AF=0.000683;SB=0;DP4=709,755,0,1;INDEL;HRUN=1\n-pBR322\t1152\t.\tC\tCN\t0\t.\tDP=1754;AF=0.000570;SB=0;DP4=926,830,1,0;INDEL;HRUN=2\n+pBR322\t1152\t.\tC\tCN\t0\t.\tDP=1754;AF=0.00057;SB=0;DP4=926,830,1,0;INDEL;HRUN=2\n pBR322\t1271\t.\tA\tAN\t0\t.\tDP=1743;AF=0.000574;SB=0;DP4=890,855,1,0;INDEL;HRUN=2\n pBR322\t1376\t.\tA\tANN\t0\t.\tDP=1691;AF=0.000591;SB=3;DP4=849,843,0,1;INDEL;HRUN=1\n" ], "status": "failure", "test_index": 4, "time_seconds": 45.00200533866882, "tool_id": "lofreq_call", "tool_version": "2.1.5+galaxy3"}
                ]]></error>
            
            <system-out><![CDATA[
            INFO [2025-11-13 13:32:57,637]: Using 2 threads with following basic args: lofreq call --verbose --ref reference.fa --call-indels --only-indels --sig 1 --bonf 1 --no-default-filter reads.bamINFO [2025-11-13 13:32:57,674]: Adding 5 commands to mp-poolChecking the headers and starting positions of 5 filesNumber of substitution tests performed: 0Number of indel tests performed: 9INFO [2025-11-13 13:33:01,880]: Copying concatenated vcf file to final destinationset_all_off
            ]]></system-out>
            <system-err><![CDATA[
            
            ]]></system-err>
        
    </testcase>
    
    <testcase classname="multiqc (Test #1)" name="0" time="37.06729507446289">
        
            <error type="error" message="Input staging problem: Traceback (most recent call last):
  File "/opt/hostedtoolcache/Python/3.12.12/x64/lib/python3.12/site-packages/galaxy/tool_util/verify/interactor.py", line 1436, in verify_tool
    stage_data_in_history(
  File "/opt/hostedtoolcache/Python/3.12.12/x64/lib/python3.12/site-packages/galaxy/tool_util/verify/interactor.py", line 175, in stage_data_in_history
    staging_interface.handle_jobs()
  File "/opt/hostedtoolcache/Python/3.12.12/x64/lib/python3.12/site-packages/galaxy/tool_util/verify/interactor.py", line 212, in handle_jobs
    self.galaxy_interactor.wait_for_job(job_response["id"], job_response["history_id"], self.maxseconds)
  File "/opt/hostedtoolcache/Python/3.12.12/x64/lib/python3.12/site-packages/galaxy/tool_util/verify/interactor.py", line 399, in wait_for_job
    self.wait_for(lambda: self.__job_ready(job_id, history_id), maxseconds=maxseconds)
  File "/opt/hostedtoolcache/Python/3.12.12/x64/lib/python3.12/site-packages/galaxy/tool_util/verify/interactor.py", line 403, in wait_for
    wait_on(func, what, walltime_exceeded)
  File "/opt/hostedtoolcache/Python/3.12.12/x64/lib/python3.12/site-packages/galaxy/tool_util/verify/wait.py", line 38, in wait_on
    value = function()
            ^^^^^^^^^^
  File "/opt/hostedtoolcache/Python/3.12.12/x64/lib/python3.12/site-packages/galaxy/tool_util/verify/interactor.py", line 399, in <lambda>
    self.wait_for(lambda: self.__job_ready(job_id, history_id), maxseconds=maxseconds)
                          ^^^^^^^^^^^^^^^^^^^^^^^^^^^^^^^^^^^^
  File "/opt/hostedtoolcache/Python/3.12.12/x64/lib/python3.12/site-packages/galaxy/tool_util/verify/interactor.py", line 749, in __job_ready
    return self._state_ready(job_id, error_msg="Job in error state.")
           ^^^^^^^^^^^^^^^^^^^^^^^^^^^^^^^^^^^^^^^^^^^^^^^^^^^^^^^^^^
  File "/opt/hostedtoolcache/Python/3.12.12/x64/lib/python3.12/site-packages/galaxy/tool_util/verify/interactor.py", line 841, in _state_ready
    raise Exception(
Exception: Job in error state.. tool_id: __DATA_FETCH__, exit_code: None, stderr: .
"><![CDATA[
                { "execution_problem": "Input staging problem: Traceback (most recent call last):\n  File \"/opt/hostedtoolcache/Python/3.12.12/x64/lib/python3.12/site-packages/galaxy/tool_util/verify/interactor.py\", line 1436, in verify_tool\n    stage_data_in_history(\n  File \"/opt/hostedtoolcache/Python/3.12.12/x64/lib/python3.12/site-packages/galaxy/tool_util/verify/interactor.py\", line 175, in stage_data_in_history\n    staging_interface.handle_jobs()\n  File \"/opt/hostedtoolcache/Python/3.12.12/x64/lib/python3.12/site-packages/galaxy/tool_util/verify/interactor.py\", line 212, in handle_jobs\n    self.galaxy_interactor.wait_for_job(job_response[\"id\"], job_response[\"history_id\"], self.maxseconds)\n  File \"/opt/hostedtoolcache/Python/3.12.12/x64/lib/python3.12/site-packages/galaxy/tool_util/verify/interactor.py\", line 399, in wait_for_job\n    self.wait_for(lambda: self.__job_ready(job_id, history_id), maxseconds=maxseconds)\n  File \"/opt/hostedtoolcache/Python/3.12.12/x64/lib/python3.12/site-packages/galaxy/tool_util/verify/interactor.py\", line 403, in wait_for\n    wait_on(func, what, walltime_exceeded)\n  File \"/opt/hostedtoolcache/Python/3.12.12/x64/lib/python3.12/site-packages/galaxy/tool_util/verify/wait.py\", line 38, in wait_on\n    value = function()\n            ^^^^^^^^^^\n  File \"/opt/hostedtoolcache/Python/3.12.12/x64/lib/python3.12/site-packages/galaxy/tool_util/verify/interactor.py\", line 399, in \u003clambda\u003e\n    self.wait_for(lambda: self.__job_ready(job_id, history_id), maxseconds=maxseconds)\n                          ^^^^^^^^^^^^^^^^^^^^^^^^^^^^^^^^^^^^\n  File \"/opt/hostedtoolcache/Python/3.12.12/x64/lib/python3.12/site-packages/galaxy/tool_util/verify/interactor.py\", line 749, in __job_ready\n    return self._state_ready(job_id, error_msg=\"Job in error state.\")\n           ^^^^^^^^^^^^^^^^^^^^^^^^^^^^^^^^^^^^^^^^^^^^^^^^^^^^^^^^^^\n  File \"/opt/hostedtoolcache/Python/3.12.12/x64/lib/python3.12/site-packages/galaxy/tool_util/verify/interactor.py\", line 841, in _state_ready\n    raise Exception(\nException: Job in error state.. tool_id: __DATA_FETCH__, exit_code: None, stderr: .\n", "status": "error", "test_index": 0, "time_seconds": 37.06729507446289, "tool_id": "multiqc", "tool_version": "1.9+galaxy1"}
            ]]></error>
        
    </testcase>
    
    <testcase classname="multiqc (Test #2)" name="1" time="71.9541118144989">
        
            <error type="error" message="Input staging problem: Traceback (most recent call last):
  File "/opt/hostedtoolcache/Python/3.12.12/x64/lib/python3.12/site-packages/galaxy/tool_util/verify/interactor.py", line 1436, in verify_tool
    stage_data_in_history(
  File "/opt/hostedtoolcache/Python/3.12.12/x64/lib/python3.12/site-packages/galaxy/tool_util/verify/interactor.py", line 175, in stage_data_in_history
    staging_interface.handle_jobs()
  File "/opt/hostedtoolcache/Python/3.12.12/x64/lib/python3.12/site-packages/galaxy/tool_util/verify/interactor.py", line 212, in handle_jobs
    self.galaxy_interactor.wait_for_job(job_response["id"], job_response["history_id"], self.maxseconds)
  File "/opt/hostedtoolcache/Python/3.12.12/x64/lib/python3.12/site-packages/galaxy/tool_util/verify/interactor.py", line 399, in wait_for_job
    self.wait_for(lambda: self.__job_ready(job_id, history_id), maxseconds=maxseconds)
  File "/opt/hostedtoolcache/Python/3.12.12/x64/lib/python3.12/site-packages/galaxy/tool_util/verify/interactor.py", line 403, in wait_for
    wait_on(func, what, walltime_exceeded)
  File "/opt/hostedtoolcache/Python/3.12.12/x64/lib/python3.12/site-packages/galaxy/tool_util/verify/wait.py", line 38, in wait_on
    value = function()
            ^^^^^^^^^^
  File "/opt/hostedtoolcache/Python/3.12.12/x64/lib/python3.12/site-packages/galaxy/tool_util/verify/interactor.py", line 399, in <lambda>
    self.wait_for(lambda: self.__job_ready(job_id, history_id), maxseconds=maxseconds)
                          ^^^^^^^^^^^^^^^^^^^^^^^^^^^^^^^^^^^^
  File "/opt/hostedtoolcache/Python/3.12.12/x64/lib/python3.12/site-packages/galaxy/tool_util/verify/interactor.py", line 749, in __job_ready
    return self._state_ready(job_id, error_msg="Job in error state.")
           ^^^^^^^^^^^^^^^^^^^^^^^^^^^^^^^^^^^^^^^^^^^^^^^^^^^^^^^^^^
  File "/opt/hostedtoolcache/Python/3.12.12/x64/lib/python3.12/site-packages/galaxy/tool_util/verify/interactor.py", line 841, in _state_ready
    raise Exception(
Exception: Job in error state.. tool_id: __DATA_FETCH__, exit_code: None, stderr: .
"><![CDATA[
                { "execution_problem": "Input staging problem: Traceback (most recent call last):\n  File \"/opt/hostedtoolcache/Python/3.12.12/x64/lib/python3.12/site-packages/galaxy/tool_util/verify/interactor.py\", line 1436, in verify_tool\n    stage_data_in_history(\n  File \"/opt/hostedtoolcache/Python/3.12.12/x64/lib/python3.12/site-packages/galaxy/tool_util/verify/interactor.py\", line 175, in stage_data_in_history\n    staging_interface.handle_jobs()\n  File \"/opt/hostedtoolcache/Python/3.12.12/x64/lib/python3.12/site-packages/galaxy/tool_util/verify/interactor.py\", line 212, in handle_jobs\n    self.galaxy_interactor.wait_for_job(job_response[\"id\"], job_response[\"history_id\"], self.maxseconds)\n  File \"/opt/hostedtoolcache/Python/3.12.12/x64/lib/python3.12/site-packages/galaxy/tool_util/verify/interactor.py\", line 399, in wait_for_job\n    self.wait_for(lambda: self.__job_ready(job_id, history_id), maxseconds=maxseconds)\n  File \"/opt/hostedtoolcache/Python/3.12.12/x64/lib/python3.12/site-packages/galaxy/tool_util/verify/interactor.py\", line 403, in wait_for\n    wait_on(func, what, walltime_exceeded)\n  File \"/opt/hostedtoolcache/Python/3.12.12/x64/lib/python3.12/site-packages/galaxy/tool_util/verify/wait.py\", line 38, in wait_on\n    value = function()\n            ^^^^^^^^^^\n  File \"/opt/hostedtoolcache/Python/3.12.12/x64/lib/python3.12/site-packages/galaxy/tool_util/verify/interactor.py\", line 399, in \u003clambda\u003e\n    self.wait_for(lambda: self.__job_ready(job_id, history_id), maxseconds=maxseconds)\n                          ^^^^^^^^^^^^^^^^^^^^^^^^^^^^^^^^^^^^\n  File \"/opt/hostedtoolcache/Python/3.12.12/x64/lib/python3.12/site-packages/galaxy/tool_util/verify/interactor.py\", line 749, in __job_ready\n    return self._state_ready(job_id, error_msg=\"Job in error state.\")\n           ^^^^^^^^^^^^^^^^^^^^^^^^^^^^^^^^^^^^^^^^^^^^^^^^^^^^^^^^^^\n  File \"/opt/hostedtoolcache/Python/3.12.12/x64/lib/python3.12/site-packages/galaxy/tool_util/verify/interactor.py\", line 841, in _state_ready\n    raise Exception(\nException: Job in error state.. tool_id: __DATA_FETCH__, exit_code: None, stderr: .\n", "status": "error", "test_index": 1, "time_seconds": 71.9541118144989, "tool_id": "multiqc", "tool_version": "1.9+galaxy1"}
            ]]></error>
        
    </testcase>
    
    <testcase classname="multiqc (Test #3)" name="2" time="65.1610677242279">
        
            <error type="error" message="Input staging problem: Traceback (most recent call last):
  File "/opt/hostedtoolcache/Python/3.12.12/x64/lib/python3.12/site-packages/galaxy/tool_util/verify/interactor.py", line 1436, in verify_tool
    stage_data_in_history(
  File "/opt/hostedtoolcache/Python/3.12.12/x64/lib/python3.12/site-packages/galaxy/tool_util/verify/interactor.py", line 175, in stage_data_in_history
    staging_interface.handle_jobs()
  File "/opt/hostedtoolcache/Python/3.12.12/x64/lib/python3.12/site-packages/galaxy/tool_util/verify/interactor.py", line 212, in handle_jobs
    self.galaxy_interactor.wait_for_job(job_response["id"], job_response["history_id"], self.maxseconds)
  File "/opt/hostedtoolcache/Python/3.12.12/x64/lib/python3.12/site-packages/galaxy/tool_util/verify/interactor.py", line 399, in wait_for_job
    self.wait_for(lambda: self.__job_ready(job_id, history_id), maxseconds=maxseconds)
  File "/opt/hostedtoolcache/Python/3.12.12/x64/lib/python3.12/site-packages/galaxy/tool_util/verify/interactor.py", line 403, in wait_for
    wait_on(func, what, walltime_exceeded)
  File "/opt/hostedtoolcache/Python/3.12.12/x64/lib/python3.12/site-packages/galaxy/tool_util/verify/wait.py", line 38, in wait_on
    value = function()
            ^^^^^^^^^^
  File "/opt/hostedtoolcache/Python/3.12.12/x64/lib/python3.12/site-packages/galaxy/tool_util/verify/interactor.py", line 399, in <lambda>
    self.wait_for(lambda: self.__job_ready(job_id, history_id), maxseconds=maxseconds)
                          ^^^^^^^^^^^^^^^^^^^^^^^^^^^^^^^^^^^^
  File "/opt/hostedtoolcache/Python/3.12.12/x64/lib/python3.12/site-packages/galaxy/tool_util/verify/interactor.py", line 749, in __job_ready
    return self._state_ready(job_id, error_msg="Job in error state.")
           ^^^^^^^^^^^^^^^^^^^^^^^^^^^^^^^^^^^^^^^^^^^^^^^^^^^^^^^^^^
  File "/opt/hostedtoolcache/Python/3.12.12/x64/lib/python3.12/site-packages/galaxy/tool_util/verify/interactor.py", line 841, in _state_ready
    raise Exception(
Exception: Job in error state.. tool_id: __DATA_FETCH__, exit_code: None, stderr: .
"><![CDATA[
                { "execution_problem": "Input staging problem: Traceback (most recent call last):\n  File \"/opt/hostedtoolcache/Python/3.12.12/x64/lib/python3.12/site-packages/galaxy/tool_util/verify/interactor.py\", line 1436, in verify_tool\n    stage_data_in_history(\n  File \"/opt/hostedtoolcache/Python/3.12.12/x64/lib/python3.12/site-packages/galaxy/tool_util/verify/interactor.py\", line 175, in stage_data_in_history\n    staging_interface.handle_jobs()\n  File \"/opt/hostedtoolcache/Python/3.12.12/x64/lib/python3.12/site-packages/galaxy/tool_util/verify/interactor.py\", line 212, in handle_jobs\n    self.galaxy_interactor.wait_for_job(job_response[\"id\"], job_response[\"history_id\"], self.maxseconds)\n  File \"/opt/hostedtoolcache/Python/3.12.12/x64/lib/python3.12/site-packages/galaxy/tool_util/verify/interactor.py\", line 399, in wait_for_job\n    self.wait_for(lambda: self.__job_ready(job_id, history_id), maxseconds=maxseconds)\n  File \"/opt/hostedtoolcache/Python/3.12.12/x64/lib/python3.12/site-packages/galaxy/tool_util/verify/interactor.py\", line 403, in wait_for\n    wait_on(func, what, walltime_exceeded)\n  File \"/opt/hostedtoolcache/Python/3.12.12/x64/lib/python3.12/site-packages/galaxy/tool_util/verify/wait.py\", line 38, in wait_on\n    value = function()\n            ^^^^^^^^^^\n  File \"/opt/hostedtoolcache/Python/3.12.12/x64/lib/python3.12/site-packages/galaxy/tool_util/verify/interactor.py\", line 399, in \u003clambda\u003e\n    self.wait_for(lambda: self.__job_ready(job_id, history_id), maxseconds=maxseconds)\n                          ^^^^^^^^^^^^^^^^^^^^^^^^^^^^^^^^^^^^\n  File \"/opt/hostedtoolcache/Python/3.12.12/x64/lib/python3.12/site-packages/galaxy/tool_util/verify/interactor.py\", line 749, in __job_ready\n    return self._state_ready(job_id, error_msg=\"Job in error state.\")\n           ^^^^^^^^^^^^^^^^^^^^^^^^^^^^^^^^^^^^^^^^^^^^^^^^^^^^^^^^^^\n  File \"/opt/hostedtoolcache/Python/3.12.12/x64/lib/python3.12/site-packages/galaxy/tool_util/verify/interactor.py\", line 841, in _state_ready\n    raise Exception(\nException: Job in error state.. tool_id: __DATA_FETCH__, exit_code: None, stderr: .\n", "status": "error", "test_index": 2, "time_seconds": 65.1610677242279, "tool_id": "multiqc", "tool_version": "1.9+galaxy1"}
            ]]></error>
        
    </testcase>
    
    <testcase classname="multiqc (Test #4)" name="3" time="136.86266613006592">
        
            <error type="error" message="Input staging problem: Traceback (most recent call last):
  File "/opt/hostedtoolcache/Python/3.12.12/x64/lib/python3.12/site-packages/galaxy/tool_util/verify/interactor.py", line 1436, in verify_tool
    stage_data_in_history(
  File "/opt/hostedtoolcache/Python/3.12.12/x64/lib/python3.12/site-packages/galaxy/tool_util/verify/interactor.py", line 175, in stage_data_in_history
    staging_interface.handle_jobs()
  File "/opt/hostedtoolcache/Python/3.12.12/x64/lib/python3.12/site-packages/galaxy/tool_util/verify/interactor.py", line 212, in handle_jobs
    self.galaxy_interactor.wait_for_job(job_response["id"], job_response["history_id"], self.maxseconds)
  File "/opt/hostedtoolcache/Python/3.12.12/x64/lib/python3.12/site-packages/galaxy/tool_util/verify/interactor.py", line 399, in wait_for_job
    self.wait_for(lambda: self.__job_ready(job_id, history_id), maxseconds=maxseconds)
  File "/opt/hostedtoolcache/Python/3.12.12/x64/lib/python3.12/site-packages/galaxy/tool_util/verify/interactor.py", line 403, in wait_for
    wait_on(func, what, walltime_exceeded)
  File "/opt/hostedtoolcache/Python/3.12.12/x64/lib/python3.12/site-packages/galaxy/tool_util/verify/wait.py", line 38, in wait_on
    value = function()
            ^^^^^^^^^^
  File "/opt/hostedtoolcache/Python/3.12.12/x64/lib/python3.12/site-packages/galaxy/tool_util/verify/interactor.py", line 399, in <lambda>
    self.wait_for(lambda: self.__job_ready(job_id, history_id), maxseconds=maxseconds)
                          ^^^^^^^^^^^^^^^^^^^^^^^^^^^^^^^^^^^^
  File "/opt/hostedtoolcache/Python/3.12.12/x64/lib/python3.12/site-packages/galaxy/tool_util/verify/interactor.py", line 749, in __job_ready
    return self._state_ready(job_id, error_msg="Job in error state.")
           ^^^^^^^^^^^^^^^^^^^^^^^^^^^^^^^^^^^^^^^^^^^^^^^^^^^^^^^^^^
  File "/opt/hostedtoolcache/Python/3.12.12/x64/lib/python3.12/site-packages/galaxy/tool_util/verify/interactor.py", line 841, in _state_ready
    raise Exception(
Exception: Job in error state.. tool_id: __DATA_FETCH__, exit_code: None, stderr: .
"><![CDATA[
                { "execution_problem": "Input staging problem: Traceback (most recent call last):\n  File \"/opt/hostedtoolcache/Python/3.12.12/x64/lib/python3.12/site-packages/galaxy/tool_util/verify/interactor.py\", line 1436, in verify_tool\n    stage_data_in_history(\n  File \"/opt/hostedtoolcache/Python/3.12.12/x64/lib/python3.12/site-packages/galaxy/tool_util/verify/interactor.py\", line 175, in stage_data_in_history\n    staging_interface.handle_jobs()\n  File \"/opt/hostedtoolcache/Python/3.12.12/x64/lib/python3.12/site-packages/galaxy/tool_util/verify/interactor.py\", line 212, in handle_jobs\n    self.galaxy_interactor.wait_for_job(job_response[\"id\"], job_response[\"history_id\"], self.maxseconds)\n  File \"/opt/hostedtoolcache/Python/3.12.12/x64/lib/python3.12/site-packages/galaxy/tool_util/verify/interactor.py\", line 399, in wait_for_job\n    self.wait_for(lambda: self.__job_ready(job_id, history_id), maxseconds=maxseconds)\n  File \"/opt/hostedtoolcache/Python/3.12.12/x64/lib/python3.12/site-packages/galaxy/tool_util/verify/interactor.py\", line 403, in wait_for\n    wait_on(func, what, walltime_exceeded)\n  File \"/opt/hostedtoolcache/Python/3.12.12/x64/lib/python3.12/site-packages/galaxy/tool_util/verify/wait.py\", line 38, in wait_on\n    value = function()\n            ^^^^^^^^^^\n  File \"/opt/hostedtoolcache/Python/3.12.12/x64/lib/python3.12/site-packages/galaxy/tool_util/verify/interactor.py\", line 399, in \u003clambda\u003e\n    self.wait_for(lambda: self.__job_ready(job_id, history_id), maxseconds=maxseconds)\n                          ^^^^^^^^^^^^^^^^^^^^^^^^^^^^^^^^^^^^\n  File \"/opt/hostedtoolcache/Python/3.12.12/x64/lib/python3.12/site-packages/galaxy/tool_util/verify/interactor.py\", line 749, in __job_ready\n    return self._state_ready(job_id, error_msg=\"Job in error state.\")\n           ^^^^^^^^^^^^^^^^^^^^^^^^^^^^^^^^^^^^^^^^^^^^^^^^^^^^^^^^^^\n  File \"/opt/hostedtoolcache/Python/3.12.12/x64/lib/python3.12/site-packages/galaxy/tool_util/verify/interactor.py\", line 841, in _state_ready\n    raise Exception(\nException: Job in error state.. tool_id: __DATA_FETCH__, exit_code: None, stderr: .\n", "status": "error", "test_index": 3, "time_seconds": 136.86266613006592, "tool_id": "multiqc", "tool_version": "1.9+galaxy1"}
            ]]></error>
        
    </testcase>
    
    <testcase classname="multiqc (Test #5)" name="4" time="66.09338593482971">
        
            
            <system-out><![CDATA[
            
            ]]></system-out>
            <system-err><![CDATA[
            [WARNING]         multiqc : MultiQC Version v1.32 now available![INFO   ]         multiqc : This is MultiQC v1.9[INFO   ]         multiqc : Template    : default[INFO   ]         multiqc : Report title: Title of the report[INFO   ]         multiqc : Searching   : /galaxy/server/database/jobs_directory/000/63/working/multiqc_WDir[INFO   ]          fastqc : Found 2 reports[INFO   ]         multiqc : Compressing plot data[INFO   ]         multiqc : Report      : report.html[INFO   ]         multiqc : Data        : report_data[INFO   ]         multiqc : Plots       : report_plots[INFO   ]         multiqc : MultiQC complete
            ]]></system-err>
        
    </testcase>
    
    <testcase classname="multiqc (Test #6)" name="5" time="40.58177614212036">
        
            
            <system-out><![CDATA[
            
            ]]></system-out>
            <system-err><![CDATA[
            [WARNING]         multiqc : MultiQC Version v1.32 now available![INFO   ]         multiqc : This is MultiQC v1.9[INFO   ]         multiqc : Template    : default[INFO   ]         multiqc : Report title: Title of the report[INFO   ]         multiqc : Searching   : /galaxy/server/database/jobs_directory/000/65/working/multiqc_WDir[INFO   ]          pycoqc : Found 1 reports[INFO   ]         multiqc : Compressing plot data[INFO   ]         multiqc : Report      : report.html[INFO   ]         multiqc : Data        : report_data[INFO   ]         multiqc : MultiQC complete
            ]]></system-err>
        
    </testcase>
    
    <testcase classname="nanoplot (Test #1)" name="0" time="72.46225476264954">
        
            
            <system-out><![CDATA[
            
            ]]></system-out>
            <system-err><![CDATA[
            
            ]]></system-err>
        
    </testcase>
    
    <testcase classname="nanoplot (Test #2)" name="1" time="54.82685875892639">
        
            
            <system-out><![CDATA[
            
            ]]></system-out>
            <system-err><![CDATA[
            
            ]]></system-err>
        
    </testcase>
    
    <testcase classname="nanoplot (Test #3)" name="2" time="48.31928372383118">
        
            
            <system-out><![CDATA[
            
            ]]></system-out>
            <system-err><![CDATA[
            
            ]]></system-err>
        
    </testcase>
    
    <testcase classname="poretools_extract (Test #1)" name="0" time="66.8741283416748">
        
            
            <system-out><![CDATA[
            
            ]]></system-out>
            <system-err><![CDATA[
            
            ]]></system-err>
        
    </testcase>
    
    <testcase classname="poretools_extract (Test #2)" name="1" time="39.41615533828735">
        
            
            <system-out><![CDATA[
            
            ]]></system-out>
            <system-err><![CDATA[
            
            ]]></system-err>
        
    </testcase>
    
    <testcase classname="query_tabular (Test #1)" name="0" time="0.24105024337768555">
        
            <error type="error" message="Input staging problem: Traceback (most recent call last):
  File "/opt/hostedtoolcache/Python/3.12.12/x64/lib/python3.12/site-packages/galaxy/tool_util/verify/interactor.py", line 1436, in verify_tool
    stage_data_in_history(
  File "/opt/hostedtoolcache/Python/3.12.12/x64/lib/python3.12/site-packages/galaxy/tool_util/verify/interactor.py", line 163, in stage_data_in_history
    test_dict = galaxy_interactor.remote_to_input(
                ^^^^^^^^^^^^^^^^^^^^^^^^^^^^^^^^^^
  File "/opt/hostedtoolcache/Python/3.12.12/x64/lib/python3.12/site-packages/galaxy/tool_util/verify/interactor.py", line 582, in remote_to_input
    path_or_location = self._get_path_or_location(
                       ^^^^^^^^^^^^^^^^^^^^^^^^^^^
  File "/opt/hostedtoolcache/Python/3.12.12/x64/lib/python3.12/site-packages/galaxy/tool_util/verify/interactor.py", line 619, in _get_path_or_location
    path = self.test_data_download(
           ^^^^^^^^^^^^^^^^^^^^^^^^
  File "/opt/hostedtoolcache/Python/3.12.12/x64/lib/python3.12/site-packages/galaxy/tool_util/verify/interactor.py", line 525, in test_data_download
    raise AssertionError(f"Test input file ({filename}) cannot be found.")
AssertionError: Test input file (customers.tsv) cannot be found.
"><![CDATA[
                { "execution_problem": "Input staging problem: Traceback (most recent call last):\n  File \"/opt/hostedtoolcache/Python/3.12.12/x64/lib/python3.12/site-packages/galaxy/tool_util/verify/interactor.py\", line 1436, in verify_tool\n    stage_data_in_history(\n  File \"/opt/hostedtoolcache/Python/3.12.12/x64/lib/python3.12/site-packages/galaxy/tool_util/verify/interactor.py\", line 163, in stage_data_in_history\n    test_dict = galaxy_interactor.remote_to_input(\n                ^^^^^^^^^^^^^^^^^^^^^^^^^^^^^^^^^^\n  File \"/opt/hostedtoolcache/Python/3.12.12/x64/lib/python3.12/site-packages/galaxy/tool_util/verify/interactor.py\", line 582, in remote_to_input\n    path_or_location = self._get_path_or_location(\n                       ^^^^^^^^^^^^^^^^^^^^^^^^^^^\n  File \"/opt/hostedtoolcache/Python/3.12.12/x64/lib/python3.12/site-packages/galaxy/tool_util/verify/interactor.py\", line 619, in _get_path_or_location\n    path = self.test_data_download(\n           ^^^^^^^^^^^^^^^^^^^^^^^^\n  File \"/opt/hostedtoolcache/Python/3.12.12/x64/lib/python3.12/site-packages/galaxy/tool_util/verify/interactor.py\", line 525, in test_data_download\n    raise AssertionError(f\"Test input file ({filename}) cannot be found.\")\nAssertionError: Test input file (customers.tsv) cannot be found.\n", "status": "error", "test_index": 0, "time_seconds": 0.24105024337768555, "tool_id": "query_tabular", "tool_version": "3.3.2"}
            ]]></error>
        
    </testcase>
    
    <testcase classname="query_tabular (Test #2)" name="1" time="0.12146162986755371">
        
            <error type="error" message="Input staging problem: Traceback (most recent call last):
  File "/opt/hostedtoolcache/Python/3.12.12/x64/lib/python3.12/site-packages/galaxy/tool_util/verify/interactor.py", line 1436, in verify_tool
    stage_data_in_history(
  File "/opt/hostedtoolcache/Python/3.12.12/x64/lib/python3.12/site-packages/galaxy/tool_util/verify/interactor.py", line 163, in stage_data_in_history
    test_dict = galaxy_interactor.remote_to_input(
                ^^^^^^^^^^^^^^^^^^^^^^^^^^^^^^^^^^
  File "/opt/hostedtoolcache/Python/3.12.12/x64/lib/python3.12/site-packages/galaxy/tool_util/verify/interactor.py", line 582, in remote_to_input
    path_or_location = self._get_path_or_location(
                       ^^^^^^^^^^^^^^^^^^^^^^^^^^^
  File "/opt/hostedtoolcache/Python/3.12.12/x64/lib/python3.12/site-packages/galaxy/tool_util/verify/interactor.py", line 619, in _get_path_or_location
    path = self.test_data_download(
           ^^^^^^^^^^^^^^^^^^^^^^^^
  File "/opt/hostedtoolcache/Python/3.12.12/x64/lib/python3.12/site-packages/galaxy/tool_util/verify/interactor.py", line 525, in test_data_download
    raise AssertionError(f"Test input file ({filename}) cannot be found.")
AssertionError: Test input file (customers.tsv) cannot be found.
"><![CDATA[
                { "execution_problem": "Input staging problem: Traceback (most recent call last):\n  File \"/opt/hostedtoolcache/Python/3.12.12/x64/lib/python3.12/site-packages/galaxy/tool_util/verify/interactor.py\", line 1436, in verify_tool\n    stage_data_in_history(\n  File \"/opt/hostedtoolcache/Python/3.12.12/x64/lib/python3.12/site-packages/galaxy/tool_util/verify/interactor.py\", line 163, in stage_data_in_history\n    test_dict = galaxy_interactor.remote_to_input(\n                ^^^^^^^^^^^^^^^^^^^^^^^^^^^^^^^^^^\n  File \"/opt/hostedtoolcache/Python/3.12.12/x64/lib/python3.12/site-packages/galaxy/tool_util/verify/interactor.py\", line 582, in remote_to_input\n    path_or_location = self._get_path_or_location(\n                       ^^^^^^^^^^^^^^^^^^^^^^^^^^^\n  File \"/opt/hostedtoolcache/Python/3.12.12/x64/lib/python3.12/site-packages/galaxy/tool_util/verify/interactor.py\", line 619, in _get_path_or_location\n    path = self.test_data_download(\n           ^^^^^^^^^^^^^^^^^^^^^^^^\n  File \"/opt/hostedtoolcache/Python/3.12.12/x64/lib/python3.12/site-packages/galaxy/tool_util/verify/interactor.py\", line 525, in test_data_download\n    raise AssertionError(f\"Test input file ({filename}) cannot be found.\")\nAssertionError: Test input file (customers.tsv) cannot be found.\n", "status": "error", "test_index": 1, "time_seconds": 0.12146162986755371, "tool_id": "query_tabular", "tool_version": "3.3.2"}
            ]]></error>
        
    </testcase>
    
    <testcase classname="query_tabular (Test #11)" name="10" time="0.12111902236938477">
        
            <error type="error" message="Input staging problem: Traceback (most recent call last):
  File "/opt/hostedtoolcache/Python/3.12.12/x64/lib/python3.12/site-packages/galaxy/tool_util/verify/interactor.py", line 1436, in verify_tool
    stage_data_in_history(
  File "/opt/hostedtoolcache/Python/3.12.12/x64/lib/python3.12/site-packages/galaxy/tool_util/verify/interactor.py", line 163, in stage_data_in_history
    test_dict = galaxy_interactor.remote_to_input(
                ^^^^^^^^^^^^^^^^^^^^^^^^^^^^^^^^^^
  File "/opt/hostedtoolcache/Python/3.12.12/x64/lib/python3.12/site-packages/galaxy/tool_util/verify/interactor.py", line 582, in remote_to_input
    path_or_location = self._get_path_or_location(
                       ^^^^^^^^^^^^^^^^^^^^^^^^^^^
  File "/opt/hostedtoolcache/Python/3.12.12/x64/lib/python3.12/site-packages/galaxy/tool_util/verify/interactor.py", line 619, in _get_path_or_location
    path = self.test_data_download(
           ^^^^^^^^^^^^^^^^^^^^^^^^
  File "/opt/hostedtoolcache/Python/3.12.12/x64/lib/python3.12/site-packages/galaxy/tool_util/verify/interactor.py", line 525, in test_data_download
    raise AssertionError(f"Test input file ({filename}) cannot be found.")
AssertionError: Test input file (netMHC_summary.tsv) cannot be found.
"><![CDATA[
                { "execution_problem": "Input staging problem: Traceback (most recent call last):\n  File \"/opt/hostedtoolcache/Python/3.12.12/x64/lib/python3.12/site-packages/galaxy/tool_util/verify/interactor.py\", line 1436, in verify_tool\n    stage_data_in_history(\n  File \"/opt/hostedtoolcache/Python/3.12.12/x64/lib/python3.12/site-packages/galaxy/tool_util/verify/interactor.py\", line 163, in stage_data_in_history\n    test_dict = galaxy_interactor.remote_to_input(\n                ^^^^^^^^^^^^^^^^^^^^^^^^^^^^^^^^^^\n  File \"/opt/hostedtoolcache/Python/3.12.12/x64/lib/python3.12/site-packages/galaxy/tool_util/verify/interactor.py\", line 582, in remote_to_input\n    path_or_location = self._get_path_or_location(\n                       ^^^^^^^^^^^^^^^^^^^^^^^^^^^\n  File \"/opt/hostedtoolcache/Python/3.12.12/x64/lib/python3.12/site-packages/galaxy/tool_util/verify/interactor.py\", line 619, in _get_path_or_location\n    path = self.test_data_download(\n           ^^^^^^^^^^^^^^^^^^^^^^^^\n  File \"/opt/hostedtoolcache/Python/3.12.12/x64/lib/python3.12/site-packages/galaxy/tool_util/verify/interactor.py\", line 525, in test_data_download\n    raise AssertionError(f\"Test input file ({filename}) cannot be found.\")\nAssertionError: Test input file (netMHC_summary.tsv) cannot be found.\n", "status": "error", "test_index": 10, "time_seconds": 0.12111902236938477, "tool_id": "query_tabular", "tool_version": "3.3.2"}
            ]]></error>
        
    </testcase>
    
    <testcase classname="query_tabular (Test #12)" name="11" time="0.12557387351989746">
        
            <error type="error" message="Input staging problem: Traceback (most recent call last):
  File "/opt/hostedtoolcache/Python/3.12.12/x64/lib/python3.12/site-packages/galaxy/tool_util/verify/interactor.py", line 1436, in verify_tool
    stage_data_in_history(
  File "/opt/hostedtoolcache/Python/3.12.12/x64/lib/python3.12/site-packages/galaxy/tool_util/verify/interactor.py", line 163, in stage_data_in_history
    test_dict = galaxy_interactor.remote_to_input(
                ^^^^^^^^^^^^^^^^^^^^^^^^^^^^^^^^^^
  File "/opt/hostedtoolcache/Python/3.12.12/x64/lib/python3.12/site-packages/galaxy/tool_util/verify/interactor.py", line 582, in remote_to_input
    path_or_location = self._get_path_or_location(
                       ^^^^^^^^^^^^^^^^^^^^^^^^^^^
  File "/opt/hostedtoolcache/Python/3.12.12/x64/lib/python3.12/site-packages/galaxy/tool_util/verify/interactor.py", line 619, in _get_path_or_location
    path = self.test_data_download(
           ^^^^^^^^^^^^^^^^^^^^^^^^
  File "/opt/hostedtoolcache/Python/3.12.12/x64/lib/python3.12/site-packages/galaxy/tool_util/verify/interactor.py", line 525, in test_data_download
    raise AssertionError(f"Test input file ({filename}) cannot be found.")
AssertionError: Test input file (math_input.tsv) cannot be found.
"><![CDATA[
                { "execution_problem": "Input staging problem: Traceback (most recent call last):\n  File \"/opt/hostedtoolcache/Python/3.12.12/x64/lib/python3.12/site-packages/galaxy/tool_util/verify/interactor.py\", line 1436, in verify_tool\n    stage_data_in_history(\n  File \"/opt/hostedtoolcache/Python/3.12.12/x64/lib/python3.12/site-packages/galaxy/tool_util/verify/interactor.py\", line 163, in stage_data_in_history\n    test_dict = galaxy_interactor.remote_to_input(\n                ^^^^^^^^^^^^^^^^^^^^^^^^^^^^^^^^^^\n  File \"/opt/hostedtoolcache/Python/3.12.12/x64/lib/python3.12/site-packages/galaxy/tool_util/verify/interactor.py\", line 582, in remote_to_input\n    path_or_location = self._get_path_or_location(\n                       ^^^^^^^^^^^^^^^^^^^^^^^^^^^\n  File \"/opt/hostedtoolcache/Python/3.12.12/x64/lib/python3.12/site-packages/galaxy/tool_util/verify/interactor.py\", line 619, in _get_path_or_location\n    path = self.test_data_download(\n           ^^^^^^^^^^^^^^^^^^^^^^^^\n  File \"/opt/hostedtoolcache/Python/3.12.12/x64/lib/python3.12/site-packages/galaxy/tool_util/verify/interactor.py\", line 525, in test_data_download\n    raise AssertionError(f\"Test input file ({filename}) cannot be found.\")\nAssertionError: Test input file (math_input.tsv) cannot be found.\n", "status": "error", "test_index": 11, "time_seconds": 0.12557387351989746, "tool_id": "query_tabular", "tool_version": "3.3.2"}
            ]]></error>
        
    </testcase>
    
    <testcase classname="query_tabular (Test #3)" name="2" time="0.12315845489501953">
        
            <error type="error" message="Input staging problem: Traceback (most recent call last):
  File "/opt/hostedtoolcache/Python/3.12.12/x64/lib/python3.12/site-packages/galaxy/tool_util/verify/interactor.py", line 1436, in verify_tool
    stage_data_in_history(
  File "/opt/hostedtoolcache/Python/3.12.12/x64/lib/python3.12/site-packages/galaxy/tool_util/verify/interactor.py", line 163, in stage_data_in_history
    test_dict = galaxy_interactor.remote_to_input(
                ^^^^^^^^^^^^^^^^^^^^^^^^^^^^^^^^^^
  File "/opt/hostedtoolcache/Python/3.12.12/x64/lib/python3.12/site-packages/galaxy/tool_util/verify/interactor.py", line 582, in remote_to_input
    path_or_location = self._get_path_or_location(
                       ^^^^^^^^^^^^^^^^^^^^^^^^^^^
  File "/opt/hostedtoolcache/Python/3.12.12/x64/lib/python3.12/site-packages/galaxy/tool_util/verify/interactor.py", line 619, in _get_path_or_location
    path = self.test_data_download(
           ^^^^^^^^^^^^^^^^^^^^^^^^
  File "/opt/hostedtoolcache/Python/3.12.12/x64/lib/python3.12/site-packages/galaxy/tool_util/verify/interactor.py", line 525, in test_data_download
    raise AssertionError(f"Test input file ({filename}) cannot be found.")
AssertionError: Test input file (customers.tsv) cannot be found.
"><![CDATA[
                { "execution_problem": "Input staging problem: Traceback (most recent call last):\n  File \"/opt/hostedtoolcache/Python/3.12.12/x64/lib/python3.12/site-packages/galaxy/tool_util/verify/interactor.py\", line 1436, in verify_tool\n    stage_data_in_history(\n  File \"/opt/hostedtoolcache/Python/3.12.12/x64/lib/python3.12/site-packages/galaxy/tool_util/verify/interactor.py\", line 163, in stage_data_in_history\n    test_dict = galaxy_interactor.remote_to_input(\n                ^^^^^^^^^^^^^^^^^^^^^^^^^^^^^^^^^^\n  File \"/opt/hostedtoolcache/Python/3.12.12/x64/lib/python3.12/site-packages/galaxy/tool_util/verify/interactor.py\", line 582, in remote_to_input\n    path_or_location = self._get_path_or_location(\n                       ^^^^^^^^^^^^^^^^^^^^^^^^^^^\n  File \"/opt/hostedtoolcache/Python/3.12.12/x64/lib/python3.12/site-packages/galaxy/tool_util/verify/interactor.py\", line 619, in _get_path_or_location\n    path = self.test_data_download(\n           ^^^^^^^^^^^^^^^^^^^^^^^^\n  File \"/opt/hostedtoolcache/Python/3.12.12/x64/lib/python3.12/site-packages/galaxy/tool_util/verify/interactor.py\", line 525, in test_data_download\n    raise AssertionError(f\"Test input file ({filename}) cannot be found.\")\nAssertionError: Test input file (customers.tsv) cannot be found.\n", "status": "error", "test_index": 2, "time_seconds": 0.12315845489501953, "tool_id": "query_tabular", "tool_version": "3.3.2"}
            ]]></error>
        
    </testcase>
    
    <testcase classname="query_tabular (Test #4)" name="3" time="0.12382078170776367">
        
            <error type="error" message="Input staging problem: Traceback (most recent call last):
  File "/opt/hostedtoolcache/Python/3.12.12/x64/lib/python3.12/site-packages/galaxy/tool_util/verify/interactor.py", line 1436, in verify_tool
    stage_data_in_history(
  File "/opt/hostedtoolcache/Python/3.12.12/x64/lib/python3.12/site-packages/galaxy/tool_util/verify/interactor.py", line 163, in stage_data_in_history
    test_dict = galaxy_interactor.remote_to_input(
                ^^^^^^^^^^^^^^^^^^^^^^^^^^^^^^^^^^
  File "/opt/hostedtoolcache/Python/3.12.12/x64/lib/python3.12/site-packages/galaxy/tool_util/verify/interactor.py", line 582, in remote_to_input
    path_or_location = self._get_path_or_location(
                       ^^^^^^^^^^^^^^^^^^^^^^^^^^^
  File "/opt/hostedtoolcache/Python/3.12.12/x64/lib/python3.12/site-packages/galaxy/tool_util/verify/interactor.py", line 619, in _get_path_or_location
    path = self.test_data_download(
           ^^^^^^^^^^^^^^^^^^^^^^^^
  File "/opt/hostedtoolcache/Python/3.12.12/x64/lib/python3.12/site-packages/galaxy/tool_util/verify/interactor.py", line 525, in test_data_download
    raise AssertionError(f"Test input file ({filename}) cannot be found.")
AssertionError: Test input file (IEDB.tsv) cannot be found.
"><![CDATA[
                { "execution_problem": "Input staging problem: Traceback (most recent call last):\n  File \"/opt/hostedtoolcache/Python/3.12.12/x64/lib/python3.12/site-packages/galaxy/tool_util/verify/interactor.py\", line 1436, in verify_tool\n    stage_data_in_history(\n  File \"/opt/hostedtoolcache/Python/3.12.12/x64/lib/python3.12/site-packages/galaxy/tool_util/verify/interactor.py\", line 163, in stage_data_in_history\n    test_dict = galaxy_interactor.remote_to_input(\n                ^^^^^^^^^^^^^^^^^^^^^^^^^^^^^^^^^^\n  File \"/opt/hostedtoolcache/Python/3.12.12/x64/lib/python3.12/site-packages/galaxy/tool_util/verify/interactor.py\", line 582, in remote_to_input\n    path_or_location = self._get_path_or_location(\n                       ^^^^^^^^^^^^^^^^^^^^^^^^^^^\n  File \"/opt/hostedtoolcache/Python/3.12.12/x64/lib/python3.12/site-packages/galaxy/tool_util/verify/interactor.py\", line 619, in _get_path_or_location\n    path = self.test_data_download(\n           ^^^^^^^^^^^^^^^^^^^^^^^^\n  File \"/opt/hostedtoolcache/Python/3.12.12/x64/lib/python3.12/site-packages/galaxy/tool_util/verify/interactor.py\", line 525, in test_data_download\n    raise AssertionError(f\"Test input file ({filename}) cannot be found.\")\nAssertionError: Test input file (IEDB.tsv) cannot be found.\n", "status": "error", "test_index": 3, "time_seconds": 0.12382078170776367, "tool_id": "query_tabular", "tool_version": "3.3.2"}
            ]]></error>
        
    </testcase>
    
    <testcase classname="query_tabular (Test #5)" name="4" time="0.12317705154418945">
        
            <error type="error" message="Input staging problem: Traceback (most recent call last):
  File "/opt/hostedtoolcache/Python/3.12.12/x64/lib/python3.12/site-packages/galaxy/tool_util/verify/interactor.py", line 1436, in verify_tool
    stage_data_in_history(
  File "/opt/hostedtoolcache/Python/3.12.12/x64/lib/python3.12/site-packages/galaxy/tool_util/verify/interactor.py", line 163, in stage_data_in_history
    test_dict = galaxy_interactor.remote_to_input(
                ^^^^^^^^^^^^^^^^^^^^^^^^^^^^^^^^^^
  File "/opt/hostedtoolcache/Python/3.12.12/x64/lib/python3.12/site-packages/galaxy/tool_util/verify/interactor.py", line 582, in remote_to_input
    path_or_location = self._get_path_or_location(
                       ^^^^^^^^^^^^^^^^^^^^^^^^^^^
  File "/opt/hostedtoolcache/Python/3.12.12/x64/lib/python3.12/site-packages/galaxy/tool_util/verify/interactor.py", line 619, in _get_path_or_location
    path = self.test_data_download(
           ^^^^^^^^^^^^^^^^^^^^^^^^
  File "/opt/hostedtoolcache/Python/3.12.12/x64/lib/python3.12/site-packages/galaxy/tool_util/verify/interactor.py", line 525, in test_data_download
    raise AssertionError(f"Test input file ({filename}) cannot be found.")
AssertionError: Test input file (testdb.sqlite) cannot be found.
"><![CDATA[
                { "execution_problem": "Input staging problem: Traceback (most recent call last):\n  File \"/opt/hostedtoolcache/Python/3.12.12/x64/lib/python3.12/site-packages/galaxy/tool_util/verify/interactor.py\", line 1436, in verify_tool\n    stage_data_in_history(\n  File \"/opt/hostedtoolcache/Python/3.12.12/x64/lib/python3.12/site-packages/galaxy/tool_util/verify/interactor.py\", line 163, in stage_data_in_history\n    test_dict = galaxy_interactor.remote_to_input(\n                ^^^^^^^^^^^^^^^^^^^^^^^^^^^^^^^^^^\n  File \"/opt/hostedtoolcache/Python/3.12.12/x64/lib/python3.12/site-packages/galaxy/tool_util/verify/interactor.py\", line 582, in remote_to_input\n    path_or_location = self._get_path_or_location(\n                       ^^^^^^^^^^^^^^^^^^^^^^^^^^^\n  File \"/opt/hostedtoolcache/Python/3.12.12/x64/lib/python3.12/site-packages/galaxy/tool_util/verify/interactor.py\", line 619, in _get_path_or_location\n    path = self.test_data_download(\n           ^^^^^^^^^^^^^^^^^^^^^^^^\n  File \"/opt/hostedtoolcache/Python/3.12.12/x64/lib/python3.12/site-packages/galaxy/tool_util/verify/interactor.py\", line 525, in test_data_download\n    raise AssertionError(f\"Test input file ({filename}) cannot be found.\")\nAssertionError: Test input file (testdb.sqlite) cannot be found.\n", "status": "error", "test_index": 4, "time_seconds": 0.12317705154418945, "tool_id": "query_tabular", "tool_version": "3.3.2"}
            ]]></error>
        
    </testcase>
    
    <testcase classname="query_tabular (Test #6)" name="5" time="0.12299132347106934">
        
            <error type="error" message="Input staging problem: Traceback (most recent call last):
  File "/opt/hostedtoolcache/Python/3.12.12/x64/lib/python3.12/site-packages/galaxy/tool_util/verify/interactor.py", line 1436, in verify_tool
    stage_data_in_history(
  File "/opt/hostedtoolcache/Python/3.12.12/x64/lib/python3.12/site-packages/galaxy/tool_util/verify/interactor.py", line 163, in stage_data_in_history
    test_dict = galaxy_interactor.remote_to_input(
                ^^^^^^^^^^^^^^^^^^^^^^^^^^^^^^^^^^
  File "/opt/hostedtoolcache/Python/3.12.12/x64/lib/python3.12/site-packages/galaxy/tool_util/verify/interactor.py", line 582, in remote_to_input
    path_or_location = self._get_path_or_location(
                       ^^^^^^^^^^^^^^^^^^^^^^^^^^^
  File "/opt/hostedtoolcache/Python/3.12.12/x64/lib/python3.12/site-packages/galaxy/tool_util/verify/interactor.py", line 619, in _get_path_or_location
    path = self.test_data_download(
           ^^^^^^^^^^^^^^^^^^^^^^^^
  File "/opt/hostedtoolcache/Python/3.12.12/x64/lib/python3.12/site-packages/galaxy/tool_util/verify/interactor.py", line 525, in test_data_download
    raise AssertionError(f"Test input file ({filename}) cannot be found.")
AssertionError: Test input file (pets.tsv) cannot be found.
"><![CDATA[
                { "execution_problem": "Input staging problem: Traceback (most recent call last):\n  File \"/opt/hostedtoolcache/Python/3.12.12/x64/lib/python3.12/site-packages/galaxy/tool_util/verify/interactor.py\", line 1436, in verify_tool\n    stage_data_in_history(\n  File \"/opt/hostedtoolcache/Python/3.12.12/x64/lib/python3.12/site-packages/galaxy/tool_util/verify/interactor.py\", line 163, in stage_data_in_history\n    test_dict = galaxy_interactor.remote_to_input(\n                ^^^^^^^^^^^^^^^^^^^^^^^^^^^^^^^^^^\n  File \"/opt/hostedtoolcache/Python/3.12.12/x64/lib/python3.12/site-packages/galaxy/tool_util/verify/interactor.py\", line 582, in remote_to_input\n    path_or_location = self._get_path_or_location(\n                       ^^^^^^^^^^^^^^^^^^^^^^^^^^^\n  File \"/opt/hostedtoolcache/Python/3.12.12/x64/lib/python3.12/site-packages/galaxy/tool_util/verify/interactor.py\", line 619, in _get_path_or_location\n    path = self.test_data_download(\n           ^^^^^^^^^^^^^^^^^^^^^^^^\n  File \"/opt/hostedtoolcache/Python/3.12.12/x64/lib/python3.12/site-packages/galaxy/tool_util/verify/interactor.py\", line 525, in test_data_download\n    raise AssertionError(f\"Test input file ({filename}) cannot be found.\")\nAssertionError: Test input file (pets.tsv) cannot be found.\n", "status": "error", "test_index": 5, "time_seconds": 0.12299132347106934, "tool_id": "query_tabular", "tool_version": "3.3.2"}
            ]]></error>
        
    </testcase>
    
    <testcase classname="query_tabular (Test #7)" name="6" time="0.12150716781616211">
        
            <error type="error" message="Input staging problem: Traceback (most recent call last):
  File "/opt/hostedtoolcache/Python/3.12.12/x64/lib/python3.12/site-packages/galaxy/tool_util/verify/interactor.py", line 1436, in verify_tool
    stage_data_in_history(
  File "/opt/hostedtoolcache/Python/3.12.12/x64/lib/python3.12/site-packages/galaxy/tool_util/verify/interactor.py", line 163, in stage_data_in_history
    test_dict = galaxy_interactor.remote_to_input(
                ^^^^^^^^^^^^^^^^^^^^^^^^^^^^^^^^^^
  File "/opt/hostedtoolcache/Python/3.12.12/x64/lib/python3.12/site-packages/galaxy/tool_util/verify/interactor.py", line 582, in remote_to_input
    path_or_location = self._get_path_or_location(
                       ^^^^^^^^^^^^^^^^^^^^^^^^^^^
  File "/opt/hostedtoolcache/Python/3.12.12/x64/lib/python3.12/site-packages/galaxy/tool_util/verify/interactor.py", line 619, in _get_path_or_location
    path = self.test_data_download(
           ^^^^^^^^^^^^^^^^^^^^^^^^
  File "/opt/hostedtoolcache/Python/3.12.12/x64/lib/python3.12/site-packages/galaxy/tool_util/verify/interactor.py", line 525, in test_data_download
    raise AssertionError(f"Test input file ({filename}) cannot be found.")
AssertionError: Test input file (psm_report.tsv) cannot be found.
"><![CDATA[
                { "execution_problem": "Input staging problem: Traceback (most recent call last):\n  File \"/opt/hostedtoolcache/Python/3.12.12/x64/lib/python3.12/site-packages/galaxy/tool_util/verify/interactor.py\", line 1436, in verify_tool\n    stage_data_in_history(\n  File \"/opt/hostedtoolcache/Python/3.12.12/x64/lib/python3.12/site-packages/galaxy/tool_util/verify/interactor.py\", line 163, in stage_data_in_history\n    test_dict = galaxy_interactor.remote_to_input(\n                ^^^^^^^^^^^^^^^^^^^^^^^^^^^^^^^^^^\n  File \"/opt/hostedtoolcache/Python/3.12.12/x64/lib/python3.12/site-packages/galaxy/tool_util/verify/interactor.py\", line 582, in remote_to_input\n    path_or_location = self._get_path_or_location(\n                       ^^^^^^^^^^^^^^^^^^^^^^^^^^^\n  File \"/opt/hostedtoolcache/Python/3.12.12/x64/lib/python3.12/site-packages/galaxy/tool_util/verify/interactor.py\", line 619, in _get_path_or_location\n    path = self.test_data_download(\n           ^^^^^^^^^^^^^^^^^^^^^^^^\n  File \"/opt/hostedtoolcache/Python/3.12.12/x64/lib/python3.12/site-packages/galaxy/tool_util/verify/interactor.py\", line 525, in test_data_download\n    raise AssertionError(f\"Test input file ({filename}) cannot be found.\")\nAssertionError: Test input file (psm_report.tsv) cannot be found.\n", "status": "error", "test_index": 6, "time_seconds": 0.12150716781616211, "tool_id": "query_tabular", "tool_version": "3.3.2"}
            ]]></error>
        
    </testcase>
    
    <testcase classname="query_tabular (Test #8)" name="7" time="0.12312436103820801">
        
            <error type="error" message="Input staging problem: Traceback (most recent call last):
  File "/opt/hostedtoolcache/Python/3.12.12/x64/lib/python3.12/site-packages/galaxy/tool_util/verify/interactor.py", line 1436, in verify_tool
    stage_data_in_history(
  File "/opt/hostedtoolcache/Python/3.12.12/x64/lib/python3.12/site-packages/galaxy/tool_util/verify/interactor.py", line 163, in stage_data_in_history
    test_dict = galaxy_interactor.remote_to_input(
                ^^^^^^^^^^^^^^^^^^^^^^^^^^^^^^^^^^
  File "/opt/hostedtoolcache/Python/3.12.12/x64/lib/python3.12/site-packages/galaxy/tool_util/verify/interactor.py", line 582, in remote_to_input
    path_or_location = self._get_path_or_location(
                       ^^^^^^^^^^^^^^^^^^^^^^^^^^^
  File "/opt/hostedtoolcache/Python/3.12.12/x64/lib/python3.12/site-packages/galaxy/tool_util/verify/interactor.py", line 619, in _get_path_or_location
    path = self.test_data_download(
           ^^^^^^^^^^^^^^^^^^^^^^^^
  File "/opt/hostedtoolcache/Python/3.12.12/x64/lib/python3.12/site-packages/galaxy/tool_util/verify/interactor.py", line 525, in test_data_download
    raise AssertionError(f"Test input file ({filename}) cannot be found.")
AssertionError: Test input file (psm_report.tsv) cannot be found.
"><![CDATA[
                { "execution_problem": "Input staging problem: Traceback (most recent call last):\n  File \"/opt/hostedtoolcache/Python/3.12.12/x64/lib/python3.12/site-packages/galaxy/tool_util/verify/interactor.py\", line 1436, in verify_tool\n    stage_data_in_history(\n  File \"/opt/hostedtoolcache/Python/3.12.12/x64/lib/python3.12/site-packages/galaxy/tool_util/verify/interactor.py\", line 163, in stage_data_in_history\n    test_dict = galaxy_interactor.remote_to_input(\n                ^^^^^^^^^^^^^^^^^^^^^^^^^^^^^^^^^^\n  File \"/opt/hostedtoolcache/Python/3.12.12/x64/lib/python3.12/site-packages/galaxy/tool_util/verify/interactor.py\", line 582, in remote_to_input\n    path_or_location = self._get_path_or_location(\n                       ^^^^^^^^^^^^^^^^^^^^^^^^^^^\n  File \"/opt/hostedtoolcache/Python/3.12.12/x64/lib/python3.12/site-packages/galaxy/tool_util/verify/interactor.py\", line 619, in _get_path_or_location\n    path = self.test_data_download(\n           ^^^^^^^^^^^^^^^^^^^^^^^^\n  File \"/opt/hostedtoolcache/Python/3.12.12/x64/lib/python3.12/site-packages/galaxy/tool_util/verify/interactor.py\", line 525, in test_data_download\n    raise AssertionError(f\"Test input file ({filename}) cannot be found.\")\nAssertionError: Test input file (psm_report.tsv) cannot be found.\n", "status": "error", "test_index": 7, "time_seconds": 0.12312436103820801, "tool_id": "query_tabular", "tool_version": "3.3.2"}
            ]]></error>
        
    </testcase>
    
    <testcase classname="query_tabular (Test #9)" name="8" time="0.12407231330871582">
        
            <error type="error" message="Input staging problem: Traceback (most recent call last):
  File "/opt/hostedtoolcache/Python/3.12.12/x64/lib/python3.12/site-packages/galaxy/tool_util/verify/interactor.py", line 1436, in verify_tool
    stage_data_in_history(
  File "/opt/hostedtoolcache/Python/3.12.12/x64/lib/python3.12/site-packages/galaxy/tool_util/verify/interactor.py", line 163, in stage_data_in_history
    test_dict = galaxy_interactor.remote_to_input(
                ^^^^^^^^^^^^^^^^^^^^^^^^^^^^^^^^^^
  File "/opt/hostedtoolcache/Python/3.12.12/x64/lib/python3.12/site-packages/galaxy/tool_util/verify/interactor.py", line 582, in remote_to_input
    path_or_location = self._get_path_or_location(
                       ^^^^^^^^^^^^^^^^^^^^^^^^^^^
  File "/opt/hostedtoolcache/Python/3.12.12/x64/lib/python3.12/site-packages/galaxy/tool_util/verify/interactor.py", line 619, in _get_path_or_location
    path = self.test_data_download(
           ^^^^^^^^^^^^^^^^^^^^^^^^
  File "/opt/hostedtoolcache/Python/3.12.12/x64/lib/python3.12/site-packages/galaxy/tool_util/verify/interactor.py", line 525, in test_data_download
    raise AssertionError(f"Test input file ({filename}) cannot be found.")
AssertionError: Test input file (psm_report.tsv) cannot be found.
"><![CDATA[
                { "execution_problem": "Input staging problem: Traceback (most recent call last):\n  File \"/opt/hostedtoolcache/Python/3.12.12/x64/lib/python3.12/site-packages/galaxy/tool_util/verify/interactor.py\", line 1436, in verify_tool\n    stage_data_in_history(\n  File \"/opt/hostedtoolcache/Python/3.12.12/x64/lib/python3.12/site-packages/galaxy/tool_util/verify/interactor.py\", line 163, in stage_data_in_history\n    test_dict = galaxy_interactor.remote_to_input(\n                ^^^^^^^^^^^^^^^^^^^^^^^^^^^^^^^^^^\n  File \"/opt/hostedtoolcache/Python/3.12.12/x64/lib/python3.12/site-packages/galaxy/tool_util/verify/interactor.py\", line 582, in remote_to_input\n    path_or_location = self._get_path_or_location(\n                       ^^^^^^^^^^^^^^^^^^^^^^^^^^^\n  File \"/opt/hostedtoolcache/Python/3.12.12/x64/lib/python3.12/site-packages/galaxy/tool_util/verify/interactor.py\", line 619, in _get_path_or_location\n    path = self.test_data_download(\n           ^^^^^^^^^^^^^^^^^^^^^^^^\n  File \"/opt/hostedtoolcache/Python/3.12.12/x64/lib/python3.12/site-packages/galaxy/tool_util/verify/interactor.py\", line 525, in test_data_download\n    raise AssertionError(f\"Test input file ({filename}) cannot be found.\")\nAssertionError: Test input file (psm_report.tsv) cannot be found.\n", "status": "error", "test_index": 8, "time_seconds": 0.12407231330871582, "tool_id": "query_tabular", "tool_version": "3.3.2"}
            ]]></error>
        
    </testcase>
    
    <testcase classname="query_tabular (Test #10)" name="9" time="0.12089085578918457">
        
            <error type="error" message="Input staging problem: Traceback (most recent call last):
  File "/opt/hostedtoolcache/Python/3.12.12/x64/lib/python3.12/site-packages/galaxy/tool_util/verify/interactor.py", line 1436, in verify_tool
    stage_data_in_history(
  File "/opt/hostedtoolcache/Python/3.12.12/x64/lib/python3.12/site-packages/galaxy/tool_util/verify/interactor.py", line 163, in stage_data_in_history
    test_dict = galaxy_interactor.remote_to_input(
                ^^^^^^^^^^^^^^^^^^^^^^^^^^^^^^^^^^
  File "/opt/hostedtoolcache/Python/3.12.12/x64/lib/python3.12/site-packages/galaxy/tool_util/verify/interactor.py", line 582, in remote_to_input
    path_or_location = self._get_path_or_location(
                       ^^^^^^^^^^^^^^^^^^^^^^^^^^^
  File "/opt/hostedtoolcache/Python/3.12.12/x64/lib/python3.12/site-packages/galaxy/tool_util/verify/interactor.py", line 619, in _get_path_or_location
    path = self.test_data_download(
           ^^^^^^^^^^^^^^^^^^^^^^^^
  File "/opt/hostedtoolcache/Python/3.12.12/x64/lib/python3.12/site-packages/galaxy/tool_util/verify/interactor.py", line 525, in test_data_download
    raise AssertionError(f"Test input file ({filename}) cannot be found.")
AssertionError: Test input file (netMHC_summary.tsv) cannot be found.
"><![CDATA[
                { "execution_problem": "Input staging problem: Traceback (most recent call last):\n  File \"/opt/hostedtoolcache/Python/3.12.12/x64/lib/python3.12/site-packages/galaxy/tool_util/verify/interactor.py\", line 1436, in verify_tool\n    stage_data_in_history(\n  File \"/opt/hostedtoolcache/Python/3.12.12/x64/lib/python3.12/site-packages/galaxy/tool_util/verify/interactor.py\", line 163, in stage_data_in_history\n    test_dict = galaxy_interactor.remote_to_input(\n                ^^^^^^^^^^^^^^^^^^^^^^^^^^^^^^^^^^\n  File \"/opt/hostedtoolcache/Python/3.12.12/x64/lib/python3.12/site-packages/galaxy/tool_util/verify/interactor.py\", line 582, in remote_to_input\n    path_or_location = self._get_path_or_location(\n                       ^^^^^^^^^^^^^^^^^^^^^^^^^^^\n  File \"/opt/hostedtoolcache/Python/3.12.12/x64/lib/python3.12/site-packages/galaxy/tool_util/verify/interactor.py\", line 619, in _get_path_or_location\n    path = self.test_data_download(\n           ^^^^^^^^^^^^^^^^^^^^^^^^\n  File \"/opt/hostedtoolcache/Python/3.12.12/x64/lib/python3.12/site-packages/galaxy/tool_util/verify/interactor.py\", line 525, in test_data_download\n    raise AssertionError(f\"Test input file ({filename}) cannot be found.\")\nAssertionError: Test input file (netMHC_summary.tsv) cannot be found.\n", "status": "error", "test_index": 9, "time_seconds": 0.12089085578918457, "tool_id": "query_tabular", "tool_version": "3.3.2"}
            ]]></error>
        
    </testcase>
    
    <testcase classname="samtools_mpileup (Test #1)" name="0" time="53.62060499191284">
        
            
            <system-out><![CDATA[
            
            ]]></system-out>
            <system-err><![CDATA[
            [mpileup] 3 samples in 3 input files
            ]]></system-err>
        
    </testcase>
    
    <testcase classname="samtools_mpileup (Test #2)" name="1" time="39.63913655281067">
        
            
            <system-out><![CDATA[
            
            ]]></system-out>
            <system-err><![CDATA[
            [mpileup] 1 samples in 1 input files
            ]]></system-err>
        
    </testcase>
    
    <testcase classname="samtools_mpileup (Test #3)" name="2" time="40.85552954673767">
        
            
            <system-out><![CDATA[
            
            ]]></system-out>
            <system-err><![CDATA[
            [mpileup] 1 samples in 1 input files
            ]]></system-err>
        
    </testcase>
    
    <testcase classname="samtools_mpileup (Test #4)" name="3" time="39.82703447341919">
        
            
            <system-out><![CDATA[
            
            ]]></system-out>
            <system-err><![CDATA[
            [mpileup] 1 samples in 1 input files
            ]]></system-err>
        
    </testcase>
    
    <testcase classname="samtools_mpileup (Test #5)" name="4" time="38.978041648864746">
        
            
            <system-out><![CDATA[
            
            ]]></system-out>
            <system-err><![CDATA[
            [mpileup] 1 samples in 1 input files
            ]]></system-err>
        
    </testcase>
    
    <testcase classname="samtools_mpileup (Test #6)" name="5" time="23.86930227279663">
        
            <error type="error" message="Input staging problem: Traceback (most recent call last):
  File "/opt/hostedtoolcache/Python/3.12.12/x64/lib/python3.12/site-packages/galaxy/tool_util/verify/interactor.py", line 1436, in verify_tool
    stage_data_in_history(
  File "/opt/hostedtoolcache/Python/3.12.12/x64/lib/python3.12/site-packages/galaxy/tool_util/verify/interactor.py", line 175, in stage_data_in_history
    staging_interface.handle_jobs()
  File "/opt/hostedtoolcache/Python/3.12.12/x64/lib/python3.12/site-packages/galaxy/tool_util/verify/interactor.py", line 212, in handle_jobs
    self.galaxy_interactor.wait_for_job(job_response["id"], job_response["history_id"], self.maxseconds)
  File "/opt/hostedtoolcache/Python/3.12.12/x64/lib/python3.12/site-packages/galaxy/tool_util/verify/interactor.py", line 399, in wait_for_job
    self.wait_for(lambda: self.__job_ready(job_id, history_id), maxseconds=maxseconds)
  File "/opt/hostedtoolcache/Python/3.12.12/x64/lib/python3.12/site-packages/galaxy/tool_util/verify/interactor.py", line 403, in wait_for
    wait_on(func, what, walltime_exceeded)
  File "/opt/hostedtoolcache/Python/3.12.12/x64/lib/python3.12/site-packages/galaxy/tool_util/verify/wait.py", line 38, in wait_on
    value = function()
            ^^^^^^^^^^
  File "/opt/hostedtoolcache/Python/3.12.12/x64/lib/python3.12/site-packages/galaxy/tool_util/verify/interactor.py", line 399, in <lambda>
    self.wait_for(lambda: self.__job_ready(job_id, history_id), maxseconds=maxseconds)
                          ^^^^^^^^^^^^^^^^^^^^^^^^^^^^^^^^^^^^
  File "/opt/hostedtoolcache/Python/3.12.12/x64/lib/python3.12/site-packages/galaxy/tool_util/verify/interactor.py", line 749, in __job_ready
    return self._state_ready(job_id, error_msg="Job in error state.")
           ^^^^^^^^^^^^^^^^^^^^^^^^^^^^^^^^^^^^^^^^^^^^^^^^^^^^^^^^^^
  File "/opt/hostedtoolcache/Python/3.12.12/x64/lib/python3.12/site-packages/galaxy/tool_util/verify/interactor.py", line 841, in _state_ready
    raise Exception(
Exception: Job in error state.. tool_id: __DATA_FETCH__, exit_code: None, stderr: .
"><![CDATA[
                { "execution_problem": "Input staging problem: Traceback (most recent call last):\n  File \"/opt/hostedtoolcache/Python/3.12.12/x64/lib/python3.12/site-packages/galaxy/tool_util/verify/interactor.py\", line 1436, in verify_tool\n    stage_data_in_history(\n  File \"/opt/hostedtoolcache/Python/3.12.12/x64/lib/python3.12/site-packages/galaxy/tool_util/verify/interactor.py\", line 175, in stage_data_in_history\n    staging_interface.handle_jobs()\n  File \"/opt/hostedtoolcache/Python/3.12.12/x64/lib/python3.12/site-packages/galaxy/tool_util/verify/interactor.py\", line 212, in handle_jobs\n    self.galaxy_interactor.wait_for_job(job_response[\"id\"], job_response[\"history_id\"], self.maxseconds)\n  File \"/opt/hostedtoolcache/Python/3.12.12/x64/lib/python3.12/site-packages/galaxy/tool_util/verify/interactor.py\", line 399, in wait_for_job\n    self.wait_for(lambda: self.__job_ready(job_id, history_id), maxseconds=maxseconds)\n  File \"/opt/hostedtoolcache/Python/3.12.12/x64/lib/python3.12/site-packages/galaxy/tool_util/verify/interactor.py\", line 403, in wait_for\n    wait_on(func, what, walltime_exceeded)\n  File \"/opt/hostedtoolcache/Python/3.12.12/x64/lib/python3.12/site-packages/galaxy/tool_util/verify/wait.py\", line 38, in wait_on\n    value = function()\n            ^^^^^^^^^^\n  File \"/opt/hostedtoolcache/Python/3.12.12/x64/lib/python3.12/site-packages/galaxy/tool_util/verify/interactor.py\", line 399, in \u003clambda\u003e\n    self.wait_for(lambda: self.__job_ready(job_id, history_id), maxseconds=maxseconds)\n                          ^^^^^^^^^^^^^^^^^^^^^^^^^^^^^^^^^^^^\n  File \"/opt/hostedtoolcache/Python/3.12.12/x64/lib/python3.12/site-packages/galaxy/tool_util/verify/interactor.py\", line 749, in __job_ready\n    return self._state_ready(job_id, error_msg=\"Job in error state.\")\n           ^^^^^^^^^^^^^^^^^^^^^^^^^^^^^^^^^^^^^^^^^^^^^^^^^^^^^^^^^^\n  File \"/opt/hostedtoolcache/Python/3.12.12/x64/lib/python3.12/site-packages/galaxy/tool_util/verify/interactor.py\", line 841, in _state_ready\n    raise Exception(\nException: Job in error state.. tool_id: __DATA_FETCH__, exit_code: None, stderr: .\n", "status": "error", "test_index": 5, "time_seconds": 23.86930227279663, "tool_id": "samtools_mpileup", "tool_version": "2.1.9"}
            ]]></error>
        
    </testcase>
    
    <testcase classname="samtools_phase (Test #1)" name="0" time="43.749648094177246">
        
            
            <system-out><![CDATA[
            
            ]]></system-out>
            <system-err><![CDATA[
            
            ]]></system-err>
        
    </testcase>
    
    <testcase classname="samtools_phase (Test #2)" name="1" time="40.50060701370239">
        
            
            <system-out><![CDATA[
            
            ]]></system-out>
            <system-err><![CDATA[
            
            ]]></system-err>
        
    </testcase>
    
    <testcase classname="samtools_phase (Test #3)" name="2" time="41.678321838378906">
        
            
            <system-out><![CDATA[
            
            ]]></system-out>
            <system-err><![CDATA[
            
            ]]></system-err>
        
    </testcase>
    
    <testcase classname="vcfannotate (Test #1)" name="0" time="47.57751750946045">
        
            
            <system-out><![CDATA[
            
            ]]></system-out>
            <system-err><![CDATA[
            
            ]]></system-err>
        
    </testcase>
    
    <testcase classname="vcfrandomsample (Test #1)" name="0" time="36.99234700202942">
        
            
            <system-out><![CDATA[
            
            ]]></system-out>
            <system-err><![CDATA[
            
            ]]></system-err>
        
    </testcase>
    
</testsuite>