<?xml version="1.0" encoding="UTF-8"?>
<testsuite name="Results (powered by Planemo)"
           tests="86"
           errors="12"
           failures="7"
           skip="0">
    
    <testcase classname="bcftools_convert_from_vcf (Test #1)" name="0" time="44.44752478599548">
        
            
            <system-out><![CDATA[
            
            ]]></system-out>
            <system-err><![CDATA[
            Gen file: /galaxy/server/database/objects/7/2/1/dataset_7217f012-5dd0-4673-89ef-2f265762a1a5.datSample file: /galaxy/server/database/objects/0/e/0/dataset_0e09cea3-9c44-4e94-b653-347ee64e5277.datWarning: non-biallelic records are skipped. Consider splitting multi-allelic records into biallelic records using 'bcftools norm -m-'.32 records written, 1 skipped: 0/1/0/0 no-ALT/non-biallelic/filtered/duplicated
            ]]></system-err>
        
    </testcase>
    
    <testcase classname="bcftools_convert_from_vcf (Test #2)" name="1" time="36.77212381362915">
        
            
            <system-out><![CDATA[
            
            ]]></system-out>
            <system-err><![CDATA[
            Gen file: /galaxy/server/database/objects/3/3/4/dataset_334e60a7-ee2e-4ac5-a39c-cddc34bced4a.datSample file: /galaxy/server/database/objects/8/9/3/dataset_893be114-024f-46a5-acce-edad4c5edbfc.datWarning: non-biallelic records are skipped. Consider splitting multi-allelic records into biallelic records using 'bcftools norm -m-'.32 records written, 1 skipped: 0/1/0/0 no-ALT/non-biallelic/filtered/duplicated
            ]]></system-err>
        
    </testcase>
    
    <testcase classname="bcftools_convert_from_vcf (Test #3)" name="2" time="34.582709074020386">
        
            
            <system-out><![CDATA[
            
            ]]></system-out>
            <system-err><![CDATA[
            Gen file: /galaxy/server/database/objects/4/9/2/dataset_492e0ed6-d80d-4e06-a5df-71282563df08.datSample file: /galaxy/server/database/objects/2/4/d/dataset_24d4625a-d53e-44f6-a6e6-bf126f9f00f0.datWarning: non-biallelic records are skipped. Consider splitting multi-allelic records into biallelic records using 'bcftools norm -m-'.[W::vcf_parse] Contig '2' is not defined in the header. (Quick workaround: index the file with tabix.)10 records written, 8 skipped: 0/6/0/2 no-ALT/non-biallelic/filtered/duplicated
            ]]></system-err>
        
    </testcase>
    
    <testcase classname="bcftools_convert_from_vcf (Test #4)" name="3" time="37.73207974433899">
        
            
            <system-out><![CDATA[
            
            ]]></system-out>
            <system-err><![CDATA[
            Hap file: /galaxy/server/database/objects/1/4/5/dataset_145c5c0a-dde4-448d-9b9e-6b69069811ff.datSample file: /galaxy/server/database/objects/1/c/5/dataset_1c59b9c6-f3e2-4ba1-a9e5-4830bbf2ccb6.datWarning: non-biallelic records are skipped. Consider splitting multi-allelic records into biallelic records using 'bcftools norm -m-'.32 records written, 1 skipped: 0/1/0 no-ALT/non-biallelic/filtered
            ]]></system-err>
        
    </testcase>
    
    <testcase classname="bcftools_convert_from_vcf (Test #5)" name="4" time="36.20283365249634">
        
            
            <system-out><![CDATA[
            
            ]]></system-out>
            <system-err><![CDATA[
            Hap file: /galaxy/server/database/objects/5/a/3/dataset_5a3a61a2-95e4-4b13-b39a-eb72ab693923.datLegend file: /galaxy/server/database/objects/3/c/f/dataset_3cffce97-3bc8-4f3c-b890-bb064ca8551c.datSample file: /galaxy/server/database/objects/2/7/b/dataset_27b0431e-8f15-4e53-8701-b7bda49b24bf.datWarning: non-biallelic records are skipped. Consider splitting multi-allelic records into biallelic records using 'bcftools norm -m-'.32 records written, 1 skipped: 0/1/0 no-ALT/non-biallelic/filtered
            ]]></system-err>
        
    </testcase>
    
    <testcase classname="bcftools_convert_from_vcf (Test #6)" name="5" time="37.540905237197876">
        
            
            <system-out><![CDATA[
            
            ]]></system-out>
            <system-err><![CDATA[
            Hap file: /galaxy/server/database/objects/2/3/2/dataset_2320ce8f-1f08-47b7-a846-6f00fa603cb2.datLegend file: /galaxy/server/database/objects/4/b/c/dataset_4bc0c428-37de-442e-8987-dcee00348d19.datSample file: /galaxy/server/database/objects/f/1/f/dataset_f1f8e62f-48a7-4245-b0c9-f187ad3b0753.datWarning: non-biallelic records are skipped. Consider splitting multi-allelic records into biallelic records using 'bcftools norm -m-'.32 records written, 1 skipped: 0/1/0 no-ALT/non-biallelic/filtered
            ]]></system-err>
        
    </testcase>
    
    <testcase classname="bcftools_convert_from_vcf (Test #7)" name="6" time="36.96277475357056">
        
            
            <system-out><![CDATA[
            
            ]]></system-out>
            <system-err><![CDATA[
            Gen file: /galaxy/server/database/objects/3/6/0/dataset_36035e76-095e-4715-921c-21ee08361a51.datSample file: /galaxy/server/database/objects/3/1/3/dataset_313e689b-4fe9-4ec6-9ee9-34998bb05ba9.datWarning: non-biallelic records are skipped. Consider splitting multi-allelic records into biallelic records using 'bcftools norm -m-'.32 records written, 1 skipped: 0/1/0/0 no-ALT/non-biallelic/filtered/duplicated
            ]]></system-err>
        
    </testcase>
    
    <testcase classname="bcftools_plugin_dosage (Test #1)" name="0" time="27.162983179092407">
        
            
                <error type="error" message="Tool exit code: None"><![CDATA[
                    { "inputs": {  "input_file": {   "id": "a3e501c90c678314",   "src": "hda"  } }, "job": {  "command_line": "export BCFTOOLS_PLUGINS=`which bcftools | sed \u0027s,bin/bcftools,libexec/bcftools,\u0027`;     bgzip -c \u0027/galaxy/server/database/objects/8/d/b/dataset_8db235b5-3460-481b-96ff-7462e8021589.dat\u0027 \u003e input.vcf.gz \u0026\u0026 bcftools index input.vcf.gz \u0026\u0026            bcftools plugin dosage                 input.vcf.gz   \u003e \u0027/galaxy/server/database/objects/5/8/a/dataset_58aedb6c-5f8e-4e9a-af88-186676a4a415.dat\u0027",  "command_version": null,  "copied_from_job_id": null,  "create_time": "2025-11-17T13:36:58.923075",  "dependencies": [],  "exit_code": null,  "external_id": "gxy-7cp9r",  "galaxy_version": "24.1",  "handler": null,  "history_id": "f63817bc2dabd044",  "id": "b55a91ec28a79739",  "inputs": {   "input_file": {    "id": "a3e501c90c678314",    "src": "hda",    "uuid": "8db235b5-3460-481b-96ff-7462e8021589"   }  },  "job_messages": null,  "job_metrics": [],  "job_runner_name": null,  "job_stderr": null,  "job_stdout": null,  "model_class": "Job",  "output_collections": {},  "outputs": {   "output_file": {    "id": "060591c04ebed57c",    "src": "hda",    "uuid": "58aedb6c-5f8e-4e9a-af88-186676a4a415"   }  },  "params": {   "__input_ext": "\"input\"",   "chromInfo": "\"/cvmfs/data.galaxyproject.org/managed/len/ucsc/?.len\"",   "dbkey": "\"?\"",   "sec_plugin": "{\"tags\": \"\"}",   "sec_restrict": "{\"exclude\": null, \"include\": null, \"regions\": {\"__current_case__\": 0, \"regions_src\": \"__none__\"}, \"regions_overlap\": null, \"targets\": {\"__current_case__\": 0, \"targets_src\": \"__none__\"}, \"targets_overlap\": null}"  },  "state": "error",  "stderr": "",  "stdout": "",  "tool_id": "toolshed.g2.bx.psu.edu/repos/iuc/bcftools_plugin_dosage/bcftools_plugin_dosage/1.15.1+galaxy4",  "tool_stderr": "",  "tool_stdout": "",  "update_time": "2025-11-17T13:37:03.998251",  "user_email": "tests@fake.org" }, "output_problems": [  "Job in error state.. tool_id: toolshed.g2.bx.psu.edu/repos/iuc/bcftools_plugin_dosage/bcftools_plugin_dosage/1.15.1+galaxy4, exit_code: None, stderr: .",  "Job in error state.. tool_id: toolshed.g2.bx.psu.edu/repos/iuc/bcftools_plugin_dosage/bcftools_plugin_dosage/1.15.1+galaxy4, exit_code: None, stderr: ." ], "status": "failure", "test_index": 0, "time_seconds": 27.162983179092407, "tool_id": "bcftools_plugin_dosage", "tool_version": "1.15.1+galaxy4"}
                ]]></error>
            
            <system-out><![CDATA[
            
            ]]></system-out>
            <system-err><![CDATA[
            
            ]]></system-err>
        
    </testcase>
    
    <testcase classname="bwameth (Test #1)" name="0" time="13.724236488342285">
        
            <error type="error" message="Input staging problem: Traceback (most recent call last):
  File "/opt/hostedtoolcache/Python/3.12.12/x64/lib/python3.12/site-packages/galaxy/tool_util/verify/interactor.py", line 1436, in verify_tool
    stage_data_in_history(
  File "/opt/hostedtoolcache/Python/3.12.12/x64/lib/python3.12/site-packages/galaxy/tool_util/verify/interactor.py", line 175, in stage_data_in_history
    staging_interface.handle_jobs()
  File "/opt/hostedtoolcache/Python/3.12.12/x64/lib/python3.12/site-packages/galaxy/tool_util/verify/interactor.py", line 212, in handle_jobs
    self.galaxy_interactor.wait_for_job(job_response["id"], job_response["history_id"], self.maxseconds)
  File "/opt/hostedtoolcache/Python/3.12.12/x64/lib/python3.12/site-packages/galaxy/tool_util/verify/interactor.py", line 399, in wait_for_job
    self.wait_for(lambda: self.__job_ready(job_id, history_id), maxseconds=maxseconds)
  File "/opt/hostedtoolcache/Python/3.12.12/x64/lib/python3.12/site-packages/galaxy/tool_util/verify/interactor.py", line 403, in wait_for
    wait_on(func, what, walltime_exceeded)
  File "/opt/hostedtoolcache/Python/3.12.12/x64/lib/python3.12/site-packages/galaxy/tool_util/verify/wait.py", line 38, in wait_on
    value = function()
            ^^^^^^^^^^
  File "/opt/hostedtoolcache/Python/3.12.12/x64/lib/python3.12/site-packages/galaxy/tool_util/verify/interactor.py", line 399, in <lambda>
    self.wait_for(lambda: self.__job_ready(job_id, history_id), maxseconds=maxseconds)
                          ^^^^^^^^^^^^^^^^^^^^^^^^^^^^^^^^^^^^
  File "/opt/hostedtoolcache/Python/3.12.12/x64/lib/python3.12/site-packages/galaxy/tool_util/verify/interactor.py", line 749, in __job_ready
    return self._state_ready(job_id, error_msg="Job in error state.")
           ^^^^^^^^^^^^^^^^^^^^^^^^^^^^^^^^^^^^^^^^^^^^^^^^^^^^^^^^^^
  File "/opt/hostedtoolcache/Python/3.12.12/x64/lib/python3.12/site-packages/galaxy/tool_util/verify/interactor.py", line 841, in _state_ready
    raise Exception(
Exception: Job in error state.. tool_id: __DATA_FETCH__, exit_code: None, stderr: .
"><![CDATA[
                { "execution_problem": "Input staging problem: Traceback (most recent call last):\n  File \"/opt/hostedtoolcache/Python/3.12.12/x64/lib/python3.12/site-packages/galaxy/tool_util/verify/interactor.py\", line 1436, in verify_tool\n    stage_data_in_history(\n  File \"/opt/hostedtoolcache/Python/3.12.12/x64/lib/python3.12/site-packages/galaxy/tool_util/verify/interactor.py\", line 175, in stage_data_in_history\n    staging_interface.handle_jobs()\n  File \"/opt/hostedtoolcache/Python/3.12.12/x64/lib/python3.12/site-packages/galaxy/tool_util/verify/interactor.py\", line 212, in handle_jobs\n    self.galaxy_interactor.wait_for_job(job_response[\"id\"], job_response[\"history_id\"], self.maxseconds)\n  File \"/opt/hostedtoolcache/Python/3.12.12/x64/lib/python3.12/site-packages/galaxy/tool_util/verify/interactor.py\", line 399, in wait_for_job\n    self.wait_for(lambda: self.__job_ready(job_id, history_id), maxseconds=maxseconds)\n  File \"/opt/hostedtoolcache/Python/3.12.12/x64/lib/python3.12/site-packages/galaxy/tool_util/verify/interactor.py\", line 403, in wait_for\n    wait_on(func, what, walltime_exceeded)\n  File \"/opt/hostedtoolcache/Python/3.12.12/x64/lib/python3.12/site-packages/galaxy/tool_util/verify/wait.py\", line 38, in wait_on\n    value = function()\n            ^^^^^^^^^^\n  File \"/opt/hostedtoolcache/Python/3.12.12/x64/lib/python3.12/site-packages/galaxy/tool_util/verify/interactor.py\", line 399, in \u003clambda\u003e\n    self.wait_for(lambda: self.__job_ready(job_id, history_id), maxseconds=maxseconds)\n                          ^^^^^^^^^^^^^^^^^^^^^^^^^^^^^^^^^^^^\n  File \"/opt/hostedtoolcache/Python/3.12.12/x64/lib/python3.12/site-packages/galaxy/tool_util/verify/interactor.py\", line 749, in __job_ready\n    return self._state_ready(job_id, error_msg=\"Job in error state.\")\n           ^^^^^^^^^^^^^^^^^^^^^^^^^^^^^^^^^^^^^^^^^^^^^^^^^^^^^^^^^^\n  File \"/opt/hostedtoolcache/Python/3.12.12/x64/lib/python3.12/site-packages/galaxy/tool_util/verify/interactor.py\", line 841, in _state_ready\n    raise Exception(\nException: Job in error state.. tool_id: __DATA_FETCH__, exit_code: None, stderr: .\n", "status": "error", "test_index": 0, "time_seconds": 13.724236488342285, "tool_id": "bwameth", "tool_version": "0.2.9+galaxy0"}
            ]]></error>
        
    </testcase>
    
    <testcase classname="bwameth (Test #2)" name="1" time="69.87485074996948">
        
            
            <system-out><![CDATA[
            
            ]]></system-out>
            <system-err><![CDATA[
            converting c2t in index_dir/genome.fa to index_dir/genome.fa.bwameth.c2tindexing with bwa-mem: index_dir/genome.fa.bwameth.c2t[bwa_index] Pack FASTA... 0.02 sec[bwa_index] Construct BWT for the packed sequence...[BWTIncCreate] textLength=3600000, availableWord=4573648[bwt_gen] Finished constructing BWT in 5 iterations.[bwa_index] 0.69 seconds elapse.[bwa_index] Update BWT... 0.01 sec[bwa_index] Pack forward-only FASTA... 0.01 sec[bwa_index] Construct SA from BWT and Occ... 0.18 sec[main] Version: 0.7.19-r1273[main] CMD: bwa index -a bwtsw index_dir/genome.fa.bwameth.c2t[main] Real time: 0.995 sec; CPU: 0.915 sec--------------------Found BWA MEM indexrunning: /usr/local/bin/python /usr/local/bin/bwameth.py c2t input_f.fastq.gz input_r.fastq.gz |bwa mem -T 40 -B 2 -L 10 -CM -U 100 -p -R '@RG\tID:input_\tSM:input_' -t 8  index_dir/genome.fa.bwameth.c2t /dev/stdin--------------------[M::bwa_idx_load_from_disk] read 0 ALT contigsconverting reads in input_f.fastq.gz,input_r.fastq.gz[M::process] read 200 sequences (20200 bp)...[M::process] 0 single-end sequences; 200 paired-end sequences[M::mem_pestat] # candidate unique pairs for (FF, FR, RF, RR): (0, 97, 0, 0)[M::mem_pestat] skip orientation FF as there are not enough pairs[M::mem_pestat] analyzing insert size distribution for orientation FR...[M::mem_pestat] (25, 50, 75) percentile: (108, 141, 169)[M::mem_pestat] low and high boundaries for computing mean and std.dev: (1, 291)[M::mem_pestat] mean and std.dev: (138.16, 39.31)[M::mem_pestat] low and high boundaries for proper pairs: (1, 352)[M::mem_pestat] skip orientation RF as there are not enough pairs[M::mem_pestat] skip orientation RR as there are not enough pairs[M::mem_process_seqs] Processed 200 reads in 0.024 CPU sec, 0.007 real sec[main] Version: 0.7.19-r1273[main] CMD: bwa mem -T 40 -B 2 -L 10 -CM -U 100 -p -R @RG\tID:input_\tSM:input_ -t 8 index_dir/genome.fa.bwameth.c2t /dev/stdin[main] Real time: 0.121 sec; CPU: 0.030 sec
            ]]></system-err>
        
    </testcase>
    
    <testcase classname="deeptools_correct_gc_bias (Test #1)" name="0" time="63.76940608024597">
        
            
            <system-out><![CDATA[
            applying correctiongenome partition size for multiprocessing: 319326using region None{'chr2L': 'chr2L'} {'chr2L': 'chr2L'}using 8 processors for 73 number of tasksconcatenating (sorted) intermediate BAMsindexing BAMSam for chr2L 5747868 6067194 ForkPoolWorker-7,  processing 0 (0.0 per sec) reads @ chr2L:5747868-6067194duplicated reads removed 0 of 0 (0.00) Sam for chr2L 6067194 6386520 ForkPoolWorker-7,  processing 0 (0.0 per sec) reads @ chr2L:6067194-6386520duplicated reads removed 0 of 0 (0.00) Sam for chr2L 6386520 6705846 ForkPoolWorker-7,  processing 0 (0.0 per sec) reads @ chr2L:6386520-6705846duplicated reads removed 0 of 0 (0.00) Sam for chr2L 12453714 12773040 ForkPoolWorker-7,  processing 0 (0.0 per sec) reads @ chr2L:12453714-12773040duplicated reads removed 0 of 0 (0.00) Sam for chr2L 12773040 13092366 ForkPoolWorker-7,  processing 0 (0.0 per sec) reads @ chr2L:12773040-13092366duplicated reads removed 0 of 0 (0.00) Sam for chr2L 13092366 13411692 ForkPoolWorker-7,  processing 0 (0.0 per sec) reads @ chr2L:13092366-13411692duplicated reads removed 0 of 0 (0.00) Sam for chr2L 17243604 17562930 ForkPoolWorker-7,  processing 0 (0.0 per sec) reads @ chr2L:17243604-17562930duplicated reads removed 0 of 0 (0.00) Sam for chr2L 17562930 17882256 ForkPoolWorker-7,  processing 0 (0.0 per sec) reads @ chr2L:17562930-17882256duplicated reads removed 0 of 0 (0.00) Sam for chr2L 17882256 18201582 ForkPoolWorker-7,  processing 0 (0.0 per sec) reads @ chr2L:17882256-18201582duplicated reads removed 0 of 0 (0.00) Sam for chr2L 3831912 4151238 ForkPoolWorker-5,  processing 0 (0.0 per sec) reads @ chr2L:3831912-4151238duplicated reads removed 0 of 0 (0.00) Sam for chr2L 4151238 4470564 ForkPoolWorker-5,  processing 0 (0.0 per sec) reads @ chr2L:4151238-4470564duplicated reads removed 0 of 0 (0.00) Sam for chr2L 4470564 4789890 ForkPoolWorker-5,  processing 0 (0.0 per sec) reads @ chr2L:4470564-4789890duplicated reads removed 0 of 0 (0.00) Sam for chr2L 10537758 10857084 ForkPoolWorker-5,  processing 0 (0.0 per sec) reads @ chr2L:10537758-10857084duplicated reads removed 0 of 0 (0.00) Sam for chr2L 10857084 11176410 ForkPoolWorker-5,  processing 0 (0.0 per sec) reads @ chr2L:10857084-11176410duplicated reads removed 0 of 0 (0.00) Sam for chr2L 11176410 11495736 ForkPoolWorker-5,  processing 0 (0.0 per sec) reads @ chr2L:11176410-11495736duplicated reads removed 0 of 0 (0.00) Sam for chr2L 19159560 19478886 ForkPoolWorker-5,  processing 0 (0.0 per sec) reads @ chr2L:19159560-19478886duplicated reads removed 0 of 0 (0.00) Sam for chr2L 19478886 19798212 ForkPoolWorker-5,  processing 0 (0.0 per sec) reads @ chr2L:19478886-19798212duplicated reads removed 0 of 0 (0.00) Sam for chr2L 19798212 20117538 ForkPoolWorker-5,  processing 0 (0.0 per sec) reads @ chr2L:19798212-20117538duplicated reads removed 0 of 0 (0.00) Sam for chr2L 6705846 7025172 ForkPoolWorker-8,  processing 0 (0.0 per sec) reads @ chr2L:6705846-7025172duplicated reads removed 0 of 0 (0.00) Sam for chr2L 7025172 7344498 ForkPoolWorker-8,  processing 0 (0.0 per sec) reads @ chr2L:7025172-7344498duplicated reads removed 0 of 0 (0.00) Sam for chr2L 7344498 7663824 ForkPoolWorker-8,  processing 0 (0.0 per sec) reads @ chr2L:7344498-7663824duplicated reads removed 0 of 0 (0.00) Sam for chr2L 13411692 13731018 ForkPoolWorker-8,  processing 0 (0.0 per sec) reads @ chr2L:13411692-13731018duplicated reads removed 0 of 0 (0.00) Sam for chr2L 13731018 14050344 ForkPoolWorker-8,  processing 0 (0.0 per sec) reads @ chr2L:13731018-14050344duplicated reads removed 0 of 0 (0.00) Sam for chr2L 14050344 14369670 ForkPoolWorker-8,  processing 0 (0.0 per sec) reads @ chr2L:14050344-14369670duplicated reads removed 0 of 0 (0.00) Sam for chr2L 18201582 18520908 ForkPoolWorker-8,  processing 0 (0.0 per sec) reads @ chr2L:18201582-18520908duplicated reads removed 0 of 0 (0.00) Sam for chr2L 18520908 18840234 ForkPoolWorker-8,  processing 0 (0.0 per sec) reads @ chr2L:18520908-18840234duplicated reads removed 0 of 0 (0.00) Sam for chr2L 18840234 19159560 ForkPoolWorker-8,  processing 0 (0.0 per sec) reads @ chr2L:18840234-19159560duplicated reads removed 0 of 0 (0.00) Sam for chr2L 957978 1277304 ForkPoolWorker-2,  processing 0 (0.0 per sec) reads @ chr2L:957978-1277304duplicated reads removed 0 of 0 (0.00) Sam for chr2L 1277304 1596630 ForkPoolWorker-2,  processing 0 (0.0 per sec) reads @ chr2L:1277304-1596630duplicated reads removed 0 of 0 (0.00) Sam for chr2L 1596630 1915956 ForkPoolWorker-2,  processing 0 (0.0 per sec) reads @ chr2L:1596630-1915956duplicated reads removed 0 of 0 (0.00) Sam for chr2L 8621802 8941128 ForkPoolWorker-2,  processing 0 (0.0 per sec) reads @ chr2L:8621802-8941128duplicated reads removed 0 of 0 (0.00) Sam for chr2L 8941128 9260454 ForkPoolWorker-2,  processing 0 (0.0 per sec) reads @ chr2L:8941128-9260454duplicated reads removed 0 of 0 (0.00) Sam for chr2L 9260454 9579780 ForkPoolWorker-2,  processing 0 (0.0 per sec) reads @ chr2L:9260454-9579780duplicated reads removed 0 of 0 (0.00) Sam for chr2L 15327648 15646974 ForkPoolWorker-2,  processing 0 (0.0 per sec) reads @ chr2L:15327648-15646974duplicated reads removed 0 of 0 (0.00) Sam for chr2L 15646974 15966300 ForkPoolWorker-2,  processing 0 (0.0 per sec) reads @ chr2L:15646974-15966300duplicated reads removed 0 of 0 (0.00) Sam for chr2L 15966300 16285626 ForkPoolWorker-2,  processing 0 (0.0 per sec) reads @ chr2L:15966300-16285626duplicated reads removed 0 of 0 (0.00) Sam for chr2L 22991472 23011544 ForkPoolWorker-2,  processing 0 (0.0 per sec) reads @ chr2L:22991472-23011544duplicated reads removed 0 of 0 (0.00) Sam for chr2L 2873934 3193260 ForkPoolWorker-4,  processing 0 (0.0 per sec) reads @ chr2L:2873934-3193260duplicated reads removed 0 of 0 (0.00) Sam for chr2L 3193260 3512586 ForkPoolWorker-4,  processing 0 (0.0 per sec) reads @ chr2L:3193260-3512586duplicated reads removed 0 of 0 (0.00) Sam for chr2L 3512586 3831912 ForkPoolWorker-4,  processing 0 (0.0 per sec) reads @ chr2L:3512586-3831912duplicated reads removed 0 of 0 (0.00) Sam for chr2L 9579780 9899106 ForkPoolWorker-4,  processing 0 (0.0 per sec) reads @ chr2L:9579780-9899106duplicated reads removed 0 of 0 (0.00) Sam for chr2L 9899106 10218432 ForkPoolWorker-4,  processing 0 (0.0 per sec) reads @ chr2L:9899106-10218432duplicated reads removed 0 of 0 (0.00) Sam for chr2L 10218432 10537758 ForkPoolWorker-4,  processing 0 (0.0 per sec) reads @ chr2L:10218432-10537758duplicated reads removed 0 of 0 (0.00) Sam for chr2L 20117538 20436864 ForkPoolWorker-4,  processing 0 (0.0 per sec) reads @ chr2L:20117538-20436864duplicated reads removed 0 of 0 (0.00) Sam for chr2L 20436864 20756190 ForkPoolWorker-4,  processing 0 (0.0 per sec) reads @ chr2L:20436864-20756190duplicated reads removed 0 of 0 (0.00) Sam for chr2L 20756190 21075516 ForkPoolWorker-4,  processing 0 (0.0 per sec) reads @ chr2L:20756190-21075516duplicated reads removed 0 of 0 (0.00) Sam for chr2L 1915956 2235282 ForkPoolWorker-3,  processing 0 (0.0 per sec) reads @ chr2L:1915956-2235282duplicated reads removed 0 of 0 (0.00) Sam for chr2L 2235282 2554608 ForkPoolWorker-3,  processing 0 (0.0 per sec) reads @ chr2L:2235282-2554608duplicated reads removed 0 of 0 (0.00) Sam for chr2L 2554608 2873934 ForkPoolWorker-3,  processing 0 (0.0 per sec) reads @ chr2L:2554608-2873934duplicated reads removed 0 of 0 (0.00) Sam for chr2L 11495736 11815062 ForkPoolWorker-3,  processing 0 (0.0 per sec) reads @ chr2L:11495736-11815062duplicated reads removed 0 of 0 (0.00) Sam for chr2L 11815062 12134388 ForkPoolWorker-3,  processing 0 (0.0 per sec) reads @ chr2L:11815062-12134388duplicated reads removed 0 of 0 (0.00) Sam for chr2L 12134388 12453714 ForkPoolWorker-3,  processing 0 (0.0 per sec) reads @ chr2L:12134388-12453714duplicated reads removed 0 of 0 (0.00) Sam for chr2L 16285626 16604952 ForkPoolWorker-3,  processing 0 (0.0 per sec) reads @ chr2L:16285626-16604952duplicated reads removed 0 of 0 (0.00) Sam for chr2L 16604952 16924278 ForkPoolWorker-3,  processing 0 (0.0 per sec) reads @ chr2L:16604952-16924278duplicated reads removed 0 of 0 (0.00) Sam for chr2L 16924278 17243604 ForkPoolWorker-3,  processing 0 (0.0 per sec) reads @ chr2L:16924278-17243604duplicated reads removed 0 of 0 (0.00) Sam for chr2L 22033494 22352820 ForkPoolWorker-3,  processing 0 (0.0 per sec) reads @ chr2L:22033494-22352820duplicated reads removed 0 of 0 (0.00) Sam for chr2L 22352820 22672146 ForkPoolWorker-3,  processing 0 (0.0 per sec) reads @ chr2L:22352820-22672146duplicated reads removed 0 of 0 (0.00) Sam for chr2L 22672146 22991472 ForkPoolWorker-3,  processing 0 (0.0 per sec) reads @ chr2L:22672146-22991472duplicated reads removed 0 of 0 (0.00) Sam for chr2L 4789890 5109216 ForkPoolWorker-6,  processing 0 (0.0 per sec) reads @ chr2L:4789890-5109216duplicated reads removed 0 of 0 (0.00) Sam for chr2L 5109216 5428542 ForkPoolWorker-6,  processing 0 (0.0 per sec) reads @ chr2L:5109216-5428542duplicated reads removed 0 of 0 (0.00) Sam for chr2L 5428542 5747868 ForkPoolWorker-6,  processing 0 (0.0 per sec) reads @ chr2L:5428542-5747868duplicated reads removed 0 of 0 (0.00) Sam for chr2L 7663824 7983150 ForkPoolWorker-6,  processing 0 (0.0 per sec) reads @ chr2L:7663824-7983150duplicated reads removed 0 of 0 (0.00) Sam for chr2L 7983150 8302476 ForkPoolWorker-6,  processing 0 (0.0 per sec) reads @ chr2L:7983150-8302476duplicated reads removed 0 of 0 (0.00) Sam for chr2L 8302476 8621802 ForkPoolWorker-6,  processing 0 (0.0 per sec) reads @ chr2L:8302476-8621802duplicated reads removed 0 of 0 (0.00) Sam for chr2L 14369670 14688996 ForkPoolWorker-6,  processing 0 (0.0 per sec) reads @ chr2L:14369670-14688996duplicated reads removed 0 of 0 (0.00) Sam for chr2L 14688996 15008322 ForkPoolWorker-6,  processing 0 (0.0 per sec) reads @ chr2L:14688996-15008322duplicated reads removed 0 of 0 (0.00) Sam for chr2L 15008322 15327648 ForkPoolWorker-6,  processing 0 (0.0 per sec) reads @ chr2L:15008322-15327648duplicated reads removed 0 of 0 (0.00) Sam for chr2L 21075516 21394842 ForkPoolWorker-6,  processing 0 (0.0 per sec) reads @ chr2L:21075516-21394842duplicated reads removed 0 of 0 (0.00) Sam for chr2L 21394842 21714168 ForkPoolWorker-6,  processing 0 (0.0 per sec) reads @ chr2L:21394842-21714168duplicated reads removed 0 of 0 (0.00) Sam for chr2L 21714168 22033494 ForkPoolWorker-6,  processing 0 (0.0 per sec) reads @ chr2L:21714168-22033494duplicated reads removed 0 of 0 (0.00) Sam for chr2L 0 319326 ForkPoolWorker-1,  processing 12589 (16489.8 per sec) reads @ chr2L:0-319326duplicated reads removed 426 of 12589 (3.38) Sam for chr2L 319326 638652 ForkPoolWorker-1,  processing 0 (0.0 per sec) reads @ chr2L:319326-638652duplicated reads removed 0 of 0 (0.00) Sam for chr2L 638652 957978 ForkPoolWorker-1,  processing 0 (0.0 per sec) reads @ chr2L:638652-957978duplicated reads removed 0 of 0 (0.00) 
            ]]></system-out>
            <system-err><![CDATA[
            [E::idx_find_and_load] Could not retrieve index file for '/galaxy/server/database/jobs_directory/000/140/tmp/_deeptools_j1lcjnyq.bam'[E::idx_find_and_load] Could not retrieve index file for '/galaxy/server/database/jobs_directory/000/140/tmp/_deeptools_j1lcjnyq.bam'[E::idx_find_and_load] Could not retrieve index file for '/galaxy/server/database/jobs_directory/000/140/tmp/_deeptools_phkyesgg.bam'[E::idx_find_and_load] Could not retrieve index file for '/galaxy/server/database/jobs_directory/000/140/tmp/_deeptools_wr5lyb30.bam'[E::idx_find_and_load] Could not retrieve index file for '/galaxy/server/database/jobs_directory/000/140/tmp/_deeptools__tab7u7t.bam'[E::idx_find_and_load] Could not retrieve index file for '/galaxy/server/database/jobs_directory/000/140/tmp/_deeptools_9psq566x.bam'[E::idx_find_and_load] Could not retrieve index file for '/galaxy/server/database/jobs_directory/000/140/tmp/_deeptools_adky_xqn.bam'[E::idx_find_and_load] Could not retrieve index file for '/galaxy/server/database/jobs_directory/000/140/tmp/_deeptools_ku72f2_n.bam'[E::idx_find_and_load] Could not retrieve index file for '/galaxy/server/database/jobs_directory/000/140/tmp/_deeptools_7jcnf161.bam'[E::idx_find_and_load] Could not retrieve index file for '/galaxy/server/database/jobs_directory/000/140/tmp/_deeptools_q7aioxo5.bam'[E::idx_find_and_load] Could not retrieve index file for '/galaxy/server/database/jobs_directory/000/140/tmp/_deeptools_1pgjwi5_.bam'[E::idx_find_and_load] Could not retrieve index file for '/galaxy/server/database/jobs_directory/000/140/tmp/_deeptools_znou2ibb.bam'[E::idx_find_and_load] Could not retrieve index file for '/galaxy/server/database/jobs_directory/000/140/tmp/_deeptools_aqizwzfj.bam'[E::idx_find_and_load] Could not retrieve index file for '/galaxy/server/database/jobs_directory/000/140/tmp/_deeptools_szr3r38t.bam'[E::idx_find_and_load] Could not retrieve index file for '/galaxy/server/database/jobs_directory/000/140/tmp/_deeptools_bn7a5kei.bam'[E::idx_find_and_load] Could not retrieve index file for '/galaxy/server/database/jobs_directory/000/140/tmp/_deeptools_ymkub7b1.bam'[E::idx_find_and_load] Could not retrieve index file for '/galaxy/server/database/jobs_directory/000/140/tmp/_deeptools_sgg7r4xm.bam'[E::idx_find_and_load] Could not retrieve index file for '/galaxy/server/database/jobs_directory/000/140/tmp/_deeptools_kuenhi_x.bam'[E::idx_find_and_load] Could not retrieve index file for '/galaxy/server/database/jobs_directory/000/140/tmp/_deeptools_epp4rnq9.bam'[E::idx_find_and_load] Could not retrieve index file for '/galaxy/server/database/jobs_directory/000/140/tmp/_deeptools_21f6m9cp.bam'[E::idx_find_and_load] Could not retrieve index file for '/galaxy/server/database/jobs_directory/000/140/tmp/_deeptools_3i5uqi2a.bam'[E::idx_find_and_load] Could not retrieve index file for '/galaxy/server/database/jobs_directory/000/140/tmp/_deeptools_x5wr1w3h.bam'[E::idx_find_and_load] Could not retrieve index file for '/galaxy/server/database/jobs_directory/000/140/tmp/_deeptools_015rn06a.bam'[E::idx_find_and_load] Could not retrieve index file for '/galaxy/server/database/jobs_directory/000/140/tmp/_deeptools_yxz1mz8m.bam'[E::idx_find_and_load] Could not retrieve index file for '/galaxy/server/database/jobs_directory/000/140/tmp/_deeptools_82wr8qx5.bam'[E::idx_find_and_load] Could not retrieve index file for '/galaxy/server/database/jobs_directory/000/140/tmp/_deeptools_smu_tgno.bam'[E::idx_find_and_load] Could not retrieve index file for '/galaxy/server/database/jobs_directory/000/140/tmp/_deeptools_k6osfea1.bam'[E::idx_find_and_load] Could not retrieve index file for '/galaxy/server/database/jobs_directory/000/140/tmp/_deeptools_vjy6z558.bam'[E::idx_find_and_load] Could not retrieve index file for '/galaxy/server/database/jobs_directory/000/140/tmp/_deeptools_i1cq5jni.bam'[E::idx_find_and_load] Could not retrieve index file for '/galaxy/server/database/jobs_directory/000/140/tmp/_deeptools_rkm3g8sp.bam'[E::idx_find_and_load] Could not retrieve index file for '/galaxy/server/database/jobs_directory/000/140/tmp/_deeptools_ifp43ei0.bam'[E::idx_find_and_load] Could not retrieve index file for '/galaxy/server/database/jobs_directory/000/140/tmp/_deeptools_0kv0oe4g.bam'[E::idx_find_and_load] Could not retrieve index file for '/galaxy/server/database/jobs_directory/000/140/tmp/_deeptools_7rg4829g.bam'[E::idx_find_and_load] Could not retrieve index file for '/galaxy/server/database/jobs_directory/000/140/tmp/_deeptools_dzxfs4xx.bam'[E::idx_find_and_load] Could not retrieve index file for '/galaxy/server/database/jobs_directory/000/140/tmp/_deeptools_247i1qhu.bam'[E::idx_find_and_load] Could not retrieve index file for '/galaxy/server/database/jobs_directory/000/140/tmp/_deeptools_k36n0e9b.bam'[E::idx_find_and_load] Could not retrieve index file for '/galaxy/server/database/jobs_directory/000/140/tmp/_deeptools__d7vfz2_.bam'[E::idx_find_and_load] Could not retrieve index file for '/galaxy/server/database/jobs_directory/000/140/tmp/_deeptools_ntox2oxh.bam'[E::idx_find_and_load] Could not retrieve index file for '/galaxy/server/database/jobs_directory/000/140/tmp/_deeptools_cmz9iga3.bam'[E::idx_find_and_load] Could not retrieve index file for '/galaxy/server/database/jobs_directory/000/140/tmp/_deeptools_ypodeyfe.bam'[E::idx_find_and_load] Could not retrieve index file for '/galaxy/server/database/jobs_directory/000/140/tmp/_deeptools_2o61731w.bam'[E::idx_find_and_load] Could not retrieve index file for '/galaxy/server/database/jobs_directory/000/140/tmp/_deeptools_bhcwou9o.bam'[E::idx_find_and_load] Could not retrieve index file for '/galaxy/server/database/jobs_directory/000/140/tmp/_deeptools_a1fz7h3y.bam'[E::idx_find_and_load] Could not retrieve index file for '/galaxy/server/database/jobs_directory/000/140/tmp/_deeptools_3ga4jn3r.bam'[E::idx_find_and_load] Could not retrieve index file for '/galaxy/server/database/jobs_directory/000/140/tmp/_deeptools_ie41_rl1.bam'[E::idx_find_and_load] Could not retrieve index file for '/galaxy/server/database/jobs_directory/000/140/tmp/_deeptools_qlsb4tuh.bam'[E::idx_find_and_load] Could not retrieve index file for '/galaxy/server/database/jobs_directory/000/140/tmp/_deeptools_sg1jzncw.bam'[E::idx_find_and_load] Could not retrieve index file for '/galaxy/server/database/jobs_directory/000/140/tmp/_deeptools_veikmuw_.bam'[E::idx_find_and_load] Could not retrieve index file for '/galaxy/server/database/jobs_directory/000/140/tmp/_deeptools__hrtpm3v.bam'[E::idx_find_and_load] Could not retrieve index file for '/galaxy/server/database/jobs_directory/000/140/tmp/_deeptools_xhiawb80.bam'[E::idx_find_and_load] Could not retrieve index file for '/galaxy/server/database/jobs_directory/000/140/tmp/_deeptools_q6epmnux.bam'[E::idx_find_and_load] Could not retrieve index file for '/galaxy/server/database/jobs_directory/000/140/tmp/_deeptools_o45vzlos.bam'[E::idx_find_and_load] Could not retrieve index file for '/galaxy/server/database/jobs_directory/000/140/tmp/_deeptools_rm9zte6_.bam'[E::idx_find_and_load] Could not retrieve index file for '/galaxy/server/database/jobs_directory/000/140/tmp/_deeptools_zo5rokjw.bam'[E::idx_find_and_load] Could not retrieve index file for '/galaxy/server/database/jobs_directory/000/140/tmp/_deeptools_lhpvuua5.bam'[E::idx_find_and_load] Could not retrieve index file for '/galaxy/server/database/jobs_directory/000/140/tmp/_deeptools_e3ccaeep.bam'[E::idx_find_and_load] Could not retrieve index file for '/galaxy/server/database/jobs_directory/000/140/tmp/_deeptools_nn59vlrj.bam'[E::idx_find_and_load] Could not retrieve index file for '/galaxy/server/database/jobs_directory/000/140/tmp/_deeptools_hj6danni.bam'[E::idx_find_and_load] Could not retrieve index file for '/galaxy/server/database/jobs_directory/000/140/tmp/_deeptools_97i6tti1.bam'[E::idx_find_and_load] Could not retrieve index file for '/galaxy/server/database/jobs_directory/000/140/tmp/_deeptools_zqtzws1f.bam'[E::idx_find_and_load] Could not retrieve index file for '/galaxy/server/database/jobs_directory/000/140/tmp/_deeptools_fs5_jmfq.bam'[E::idx_find_and_load] Could not retrieve index file for '/galaxy/server/database/jobs_directory/000/140/tmp/_deeptools_90il0i8_.bam'[E::idx_find_and_load] Could not retrieve index file for '/galaxy/server/database/jobs_directory/000/140/tmp/_deeptools_7g1mmr4p.bam'[E::idx_find_and_load] Could not retrieve index file for '/galaxy/server/database/jobs_directory/000/140/tmp/_deeptools_qchkpa3j.bam'[E::idx_find_and_load] Could not retrieve index file for '/galaxy/server/database/jobs_directory/000/140/tmp/_deeptools_ufi9721c.bam'[E::idx_find_and_load] Could not retrieve index file for '/galaxy/server/database/jobs_directory/000/140/tmp/_deeptools_4qxr5d_z.bam'[E::idx_find_and_load] Could not retrieve index file for '/galaxy/server/database/jobs_directory/000/140/tmp/_deeptools_ho13j87y.bam'[E::idx_find_and_load] Could not retrieve index file for '/galaxy/server/database/jobs_directory/000/140/tmp/_deeptools_aq_w_9yk.bam'[E::idx_find_and_load] Could not retrieve index file for '/galaxy/server/database/jobs_directory/000/140/tmp/_deeptools_hr_24vzr.bam'[E::idx_find_and_load] Could not retrieve index file for '/galaxy/server/database/jobs_directory/000/140/tmp/_deeptools_h6mg1lrq.bam'[E::idx_find_and_load] Could not retrieve index file for '/galaxy/server/database/jobs_directory/000/140/tmp/_deeptools_nj1kx4lq.bam'[E::idx_find_and_load] Could not retrieve index file for '/galaxy/server/database/jobs_directory/000/140/tmp/_deeptools_1236y60b.bam'[E::idx_find_and_load] Could not retrieve index file for '/galaxy/server/database/jobs_directory/000/140/tmp/_deeptools_9c_2sgy7.bam'[E::idx_find_and_load] Could not retrieve index file for '/galaxy/server/database/jobs_directory/000/140/tmp/_deeptools_x0751zra.bam'
            ]]></system-err>
        
    </testcase>
    
    <testcase classname="edger (Test #1)" name="0" time="11.911257028579712">
        
            <error type="error" message="Input staging problem: Traceback (most recent call last):
  File "/opt/hostedtoolcache/Python/3.12.12/x64/lib/python3.12/site-packages/galaxy/tool_util/verify/interactor.py", line 1436, in verify_tool
    stage_data_in_history(
  File "/opt/hostedtoolcache/Python/3.12.12/x64/lib/python3.12/site-packages/galaxy/tool_util/verify/interactor.py", line 175, in stage_data_in_history
    staging_interface.handle_jobs()
  File "/opt/hostedtoolcache/Python/3.12.12/x64/lib/python3.12/site-packages/galaxy/tool_util/verify/interactor.py", line 212, in handle_jobs
    self.galaxy_interactor.wait_for_job(job_response["id"], job_response["history_id"], self.maxseconds)
  File "/opt/hostedtoolcache/Python/3.12.12/x64/lib/python3.12/site-packages/galaxy/tool_util/verify/interactor.py", line 399, in wait_for_job
    self.wait_for(lambda: self.__job_ready(job_id, history_id), maxseconds=maxseconds)
  File "/opt/hostedtoolcache/Python/3.12.12/x64/lib/python3.12/site-packages/galaxy/tool_util/verify/interactor.py", line 403, in wait_for
    wait_on(func, what, walltime_exceeded)
  File "/opt/hostedtoolcache/Python/3.12.12/x64/lib/python3.12/site-packages/galaxy/tool_util/verify/wait.py", line 38, in wait_on
    value = function()
            ^^^^^^^^^^
  File "/opt/hostedtoolcache/Python/3.12.12/x64/lib/python3.12/site-packages/galaxy/tool_util/verify/interactor.py", line 399, in <lambda>
    self.wait_for(lambda: self.__job_ready(job_id, history_id), maxseconds=maxseconds)
                          ^^^^^^^^^^^^^^^^^^^^^^^^^^^^^^^^^^^^
  File "/opt/hostedtoolcache/Python/3.12.12/x64/lib/python3.12/site-packages/galaxy/tool_util/verify/interactor.py", line 749, in __job_ready
    return self._state_ready(job_id, error_msg="Job in error state.")
           ^^^^^^^^^^^^^^^^^^^^^^^^^^^^^^^^^^^^^^^^^^^^^^^^^^^^^^^^^^
  File "/opt/hostedtoolcache/Python/3.12.12/x64/lib/python3.12/site-packages/galaxy/tool_util/verify/interactor.py", line 841, in _state_ready
    raise Exception(
Exception: Job in error state.. tool_id: __DATA_FETCH__, exit_code: None, stderr: .
"><![CDATA[
                { "execution_problem": "Input staging problem: Traceback (most recent call last):\n  File \"/opt/hostedtoolcache/Python/3.12.12/x64/lib/python3.12/site-packages/galaxy/tool_util/verify/interactor.py\", line 1436, in verify_tool\n    stage_data_in_history(\n  File \"/opt/hostedtoolcache/Python/3.12.12/x64/lib/python3.12/site-packages/galaxy/tool_util/verify/interactor.py\", line 175, in stage_data_in_history\n    staging_interface.handle_jobs()\n  File \"/opt/hostedtoolcache/Python/3.12.12/x64/lib/python3.12/site-packages/galaxy/tool_util/verify/interactor.py\", line 212, in handle_jobs\n    self.galaxy_interactor.wait_for_job(job_response[\"id\"], job_response[\"history_id\"], self.maxseconds)\n  File \"/opt/hostedtoolcache/Python/3.12.12/x64/lib/python3.12/site-packages/galaxy/tool_util/verify/interactor.py\", line 399, in wait_for_job\n    self.wait_for(lambda: self.__job_ready(job_id, history_id), maxseconds=maxseconds)\n  File \"/opt/hostedtoolcache/Python/3.12.12/x64/lib/python3.12/site-packages/galaxy/tool_util/verify/interactor.py\", line 403, in wait_for\n    wait_on(func, what, walltime_exceeded)\n  File \"/opt/hostedtoolcache/Python/3.12.12/x64/lib/python3.12/site-packages/galaxy/tool_util/verify/wait.py\", line 38, in wait_on\n    value = function()\n            ^^^^^^^^^^\n  File \"/opt/hostedtoolcache/Python/3.12.12/x64/lib/python3.12/site-packages/galaxy/tool_util/verify/interactor.py\", line 399, in \u003clambda\u003e\n    self.wait_for(lambda: self.__job_ready(job_id, history_id), maxseconds=maxseconds)\n                          ^^^^^^^^^^^^^^^^^^^^^^^^^^^^^^^^^^^^\n  File \"/opt/hostedtoolcache/Python/3.12.12/x64/lib/python3.12/site-packages/galaxy/tool_util/verify/interactor.py\", line 749, in __job_ready\n    return self._state_ready(job_id, error_msg=\"Job in error state.\")\n           ^^^^^^^^^^^^^^^^^^^^^^^^^^^^^^^^^^^^^^^^^^^^^^^^^^^^^^^^^^\n  File \"/opt/hostedtoolcache/Python/3.12.12/x64/lib/python3.12/site-packages/galaxy/tool_util/verify/interactor.py\", line 841, in _state_ready\n    raise Exception(\nException: Job in error state.. tool_id: __DATA_FETCH__, exit_code: None, stderr: .\n", "status": "error", "test_index": 0, "time_seconds": 11.911257028579712, "tool_id": "edger", "tool_version": "3.36.0+galaxy7"}
            ]]></error>
        
    </testcase>
    
    <testcase classname="edger (Test #2)" name="1" time="62.9467236995697">
        
            
            <system-out><![CDATA[
            
            ]]></system-out>
            <system-err><![CDATA[
            Warning message:In Sys.setlocale("LC_MESSAGES", "en_US.UTF-8") :  OS reports request to set locale to "en_US.UTF-8" cannot be honoredWarning message:In plot.xy(xy, type, ...) : NAs introduced by coercionWarning message:In plot.xy(xy, type, ...) : NAs introduced by coercion
            ]]></system-err>
        
    </testcase>
    
    <testcase classname="edger (Test #11)" name="10" time="40.631646394729614">
        
            
            <system-out><![CDATA[
            
            ]]></system-out>
            <system-err><![CDATA[
            Warning message:In Sys.setlocale("LC_MESSAGES", "en_US.UTF-8") :  OS reports request to set locale to "en_US.UTF-8" cannot be honoredWarning message:In plot.xy(xy, type, ...) : NAs introduced by coercionWarning message:In plot.xy(xy, type, ...) : NAs introduced by coercion
            ]]></system-err>
        
    </testcase>
    
    <testcase classname="edger (Test #12)" name="11" time="11.521900653839111">
        
            <error type="error" message="Input staging problem: Traceback (most recent call last):
  File "/opt/hostedtoolcache/Python/3.12.12/x64/lib/python3.12/site-packages/galaxy/tool_util/verify/interactor.py", line 1436, in verify_tool
    stage_data_in_history(
  File "/opt/hostedtoolcache/Python/3.12.12/x64/lib/python3.12/site-packages/galaxy/tool_util/verify/interactor.py", line 175, in stage_data_in_history
    staging_interface.handle_jobs()
  File "/opt/hostedtoolcache/Python/3.12.12/x64/lib/python3.12/site-packages/galaxy/tool_util/verify/interactor.py", line 212, in handle_jobs
    self.galaxy_interactor.wait_for_job(job_response["id"], job_response["history_id"], self.maxseconds)
  File "/opt/hostedtoolcache/Python/3.12.12/x64/lib/python3.12/site-packages/galaxy/tool_util/verify/interactor.py", line 399, in wait_for_job
    self.wait_for(lambda: self.__job_ready(job_id, history_id), maxseconds=maxseconds)
  File "/opt/hostedtoolcache/Python/3.12.12/x64/lib/python3.12/site-packages/galaxy/tool_util/verify/interactor.py", line 403, in wait_for
    wait_on(func, what, walltime_exceeded)
  File "/opt/hostedtoolcache/Python/3.12.12/x64/lib/python3.12/site-packages/galaxy/tool_util/verify/wait.py", line 38, in wait_on
    value = function()
            ^^^^^^^^^^
  File "/opt/hostedtoolcache/Python/3.12.12/x64/lib/python3.12/site-packages/galaxy/tool_util/verify/interactor.py", line 399, in <lambda>
    self.wait_for(lambda: self.__job_ready(job_id, history_id), maxseconds=maxseconds)
                          ^^^^^^^^^^^^^^^^^^^^^^^^^^^^^^^^^^^^
  File "/opt/hostedtoolcache/Python/3.12.12/x64/lib/python3.12/site-packages/galaxy/tool_util/verify/interactor.py", line 749, in __job_ready
    return self._state_ready(job_id, error_msg="Job in error state.")
           ^^^^^^^^^^^^^^^^^^^^^^^^^^^^^^^^^^^^^^^^^^^^^^^^^^^^^^^^^^
  File "/opt/hostedtoolcache/Python/3.12.12/x64/lib/python3.12/site-packages/galaxy/tool_util/verify/interactor.py", line 841, in _state_ready
    raise Exception(
Exception: Job in error state.. tool_id: __DATA_FETCH__, exit_code: None, stderr: .
"><![CDATA[
                { "execution_problem": "Input staging problem: Traceback (most recent call last):\n  File \"/opt/hostedtoolcache/Python/3.12.12/x64/lib/python3.12/site-packages/galaxy/tool_util/verify/interactor.py\", line 1436, in verify_tool\n    stage_data_in_history(\n  File \"/opt/hostedtoolcache/Python/3.12.12/x64/lib/python3.12/site-packages/galaxy/tool_util/verify/interactor.py\", line 175, in stage_data_in_history\n    staging_interface.handle_jobs()\n  File \"/opt/hostedtoolcache/Python/3.12.12/x64/lib/python3.12/site-packages/galaxy/tool_util/verify/interactor.py\", line 212, in handle_jobs\n    self.galaxy_interactor.wait_for_job(job_response[\"id\"], job_response[\"history_id\"], self.maxseconds)\n  File \"/opt/hostedtoolcache/Python/3.12.12/x64/lib/python3.12/site-packages/galaxy/tool_util/verify/interactor.py\", line 399, in wait_for_job\n    self.wait_for(lambda: self.__job_ready(job_id, history_id), maxseconds=maxseconds)\n  File \"/opt/hostedtoolcache/Python/3.12.12/x64/lib/python3.12/site-packages/galaxy/tool_util/verify/interactor.py\", line 403, in wait_for\n    wait_on(func, what, walltime_exceeded)\n  File \"/opt/hostedtoolcache/Python/3.12.12/x64/lib/python3.12/site-packages/galaxy/tool_util/verify/wait.py\", line 38, in wait_on\n    value = function()\n            ^^^^^^^^^^\n  File \"/opt/hostedtoolcache/Python/3.12.12/x64/lib/python3.12/site-packages/galaxy/tool_util/verify/interactor.py\", line 399, in \u003clambda\u003e\n    self.wait_for(lambda: self.__job_ready(job_id, history_id), maxseconds=maxseconds)\n                          ^^^^^^^^^^^^^^^^^^^^^^^^^^^^^^^^^^^^\n  File \"/opt/hostedtoolcache/Python/3.12.12/x64/lib/python3.12/site-packages/galaxy/tool_util/verify/interactor.py\", line 749, in __job_ready\n    return self._state_ready(job_id, error_msg=\"Job in error state.\")\n           ^^^^^^^^^^^^^^^^^^^^^^^^^^^^^^^^^^^^^^^^^^^^^^^^^^^^^^^^^^\n  File \"/opt/hostedtoolcache/Python/3.12.12/x64/lib/python3.12/site-packages/galaxy/tool_util/verify/interactor.py\", line 841, in _state_ready\n    raise Exception(\nException: Job in error state.. tool_id: __DATA_FETCH__, exit_code: None, stderr: .\n", "status": "error", "test_index": 11, "time_seconds": 11.521900653839111, "tool_id": "edger", "tool_version": "3.36.0+galaxy7"}
            ]]></error>
        
    </testcase>
    
    <testcase classname="edger (Test #13)" name="12" time="42.18535351753235">
        
            
            <system-out><![CDATA[
            
            ]]></system-out>
            <system-err><![CDATA[
            Warning message:In Sys.setlocale("LC_MESSAGES", "en_US.UTF-8") :  OS reports request to set locale to "en_US.UTF-8" cannot be honoredWarning message:In plot.xy(xy, type, ...) : NAs introduced by coercionWarning message:In plot.xy(xy, type, ...) : NAs introduced by coercionWarning messages:1: In plot.xy(xy, type, ...) : NAs introduced by coercion2: In plot.xy(xy, type, ...) : NAs introduced by coercion
            ]]></system-err>
        
    </testcase>
    
    <testcase classname="edger (Test #14)" name="13" time="12.960117816925049">
        
            <error type="error" message="Input staging problem: Traceback (most recent call last):
  File "/opt/hostedtoolcache/Python/3.12.12/x64/lib/python3.12/site-packages/galaxy/tool_util/verify/interactor.py", line 1436, in verify_tool
    stage_data_in_history(
  File "/opt/hostedtoolcache/Python/3.12.12/x64/lib/python3.12/site-packages/galaxy/tool_util/verify/interactor.py", line 175, in stage_data_in_history
    staging_interface.handle_jobs()
  File "/opt/hostedtoolcache/Python/3.12.12/x64/lib/python3.12/site-packages/galaxy/tool_util/verify/interactor.py", line 212, in handle_jobs
    self.galaxy_interactor.wait_for_job(job_response["id"], job_response["history_id"], self.maxseconds)
  File "/opt/hostedtoolcache/Python/3.12.12/x64/lib/python3.12/site-packages/galaxy/tool_util/verify/interactor.py", line 399, in wait_for_job
    self.wait_for(lambda: self.__job_ready(job_id, history_id), maxseconds=maxseconds)
  File "/opt/hostedtoolcache/Python/3.12.12/x64/lib/python3.12/site-packages/galaxy/tool_util/verify/interactor.py", line 403, in wait_for
    wait_on(func, what, walltime_exceeded)
  File "/opt/hostedtoolcache/Python/3.12.12/x64/lib/python3.12/site-packages/galaxy/tool_util/verify/wait.py", line 38, in wait_on
    value = function()
            ^^^^^^^^^^
  File "/opt/hostedtoolcache/Python/3.12.12/x64/lib/python3.12/site-packages/galaxy/tool_util/verify/interactor.py", line 399, in <lambda>
    self.wait_for(lambda: self.__job_ready(job_id, history_id), maxseconds=maxseconds)
                          ^^^^^^^^^^^^^^^^^^^^^^^^^^^^^^^^^^^^
  File "/opt/hostedtoolcache/Python/3.12.12/x64/lib/python3.12/site-packages/galaxy/tool_util/verify/interactor.py", line 749, in __job_ready
    return self._state_ready(job_id, error_msg="Job in error state.")
           ^^^^^^^^^^^^^^^^^^^^^^^^^^^^^^^^^^^^^^^^^^^^^^^^^^^^^^^^^^
  File "/opt/hostedtoolcache/Python/3.12.12/x64/lib/python3.12/site-packages/galaxy/tool_util/verify/interactor.py", line 841, in _state_ready
    raise Exception(
Exception: Job in error state.. tool_id: __DATA_FETCH__, exit_code: None, stderr: .
"><![CDATA[
                { "execution_problem": "Input staging problem: Traceback (most recent call last):\n  File \"/opt/hostedtoolcache/Python/3.12.12/x64/lib/python3.12/site-packages/galaxy/tool_util/verify/interactor.py\", line 1436, in verify_tool\n    stage_data_in_history(\n  File \"/opt/hostedtoolcache/Python/3.12.12/x64/lib/python3.12/site-packages/galaxy/tool_util/verify/interactor.py\", line 175, in stage_data_in_history\n    staging_interface.handle_jobs()\n  File \"/opt/hostedtoolcache/Python/3.12.12/x64/lib/python3.12/site-packages/galaxy/tool_util/verify/interactor.py\", line 212, in handle_jobs\n    self.galaxy_interactor.wait_for_job(job_response[\"id\"], job_response[\"history_id\"], self.maxseconds)\n  File \"/opt/hostedtoolcache/Python/3.12.12/x64/lib/python3.12/site-packages/galaxy/tool_util/verify/interactor.py\", line 399, in wait_for_job\n    self.wait_for(lambda: self.__job_ready(job_id, history_id), maxseconds=maxseconds)\n  File \"/opt/hostedtoolcache/Python/3.12.12/x64/lib/python3.12/site-packages/galaxy/tool_util/verify/interactor.py\", line 403, in wait_for\n    wait_on(func, what, walltime_exceeded)\n  File \"/opt/hostedtoolcache/Python/3.12.12/x64/lib/python3.12/site-packages/galaxy/tool_util/verify/wait.py\", line 38, in wait_on\n    value = function()\n            ^^^^^^^^^^\n  File \"/opt/hostedtoolcache/Python/3.12.12/x64/lib/python3.12/site-packages/galaxy/tool_util/verify/interactor.py\", line 399, in \u003clambda\u003e\n    self.wait_for(lambda: self.__job_ready(job_id, history_id), maxseconds=maxseconds)\n                          ^^^^^^^^^^^^^^^^^^^^^^^^^^^^^^^^^^^^\n  File \"/opt/hostedtoolcache/Python/3.12.12/x64/lib/python3.12/site-packages/galaxy/tool_util/verify/interactor.py\", line 749, in __job_ready\n    return self._state_ready(job_id, error_msg=\"Job in error state.\")\n           ^^^^^^^^^^^^^^^^^^^^^^^^^^^^^^^^^^^^^^^^^^^^^^^^^^^^^^^^^^\n  File \"/opt/hostedtoolcache/Python/3.12.12/x64/lib/python3.12/site-packages/galaxy/tool_util/verify/interactor.py\", line 841, in _state_ready\n    raise Exception(\nException: Job in error state.. tool_id: __DATA_FETCH__, exit_code: None, stderr: .\n", "status": "error", "test_index": 13, "time_seconds": 12.960117816925049, "tool_id": "edger", "tool_version": "3.36.0+galaxy7"}
            ]]></error>
        
    </testcase>
    
    <testcase classname="edger (Test #15)" name="14" time="43.26104235649109">
        
            
            <system-out><![CDATA[
            
            ]]></system-out>
            <system-err><![CDATA[
            Warning message:In Sys.setlocale("LC_MESSAGES", "en_US.UTF-8") :  OS reports request to set locale to "en_US.UTF-8" cannot be honoredWarning message:In plot.xy(xy, type, ...) : NAs introduced by coercionWarning message:In plot.xy(xy, type, ...) : NAs introduced by coercionWarning messages:1: In plot.xy(xy, type, ...) : NAs introduced by coercion2: In plot.xy(xy, type, ...) : NAs introduced by coercion
            ]]></system-err>
        
    </testcase>
    
    <testcase classname="edger (Test #3)" name="2" time="41.59552717208862">
        
            
            <system-out><![CDATA[
            
            ]]></system-out>
            <system-err><![CDATA[
            Warning message:In Sys.setlocale("LC_MESSAGES", "en_US.UTF-8") :  OS reports request to set locale to "en_US.UTF-8" cannot be honoredWarning message:In plot.xy(xy, type, ...) : NAs introduced by coercionWarning message:In plot.xy(xy, type, ...) : NAs introduced by coercion
            ]]></system-err>
        
    </testcase>
    
    <testcase classname="edger (Test #4)" name="3" time="41.08568525314331">
        
            
            <system-out><![CDATA[
            
            ]]></system-out>
            <system-err><![CDATA[
            Warning message:In Sys.setlocale("LC_MESSAGES", "en_US.UTF-8") :  OS reports request to set locale to "en_US.UTF-8" cannot be honoredWarning message:In plot.xy(xy, type, ...) : NAs introduced by coercionWarning message:In plot.xy(xy, type, ...) : NAs introduced by coercion
            ]]></system-err>
        
    </testcase>
    
    <testcase classname="edger (Test #5)" name="4" time="12.15933871269226">
        
            <error type="error" message="Input staging problem: Traceback (most recent call last):
  File "/opt/hostedtoolcache/Python/3.12.12/x64/lib/python3.12/site-packages/galaxy/tool_util/verify/interactor.py", line 1436, in verify_tool
    stage_data_in_history(
  File "/opt/hostedtoolcache/Python/3.12.12/x64/lib/python3.12/site-packages/galaxy/tool_util/verify/interactor.py", line 175, in stage_data_in_history
    staging_interface.handle_jobs()
  File "/opt/hostedtoolcache/Python/3.12.12/x64/lib/python3.12/site-packages/galaxy/tool_util/verify/interactor.py", line 212, in handle_jobs
    self.galaxy_interactor.wait_for_job(job_response["id"], job_response["history_id"], self.maxseconds)
  File "/opt/hostedtoolcache/Python/3.12.12/x64/lib/python3.12/site-packages/galaxy/tool_util/verify/interactor.py", line 399, in wait_for_job
    self.wait_for(lambda: self.__job_ready(job_id, history_id), maxseconds=maxseconds)
  File "/opt/hostedtoolcache/Python/3.12.12/x64/lib/python3.12/site-packages/galaxy/tool_util/verify/interactor.py", line 403, in wait_for
    wait_on(func, what, walltime_exceeded)
  File "/opt/hostedtoolcache/Python/3.12.12/x64/lib/python3.12/site-packages/galaxy/tool_util/verify/wait.py", line 38, in wait_on
    value = function()
            ^^^^^^^^^^
  File "/opt/hostedtoolcache/Python/3.12.12/x64/lib/python3.12/site-packages/galaxy/tool_util/verify/interactor.py", line 399, in <lambda>
    self.wait_for(lambda: self.__job_ready(job_id, history_id), maxseconds=maxseconds)
                          ^^^^^^^^^^^^^^^^^^^^^^^^^^^^^^^^^^^^
  File "/opt/hostedtoolcache/Python/3.12.12/x64/lib/python3.12/site-packages/galaxy/tool_util/verify/interactor.py", line 749, in __job_ready
    return self._state_ready(job_id, error_msg="Job in error state.")
           ^^^^^^^^^^^^^^^^^^^^^^^^^^^^^^^^^^^^^^^^^^^^^^^^^^^^^^^^^^
  File "/opt/hostedtoolcache/Python/3.12.12/x64/lib/python3.12/site-packages/galaxy/tool_util/verify/interactor.py", line 841, in _state_ready
    raise Exception(
Exception: Job in error state.. tool_id: __DATA_FETCH__, exit_code: None, stderr: .
"><![CDATA[
                { "execution_problem": "Input staging problem: Traceback (most recent call last):\n  File \"/opt/hostedtoolcache/Python/3.12.12/x64/lib/python3.12/site-packages/galaxy/tool_util/verify/interactor.py\", line 1436, in verify_tool\n    stage_data_in_history(\n  File \"/opt/hostedtoolcache/Python/3.12.12/x64/lib/python3.12/site-packages/galaxy/tool_util/verify/interactor.py\", line 175, in stage_data_in_history\n    staging_interface.handle_jobs()\n  File \"/opt/hostedtoolcache/Python/3.12.12/x64/lib/python3.12/site-packages/galaxy/tool_util/verify/interactor.py\", line 212, in handle_jobs\n    self.galaxy_interactor.wait_for_job(job_response[\"id\"], job_response[\"history_id\"], self.maxseconds)\n  File \"/opt/hostedtoolcache/Python/3.12.12/x64/lib/python3.12/site-packages/galaxy/tool_util/verify/interactor.py\", line 399, in wait_for_job\n    self.wait_for(lambda: self.__job_ready(job_id, history_id), maxseconds=maxseconds)\n  File \"/opt/hostedtoolcache/Python/3.12.12/x64/lib/python3.12/site-packages/galaxy/tool_util/verify/interactor.py\", line 403, in wait_for\n    wait_on(func, what, walltime_exceeded)\n  File \"/opt/hostedtoolcache/Python/3.12.12/x64/lib/python3.12/site-packages/galaxy/tool_util/verify/wait.py\", line 38, in wait_on\n    value = function()\n            ^^^^^^^^^^\n  File \"/opt/hostedtoolcache/Python/3.12.12/x64/lib/python3.12/site-packages/galaxy/tool_util/verify/interactor.py\", line 399, in \u003clambda\u003e\n    self.wait_for(lambda: self.__job_ready(job_id, history_id), maxseconds=maxseconds)\n                          ^^^^^^^^^^^^^^^^^^^^^^^^^^^^^^^^^^^^\n  File \"/opt/hostedtoolcache/Python/3.12.12/x64/lib/python3.12/site-packages/galaxy/tool_util/verify/interactor.py\", line 749, in __job_ready\n    return self._state_ready(job_id, error_msg=\"Job in error state.\")\n           ^^^^^^^^^^^^^^^^^^^^^^^^^^^^^^^^^^^^^^^^^^^^^^^^^^^^^^^^^^\n  File \"/opt/hostedtoolcache/Python/3.12.12/x64/lib/python3.12/site-packages/galaxy/tool_util/verify/interactor.py\", line 841, in _state_ready\n    raise Exception(\nException: Job in error state.. tool_id: __DATA_FETCH__, exit_code: None, stderr: .\n", "status": "error", "test_index": 4, "time_seconds": 12.15933871269226, "tool_id": "edger", "tool_version": "3.36.0+galaxy7"}
            ]]></error>
        
    </testcase>
    
    <testcase classname="edger (Test #6)" name="5" time="43.500887870788574">
        
            
            <system-out><![CDATA[
            
            ]]></system-out>
            <system-err><![CDATA[
            Warning message:In Sys.setlocale("LC_MESSAGES", "en_US.UTF-8") :  OS reports request to set locale to "en_US.UTF-8" cannot be honoredWarning message:In plot.xy(xy, type, ...) : NAs introduced by coercionWarning message:In plot.xy(xy, type, ...) : NAs introduced by coercionWarning messages:1: In plot.xy(xy, type, ...) : NAs introduced by coercion2: In plot.xy(xy, type, ...) : NAs introduced by coercion
            ]]></system-err>
        
    </testcase>
    
    <testcase classname="edger (Test #7)" name="6" time="38.63659381866455">
        
            
            <system-out><![CDATA[
            
            ]]></system-out>
            <system-err><![CDATA[
            Warning message:In Sys.setlocale("LC_MESSAGES", "en_US.UTF-8") :  OS reports request to set locale to "en_US.UTF-8" cannot be honoredWarning message:In plot.xy(xy, type, ...) : NAs introduced by coercionWarning message:In plot.xy(xy, type, ...) : NAs introduced by coercion
            ]]></system-err>
        
    </testcase>
    
    <testcase classname="edger (Test #8)" name="7" time="39.16242432594299">
        
            
            <system-out><![CDATA[
            
            ]]></system-out>
            <system-err><![CDATA[
            Warning message:In Sys.setlocale("LC_MESSAGES", "en_US.UTF-8") :  OS reports request to set locale to "en_US.UTF-8" cannot be honoredWarning message:In plot.xy(xy, type, ...) : NAs introduced by coercionWarning message:In plot.xy(xy, type, ...) : NAs introduced by coercion
            ]]></system-err>
        
    </testcase>
    
    <testcase classname="edger (Test #9)" name="8" time="33.541095495224">
        
            <error type="error" message="Input staging problem: Traceback (most recent call last):
  File "/opt/hostedtoolcache/Python/3.12.12/x64/lib/python3.12/site-packages/galaxy/tool_util/verify/interactor.py", line 1436, in verify_tool
    stage_data_in_history(
  File "/opt/hostedtoolcache/Python/3.12.12/x64/lib/python3.12/site-packages/galaxy/tool_util/verify/interactor.py", line 175, in stage_data_in_history
    staging_interface.handle_jobs()
  File "/opt/hostedtoolcache/Python/3.12.12/x64/lib/python3.12/site-packages/galaxy/tool_util/verify/interactor.py", line 212, in handle_jobs
    self.galaxy_interactor.wait_for_job(job_response["id"], job_response["history_id"], self.maxseconds)
  File "/opt/hostedtoolcache/Python/3.12.12/x64/lib/python3.12/site-packages/galaxy/tool_util/verify/interactor.py", line 399, in wait_for_job
    self.wait_for(lambda: self.__job_ready(job_id, history_id), maxseconds=maxseconds)
  File "/opt/hostedtoolcache/Python/3.12.12/x64/lib/python3.12/site-packages/galaxy/tool_util/verify/interactor.py", line 403, in wait_for
    wait_on(func, what, walltime_exceeded)
  File "/opt/hostedtoolcache/Python/3.12.12/x64/lib/python3.12/site-packages/galaxy/tool_util/verify/wait.py", line 38, in wait_on
    value = function()
            ^^^^^^^^^^
  File "/opt/hostedtoolcache/Python/3.12.12/x64/lib/python3.12/site-packages/galaxy/tool_util/verify/interactor.py", line 399, in <lambda>
    self.wait_for(lambda: self.__job_ready(job_id, history_id), maxseconds=maxseconds)
                          ^^^^^^^^^^^^^^^^^^^^^^^^^^^^^^^^^^^^
  File "/opt/hostedtoolcache/Python/3.12.12/x64/lib/python3.12/site-packages/galaxy/tool_util/verify/interactor.py", line 749, in __job_ready
    return self._state_ready(job_id, error_msg="Job in error state.")
           ^^^^^^^^^^^^^^^^^^^^^^^^^^^^^^^^^^^^^^^^^^^^^^^^^^^^^^^^^^
  File "/opt/hostedtoolcache/Python/3.12.12/x64/lib/python3.12/site-packages/galaxy/tool_util/verify/interactor.py", line 841, in _state_ready
    raise Exception(
Exception: Job in error state.. tool_id: __DATA_FETCH__, exit_code: None, stderr: .
"><![CDATA[
                { "execution_problem": "Input staging problem: Traceback (most recent call last):\n  File \"/opt/hostedtoolcache/Python/3.12.12/x64/lib/python3.12/site-packages/galaxy/tool_util/verify/interactor.py\", line 1436, in verify_tool\n    stage_data_in_history(\n  File \"/opt/hostedtoolcache/Python/3.12.12/x64/lib/python3.12/site-packages/galaxy/tool_util/verify/interactor.py\", line 175, in stage_data_in_history\n    staging_interface.handle_jobs()\n  File \"/opt/hostedtoolcache/Python/3.12.12/x64/lib/python3.12/site-packages/galaxy/tool_util/verify/interactor.py\", line 212, in handle_jobs\n    self.galaxy_interactor.wait_for_job(job_response[\"id\"], job_response[\"history_id\"], self.maxseconds)\n  File \"/opt/hostedtoolcache/Python/3.12.12/x64/lib/python3.12/site-packages/galaxy/tool_util/verify/interactor.py\", line 399, in wait_for_job\n    self.wait_for(lambda: self.__job_ready(job_id, history_id), maxseconds=maxseconds)\n  File \"/opt/hostedtoolcache/Python/3.12.12/x64/lib/python3.12/site-packages/galaxy/tool_util/verify/interactor.py\", line 403, in wait_for\n    wait_on(func, what, walltime_exceeded)\n  File \"/opt/hostedtoolcache/Python/3.12.12/x64/lib/python3.12/site-packages/galaxy/tool_util/verify/wait.py\", line 38, in wait_on\n    value = function()\n            ^^^^^^^^^^\n  File \"/opt/hostedtoolcache/Python/3.12.12/x64/lib/python3.12/site-packages/galaxy/tool_util/verify/interactor.py\", line 399, in \u003clambda\u003e\n    self.wait_for(lambda: self.__job_ready(job_id, history_id), maxseconds=maxseconds)\n                          ^^^^^^^^^^^^^^^^^^^^^^^^^^^^^^^^^^^^\n  File \"/opt/hostedtoolcache/Python/3.12.12/x64/lib/python3.12/site-packages/galaxy/tool_util/verify/interactor.py\", line 749, in __job_ready\n    return self._state_ready(job_id, error_msg=\"Job in error state.\")\n           ^^^^^^^^^^^^^^^^^^^^^^^^^^^^^^^^^^^^^^^^^^^^^^^^^^^^^^^^^^\n  File \"/opt/hostedtoolcache/Python/3.12.12/x64/lib/python3.12/site-packages/galaxy/tool_util/verify/interactor.py\", line 841, in _state_ready\n    raise Exception(\nException: Job in error state.. tool_id: __DATA_FETCH__, exit_code: None, stderr: .\n", "status": "error", "test_index": 8, "time_seconds": 33.541095495224, "tool_id": "edger", "tool_version": "3.36.0+galaxy7"}
            ]]></error>
        
    </testcase>
    
    <testcase classname="edger (Test #10)" name="9" time="12.229275703430176">
        
            <error type="error" message="Input staging problem: Traceback (most recent call last):
  File "/opt/hostedtoolcache/Python/3.12.12/x64/lib/python3.12/site-packages/galaxy/tool_util/verify/interactor.py", line 1436, in verify_tool
    stage_data_in_history(
  File "/opt/hostedtoolcache/Python/3.12.12/x64/lib/python3.12/site-packages/galaxy/tool_util/verify/interactor.py", line 175, in stage_data_in_history
    staging_interface.handle_jobs()
  File "/opt/hostedtoolcache/Python/3.12.12/x64/lib/python3.12/site-packages/galaxy/tool_util/verify/interactor.py", line 212, in handle_jobs
    self.galaxy_interactor.wait_for_job(job_response["id"], job_response["history_id"], self.maxseconds)
  File "/opt/hostedtoolcache/Python/3.12.12/x64/lib/python3.12/site-packages/galaxy/tool_util/verify/interactor.py", line 399, in wait_for_job
    self.wait_for(lambda: self.__job_ready(job_id, history_id), maxseconds=maxseconds)
  File "/opt/hostedtoolcache/Python/3.12.12/x64/lib/python3.12/site-packages/galaxy/tool_util/verify/interactor.py", line 403, in wait_for
    wait_on(func, what, walltime_exceeded)
  File "/opt/hostedtoolcache/Python/3.12.12/x64/lib/python3.12/site-packages/galaxy/tool_util/verify/wait.py", line 38, in wait_on
    value = function()
            ^^^^^^^^^^
  File "/opt/hostedtoolcache/Python/3.12.12/x64/lib/python3.12/site-packages/galaxy/tool_util/verify/interactor.py", line 399, in <lambda>
    self.wait_for(lambda: self.__job_ready(job_id, history_id), maxseconds=maxseconds)
                          ^^^^^^^^^^^^^^^^^^^^^^^^^^^^^^^^^^^^
  File "/opt/hostedtoolcache/Python/3.12.12/x64/lib/python3.12/site-packages/galaxy/tool_util/verify/interactor.py", line 749, in __job_ready
    return self._state_ready(job_id, error_msg="Job in error state.")
           ^^^^^^^^^^^^^^^^^^^^^^^^^^^^^^^^^^^^^^^^^^^^^^^^^^^^^^^^^^
  File "/opt/hostedtoolcache/Python/3.12.12/x64/lib/python3.12/site-packages/galaxy/tool_util/verify/interactor.py", line 841, in _state_ready
    raise Exception(
Exception: Job in error state.. tool_id: __DATA_FETCH__, exit_code: None, stderr: .
"><![CDATA[
                { "execution_problem": "Input staging problem: Traceback (most recent call last):\n  File \"/opt/hostedtoolcache/Python/3.12.12/x64/lib/python3.12/site-packages/galaxy/tool_util/verify/interactor.py\", line 1436, in verify_tool\n    stage_data_in_history(\n  File \"/opt/hostedtoolcache/Python/3.12.12/x64/lib/python3.12/site-packages/galaxy/tool_util/verify/interactor.py\", line 175, in stage_data_in_history\n    staging_interface.handle_jobs()\n  File \"/opt/hostedtoolcache/Python/3.12.12/x64/lib/python3.12/site-packages/galaxy/tool_util/verify/interactor.py\", line 212, in handle_jobs\n    self.galaxy_interactor.wait_for_job(job_response[\"id\"], job_response[\"history_id\"], self.maxseconds)\n  File \"/opt/hostedtoolcache/Python/3.12.12/x64/lib/python3.12/site-packages/galaxy/tool_util/verify/interactor.py\", line 399, in wait_for_job\n    self.wait_for(lambda: self.__job_ready(job_id, history_id), maxseconds=maxseconds)\n  File \"/opt/hostedtoolcache/Python/3.12.12/x64/lib/python3.12/site-packages/galaxy/tool_util/verify/interactor.py\", line 403, in wait_for\n    wait_on(func, what, walltime_exceeded)\n  File \"/opt/hostedtoolcache/Python/3.12.12/x64/lib/python3.12/site-packages/galaxy/tool_util/verify/wait.py\", line 38, in wait_on\n    value = function()\n            ^^^^^^^^^^\n  File \"/opt/hostedtoolcache/Python/3.12.12/x64/lib/python3.12/site-packages/galaxy/tool_util/verify/interactor.py\", line 399, in \u003clambda\u003e\n    self.wait_for(lambda: self.__job_ready(job_id, history_id), maxseconds=maxseconds)\n                          ^^^^^^^^^^^^^^^^^^^^^^^^^^^^^^^^^^^^\n  File \"/opt/hostedtoolcache/Python/3.12.12/x64/lib/python3.12/site-packages/galaxy/tool_util/verify/interactor.py\", line 749, in __job_ready\n    return self._state_ready(job_id, error_msg=\"Job in error state.\")\n           ^^^^^^^^^^^^^^^^^^^^^^^^^^^^^^^^^^^^^^^^^^^^^^^^^^^^^^^^^^\n  File \"/opt/hostedtoolcache/Python/3.12.12/x64/lib/python3.12/site-packages/galaxy/tool_util/verify/interactor.py\", line 841, in _state_ready\n    raise Exception(\nException: Job in error state.. tool_id: __DATA_FETCH__, exit_code: None, stderr: .\n", "status": "error", "test_index": 9, "time_seconds": 12.229275703430176, "tool_id": "edger", "tool_version": "3.36.0+galaxy7"}
            ]]></error>
        
    </testcase>
    
    <testcase classname="fastq_groomer (Test #1)" name="0" time="41.75386834144592">
        
            
            <system-out><![CDATA[
            Groomed 2 sanger reads into sanger reads.Based upon quality and sequence, the input data is valid for: sanger, sanger.gz, sanger.bz2Input ASCII range: '!'(33) - '~'(126)Input decimal range: 0 - 93
            ]]></system-out>
            <system-err><![CDATA[
            
            ]]></system-err>
        
    </testcase>
    
    <testcase classname="fastq_groomer (Test #2)" name="1" time="37.60963010787964">
        
            
            <system-out><![CDATA[
            Groomed 2 sanger reads into sanger reads.Based upon quality and sequence, the input data is valid for: sanger, sanger.gz, sanger.bz2Input ASCII range: '!'(33) - '~'(126)Input decimal range: 0 - 93
            ]]></system-out>
            <system-err><![CDATA[
            
            ]]></system-err>
        
    </testcase>
    
    <testcase classname="fastq_groomer (Test #11)" name="10" time="35.91464018821716">
        
            
            <system-out><![CDATA[
            Groomed 2 illumina reads into solexa reads.Converted between Solexa and PHRED scores.Based upon quality and sequence, the input data is valid for: illumina, illumina.gz, illumina.bz2, solexa, solexa.gz, solexa.bz2, sanger, sanger.gz, sanger.bz2Input ASCII range: '@'(64) - '~'(126)Input decimal range: 0 - 62
            ]]></system-out>
            <system-err><![CDATA[
            
            ]]></system-err>
        
    </testcase>
    
    <testcase classname="fastq_groomer (Test #12)" name="11" time="37.436763048172">
        
            
            <system-out><![CDATA[
            Groomed 2 illumina reads into cssanger reads.Based upon quality and sequence, the input data is valid for: illumina, illumina.gz, illumina.bz2, solexa, solexa.gz, solexa.bz2, sanger, sanger.gz, sanger.bz2Input ASCII range: '@'(64) - '~'(126)Input decimal range: 0 - 62
            ]]></system-out>
            <system-err><![CDATA[
            
            ]]></system-err>
        
    </testcase>
    
    <testcase classname="fastq_groomer (Test #13)" name="12" time="36.413533449172974">
        
            
            <system-out><![CDATA[
            Groomed 2 sanger reads into sanger reads.Based upon quality and sequence, the input data is valid for: sanger, sanger.gz, sanger.bz2Input ASCII range: '!'(33) - '~'(126)Input decimal range: 0 - 93
            ]]></system-out>
            <system-err><![CDATA[
            
            ]]></system-err>
        
    </testcase>
    
    <testcase classname="fastq_groomer (Test #14)" name="13" time="25.947877407073975">
        
            
                <error type="error" message="Tool exit code: None"><![CDATA[
                    { "inputs": {  "input_file": {   "id": "d5b00cb5baccb1dd",   "src": "hda"  },  "input_type": "sanger",  "options_type|force_quality_encoding": "None",  "options_type|options_type_selector": "advanced",  "options_type|output_type": "illumina",  "options_type|summarize_input": "summarize_input" }, "job": {  "command_line": "gx-fastq-groomer \u0027/galaxy/server/database/objects/3/f/6/dataset_3f6b0dc7-cc05-4a8e-a85c-f361332486c2.dat\u0027 sanger \u0027/galaxy/server/database/objects/1/2/5/dataset_1250417c-573c-4728-ac4b-add5195486c2.dat\u0027 illumina None summarize_input --fix-id",  "command_version": null,  "copied_from_job_id": null,  "create_time": "2025-11-17T13:14:37.986774",  "dependencies": [],  "exit_code": null,  "external_id": "gxy-s7bpr",  "galaxy_version": "24.1",  "handler": null,  "history_id": "f63817bc2dabd044",  "id": "ab47f5fc0261f6b5",  "inputs": {   "input_file": {    "id": "d5b00cb5baccb1dd",    "src": "hda",    "uuid": "3f6b0dc7-cc05-4a8e-a85c-f361332486c2"   }  },  "job_messages": null,  "job_metrics": [],  "job_runner_name": null,  "job_stderr": null,  "job_stdout": null,  "model_class": "Job",  "output_collections": {},  "outputs": {   "output_file": {    "id": "b4ec41756dc04674",    "src": "hda",    "uuid": "1250417c-573c-4728-ac4b-add5195486c2"   }  },  "params": {   "__input_ext": "\"input\"",   "chromInfo": "\"/cvmfs/data.galaxyproject.org/managed/len/ucsc/?.len\"",   "dbkey": "\"?\"",   "input_type": "\"sanger\"",   "options_type": "{\"__current_case__\": 1, \"fix_id\": true, \"force_quality_encoding\": \"None\", \"options_type_selector\": \"advanced\", \"output_type\": \"illumina\", \"summarize_input\": \"summarize_input\"}"  },  "state": "error",  "stderr": "",  "stdout": "Groomed 2 sanger reads into illumina reads.\nBased upon quality and sequence, the input data is valid for: sanger, sanger.gz, sanger.bz2\nInput ASCII range: \u0027!\u0027(33) - \u0027~\u0027(126)\nInput decimal range: 0 - 93\n",  "tool_id": "toolshed.g2.bx.psu.edu/repos/devteam/fastq_groomer/fastq_groomer/1.1.5+galaxy2",  "tool_stderr": "",  "tool_stdout": "Groomed 2 sanger reads into illumina reads.\nBased upon quality and sequence, the input data is valid for: sanger, sanger.gz, sanger.bz2\nInput ASCII range: \u0027!\u0027(33) - \u0027~\u0027(126)\nInput decimal range: 0 - 93\n",  "update_time": "2025-11-17T13:14:42.531733",  "user_email": "tests@fake.org" }, "output_problems": [  "Job in error state.. tool_id: toolshed.g2.bx.psu.edu/repos/devteam/fastq_groomer/fastq_groomer/1.1.5+galaxy2, exit_code: None, stderr: .",  "Job in error state.. tool_id: toolshed.g2.bx.psu.edu/repos/devteam/fastq_groomer/fastq_groomer/1.1.5+galaxy2, exit_code: None, stderr: ." ], "status": "failure", "test_index": 13, "time_seconds": 25.947877407073975, "tool_id": "fastq_groomer", "tool_version": "1.1.5+galaxy2"}
                ]]></error>
            
            <system-out><![CDATA[
            Groomed 2 sanger reads into illumina reads.Based upon quality and sequence, the input data is valid for: sanger, sanger.gz, sanger.bz2Input ASCII range: '!'(33) - '~'(126)Input decimal range: 0 - 93
            ]]></system-out>
            <system-err><![CDATA[
            
            ]]></system-err>
        
    </testcase>
    
    <testcase classname="fastq_groomer (Test #15)" name="14" time="35.09791159629822">
        
            
            <system-out><![CDATA[
            Groomed 2 sanger reads into solexa reads.Converted between Solexa and PHRED scores.Based upon quality and sequence, the input data is valid for: sanger, sanger.gz, sanger.bz2Input ASCII range: '!'(33) - '~'(126)Input decimal range: 0 - 93
            ]]></system-out>
            <system-err><![CDATA[
            
            ]]></system-err>
        
    </testcase>
    
    <testcase classname="fastq_groomer (Test #16)" name="15" time="35.47622299194336">
        
            
            <system-out><![CDATA[
            Groomed 2 sanger reads into cssanger reads.Based upon quality and sequence, the input data is valid for: sanger, sanger.gz, sanger.bz2Input ASCII range: '!'(33) - '~'(126)Input decimal range: 0 - 93
            ]]></system-out>
            <system-err><![CDATA[
            
            ]]></system-err>
        
    </testcase>
    
    <testcase classname="fastq_groomer (Test #17)" name="16" time="36.456910371780396">
        
            
            <system-out><![CDATA[
            Groomed 2 solexa reads into solexa reads.Based upon quality and sequence, the input data is valid for: solexa, solexa.gz, solexa.bz2, sanger, sanger.gz, sanger.bz2Input ASCII range: ';'(59) - '~'(126)Input decimal range: -5 - 62
            ]]></system-out>
            <system-err><![CDATA[
            
            ]]></system-err>
        
    </testcase>
    
    <testcase classname="fastq_groomer (Test #18)" name="17" time="35.527615547180176">
        
            
            <system-out><![CDATA[
            Groomed 2 solexa reads into illumina reads.Converted between Solexa and PHRED scores.Based upon quality and sequence, the input data is valid for: solexa, solexa.gz, solexa.bz2, sanger, sanger.gz, sanger.bz2Input ASCII range: ';'(59) - '~'(126)Input decimal range: -5 - 62
            ]]></system-out>
            <system-err><![CDATA[
            
            ]]></system-err>
        
    </testcase>
    
    <testcase classname="fastq_groomer (Test #19)" name="18" time="37.3548743724823">
        
            
            <system-out><![CDATA[
            Groomed 2 solexa reads into sanger reads.Converted between Solexa and PHRED scores.Based upon quality and sequence, the input data is valid for: solexa, solexa.gz, solexa.bz2, sanger, sanger.gz, sanger.bz2Input ASCII range: ';'(59) - '~'(126)Input decimal range: -5 - 62
            ]]></system-out>
            <system-err><![CDATA[
            
            ]]></system-err>
        
    </testcase>
    
    <testcase classname="fastq_groomer (Test #20)" name="19" time="35.50666546821594">
        
            
            <system-out><![CDATA[
            Groomed 2 solexa reads into cssanger reads.Converted between Solexa and PHRED scores.Based upon quality and sequence, the input data is valid for: solexa, solexa.gz, solexa.bz2, sanger, sanger.gz, sanger.bz2Input ASCII range: ';'(59) - '~'(126)Input decimal range: -5 - 62
            ]]></system-out>
            <system-err><![CDATA[
            
            ]]></system-err>
        
    </testcase>
    
    <testcase classname="fastq_groomer (Test #3)" name="2" time="10.623271703720093">
        
            <error type="error" message="Input staging problem: Traceback (most recent call last):
  File "/opt/hostedtoolcache/Python/3.12.12/x64/lib/python3.12/site-packages/galaxy/tool_util/verify/interactor.py", line 1436, in verify_tool
    stage_data_in_history(
  File "/opt/hostedtoolcache/Python/3.12.12/x64/lib/python3.12/site-packages/galaxy/tool_util/verify/interactor.py", line 175, in stage_data_in_history
    staging_interface.handle_jobs()
  File "/opt/hostedtoolcache/Python/3.12.12/x64/lib/python3.12/site-packages/galaxy/tool_util/verify/interactor.py", line 212, in handle_jobs
    self.galaxy_interactor.wait_for_job(job_response["id"], job_response["history_id"], self.maxseconds)
  File "/opt/hostedtoolcache/Python/3.12.12/x64/lib/python3.12/site-packages/galaxy/tool_util/verify/interactor.py", line 399, in wait_for_job
    self.wait_for(lambda: self.__job_ready(job_id, history_id), maxseconds=maxseconds)
  File "/opt/hostedtoolcache/Python/3.12.12/x64/lib/python3.12/site-packages/galaxy/tool_util/verify/interactor.py", line 403, in wait_for
    wait_on(func, what, walltime_exceeded)
  File "/opt/hostedtoolcache/Python/3.12.12/x64/lib/python3.12/site-packages/galaxy/tool_util/verify/wait.py", line 38, in wait_on
    value = function()
            ^^^^^^^^^^
  File "/opt/hostedtoolcache/Python/3.12.12/x64/lib/python3.12/site-packages/galaxy/tool_util/verify/interactor.py", line 399, in <lambda>
    self.wait_for(lambda: self.__job_ready(job_id, history_id), maxseconds=maxseconds)
                          ^^^^^^^^^^^^^^^^^^^^^^^^^^^^^^^^^^^^
  File "/opt/hostedtoolcache/Python/3.12.12/x64/lib/python3.12/site-packages/galaxy/tool_util/verify/interactor.py", line 749, in __job_ready
    return self._state_ready(job_id, error_msg="Job in error state.")
           ^^^^^^^^^^^^^^^^^^^^^^^^^^^^^^^^^^^^^^^^^^^^^^^^^^^^^^^^^^
  File "/opt/hostedtoolcache/Python/3.12.12/x64/lib/python3.12/site-packages/galaxy/tool_util/verify/interactor.py", line 841, in _state_ready
    raise Exception(
Exception: Job in error state.. tool_id: __DATA_FETCH__, exit_code: None, stderr: .
"><![CDATA[
                { "execution_problem": "Input staging problem: Traceback (most recent call last):\n  File \"/opt/hostedtoolcache/Python/3.12.12/x64/lib/python3.12/site-packages/galaxy/tool_util/verify/interactor.py\", line 1436, in verify_tool\n    stage_data_in_history(\n  File \"/opt/hostedtoolcache/Python/3.12.12/x64/lib/python3.12/site-packages/galaxy/tool_util/verify/interactor.py\", line 175, in stage_data_in_history\n    staging_interface.handle_jobs()\n  File \"/opt/hostedtoolcache/Python/3.12.12/x64/lib/python3.12/site-packages/galaxy/tool_util/verify/interactor.py\", line 212, in handle_jobs\n    self.galaxy_interactor.wait_for_job(job_response[\"id\"], job_response[\"history_id\"], self.maxseconds)\n  File \"/opt/hostedtoolcache/Python/3.12.12/x64/lib/python3.12/site-packages/galaxy/tool_util/verify/interactor.py\", line 399, in wait_for_job\n    self.wait_for(lambda: self.__job_ready(job_id, history_id), maxseconds=maxseconds)\n  File \"/opt/hostedtoolcache/Python/3.12.12/x64/lib/python3.12/site-packages/galaxy/tool_util/verify/interactor.py\", line 403, in wait_for\n    wait_on(func, what, walltime_exceeded)\n  File \"/opt/hostedtoolcache/Python/3.12.12/x64/lib/python3.12/site-packages/galaxy/tool_util/verify/wait.py\", line 38, in wait_on\n    value = function()\n            ^^^^^^^^^^\n  File \"/opt/hostedtoolcache/Python/3.12.12/x64/lib/python3.12/site-packages/galaxy/tool_util/verify/interactor.py\", line 399, in \u003clambda\u003e\n    self.wait_for(lambda: self.__job_ready(job_id, history_id), maxseconds=maxseconds)\n                          ^^^^^^^^^^^^^^^^^^^^^^^^^^^^^^^^^^^^\n  File \"/opt/hostedtoolcache/Python/3.12.12/x64/lib/python3.12/site-packages/galaxy/tool_util/verify/interactor.py\", line 749, in __job_ready\n    return self._state_ready(job_id, error_msg=\"Job in error state.\")\n           ^^^^^^^^^^^^^^^^^^^^^^^^^^^^^^^^^^^^^^^^^^^^^^^^^^^^^^^^^^\n  File \"/opt/hostedtoolcache/Python/3.12.12/x64/lib/python3.12/site-packages/galaxy/tool_util/verify/interactor.py\", line 841, in _state_ready\n    raise Exception(\nException: Job in error state.. tool_id: __DATA_FETCH__, exit_code: None, stderr: .\n", "status": "error", "test_index": 2, "time_seconds": 10.623271703720093, "tool_id": "fastq_groomer", "tool_version": "1.1.5+galaxy2"}
            ]]></error>
        
    </testcase>
    
    <testcase classname="fastq_groomer (Test #21)" name="20" time="35.51866436004639">
        
            
            <system-out><![CDATA[
            Groomed 2 cssanger reads into cssanger reads.Based upon quality and sequence, the input data is valid for: cssanger, cssanger.gz, cssanger.bz2Input ASCII range: '!'(33) - '~'(126)Input decimal range: 0 - 93
            ]]></system-out>
            <system-err><![CDATA[
            
            ]]></system-err>
        
    </testcase>
    
    <testcase classname="fastq_groomer (Test #22)" name="21" time="34.52172541618347">
        
            
            <system-out><![CDATA[
            Groomed 2 cssanger reads into sanger reads.Based upon quality and sequence, the input data is valid for: cssanger, cssanger.gz, cssanger.bz2Input ASCII range: '!'(33) - '~'(126)Input decimal range: 0 - 93
            ]]></system-out>
            <system-err><![CDATA[
            
            ]]></system-err>
        
    </testcase>
    
    <testcase classname="fastq_groomer (Test #23)" name="22" time="34.51278614997864">
        
            
            <system-out><![CDATA[
            Groomed 2 cssanger reads into illumina reads.Based upon quality and sequence, the input data is valid for: cssanger, cssanger.gz, cssanger.bz2Input ASCII range: '!'(33) - '~'(126)Input decimal range: 0 - 93
            ]]></system-out>
            <system-err><![CDATA[
            
            ]]></system-err>
        
    </testcase>
    
    <testcase classname="fastq_groomer (Test #24)" name="23" time="34.49474334716797">
        
            
            <system-out><![CDATA[
            Groomed 2 cssanger reads into solexa reads.Converted between Solexa and PHRED scores.Based upon quality and sequence, the input data is valid for: cssanger, cssanger.gz, cssanger.bz2Input ASCII range: '!'(33) - '~'(126)Input decimal range: 0 - 93
            ]]></system-out>
            <system-err><![CDATA[
            
            ]]></system-err>
        
    </testcase>
    
    <testcase classname="fastq_groomer (Test #25)" name="24" time="35.40149450302124">
        
            
            <system-out><![CDATA[
            Groomed 2 cssanger reads into cssanger reads.Based upon quality and sequence, the input data is valid for: cssanger, cssanger.gz, cssanger.bz2Input ASCII range: '!'(33) - '~'(126)Input decimal range: 0 - 93
            ]]></system-out>
            <system-err><![CDATA[
            
            ]]></system-err>
        
    </testcase>
    
    <testcase classname="fastq_groomer (Test #26)" name="25" time="34.530826568603516">
        
            
            <system-out><![CDATA[
            Groomed 3 sanger reads into sanger reads.Based upon quality and sequence, the input data is valid for: sanger, sanger.gz, sanger.bz2Input ASCII range: '"'(34) - 'F'(70)Input decimal range: 1 - 37
            ]]></system-out>
            <system-err><![CDATA[
            
            ]]></system-err>
        
    </testcase>
    
    <testcase classname="fastq_groomer (Test #27)" name="26" time="36.43586349487305">
        
            
            <system-out><![CDATA[
            Groomed 3 sanger reads into illumina reads.Based upon quality and sequence, the input data is valid for: sanger, sanger.gz, sanger.bz2Input ASCII range: '"'(34) - 'F'(70)Input decimal range: 1 - 37
            ]]></system-out>
            <system-err><![CDATA[
            
            ]]></system-err>
        
    </testcase>
    
    <testcase classname="fastq_groomer (Test #28)" name="27" time="35.49974727630615">
        
            
            <system-out><![CDATA[
            Groomed 3 sanger reads into solexa reads.Converted between Solexa and PHRED scores.Based upon quality and sequence, the input data is valid for: sanger, sanger.gz, sanger.bz2Input ASCII range: '"'(34) - 'F'(70)Input decimal range: 1 - 37
            ]]></system-out>
            <system-err><![CDATA[
            
            ]]></system-err>
        
    </testcase>
    
    <testcase classname="fastq_groomer (Test #29)" name="28" time="35.190049171447754">
        
            
            <system-out><![CDATA[
            Groomed 2 sanger reads into sanger reads.Based upon quality and sequence, the input data is valid for: sanger, sanger.gz, sanger.bz2Input ASCII range: '!'(33) - '~'(126)Input decimal range: 0 - 93
            ]]></system-out>
            <system-err><![CDATA[
            
            ]]></system-err>
        
    </testcase>
    
    <testcase classname="fastq_groomer (Test #30)" name="29" time="36.688982248306274">
        
            
            <system-out><![CDATA[
            Groomed 2 sanger reads into sanger reads.Based upon quality and sequence, the input data is valid for: sanger, sanger.gz, sanger.bz2Input ASCII range: '!'(33) - '~'(126)Input decimal range: 0 - 93
            ]]></system-out>
            <system-err><![CDATA[
            
            ]]></system-err>
        
    </testcase>
    
    <testcase classname="fastq_groomer (Test #4)" name="3" time="34.618544578552246">
        
            
            <system-out><![CDATA[
            Groomed 2 sanger reads into sanger reads.Based upon quality and sequence, the input data is valid for: sanger, sanger.gz, sanger.bz2Input ASCII range: '!'(33) - '~'(126)Input decimal range: 0 - 93
            ]]></system-out>
            <system-err><![CDATA[
            
            ]]></system-err>
        
    </testcase>
    
    <testcase classname="fastq_groomer (Test #31)" name="30" time="36.38177251815796">
        
            
            <system-out><![CDATA[
            Groomed 2 sanger reads into sanger reads.Based upon quality and sequence, the input data is valid for: sanger, sanger.gz, sanger.bz2Input ASCII range: '!'(33) - '~'(126)Input decimal range: 0 - 93
            ]]></system-out>
            <system-err><![CDATA[
            
            ]]></system-err>
        
    </testcase>
    
    <testcase classname="fastq_groomer (Test #32)" name="31" time="34.27350735664368">
        
            
            <system-out><![CDATA[
            Groomed 2 solexa reads into solexa reads.Based upon quality and sequence, the input data is valid for: solexa, solexa.gz, solexa.bz2, sanger, sanger.gz, sanger.bz2Input ASCII range: ';'(59) - '~'(126)Input decimal range: -5 - 62
            ]]></system-out>
            <system-err><![CDATA[
            
            ]]></system-err>
        
    </testcase>
    
    <testcase classname="fastq_groomer (Test #33)" name="32" time="35.52245831489563">
        
            
            <system-out><![CDATA[
            Groomed 2 solexa reads into solexa reads.Based upon quality and sequence, the input data is valid for: solexa, solexa.gz, solexa.bz2, sanger, sanger.gz, sanger.bz2Input ASCII range: ';'(59) - '~'(126)Input decimal range: -5 - 62
            ]]></system-out>
            <system-err><![CDATA[
            
            ]]></system-err>
        
    </testcase>
    
    <testcase classname="fastq_groomer (Test #34)" name="33" time="34.147804498672485">
        
            
            <system-out><![CDATA[
            Groomed 2 sanger.gz reads into sanger reads.Based upon quality and sequence, the input data is valid for: sanger, sanger.gz, sanger.bz2Input ASCII range: '!'(33) - '~'(126)Input decimal range: 0 - 93
            ]]></system-out>
            <system-err><![CDATA[
            
            ]]></system-err>
        
    </testcase>
    
    <testcase classname="fastq_groomer (Test #35)" name="34" time="35.70657777786255">
        
            
            <system-out><![CDATA[
            Groomed 2 cssanger.bz2 reads into cssanger reads.Based upon quality and sequence, the input data is valid for: cssanger, cssanger.gz, cssanger.bz2Input ASCII range: '!'(33) - '~'(126)Input decimal range: 0 - 93
            ]]></system-out>
            <system-err><![CDATA[
            
            ]]></system-err>
        
    </testcase>
    
    <testcase classname="fastq_groomer (Test #5)" name="4" time="27.895045042037964">
        
            
                <error type="error" message="Tool exit code: None"><![CDATA[
                    { "inputs": {  "input_file": {   "id": "ab47f5fc0261f6b5",   "src": "hda"  },  "input_type": "cssanger",  "options_type|options_type_selector": "basic" }, "job": {  "command_line": "gx-fastq-groomer \u0027/galaxy/server/database/objects/f/2/1/dataset_f210782a-4b1d-43c7-8ae2-90cf66372b06.dat\u0027 cssanger \u0027/galaxy/server/database/objects/d/5/d/dataset_d5dbc2da-be57-422f-b541-6ca4f6da3eb0.dat\u0027 cssanger ascii summarize_input",  "command_version": null,  "copied_from_job_id": null,  "create_time": "2025-11-17T13:09:20.933415",  "dependencies": [],  "exit_code": null,  "external_id": "gxy-klqb2",  "galaxy_version": "24.1",  "handler": null,  "history_id": "f63817bc2dabd044",  "id": "3703b116ca627dc0",  "inputs": {   "input_file": {    "id": "ab47f5fc0261f6b5",    "src": "hda",    "uuid": "f210782a-4b1d-43c7-8ae2-90cf66372b06"   }  },  "job_messages": null,  "job_metrics": [],  "job_runner_name": null,  "job_stderr": null,  "job_stdout": null,  "model_class": "Job",  "output_collections": {},  "outputs": {   "output_file": {    "id": "f63f72d4172c5711",    "src": "hda",    "uuid": "d5dbc2da-be57-422f-b541-6ca4f6da3eb0"   }  },  "params": {   "__input_ext": "\"input\"",   "chromInfo": "\"/cvmfs/data.galaxyproject.org/managed/len/ucsc/?.len\"",   "dbkey": "\"?\"",   "input_type": "\"cssanger\"",   "options_type": "{\"__current_case__\": 0, \"options_type_selector\": \"basic\"}"  },  "state": "error",  "stderr": "",  "stdout": "Groomed 2 cssanger reads into cssanger reads.\nBased upon quality and sequence, the input data is valid for: cssanger, cssanger.gz, cssanger.bz2\nInput ASCII range: \u0027!\u0027(33) - \u0027~\u0027(126)\nInput decimal range: 0 - 93\n",  "tool_id": "toolshed.g2.bx.psu.edu/repos/devteam/fastq_groomer/fastq_groomer/1.1.5+galaxy2",  "tool_stderr": "",  "tool_stdout": "Groomed 2 cssanger reads into cssanger reads.\nBased upon quality and sequence, the input data is valid for: cssanger, cssanger.gz, cssanger.bz2\nInput ASCII range: \u0027!\u0027(33) - \u0027~\u0027(126)\nInput decimal range: 0 - 93\n",  "update_time": "2025-11-17T13:09:26.328716",  "user_email": "tests@fake.org" }, "output_problems": [  "Job in error state.. tool_id: toolshed.g2.bx.psu.edu/repos/devteam/fastq_groomer/fastq_groomer/1.1.5+galaxy2, exit_code: None, stderr: .",  "Job in error state.. tool_id: toolshed.g2.bx.psu.edu/repos/devteam/fastq_groomer/fastq_groomer/1.1.5+galaxy2, exit_code: None, stderr: ." ], "status": "failure", "test_index": 4, "time_seconds": 27.895045042037964, "tool_id": "fastq_groomer", "tool_version": "1.1.5+galaxy2"}
                ]]></error>
            
            <system-out><![CDATA[
            Groomed 2 cssanger reads into cssanger reads.Based upon quality and sequence, the input data is valid for: cssanger, cssanger.gz, cssanger.bz2Input ASCII range: '!'(33) - '~'(126)Input decimal range: 0 - 93
            ]]></system-out>
            <system-err><![CDATA[
            
            ]]></system-err>
        
    </testcase>
    
    <testcase classname="fastq_groomer (Test #6)" name="5" time="34.94028949737549">
        
            
            <system-out><![CDATA[
            Groomed 2 illumina reads into sanger reads.Based upon quality and sequence, the input data is valid for: illumina, illumina.gz, illumina.bz2, solexa, solexa.gz, solexa.bz2, sanger, sanger.gz, sanger.bz2Input ASCII range: '@'(64) - '~'(126)Input decimal range: 0 - 62
            ]]></system-out>
            <system-err><![CDATA[
            
            ]]></system-err>
        
    </testcase>
    
    <testcase classname="fastq_groomer (Test #7)" name="6" time="37.7690224647522">
        
            
            <system-out><![CDATA[
            Groomed 2 solexa reads into sanger reads.Converted between Solexa and PHRED scores.Based upon quality and sequence, the input data is valid for: solexa, solexa.gz, solexa.bz2, sanger, sanger.gz, sanger.bz2Input ASCII range: ';'(59) - '~'(126)Input decimal range: -5 - 62
            ]]></system-out>
            <system-err><![CDATA[
            
            ]]></system-err>
        
    </testcase>
    
    <testcase classname="fastq_groomer (Test #8)" name="7" time="35.19216179847717">
        
            
            <system-out><![CDATA[
            Groomed 2 sanger reads into sanger reads.Based upon quality and sequence, the input data is valid for: illumina, illumina.gz, illumina.bz2, solexa, solexa.gz, solexa.bz2, sanger, sanger.gz, sanger.bz2Input ASCII range: '@'(64) - '~'(126)Input decimal range: 31 - 93
            ]]></system-out>
            <system-err><![CDATA[
            
            ]]></system-err>
        
    </testcase>
    
    <testcase classname="fastq_groomer (Test #9)" name="8" time="35.524595499038696">
        
            
            <system-out><![CDATA[
            Groomed 2 illumina reads into illumina reads.Based upon quality and sequence, the input data is valid for: illumina, illumina.gz, illumina.bz2, solexa, solexa.gz, solexa.bz2, sanger, sanger.gz, sanger.bz2Input ASCII range: '@'(64) - '~'(126)Input decimal range: 0 - 62
            ]]></system-out>
            <system-err><![CDATA[
            
            ]]></system-err>
        
    </testcase>
    
    <testcase classname="fastq_groomer (Test #10)" name="9" time="36.46153807640076">
        
            
            <system-out><![CDATA[
            Groomed 2 illumina reads into sanger reads.Based upon quality and sequence, the input data is valid for: illumina, illumina.gz, illumina.bz2, solexa, solexa.gz, solexa.bz2, sanger, sanger.gz, sanger.bz2Input ASCII range: '@'(64) - '~'(126)Input decimal range: 0 - 62
            ]]></system-out>
            <system-err><![CDATA[
            
            ]]></system-err>
        
    </testcase>
    
    <testcase classname="ncbi_acc_download (Test #1)" name="0" time="127.71784591674805">
        
            
            <system-out><![CDATA[
            
            ]]></system-out>
            <system-err><![CDATA[
            
            ]]></system-err>
        
    </testcase>
    
    <testcase classname="ncbi_acc_download (Test #2)" name="1" time="32.0962438583374">
        
            
                <error type="error" message="Tool exit code: None"><![CDATA[
                    { "inputs": {  "molecule|format": "genbank",  "molecule|select": "nucleotide",  "query_source|accession_file": {   "id": "d94080a5dd663e8d",   "src": "hda"  },  "query_source|select": "accession_file" }, "job": {  "command_line": "{ grep -v \"^[ \\t]*$\" /galaxy/server/database/objects/9/9/3/dataset_993df9f0-389e-4a18-881b-8462d7e3d333.dat \u003e accessions || { echo \"No accession numbers in input. Aborting.\" 1\u003e\u00262; exit 1; } } \u0026\u0026 mkdir outdir \u0026\u0026 cd outdir \u0026\u0026 ignore_errors=0 \u0026\u0026 while read accession; do echo \"Downloading accession number: \" $accession \" ...\" \u003e\u003e ../error.log \u0026\u0026 ncbi-acc-download --molecule \u0027nucleotide\u0027 --format \u0027genbank\u0027 --extended-validation all ${accession}; failure=$?; if [ $failure -ne 0 ]; then echo \" failed.\" \u003e\u003e ../error.log; if [ $ignore_errors -ne 0 ]; then echo $accession \u003e\u003e ../failed.txt; else exit 1; fi; else echo \" done.\" \u003e\u003e ../error.log; fi; sleep 2; done \u003c ../accessions 2\u003e \u003e(tee -a ../error.log \u003e\u00262);",  "command_version": null,  "copied_from_job_id": null,  "create_time": "2025-11-17T13:03:15.372890",  "dependencies": [],  "exit_code": null,  "external_id": "gxy-fp45m",  "galaxy_version": "24.1",  "handler": null,  "history_id": "f63817bc2dabd044",  "id": "d92623fec56428c7",  "inputs": {   "query_source|accession_file": {    "id": "d94080a5dd663e8d",    "src": "hda",    "uuid": "993df9f0-389e-4a18-881b-8462d7e3d333"   }  },  "job_messages": null,  "job_metrics": [],  "job_runner_name": null,  "job_stderr": null,  "job_stdout": null,  "model_class": "Job",  "output_collections": {   "output": {    "id": "6327b718c600db3f",    "src": "hdca"   }  },  "outputs": {   "error_log": {    "id": "e36efea08f291bb9",    "src": "hda",    "uuid": "a06c320f-7bf3-4580-ae89-bdef06d1a9d1"   }  },  "params": {   "__input_ext": "\"txt\"",   "chromInfo": "\"/cvmfs/data.galaxyproject.org/managed/len/ucsc/?.len\"",   "dbkey": "\"?\"",   "ignore_failed": "\"0\"",   "molecule": "{\"__current_case__\": 0, \"format\": \"genbank\", \"select\": \"nucleotide\"}",   "query_source": "{\"__current_case__\": 0, \"accession_file\": {\"values\": [{\"id\": 5, \"src\": \"hda\"}]}, \"select\": \"accession_file\"}",   "range": null  },  "state": "error",  "stderr": "",  "stdout": "",  "tool_id": "toolshed.g2.bx.psu.edu/repos/iuc/ncbi_acc_download/ncbi_acc_download/0.2.8+galaxy0",  "tool_stderr": "",  "tool_stdout": "",  "update_time": "2025-11-17T13:03:26.163583",  "user_email": "tests@fake.org" }, "output_problems": [  "Job in error state.. tool_id: toolshed.g2.bx.psu.edu/repos/iuc/ncbi_acc_download/ncbi_acc_download/0.2.8+galaxy0, exit_code: None, stderr: .",  "Output collection \u0027output\u0027: failed to find identifier \u0027CP011064\u0027 in the tool generated elements []" ], "status": "failure", "test_index": 1, "time_seconds": 32.0962438583374, "tool_id": "ncbi_acc_download", "tool_version": "0.2.8+galaxy0"}
                ]]></error>
            
            <system-out><![CDATA[
            
            ]]></system-out>
            <system-err><![CDATA[
            
            ]]></system-err>
        
    </testcase>
    
    <testcase classname="ncbi_acc_download (Test #11)" name="10" time="7.866456508636475">
        
            
                <error type="error" message="Tool exit code: None"><![CDATA[
                    { "inputs": {  "molecule|format": "genbank",  "molecule|select": "nucleotide",  "query_source|accession_list": "NC_006666",  "query_source|select": "accession_list",  "range": "1697:2764" }, "job": {  "command_line": "echo \u0027NC_006666\u0027 | sed -r \u0027s/(\\,|__cn__)/\\n/g\u0027 | grep -v \"^[ \\t]*$\" \u003e accessions \u0026\u0026 mkdir outdir \u0026\u0026 cd outdir \u0026\u0026 ignore_errors=0 \u0026\u0026 while read accession; do echo \"Downloading accession number: \" $accession \" ...\" \u003e\u003e ../error.log \u0026\u0026 ncbi-acc-download --molecule \u0027nucleotide\u0027 --format \u0027genbank\u0027 --extended-validation all --range 1697:2764 ${accession}; failure=$?; if [ $failure -ne 0 ]; then echo \" failed.\" \u003e\u003e ../error.log; if [ $ignore_errors -ne 0 ]; then echo $accession \u003e\u003e ../failed.txt; else exit 1; fi; else echo \" done.\" \u003e\u003e ../error.log; fi; sleep 2; done \u003c ../accessions 2\u003e \u003e(tee -a ../error.log \u003e\u00262);",  "command_version": null,  "copied_from_job_id": null,  "create_time": "2025-11-17T13:06:43.611723",  "dependencies": [],  "exit_code": null,  "external_id": "gxy-wj284",  "galaxy_version": "24.1",  "handler": null,  "history_id": "f63817bc2dabd044",  "id": "e98feb1102cb6244",  "inputs": {},  "job_messages": null,  "job_metrics": [],  "job_runner_name": null,  "job_stderr": null,  "job_stdout": null,  "model_class": "Job",  "output_collections": {   "output": {    "id": "3781270336b17bcf",    "src": "hdca"   }  },  "outputs": {   "error_log": {    "id": "ee2d2e0e2309a23c",    "src": "hda",    "uuid": "3ce735c6-1ee4-4fd3-a80e-0d82a8ff4b2d"   }  },  "params": {   "__input_ext": "\"data\"",   "chromInfo": "\"/cvmfs/data.galaxyproject.org/managed/len/ucsc/?.len\"",   "dbkey": "\"?\"",   "ignore_failed": "\"0\"",   "molecule": "{\"__current_case__\": 0, \"format\": \"genbank\", \"select\": \"nucleotide\"}",   "query_source": "{\"__current_case__\": 1, \"accession_list\": \"NC_006666\", \"select\": \"accession_list\"}",   "range": "\"1697:2764\""  },  "state": "error",  "stderr": "",  "stdout": "",  "tool_id": "toolshed.g2.bx.psu.edu/repos/iuc/ncbi_acc_download/ncbi_acc_download/0.2.8+galaxy0",  "tool_stderr": "",  "tool_stdout": "",  "update_time": "2025-11-17T13:06:50.913011",  "user_email": "tests@fake.org" }, "output_problems": [  "Job in error state.. tool_id: toolshed.g2.bx.psu.edu/repos/iuc/ncbi_acc_download/ncbi_acc_download/0.2.8+galaxy0, exit_code: None, stderr: .",  "Output collection \u0027output\u0027: failed to find identifier \u0027NC_006666\u0027 in the tool generated elements []" ], "status": "failure", "test_index": 10, "time_seconds": 7.866456508636475, "tool_id": "ncbi_acc_download", "tool_version": "0.2.8+galaxy0"}
                ]]></error>
            
            <system-out><![CDATA[
            
            ]]></system-out>
            <system-err><![CDATA[
            
            ]]></system-err>
        
    </testcase>
    
    <testcase classname="ncbi_acc_download (Test #3)" name="2" time="39.1458625793457">
        
            
            <system-out><![CDATA[
            
            ]]></system-out>
            <system-err><![CDATA[
            
            ]]></system-err>
        
    </testcase>
    
    <testcase classname="ncbi_acc_download (Test #4)" name="3" time="40.67230224609375">
        
            
            <system-out><![CDATA[
            
            ]]></system-out>
            <system-err><![CDATA[
            
            ]]></system-err>
        
    </testcase>
    
    <testcase classname="ncbi_acc_download (Test #5)" name="4" time="20.577183723449707">
        
            
            <system-out><![CDATA[
            
            ]]></system-out>
            <system-err><![CDATA[
            
            ]]></system-err>
        
    </testcase>
    
    <testcase classname="ncbi_acc_download (Test #6)" name="5" time="23.68905019760132">
        
            
            <system-out><![CDATA[
            
            ]]></system-out>
            <system-err><![CDATA[
            ERROR:root:no seqSequence(s) downloaded for CP0XXXXX failed to load.
            ]]></system-err>
        
    </testcase>
    
    <testcase classname="ncbi_acc_download (Test #7)" name="6" time="17.00664472579956">
        
            
            <system-out><![CDATA[
            
            ]]></system-out>
            <system-err><![CDATA[
            ERROR:root:no seqSequence(s) downloaded for CP0XXXXX failed to load.
            ]]></system-err>
        
    </testcase>
    
    <testcase classname="ncbi_acc_download (Test #8)" name="7" time="17.772921800613403">
        
            
            <system-out><![CDATA[
            
            ]]></system-out>
            <system-err><![CDATA[
            ERROR:root:no seqSequence(s) downloaded for CP0XXXXX failed to load.
            ]]></system-err>
        
    </testcase>
    
    <testcase classname="ncbi_acc_download (Test #9)" name="8" time="19.667026042938232">
        
            
            <system-out><![CDATA[
            
            ]]></system-out>
            <system-err><![CDATA[
            
            ]]></system-err>
        
    </testcase>
    
    <testcase classname="ncbi_acc_download (Test #10)" name="9" time="17.938862562179565">
        
            
            <system-out><![CDATA[
            
            ]]></system-out>
            <system-err><![CDATA[
            
            ]]></system-err>
        
    </testcase>
    
    <testcase classname="poretools_winner (Test #1)" name="0" time="12.903800964355469">
        
            <error type="error" message="Input staging problem: Traceback (most recent call last):
  File "/opt/hostedtoolcache/Python/3.12.12/x64/lib/python3.12/site-packages/galaxy/tool_util/verify/interactor.py", line 1436, in verify_tool
    stage_data_in_history(
  File "/opt/hostedtoolcache/Python/3.12.12/x64/lib/python3.12/site-packages/galaxy/tool_util/verify/interactor.py", line 175, in stage_data_in_history
    staging_interface.handle_jobs()
  File "/opt/hostedtoolcache/Python/3.12.12/x64/lib/python3.12/site-packages/galaxy/tool_util/verify/interactor.py", line 212, in handle_jobs
    self.galaxy_interactor.wait_for_job(job_response["id"], job_response["history_id"], self.maxseconds)
  File "/opt/hostedtoolcache/Python/3.12.12/x64/lib/python3.12/site-packages/galaxy/tool_util/verify/interactor.py", line 399, in wait_for_job
    self.wait_for(lambda: self.__job_ready(job_id, history_id), maxseconds=maxseconds)
  File "/opt/hostedtoolcache/Python/3.12.12/x64/lib/python3.12/site-packages/galaxy/tool_util/verify/interactor.py", line 403, in wait_for
    wait_on(func, what, walltime_exceeded)
  File "/opt/hostedtoolcache/Python/3.12.12/x64/lib/python3.12/site-packages/galaxy/tool_util/verify/wait.py", line 38, in wait_on
    value = function()
            ^^^^^^^^^^
  File "/opt/hostedtoolcache/Python/3.12.12/x64/lib/python3.12/site-packages/galaxy/tool_util/verify/interactor.py", line 399, in <lambda>
    self.wait_for(lambda: self.__job_ready(job_id, history_id), maxseconds=maxseconds)
                          ^^^^^^^^^^^^^^^^^^^^^^^^^^^^^^^^^^^^
  File "/opt/hostedtoolcache/Python/3.12.12/x64/lib/python3.12/site-packages/galaxy/tool_util/verify/interactor.py", line 749, in __job_ready
    return self._state_ready(job_id, error_msg="Job in error state.")
           ^^^^^^^^^^^^^^^^^^^^^^^^^^^^^^^^^^^^^^^^^^^^^^^^^^^^^^^^^^
  File "/opt/hostedtoolcache/Python/3.12.12/x64/lib/python3.12/site-packages/galaxy/tool_util/verify/interactor.py", line 841, in _state_ready
    raise Exception(
Exception: Job in error state.. tool_id: __DATA_FETCH__, exit_code: None, stderr: .
"><![CDATA[
                { "execution_problem": "Input staging problem: Traceback (most recent call last):\n  File \"/opt/hostedtoolcache/Python/3.12.12/x64/lib/python3.12/site-packages/galaxy/tool_util/verify/interactor.py\", line 1436, in verify_tool\n    stage_data_in_history(\n  File \"/opt/hostedtoolcache/Python/3.12.12/x64/lib/python3.12/site-packages/galaxy/tool_util/verify/interactor.py\", line 175, in stage_data_in_history\n    staging_interface.handle_jobs()\n  File \"/opt/hostedtoolcache/Python/3.12.12/x64/lib/python3.12/site-packages/galaxy/tool_util/verify/interactor.py\", line 212, in handle_jobs\n    self.galaxy_interactor.wait_for_job(job_response[\"id\"], job_response[\"history_id\"], self.maxseconds)\n  File \"/opt/hostedtoolcache/Python/3.12.12/x64/lib/python3.12/site-packages/galaxy/tool_util/verify/interactor.py\", line 399, in wait_for_job\n    self.wait_for(lambda: self.__job_ready(job_id, history_id), maxseconds=maxseconds)\n  File \"/opt/hostedtoolcache/Python/3.12.12/x64/lib/python3.12/site-packages/galaxy/tool_util/verify/interactor.py\", line 403, in wait_for\n    wait_on(func, what, walltime_exceeded)\n  File \"/opt/hostedtoolcache/Python/3.12.12/x64/lib/python3.12/site-packages/galaxy/tool_util/verify/wait.py\", line 38, in wait_on\n    value = function()\n            ^^^^^^^^^^\n  File \"/opt/hostedtoolcache/Python/3.12.12/x64/lib/python3.12/site-packages/galaxy/tool_util/verify/interactor.py\", line 399, in \u003clambda\u003e\n    self.wait_for(lambda: self.__job_ready(job_id, history_id), maxseconds=maxseconds)\n                          ^^^^^^^^^^^^^^^^^^^^^^^^^^^^^^^^^^^^\n  File \"/opt/hostedtoolcache/Python/3.12.12/x64/lib/python3.12/site-packages/galaxy/tool_util/verify/interactor.py\", line 749, in __job_ready\n    return self._state_ready(job_id, error_msg=\"Job in error state.\")\n           ^^^^^^^^^^^^^^^^^^^^^^^^^^^^^^^^^^^^^^^^^^^^^^^^^^^^^^^^^^\n  File \"/opt/hostedtoolcache/Python/3.12.12/x64/lib/python3.12/site-packages/galaxy/tool_util/verify/interactor.py\", line 841, in _state_ready\n    raise Exception(\nException: Job in error state.. tool_id: __DATA_FETCH__, exit_code: None, stderr: .\n", "status": "error", "test_index": 0, "time_seconds": 12.903800964355469, "tool_id": "poretools_winner", "tool_version": "0.6.1a1.0"}
            ]]></error>
        
    </testcase>
    
    <testcase classname="poretools_winner (Test #2)" name="1" time="68.35892796516418">
        
            
            <system-out><![CDATA[
            
            ]]></system-out>
            <system-err><![CDATA[
            
            ]]></system-err>
        
    </testcase>
    
    <testcase classname="poretools_winner (Test #3)" name="2" time="38.44618844985962">
        
            
            <system-out><![CDATA[
            
            ]]></system-out>
            <system-err><![CDATA[
            
            ]]></system-err>
        
    </testcase>
    
    <testcase classname="poretools_winner (Test #4)" name="3" time="12.49451732635498">
        
            <error type="error" message="Input staging problem: Traceback (most recent call last):
  File "/opt/hostedtoolcache/Python/3.12.12/x64/lib/python3.12/site-packages/galaxy/tool_util/verify/interactor.py", line 1436, in verify_tool
    stage_data_in_history(
  File "/opt/hostedtoolcache/Python/3.12.12/x64/lib/python3.12/site-packages/galaxy/tool_util/verify/interactor.py", line 175, in stage_data_in_history
    staging_interface.handle_jobs()
  File "/opt/hostedtoolcache/Python/3.12.12/x64/lib/python3.12/site-packages/galaxy/tool_util/verify/interactor.py", line 212, in handle_jobs
    self.galaxy_interactor.wait_for_job(job_response["id"], job_response["history_id"], self.maxseconds)
  File "/opt/hostedtoolcache/Python/3.12.12/x64/lib/python3.12/site-packages/galaxy/tool_util/verify/interactor.py", line 399, in wait_for_job
    self.wait_for(lambda: self.__job_ready(job_id, history_id), maxseconds=maxseconds)
  File "/opt/hostedtoolcache/Python/3.12.12/x64/lib/python3.12/site-packages/galaxy/tool_util/verify/interactor.py", line 403, in wait_for
    wait_on(func, what, walltime_exceeded)
  File "/opt/hostedtoolcache/Python/3.12.12/x64/lib/python3.12/site-packages/galaxy/tool_util/verify/wait.py", line 38, in wait_on
    value = function()
            ^^^^^^^^^^
  File "/opt/hostedtoolcache/Python/3.12.12/x64/lib/python3.12/site-packages/galaxy/tool_util/verify/interactor.py", line 399, in <lambda>
    self.wait_for(lambda: self.__job_ready(job_id, history_id), maxseconds=maxseconds)
                          ^^^^^^^^^^^^^^^^^^^^^^^^^^^^^^^^^^^^
  File "/opt/hostedtoolcache/Python/3.12.12/x64/lib/python3.12/site-packages/galaxy/tool_util/verify/interactor.py", line 749, in __job_ready
    return self._state_ready(job_id, error_msg="Job in error state.")
           ^^^^^^^^^^^^^^^^^^^^^^^^^^^^^^^^^^^^^^^^^^^^^^^^^^^^^^^^^^
  File "/opt/hostedtoolcache/Python/3.12.12/x64/lib/python3.12/site-packages/galaxy/tool_util/verify/interactor.py", line 841, in _state_ready
    raise Exception(
Exception: Job in error state.. tool_id: __DATA_FETCH__, exit_code: None, stderr: .
"><![CDATA[
                { "execution_problem": "Input staging problem: Traceback (most recent call last):\n  File \"/opt/hostedtoolcache/Python/3.12.12/x64/lib/python3.12/site-packages/galaxy/tool_util/verify/interactor.py\", line 1436, in verify_tool\n    stage_data_in_history(\n  File \"/opt/hostedtoolcache/Python/3.12.12/x64/lib/python3.12/site-packages/galaxy/tool_util/verify/interactor.py\", line 175, in stage_data_in_history\n    staging_interface.handle_jobs()\n  File \"/opt/hostedtoolcache/Python/3.12.12/x64/lib/python3.12/site-packages/galaxy/tool_util/verify/interactor.py\", line 212, in handle_jobs\n    self.galaxy_interactor.wait_for_job(job_response[\"id\"], job_response[\"history_id\"], self.maxseconds)\n  File \"/opt/hostedtoolcache/Python/3.12.12/x64/lib/python3.12/site-packages/galaxy/tool_util/verify/interactor.py\", line 399, in wait_for_job\n    self.wait_for(lambda: self.__job_ready(job_id, history_id), maxseconds=maxseconds)\n  File \"/opt/hostedtoolcache/Python/3.12.12/x64/lib/python3.12/site-packages/galaxy/tool_util/verify/interactor.py\", line 403, in wait_for\n    wait_on(func, what, walltime_exceeded)\n  File \"/opt/hostedtoolcache/Python/3.12.12/x64/lib/python3.12/site-packages/galaxy/tool_util/verify/wait.py\", line 38, in wait_on\n    value = function()\n            ^^^^^^^^^^\n  File \"/opt/hostedtoolcache/Python/3.12.12/x64/lib/python3.12/site-packages/galaxy/tool_util/verify/interactor.py\", line 399, in \u003clambda\u003e\n    self.wait_for(lambda: self.__job_ready(job_id, history_id), maxseconds=maxseconds)\n                          ^^^^^^^^^^^^^^^^^^^^^^^^^^^^^^^^^^^^\n  File \"/opt/hostedtoolcache/Python/3.12.12/x64/lib/python3.12/site-packages/galaxy/tool_util/verify/interactor.py\", line 749, in __job_ready\n    return self._state_ready(job_id, error_msg=\"Job in error state.\")\n           ^^^^^^^^^^^^^^^^^^^^^^^^^^^^^^^^^^^^^^^^^^^^^^^^^^^^^^^^^^\n  File \"/opt/hostedtoolcache/Python/3.12.12/x64/lib/python3.12/site-packages/galaxy/tool_util/verify/interactor.py\", line 841, in _state_ready\n    raise Exception(\nException: Job in error state.. tool_id: __DATA_FETCH__, exit_code: None, stderr: .\n", "status": "error", "test_index": 3, "time_seconds": 12.49451732635498, "tool_id": "poretools_winner", "tool_version": "0.6.1a1.0"}
            ]]></error>
        
    </testcase>
    
    <testcase classname="samtools_bedcov (Test #1)" name="0" time="36.189475536346436">
        
            
            <system-out><![CDATA[
            
            ]]></system-out>
            <system-err><![CDATA[
            
            ]]></system-err>
        
    </testcase>
    
    <testcase classname="samtools_bedcov (Test #2)" name="1" time="41.208712577819824">
        
            
            <system-out><![CDATA[
            
            ]]></system-out>
            <system-err><![CDATA[
            
            ]]></system-err>
        
    </testcase>
    
    <testcase classname="samtools_bedcov (Test #3)" name="2" time="36.34306263923645">
        
            
            <system-out><![CDATA[
            
            ]]></system-out>
            <system-err><![CDATA[
            
            ]]></system-err>
        
    </testcase>
    
    <testcase classname="samtools_bedcov (Test #4)" name="3" time="41.20822834968567">
        
            
            <system-out><![CDATA[
            
            ]]></system-out>
            <system-err><![CDATA[
            
            ]]></system-err>
        
    </testcase>
    
    <testcase classname="samtools_bedcov (Test #5)" name="4" time="20.395707607269287">
        
            <error type="error" message="Input staging problem: Traceback (most recent call last):
  File "/opt/hostedtoolcache/Python/3.12.12/x64/lib/python3.12/site-packages/galaxy/tool_util/verify/interactor.py", line 1436, in verify_tool
    stage_data_in_history(
  File "/opt/hostedtoolcache/Python/3.12.12/x64/lib/python3.12/site-packages/galaxy/tool_util/verify/interactor.py", line 175, in stage_data_in_history
    staging_interface.handle_jobs()
  File "/opt/hostedtoolcache/Python/3.12.12/x64/lib/python3.12/site-packages/galaxy/tool_util/verify/interactor.py", line 212, in handle_jobs
    self.galaxy_interactor.wait_for_job(job_response["id"], job_response["history_id"], self.maxseconds)
  File "/opt/hostedtoolcache/Python/3.12.12/x64/lib/python3.12/site-packages/galaxy/tool_util/verify/interactor.py", line 399, in wait_for_job
    self.wait_for(lambda: self.__job_ready(job_id, history_id), maxseconds=maxseconds)
  File "/opt/hostedtoolcache/Python/3.12.12/x64/lib/python3.12/site-packages/galaxy/tool_util/verify/interactor.py", line 403, in wait_for
    wait_on(func, what, walltime_exceeded)
  File "/opt/hostedtoolcache/Python/3.12.12/x64/lib/python3.12/site-packages/galaxy/tool_util/verify/wait.py", line 38, in wait_on
    value = function()
            ^^^^^^^^^^
  File "/opt/hostedtoolcache/Python/3.12.12/x64/lib/python3.12/site-packages/galaxy/tool_util/verify/interactor.py", line 399, in <lambda>
    self.wait_for(lambda: self.__job_ready(job_id, history_id), maxseconds=maxseconds)
                          ^^^^^^^^^^^^^^^^^^^^^^^^^^^^^^^^^^^^
  File "/opt/hostedtoolcache/Python/3.12.12/x64/lib/python3.12/site-packages/galaxy/tool_util/verify/interactor.py", line 749, in __job_ready
    return self._state_ready(job_id, error_msg="Job in error state.")
           ^^^^^^^^^^^^^^^^^^^^^^^^^^^^^^^^^^^^^^^^^^^^^^^^^^^^^^^^^^
  File "/opt/hostedtoolcache/Python/3.12.12/x64/lib/python3.12/site-packages/galaxy/tool_util/verify/interactor.py", line 841, in _state_ready
    raise Exception(
Exception: Job in error state.. tool_id: __DATA_FETCH__, exit_code: None, stderr: .
"><![CDATA[
                { "execution_problem": "Input staging problem: Traceback (most recent call last):\n  File \"/opt/hostedtoolcache/Python/3.12.12/x64/lib/python3.12/site-packages/galaxy/tool_util/verify/interactor.py\", line 1436, in verify_tool\n    stage_data_in_history(\n  File \"/opt/hostedtoolcache/Python/3.12.12/x64/lib/python3.12/site-packages/galaxy/tool_util/verify/interactor.py\", line 175, in stage_data_in_history\n    staging_interface.handle_jobs()\n  File \"/opt/hostedtoolcache/Python/3.12.12/x64/lib/python3.12/site-packages/galaxy/tool_util/verify/interactor.py\", line 212, in handle_jobs\n    self.galaxy_interactor.wait_for_job(job_response[\"id\"], job_response[\"history_id\"], self.maxseconds)\n  File \"/opt/hostedtoolcache/Python/3.12.12/x64/lib/python3.12/site-packages/galaxy/tool_util/verify/interactor.py\", line 399, in wait_for_job\n    self.wait_for(lambda: self.__job_ready(job_id, history_id), maxseconds=maxseconds)\n  File \"/opt/hostedtoolcache/Python/3.12.12/x64/lib/python3.12/site-packages/galaxy/tool_util/verify/interactor.py\", line 403, in wait_for\n    wait_on(func, what, walltime_exceeded)\n  File \"/opt/hostedtoolcache/Python/3.12.12/x64/lib/python3.12/site-packages/galaxy/tool_util/verify/wait.py\", line 38, in wait_on\n    value = function()\n            ^^^^^^^^^^\n  File \"/opt/hostedtoolcache/Python/3.12.12/x64/lib/python3.12/site-packages/galaxy/tool_util/verify/interactor.py\", line 399, in \u003clambda\u003e\n    self.wait_for(lambda: self.__job_ready(job_id, history_id), maxseconds=maxseconds)\n                          ^^^^^^^^^^^^^^^^^^^^^^^^^^^^^^^^^^^^\n  File \"/opt/hostedtoolcache/Python/3.12.12/x64/lib/python3.12/site-packages/galaxy/tool_util/verify/interactor.py\", line 749, in __job_ready\n    return self._state_ready(job_id, error_msg=\"Job in error state.\")\n           ^^^^^^^^^^^^^^^^^^^^^^^^^^^^^^^^^^^^^^^^^^^^^^^^^^^^^^^^^^\n  File \"/opt/hostedtoolcache/Python/3.12.12/x64/lib/python3.12/site-packages/galaxy/tool_util/verify/interactor.py\", line 841, in _state_ready\n    raise Exception(\nException: Job in error state.. tool_id: __DATA_FETCH__, exit_code: None, stderr: .\n", "status": "error", "test_index": 4, "time_seconds": 20.395707607269287, "tool_id": "samtools_bedcov", "tool_version": "2.0.6"}
            ]]></error>
        
    </testcase>
    
    <testcase classname="samtools_bedcov (Test #6)" name="5" time="37.56633496284485">
        
            
            <system-out><![CDATA[
            
            ]]></system-out>
            <system-err><![CDATA[
            
            ]]></system-err>
        
    </testcase>
    
    <testcase classname="samtools_bedcov (Test #7)" name="6" time="29.593892574310303">
        
            
                <error type="error" message="Tool exit code: None"><![CDATA[
                    { "inputs": {  "depth_thresh": "10",  "input_bams": {   "id": "354bd067eee8f154",   "src": "hda"  },  "input_bed": {   "id": "fba30bfa913a9b41",   "src": "hda"  } }, "job": {  "command_line": "ln -s \u0027/galaxy/server/database/objects/5/8/7/dataset_58700144-fe51-4359-af27-be805a7f612d.dat\u0027 \u00270\u0027 \u0026\u0026 ln -s \u0027/galaxy/server/database/objects/_metadata_files/4/b/e/metadata_4be2516b-c1f5-4dba-b393-ee11a7672d59.dat\u0027 \u00270.bai\u0027 \u0026\u0026   samtools bedcov    -g 0   -G 1796 -d 10 \u0027/galaxy/server/database/objects/4/4/3/dataset_4435d322-d7e7-499b-ad93-5bd4f2827caa.dat\u0027 \u00270\u0027 \u003e \u0027/galaxy/server/database/objects/c/0/e/dataset_c0ef5e40-9447-4050-a81a-020e9be53d26.dat\u0027",  "command_version": null,  "copied_from_job_id": null,  "create_time": "2025-11-17T13:32:02.395004",  "dependencies": [],  "exit_code": null,  "external_id": "gxy-h4957",  "galaxy_version": "24.1",  "handler": null,  "history_id": "f63817bc2dabd044",  "id": "46215e75ee07fcf1",  "inputs": {   "input_bams": {    "id": "354bd067eee8f154",    "src": "hda",    "uuid": "58700144-fe51-4359-af27-be805a7f612d"   },   "input_bams1": {    "id": "354bd067eee8f154",    "src": "hda",    "uuid": "58700144-fe51-4359-af27-be805a7f612d"   },   "input_bed": {    "id": "fba30bfa913a9b41",    "src": "hda",    "uuid": "4435d322-d7e7-499b-ad93-5bd4f2827caa"   }  },  "job_messages": null,  "job_metrics": [],  "job_runner_name": null,  "job_stderr": null,  "job_stdout": null,  "model_class": "Job",  "output_collections": {},  "outputs": {   "output": {    "id": "a795079b37d4c058",    "src": "hda",    "uuid": "c0ef5e40-9447-4050-a81a-020e9be53d26"   }  },  "params": {   "__input_ext": "\"input\"",   "additional_options": "{\"required_flags\": null, \"skipped_flags\": [\"4\", \"256\", \"512\", \"1024\"]}",   "chromInfo": "\"/cvmfs/data.galaxyproject.org/managed/len/ucsc/?.len\"",   "countdel": "false",   "dbkey": "\"?\"",   "depth_thresh": "\"10\"",   "mapq": "\"\""  },  "state": "error",  "stderr": "",  "stdout": "",  "tool_id": "toolshed.g2.bx.psu.edu/repos/devteam/samtools_bedcov/samtools_bedcov/2.0.6",  "tool_stderr": "",  "tool_stdout": "",  "update_time": "2025-11-17T13:32:08.055098",  "user_email": "tests@fake.org" }, "output_problems": [  "Job in error state.. tool_id: toolshed.g2.bx.psu.edu/repos/devteam/samtools_bedcov/samtools_bedcov/2.0.6, exit_code: None, stderr: .",  "Job in error state.. tool_id: toolshed.g2.bx.psu.edu/repos/devteam/samtools_bedcov/samtools_bedcov/2.0.6, exit_code: None, stderr: ." ], "status": "failure", "test_index": 6, "time_seconds": 29.593892574310303, "tool_id": "samtools_bedcov", "tool_version": "2.0.6"}
                ]]></error>
            
            <system-out><![CDATA[
            
            ]]></system-out>
            <system-err><![CDATA[
            
            ]]></system-err>
        
    </testcase>
    
    <testcase classname="samtools_reheader (Test #1)" name="0" time="40.54617762565613">
        
            
            <system-out><![CDATA[
            
            ]]></system-out>
            <system-err><![CDATA[
            
            ]]></system-err>
        
    </testcase>
    
    <testcase classname="samtools_reheader (Test #2)" name="1" time="13.609696865081787">
        
            <error type="error" message="Input staging problem: Traceback (most recent call last):
  File "/opt/hostedtoolcache/Python/3.12.12/x64/lib/python3.12/site-packages/galaxy/tool_util/verify/interactor.py", line 1436, in verify_tool
    stage_data_in_history(
  File "/opt/hostedtoolcache/Python/3.12.12/x64/lib/python3.12/site-packages/galaxy/tool_util/verify/interactor.py", line 175, in stage_data_in_history
    staging_interface.handle_jobs()
  File "/opt/hostedtoolcache/Python/3.12.12/x64/lib/python3.12/site-packages/galaxy/tool_util/verify/interactor.py", line 212, in handle_jobs
    self.galaxy_interactor.wait_for_job(job_response["id"], job_response["history_id"], self.maxseconds)
  File "/opt/hostedtoolcache/Python/3.12.12/x64/lib/python3.12/site-packages/galaxy/tool_util/verify/interactor.py", line 399, in wait_for_job
    self.wait_for(lambda: self.__job_ready(job_id, history_id), maxseconds=maxseconds)
  File "/opt/hostedtoolcache/Python/3.12.12/x64/lib/python3.12/site-packages/galaxy/tool_util/verify/interactor.py", line 403, in wait_for
    wait_on(func, what, walltime_exceeded)
  File "/opt/hostedtoolcache/Python/3.12.12/x64/lib/python3.12/site-packages/galaxy/tool_util/verify/wait.py", line 38, in wait_on
    value = function()
            ^^^^^^^^^^
  File "/opt/hostedtoolcache/Python/3.12.12/x64/lib/python3.12/site-packages/galaxy/tool_util/verify/interactor.py", line 399, in <lambda>
    self.wait_for(lambda: self.__job_ready(job_id, history_id), maxseconds=maxseconds)
                          ^^^^^^^^^^^^^^^^^^^^^^^^^^^^^^^^^^^^
  File "/opt/hostedtoolcache/Python/3.12.12/x64/lib/python3.12/site-packages/galaxy/tool_util/verify/interactor.py", line 749, in __job_ready
    return self._state_ready(job_id, error_msg="Job in error state.")
           ^^^^^^^^^^^^^^^^^^^^^^^^^^^^^^^^^^^^^^^^^^^^^^^^^^^^^^^^^^
  File "/opt/hostedtoolcache/Python/3.12.12/x64/lib/python3.12/site-packages/galaxy/tool_util/verify/interactor.py", line 841, in _state_ready
    raise Exception(
Exception: Job in error state.. tool_id: __DATA_FETCH__, exit_code: None, stderr: .
"><![CDATA[
                { "execution_problem": "Input staging problem: Traceback (most recent call last):\n  File \"/opt/hostedtoolcache/Python/3.12.12/x64/lib/python3.12/site-packages/galaxy/tool_util/verify/interactor.py\", line 1436, in verify_tool\n    stage_data_in_history(\n  File \"/opt/hostedtoolcache/Python/3.12.12/x64/lib/python3.12/site-packages/galaxy/tool_util/verify/interactor.py\", line 175, in stage_data_in_history\n    staging_interface.handle_jobs()\n  File \"/opt/hostedtoolcache/Python/3.12.12/x64/lib/python3.12/site-packages/galaxy/tool_util/verify/interactor.py\", line 212, in handle_jobs\n    self.galaxy_interactor.wait_for_job(job_response[\"id\"], job_response[\"history_id\"], self.maxseconds)\n  File \"/opt/hostedtoolcache/Python/3.12.12/x64/lib/python3.12/site-packages/galaxy/tool_util/verify/interactor.py\", line 399, in wait_for_job\n    self.wait_for(lambda: self.__job_ready(job_id, history_id), maxseconds=maxseconds)\n  File \"/opt/hostedtoolcache/Python/3.12.12/x64/lib/python3.12/site-packages/galaxy/tool_util/verify/interactor.py\", line 403, in wait_for\n    wait_on(func, what, walltime_exceeded)\n  File \"/opt/hostedtoolcache/Python/3.12.12/x64/lib/python3.12/site-packages/galaxy/tool_util/verify/wait.py\", line 38, in wait_on\n    value = function()\n            ^^^^^^^^^^\n  File \"/opt/hostedtoolcache/Python/3.12.12/x64/lib/python3.12/site-packages/galaxy/tool_util/verify/interactor.py\", line 399, in \u003clambda\u003e\n    self.wait_for(lambda: self.__job_ready(job_id, history_id), maxseconds=maxseconds)\n                          ^^^^^^^^^^^^^^^^^^^^^^^^^^^^^^^^^^^^\n  File \"/opt/hostedtoolcache/Python/3.12.12/x64/lib/python3.12/site-packages/galaxy/tool_util/verify/interactor.py\", line 749, in __job_ready\n    return self._state_ready(job_id, error_msg=\"Job in error state.\")\n           ^^^^^^^^^^^^^^^^^^^^^^^^^^^^^^^^^^^^^^^^^^^^^^^^^^^^^^^^^^\n  File \"/opt/hostedtoolcache/Python/3.12.12/x64/lib/python3.12/site-packages/galaxy/tool_util/verify/interactor.py\", line 841, in _state_ready\n    raise Exception(\nException: Job in error state.. tool_id: __DATA_FETCH__, exit_code: None, stderr: .\n", "status": "error", "test_index": 1, "time_seconds": 13.609696865081787, "tool_id": "samtools_reheader", "tool_version": "2.0.5"}
            ]]></error>
        
    </testcase>
    
    <testcase classname="vcftools_slice (Test #1)" name="0" time="43.12807750701904">
        
            
                <error type="error" message="Tool exit code: 0"><![CDATA[
                    { "inputs": {  "input": {   "id": "8d4d4b9979aeb4aa",   "src": "hda"  },  "regions": {   "id": "ee0d9d3657d1a8e1",   "src": "hda"  } }, "job": {  "command_line": "vcf-sort /galaxy/server/database/objects/4/b/0/dataset_4b0b3034-e324-4bef-9358-83437b2e0af5.dat \u003e sorted.vcf  ; echo \u0027#dummy header\u0027 | cat - /galaxy/server/database/objects/0/9/0/dataset_0903d8db-6b5f-41d1-8915-7ef2135fd4e0.dat \u003e regions.bed  ; vcftools --vcf sorted.vcf --out output --bed regions.bed --recode",  "command_version": "",  "copied_from_job_id": null,  "create_time": "2025-11-17T13:37:30.013394",  "dependencies": [],  "exit_code": 0,  "external_id": "gxy-jq5fd",  "galaxy_version": "24.1",  "handler": null,  "history_id": "f63817bc2dabd044",  "id": "a795079b37d4c058",  "inputs": {   "input": {    "id": "8d4d4b9979aeb4aa",    "src": "hda",    "uuid": "4b0b3034-e324-4bef-9358-83437b2e0af5"   },   "regions": {    "id": "ee0d9d3657d1a8e1",    "src": "hda",    "uuid": "0903d8db-6b5f-41d1-8915-7ef2135fd4e0"   }  },  "job_messages": [],  "job_metrics": [   {    "name": "runtime_seconds",    "plugin": "core",    "raw_value": "0E-7",    "title": "Job Runtime (Wall Clock)",    "value": "0 seconds"   },   {    "name": "end_epoch",    "plugin": "core",    "raw_value": "1763386656.0000000",    "title": "Job End Time",    "value": "2025-11-17 13:37:36"   },   {    "name": "start_epoch",    "plugin": "core",    "raw_value": "1763386656.0000000",    "title": "Job Start Time",    "value": "2025-11-17 13:37:36"   },   {    "name": "galaxy_memory_mb",    "plugin": "core",    "raw_value": "4080.0000000",    "title": "Memory Allocated (MB)",    "value": "4080"   },   {    "name": "galaxy_slots",    "plugin": "core",    "raw_value": "1.0000000",    "title": "Cores Allocated",    "value": "1"   }  ],  "job_runner_name": null,  "job_stderr": "",  "job_stdout": "",  "model_class": "Job",  "output_collections": {},  "outputs": {   "output": {    "id": "56ba5ac94f1551d7",    "src": "hda",    "uuid": "60b44c8c-316f-4def-a87a-4de144b5e7d4"   }  },  "params": {   "__input_ext": "\"vcf\"",   "chromInfo": "\"/cvmfs/data.galaxyproject.org/managed/len/ucsc/?.len\"",   "dbkey": "\"?\""  },  "state": "error",  "stderr": "/galaxy/server/database/jobs_directory/000/130/tool_script.sh: line 22: vcf-sort: command not found\n",  "stdout": "\nVCFtools - v0.1.11\n(C) Adam Auton 2009\n\nParameters as interpreted:\n\t--vcf sorted.vcf\n\t--out output\n\t--recode\n\t--bed regions.bed\n\nIndex file is older than variant file. Will regenerate.\nBuilding new index file.\nError:No header or meta information. Invalid file: sorted.vcf\n",  "tool_id": "toolshed.g2.bx.psu.edu/repos/devteam/vcftools_slice/vcftools_slice/0.1",  "tool_stderr": "/galaxy/server/database/jobs_directory/000/130/tool_script.sh: line 22: vcf-sort: command not found\n",  "tool_stdout": "\nVCFtools - v0.1.11\n(C) Adam Auton 2009\n\nParameters as interpreted:\n\t--vcf sorted.vcf\n\t--out output\n\t--recode\n\t--bed regions.bed\n\nIndex file is older than variant file. Will regenerate.\nBuilding new index file.\nError:No header or meta information. Invalid file: sorted.vcf\n",  "update_time": "2025-11-17T13:37:49.678101",  "user_email": "tests@fake.org" }, "output_problems": [  "Job in error state.. tool_id: toolshed.g2.bx.psu.edu/repos/devteam/vcftools_slice/vcftools_slice/0.1, exit_code: 0, stderr: /galaxy/server/database/jobs_directory/000/130/tool_script.sh: line 22: vcf-sort: command not found\n.",  "Job in error state.. tool_id: toolshed.g2.bx.psu.edu/repos/devteam/vcftools_slice/vcftools_slice/0.1, exit_code: 0, stderr: /galaxy/server/database/jobs_directory/000/130/tool_script.sh: line 22: vcf-sort: command not found\n." ], "status": "failure", "test_index": 0, "time_seconds": 43.12807750701904, "tool_id": "vcftools_slice", "tool_version": "0.1"}
                ]]></error>
            
            <system-out><![CDATA[
            VCFtools - v0.1.11(C) Adam Auton 2009Parameters as interpreted:--vcf sorted.vcf--out output--recode--bed regions.bedIndex file is older than variant file. Will regenerate.Building new index file.Error:No header or meta information. Invalid file: sorted.vcf
            ]]></system-out>
            <system-err><![CDATA[
            /galaxy/server/database/jobs_directory/000/130/tool_script.sh: line 22: vcf-sort: command not found
            ]]></system-err>
        
    </testcase>
    
</testsuite>